<?xml version="1.0" encoding="UTF-8" ?>
<testsuite errors="0" failures="0" hostname="Nicks-MacBook-Pro.local" name="net.sf.freecol.AllTests" skipped="0" tests="430" time="24.553" timestamp="2018-05-10T14:09:42">
  <properties>
    <property name="env.rvm_wrapper_name" value="" />
    <property name="file.encoding.pkg" value="sun.io" />
    <property name="env.ZSH" value="/Users/anthonyvisalli/.oh-my-zsh" />
    <property name="env.rvm_bin_path" value="/Users/anthonyvisalli/.rvm/bin" />
    <property name="java.home" value="/Library/Java/JavaVirtualMachines/jdk1.8.0_131.jdk/Contents/Home/jre" />
    <property name="env.rvm_script_name" value="" />
    <property name="env.rvm_only_path_flag" value="" />
    <property name="java.awt.headless" value="true" />
    <property name="java.endorsed.dirs" value="/Library/Java/JavaVirtualMachines/jdk1.8.0_131.jdk/Contents/Home/jre/lib/endorsed" />
    <property name="env.LOGNAME" value="anthonyvisalli" />
    <property name="freecol.packaging.dir" value="/Users/anthonyvisalli/Documents/COSC_HWs/Software Testing/FreeCol/packaging" />
    <property name="env._system_version" value="10.12" />
    <property name="sun.os.patch.level" value="unknown" />
    <property name="test" value="AllTests" />
    <property name="java.vendor.url" value="http://java.oracle.com/" />
    <property name="env.TERM_PROGRAM_VERSION" value="3.1.6" />
    <property name="java.version" value="1.8.0_131" />
    <property name="env.rvm_docs_type" value="" />
    <property name="env._system_type" value="Darwin" />
    <property name="env.rvm_ruby_make" value="" />
    <property name="java.vendor.url.bug" value="http://bugreport.sun.com/bugreport/" />
    <property name="env.GEM_HOME" value="/Users/anthonyvisalli/.rvm/gems/ruby-2.4.1" />
    <property name="env.rvm_nightly_flag" value="" />
    <property name="ant.project.invoked-targets" value="testall" />
    <property name="env.RUBY_VERSION" value="ruby-2.4.1" />
    <property name="user.name" value="anthonyvisalli" />
    <property name="env.LANG" value="en_US.UTF-8" />
    <property name="env.rvm_gemstone_url" value="" />
    <property name="sun.io.unicode.encoding" value="UnicodeBig" />
    <property name="env.rvm_quiet_flag" value="" />
    <property name="sun.jnu.encoding" value="UTF-8" />
    <property name="java.runtime.name" value="Java(TM) SE Runtime Environment" />
    <property name="env.rvm_silent_flag" value="" />
    <property name="java.specification.name" value="Java Platform API Specification" />
    <property name="ftp.nonProxyHosts" value="local|*.local|169.254/16|*.169.254/16" />
    <property name="user.timezone" value="" />
    <property name="path.separator" value=":" />
    <property name="file.encoding" value="UTF-8" />
    <property name="ant.project.default-target" value="package" />
    <property name="env.rvm_gemstone_package_file" value="" />
    <property name="env.HOME" value="/Users/anthonyvisalli" />
    <property name="sun.java.command" value="org.apache.tools.ant.taskdefs.optional.junit.JUnitTestRunner net.sf.freecol.AllTests skipNonTests=false filtertrace=true haltOnError=false haltOnFailure=false formatter=org.apache.tools.ant.taskdefs.optional.junit.SummaryJUnitResultFormatter showoutput=false outputtoformatters=true logfailedtests=true threadid=0 logtestlistenerevents=false formatter=org.apache.tools.ant.taskdefs.optional.junit.XMLJUnitResultFormatter,/Users/anthonyvisalli/Documents/COSC_HWs/Software Testing/FreeCol/build/report/xml/TEST-net.sf.freecol.AllTests.xml crashfile=/Users/anthonyvisalli/Documents/COSC_HWs/Software Testing/FreeCol/junitvmwatcher2370529681971976820.properties propsfile=/Users/anthonyvisalli/Documents/COSC_HWs/Software Testing/FreeCol/junit5993324847709060892.properties" />
    <property name="env.TERM_SESSION_ID" value="w0t0p0:B455FF15-6744-4539-9DED-71F60E55354E" />
    <property name="socksNonProxyHosts" value="local|*.local|169.254/16|*.169.254/16" />
    <property name="env.rvm_proxy" value="" />
    <property name="ant.file" value="/Users/anthonyvisalli/Documents/COSC_HWs/Software Testing/FreeCol/build.xml" />
    <property name="env._system_name" value="OSX" />
    <property name="isOsUnixLike" value="true" />
    <property name="env.JAVA_MAIN_CLASS_52028" value="org.apache.tools.ant.launch.Launcher" />
    <property name="ant.file.FreeCol" value="/Users/anthonyvisalli/Documents/COSC_HWs/Software Testing/FreeCol/build.xml" />
    <property name="java.io.tmpdir" value="/var/folders/xw/t1r2mfn534923d7m2pzbsd8w0000gn/T/" />
    <property name="freecol.overview.file" value="/Users/anthonyvisalli/Documents/COSC_HWs/Software Testing/FreeCol/src/overview.html" />
    <property name="TODAY" value="May 10 2018" />
    <property name="user.language" value="en" />
    <property name="line.separator" value="&#xa;" />
    <property name="ant.file.type" value="file" />
    <property name="ant.file.type.FreeCol" value="file" />
    <property name="java.target.version" value="1.8" />
    <property name="java.vm.info" value="mixed mode" />
    <property name="java.vm.specification.name" value="Java Virtual Machine Specification" />
    <property name="freecol.release.dir" value="/Users/anthonyvisalli/Documents/COSC_HWs/Software Testing/FreeCol/dist" />
    <property name="env.__CF_USER_TEXT_ENCODING" value="0x1F5:0x0:0x0" />
    <property name="env.COLORTERM" value="truecolor" />
    <property name="env.ITERM_PROFILE" value="Default" />
    <property name="http.nonProxyHosts" value="local|*.local|169.254/16|*.169.254/16" />
    <property name="freecol.data.dir" value="/Users/anthonyvisalli/Documents/COSC_HWs/Software Testing/FreeCol/data" />
    <property name="env.rvm_path" value="/Users/anthonyvisalli/.rvm" />
    <property name="env.GEM_PATH" value="/Users/anthonyvisalli/.rvm/gems/ruby-2.4.1:/Users/anthonyvisalli/.rvm/gems/ruby-2.4.1@global" />
    <property name="env.LC_CTYPE" value="en_US.UTF-8" />
    <property name="java.awt.printerjob" value="sun.lwawt.macosx.CPrinterJob" />
    <property name="freecol.jar.file" value="/Users/anthonyvisalli/Documents/COSC_HWs/Software Testing/FreeCol/FreeCol.jar" />
    <property name="ant.version" value="Apache Ant(TM) version 1.10.3 compiled on March 24 2018" />
    <property name="env.rvm_ruby_file" value="" />
    <property name="env.rvm_ruby_make_install" value="" />
    <property name="env.XPC_FLAGS" value="0x0" />
    <property name="freecol.metaserver.jar.file" value="/Users/anthonyvisalli/Documents/COSC_HWs/Software Testing/FreeCol/FreeCol-metaserver.jar" />
    <property name="gopherProxySet" value="false" />
    <property name="miglayout-swing.jar" value="jars/miglayout-swing-4.2.jar" />
    <property name="os.name" value="Mac OS X" />
    <property name="java.specification.vendor" value="Oracle Corporation" />
    <property name="env.rvm_version" value="1.29.3 (latest)" />
    <property name="env.TERM" value="xterm-256color" />
    <property name="java.vm.name" value="Java HotSpot(TM) 64-Bit Server VM" />
    <property name="freecol.doc.dir" value="/Users/anthonyvisalli/Documents/COSC_HWs/Software Testing/FreeCol/doc" />
    <property name="java.library.path" value="/Users/anthonyvisalli/Library/Java/Extensions:/Library/Java/Extensions:/Network/Library/Java/Extensions:/System/Library/Java/Extensions:/usr/lib/java:." />
    <property name="env.rvm_prefix" value="/Users/anthonyvisalli" />
    <property name="env.PATH" value="/Users/anthonyvisalli/.rvm/gems/ruby-2.4.1/bin:/Users/anthonyvisalli/.rvm/gems/ruby-2.4.1@global/bin:/Users/anthonyvisalli/.rvm/rubies/ruby-2.4.1/bin:/usr/local/bin:/usr/bin:/bin:/usr/sbin:/sbin:/usr/local/share/dotnet:/Library/Frameworks/Mono.framework/Versions/Current/Commands:/Applications/Wireshark.app/Contents/MacOS:/Users/anthonyvisalli/.rvm/bin" />
    <property name="ant.java.version" value="1.8" />
    <property name="basedir" value="/Users/anthonyvisalli/Documents/COSC_HWs/Software Testing/FreeCol" />
    <property name="java.class.version" value="52.0" />
    <property name="env.SHLVL" value="2" />
    <property name="ant.home" value="/usr/local/Cellar/ant/1.10.3/libexec" />
    <property name="env.rvm_ruby_mode" value="" />
    <property name="freecol.build.dir" value="/Users/anthonyvisalli/Documents/COSC_HWs/Software Testing/FreeCol/build" />
    <property name="env.rvm_pretty_print_flag" value="" />
    <property name="env._system_arch" value="x86_64" />
    <property name="sun.boot.library.path" value="/Library/Java/JavaVirtualMachines/jdk1.8.0_131.jdk/Contents/Home/jre/lib" />
    <property name="isOsMac" value="true" />
    <property name="sun.management.compiler" value="HotSpot 64-Bit Tiered Compilers" />
    <property name="java.awt.graphicsenv" value="sun.awt.CGraphicsEnvironment" />
    <property name="env.COLORFGBG" value="7;0" />
    <property name="env.rvm_niceness" value="" />
    <property name="env.USER" value="anthonyvisalli" />
    <property name="env.TERM_PROGRAM" value="iTerm.app" />
    <property name="env.LSCOLORS" value="Gxfxcxdxbxegedabagacad" />
    <property name="ant.project.name" value="FreeCol" />
    <property name="env.LESS" value="-R" />
    <property name="java.vm.specification.version" value="1.8" />
    <property name="freecol.name" value="freecol" />
    <property name="awt.toolkit" value="sun.lwawt.macosx.LWCToolkit" />
    <property name="env.MY_RUBY_HOME" value="/Users/anthonyvisalli/.rvm/rubies/ruby-2.4.1" />
    <property name="sun.cpu.isalist" value="" />
    <property name="java.ext.dirs" value="/Users/anthonyvisalli/Library/Java/Extensions:/Library/Java/JavaVirtualMachines/jdk1.8.0_131.jdk/Contents/Home/jre/lib/ext:/Library/Java/Extensions:/Network/Library/Java/Extensions:/System/Library/Java/Extensions:/usr/lib/java" />
    <property name="os.version" value="10.12.6" />
    <property name="env.rvm_sdk" value="" />
    <property name="user.home" value="/Users/anthonyvisalli" />
    <property name="java.vm.vendor" value="Oracle Corporation" />
    <property name="miglayout-core.jar" value="jars/miglayout-core-4.2.jar" />
    <property name="freecol.rules.dir" value="/Users/anthonyvisalli/Documents/COSC_HWs/Software Testing/FreeCol/data/rules" />
    <property name="env.XPC_SERVICE_NAME" value="0" />
    <property name="user.dir" value="/Users/anthonyvisalli/Documents/COSC_HWs/Software Testing/FreeCol" />
    <property name="env.PWD" value="/Users/anthonyvisalli/Documents/COSC_HWs/Software Testing/FreeCol" />
    <property name="env.rvm_bin_flag" value="" />
    <property name="sun.cpu.endian" value="little" />
    <property name="env.PAGER" value="less" />
    <property name="env.TMPDIR" value="/var/folders/xw/t1r2mfn534923d7m2pzbsd8w0000gn/T/" />
    <property name="cli.jar" value="jars/commons-cli-1.1.jar" />
    <property name="java.vm.version" value="25.131-b11" />
    <property name="java.class.path" value="/Users/anthonyvisalli/Documents/COSC_HWs/Software Testing/FreeCol/build:/Users/anthonyvisalli/Documents/COSC_HWs/Software Testing/FreeCol/test/lib/junit.jar:/Users/anthonyvisalli/Documents/COSC_HWs/Software Testing/FreeCol/jars/miglayout-swing-4.2.jar:/Users/anthonyvisalli/Documents/COSC_HWs/Software Testing/FreeCol/jars/miglayout-core-4.2.jar:/Users/anthonyvisalli/Documents/COSC_HWs/Software Testing/FreeCol/jars/commons-cli-1.1.jar:/Users/anthonyvisalli/Documents/COSC_HWs/Software Testing/FreeCol/jars/cortado-0.6.0.jar:/Users/anthonyvisalli/Documents/COSC_HWs/Software Testing/FreeCol/jars/jogg-0.0.17.jar:/Users/anthonyvisalli/Documents/COSC_HWs/Software Testing/FreeCol/jars/jorbis-0.0.17.jar:/usr/local/Cellar/ant/1.10.3/libexec/lib/ant-launcher.jar:/usr/local/Cellar/ant/1.10.3/libexec/lib/ant.jar:/usr/local/Cellar/ant/1.10.3/libexec/lib/ant-junit.jar:/usr/local/Cellar/ant/1.10.3/libexec/lib/ant-junit4.jar" />
    <property name="DSTAMP" value="20180510" />
    <property name="ant.library.dir" value="/usr/local/Cellar/ant/1.10.3/libexec/lib" />
    <property name="os.arch" value="x86_64" />
    <property name="env.Apple_PubSub_Socket_Render" value="/private/tmp/com.apple.launchd.j94dX7Yp82/Render" />
    <property name="cortado.jar" value="jars/cortado-0.6.0.jar" />
    <property name="sun.java.launcher" value="SUN_STANDARD" />
    <property name="ant.core.lib" value="/usr/local/Cellar/ant/1.10.3/libexec/lib/ant.jar" />
    <property name="java.vm.specification.vendor" value="Oracle Corporation" />
    <property name="TSTAMP" value="1009" />
    <property name="file.separator" value="/" />
    <property name="java.runtime.version" value="1.8.0_131-b11" />
    <property name="env.SSH_AUTH_SOCK" value="/private/tmp/com.apple.launchd.d3rq6SD7kG/Listeners" />
    <property name="sun.boot.class.path" value="/Library/Java/JavaVirtualMachines/jdk1.8.0_131.jdk/Contents/Home/jre/lib/resources.jar:/Library/Java/JavaVirtualMachines/jdk1.8.0_131.jdk/Contents/Home/jre/lib/rt.jar:/Library/Java/JavaVirtualMachines/jdk1.8.0_131.jdk/Contents/Home/jre/lib/sunrsasign.jar:/Library/Java/JavaVirtualMachines/jdk1.8.0_131.jdk/Contents/Home/jre/lib/jsse.jar:/Library/Java/JavaVirtualMachines/jdk1.8.0_131.jdk/Contents/Home/jre/lib/jce.jar:/Library/Java/JavaVirtualMachines/jdk1.8.0_131.jdk/Contents/Home/jre/lib/charsets.jar:/Library/Java/JavaVirtualMachines/jdk1.8.0_131.jdk/Contents/Home/jre/lib/jfr.jar:/Library/Java/JavaVirtualMachines/jdk1.8.0_131.jdk/Contents/Home/jre/classes" />
    <property name="env.rvm_alias_expanded" value="" />
    <property name="env.rvm_ruby_bits" value="" />
    <property name="env.rvm_use_flag" value="" />
    <property name="user.country" value="US" />
    <property name="env.SHELL" value="/bin/zsh" />
    <property name="freecol.javadoc.dir" value="/Users/anthonyvisalli/Documents/COSC_HWs/Software Testing/FreeCol/doc/javadoc" />
    <property name="env.rvm_hook" value="" />
    <property name="java.vendor" value="Oracle Corporation" />
    <property name="freecol.src.dir" value="/Users/anthonyvisalli/Documents/COSC_HWs/Software Testing/FreeCol/src" />
    <property name="java.specification.version" value="1.8" />
    <property name="env.IRBRC" value="/Users/anthonyvisalli/.rvm/rubies/ruby-2.4.1/.irbrc" />
    <property name="sun.arch.data.model" value="64" />
    <property name="env.ITERM_SESSION_ID" value="w0t0p0:B455FF15-6744-4539-9DED-71F60E55354E" />
  </properties>
  <testcase classname="net.sf.freecol.common.i18n.CLDRTest" name="testRuleParsing" time="0.057" />
  <testcase classname="net.sf.freecol.common.i18n.CLDRTest" name="testPlurals" time="0.003" />
  <testcase classname="net.sf.freecol.common.i18n.MessagesTest" name="testReplaceArbitraryTag" time="0.027" />
  <testcase classname="net.sf.freecol.common.i18n.MessagesTest" name="testReplaceNumber" time="0.018" />
  <testcase classname="net.sf.freecol.common.i18n.MessagesTest" name="testReplaceChoicesGrammar" time="0.013" />
  <testcase classname="net.sf.freecol.common.i18n.MessagesTest" name="testMessageWithSpecialChars" time="0.015" />
  <testcase classname="net.sf.freecol.common.i18n.MessagesTest" name="testReplaceGarbage" time="0.015" />
  <testcase classname="net.sf.freecol.common.i18n.MessagesTest" name="testAbstractUnitDescription" time="0.007" />
  <testcase classname="net.sf.freecol.common.i18n.MessagesTest" name="testChangeLocaleSettings" time="0.042" />
  <testcase classname="net.sf.freecol.common.i18n.MessagesTest" name="testMessageString" time="0.017" />
  <testcase classname="net.sf.freecol.common.i18n.MessagesTest" name="testNestedChoices" time="0.007" />
  <testcase classname="net.sf.freecol.common.i18n.MessagesTest" name="testStringTemplates" time="0.132" />
  <testcase classname="net.sf.freecol.common.i18n.MessagesTest" name="testReplaceChoicesPlural" time="0.006" />
  <testcase classname="net.sf.freecol.common.i18n.MessagesTest" name="testUnitDescription" time="0.012" />
  <testcase classname="net.sf.freecol.common.i18n.MessagesTest" name="testREFMessages" time="0.013" />
  <testcase classname="net.sf.freecol.common.io.ModTest" name="testGetRuleSets" time="0.003" />
  <testcase classname="net.sf.freecol.common.io.ModTest" name="testGetAllMods" time="0.012" />
  <testcase classname="net.sf.freecol.common.option.OptionTest" name="testGameOptions" time="0.002" />
  <testcase classname="net.sf.freecol.common.option.OptionTest" name="testUnitListOption" time="0.0" />
  <testcase classname="net.sf.freecol.common.option.OptionTest" name="testInheritsEditable" time="0.0" />
  <testcase classname="net.sf.freecol.common.option.OptionTest" name="testCloneIntegerOption" time="0.001" />
  <testcase classname="net.sf.freecol.common.model.SpecificationTest" name="testExtendsDelete" time="0.06" />
  <testcase classname="net.sf.freecol.common.model.SpecificationTest" name="testLoadMods" time="0.025" />
  <testcase classname="net.sf.freecol.common.model.SpecificationTest" name="testExtends" time="0.047" />
  <testcase classname="net.sf.freecol.common.model.SpecificationTest" name="testModifiers" time="0.0" />
  <testcase classname="net.sf.freecol.common.model.SpecificationTest" name="testLoad" time="0.02" />
  <testcase classname="net.sf.freecol.common.model.SpecificationTest" name="testNationTypes" time="0.0" />
  <testcase classname="net.sf.freecol.common.model.SpecificationTest" name="testGetDefaultUnitType" time="0.002" />
  <testcase classname="net.sf.freecol.common.model.SpecificationTest" name="testGoodsTypes" time="0.0" />
  <testcase classname="net.sf.freecol.common.model.SpecificationTest" name="testFoundingFathers" time="0.0" />
  <testcase classname="net.sf.freecol.common.model.SpecificationTest" name="testRequiredAbilitiesForRoles" time="0.0" />
  <testcase classname="net.sf.freecol.common.model.SpecificationTest" name="testNations" time="0.001" />
  <testcase classname="net.sf.freecol.common.model.SpecificationTest" name="testUnitAbilities" time="0.0" />
  <testcase classname="net.sf.freecol.common.model.BaseCostDeciderTest" name="testNavalUnitMoveToTileWithSettlement" time="0.039" />
  <testcase classname="net.sf.freecol.common.model.BaseCostDeciderTest" name="testInvalidMoveThroughTileWithSettlement" time="0.005" />
  <testcase classname="net.sf.freecol.common.model.BaseCostDeciderTest" name="testGetRemainingMovesAndNewTurn" time="0.003" />
  <testcase classname="net.sf.freecol.common.model.BaseCostDeciderTest" name="testGetCostLandLand" time="0.007" />
  <testcase classname="net.sf.freecol.common.model.BaseCostDeciderTest" name="testInvalidMoveOfLandUnitToAnOceanTile" time="0.004" />
  <testcase classname="net.sf.freecol.common.model.BaseCostDeciderTest" name="testInvalidMoveOfNavalUnitToALandTile" time="0.004" />
  <testcase classname="net.sf.freecol.common.model.BuildingTest" name="testStockade" time="0.013" />
  <testcase classname="net.sf.freecol.common.model.BuildingTest" name="testCottonClothProduction" time="0.015" />
  <testcase classname="net.sf.freecol.common.model.BuildingTest" name="testPasture" time="0.013" />
  <testcase classname="net.sf.freecol.common.model.BuildingTest" name="testCanBuildNext" time="0.007" />
  <testcase classname="net.sf.freecol.common.model.BuildingTest" name="testFortRequiresMinimumPopulation" time="0.01" />
  <testcase classname="net.sf.freecol.common.model.BuildingTest" name="testUnitProduction" time="0.02" />
  <testcase classname="net.sf.freecol.common.model.BuildingTest" name="testPrintingPressBonus" time="0.013" />
  <testcase classname="net.sf.freecol.common.model.BuildingTest" name="testCanAddToBuilding" time="0.021" />
  <testcase classname="net.sf.freecol.common.model.BuildingTest" name="testToolsMusketProduction" time="0.025" />
  <testcase classname="net.sf.freecol.common.model.BuildingTest" name="testFortressRequiresMinimumPopulation" time="0.017" />
  <testcase classname="net.sf.freecol.common.model.BuildingTest" name="testSerialize" time="0.031" />
  <testcase classname="net.sf.freecol.common.model.BuildingTest" name="testTownhallProduction" time="0.013" />
  <testcase classname="net.sf.freecol.common.model.BuildingTest" name="testChurch" time="0.015" />
  <testcase classname="net.sf.freecol.common.model.BuildingTest" name="testInitialColony" time="0.004" />
  <testcase classname="net.sf.freecol.common.model.BuildingTest" name="testStockadeRequiresMinimumPopulation" time="0.004" />
  <testcase classname="net.sf.freecol.common.model.BuildingTest" name="testNewspaperBonus" time="0.009" />
  <testcase classname="net.sf.freecol.common.model.BuildingTest" name="testCanAddToSchool" time="0.01" />
  <testcase classname="net.sf.freecol.common.model.ColonyTest" name="testCopyColony" time="0.023" />
  <testcase classname="net.sf.freecol.common.model.ColonyTest" name="testFoundColony" time="0.01" />
  <testcase classname="net.sf.freecol.common.model.ColonyTest" name="testTeaParty" time="0.01" />
  <testcase classname="net.sf.freecol.common.model.ColonyTest" name="testAddUnitToColony" time="0.018" />
  <testcase classname="net.sf.freecol.common.model.ColonyTest" name="testCurrentlyBuilding" time="0.004" />
  <testcase classname="net.sf.freecol.common.model.ColonyTest" name="testBuildQueueDoesNotAcceptBuildingDoubles" time="0.004" />
  <testcase classname="net.sf.freecol.common.model.ColonyTest" name="testBuildQueueAcceptsUnitDoubles" time="0.004" />
  <testcase classname="net.sf.freecol.common.model.ColonyTest" name="testUpkeep" time="0.005" />
  <testcase classname="net.sf.freecol.common.model.ColonyTest" name="testUnderSiege" time="0.006" />
  <testcase classname="net.sf.freecol.common.model.ColonyTest" name="testOccupationWithFood" time="0.006" />
  <testcase classname="net.sf.freecol.common.model.ColonyProductionTest" name="testNoHorsesOverProduction" time="0.003" />
  <testcase classname="net.sf.freecol.common.model.ColonyProductionTest" name="testBellNetProduction" time="0.005" />
  <testcase classname="net.sf.freecol.common.model.ColonyProductionTest" name="testProductionMap" time="0.0" />
  <testcase classname="net.sf.freecol.common.model.ColonyProductionTest" name="testProductionSoldier" time="0.004" />
  <testcase classname="net.sf.freecol.common.model.ColonyProductionTest" name="testConsumers" time="0.004" />
  <testcase classname="net.sf.freecol.common.model.ColonyProductionTest" name="testProductionPioneer" time="0.004" />
  <testcase classname="net.sf.freecol.common.model.ColonyProductionTest" name="testProduction" time="0.003" />
  <testcase classname="net.sf.freecol.common.model.ColonyProductionTest" name="testGetPotentialProduction" time="0.003" />
  <testcase classname="net.sf.freecol.common.model.CombatTest" name="testCaptureConvert" time="0.417" />
  <testcase classname="net.sf.freecol.common.model.CombatTest" name="testGalleonAttackedByPrivateer" time="0.002" />
  <testcase classname="net.sf.freecol.common.model.CombatTest" name="testDefendColonyWithUnarmedColonist" time="0.005" />
  <testcase classname="net.sf.freecol.common.model.CombatTest" name="testRegulars" time="0.145" />
  <testcase classname="net.sf.freecol.common.model.CombatTest" name="testSpanishAgainstNatives" time="0.002" />
  <testcase classname="net.sf.freecol.common.model.CombatTest" name="testColonistAttackedByVeteran" time="0.002" />
  <testcase classname="net.sf.freecol.common.model.CombatTest" name="testAttackIgnoresMovementPoints" time="0.002" />
  <testcase classname="net.sf.freecol.common.model.CombatTest" name="testAttackShipWithLandUnit" time="0.002" />
  <testcase classname="net.sf.freecol.common.model.CombatTest" name="testDefendColonyWithRevere" time="0.004" />
  <testcase classname="net.sf.freecol.common.model.CombatTest" name="testDefendSettlement" time="0.003" />
  <testcase classname="net.sf.freecol.common.model.DisasterTest" name="testDisastersPresent" time="0.0" />
  <testcase classname="net.sf.freecol.common.model.EuropeTest" name="testMissionary" time="0.001" />
  <testcase classname="net.sf.freecol.common.model.FoundingFatherTest" name="testAddAllFathers" time="0.006" />
  <testcase classname="net.sf.freecol.common.model.FoundingFatherTest" name="testAvailableTo" time="0.003" />
  <testcase classname="net.sf.freecol.common.model.FoundingFatherTest" name="testFeatures" time="0.002" />
  <testcase classname="net.sf.freecol.common.model.FoundingFatherTest" name="testBellsRequired" time="0.001" />
  <testcase classname="net.sf.freecol.common.model.GameTest" name="testGame" time="0.001" />
  <testcase classname="net.sf.freecol.common.model.GameTest" name="testTurn" time="0.0" />
  <testcase classname="net.sf.freecol.common.model.GameTest" name="testAddPlayer" time="0.001" />
  <testcase classname="net.sf.freecol.common.model.GoodsTest" name="testGetTakeSpace" time="0.002" />
  <testcase classname="net.sf.freecol.common.model.GoodsTest" name="testGetInputType" time="0.0" />
  <testcase classname="net.sf.freecol.common.model.GoodsTest" name="testSetGetAmount" time="0.002" />
  <testcase classname="net.sf.freecol.common.model.GoodsTest" name="testGoodsGameLocationIntInt" time="0.002" />
  <testcase classname="net.sf.freecol.common.model.GoodsTest" name="testToString" time="0.012" />
  <testcase classname="net.sf.freecol.common.model.GoodsTest" name="testBuildingMaterials" time="0.0" />
  <testcase classname="net.sf.freecol.common.model.GoodsTest" name="testIsFarmedGoods" time="0.0" />
  <testcase classname="net.sf.freecol.common.model.GoodsTest" name="testGetName" time="0.001" />
  <testcase classname="net.sf.freecol.common.model.GoodsTest" name="testSerialize" time="0.077" />
  <testcase classname="net.sf.freecol.common.model.GoodsTest" name="testGetOutputType" time="0.0" />
  <testcase classname="net.sf.freecol.common.model.GoodsTest" name="testMilitaryGoods" time="0.0" />
  <testcase classname="net.sf.freecol.common.model.GoodsTest" name="testTradeGoods" time="0.0" />
  <testcase classname="net.sf.freecol.common.model.GoodsTest" name="testProductionChain" time="0.0" />
  <testcase classname="net.sf.freecol.common.model.GoodsTest" name="testAdjustAmount" time="0.002" />
  <testcase classname="net.sf.freecol.common.model.GoodsTest" name="testSetOwner" time="0.001" />
  <testcase classname="net.sf.freecol.common.model.GoodsContainerTest" name="testContainer" time="0.003" />
  <testcase classname="net.sf.freecol.common.model.IndianSettlementTest" name="testAutomaticEquipBraves" time="0.002" />
  <testcase classname="net.sf.freecol.common.model.IndianSettlementTest" name="testSettlementDoesNotOwnWaterTiles" time="0.002" />
  <testcase classname="net.sf.freecol.common.model.IndianSettlementTest" name="testTradeGoodsWithSetlement" time="0.001" />
  <testcase classname="net.sf.freecol.common.model.IndividualFatherTest" name="testPaine" time="0.006" />
  <testcase classname="net.sf.freecol.common.model.IndividualFatherTest" name="testBolivar" time="0.006" />
  <testcase classname="net.sf.freecol.common.model.IndividualFatherTest" name="testBrebeuf" time="0.001" />
  <testcase classname="net.sf.freecol.common.model.IndividualFatherTest" name="testStuyvesant" time="0.005" />
  <testcase classname="net.sf.freecol.common.model.IndividualFatherTest" name="testBrewster" time="0.001" />
  <testcase classname="net.sf.freecol.common.model.IndividualFatherTest" name="testCortes" time="0.004" />
  <testcase classname="net.sf.freecol.common.model.IndividualFatherTest" name="testDeWitt" time="0.002" />
  <testcase classname="net.sf.freecol.common.model.IndividualFatherTest" name="testJefferson" time="0.009" />
  <testcase classname="net.sf.freecol.common.model.IndividualFatherTest" name="testMinuit" time="0.003" />
  <testcase classname="net.sf.freecol.common.model.IndividualFatherTest" name="testRevere" time="0.002" />
  <testcase classname="net.sf.freecol.common.model.IndividualFatherTest" name="testDeLasCasas" time="0.005" />
  <testcase classname="net.sf.freecol.common.model.LimitTest" name="testSuccessionLimits" time="0.011" />
  <testcase classname="net.sf.freecol.common.model.LimitTest" name="testWagonTrainLimit" time="0.005" />
  <testcase classname="net.sf.freecol.common.model.LimitTest" name="testOperand" time="0.0" />
  <testcase classname="net.sf.freecol.common.model.LimitTest" name="testIndependenceLimits" time="0.003" />
  <testcase classname="net.sf.freecol.common.model.MapTest" name="testSearchForColony" time="0.028" />
  <testcase classname="net.sf.freecol.common.model.MapTest" name="testCopy" time="0.011" />
  <testcase classname="net.sf.freecol.common.model.MapTest" name="testNoPathAvailableDueToUnitInTheWay" time="0.003" />
  <testcase classname="net.sf.freecol.common.model.MapTest" name="testGetAllTiles" time="0.001" />
  <testcase classname="net.sf.freecol.common.model.MapTest" name="testGetSurroundingTiles" time="0.002" />
  <testcase classname="net.sf.freecol.common.model.MapTest" name="testMapGameInt" time="0.001" />
  <testcase classname="net.sf.freecol.common.model.MapTest" name="testLatitude" time="0.001" />
  <testcase classname="net.sf.freecol.common.model.MapTest" name="testRandomDirection" time="0.001" />
  <testcase classname="net.sf.freecol.common.model.MapTest" name="testShortestPathObstructed" time="0.002" />
  <testcase classname="net.sf.freecol.common.model.MapTest" name="testFindPath" time="0.063" />
  <testcase classname="net.sf.freecol.common.model.MapTest" name="testMoveThroughTileWithEnemyUnit" time="0.003" />
  <testcase classname="net.sf.freecol.common.model.MapTest" name="testNoPathAvailableDueToColonyInTheWay" time="0.002" />
  <testcase classname="net.sf.freecol.common.model.MapTest" name="testNoPathAvailableDueToCampInTheWay" time="0.002" />
  <testcase classname="net.sf.freecol.common.model.MapTest" name="testGetReverseDirection" time="0.0" />
  <testcase classname="net.sf.freecol.common.model.MarketTest" name="testSerialization" time="0.0" />
  <testcase classname="net.sf.freecol.common.model.MarketTest" name="testTransactionListeners" time="0.0" />
  <testcase classname="net.sf.freecol.common.model.MarketTest" name="testInitialMarket" time="0.001" />
  <testcase classname="net.sf.freecol.common.model.ModelMessageTest" name="testDefaultId" time="0.001" />
  <testcase classname="net.sf.freecol.common.model.ModelMessageTest" name="testHashCode" time="0.004" />
  <testcase classname="net.sf.freecol.common.model.ModelMessageTest" name="testModelMapSet2" time="0.003" />
  <testcase classname="net.sf.freecol.common.model.ModifierTest" name="testScope" time="0.0" />
  <testcase classname="net.sf.freecol.common.model.ModifierTest" name="testCombinedModifier" time="0.001" />
  <testcase classname="net.sf.freecol.common.model.ModifierTest" name="testPercentageModifier" time="0.0" />
  <testcase classname="net.sf.freecol.common.model.ModifierTest" name="testHashEquals" time="0.001" />
  <testcase classname="net.sf.freecol.common.model.ModifierTest" name="testAdditiveModifier" time="0.001" />
  <testcase classname="net.sf.freecol.common.model.ModifierTest" name="testTimeLimits" time="0.0" />
  <testcase classname="net.sf.freecol.common.model.ModifierTest" name="testCombinePercentageModifiers" time="0.0" />
  <testcase classname="net.sf.freecol.common.model.ModifierTest" name="testModifierUnknown" time="0.0" />
  <testcase classname="net.sf.freecol.common.model.ModifierTest" name="testCombineMultiplicativeModifiers" time="0.0" />
  <testcase classname="net.sf.freecol.common.model.ModifierTest" name="testMultiplicativeModifier" time="0.0" />
  <testcase classname="net.sf.freecol.common.model.ModifierTest" name="testIncrements" time="0.0" />
  <testcase classname="net.sf.freecol.common.model.ModifierTest" name="testCombineAdditiveModifiers" time="0.0" />
  <testcase classname="net.sf.freecol.common.model.MonarchTest" name="testTaxActionChoices" time="0.006" />
  <testcase classname="net.sf.freecol.common.model.MonarchTest" name="testSerialize" time="0.001" />
  <testcase classname="net.sf.freecol.common.model.MovementTest" name="testMoveAlongRoad" time="0.003" />
  <testcase classname="net.sf.freecol.common.model.MovementTest" name="testMoveAlongRiver" time="0.001" />
  <testcase classname="net.sf.freecol.common.model.MovementTest" name="testMoveFromPlainsToHills" time="0.001" />
  <testcase classname="net.sf.freecol.common.model.MovementTest" name="testMoveFromPlainsToPlains" time="0.001" />
  <testcase classname="net.sf.freecol.common.model.MovementTest" name="testScoutIndianSettlement" time="0.002" />
  <testcase classname="net.sf.freecol.common.model.MovementTest" name="testScoutColony" time="0.003" />
  <testcase classname="net.sf.freecol.common.model.NationTypeTest" name="testSettlementType" time="0.001" />
  <testcase classname="net.sf.freecol.common.model.NationTypeTest" name="testIsREF" time="0.0" />
  <testcase classname="net.sf.freecol.common.model.NationTypeTest" name="testisRef" time="0.0" />
  <testcase classname="net.sf.freecol.common.model.NationTypeTest" name="testAdvantagesThatOnlyApplyToPersons" time="0.002" />
  <testcase classname="net.sf.freecol.common.model.NationTypeTest" name="testHasType" time="0.0" />
  <testcase classname="net.sf.freecol.common.model.NationTypeTest" name="testStartingUnits" time="0.001" />
  <testcase classname="net.sf.freecol.common.model.PlayerTest" name="testAddAnotherPlayersUnit" time="0.001" />
  <testcase classname="net.sf.freecol.common.model.PlayerTest" name="testFreecolPlayers" time="0.004" />
  <testcase classname="net.sf.freecol.common.model.PlayerTest" name="testTension" time="0.001" />
  <testcase classname="net.sf.freecol.common.model.PlayerTest" name="testUnits" time="0.002" />
  <testcase classname="net.sf.freecol.common.model.PlayerTest" name="testClassicPlayers" time="0.003" />
  <testcase classname="net.sf.freecol.common.model.ProductionTypeTest" name="testOtherBuildings" time="0.0" />
  <testcase classname="net.sf.freecol.common.model.ProductionTypeTest" name="testRainForest" time="0.001" />
  <testcase classname="net.sf.freecol.common.model.ProductionTypeTest" name="testHorseProduction" time="0.0" />
  <testcase classname="net.sf.freecol.common.model.ProductionTypeTest" name="testSavannah" time="0.0" />
  <testcase classname="net.sf.freecol.common.model.ProductionTypeTest" name="testHills" time="0.0" />
  <testcase classname="net.sf.freecol.common.model.ProductionTypeTest" name="testMarsh" time="0.0" />
  <testcase classname="net.sf.freecol.common.model.ProductionTypeTest" name="testOcean" time="0.0" />
  <testcase classname="net.sf.freecol.common.model.ProductionTypeTest" name="testSwamp" time="0.0" />
  <testcase classname="net.sf.freecol.common.model.ProductionTypeTest" name="testCoatProduction" time="0.0" />
  <testcase classname="net.sf.freecol.common.model.ProductionTypeTest" name="testLake" time="0.0" />
  <testcase classname="net.sf.freecol.common.model.ProductionTypeTest" name="testHighSeas" time="0.0" />
  <testcase classname="net.sf.freecol.common.model.ProductionTypeTest" name="testPrairie" time="0.0" />
  <testcase classname="net.sf.freecol.common.model.ProductionTypeTest" name="testWetlandForest" time="0.0" />
  <testcase classname="net.sf.freecol.common.model.ProductionTypeTest" name="testGrassland" time="0.0" />
  <testcase classname="net.sf.freecol.common.model.ProductionTypeTest" name="testBroadleafForest" time="0.0" />
  <testcase classname="net.sf.freecol.common.model.ProductionTypeTest" name="testCrossProduction" time="0.0" />
  <testcase classname="net.sf.freecol.common.model.ProductionTypeTest" name="testGreatRiver" time="0.0" />
  <testcase classname="net.sf.freecol.common.model.ProductionTypeTest" name="testToolsProduction" time="0.0" />
  <testcase classname="net.sf.freecol.common.model.ProductionTypeTest" name="testMixedForest" time="0.0" />
  <testcase classname="net.sf.freecol.common.model.ProductionTypeTest" name="testBorealForest" time="0.0" />
  <testcase classname="net.sf.freecol.common.model.ProductionTypeTest" name="testBellProduction" time="0.0" />
  <testcase classname="net.sf.freecol.common.model.ProductionTypeTest" name="testClothProduction" time="0.0" />
  <testcase classname="net.sf.freecol.common.model.ProductionTypeTest" name="testMountains" time="0.0" />
  <testcase classname="net.sf.freecol.common.model.ProductionTypeTest" name="testArctic" time="0.0" />
  <testcase classname="net.sf.freecol.common.model.ProductionTypeTest" name="testConiferForest" time="0.0" />
  <testcase classname="net.sf.freecol.common.model.ProductionTypeTest" name="testDesert" time="0.0" />
  <testcase classname="net.sf.freecol.common.model.ProductionTypeTest" name="testHammerProduction" time="0.0" />
  <testcase classname="net.sf.freecol.common.model.ProductionTypeTest" name="testPlains" time="0.001" />
  <testcase classname="net.sf.freecol.common.model.ProductionTypeTest" name="testMusketProduction" time="0.0" />
  <testcase classname="net.sf.freecol.common.model.ProductionTypeTest" name="testCigarProduction" time="0.0" />
  <testcase classname="net.sf.freecol.common.model.ProductionTypeTest" name="testTundra" time="0.0" />
  <testcase classname="net.sf.freecol.common.model.ProductionTypeTest" name="testRumProduction" time="0.0" />
  <testcase classname="net.sf.freecol.common.model.ProductionTypeTest" name="testTropicalForest" time="0.0" />
  <testcase classname="net.sf.freecol.common.model.ProductionTypeTest" name="testScrubForest" time="0.0" />
  <testcase classname="net.sf.freecol.common.model.RandomRangeTest" name="testRandomRange" time="0.001" />
  <testcase classname="net.sf.freecol.common.model.RoleTest" name="testRoleComparator" time="0.0" />
  <testcase classname="net.sf.freecol.common.model.RoleTest" name="testMilitaryRoles" time="0.002" />
  <testcase classname="net.sf.freecol.common.model.RoleTest" name="testGoodsDifference" time="0.0" />
  <testcase classname="net.sf.freecol.common.model.RoleTest" name="testCompatibleRoles" time="0.0" />
  <testcase classname="net.sf.freecol.common.model.RoleTest" name="testGetRoleWithAbility" time="0.0" />
  <testcase classname="net.sf.freecol.common.model.SchoolTest" name="testEducationOption" time="0.007" />
  <testcase classname="net.sf.freecol.common.model.SchoolTest" name="testChangeTeachers" time="0.005" />
  <testcase classname="net.sf.freecol.common.model.SchoolTest" name="testUpgrades" time="0.0" />
  <testcase classname="net.sf.freecol.common.model.ScopeTest" name="testEmptyScope" time="0.001" />
  <testcase classname="net.sf.freecol.common.model.ScopeTest" name="testMethodScope" time="0.0" />
  <testcase classname="net.sf.freecol.common.model.ScopeTest" name="testCombinedScope" time="0.0" />
  <testcase classname="net.sf.freecol.common.model.ScopeTest" name="testTypeScope" time="0.002" />
  <testcase classname="net.sf.freecol.common.model.ScopeTest" name="testAbilityScope" time="0.0" />
  <testcase classname="net.sf.freecol.common.model.ScopeTest" name="testEquality" time="0.0" />
  <testcase classname="net.sf.freecol.common.model.ScopeTest" name="testMatchesNull" time="0.0" />
  <testcase classname="net.sf.freecol.common.model.ScopeTest" name="testGameObjects" time="0.002" />
  <testcase classname="net.sf.freecol.common.model.SerializationTest" name="testMapAmerica" time="0.704" />
  <testcase classname="net.sf.freecol.common.model.SerializationTest" name="testSpecification" time="0.095" />
  <testcase classname="net.sf.freecol.common.model.SerializationTest" name="testValidation" time="0.249" />
  <testcase classname="net.sf.freecol.common.model.SerializationTest" name="testStringTemplate" time="0.009" />
  <testcase classname="net.sf.freecol.common.model.SerializationTest" name="testMapAfrica" time="0.286" />
  <testcase classname="net.sf.freecol.common.model.SerializationTest" name="testMapCaribbean" time="0.088" />
  <testcase classname="net.sf.freecol.common.model.SerializationTest" name="testDifficulty" time="0.043" />
  <testcase classname="net.sf.freecol.common.model.SerializationTest" name="testGeneratedLists" time="0.044" />
  <testcase classname="net.sf.freecol.common.model.SerializationTest" name="testMapAustralia" time="0.079" />
  <testcase classname="net.sf.freecol.common.model.SettlementTest" name="testColonyClaimsWater" time="0.002" />
  <testcase classname="net.sf.freecol.common.model.SettlementTest" name="testLineOfSight" time="0.002" />
  <testcase classname="net.sf.freecol.common.model.SettlementTest" name="testSettlementRadius" time="0.003" />
  <testcase classname="net.sf.freecol.common.model.SettlementTest" name="testCanImproveUnitMilitaryRole" time="0.005" />
  <testcase classname="net.sf.freecol.common.model.SettlementTest" name="testSettlementDoesNotClaimWater" time="0.002" />
  <testcase classname="net.sf.freecol.common.model.SettlementTest" name="testColonyRadius" time="0.001" />
  <testcase classname="net.sf.freecol.common.model.SoLTest" name="testSoL" time="0.005" />
  <testcase classname="net.sf.freecol.common.model.TileImprovementTest" name="testRiverWithExtras" time="0.0" />
  <testcase classname="net.sf.freecol.common.model.TileImprovementTest" name="testRiverNoExtras" time="0.0" />
  <testcase classname="net.sf.freecol.common.model.TileImprovementTest" name="testAllFrills" time="0.0" />
  <testcase classname="net.sf.freecol.common.model.TileImprovementTest" name="testOldStyle" time="0.0" />
  <testcase classname="net.sf.freecol.common.model.TileImprovementTest" name="testEquality" time="0.0" />
  <testcase classname="net.sf.freecol.common.model.TileItemContainerTest" name="testCopyFromWithEveryThing" time="0.002" />
  <testcase classname="net.sf.freecol.common.model.TileTest" name="testTileTypeChangeProduction" time="0.0" />
  <testcase classname="net.sf.freecol.common.model.TileTest" name="testDefenceModifiers" time="0.0" />
  <testcase classname="net.sf.freecol.common.model.TileTest" name="testPrimarySecondaryGoods" time="0.003" />
  <testcase classname="net.sf.freecol.common.model.TileTest" name="testPotential" time="0.001" />
  <testcase classname="net.sf.freecol.common.model.TileTest" name="testCopy" time="0.004" />
  <testcase classname="net.sf.freecol.common.model.TileTest" name="testImprovements" time="0.002" />
  <testcase classname="net.sf.freecol.common.model.TileTest" name="testMinerals" time="0.002" />
  <testcase classname="net.sf.freecol.common.model.TileTest" name="testMaximumPotential" time="0.002" />
  <testcase classname="net.sf.freecol.common.model.TileTest" name="testIsTileTypeAllowed" time="0.001" />
  <testcase classname="net.sf.freecol.common.model.TileTest" name="testGetWorkAmount" time="0.004" />
  <testcase classname="net.sf.freecol.common.model.TileTest" name="testGetBestDisembarkTile" time="0.003" />
  <testcase classname="net.sf.freecol.common.model.TileTest" name="testColonyImprovements" time="0.002" />
  <testcase classname="net.sf.freecol.common.model.TileTest" name="testConiferForest" time="0.007" />
  <testcase classname="net.sf.freecol.common.model.TileTest" name="testProductionModifiers" time="0.003" />
  <testcase classname="net.sf.freecol.common.model.TileTest" name="testZIndex" time="0.0" />
  <testcase classname="net.sf.freecol.common.model.TradeRouteTest" name="testTradeRoute" time="0.015" />
  <testcase classname="net.sf.freecol.common.model.UnitTest" name="testIsColonist" time="0.003" />
  <testcase classname="net.sf.freecol.common.model.UnitTest" name="testElement" time="0.005" />
  <testcase classname="net.sf.freecol.common.model.UnitTest" name="testUnitLosesExperienceWithRoleChange" time="0.002" />
  <testcase classname="net.sf.freecol.common.model.UnitTest" name="testUnitAvailability" time="0.001" />
  <testcase classname="net.sf.freecol.common.model.UnitTest" name="testOwnerChange" time="0.001" />
  <testcase classname="net.sf.freecol.common.model.UnitTest" name="testIndianDies" time="0.002" />
  <testcase classname="net.sf.freecol.common.model.UnitTest" name="testGetMovesAsString" time="0.002" />
  <testcase classname="net.sf.freecol.common.model.UnitTest" name="testCopy" time="0.002" />
  <testcase classname="net.sf.freecol.common.model.UnitTest" name="testDefaultRole" time="0.0" />
  <testcase classname="net.sf.freecol.common.model.UnitTest" name="testMissionary" time="0.003" />
  <testcase classname="net.sf.freecol.common.model.UnitTest" name="testUnitCanBuildColony" time="0.001" />
  <testcase classname="net.sf.freecol.common.model.UnitTest" name="testCarrierOwnerChange" time="0.001" />
  <testcase classname="net.sf.freecol.common.model.UnitTest" name="testTreasureTransportFee" time="0.002" />
  <testcase classname="net.sf.freecol.common.model.UnitTest" name="testFailedAddGoods" time="0.001" />
  <testcase classname="net.sf.freecol.common.model.UnitTest" name="testGetLineOfSight" time="0.002" />
  <testcase classname="net.sf.freecol.common.model.UnitTest" name="testCanAdd" time="0.001" />
  <testcase classname="net.sf.freecol.common.model.UnitTest" name="testUnitLocationAfterBuildingColony" time="0.001" />
  <testcase classname="net.sf.freecol.common.model.UnitTypeChangeTest" name="testEmptyScope" time="0.001" />
  <testcase classname="net.sf.freecol.common.model.UnitTypeChangeTest" name="testCreation" time="0.001" />
  <testcase classname="net.sf.freecol.common.model.UnitTypeChangeTest" name="testAbilityScope" time="0.001" />
  <testcase classname="net.sf.freecol.common.model.UnitTypeChangeTest" name="testEquality" time="0.0" />
  <testcase classname="net.sf.freecol.common.utils.UtilsTest" name="testComparator" time="0.0" />
  <testcase classname="net.sf.freecol.common.utils.UtilsTest" name="testGetPermutations" time="0.002" />
  <testcase classname="net.sf.freecol.common.sound.SoundTest" name="testSound" time="2.105" />
  <testcase classname="net.sf.freecol.common.sound.SoundTest" name="testClassic" time="3.419" />
  <testcase classname="net.sf.freecol.server.SaveLoadTest" name="testDelayedLoading" time="0.704" />
  <testcase classname="net.sf.freecol.server.SaveLoadTest" name="testImmediateLoading" time="0.469" />
  <testcase classname="net.sf.freecol.server.SaveLoadTest" name="testImport" time="0.571" />
  <testcase classname="net.sf.freecol.server.ai.AIColonyTest" name="testBuildersAllocation" time="0.174" />
  <testcase classname="net.sf.freecol.server.ai.AIColonyTest" name="testBestDefender" time="0.055" />
  <testcase classname="net.sf.freecol.server.ai.AIColonyTest" name="testBuildersAllocNoRawMatTiles" time="0.115" />
  <testcase classname="net.sf.freecol.server.ai.AIColonyTest" name="testExpertAllocColonyHasEnoughRawMat" time="0.06" />
  <testcase classname="net.sf.freecol.server.ai.ContactTest" name="testNativeMeetsEuropean" time="0.064" />
  <testcase classname="net.sf.freecol.server.ai.ContactTest" name="testNativeMeetsColony" time="0.062" />
  <testcase classname="net.sf.freecol.server.ai.ContactTest" name="testShipMeetsShip" time="0.059" />
  <testcase classname="net.sf.freecol.server.ai.ContactTest" name="testNativeMeetsNative" time="0.045" />
  <testcase classname="net.sf.freecol.server.ai.ContactTest" name="testNativeMeetsIndianSettlement" time="0.056" />
  <testcase classname="net.sf.freecol.server.ai.ContactTest" name="testEuropeanMeetsIndianSettlement" time="0.053" />
  <testcase classname="net.sf.freecol.server.ai.ContactTest" name="testEuropeanMeetsNative" time="0.053" />
  <testcase classname="net.sf.freecol.server.ai.ColonyPlanTest" name="testGetBestWorker" time="0.062" />
  <testcase classname="net.sf.freecol.server.ai.ColonyPlanTest" name="testBestImprovements" time="0.002" />
  <testcase classname="net.sf.freecol.server.ai.ColonyPlanTest" name="testNoBuildRawMatTiles" time="0.051" />
  <testcase classname="net.sf.freecol.server.ai.ColonyPlanTest" name="testReqLumberAndHammersForBuild" time="0.049" />
  <testcase classname="net.sf.freecol.server.ai.ColonyPlanTest" name="testReqOreAndToolsWithEnoughHammersForBuild" time="0.036" />
  <testcase classname="net.sf.freecol.server.ai.MissionAssignmentTest" name="testIsTargetValidForSeekAndDestroy" time="0.051" />
  <testcase classname="net.sf.freecol.server.ai.MissionAssignmentTest" name="testImpossibleConditionsForTargetSelection" time="0.038" />
  <testcase classname="net.sf.freecol.server.ai.MissionAssignmentTest" name="testSecureIndianSettlementMissionIgnoreNavalThreat" time="0.054" />
  <testcase classname="net.sf.freecol.server.ai.MissionAssignmentTest" name="testSecureIndianSettlementMission" time="0.051" />
  <testcase classname="net.sf.freecol.server.ai.MissionAssignmentTest" name="testAssignDefendSettlementMission" time="0.034" />
  <testcase classname="net.sf.freecol.server.ai.REFTest" name="testCreateREFPlayer" time="0.041" />
  <testcase classname="net.sf.freecol.server.ai.StandardAIPlayerTest" name="testEquipBravesNotEnoughReqGoods" time="0.049" />
  <testcase classname="net.sf.freecol.server.ai.StandardAIPlayerTest" name="testEquipBraves" time="0.049" />
  <testcase classname="net.sf.freecol.server.ai.TensionTest" name="testTension" time="0.048" />
  <testcase classname="net.sf.freecol.server.ai.mission.PioneeringMissionTest" name="testImprovementNoLongerValid" time="0.056" />
  <testcase classname="net.sf.freecol.server.ai.mission.PrivateerMissionTest" name="testIsMissionValid" time="0.045" />
  <testcase classname="net.sf.freecol.server.ai.mission.ScoutingMissionTest" name="testHorsesLost" time="0.036" />
  <testcase classname="net.sf.freecol.server.ai.mission.TransportMissionTest" name="testGetNextStopAlreadyAtDestination" time="0.054" />
  <testcase classname="net.sf.freecol.server.ai.mission.TransportMissionTest" name="testGetDefaultDestination" time="0.051" />
  <testcase classname="net.sf.freecol.server.ai.mission.TransportMissionTest" name="testWagonTrain" time="0.056" />
  <testcase classname="net.sf.freecol.server.ai.mission.TransportMissionTest" name="testGetNextStopIsColony" time="0.045" />
  <testcase classname="net.sf.freecol.server.ai.mission.TransportMissionTest" name="testGetNextStopIsEurope" time="0.069" />
  <testcase classname="net.sf.freecol.server.ai.mission.TransportMissionTest" name="testTransportMissionInvalidAfterCombatLost" time="0.069" />
  <testcase classname="net.sf.freecol.server.ai.mission.UnitSeekAndDestroyMissionTest" name="testCapturedUnitsLoseMission" time="0.041" />
  <testcase classname="net.sf.freecol.server.ai.mission.UnitSeekAndDestroyMissionTest" name="testDoNotPursueUnitsInColonies" time="0.045" />
  <testcase classname="net.sf.freecol.server.control.InGameControllerTest" name="testWarDeclarationAffectsSettlementAlarm" time="0.045" />
  <testcase classname="net.sf.freecol.server.control.InGameControllerTest" name="testArtilleryDemotedBySoldier" time="0.051" />
  <testcase classname="net.sf.freecol.server.control.InGameControllerTest" name="testPeaceTreatyFromWarStance" time="0.04" />
  <testcase classname="net.sf.freecol.server.control.InGameControllerTest" name="testScoutDiesNotLosesEquipment" time="0.043" />
  <testcase classname="net.sf.freecol.server.control.InGameControllerTest" name="testDragoonDemotedByBrave" time="0.069" />
  <testcase classname="net.sf.freecol.server.control.InGameControllerTest" name="testCeaseFireTreaty" time="0.038" />
  <testcase classname="net.sf.freecol.server.control.InGameControllerTest" name="testDeclarationOfWarFromPeace" time="0.039" />
  <testcase classname="net.sf.freecol.server.control.InGameControllerTest" name="testAttackColonyWithVeteran" time="0.06" />
  <testcase classname="net.sf.freecol.server.control.InGameControllerTest" name="testDragoonDemotedBySoldier" time="0.059" />
  <testcase classname="net.sf.freecol.server.control.InGameControllerTest" name="testAddFatherUnits" time="0.042" />
  <testcase classname="net.sf.freecol.server.control.InGameControllerTest" name="testDumpGoods" time="0.034" />
  <testcase classname="net.sf.freecol.server.control.InGameControllerTest" name="testAtackedNavalUnitIsDamaged" time="0.047" />
  <testcase classname="net.sf.freecol.server.control.InGameControllerTest" name="testLaSalle" time="0.059" />
  <testcase classname="net.sf.freecol.server.control.InGameControllerTest" name="testPocahontas" time="0.061" />
  <testcase classname="net.sf.freecol.server.control.InGameControllerTest" name="testPioneerDiesNotLosesEquipment" time="0.049" />
  <testcase classname="net.sf.freecol.server.control.InGameControllerTest" name="testPromotion" time="0.073" />
  <testcase classname="net.sf.freecol.server.control.InGameControllerTest" name="testClearSpecialty" time="0.04" />
  <testcase classname="net.sf.freecol.server.control.InGameControllerTest" name="testPeaceTreatyFromCeaseFireStance" time="0.046" />
  <testcase classname="net.sf.freecol.server.control.InGameControllerTest" name="testUnitLosesExperienceWithWorkChange" time="0.045" />
  <testcase classname="net.sf.freecol.server.control.InGameControllerTest" name="testEquipIndianNotEnoughReqGoods" time="0.038" />
  <testcase classname="net.sf.freecol.server.control.InGameControllerTest" name="testCashInTreasure" time="0.037" />
  <testcase classname="net.sf.freecol.server.control.InGameControllerTest" name="testAddFatherUpgrades" time="0.036" />
  <testcase classname="net.sf.freecol.server.control.InGameControllerTest" name="testUnitTypeChangeOnEnterColony" time="0.032" />
  <testcase classname="net.sf.freecol.server.control.InGameControllerTest" name="testSoldierDemotedBySoldier" time="0.041" />
  <testcase classname="net.sf.freecol.server.control.InGameControllerTest" name="testUnarmedAttack" time="0.04" />
  <testcase classname="net.sf.freecol.server.control.InGameControllerTest" name="testCarpenterHouseNationalAdvantage" time="0.05" />
  <testcase classname="net.sf.freecol.server.control.InGameControllerTest" name="testCreateMission" time="0.052" />
  <testcase classname="net.sf.freecol.server.control.InGameControllerTest" name="testDoAssignedWorkAmateurAndHardyPioneer" time="1.662" />
  <testcase classname="net.sf.freecol.server.control.InGameControllerTest" name="testEmbark" time="0.035" />
  <testcase classname="net.sf.freecol.server.control.InGameControllerTest" name="testVeteranSoldierDemotedBySoldier" time="0.031" />
  <testcase classname="net.sf.freecol.server.control.InGameControllerTest" name="testLoseColonyDefenceWithRevere" time="0.033" />
  <testcase classname="net.sf.freecol.server.control.InGameControllerTest" name="testBuildingBonus" time="0.034" />
  <testcase classname="net.sf.freecol.server.control.InGameControllerTest" name="testColonistDemotedBySoldier" time="0.042" />
  <testcase classname="net.sf.freecol.server.control.InGameControllerTest" name="testScoutDefeatedBySoldier" time="0.042" />
  <testcase classname="net.sf.freecol.server.control.InGameControllerTest" name="testAddFatherBuildingEvent" time="0.035" />
  <testcase classname="net.sf.freecol.server.control.InGameControllerTest" name="testAttackColonyWithBrave" time="0.089" />
  <testcase classname="net.sf.freecol.server.control.InGameControllerTest" name="testEquipIndian" time="0.027" />
  <testcase classname="net.sf.freecol.server.model.ServerBuildingTest" name="testMoveTeacherOutside" time="0.033" />
  <testcase classname="net.sf.freecol.server.model.ServerBuildingTest" name="testTeacherStoresProgress" time="0.035" />
  <testcase classname="net.sf.freecol.server.model.ServerBuildingTest" name="testCaseTwoTeachersWithDifferentExp" time="0.04" />
  <testcase classname="net.sf.freecol.server.model.ServerBuildingTest" name="testMoveTeacherInside" time="0.042" />
  <testcase classname="net.sf.freecol.server.model.ServerBuildingTest" name="testConcurrentUpgrade" time="0.045" />
  <testcase classname="net.sf.freecol.server.model.ServerBuildingTest" name="testTeachingOrder" time="0.042" />
  <testcase classname="net.sf.freecol.server.model.ServerBuildingTest" name="testTeachPettyCriminalsByMaster" time="0.036" />
  <testcase classname="net.sf.freecol.server.model.ServerBuildingTest" name="testTeachingDoublePromotion" time="0.035" />
  <testcase classname="net.sf.freecol.server.model.ServerBuildingTest" name="testUniversity" time="0.04" />
  <testcase classname="net.sf.freecol.server.model.ServerBuildingTest" name="testTwoTeachersSimple" time="0.03" />
  <testcase classname="net.sf.freecol.server.model.ServerBuildingTest" name="testTrackerBug1616384" time="0.044" />
  <testcase classname="net.sf.freecol.server.model.ServerBuildingTest" name="testSingleGuyTwoTeachers2" time="0.032" />
  <testcase classname="net.sf.freecol.server.model.ServerBuildingTest" name="testCollege" time="0.038" />
  <testcase classname="net.sf.freecol.server.model.ServerBuildingTest" name="testSingleGuyTwoTeachers" time="0.034" />
  <testcase classname="net.sf.freecol.server.model.ServerBuildingTest" name="testSonsOfLiberty" time="0.039" />
  <testcase classname="net.sf.freecol.server.model.ServerBuildingTest" name="testTwoTeachersOfSameKind" time="0.138" />
  <testcase classname="net.sf.freecol.server.model.ServerBuildingTest" name="testTeachPettyCriminals" time="0.029" />
  <testcase classname="net.sf.freecol.server.model.ServerBuildingTest" name="testProductionBonus" time="0.037" />
  <testcase classname="net.sf.freecol.server.model.ServerBuildingTest" name="testPartTraining" time="0.034" />
  <testcase classname="net.sf.freecol.server.model.ServerBuildingTest" name="testExpertTeaching" time="0.028" />
  <testcase classname="net.sf.freecol.server.model.ServerBuildingTest" name="testColonialRegular" time="0.041" />
  <testcase classname="net.sf.freecol.server.model.ServerBuildingTest" name="testTeachIndenturedServants" time="0.038" />
  <testcase classname="net.sf.freecol.server.model.ServerColonyTest" name="testEqualFoodProductionConsumptionCase" time="0.03" />
  <testcase classname="net.sf.freecol.server.model.ServerColonyTest" name="testDeathByStarvation" time="0.029" />
  <testcase classname="net.sf.freecol.server.model.ServerColonyTest" name="testBuildingCompletion" time="0.031" />
  <testcase classname="net.sf.freecol.server.model.ServerColonyTest" name="testInvalidCompletion" time="0.042" />
  <testcase classname="net.sf.freecol.server.model.ServerColonyTest" name="testAvoidStarvation" time="0.035" />
  <testcase classname="net.sf.freecol.server.model.ServerColonyTest" name="testNoBuildingMaterialsProductionWhenBuildingNothing" time="0.004" />
  <testcase classname="net.sf.freecol.server.model.ServerColonyTest" name="testFoodConsumption" time="0.031" />
  <testcase classname="net.sf.freecol.server.model.ServerColonyTest" name="testLibertyAndImmigration" time="0.04" />
  <testcase classname="net.sf.freecol.server.model.ServerIndianSettlementTest" name="testHorseBreedingNoFoodAvail" time="0.036" />
  <testcase classname="net.sf.freecol.server.model.ServerIndianSettlementTest" name="testPricing" time="0.031" />
  <testcase classname="net.sf.freecol.server.model.ServerIndianSettlementTest" name="testHorseBreeding" time="0.033" />
  <testcase classname="net.sf.freecol.server.model.ServerIndianSettlementTest" name="testFoodConsumption" time="0.033" />
  <testcase classname="net.sf.freecol.server.model.ServerPlayerTest" name="testCheckNoGameOverEnoughMoney" time="0.035" />
  <testcase classname="net.sf.freecol.server.model.ServerPlayerTest" name="testCheckGameOver1600Threshold" time="0.031" />
  <testcase classname="net.sf.freecol.server.model.ServerPlayerTest" name="testCheckNoGameOverHasColonistInNewWorld" time="0.021" />
  <testcase classname="net.sf.freecol.server.model.ServerPlayerTest" name="testHasExploredTile" time="0.032" />
  <testcase classname="net.sf.freecol.server.model.ServerPlayerTest" name="testBuyingMakesPricesRaise" time="0.024" />
  <testcase classname="net.sf.freecol.server.model.ServerPlayerTest" name="testCheckGameOverUnitsGoingToEurope" time="0.041" />
  <testcase classname="net.sf.freecol.server.model.ServerPlayerTest" name="testDutchMarket" time="0.055" />
  <testcase classname="net.sf.freecol.server.model.ServerPlayerTest" name="testCheckGameOverNoUnits" time="0.026" />
  <testcase classname="net.sf.freecol.server.model.ServerPlayerTest" name="testCheckGameOverUnitsGoingToNewWorld" time="0.021" />
  <testcase classname="net.sf.freecol.server.model.ServerPlayerTest" name="testSellingMakesPricesFall" time="0.023" />
  <testcase classname="net.sf.freecol.server.model.ServerPlayerTest" name="testMarketRecovery" time="0.041" />
  <testcase classname="net.sf.freecol.server.model.ServerPlayerTest" name="testLoadInColony" time="0.024" />
  <testcase classname="net.sf.freecol.server.model.ServerPlayerTest" name="testLoadInEurope" time="0.027" />
  <testcase classname="net.sf.freecol.server.model.ServerUnitTest" name="testDoAssignedWorkHardyPioneerPlowPlain" time="0.024" />
  <testcase classname="net.sf.freecol.server.model.ServerUnitTest" name="testColonyProfitFromEnhancement" time="0.023" />
  <testcase classname="net.sf.freecol.server.model.ServerUnitTest" name="testExposeResource" time="0.024" />
  <testcase classname="net.sf.freecol.server.model.ServerUnitTest" name="testDoAssignedWorkHardyPioneerBuildRoad" time="0.023" />
  <testcase classname="net.sf.freecol.server.model.ServerUnitTest" name="testUnitPromotionWorkingInWorkTile" time="0.034" />
  <testcase classname="net.sf.freecol.server.model.ServerUnitTest" name="testUnitGetsExperienceThroughWork" time="0.034" />
  <testcase classname="net.sf.freecol.server.model.ServerUnitTest" name="testUnitLumberDelivery" time="0.04" />
  <testcase classname="net.sf.freecol.server.model.ServerUnitTest" name="testToggleHorses" time="0.023" />
  <testcase classname="net.sf.freecol.server.generator.MapGeneratorTest" name="testSinglePlayerOnSmallMap" time="0.242" />
  <testcase classname="net.sf.freecol.server.generator.MapGeneratorTest" name="testImportMap" time="0.375" />
  <testcase classname="net.sf.freecol.server.generator.MapGeneratorTest" name="testRegions" time="0.193" />
  <testcase classname="net.sf.freecol.server.generator.MapGeneratorTest" name="testWithNoIndians" time="0.133" />
  <testcase classname="net.sf.freecol.server.generator.MapGeneratorTest" name="testIndianCapital" time="0.149" />
  <testcase classname="net.sf.freecol.server.generator.MapGeneratorTest" name="testMapGenerator" time="0.147" />
  <testcase classname="net.sf.freecol.client.gui.FontTest" name="testLogicalSerif" time="0.045" />
  <system-out><![CDATA[]]></system-out>
  <system-err><![CDATA[May 10, 2018 10:09:42 AM net.sf.freecol.common.model.Specification fixRoles
INFO: Loading role backward compatibility fragment: roles-compat.xml with roles: model.role.defaultmodel.role.scoutmodel.role.soldiermodel.role.dragoonmodel.role.pioneermodel.role.missionarymodel.role.infantrymodel.role.cavalrymodel.role.mountedBravemodel.role.armedBravemodel.role.nativeDragoon
May 10, 2018 10:09:42 AM net.sf.freecol.common.model.Specification checkDifficultyOptionGroup
INFO: Check group model.difficulty.immigration
May 10, 2018 10:09:42 AM net.sf.freecol.common.model.Specification checkDifficultyOptionGroup
INFO: Check group model.difficulty.natives
May 10, 2018 10:09:42 AM net.sf.freecol.common.model.Specification checkDifficultyOptionGroup
INFO: Check group model.difficulty.monarch
May 10, 2018 10:09:42 AM net.sf.freecol.common.model.Specification checkDifficultyOptionGroup
INFO: Check group model.difficulty.government
May 10, 2018 10:09:42 AM net.sf.freecol.common.model.Specification checkDifficultyOptionGroup
INFO: Check group model.difficulty.other
May 10, 2018 10:09:42 AM net.sf.freecol.common.model.Specification checkDifficultyOptionGroup
INFO: Check group model.difficulty.cheat
May 10, 2018 10:09:42 AM net.sf.freecol.common.model.Specification checkDifficultyUnitListOption
INFO: Added difficulty unit list option: model.option.immigrants
May 10, 2018 10:09:42 AM net.sf.freecol.common.model.Specification clean
INFO: Specification clean following load from InputStream complete, starting year=1492, season year=1600, ages=[1,109,309], seasons=2, 259 FreeColGameObjectTypes, 79 Abilities, 41 BuildingTypes, 14 Disasters, 9 EuropeanNationTypes, 2 Events, 25 FoundingFathers, 21 GoodsTypes, 8 IndianNationTypes, 60 Modifiers, 25 Nations, 65 Options, 16 Option Groups, 12 ResourceTypes, 11 Roles, 23 TileTypes, 6 TileImprovementTypes, 42 UnitTypes read.
May 10, 2018 10:09:42 AM net.sf.freecol.common.model.Specification checkDifficultyOptionGroup
INFO: Check group model.difficulty.immigration
May 10, 2018 10:09:42 AM net.sf.freecol.common.model.Specification checkDifficultyOptionGroup
INFO: Check group model.difficulty.natives
May 10, 2018 10:09:42 AM net.sf.freecol.common.model.Specification checkDifficultyOptionGroup
INFO: Check group model.difficulty.monarch
May 10, 2018 10:09:42 AM net.sf.freecol.common.model.Specification checkDifficultyOptionGroup
INFO: Check group model.difficulty.government
May 10, 2018 10:09:42 AM net.sf.freecol.common.model.Specification checkDifficultyOptionGroup
INFO: Check group model.difficulty.other
May 10, 2018 10:09:42 AM net.sf.freecol.common.model.Specification checkDifficultyOptionGroup
INFO: Check group model.difficulty.cheat
May 10, 2018 10:09:42 AM net.sf.freecol.common.model.Specification applyDifficultyLevel
INFO: Applying difficulty level model.difficulty.medium
May 10, 2018 10:09:42 AM net.sf.freecol.common.model.Specification fixRoles
INFO: Loading role backward compatibility fragment: roles-compat.xml with roles: model.role.defaultmodel.role.scoutmodel.role.soldiermodel.role.dragoonmodel.role.pioneermodel.role.missionarymodel.role.infantrymodel.role.cavalrymodel.role.mountedBravemodel.role.armedBravemodel.role.nativeDragoon
May 10, 2018 10:09:42 AM net.sf.freecol.common.model.Specification checkDifficultyOptionGroup
INFO: Check group model.difficulty.immigration
May 10, 2018 10:09:42 AM net.sf.freecol.common.model.Specification checkDifficultyOptionGroup
INFO: Check group model.difficulty.natives
May 10, 2018 10:09:42 AM net.sf.freecol.common.model.Specification checkDifficultyOptionGroup
INFO: Check group model.difficulty.monarch
May 10, 2018 10:09:42 AM net.sf.freecol.common.model.Specification checkDifficultyOptionGroup
INFO: Check group model.difficulty.government
May 10, 2018 10:09:42 AM net.sf.freecol.common.model.Specification checkDifficultyOptionGroup
INFO: Check group model.difficulty.other
May 10, 2018 10:09:42 AM net.sf.freecol.common.model.Specification checkDifficultyOptionGroup
INFO: Check group model.difficulty.cheat
May 10, 2018 10:09:42 AM net.sf.freecol.common.model.Specification checkDifficultyUnitListOption
INFO: Added difficulty unit list option: model.option.immigrants
May 10, 2018 10:09:42 AM net.sf.freecol.common.model.Specification clean
INFO: Specification clean following load from InputStream complete, starting year=1492, season year=1600, ages=[1,109,309], seasons=2, 247 FreeColGameObjectTypes, 78 Abilities, 41 BuildingTypes, 14 Disasters, 5 EuropeanNationTypes, 2 Events, 25 FoundingFathers, 21 GoodsTypes, 8 IndianNationTypes, 60 Modifiers, 17 Nations, 65 Options, 16 Option Groups, 12 ResourceTypes, 11 Roles, 23 TileTypes, 6 TileImprovementTypes, 42 UnitTypes read.
May 10, 2018 10:09:42 AM net.sf.freecol.common.model.Specification checkDifficultyOptionGroup
INFO: Check group model.difficulty.immigration
May 10, 2018 10:09:42 AM net.sf.freecol.common.model.Specification checkDifficultyOptionGroup
INFO: Check group model.difficulty.natives
May 10, 2018 10:09:42 AM net.sf.freecol.common.model.Specification checkDifficultyOptionGroup
INFO: Check group model.difficulty.monarch
May 10, 2018 10:09:42 AM net.sf.freecol.common.model.Specification checkDifficultyOptionGroup
INFO: Check group model.difficulty.government
May 10, 2018 10:09:42 AM net.sf.freecol.common.model.Specification checkDifficultyOptionGroup
INFO: Check group model.difficulty.other
May 10, 2018 10:09:42 AM net.sf.freecol.common.model.Specification checkDifficultyOptionGroup
INFO: Check group model.difficulty.cheat
May 10, 2018 10:09:42 AM net.sf.freecol.common.model.Specification applyDifficultyLevel
INFO: Applying difficulty level model.difficulty.medium
May 10, 2018 10:09:47 AM net.sf.freecol.common.i18n.Messages replaceChoices
WARNING: Unknown key or untagged choice: 'west=westward|east=eastward|default=into the wind', selector was 'whatever', trying 'default' instead
May 10, 2018 10:09:47 AM net.sf.freecol.common.i18n.Messages replaceChoices
WARNING: No tag found: {{}}abc   {{xyz}}def{{123|567}}
May 10, 2018 10:09:47 AM net.sf.freecol.common.i18n.Messages replaceChoices
WARNING: No tag found: {{}}abc   {{xyz}}def{{123|567}}
May 10, 2018 10:09:47 AM net.sf.freecol.common.i18n.Messages replaceChoices
WARNING: No tag found: {{}}abc   {{xyz}}def{{123|567}}
May 10, 2018 10:09:47 AM net.sf.freecol.common.model.Specification applyDifficultyLevel
INFO: Applying difficulty level model.difficulty.medium
May 10, 2018 10:09:47 AM net.sf.freecol.common.model.Specification applyDifficultyLevel
INFO: Applying difficulty level model.difficulty.medium
May 10, 2018 10:09:47 AM net.sf.freecol.common.util.LogBuilder log
INFO: In data/mods found mod: bryce classic_ui convertUpgrade daySeasons example fourSeasons hutzli markovoss misiulo monthSeasons plantForest weekSeasons
May 10, 2018 10:09:48 AM net.sf.freecol.common.model.Specification fixRoles
INFO: Loading role backward compatibility fragment: roles-compat.xml with roles: model.role.defaultmodel.role.scoutmodel.role.soldiermodel.role.dragoonmodel.role.pioneermodel.role.missionarymodel.role.infantrymodel.role.cavalrymodel.role.mountedBravemodel.role.armedBravemodel.role.nativeDragoon
May 10, 2018 10:09:48 AM net.sf.freecol.common.model.Specification checkDifficultyOptionGroup
INFO: Check group model.difficulty.immigration
May 10, 2018 10:09:48 AM net.sf.freecol.common.model.Specification checkDifficultyOptionGroup
INFO: Check group model.difficulty.natives
May 10, 2018 10:09:48 AM net.sf.freecol.common.model.Specification checkDifficultyOptionGroup
INFO: Check group model.difficulty.monarch
May 10, 2018 10:09:48 AM net.sf.freecol.common.model.Specification checkDifficultyOptionGroup
INFO: Check group model.difficulty.government
May 10, 2018 10:09:48 AM net.sf.freecol.common.model.Specification checkDifficultyOptionGroup
INFO: Check group model.difficulty.other
May 10, 2018 10:09:48 AM net.sf.freecol.common.model.Specification checkDifficultyOptionGroup
INFO: Check group model.difficulty.cheat
May 10, 2018 10:09:48 AM net.sf.freecol.common.model.Specification checkDifficultyUnitListOption
INFO: Added difficulty unit list option: model.option.immigrants
May 10, 2018 10:09:48 AM net.sf.freecol.common.model.Specification clean
INFO: Specification clean following load from InputStream complete, starting year=1492, season year=1600, ages=[1,109,309], seasons=2, 258 FreeColGameObjectTypes, 79 Abilities, 41 BuildingTypes, 14 Disasters, 9 EuropeanNationTypes, 2 Events, 25 FoundingFathers, 21 GoodsTypes, 8 IndianNationTypes, 60 Modifiers, 25 Nations, 65 Options, 16 Option Groups, 12 ResourceTypes, 11 Roles, 23 TileTypes, 6 TileImprovementTypes, 41 UnitTypes read.
May 10, 2018 10:09:48 AM net.sf.freecol.common.model.Specification fixRoles
INFO: Loading role backward compatibility fragment: roles-compat.xml with roles: model.role.defaultmodel.role.scoutmodel.role.soldiermodel.role.dragoonmodel.role.pioneermodel.role.missionarymodel.role.infantrymodel.role.cavalrymodel.role.mountedBravemodel.role.armedBravemodel.role.nativeDragoon
May 10, 2018 10:09:48 AM net.sf.freecol.common.model.Specification checkDifficultyOptionGroup
INFO: Check group model.difficulty.immigration
May 10, 2018 10:09:48 AM net.sf.freecol.common.model.Specification checkDifficultyOptionGroup
INFO: Check group model.difficulty.natives
May 10, 2018 10:09:48 AM net.sf.freecol.common.model.Specification checkDifficultyOptionGroup
INFO: Check group model.difficulty.monarch
May 10, 2018 10:09:48 AM net.sf.freecol.common.model.Specification checkDifficultyOptionGroup
INFO: Check group model.difficulty.government
May 10, 2018 10:09:48 AM net.sf.freecol.common.model.Specification checkDifficultyOptionGroup
INFO: Check group model.difficulty.other
May 10, 2018 10:09:48 AM net.sf.freecol.common.model.Specification checkDifficultyOptionGroup
INFO: Check group model.difficulty.cheat
May 10, 2018 10:09:48 AM net.sf.freecol.common.model.Specification checkDifficultyUnitListOption
INFO: Added difficulty unit list option: model.option.immigrants
May 10, 2018 10:09:48 AM net.sf.freecol.common.model.Specification clean
INFO: Specification clean following load from InputStream complete, starting year=1492, season year=1600, ages=[1,109,309], seasons=2, 259 FreeColGameObjectTypes, 79 Abilities, 41 BuildingTypes, 14 Disasters, 9 EuropeanNationTypes, 2 Events, 25 FoundingFathers, 21 GoodsTypes, 8 IndianNationTypes, 60 Modifiers, 25 Nations, 65 Options, 16 Option Groups, 12 ResourceTypes, 11 Roles, 23 TileTypes, 6 TileImprovementTypes, 42 UnitTypes read.
May 10, 2018 10:09:48 AM net.sf.freecol.common.model.Specification fixRoles
INFO: Loading role backward compatibility fragment: roles-compat.xml with roles: model.role.defaultmodel.role.scoutmodel.role.soldiermodel.role.dragoonmodel.role.pioneermodel.role.missionarymodel.role.infantrymodel.role.cavalrymodel.role.mountedBravemodel.role.armedBravemodel.role.nativeDragoon
May 10, 2018 10:09:48 AM net.sf.freecol.common.model.Specification checkDifficultyOptionGroup
INFO: Check group model.difficulty.immigration
May 10, 2018 10:09:48 AM net.sf.freecol.common.model.Specification checkDifficultyOptionGroup
INFO: Check group model.difficulty.natives
May 10, 2018 10:09:48 AM net.sf.freecol.common.model.Specification checkDifficultyOptionGroup
INFO: Check group model.difficulty.monarch
May 10, 2018 10:09:48 AM net.sf.freecol.common.model.Specification checkDifficultyOptionGroup
INFO: Check group model.difficulty.government
May 10, 2018 10:09:48 AM net.sf.freecol.common.model.Specification checkDifficultyOptionGroup
INFO: Check group model.difficulty.other
May 10, 2018 10:09:48 AM net.sf.freecol.common.model.Specification checkDifficultyOptionGroup
INFO: Check group model.difficulty.cheat
May 10, 2018 10:09:48 AM net.sf.freecol.common.model.Specification checkDifficultyUnitListOption
INFO: Added difficulty unit list option: model.option.immigrants
May 10, 2018 10:09:48 AM net.sf.freecol.common.model.Specification clean
INFO: Specification clean following load from InputStream complete, starting year=1492, season year=1600, ages=[1,109,309], seasons=2, 259 FreeColGameObjectTypes, 79 Abilities, 41 BuildingTypes, 14 Disasters, 9 EuropeanNationTypes, 2 Events, 25 FoundingFathers, 21 GoodsTypes, 8 IndianNationTypes, 60 Modifiers, 25 Nations, 65 Options, 16 Option Groups, 12 ResourceTypes, 11 Roles, 23 TileTypes, 6 TileImprovementTypes, 42 UnitTypes read.
May 10, 2018 10:09:48 AM net.sf.freecol.common.model.Specification loadMods
INFO: Loaded mod example
May 10, 2018 10:09:48 AM net.sf.freecol.common.model.Specification clean
INFO: Specification clean following mod loading complete, starting year=1492, season year=1600, ages=[1,109,309], seasons=2, 260 FreeColGameObjectTypes, 79 Abilities, 41 BuildingTypes, 14 Disasters, 9 EuropeanNationTypes, 2 Events, 25 FoundingFathers, 21 GoodsTypes, 8 IndianNationTypes, 60 Modifiers, 25 Nations, 65 Options, 16 Option Groups, 12 ResourceTypes, 11 Roles, 23 TileTypes, 6 TileImprovementTypes, 43 UnitTypes read.
May 10, 2018 10:09:48 AM net.sf.freecol.common.model.Specification fixRoles
INFO: Loading role backward compatibility fragment: roles-compat.xml with roles: model.role.defaultmodel.role.scoutmodel.role.soldiermodel.role.dragoonmodel.role.pioneermodel.role.missionarymodel.role.infantrymodel.role.cavalrymodel.role.mountedBravemodel.role.armedBravemodel.role.nativeDragoon
May 10, 2018 10:09:48 AM net.sf.freecol.common.model.Specification checkDifficultyOptionGroup
INFO: Check group model.difficulty.immigration
May 10, 2018 10:09:48 AM net.sf.freecol.common.model.Specification checkDifficultyOptionGroup
INFO: Check group model.difficulty.natives
May 10, 2018 10:09:48 AM net.sf.freecol.common.model.Specification checkDifficultyOptionGroup
INFO: Check group model.difficulty.monarch
May 10, 2018 10:09:48 AM net.sf.freecol.common.model.Specification checkDifficultyOptionGroup
INFO: Check group model.difficulty.government
May 10, 2018 10:09:48 AM net.sf.freecol.common.model.Specification checkDifficultyOptionGroup
INFO: Check group model.difficulty.other
May 10, 2018 10:09:48 AM net.sf.freecol.common.model.Specification checkDifficultyOptionGroup
INFO: Check group model.difficulty.cheat
May 10, 2018 10:09:48 AM net.sf.freecol.common.model.Specification checkDifficultyUnitListOption
INFO: Added difficulty unit list option: model.option.immigrants
May 10, 2018 10:09:48 AM net.sf.freecol.common.model.Specification clean
INFO: Specification clean following load from InputStream complete, starting year=1492, season year=1600, ages=[1,109,309], seasons=2, 260 FreeColGameObjectTypes, 79 Abilities, 41 BuildingTypes, 14 Disasters, 9 EuropeanNationTypes, 2 Events, 25 FoundingFathers, 21 GoodsTypes, 8 IndianNationTypes, 60 Modifiers, 25 Nations, 65 Options, 16 Option Groups, 12 ResourceTypes, 11 Roles, 23 TileTypes, 6 TileImprovementTypes, 43 UnitTypes read.
May 10, 2018 10:09:48 AM net.sf.freecol.common.model.Specification fixRoles
INFO: Loading role backward compatibility fragment: roles-compat.xml with roles: model.role.defaultmodel.role.scoutmodel.role.soldiermodel.role.dragoonmodel.role.pioneermodel.role.missionarymodel.role.infantrymodel.role.cavalrymodel.role.mountedBravemodel.role.armedBravemodel.role.nativeDragoon
May 10, 2018 10:09:48 AM net.sf.freecol.common.model.Specification checkDifficultyOptionGroup
INFO: Check group model.difficulty.immigration
May 10, 2018 10:09:48 AM net.sf.freecol.common.model.Specification checkDifficultyOptionGroup
INFO: Check group model.difficulty.natives
May 10, 2018 10:09:48 AM net.sf.freecol.common.model.Specification checkDifficultyOptionGroup
INFO: Check group model.difficulty.monarch
May 10, 2018 10:09:48 AM net.sf.freecol.common.model.Specification checkDifficultyOptionGroup
INFO: Check group model.difficulty.government
May 10, 2018 10:09:48 AM net.sf.freecol.common.model.Specification checkDifficultyOptionGroup
INFO: Check group model.difficulty.other
May 10, 2018 10:09:48 AM net.sf.freecol.common.model.Specification checkDifficultyOptionGroup
INFO: Check group model.difficulty.cheat
May 10, 2018 10:09:48 AM net.sf.freecol.common.model.Specification checkDifficultyUnitListOption
INFO: Added difficulty unit list option: model.option.immigrants
May 10, 2018 10:09:48 AM net.sf.freecol.common.model.Specification clean
INFO: Specification clean following load from InputStream complete, starting year=1492, season year=1600, ages=[1,109,309], seasons=2, 259 FreeColGameObjectTypes, 79 Abilities, 41 BuildingTypes, 14 Disasters, 9 EuropeanNationTypes, 2 Events, 25 FoundingFathers, 21 GoodsTypes, 8 IndianNationTypes, 60 Modifiers, 25 Nations, 65 Options, 16 Option Groups, 12 ResourceTypes, 11 Roles, 23 TileTypes, 6 TileImprovementTypes, 42 UnitTypes read.
May 10, 2018 10:09:48 AM net.sf.freecol.common.model.Specification fixRoles
INFO: Loading role backward compatibility fragment: roles-compat.xml with roles: model.role.defaultmodel.role.scoutmodel.role.soldiermodel.role.dragoonmodel.role.pioneermodel.role.missionarymodel.role.infantrymodel.role.cavalrymodel.role.mountedBravemodel.role.armedBravemodel.role.nativeDragoon
May 10, 2018 10:09:48 AM net.sf.freecol.common.model.Specification checkDifficultyOptionGroup
INFO: Check group model.difficulty.immigration
May 10, 2018 10:09:48 AM net.sf.freecol.common.model.Specification checkDifficultyOptionGroup
INFO: Check group model.difficulty.natives
May 10, 2018 10:09:48 AM net.sf.freecol.common.model.Specification checkDifficultyOptionGroup
INFO: Check group model.difficulty.monarch
May 10, 2018 10:09:48 AM net.sf.freecol.common.model.Specification checkDifficultyOptionGroup
INFO: Check group model.difficulty.government
May 10, 2018 10:09:48 AM net.sf.freecol.common.model.Specification checkDifficultyOptionGroup
INFO: Check group model.difficulty.other
May 10, 2018 10:09:48 AM net.sf.freecol.common.model.Specification checkDifficultyOptionGroup
INFO: Check group model.difficulty.cheat
May 10, 2018 10:09:48 AM net.sf.freecol.common.model.Specification checkDifficultyUnitListOption
INFO: Added difficulty unit list option: model.option.immigrants
May 10, 2018 10:09:48 AM net.sf.freecol.common.model.Specification clean
INFO: Specification clean following load from InputStream complete, starting year=1492, season year=1600, ages=[1,109,309], seasons=2, 259 FreeColGameObjectTypes, 79 Abilities, 41 BuildingTypes, 14 Disasters, 9 EuropeanNationTypes, 2 Events, 25 FoundingFathers, 21 GoodsTypes, 8 IndianNationTypes, 60 Modifiers, 25 Nations, 65 Options, 16 Option Groups, 12 ResourceTypes, 11 Roles, 23 TileTypes, 6 TileImprovementTypes, 42 UnitTypes read.
May 10, 2018 10:09:48 AM net.sf.freecol.common.model.Specification applyDifficultyLevel
INFO: Applying difficulty level model.difficulty.medium
May 10, 2018 10:09:48 AM net.sf.freecol.common.model.Specification applyDifficultyLevel
INFO: Applying difficulty level model.difficulty.medium
May 10, 2018 10:09:48 AM net.sf.freecol.common.model.Specification applyDifficultyLevel
INFO: Applying difficulty level model.difficulty.medium
May 10, 2018 10:09:48 AM net.sf.freecol.common.model.Specification applyDifficultyLevel
INFO: Applying difficulty level model.difficulty.medium
May 10, 2018 10:09:48 AM net.sf.freecol.common.model.Specification applyDifficultyLevel
INFO: Applying difficulty level model.difficulty.medium
May 10, 2018 10:09:48 AM net.sf.freecol.common.model.Specification applyDifficultyLevel
INFO: Applying difficulty level model.difficulty.medium
May 10, 2018 10:09:48 AM net.sf.freecol.common.model.Specification applyDifficultyLevel
INFO: Applying difficulty level model.difficulty.medium
May 10, 2018 10:09:48 AM net.sf.freecol.common.model.Specification applyDifficultyLevel
INFO: Applying difficulty level model.difficulty.medium
May 10, 2018 10:09:48 AM net.sf.freecol.common.model.Specification applyDifficultyLevel
INFO: Applying difficulty level model.difficulty.medium
May 10, 2018 10:09:48 AM net.sf.freecol.common.model.Specification applyDifficultyLevel
INFO: Applying difficulty level model.difficulty.medium
May 10, 2018 10:09:48 AM net.sf.freecol.common.model.Specification applyDifficultyLevel
INFO: Applying difficulty level model.difficulty.medium
May 10, 2018 10:09:48 AM net.sf.freecol.common.model.Unit setLocation
WARNING: Can not add [unit:798 dutch indianConvert 0/1] to building:794
May 10, 2018 10:09:48 AM net.sf.freecol.common.model.Unit setLocation
WARNING: Can not add [unit:798 dutch indianConvert 0/1] to building:795
May 10, 2018 10:09:48 AM net.sf.freecol.common.model.Unit setLocation
WARNING: Can not add [unit:798 dutch indianConvert 0/1] to building:793
May 10, 2018 10:09:48 AM net.sf.freecol.common.model.Specification applyDifficultyLevel
INFO: Applying difficulty level model.difficulty.medium
May 10, 2018 10:09:48 AM net.sf.freecol.common.model.Specification applyDifficultyLevel
INFO: Applying difficulty level model.difficulty.medium
May 10, 2018 10:09:48 AM net.sf.freecol.common.model.Specification applyDifficultyLevel
INFO: Applying difficulty level model.difficulty.medium
May 10, 2018 10:09:48 AM net.sf.freecol.common.model.Specification applyDifficultyLevel
INFO: Applying difficulty level model.difficulty.medium
May 10, 2018 10:09:48 AM net.sf.freecol.common.model.Specification applyDifficultyLevel
INFO: Applying difficulty level model.difficulty.medium
May 10, 2018 10:09:48 AM net.sf.freecol.common.model.Specification applyDifficultyLevel
INFO: Applying difficulty level model.difficulty.medium
May 10, 2018 10:09:48 AM net.sf.freecol.common.model.Specification applyDifficultyLevel
INFO: Applying difficulty level model.difficulty.medium
May 10, 2018 10:09:48 AM net.sf.freecol.common.model.Specification applyDifficultyLevel
INFO: Applying difficulty level model.difficulty.medium
May 10, 2018 10:09:48 AM net.sf.freecol.common.model.Specification applyDifficultyLevel
INFO: Applying difficulty level model.difficulty.medium
May 10, 2018 10:09:48 AM net.sf.freecol.common.model.Specification applyDifficultyLevel
INFO: Applying difficulty level model.difficulty.medium
May 10, 2018 10:09:48 AM net.sf.freecol.common.model.Specification applyDifficultyLevel
INFO: Applying difficulty level model.difficulty.medium
May 10, 2018 10:09:48 AM net.sf.freecol.common.model.Specification applyDifficultyLevel
INFO: Applying difficulty level model.difficulty.medium
May 10, 2018 10:09:48 AM net.sf.freecol.common.model.Specification applyDifficultyLevel
INFO: Applying difficulty level model.difficulty.medium
May 10, 2018 10:09:48 AM net.sf.freecol.common.model.Specification applyDifficultyLevel
INFO: Applying difficulty level model.difficulty.medium
May 10, 2018 10:09:48 AM net.sf.freecol.common.model.Specification applyDifficultyLevel
INFO: Applying difficulty level model.difficulty.medium
May 10, 2018 10:09:48 AM net.sf.freecol.common.model.Specification applyDifficultyLevel
INFO: Applying difficulty level model.difficulty.medium
May 10, 2018 10:09:48 AM net.sf.freecol.common.model.Specification applyDifficultyLevel
INFO: Applying difficulty level model.difficulty.medium
May 10, 2018 10:09:48 AM net.sf.freecol.common.model.Specification applyDifficultyLevel
INFO: Applying difficulty level model.difficulty.medium
May 10, 2018 10:09:48 AM net.sf.freecol.common.model.Specification applyDifficultyLevel
INFO: Applying difficulty level model.difficulty.medium
May 10, 2018 10:09:48 AM net.sf.freecol.common.model.Specification applyDifficultyLevel
INFO: Applying difficulty level model.difficulty.medium
May 10, 2018 10:09:48 AM net.sf.freecol.common.model.Specification applyDifficultyLevel
INFO: Applying difficulty level model.difficulty.medium
May 10, 2018 10:09:48 AM net.sf.freecol.common.model.Specification applyDifficultyLevel
INFO: Applying difficulty level model.difficulty.medium
May 10, 2018 10:09:48 AM net.sf.freecol.common.model.Specification applyDifficultyLevel
INFO: Applying difficulty level model.difficulty.medium
May 10, 2018 10:09:48 AM net.sf.freecol.common.model.Specification applyDifficultyLevel
INFO: Applying difficulty level model.difficulty.medium
May 10, 2018 10:09:48 AM net.sf.freecol.common.model.Specification applyDifficultyLevel
INFO: Applying difficulty level model.difficulty.medium
May 10, 2018 10:09:48 AM net.sf.freecol.common.model.Specification applyDifficultyLevel
INFO: Applying difficulty level model.difficulty.medium
May 10, 2018 10:09:48 AM net.sf.freecol.common.model.Specification applyDifficultyLevel
INFO: Applying difficulty level model.difficulty.medium
May 10, 2018 10:09:48 AM net.sf.freecol.common.model.Specification applyDifficultyLevel
INFO: Applying difficulty level model.difficulty.medium
May 10, 2018 10:09:48 AM net.sf.freecol.common.model.Specification applyDifficultyLevel
INFO: Applying difficulty level model.difficulty.medium
May 10, 2018 10:09:48 AM net.sf.freecol.common.FreeColSeed getFreeColSeed
INFO: Using seed: -2364746860249163148
May 10, 2018 10:09:48 AM net.sf.freecol.server.networking.Server sendToAll
INFO: Reap dead connection: [DummyConnection Server connection - model.nation.iroquois]
May 10, 2018 10:09:48 AM net.sf.freecol.server.networking.Server sendToAll
INFO: Reap dead connection: [DummyConnection Server connection - model.nation.arawak]
May 10, 2018 10:09:48 AM net.sf.freecol.server.networking.Server sendToAll
INFO: Reap dead connection: [DummyConnection Server connection - model.nation.dutch]
May 10, 2018 10:09:48 AM net.sf.freecol.server.networking.Server sendToAll
INFO: Reap dead connection: [DummyConnection Server connection - model.nation.aztec]
May 10, 2018 10:09:48 AM net.sf.freecol.server.networking.Server sendToAll
INFO: Reap dead connection: [DummyConnection Server connection - model.nation.sioux]
May 10, 2018 10:09:48 AM net.sf.freecol.server.networking.Server sendToAll
INFO: Reap dead connection: [DummyConnection Server connection - model.nation.apache]
May 10, 2018 10:09:48 AM net.sf.freecol.server.networking.Server sendToAll
INFO: Reap dead connection: [DummyConnection Server connection - model.nation.cherokee]
May 10, 2018 10:09:48 AM net.sf.freecol.server.networking.Server sendToAll
INFO: Reap dead connection: [DummyConnection Server connection - model.nation.inca]
May 10, 2018 10:09:48 AM net.sf.freecol.server.networking.Server sendToAll
INFO: Reap dead connection: [DummyConnection Server connection - model.nation.spanish]
May 10, 2018 10:09:48 AM net.sf.freecol.server.networking.Server sendToAll
INFO: Reap dead connection: [DummyConnection Server connection - model.nation.tupi]
May 10, 2018 10:09:48 AM net.sf.freecol.server.networking.Server sendToAll
INFO: Reap dead connection: [DummyConnection Server connection - model.nation.english]
May 10, 2018 10:09:48 AM net.sf.freecol.server.networking.Server sendToAll
INFO: Reap dead connection: [DummyConnection Server connection - model.nation.french]
May 10, 2018 10:09:48 AM net.sf.freecol.common.util.LogBuilder log
INFO: Combat attacker=unit:268-veteranSoldier-soldier [Modifier model.modifier.offence (model.source.baseOffence) ADDITIVE 0.0 index=10] [Modifier model.modifier.offence (model.role.soldier) ADDITIVE 2.0 index=30] [Modifier model.modifier.offence (model.unit.veteranSoldier) PERCENTAGE 50.0 index=40] [Modifier model.modifier.attackBonus (model.source.attackBonus) PERCENTAGE 50.0 index=50] = 4.5 defender=unit:250-brave [Modifier model.modifier.defence (model.source.baseDefence) ADDITIVE 1.0 index=10] [Modifier model.modifier.defence (model.settlement.inca.capital) PERCENTAGE 200.0 index=50] = 3.0 odds=0.6 random(1.0)=0.0 great=true Attack WIN SLAUGHTER_UNIT CAPTURE_CONVERT
May 10, 2018 10:09:49 AM net.sf.freecol.common.util.LogBuilder log
INFO: Destroying: goodsContainer:251 unit:250
May 10, 2018 10:09:49 AM net.sf.freecol.common.model.Specification applyDifficultyLevel
INFO: Applying difficulty level model.difficulty.medium
May 10, 2018 10:09:49 AM net.sf.freecol.common.model.Specification applyDifficultyLevel
INFO: Applying difficulty level model.difficulty.medium
May 10, 2018 10:09:49 AM net.sf.freecol.common.model.Specification applyDifficultyLevel
INFO: Applying difficulty level model.difficulty.medium
May 10, 2018 10:09:49 AM net.sf.freecol.common.FreeColSeed getFreeColSeed
INFO: Using seed: -295795126088104685
May 10, 2018 10:09:49 AM net.sf.freecol.server.networking.Server sendToAll
INFO: Reap dead connection: [DummyConnection Server connection - model.nation.cherokee]
May 10, 2018 10:09:49 AM net.sf.freecol.server.networking.Server sendToAll
INFO: Reap dead connection: [DummyConnection Server connection - model.nation.tupi]
May 10, 2018 10:09:49 AM net.sf.freecol.server.networking.Server sendToAll
INFO: Reap dead connection: [DummyConnection Server connection - model.nation.dutch]
May 10, 2018 10:09:49 AM net.sf.freecol.server.networking.Server sendToAll
INFO: Reap dead connection: [DummyConnection Server connection - model.nation.english]
May 10, 2018 10:09:49 AM net.sf.freecol.server.networking.Server sendToAll
INFO: Reap dead connection: [DummyConnection Server connection - model.nation.apache]
May 10, 2018 10:09:49 AM net.sf.freecol.server.networking.Server sendToAll
INFO: Reap dead connection: [DummyConnection Server connection - model.nation.inca]
May 10, 2018 10:09:49 AM net.sf.freecol.server.networking.Server sendToAll
INFO: Reap dead connection: [DummyConnection Server connection - model.nation.iroquois]
May 10, 2018 10:09:49 AM net.sf.freecol.server.networking.Server sendToAll
INFO: Reap dead connection: [DummyConnection Server connection - model.nation.aztec]
May 10, 2018 10:09:49 AM net.sf.freecol.server.networking.Server sendToAll
INFO: Reap dead connection: [DummyConnection Server connection - model.nation.spanish]
May 10, 2018 10:09:49 AM net.sf.freecol.server.networking.Server sendToAll
INFO: Reap dead connection: [DummyConnection Server connection - model.nation.french]
May 10, 2018 10:09:49 AM net.sf.freecol.server.networking.Server sendToAll
INFO: Reap dead connection: [DummyConnection Server connection - model.nation.arawak]
May 10, 2018 10:09:49 AM net.sf.freecol.server.networking.Server sendToAll
INFO: Reap dead connection: [DummyConnection Server connection - model.nation.sioux]
May 10, 2018 10:09:49 AM net.sf.freecol.common.util.LogBuilder log
INFO: Combat attacker=unit:347-kingsRegular-cavalry [Modifier model.modifier.offence (model.source.baseOffence) ADDITIVE 0.0 index=10] [Modifier model.modifier.offence (model.unit.kingsRegular) ADDITIVE 4.0 index=20] [Modifier model.modifier.offence (model.role.cavalry) ADDITIVE 3.0 index=30] [Modifier model.modifier.attackBonus (model.source.attackBonus) PERCENTAGE 50.0 index=50] = 10.5 defender=unit:348-colonialRegular-dragoon [Modifier model.modifier.defence (model.source.baseDefence) ADDITIVE 1.0 index=10] [Modifier model.modifier.defence (model.unit.colonialRegular) ADDITIVE 3.0 index=20] [Modifier model.modifier.defence (model.role.dragoon) ADDITIVE 2.0 index=30] = 6.0 odds=0.6363636363636364 random(1.0)=0.8500000238418579 great=false Attack LOSE LOSE_EQUIP
May 10, 2018 10:09:49 AM net.sf.freecol.server.model.ServerPlayer csChangeStance
INFO: Stance modification Louis XV PEACE -> WAR wrt Louis XIV
May 10, 2018 10:09:49 AM net.sf.freecol.server.model.ServerPlayer csChangeStance
INFO: Stance modification Louis XIV PEACE -> WAR wrt Louis XV (symmetric)
May 10, 2018 10:09:49 AM net.sf.freecol.common.util.LogBuilder log
INFO: Combat attacker=unit:348-colonialRegular-dragoon [Modifier model.modifier.offence (model.source.baseOffence) ADDITIVE 0.0 index=10] [Modifier model.modifier.offence (model.unit.colonialRegular) ADDITIVE 3.0 index=20] [Modifier model.modifier.offence (model.role.dragoon) ADDITIVE 3.0 index=30] [Modifier model.modifier.attackBonus (model.source.attackBonus) PERCENTAGE 50.0 index=50] = 9.0 defender=unit:347-kingsRegular-infantry [Modifier model.modifier.defence (model.source.baseDefence) ADDITIVE 1.0 index=10] [Modifier model.modifier.defence (model.unit.kingsRegular) ADDITIVE 4.0 index=20] [Modifier model.modifier.defence (model.role.infantry) ADDITIVE 1.0 index=30] = 6.0 odds=0.6 random(1.0)=0.20000000298023224 great=false Attack WIN SLAUGHTER_UNIT
May 10, 2018 10:09:49 AM net.sf.freecol.common.util.LogBuilder log
INFO: Combat attacker=unit:349-kingsRegular-cavalry [Modifier model.modifier.offence (model.source.baseOffence) ADDITIVE 0.0 index=10] [Modifier model.modifier.offence (model.unit.kingsRegular) ADDITIVE 4.0 index=20] [Modifier model.modifier.offence (model.role.cavalry) ADDITIVE 3.0 index=30] [Modifier model.modifier.attackBonus (model.source.attackBonus) PERCENTAGE 50.0 index=50] = 10.5 defender=unit:348-colonialRegular-dragoon [Modifier model.modifier.defence (model.source.baseDefence) ADDITIVE 1.0 index=10] [Modifier model.modifier.defence (model.unit.colonialRegular) ADDITIVE 3.0 index=20] [Modifier model.modifier.defence (model.role.dragoon) ADDITIVE 2.0 index=30] = 6.0 odds=0.6363636363636364 random(1.0)=0.20000000298023224 great=false Attack WIN LOSE_EQUIP
May 10, 2018 10:09:49 AM net.sf.freecol.common.util.LogBuilder log
INFO: Combat attacker=unit:349-kingsRegular-cavalry [Modifier model.modifier.offence (model.source.baseOffence) ADDITIVE 0.0 index=10] [Modifier model.modifier.offence (model.unit.kingsRegular) ADDITIVE 4.0 index=20] [Modifier model.modifier.offence (model.role.cavalry) ADDITIVE 3.0 index=30] [Modifier model.modifier.attackBonus (model.source.attackBonus) PERCENTAGE 50.0 index=50] = 10.5 defender=unit:348-colonialRegular-soldier [Modifier model.modifier.defence (model.source.baseDefence) ADDITIVE 1.0 index=10] [Modifier model.modifier.defence (model.unit.colonialRegular) ADDITIVE 3.0 index=20] [Modifier model.modifier.defence (model.role.soldier) ADDITIVE 1.0 index=30] = 5.0 odds=0.6774193548387096 random(1.0)=0.20000000298023224 great=false Attack WIN LOSE_EQUIP DEMOTE_UNIT
May 10, 2018 10:09:49 AM net.sf.freecol.common.util.LogBuilder log
INFO: Combat attacker=unit:349-kingsRegular-cavalry [Modifier model.modifier.offence (model.source.baseOffence) ADDITIVE 0.0 index=10] [Modifier model.modifier.offence (model.unit.kingsRegular) ADDITIVE 4.0 index=20] [Modifier model.modifier.offence (model.role.cavalry) ADDITIVE 3.0 index=30] [Modifier model.modifier.attackBonus (model.source.attackBonus) PERCENTAGE 50.0 index=50] = 10.5 defender=unit:348-veteranSoldier [Modifier model.modifier.defence (model.source.baseDefence) ADDITIVE 1.0 index=10] [Modifier model.modifier.defence (model.unit.veteranSoldier) PERCENTAGE 50.0 index=40] = 1.5 odds=0.875 random(1.0)=0.20000000298023224 great=false Attack WIN CAPTURE_UNIT
May 10, 2018 10:09:49 AM net.sf.freecol.common.model.Specification applyDifficultyLevel
INFO: Applying difficulty level model.difficulty.medium
May 10, 2018 10:09:49 AM net.sf.freecol.common.model.Specification applyDifficultyLevel
INFO: Applying difficulty level model.difficulty.medium
May 10, 2018 10:09:49 AM net.sf.freecol.common.model.Specification applyDifficultyLevel
INFO: Applying difficulty level model.difficulty.medium
May 10, 2018 10:09:49 AM net.sf.freecol.common.model.Specification applyDifficultyLevel
INFO: Applying difficulty level model.difficulty.medium
May 10, 2018 10:09:49 AM net.sf.freecol.common.model.Specification applyDifficultyLevel
INFO: Applying difficulty level model.difficulty.medium
May 10, 2018 10:09:49 AM net.sf.freecol.common.model.Specification applyDifficultyLevel
INFO: Applying difficulty level model.difficulty.medium
May 10, 2018 10:09:49 AM net.sf.freecol.common.model.Specification applyDifficultyLevel
INFO: Applying difficulty level model.difficulty.medium
May 10, 2018 10:09:49 AM net.sf.freecol.common.model.Specification applyDifficultyLevel
INFO: Applying difficulty level model.difficulty.medium
May 10, 2018 10:09:49 AM net.sf.freecol.common.model.Specification applyDifficultyLevel
INFO: Applying difficulty level model.difficulty.medium
May 10, 2018 10:09:49 AM net.sf.freecol.common.model.Specification applyDifficultyLevel
INFO: Applying difficulty level model.difficulty.medium
May 10, 2018 10:09:49 AM net.sf.freecol.common.model.Specification applyDifficultyLevel
INFO: Applying difficulty level model.difficulty.medium
May 10, 2018 10:09:49 AM net.sf.freecol.common.model.Specification applyDifficultyLevel
INFO: Applying difficulty level model.difficulty.medium
May 10, 2018 10:09:49 AM net.sf.freecol.common.model.Specification applyDifficultyLevel
INFO: Applying difficulty level model.difficulty.medium
May 10, 2018 10:09:49 AM net.sf.freecol.common.model.Specification applyDifficultyLevel
INFO: Applying difficulty level model.difficulty.medium
May 10, 2018 10:09:49 AM net.sf.freecol.common.model.Specification applyDifficultyLevel
INFO: Applying difficulty level model.difficulty.medium
May 10, 2018 10:09:49 AM net.sf.freecol.common.model.Specification applyDifficultyLevel
INFO: Applying difficulty level model.difficulty.medium
May 10, 2018 10:09:49 AM net.sf.freecol.common.model.Specification applyDifficultyLevel
INFO: Applying difficulty level model.difficulty.medium
May 10, 2018 10:09:49 AM net.sf.freecol.common.model.Specification applyDifficultyLevel
INFO: Applying difficulty level model.difficulty.medium
May 10, 2018 10:09:49 AM net.sf.freecol.common.model.Specification applyDifficultyLevel
INFO: Applying difficulty level model.difficulty.medium
May 10, 2018 10:09:49 AM net.sf.freecol.common.model.Specification applyDifficultyLevel
INFO: Applying difficulty level model.difficulty.medium
May 10, 2018 10:09:49 AM net.sf.freecol.common.model.Specification applyDifficultyLevel
INFO: Applying difficulty level model.difficulty.medium
May 10, 2018 10:09:49 AM net.sf.freecol.common.model.Specification applyDifficultyLevel
INFO: Applying difficulty level model.difficulty.medium
May 10, 2018 10:09:49 AM net.sf.freecol.common.model.Specification applyDifficultyLevel
INFO: Applying difficulty level model.difficulty.medium
May 10, 2018 10:09:49 AM net.sf.freecol.common.model.Specification applyDifficultyLevel
INFO: Applying difficulty level model.difficulty.medium
May 10, 2018 10:09:49 AM net.sf.freecol.common.model.Specification applyDifficultyLevel
INFO: Applying difficulty level model.difficulty.medium
May 10, 2018 10:09:49 AM net.sf.freecol.common.model.Specification applyDifficultyLevel
INFO: Applying difficulty level model.difficulty.medium
May 10, 2018 10:09:49 AM net.sf.freecol.common.model.Specification applyDifficultyLevel
INFO: Applying difficulty level model.difficulty.medium
May 10, 2018 10:09:49 AM net.sf.freecol.common.model.Specification applyDifficultyLevel
INFO: Applying difficulty level model.difficulty.medium
May 10, 2018 10:09:49 AM net.sf.freecol.common.model.Specification applyDifficultyLevel
INFO: Applying difficulty level model.difficulty.medium
May 10, 2018 10:09:49 AM net.sf.freecol.common.model.Specification applyDifficultyLevel
INFO: Applying difficulty level model.difficulty.medium
May 10, 2018 10:09:49 AM net.sf.freecol.common.model.Specification applyDifficultyLevel
INFO: Applying difficulty level model.difficulty.medium
May 10, 2018 10:09:49 AM net.sf.freecol.common.model.Specification applyDifficultyLevel
INFO: Applying difficulty level model.difficulty.medium
May 10, 2018 10:09:49 AM net.sf.freecol.common.model.Specification applyDifficultyLevel
INFO: Applying difficulty level model.difficulty.medium
May 10, 2018 10:09:49 AM net.sf.freecol.common.model.Specification applyDifficultyLevel
INFO: Applying difficulty level model.difficulty.medium
May 10, 2018 10:09:49 AM net.sf.freecol.common.model.Specification applyDifficultyLevel
INFO: Applying difficulty level model.difficulty.medium
May 10, 2018 10:09:49 AM net.sf.freecol.common.model.Specification applyDifficultyLevel
INFO: Applying difficulty level model.difficulty.medium
May 10, 2018 10:09:49 AM net.sf.freecol.common.model.Specification applyDifficultyLevel
INFO: Applying difficulty level model.difficulty.medium
May 10, 2018 10:09:49 AM net.sf.freecol.common.model.Specification applyDifficultyLevel
INFO: Applying difficulty level model.difficulty.medium
May 10, 2018 10:09:49 AM net.sf.freecol.common.model.Specification applyDifficultyLevel
INFO: Applying difficulty level model.difficulty.medium
May 10, 2018 10:09:49 AM net.sf.freecol.common.model.Specification applyDifficultyLevel
INFO: Applying difficulty level model.difficulty.medium
May 10, 2018 10:09:49 AM net.sf.freecol.common.model.Specification applyDifficultyLevel
INFO: Applying difficulty level model.difficulty.medium
May 10, 2018 10:09:49 AM net.sf.freecol.common.model.Specification applyDifficultyLevel
INFO: Applying difficulty level model.difficulty.medium
May 10, 2018 10:09:49 AM net.sf.freecol.common.model.Specification applyDifficultyLevel
INFO: Applying difficulty level model.difficulty.medium
May 10, 2018 10:09:49 AM net.sf.freecol.common.model.Specification applyDifficultyLevel
INFO: Applying difficulty level model.difficulty.medium
May 10, 2018 10:09:49 AM net.sf.freecol.common.model.Specification applyDifficultyLevel
INFO: Applying difficulty level model.difficulty.medium
May 10, 2018 10:09:49 AM net.sf.freecol.common.model.Specification applyDifficultyLevel
INFO: Applying difficulty level model.difficulty.medium
May 10, 2018 10:09:49 AM net.sf.freecol.common.model.Specification applyDifficultyLevel
INFO: Applying difficulty level model.difficulty.medium
May 10, 2018 10:09:49 AM net.sf.freecol.common.model.Specification applyDifficultyLevel
INFO: Applying difficulty level model.difficulty.medium
May 10, 2018 10:09:49 AM net.sf.freecol.common.model.Specification applyDifficultyLevel
INFO: Applying difficulty level model.difficulty.medium
May 10, 2018 10:09:49 AM net.sf.freecol.common.model.Specification applyDifficultyLevel
INFO: Applying difficulty level model.difficulty.medium
May 10, 2018 10:09:49 AM net.sf.freecol.common.model.Specification applyDifficultyLevel
INFO: Applying difficulty level model.difficulty.medium
May 10, 2018 10:09:49 AM net.sf.freecol.common.model.Specification applyDifficultyLevel
INFO: Applying difficulty level model.difficulty.medium
May 10, 2018 10:09:49 AM net.sf.freecol.common.model.Specification applyDifficultyLevel
INFO: Applying difficulty level model.difficulty.medium
May 10, 2018 10:09:49 AM net.sf.freecol.common.model.Specification applyDifficultyLevel
INFO: Applying difficulty level model.difficulty.medium
May 10, 2018 10:09:49 AM net.sf.freecol.common.model.Specification applyDifficultyLevel
INFO: Applying difficulty level model.difficulty.medium
May 10, 2018 10:09:49 AM net.sf.freecol.common.model.Specification applyDifficultyLevel
INFO: Applying difficulty level model.difficulty.medium
May 10, 2018 10:09:49 AM net.sf.freecol.common.model.Specification applyDifficultyLevel
INFO: Applying difficulty level model.difficulty.medium
May 10, 2018 10:09:49 AM net.sf.freecol.common.model.Specification applyDifficultyLevel
INFO: Applying difficulty level model.difficulty.medium
May 10, 2018 10:09:49 AM net.sf.freecol.common.model.Specification applyDifficultyLevel
INFO: Applying difficulty level model.difficulty.medium
May 10, 2018 10:09:49 AM net.sf.freecol.common.model.Specification applyDifficultyLevel
INFO: Applying difficulty level model.difficulty.medium
May 10, 2018 10:09:49 AM net.sf.freecol.common.model.Specification applyDifficultyLevel
INFO: Applying difficulty level model.difficulty.medium
May 10, 2018 10:09:49 AM net.sf.freecol.common.model.Specification applyDifficultyLevel
INFO: Applying difficulty level model.difficulty.medium
May 10, 2018 10:09:49 AM net.sf.freecol.common.model.Specification applyDifficultyLevel
INFO: Applying difficulty level model.difficulty.medium
May 10, 2018 10:09:49 AM net.sf.freecol.common.model.Specification applyDifficultyLevel
INFO: Applying difficulty level model.difficulty.medium
May 10, 2018 10:09:49 AM net.sf.freecol.common.model.Specification applyDifficultyLevel
INFO: Applying difficulty level model.difficulty.veryEasy
May 10, 2018 10:09:49 AM net.sf.freecol.common.model.Specification applyDifficultyLevel
INFO: Applying difficulty level model.difficulty.easy
May 10, 2018 10:09:49 AM net.sf.freecol.common.model.Specification applyDifficultyLevel
INFO: Applying difficulty level model.difficulty.medium
May 10, 2018 10:09:49 AM net.sf.freecol.common.model.Specification applyDifficultyLevel
INFO: Applying difficulty level model.difficulty.hard
May 10, 2018 10:09:49 AM net.sf.freecol.common.model.Specification applyDifficultyLevel
INFO: Applying difficulty level model.difficulty.veryHard
May 10, 2018 10:09:49 AM net.sf.freecol.common.model.Specification applyDifficultyLevel
INFO: Applying difficulty level model.difficulty.custom
May 10, 2018 10:09:49 AM net.sf.freecol.common.model.Specification applyDifficultyLevel
INFO: Applying difficulty level model.difficulty.medium
May 10, 2018 10:09:49 AM net.sf.freecol.common.model.Specification applyDifficultyLevel
INFO: Applying difficulty level model.difficulty.medium
May 10, 2018 10:09:49 AM net.sf.freecol.common.model.Specification applyDifficultyLevel
INFO: Applying difficulty level model.difficulty.medium
May 10, 2018 10:09:49 AM net.sf.freecol.common.model.Specification applyDifficultyLevel
INFO: Applying difficulty level model.difficulty.medium
May 10, 2018 10:09:49 AM net.sf.freecol.common.util.LogBuilder log
INFO: Destroying: unit:775
May 10, 2018 10:09:49 AM net.sf.freecol.common.model.Specification applyDifficultyLevel
INFO: Applying difficulty level model.difficulty.medium
May 10, 2018 10:09:49 AM net.sf.freecol.common.model.Specification applyDifficultyLevel
INFO: Applying difficulty level model.difficulty.medium
May 10, 2018 10:09:49 AM net.sf.freecol.common.model.Specification applyDifficultyLevel
INFO: Applying difficulty level model.difficulty.medium
May 10, 2018 10:09:49 AM net.sf.freecol.common.model.Specification applyDifficultyLevel
INFO: Applying difficulty level model.difficulty.medium
May 10, 2018 10:09:49 AM net.sf.freecol.common.model.Specification applyDifficultyLevel
INFO: Applying difficulty level model.difficulty.medium
May 10, 2018 10:09:50 AM net.sf.freecol.common.model.Specification applyDifficultyLevel
INFO: Applying difficulty level model.difficulty.medium
May 10, 2018 10:09:50 AM net.sf.freecol.common.FreeColSeed getFreeColSeed
INFO: Using seed: -4509551985304099518
May 10, 2018 10:09:50 AM net.sf.freecol.server.networking.Server sendToAll
INFO: Reap dead connection: [DummyConnection Server connection - model.nation.french]
May 10, 2018 10:09:50 AM net.sf.freecol.server.networking.Server sendToAll
INFO: Reap dead connection: [DummyConnection Server connection - model.nation.arawak]
May 10, 2018 10:09:50 AM net.sf.freecol.server.networking.Server sendToAll
INFO: Reap dead connection: [DummyConnection Server connection - model.nation.inca]
May 10, 2018 10:09:50 AM net.sf.freecol.server.networking.Server sendToAll
INFO: Reap dead connection: [DummyConnection Server connection - model.nation.spanish]
May 10, 2018 10:09:50 AM net.sf.freecol.server.networking.Server sendToAll
INFO: Reap dead connection: [DummyConnection Server connection - model.nation.sioux]
May 10, 2018 10:09:50 AM net.sf.freecol.server.networking.Server sendToAll
INFO: Reap dead connection: [DummyConnection Server connection - model.nation.apache]
May 10, 2018 10:09:50 AM net.sf.freecol.server.networking.Server sendToAll
INFO: Reap dead connection: [DummyConnection Server connection - model.nation.iroquois]
May 10, 2018 10:09:50 AM net.sf.freecol.server.networking.Server sendToAll
INFO: Reap dead connection: [DummyConnection Server connection - model.nation.tupi]
May 10, 2018 10:09:50 AM net.sf.freecol.server.networking.Server sendToAll
INFO: Reap dead connection: [DummyConnection Server connection - model.nation.dutch]
May 10, 2018 10:09:50 AM net.sf.freecol.server.networking.Server sendToAll
INFO: Reap dead connection: [DummyConnection Server connection - model.nation.aztec]
May 10, 2018 10:09:50 AM net.sf.freecol.server.networking.Server sendToAll
INFO: Reap dead connection: [DummyConnection Server connection - model.nation.english]
May 10, 2018 10:09:50 AM net.sf.freecol.server.networking.Server sendToAll
INFO: Reap dead connection: [DummyConnection Server connection - model.nation.cherokee]
May 10, 2018 10:09:50 AM net.sf.freecol.common.model.Specification applyDifficultyLevel
INFO: Applying difficulty level model.difficulty.medium
May 10, 2018 10:09:51 AM net.sf.freecol.common.model.Specification fixRoles
INFO: Loading role backward compatibility fragment: roles-compat.xml with roles: model.role.defaultmodel.role.scoutmodel.role.soldiermodel.role.dragoonmodel.role.pioneermodel.role.missionarymodel.role.infantrymodel.role.cavalrymodel.role.mountedBravemodel.role.armedBravemodel.role.nativeDragoon
May 10, 2018 10:09:51 AM net.sf.freecol.common.model.Specification checkDifficultyOptionGroup
INFO: Check group model.difficulty.immigration
May 10, 2018 10:09:51 AM net.sf.freecol.common.model.Specification checkDifficultyOptionGroup
INFO: Check group model.difficulty.natives
May 10, 2018 10:09:51 AM net.sf.freecol.common.model.Specification checkDifficultyOptionGroup
INFO: Check group model.difficulty.monarch
May 10, 2018 10:09:51 AM net.sf.freecol.common.model.Specification checkDifficultyOptionGroup
INFO: Check group model.difficulty.government
May 10, 2018 10:09:51 AM net.sf.freecol.common.model.Specification checkDifficultyOptionGroup
INFO: Check group model.difficulty.other
May 10, 2018 10:09:51 AM net.sf.freecol.common.model.Specification checkDifficultyOptionGroup
INFO: Check group model.difficulty.cheat
May 10, 2018 10:09:51 AM net.sf.freecol.common.model.Specification checkDifficultyUnitListOption
INFO: Added difficulty unit list option: model.option.immigrants
May 10, 2018 10:09:51 AM net.sf.freecol.common.model.Specification clean
INFO: Specification clean following load from InputStream complete, starting year=1492, season year=1600, ages=[1,109,309], seasons=2, 247 FreeColGameObjectTypes, 78 Abilities, 41 BuildingTypes, 14 Disasters, 5 EuropeanNationTypes, 2 Events, 25 FoundingFathers, 21 GoodsTypes, 8 IndianNationTypes, 60 Modifiers, 17 Nations, 65 Options, 16 Option Groups, 12 ResourceTypes, 11 Roles, 23 TileTypes, 6 TileImprovementTypes, 42 UnitTypes read.
May 10, 2018 10:09:51 AM net.sf.freecol.common.model.Specification applyDifficultyLevel
INFO: Applying difficulty level model.difficulty.veryEasy
May 10, 2018 10:09:51 AM net.sf.freecol.common.model.Specification checkDifficultyOptionGroup
INFO: Check group model.difficulty.immigration
May 10, 2018 10:09:51 AM net.sf.freecol.common.model.Specification checkDifficultyOptionGroup
INFO: Check group model.difficulty.natives
May 10, 2018 10:09:51 AM net.sf.freecol.common.model.Specification checkDifficultyOptionGroup
INFO: Check group model.difficulty.monarch
May 10, 2018 10:09:51 AM net.sf.freecol.common.model.Specification checkDifficultyOptionGroup
INFO: Check group model.difficulty.government
May 10, 2018 10:09:51 AM net.sf.freecol.common.model.Specification checkDifficultyOptionGroup
INFO: Check group model.difficulty.other
May 10, 2018 10:09:51 AM net.sf.freecol.common.model.Specification checkDifficultyOptionGroup
INFO: Check group model.difficulty.cheat
May 10, 2018 10:09:51 AM net.sf.freecol.common.model.Specification applyDifficultyLevel
INFO: Applying difficulty level model.difficulty.veryEasy
May 10, 2018 10:09:51 AM net.sf.freecol.common.model.Specification clean
INFO: Specification clean following load from InputStream complete, starting year=1492, season year=1600, ages=[1,109,309], seasons=2, 241 FreeColGameObjectTypes, 78 Abilities, 41 BuildingTypes, 14 Disasters, 5 EuropeanNationTypes, 2 Events, 25 FoundingFathers, 21 GoodsTypes, 8 IndianNationTypes, 60 Modifiers, 17 Nations, 112 Options, 22 Option Groups, 12 ResourceTypes, 11 Roles, 23 TileTypes, 6 TileImprovementTypes, 42 UnitTypes read.
May 10, 2018 10:09:51 AM net.sf.freecol.common.model.Specification fixRoles
INFO: Loading role backward compatibility fragment: roles-compat.xml with roles: model.role.defaultmodel.role.scoutmodel.role.soldiermodel.role.dragoonmodel.role.pioneermodel.role.missionarymodel.role.infantrymodel.role.cavalrymodel.role.mountedBravemodel.role.armedBravemodel.role.nativeDragoon
May 10, 2018 10:09:51 AM net.sf.freecol.common.model.Specification checkDifficultyOptionGroup
INFO: Check group model.difficulty.immigration
May 10, 2018 10:09:51 AM net.sf.freecol.common.model.Specification checkDifficultyOptionGroup
INFO: Check group model.difficulty.natives
May 10, 2018 10:09:51 AM net.sf.freecol.common.model.Specification checkDifficultyOptionGroup
INFO: Check group model.difficulty.monarch
May 10, 2018 10:09:51 AM net.sf.freecol.common.model.Specification checkDifficultyOptionGroup
INFO: Check group model.difficulty.government
May 10, 2018 10:09:51 AM net.sf.freecol.common.model.Specification checkDifficultyOptionGroup
INFO: Check group model.difficulty.other
May 10, 2018 10:09:51 AM net.sf.freecol.common.model.Specification checkDifficultyOptionGroup
INFO: Check group model.difficulty.cheat
May 10, 2018 10:09:51 AM net.sf.freecol.common.model.Specification checkDifficultyUnitListOption
INFO: Added difficulty unit list option: model.option.immigrants
May 10, 2018 10:09:51 AM net.sf.freecol.common.model.Specification clean
INFO: Specification clean following load from InputStream complete, starting year=1492, season year=1600, ages=[1,109,309], seasons=2, 247 FreeColGameObjectTypes, 78 Abilities, 41 BuildingTypes, 14 Disasters, 5 EuropeanNationTypes, 2 Events, 25 FoundingFathers, 21 GoodsTypes, 8 IndianNationTypes, 60 Modifiers, 17 Nations, 65 Options, 16 Option Groups, 12 ResourceTypes, 11 Roles, 23 TileTypes, 6 TileImprovementTypes, 42 UnitTypes read.
May 10, 2018 10:09:51 AM net.sf.freecol.common.model.Specification applyDifficultyLevel
INFO: Applying difficulty level model.difficulty.veryEasy
May 10, 2018 10:09:51 AM net.sf.freecol.common.model.Specification checkDifficultyOptionGroup
INFO: Check group model.difficulty.immigration
May 10, 2018 10:09:51 AM net.sf.freecol.common.model.Specification checkDifficultyOptionGroup
INFO: Check group model.difficulty.natives
May 10, 2018 10:09:51 AM net.sf.freecol.common.model.Specification checkDifficultyOptionGroup
INFO: Check group model.difficulty.monarch
May 10, 2018 10:09:51 AM net.sf.freecol.common.model.Specification checkDifficultyOptionGroup
INFO: Check group model.difficulty.government
May 10, 2018 10:09:51 AM net.sf.freecol.common.model.Specification checkDifficultyOptionGroup
INFO: Check group model.difficulty.other
May 10, 2018 10:09:51 AM net.sf.freecol.common.model.Specification checkDifficultyOptionGroup
INFO: Check group model.difficulty.cheat
May 10, 2018 10:09:51 AM net.sf.freecol.common.model.Specification applyDifficultyLevel
INFO: Applying difficulty level model.difficulty.veryEasy
May 10, 2018 10:09:51 AM net.sf.freecol.common.model.Specification clean
INFO: Specification clean following load from InputStream complete, starting year=1492, season year=1600, ages=[1,109,309], seasons=2, 241 FreeColGameObjectTypes, 78 Abilities, 41 BuildingTypes, 14 Disasters, 5 EuropeanNationTypes, 2 Events, 25 FoundingFathers, 21 GoodsTypes, 8 IndianNationTypes, 60 Modifiers, 17 Nations, 112 Options, 22 Option Groups, 12 ResourceTypes, 11 Roles, 23 TileTypes, 6 TileImprovementTypes, 42 UnitTypes read.
May 10, 2018 10:09:51 AM net.sf.freecol.common.model.Specification applyDifficultyLevel
INFO: Applying difficulty level model.difficulty.medium
May 10, 2018 10:09:51 AM net.sf.freecol.common.model.Specification applyDifficultyLevel
INFO: Applying difficulty level model.difficulty.medium
May 10, 2018 10:09:51 AM net.sf.freecol.common.model.Specification applyDifficultyLevel
INFO: Applying difficulty level model.difficulty.medium
May 10, 2018 10:09:51 AM net.sf.freecol.common.util.LogBuilder log
INFO: Destroying: goodsContainer:776 goodsContainer:778 unit:777 indianSettlement:775
May 10, 2018 10:09:51 AM net.sf.freecol.common.util.LogBuilder log
INFO: Destroying: goodsContainer:782 goodsContainer:784 unit:783 indianSettlement:781
May 10, 2018 10:09:51 AM net.sf.freecol.common.util.LogBuilder log
INFO: Destroying: goodsContainer:786 goodsContainer:788 unit:787 indianSettlement:785
May 10, 2018 10:09:51 AM net.sf.freecol.common.util.LogBuilder log
INFO: Destroying: goodsContainer:790 goodsContainer:792 unit:791 indianSettlement:789
May 10, 2018 10:09:51 AM net.sf.freecol.common.model.Specification applyDifficultyLevel
INFO: Applying difficulty level model.difficulty.medium
May 10, 2018 10:09:51 AM net.sf.freecol.common.model.Specification applyDifficultyLevel
INFO: Applying difficulty level model.difficulty.medium
May 10, 2018 10:09:51 AM net.sf.freecol.common.model.Specification applyDifficultyLevel
INFO: Applying difficulty level model.difficulty.medium
May 10, 2018 10:09:51 AM net.sf.freecol.common.model.Specification applyDifficultyLevel
INFO: Applying difficulty level model.difficulty.medium
May 10, 2018 10:09:51 AM net.sf.freecol.common.model.Specification applyDifficultyLevel
INFO: Applying difficulty level model.difficulty.medium
May 10, 2018 10:09:51 AM net.sf.freecol.common.model.Specification applyDifficultyLevel
INFO: Applying difficulty level model.difficulty.medium
May 10, 2018 10:09:51 AM net.sf.freecol.common.util.LogBuilder log
INFO: Destroying: tileImprovement:799
May 10, 2018 10:09:51 AM net.sf.freecol.common.model.Specification applyDifficultyLevel
INFO: Applying difficulty level model.difficulty.medium
May 10, 2018 10:09:51 AM net.sf.freecol.common.model.Specification applyDifficultyLevel
INFO: Applying difficulty level model.difficulty.medium
May 10, 2018 10:09:51 AM net.sf.freecol.common.model.Specification applyDifficultyLevel
INFO: Applying difficulty level model.difficulty.medium
May 10, 2018 10:09:51 AM net.sf.freecol.common.util.LogBuilder log
INFO: Destroying: tileImprovement:780
May 10, 2018 10:09:51 AM net.sf.freecol.common.model.Specification applyDifficultyLevel
INFO: Applying difficulty level model.difficulty.medium
May 10, 2018 10:09:51 AM net.sf.freecol.common.model.Specification applyDifficultyLevel
INFO: Applying difficulty level model.difficulty.medium
May 10, 2018 10:09:51 AM net.sf.freecol.common.model.Specification applyDifficultyLevel
INFO: Applying difficulty level model.difficulty.medium
May 10, 2018 10:09:51 AM net.sf.freecol.common.model.Specification applyDifficultyLevel
INFO: Applying difficulty level model.difficulty.medium
May 10, 2018 10:09:51 AM net.sf.freecol.common.model.Specification applyDifficultyLevel
INFO: Applying difficulty level model.difficulty.medium
May 10, 2018 10:09:51 AM net.sf.freecol.common.model.Specification applyDifficultyLevel
INFO: Applying difficulty level model.difficulty.medium
May 10, 2018 10:09:51 AM net.sf.freecol.common.model.Specification applyDifficultyLevel
INFO: Applying difficulty level model.difficulty.medium
May 10, 2018 10:09:51 AM net.sf.freecol.common.util.LogBuilder log
INFO: Destroying: tileImprovement:804
May 10, 2018 10:09:51 AM net.sf.freecol.common.model.Specification applyDifficultyLevel
INFO: Applying difficulty level model.difficulty.medium
May 10, 2018 10:09:51 AM net.sf.freecol.common.model.Specification applyDifficultyLevel
INFO: Applying difficulty level model.difficulty.medium
May 10, 2018 10:09:51 AM net.sf.freecol.common.model.Unit setLocation
WARNING: Can not add [unit:775 dutch merchantman 5/5] to tile:573
May 10, 2018 10:09:51 AM net.sf.freecol.common.model.Specification applyDifficultyLevel
INFO: Applying difficulty level model.difficulty.medium
May 10, 2018 10:09:51 AM net.sf.freecol.common.model.Unit setLocation
WARNING: Can not add [unit:775 dutch merchantman 5/5] to tile:573
May 10, 2018 10:09:51 AM net.sf.freecol.common.model.Specification applyDifficultyLevel
INFO: Applying difficulty level model.difficulty.medium
May 10, 2018 10:09:51 AM net.sf.freecol.common.model.Specification applyDifficultyLevel
INFO: Applying difficulty level model.difficulty.medium
May 10, 2018 10:09:51 AM net.sf.freecol.common.model.Specification applyDifficultyLevel
INFO: Applying difficulty level model.difficulty.medium
May 10, 2018 10:09:51 AM net.sf.freecol.common.model.Specification applyDifficultyLevel
INFO: Applying difficulty level model.difficulty.medium
May 10, 2018 10:09:51 AM net.sf.freecol.common.util.LogBuilder log
INFO: Destroying: goodsContainer:782 unit:781
May 10, 2018 10:09:51 AM net.sf.freecol.common.model.Specification applyDifficultyLevel
INFO: Applying difficulty level model.difficulty.medium
May 10, 2018 10:09:51 AM net.sf.freecol.common.model.Specification applyDifficultyLevel
INFO: Applying difficulty level model.difficulty.medium
May 10, 2018 10:09:51 AM net.sf.freecol.common.model.Unit setLocation
WARNING: Can not add [unit:775 dutch merchantman 5/5] to tile:573
May 10, 2018 10:09:51 AM net.sf.freecol.common.model.Specification applyDifficultyLevel
INFO: Applying difficulty level model.difficulty.medium
May 10, 2018 10:09:51 AM net.sf.freecol.common.model.Specification applyDifficultyLevel
INFO: Applying difficulty level model.difficulty.medium
May 10, 2018 10:09:51 AM net.sf.freecol.common.model.Unit setLocation
WARNING: Can not add [unit:777 dutch galleon 6/6] to tile:629
May 10, 2018 10:09:51 AM net.sf.freecol.common.model.Specification applyDifficultyLevel
INFO: Applying difficulty level model.difficulty.medium
May 10, 2018 10:09:51 AM net.sf.freecol.common.model.Specification applyDifficultyLevel
INFO: Applying difficulty level model.difficulty.medium
May 10, 2018 10:09:51 AM net.sf.freecol.common.model.Specification applyDifficultyLevel
INFO: Applying difficulty level model.difficulty.veryEasy
May 10, 2018 10:09:51 AM net.sf.freecol.common.model.Specification applyDifficultyLevel
INFO: Applying difficulty level model.difficulty.easy
May 10, 2018 10:09:51 AM net.sf.freecol.common.model.Specification applyDifficultyLevel
INFO: Applying difficulty level model.difficulty.medium
May 10, 2018 10:09:51 AM net.sf.freecol.common.model.Specification applyDifficultyLevel
INFO: Applying difficulty level model.difficulty.hard
May 10, 2018 10:09:51 AM net.sf.freecol.common.model.Specification applyDifficultyLevel
INFO: Applying difficulty level model.difficulty.veryHard
May 10, 2018 10:09:51 AM net.sf.freecol.common.model.Specification applyDifficultyLevel
INFO: Applying difficulty level model.difficulty.veryEasy
May 10, 2018 10:09:51 AM net.sf.freecol.common.model.Specification applyDifficultyLevel
INFO: Applying difficulty level model.difficulty.easy
May 10, 2018 10:09:51 AM net.sf.freecol.common.model.Specification applyDifficultyLevel
INFO: Applying difficulty level model.difficulty.medium
May 10, 2018 10:09:51 AM net.sf.freecol.common.model.Specification applyDifficultyLevel
INFO: Applying difficulty level model.difficulty.hard
May 10, 2018 10:09:51 AM net.sf.freecol.common.model.Specification applyDifficultyLevel
INFO: Applying difficulty level model.difficulty.veryHard
May 10, 2018 10:09:51 AM net.sf.freecol.common.model.Specification applyDifficultyLevel
INFO: Applying difficulty level model.difficulty.medium
May 10, 2018 10:09:51 AM net.sf.freecol.common.model.Specification applyDifficultyLevel
INFO: Applying difficulty level model.difficulty.medium
May 10, 2018 10:09:51 AM net.sf.freecol.common.model.Unit setLocation
WARNING: Can not add [unit:775 dutch frigate 6/6] to tile:574
May 10, 2018 10:09:51 AM net.sf.freecol.common.model.Specification applyDifficultyLevel
INFO: Applying difficulty level model.difficulty.medium
May 10, 2018 10:09:51 AM net.sf.freecol.common.model.Specification applyDifficultyLevel
INFO: Applying difficulty level model.difficulty.medium
May 10, 2018 10:09:51 AM net.sf.freecol.common.model.Specification applyDifficultyLevel
INFO: Applying difficulty level model.difficulty.medium
May 10, 2018 10:09:51 AM net.sf.freecol.common.model.Specification applyDifficultyLevel
INFO: Applying difficulty level model.difficulty.medium
May 10, 2018 10:09:51 AM net.sf.freecol.common.model.Specification applyDifficultyLevel
INFO: Applying difficulty level model.difficulty.medium
May 10, 2018 10:09:53 AM net.sf.freecol.common.resources.FontResource <init>
INFO: Loaded font: Beach Society Light from: file:/Users/anthonyvisalli/Documents/COSC_HWs/Software%20Testing/FreeCol/data/base/resources/Fonts/BeachSocietyLight.ttf
May 10, 2018 10:09:53 AM net.sf.freecol.common.resources.ResourceMapping add
WARNING: Rejecting malformed resource key: myFavoriteFont
May 10, 2018 10:09:53 AM net.sf.freecol.common.resources.FontResource <init>
INFO: Loaded font: Dialog from: urn:font:BeachSocietyLight-PLAIN-13
May 10, 2018 10:09:53 AM net.sf.freecol.common.resources.FontResource <init>
INFO: Loaded font: Dialog from: urn:font:Dialog-PLAIN-12
May 10, 2018 10:09:53 AM net.sf.freecol.common.resources.ResourceMapping add
WARNING: Rejecting malformed resource key: font.header
May 10, 2018 10:09:53 AM net.sf.freecol.common.util.LogBuilder log
INFO: Resource mapping, data/base/resources.properties loaded, data/base/resources_en.properties not found
May 10, 2018 10:09:53 AM net.sf.freecol.common.resources.ResourceManager setBaseMapping
INFO: setBaseMapping net.sf.freecol.common.resources.ResourceMapping@9225652
May 10, 2018 10:09:53 AM net.sf.freecol.common.resources.ResourceMapping add
WARNING: Rejecting malformed resource key: myFavoriteFont
May 10, 2018 10:09:53 AM net.sf.freecol.common.resources.ResourceMapping add
WARNING: Rejecting malformed resource key: font.header
May 10, 2018 10:09:53 AM net.sf.freecol.common.util.LogBuilder log
INFO: Resource mapping, data/base/resources.properties loaded, data/base/resources_en.properties not found
May 10, 2018 10:09:53 AM net.sf.freecol.common.resources.ResourceManager setBaseMapping
INFO: setBaseMapping net.sf.freecol.common.resources.ResourceMapping@7e0b85f9
May 10, 2018 10:09:53 AM net.sf.freecol.common.util.LogBuilder log
INFO: Resource mapping, data/rules/freecol/resources.properties loaded, data/rules/freecol/resources_en.properties not found
May 10, 2018 10:09:53 AM net.sf.freecol.common.util.LogBuilder log
INFO: Resource mapping, data/rules/classic/resources.properties loaded, data/rules/classic/resources_en.properties not found
May 10, 2018 10:09:53 AM net.sf.freecol.common.resources.ResourceManager setTcMapping
INFO: setTcMapping net.sf.freecol.common.resources.ResourceMapping@9353778
May 10, 2018 10:09:56 AM net.sf.freecol.common.FreeColSeed getFreeColSeed
INFO: Using seed: 5721706533636600846
May 10, 2018 10:09:56 AM net.sf.freecol.common.model.LandMap <init>
INFO: Using land generator model.option.landGeneratorType.classic
May 10, 2018 10:09:57 AM net.sf.freecol.common.util.LogBuilder log
INFO: Destroying: tileImprovement:4365
May 10, 2018 10:09:57 AM net.sf.freecol.common.util.LogBuilder log
INFO: Destroying: tileImprovement:4367
May 10, 2018 10:09:57 AM net.sf.freecol.common.util.LogBuilder log
INFO: Destroying: tileImprovement:4369
May 10, 2018 10:09:57 AM net.sf.freecol.common.util.LogBuilder log
INFO: Destroying: tileImprovement:4371
May 10, 2018 10:09:57 AM net.sf.freecol.common.util.LogBuilder log
INFO: Destroying: tileImprovement:4373
May 10, 2018 10:09:57 AM net.sf.freecol.common.util.LogBuilder log
INFO: Destroying: tileImprovement:4375
May 10, 2018 10:09:57 AM net.sf.freecol.common.util.LogBuilder log
INFO: Destroying: tileImprovement:4377
May 10, 2018 10:09:57 AM net.sf.freecol.common.util.LogBuilder log
INFO: Destroying: tileImprovement:4315
May 10, 2018 10:09:57 AM net.sf.freecol.common.util.LogBuilder log
INFO: Destroying: tileImprovement:4388
May 10, 2018 10:09:57 AM net.sf.freecol.common.util.LogBuilder log
INFO: Destroying: tileImprovement:4390
May 10, 2018 10:09:57 AM net.sf.freecol.common.util.LogBuilder log
INFO: Destroying: tileImprovement:4392
May 10, 2018 10:09:57 AM net.sf.freecol.common.util.LogBuilder log
INFO: Destroying: tileImprovement:4394
May 10, 2018 10:09:57 AM net.sf.freecol.common.util.LogBuilder log
INFO: Destroying: tileImprovement:4396
May 10, 2018 10:09:57 AM net.sf.freecol.common.util.LogBuilder log
INFO: Destroying: tileImprovement:4398
May 10, 2018 10:09:57 AM net.sf.freecol.common.util.LogBuilder log
INFO: Destroying: tileImprovement:4400
May 10, 2018 10:09:57 AM net.sf.freecol.common.util.LogBuilder log
INFO: Destroying: tileImprovement:4402
May 10, 2018 10:09:57 AM net.sf.freecol.common.util.LogBuilder log
INFO: Destroying: tileImprovement:4404
May 10, 2018 10:09:57 AM net.sf.freecol.common.util.LogBuilder log
INFO: Destroying: tileImprovement:4406
May 10, 2018 10:09:57 AM net.sf.freecol.common.util.LogBuilder log
INFO: Destroying: tileImprovement:4408
May 10, 2018 10:09:57 AM net.sf.freecol.common.util.LogBuilder log
INFO: Destroying: tileImprovement:4410
May 10, 2018 10:09:57 AM net.sf.freecol.common.util.LogBuilder log
INFO: Destroying: tileImprovement:4412
May 10, 2018 10:09:57 AM net.sf.freecol.common.util.LogBuilder log
INFO: Destroying: tileImprovement:4414
May 10, 2018 10:09:57 AM net.sf.freecol.common.util.LogBuilder log
INFO: Destroying: tileImprovement:4416
May 10, 2018 10:09:57 AM net.sf.freecol.common.util.LogBuilder log
INFO: Destroying: tileImprovement:4418
May 10, 2018 10:09:57 AM net.sf.freecol.common.util.LogBuilder log
INFO: Destroying: tileImprovement:4420
May 10, 2018 10:09:57 AM net.sf.freecol.common.util.LogBuilder log
INFO: Destroying: tileImprovement:4422
May 10, 2018 10:09:57 AM net.sf.freecol.common.util.LogBuilder log
INFO: Destroying: tileImprovement:4424
May 10, 2018 10:09:57 AM net.sf.freecol.common.util.LogBuilder log
INFO: Destroying: tileImprovement:4426
May 10, 2018 10:09:57 AM net.sf.freecol.common.util.LogBuilder log
INFO: Destroying: tileImprovement:4517
May 10, 2018 10:09:57 AM net.sf.freecol.common.util.LogBuilder log
INFO: Destroying: tileImprovement:4519
May 10, 2018 10:09:57 AM net.sf.freecol.common.util.LogBuilder log
INFO: Destroying: tileImprovement:4512
May 10, 2018 10:09:57 AM net.sf.freecol.common.util.LogBuilder log
INFO: Destroying: tileImprovement:4613
May 10, 2018 10:09:57 AM net.sf.freecol.common.util.LogBuilder log
INFO: Destroying: tileImprovement:4615
May 10, 2018 10:09:57 AM net.sf.freecol.common.util.LogBuilder log
INFO: Destroying: tileImprovement:4617
May 10, 2018 10:09:57 AM net.sf.freecol.common.util.LogBuilder log
INFO: Destroying: tileImprovement:4619
May 10, 2018 10:09:57 AM net.sf.freecol.common.util.LogBuilder log
INFO: Destroying: tileImprovement:4621
May 10, 2018 10:09:57 AM net.sf.freecol.common.util.LogBuilder log
INFO: Destroying: tileImprovement:4565
May 10, 2018 10:09:57 AM net.sf.freecol.common.util.LogBuilder log
INFO: Destroying: tileImprovement:4566
May 10, 2018 10:09:57 AM net.sf.freecol.common.util.LogBuilder log
INFO: Destroying: tileImprovement:4567
May 10, 2018 10:09:57 AM net.sf.freecol.common.util.LogBuilder log
INFO: Destroying: tileImprovement:4568
May 10, 2018 10:09:57 AM net.sf.freecol.common.util.LogBuilder log
INFO: Destroying: tileImprovement:4569
May 10, 2018 10:09:57 AM net.sf.freecol.common.util.LogBuilder log
INFO: Destroying: tileImprovement:4570
May 10, 2018 10:09:57 AM net.sf.freecol.common.util.LogBuilder log
INFO: Destroying: tileImprovement:4571
May 10, 2018 10:09:57 AM net.sf.freecol.common.util.LogBuilder log
INFO: Destroying: tileImprovement:4572
May 10, 2018 10:09:57 AM net.sf.freecol.common.util.LogBuilder log
INFO: Destroying: tileImprovement:4573
May 10, 2018 10:09:57 AM net.sf.freecol.common.util.LogBuilder log
INFO: Destroying: tileImprovement:4574
May 10, 2018 10:09:57 AM net.sf.freecol.common.util.LogBuilder log
INFO: Destroying: tileImprovement:4575
May 10, 2018 10:09:57 AM net.sf.freecol.common.util.LogBuilder log
INFO: Destroying: tileImprovement:4576
May 10, 2018 10:09:57 AM net.sf.freecol.common.util.LogBuilder log
INFO: Destroying: tileImprovement:4578
May 10, 2018 10:09:57 AM net.sf.freecol.common.util.LogBuilder log
INFO: Destroying: tileImprovement:4556
May 10, 2018 10:09:57 AM net.sf.freecol.common.util.LogBuilder log
INFO: Destroying: tileImprovement:4557
May 10, 2018 10:09:57 AM net.sf.freecol.common.util.LogBuilder log
INFO: Destroying: tileImprovement:4558
May 10, 2018 10:09:57 AM net.sf.freecol.common.util.LogBuilder log
INFO: Destroying: tileImprovement:4559
May 10, 2018 10:09:57 AM net.sf.freecol.common.util.LogBuilder log
INFO: Destroying: tileImprovement:4560
May 10, 2018 10:09:57 AM net.sf.freecol.common.util.LogBuilder log
INFO: Destroying: tileImprovement:4561
May 10, 2018 10:09:57 AM net.sf.freecol.common.util.LogBuilder log
INFO: Destroying: tileImprovement:4562
May 10, 2018 10:09:57 AM net.sf.freecol.common.util.LogBuilder log
INFO: Destroying: tileImprovement:4563
May 10, 2018 10:09:57 AM net.sf.freecol.common.util.LogBuilder log
INFO: Destroying: tileImprovement:4564
May 10, 2018 10:09:57 AM net.sf.freecol.common.util.LogBuilder log
INFO: Destroying: tileImprovement:4651
May 10, 2018 10:09:57 AM net.sf.freecol.common.util.LogBuilder log
INFO: Destroying: tileImprovement:4653
May 10, 2018 10:09:57 AM net.sf.freecol.common.util.LogBuilder log
INFO: Destroying: tileImprovement:4655
May 10, 2018 10:09:57 AM net.sf.freecol.common.util.LogBuilder log
INFO: Destroying: tileImprovement:4657
May 10, 2018 10:09:57 AM net.sf.freecol.common.util.LogBuilder log
INFO: Destroying: tileImprovement:4659
May 10, 2018 10:09:57 AM net.sf.freecol.common.util.LogBuilder log
INFO: Destroying: tileImprovement:4661
May 10, 2018 10:09:57 AM net.sf.freecol.common.util.LogBuilder log
INFO: Destroying: tileImprovement:4320
May 10, 2018 10:09:57 AM net.sf.freecol.common.util.LogBuilder log
INFO: Destroying: tileImprovement:4322
May 10, 2018 10:09:57 AM net.sf.freecol.common.util.LogBuilder log
INFO: Destroying: tileImprovement:4324
May 10, 2018 10:09:57 AM net.sf.freecol.common.util.LogBuilder log
INFO: Destroying: tileImprovement:4326
May 10, 2018 10:09:57 AM net.sf.freecol.common.util.LogBuilder log
INFO: Destroying: tileImprovement:4328
May 10, 2018 10:09:57 AM net.sf.freecol.common.util.LogBuilder log
INFO: Destroying: tileImprovement:4330
May 10, 2018 10:09:57 AM net.sf.freecol.common.util.LogBuilder log
INFO: Destroying: tileImprovement:4332
May 10, 2018 10:09:57 AM net.sf.freecol.common.util.LogBuilder log
INFO: Destroying: tileImprovement:4334
May 10, 2018 10:09:57 AM net.sf.freecol.common.util.LogBuilder log
INFO: Destroying: tileImprovement:4336
May 10, 2018 10:09:57 AM net.sf.freecol.common.util.LogBuilder log
INFO: Destroying: tileImprovement:4338
May 10, 2018 10:09:57 AM net.sf.freecol.common.util.LogBuilder log
INFO: Destroying: tileImprovement:4340
May 10, 2018 10:09:57 AM net.sf.freecol.common.util.LogBuilder log
INFO: Destroying: tileImprovement:4499
May 10, 2018 10:09:57 AM net.sf.freecol.common.util.LogBuilder log
INFO: Destroying: tileImprovement:4501
May 10, 2018 10:09:57 AM net.sf.freecol.common.util.LogBuilder log
INFO: Destroying: tileImprovement:4488
May 10, 2018 10:09:57 AM net.sf.freecol.common.util.LogBuilder log
INFO: Destroying: tileImprovement:4489
May 10, 2018 10:09:57 AM net.sf.freecol.common.util.LogBuilder log
INFO: Destroying: tileImprovement:4490
May 10, 2018 10:09:57 AM net.sf.freecol.common.util.LogBuilder log
INFO: Destroying: tileImprovement:4491
May 10, 2018 10:09:57 AM net.sf.freecol.common.util.LogBuilder log
INFO: Destroying: tileImprovement:4492
May 10, 2018 10:09:57 AM net.sf.freecol.common.util.LogBuilder log
INFO: Destroying: tileImprovement:4493
May 10, 2018 10:09:57 AM net.sf.freecol.common.util.LogBuilder log
INFO: Destroying: tileImprovement:4494
May 10, 2018 10:09:57 AM net.sf.freecol.common.util.LogBuilder log
INFO: Destroying: tileImprovement:4449
May 10, 2018 10:09:57 AM net.sf.freecol.common.util.LogBuilder log
INFO: Destroying: tileImprovement:4451
May 10, 2018 10:09:57 AM net.sf.freecol.common.util.LogBuilder log
INFO: Destroying: tileImprovement:4453
May 10, 2018 10:09:57 AM net.sf.freecol.common.util.LogBuilder log
INFO: Destroying: tileImprovement:4455
May 10, 2018 10:09:57 AM net.sf.freecol.common.util.LogBuilder log
INFO: Destroying: tileImprovement:4701
May 10, 2018 10:09:57 AM net.sf.freecol.common.util.LogBuilder log
INFO: Destroying: tileImprovement:4702
May 10, 2018 10:09:57 AM net.sf.freecol.common.util.LogBuilder log
INFO: Destroying: tileImprovement:4703
May 10, 2018 10:09:57 AM net.sf.freecol.common.util.LogBuilder log
INFO: Destroying: tileImprovement:4704
May 10, 2018 10:09:57 AM net.sf.freecol.common.util.LogBuilder log
INFO: Destroying: tileImprovement:4705
May 10, 2018 10:09:57 AM net.sf.freecol.common.util.LogBuilder log
INFO: Destroying: tileImprovement:4706
May 10, 2018 10:09:57 AM net.sf.freecol.common.util.LogBuilder log
INFO: Destroying: tileImprovement:4707
May 10, 2018 10:09:57 AM net.sf.freecol.common.util.LogBuilder log
INFO: Destroying: tileImprovement:4708
May 10, 2018 10:09:57 AM net.sf.freecol.common.util.LogBuilder log
INFO: Destroying: tileImprovement:4709
May 10, 2018 10:09:57 AM net.sf.freecol.common.util.LogBuilder log
INFO: Destroying: tileImprovement:4710
May 10, 2018 10:09:57 AM net.sf.freecol.common.util.LogBuilder log
INFO: Destroying: tileImprovement:4711
May 10, 2018 10:09:57 AM net.sf.freecol.common.util.LogBuilder log
INFO: Destroying: tileImprovement:4672
May 10, 2018 10:09:57 AM net.sf.freecol.common.util.LogBuilder log
INFO: Destroying: tileImprovement:4666
May 10, 2018 10:09:57 AM net.sf.freecol.common.util.LogBuilder log
INFO: Destroying: tileImprovement:4667
May 10, 2018 10:09:57 AM net.sf.freecol.common.util.LogBuilder log
INFO: Destroying: tileImprovement:4458
May 10, 2018 10:09:57 AM net.sf.freecol.common.util.LogBuilder log
INFO: Destroying: tileImprovement:4460
May 10, 2018 10:09:57 AM net.sf.freecol.common.util.LogBuilder log
INFO: Destroying: tileImprovement:4462
May 10, 2018 10:09:57 AM net.sf.freecol.common.util.LogBuilder log
INFO: Destroying: tileImprovement:4464
May 10, 2018 10:09:57 AM net.sf.freecol.common.util.LogBuilder log
INFO: Destroying: tileImprovement:4466
May 10, 2018 10:09:57 AM net.sf.freecol.common.util.LogBuilder log
INFO: Destroying: tileImprovement:4468
May 10, 2018 10:09:57 AM net.sf.freecol.common.util.LogBuilder log
INFO: Destroying: tileImprovement:4470
May 10, 2018 10:09:57 AM net.sf.freecol.common.util.LogBuilder log
INFO: Destroying: tileImprovement:4472
May 10, 2018 10:09:57 AM net.sf.freecol.common.util.LogBuilder log
INFO: Destroying: tileImprovement:4474
May 10, 2018 10:09:57 AM net.sf.freecol.common.util.LogBuilder log
INFO: Destroying: tileImprovement:4476
May 10, 2018 10:09:57 AM net.sf.freecol.common.util.LogBuilder log
INFO: Destroying: tileImprovement:4478
May 10, 2018 10:09:57 AM net.sf.freecol.common.util.LogBuilder log
INFO: Destroying: tileImprovement:4480
May 10, 2018 10:09:57 AM net.sf.freecol.common.util.LogBuilder log
INFO: Destroying: tileImprovement:4482
May 10, 2018 10:09:57 AM net.sf.freecol.common.util.LogBuilder log
INFO: Destroying: tileImprovement:4608
May 10, 2018 10:09:57 AM net.sf.freecol.common.util.LogBuilder log
INFO: Destroying: tileImprovement:4610
May 10, 2018 10:09:57 AM net.sf.freecol.common.util.LogBuilder log
INFO: Destroying: tileImprovement:4583
May 10, 2018 10:09:57 AM net.sf.freecol.common.util.LogBuilder log
INFO: Destroying: tileImprovement:4584
May 10, 2018 10:09:57 AM net.sf.freecol.common.util.LogBuilder log
INFO: Destroying: tileImprovement:4592
May 10, 2018 10:09:57 AM net.sf.freecol.common.util.LogBuilder log
INFO: Destroying: tileImprovement:4594
May 10, 2018 10:09:57 AM net.sf.freecol.common.util.LogBuilder log
INFO: Destroying: tileImprovement:4596
May 10, 2018 10:09:57 AM net.sf.freecol.common.util.LogBuilder log
INFO: Destroying: tileImprovement:4598
May 10, 2018 10:09:57 AM net.sf.freecol.common.util.LogBuilder log
INFO: Destroying: tileImprovement:4600
May 10, 2018 10:09:57 AM net.sf.freecol.common.util.LogBuilder log
INFO: Destroying: tileImprovement:4602
May 10, 2018 10:09:57 AM net.sf.freecol.common.util.LogBuilder log
INFO: Destroying: tileImprovement:4604
May 10, 2018 10:09:57 AM net.sf.freecol.common.util.LogBuilder log
INFO: Destroying: tileImprovement:4606
May 10, 2018 10:09:57 AM net.sf.freecol.common.util.LogBuilder log
INFO: Destroying: tileImprovement:4817
May 10, 2018 10:09:57 AM net.sf.freecol.common.util.LogBuilder log
INFO: Destroying: tileImprovement:4818
May 10, 2018 10:09:57 AM net.sf.freecol.common.util.LogBuilder log
INFO: Destroying: tileImprovement:4871
May 10, 2018 10:09:57 AM net.sf.freecol.common.util.LogBuilder log
INFO: Destroying: tileImprovement:4872
May 10, 2018 10:09:57 AM net.sf.freecol.common.util.LogBuilder log
INFO: Destroying: tileImprovement:4873
May 10, 2018 10:09:57 AM net.sf.freecol.common.util.LogBuilder log
INFO: Destroying: tileImprovement:4353
May 10, 2018 10:09:57 AM net.sf.freecol.common.util.LogBuilder log
INFO: Destroying: tileImprovement:4355
May 10, 2018 10:09:57 AM net.sf.freecol.common.util.LogBuilder log
INFO: Destroying: tileImprovement:4357
May 10, 2018 10:09:57 AM net.sf.freecol.common.util.LogBuilder log
INFO: Destroying: tileImprovement:4359
May 10, 2018 10:09:57 AM net.sf.freecol.common.util.LogBuilder log
INFO: Destroying: tileImprovement:4343
May 10, 2018 10:09:57 AM net.sf.freecol.common.util.LogBuilder log
INFO: Destroying: tileImprovement:4513
May 10, 2018 10:09:57 AM net.sf.freecol.common.util.LogBuilder log
INFO: Destroying: tileImprovement:4515
May 10, 2018 10:09:57 AM net.sf.freecol.common.util.LogBuilder log
INFO: Destroying: tileImprovement:4692
May 10, 2018 10:09:57 AM net.sf.freecol.common.util.LogBuilder log
INFO: Destroying: tileImprovement:4694
May 10, 2018 10:09:57 AM net.sf.freecol.common.util.LogBuilder log
INFO: Destroying: tileImprovement:4696
May 10, 2018 10:09:57 AM net.sf.freecol.common.util.LogBuilder log
INFO: Destroying: tileImprovement:4698
May 10, 2018 10:09:57 AM net.sf.freecol.common.util.LogBuilder log
INFO: Destroying: tileImprovement:4629
May 10, 2018 10:09:57 AM net.sf.freecol.common.util.LogBuilder log
INFO: Destroying: tileImprovement:4631
May 10, 2018 10:09:57 AM net.sf.freecol.common.util.LogBuilder log
INFO: Destroying: tileImprovement:4633
May 10, 2018 10:09:57 AM net.sf.freecol.common.util.LogBuilder log
INFO: Destroying: tileImprovement:4635
May 10, 2018 10:09:57 AM net.sf.freecol.common.util.LogBuilder log
INFO: Destroying: tileImprovement:4637
May 10, 2018 10:09:57 AM net.sf.freecol.common.util.LogBuilder log
INFO: Destroying: tileImprovement:4624
May 10, 2018 10:09:57 AM net.sf.freecol.common.util.LogBuilder log
INFO: Destroying: tileImprovement:4625
May 10, 2018 10:09:57 AM net.sf.freecol.common.util.LogBuilder log
INFO: Destroying: tileImprovement:4626
May 10, 2018 10:09:57 AM net.sf.freecol.common.util.LogBuilder log
INFO: Destroying: tileImprovement:4627
May 10, 2018 10:09:57 AM net.sf.freecol.common.util.LogBuilder log
INFO: Destroying: tileImprovement:4628
May 10, 2018 10:09:57 AM net.sf.freecol.server.networking.Server sendToAll
INFO: Reap dead connection: [DummyConnection Server connection - model.nation.apache]
May 10, 2018 10:09:57 AM net.sf.freecol.server.networking.Server sendToAll
INFO: Reap dead connection: [DummyConnection Server connection - model.nation.spanish]
May 10, 2018 10:09:57 AM net.sf.freecol.server.networking.Server sendToAll
INFO: Reap dead connection: [DummyConnection Server connection - model.nation.dutch]
May 10, 2018 10:09:57 AM net.sf.freecol.server.networking.Server sendToAll
INFO: Reap dead connection: [DummyConnection Server connection - model.nation.tupi]
May 10, 2018 10:09:57 AM net.sf.freecol.server.networking.Server sendToAll
INFO: Reap dead connection: [DummyConnection Server connection - model.nation.inca]
May 10, 2018 10:09:57 AM net.sf.freecol.server.networking.Server sendToAll
INFO: Reap dead connection: [DummyConnection Server connection - model.nation.french]
May 10, 2018 10:09:57 AM net.sf.freecol.server.networking.Server sendToAll
INFO: Reap dead connection: [DummyConnection Server connection - model.nation.arawak]
May 10, 2018 10:09:57 AM net.sf.freecol.server.networking.Server sendToAll
INFO: Reap dead connection: [DummyConnection Server connection - model.nation.cherokee]
May 10, 2018 10:09:57 AM net.sf.freecol.server.networking.Server sendToAll
INFO: Reap dead connection: [DummyConnection Server connection - model.nation.sioux]
May 10, 2018 10:09:57 AM net.sf.freecol.server.networking.Server sendToAll
INFO: Reap dead connection: [DummyConnection Server connection - model.nation.aztec]
May 10, 2018 10:09:57 AM net.sf.freecol.server.networking.Server sendToAll
INFO: Reap dead connection: [DummyConnection Server connection - model.nation.iroquois]
May 10, 2018 10:09:57 AM net.sf.freecol.server.networking.Server sendToAll
INFO: Reap dead connection: [DummyConnection Server connection - model.nation.english]
May 10, 2018 10:09:57 AM net.sf.freecol.common.FreeColSeed getFreeColSeed
INFO: Using seed: -464569257834147568
May 10, 2018 10:09:57 AM net.sf.freecol.server.FreeColServer readGame
INFO: Found savegame version 13
May 10, 2018 10:09:57 AM net.sf.freecol.common.model.Game readChild
INFO: Loading specification.
May 10, 2018 10:09:57 AM net.sf.freecol.common.model.Specification checkDifficultyOptionGroup
INFO: Check group model.difficulty.immigration
May 10, 2018 10:09:57 AM net.sf.freecol.common.model.Specification checkDifficultyOptionGroup
INFO: Check group model.difficulty.natives
May 10, 2018 10:09:57 AM net.sf.freecol.common.model.Specification checkDifficultyOptionGroup
INFO: Check group model.difficulty.monarch
May 10, 2018 10:09:57 AM net.sf.freecol.common.model.Specification checkDifficultyOptionGroup
INFO: Check group model.difficulty.government
May 10, 2018 10:09:57 AM net.sf.freecol.common.model.Specification checkDifficultyOptionGroup
INFO: Check group model.difficulty.other
May 10, 2018 10:09:57 AM net.sf.freecol.common.model.Specification checkDifficultyOptionGroup
INFO: Check group model.difficulty.cheat
May 10, 2018 10:09:57 AM net.sf.freecol.common.model.Specification applyDifficultyLevel
INFO: Applying difficulty level model.difficulty.medium
May 10, 2018 10:09:57 AM net.sf.freecol.common.model.Specification clean
INFO: Specification clean following load from stream complete, starting year=1492, season year=1600, ages=[1,109,309], seasons=2, 253 FreeColGameObjectTypes, 79 Abilities, 41 BuildingTypes, 14 Disasters, 9 EuropeanNationTypes, 2 Events, 25 FoundingFathers, 21 GoodsTypes, 8 IndianNationTypes, 59 Modifiers, 25 Nations, 161 Options, 23 Option Groups, 12 ResourceTypes, 11 Roles, 23 TileTypes, 6 TileImprovementTypes, 42 UnitTypes read.
May 10, 2018 10:09:57 AM net.sf.freecol.server.FreeColServer loadGame
INFO: Game integrity test succeeded.
May 10, 2018 10:09:57 AM net.sf.freecol.server.FreeColServer loadGame
INFO: AI integrity test succeeded
May 10, 2018 10:09:57 AM net.sf.freecol.common.FreeColSeed getFreeColSeed
INFO: Using seed: 4849697704300529505
May 10, 2018 10:09:57 AM net.sf.freecol.common.model.LandMap <init>
INFO: Using land generator model.option.landGeneratorType.classic
May 10, 2018 10:09:57 AM net.sf.freecol.common.util.LogBuilder log
INFO: Destroying: tileImprovement:4272
May 10, 2018 10:09:57 AM net.sf.freecol.common.util.LogBuilder log
INFO: Destroying: tileImprovement:4274
May 10, 2018 10:09:57 AM net.sf.freecol.common.util.LogBuilder log
INFO: Destroying: tileImprovement:4276
May 10, 2018 10:09:57 AM net.sf.freecol.common.util.LogBuilder log
INFO: Destroying: tileImprovement:4278
May 10, 2018 10:09:57 AM net.sf.freecol.common.util.LogBuilder log
INFO: Destroying: tileImprovement:4280
May 10, 2018 10:09:57 AM net.sf.freecol.common.util.LogBuilder log
INFO: Destroying: tileImprovement:4282
May 10, 2018 10:09:57 AM net.sf.freecol.common.util.LogBuilder log
INFO: Destroying: tileImprovement:4284
May 10, 2018 10:09:57 AM net.sf.freecol.common.util.LogBuilder log
INFO: Destroying: tileImprovement:4286
May 10, 2018 10:09:57 AM net.sf.freecol.common.util.LogBuilder log
INFO: Destroying: tileImprovement:4288
May 10, 2018 10:09:57 AM net.sf.freecol.common.util.LogBuilder log
INFO: Destroying: tileImprovement:4345
May 10, 2018 10:09:57 AM net.sf.freecol.common.util.LogBuilder log
INFO: Destroying: tileImprovement:4347
May 10, 2018 10:09:57 AM net.sf.freecol.common.util.LogBuilder log
INFO: Destroying: tileImprovement:4349
May 10, 2018 10:09:57 AM net.sf.freecol.common.util.LogBuilder log
INFO: Destroying: tileImprovement:4351
May 10, 2018 10:09:57 AM net.sf.freecol.common.util.LogBuilder log
INFO: Destroying: tileImprovement:4353
May 10, 2018 10:09:57 AM net.sf.freecol.common.util.LogBuilder log
INFO: Destroying: tileImprovement:4355
May 10, 2018 10:09:57 AM net.sf.freecol.common.util.LogBuilder log
INFO: Destroying: tileImprovement:4357
May 10, 2018 10:09:57 AM net.sf.freecol.common.util.LogBuilder log
INFO: Destroying: tileImprovement:4359
May 10, 2018 10:09:57 AM net.sf.freecol.common.util.LogBuilder log
INFO: Destroying: tileImprovement:4361
May 10, 2018 10:09:57 AM net.sf.freecol.common.util.LogBuilder log
INFO: Destroying: tileImprovement:4295
May 10, 2018 10:09:57 AM net.sf.freecol.common.util.LogBuilder log
INFO: Destroying: tileImprovement:4297
May 10, 2018 10:09:57 AM net.sf.freecol.common.util.LogBuilder log
INFO: Destroying: tileImprovement:4299
May 10, 2018 10:09:57 AM net.sf.freecol.common.util.LogBuilder log
INFO: Destroying: tileImprovement:4408
May 10, 2018 10:09:57 AM net.sf.freecol.common.util.LogBuilder log
INFO: Destroying: tileImprovement:4410
May 10, 2018 10:09:57 AM net.sf.freecol.common.util.LogBuilder log
INFO: Destroying: tileImprovement:4405
May 10, 2018 10:09:57 AM net.sf.freecol.common.util.LogBuilder log
INFO: Destroying: tileImprovement:4406
May 10, 2018 10:09:57 AM net.sf.freecol.common.util.LogBuilder log
INFO: Destroying: tileImprovement:4407
May 10, 2018 10:09:57 AM net.sf.freecol.common.util.LogBuilder log
INFO: Destroying: tileImprovement:4381
May 10, 2018 10:09:57 AM net.sf.freecol.common.util.LogBuilder log
INFO: Destroying: tileImprovement:4383
May 10, 2018 10:09:57 AM net.sf.freecol.common.util.LogBuilder log
INFO: Destroying: tileImprovement:4368
May 10, 2018 10:09:57 AM net.sf.freecol.common.util.LogBuilder log
INFO: Destroying: tileImprovement:4369
May 10, 2018 10:09:57 AM net.sf.freecol.common.util.LogBuilder log
INFO: Destroying: tileImprovement:4370
May 10, 2018 10:09:57 AM net.sf.freecol.common.util.LogBuilder log
INFO: Destroying: tileImprovement:4371
May 10, 2018 10:09:57 AM net.sf.freecol.common.util.LogBuilder log
INFO: Destroying: tileImprovement:4372
May 10, 2018 10:09:57 AM net.sf.freecol.common.util.LogBuilder log
INFO: Destroying: tileImprovement:4373
May 10, 2018 10:09:57 AM net.sf.freecol.common.util.LogBuilder log
INFO: Destroying: tileImprovement:4374
May 10, 2018 10:09:57 AM net.sf.freecol.common.util.LogBuilder log
INFO: Destroying: tileImprovement:4375
May 10, 2018 10:09:57 AM net.sf.freecol.common.util.LogBuilder log
INFO: Destroying: tileImprovement:4376
May 10, 2018 10:09:57 AM net.sf.freecol.common.util.LogBuilder log
INFO: Destroying: tileImprovement:4458
May 10, 2018 10:09:57 AM net.sf.freecol.common.util.LogBuilder log
INFO: Destroying: tileImprovement:4460
May 10, 2018 10:09:57 AM net.sf.freecol.common.util.LogBuilder log
INFO: Destroying: tileImprovement:4462
May 10, 2018 10:09:57 AM net.sf.freecol.common.util.LogBuilder log
INFO: Destroying: tileImprovement:4464
May 10, 2018 10:09:57 AM net.sf.freecol.common.util.LogBuilder log
INFO: Destroying: tileImprovement:4466
May 10, 2018 10:09:57 AM net.sf.freecol.common.util.LogBuilder log
INFO: Destroying: tileImprovement:4434
May 10, 2018 10:09:57 AM net.sf.freecol.common.util.LogBuilder log
INFO: Destroying: tileImprovement:4435
May 10, 2018 10:09:57 AM net.sf.freecol.common.util.LogBuilder log
INFO: Destroying: tileImprovement:4418
May 10, 2018 10:09:57 AM net.sf.freecol.common.util.LogBuilder log
INFO: Destroying: tileImprovement:4420
May 10, 2018 10:09:57 AM net.sf.freecol.common.util.LogBuilder log
INFO: Destroying: tileImprovement:4422
May 10, 2018 10:09:57 AM net.sf.freecol.common.util.LogBuilder log
INFO: Destroying: tileImprovement:4424
May 10, 2018 10:09:57 AM net.sf.freecol.common.util.LogBuilder log
INFO: Destroying: tileImprovement:4426
May 10, 2018 10:09:57 AM net.sf.freecol.common.util.LogBuilder log
INFO: Destroying: tileImprovement:4428
May 10, 2018 10:09:57 AM net.sf.freecol.common.util.LogBuilder log
INFO: Destroying: tileImprovement:4430
May 10, 2018 10:09:57 AM net.sf.freecol.common.util.LogBuilder log
INFO: Destroying: tileImprovement:4302
May 10, 2018 10:09:57 AM net.sf.freecol.common.util.LogBuilder log
INFO: Destroying: tileImprovement:4303
May 10, 2018 10:09:57 AM net.sf.freecol.common.util.LogBuilder log
INFO: Destroying: tileImprovement:4304
May 10, 2018 10:09:57 AM net.sf.freecol.common.util.LogBuilder log
INFO: Destroying: tileImprovement:4305
May 10, 2018 10:09:57 AM net.sf.freecol.common.util.LogBuilder log
INFO: Destroying: tileImprovement:4306
May 10, 2018 10:09:57 AM net.sf.freecol.common.util.LogBuilder log
INFO: Destroying: tileImprovement:4307
May 10, 2018 10:09:57 AM net.sf.freecol.common.util.LogBuilder log
INFO: Destroying: tileImprovement:4308
May 10, 2018 10:09:57 AM net.sf.freecol.common.util.LogBuilder log
INFO: Destroying: tileImprovement:4309
May 10, 2018 10:09:57 AM net.sf.freecol.common.util.LogBuilder log
INFO: Destroying: tileImprovement:4310
May 10, 2018 10:09:57 AM net.sf.freecol.common.util.LogBuilder log
INFO: Destroying: tileImprovement:4337
May 10, 2018 10:09:57 AM net.sf.freecol.common.util.LogBuilder log
INFO: Destroying: tileImprovement:4339
May 10, 2018 10:09:57 AM net.sf.freecol.common.util.LogBuilder log
INFO: Destroying: tileImprovement:4341
May 10, 2018 10:09:57 AM net.sf.freecol.common.util.LogBuilder log
INFO: Destroying: tileImprovement:4343
May 10, 2018 10:09:57 AM net.sf.freecol.common.util.LogBuilder log
INFO: Destroying: tileImprovement:4504
May 10, 2018 10:09:57 AM net.sf.freecol.common.util.LogBuilder log
INFO: Destroying: tileImprovement:4505
May 10, 2018 10:09:57 AM net.sf.freecol.common.util.LogBuilder log
INFO: Destroying: tileImprovement:4506
May 10, 2018 10:09:57 AM net.sf.freecol.common.util.LogBuilder log
INFO: Destroying: tileImprovement:4507
May 10, 2018 10:09:57 AM net.sf.freecol.common.util.LogBuilder log
INFO: Destroying: tileImprovement:4508
May 10, 2018 10:09:57 AM net.sf.freecol.common.util.LogBuilder log
INFO: Destroying: tileImprovement:4610
May 10, 2018 10:09:57 AM net.sf.freecol.common.util.LogBuilder log
INFO: Destroying: tileImprovement:4612
May 10, 2018 10:09:57 AM net.sf.freecol.common.util.LogBuilder log
INFO: Destroying: tileImprovement:4483
May 10, 2018 10:09:57 AM net.sf.freecol.common.util.LogBuilder log
INFO: Destroying: tileImprovement:4485
May 10, 2018 10:09:57 AM net.sf.freecol.common.util.LogBuilder log
INFO: Destroying: tileImprovement:4487
May 10, 2018 10:09:57 AM net.sf.freecol.common.util.LogBuilder log
INFO: Destroying: tileImprovement:4471
May 10, 2018 10:09:57 AM net.sf.freecol.common.util.LogBuilder log
INFO: Destroying: tileImprovement:4472
May 10, 2018 10:09:57 AM net.sf.freecol.common.util.LogBuilder log
INFO: Destroying: tileImprovement:4671
May 10, 2018 10:09:57 AM net.sf.freecol.common.util.LogBuilder log
INFO: Destroying: tileImprovement:4511
May 10, 2018 10:09:57 AM net.sf.freecol.common.util.LogBuilder log
INFO: Destroying: tileImprovement:4513
May 10, 2018 10:09:57 AM net.sf.freecol.common.util.LogBuilder log
INFO: Destroying: tileImprovement:4515
May 10, 2018 10:09:57 AM net.sf.freecol.common.util.LogBuilder log
INFO: Destroying: tileImprovement:4517
May 10, 2018 10:09:57 AM net.sf.freecol.common.util.LogBuilder log
INFO: Destroying: tileImprovement:4519
May 10, 2018 10:09:57 AM net.sf.freecol.common.util.LogBuilder log
INFO: Destroying: tileImprovement:4521
May 10, 2018 10:09:57 AM net.sf.freecol.common.util.LogBuilder log
INFO: Destroying: tileImprovement:4523
May 10, 2018 10:09:57 AM net.sf.freecol.common.util.LogBuilder log
INFO: Destroying: tileImprovement:4525
May 10, 2018 10:09:57 AM net.sf.freecol.common.util.LogBuilder log
INFO: Destroying: tileImprovement:4572
May 10, 2018 10:09:57 AM net.sf.freecol.common.util.LogBuilder log
INFO: Destroying: tileImprovement:4573
May 10, 2018 10:09:57 AM net.sf.freecol.common.util.LogBuilder log
INFO: Destroying: tileImprovement:4574
May 10, 2018 10:09:57 AM net.sf.freecol.common.util.LogBuilder log
INFO: Destroying: tileImprovement:4377
May 10, 2018 10:09:57 AM net.sf.freecol.common.util.LogBuilder log
INFO: Destroying: tileImprovement:4379
May 10, 2018 10:09:57 AM net.sf.freecol.common.util.LogBuilder log
INFO: Destroying: tileImprovement:4551
May 10, 2018 10:09:57 AM net.sf.freecol.common.util.LogBuilder log
INFO: Destroying: tileImprovement:4539
May 10, 2018 10:09:57 AM net.sf.freecol.common.util.LogBuilder log
INFO: Destroying: tileImprovement:4450
May 10, 2018 10:09:57 AM net.sf.freecol.common.util.LogBuilder log
INFO: Destroying: tileImprovement:4452
May 10, 2018 10:09:57 AM net.sf.freecol.common.util.LogBuilder log
INFO: Destroying: tileImprovement:4454
May 10, 2018 10:09:57 AM net.sf.freecol.common.util.LogBuilder log
INFO: Destroying: tileImprovement:4456
May 10, 2018 10:09:57 AM net.sf.freecol.common.util.LogBuilder log
INFO: Destroying: tileImprovement:4477
May 10, 2018 10:09:57 AM net.sf.freecol.common.util.LogBuilder log
INFO: Destroying: tileImprovement:4479
May 10, 2018 10:09:57 AM net.sf.freecol.common.util.LogBuilder log
INFO: Destroying: tileImprovement:4481
May 10, 2018 10:09:57 AM net.sf.freecol.common.util.LogBuilder log
INFO: Destroying: tileImprovement:4687
May 10, 2018 10:09:57 AM net.sf.freecol.common.util.LogBuilder log
INFO: Destroying: tileImprovement:4688
May 10, 2018 10:09:57 AM net.sf.freecol.common.util.LogBuilder log
INFO: Destroying: tileImprovement:4689
May 10, 2018 10:09:57 AM net.sf.freecol.common.util.LogBuilder log
INFO: Destroying: tileImprovement:4723
May 10, 2018 10:09:57 AM net.sf.freecol.common.util.LogBuilder log
INFO: Destroying: tileImprovement:4724
May 10, 2018 10:09:57 AM net.sf.freecol.common.util.LogBuilder log
INFO: Destroying: tileImprovement:4725
May 10, 2018 10:09:57 AM net.sf.freecol.common.util.LogBuilder log
INFO: Destroying: tileImprovement:4726
May 10, 2018 10:09:57 AM net.sf.freecol.common.util.LogBuilder log
INFO: Destroying: tileImprovement:4727
May 10, 2018 10:09:57 AM net.sf.freecol.common.util.LogBuilder log
INFO: Destroying: tileImprovement:4728
May 10, 2018 10:09:57 AM net.sf.freecol.server.networking.Server sendToAll
INFO: Reap dead connection: [DummyConnection Server connection - model.nation.inca]
May 10, 2018 10:09:57 AM net.sf.freecol.server.networking.Server sendToAll
INFO: Reap dead connection: [DummyConnection Server connection - model.nation.english]
May 10, 2018 10:09:57 AM net.sf.freecol.server.networking.Server sendToAll
INFO: Reap dead connection: [DummyConnection Server connection - model.nation.apache]
May 10, 2018 10:09:57 AM net.sf.freecol.server.networking.Server sendToAll
INFO: Reap dead connection: [DummyConnection Server connection - model.nation.spanish]
May 10, 2018 10:09:57 AM net.sf.freecol.server.networking.Server sendToAll
INFO: Reap dead connection: [DummyConnection Server connection - model.nation.dutch]
May 10, 2018 10:09:57 AM net.sf.freecol.server.networking.Server sendToAll
INFO: Reap dead connection: [DummyConnection Server connection - model.nation.aztec]
May 10, 2018 10:09:57 AM net.sf.freecol.server.networking.Server sendToAll
INFO: Reap dead connection: [DummyConnection Server connection - model.nation.french]
May 10, 2018 10:09:57 AM net.sf.freecol.server.networking.Server sendToAll
INFO: Reap dead connection: [DummyConnection Server connection - model.nation.iroquois]
May 10, 2018 10:09:57 AM net.sf.freecol.server.networking.Server sendToAll
INFO: Reap dead connection: [DummyConnection Server connection - model.nation.cherokee]
May 10, 2018 10:09:57 AM net.sf.freecol.server.networking.Server sendToAll
INFO: Reap dead connection: [DummyConnection Server connection - model.nation.tupi]
May 10, 2018 10:09:57 AM net.sf.freecol.server.networking.Server sendToAll
INFO: Reap dead connection: [DummyConnection Server connection - model.nation.sioux]
May 10, 2018 10:09:57 AM net.sf.freecol.server.networking.Server sendToAll
INFO: Reap dead connection: [DummyConnection Server connection - model.nation.arawak]
May 10, 2018 10:09:57 AM net.sf.freecol.server.FreeColServer readGame
INFO: Found savegame version 13
May 10, 2018 10:09:57 AM net.sf.freecol.common.model.Game readChild
INFO: Loading specification.
May 10, 2018 10:09:57 AM net.sf.freecol.common.model.Specification checkDifficultyOptionGroup
INFO: Check group model.difficulty.immigration
May 10, 2018 10:09:57 AM net.sf.freecol.common.model.Specification checkDifficultyOptionGroup
INFO: Check group model.difficulty.natives
May 10, 2018 10:09:57 AM net.sf.freecol.common.model.Specification checkDifficultyOptionGroup
INFO: Check group model.difficulty.monarch
May 10, 2018 10:09:57 AM net.sf.freecol.common.model.Specification checkDifficultyOptionGroup
INFO: Check group model.difficulty.government
May 10, 2018 10:09:57 AM net.sf.freecol.common.model.Specification checkDifficultyOptionGroup
INFO: Check group model.difficulty.other
May 10, 2018 10:09:57 AM net.sf.freecol.common.model.Specification checkDifficultyOptionGroup
INFO: Check group model.difficulty.cheat
May 10, 2018 10:09:57 AM net.sf.freecol.common.model.Specification applyDifficultyLevel
INFO: Applying difficulty level model.difficulty.medium
May 10, 2018 10:09:57 AM net.sf.freecol.common.model.Specification clean
INFO: Specification clean following load from stream complete, starting year=1492, season year=1600, ages=[1,109,309], seasons=2, 253 FreeColGameObjectTypes, 79 Abilities, 41 BuildingTypes, 14 Disasters, 9 EuropeanNationTypes, 2 Events, 25 FoundingFathers, 21 GoodsTypes, 8 IndianNationTypes, 59 Modifiers, 25 Nations, 161 Options, 23 Option Groups, 12 ResourceTypes, 11 Roles, 23 TileTypes, 6 TileImprovementTypes, 42 UnitTypes read.
May 10, 2018 10:09:58 AM net.sf.freecol.server.FreeColServer loadGame
INFO: Game integrity test succeeded.
May 10, 2018 10:09:58 AM net.sf.freecol.server.FreeColServer loadGame
INFO: AI integrity test succeeded
May 10, 2018 10:09:58 AM net.sf.freecol.common.FreeColSeed getFreeColSeed
INFO: Using seed: -7923986877970434254
May 10, 2018 10:09:58 AM net.sf.freecol.common.model.LandMap <init>
INFO: Using land generator model.option.landGeneratorType.classic
May 10, 2018 10:09:58 AM net.sf.freecol.common.util.LogBuilder log
INFO: Destroying: tileImprovement:4289
May 10, 2018 10:09:58 AM net.sf.freecol.common.util.LogBuilder log
INFO: Destroying: tileImprovement:4291
May 10, 2018 10:09:58 AM net.sf.freecol.common.util.LogBuilder log
INFO: Destroying: tileImprovement:4293
May 10, 2018 10:09:58 AM net.sf.freecol.common.util.LogBuilder log
INFO: Destroying: tileImprovement:4295
May 10, 2018 10:09:58 AM net.sf.freecol.common.util.LogBuilder log
INFO: Destroying: tileImprovement:4297
May 10, 2018 10:09:58 AM net.sf.freecol.common.util.LogBuilder log
INFO: Destroying: tileImprovement:4299
May 10, 2018 10:09:58 AM net.sf.freecol.common.util.LogBuilder log
INFO: Destroying: tileImprovement:4301
May 10, 2018 10:09:58 AM net.sf.freecol.common.util.LogBuilder log
INFO: Destroying: tileImprovement:4303
May 10, 2018 10:09:58 AM net.sf.freecol.common.util.LogBuilder log
INFO: Destroying: tileImprovement:4305
May 10, 2018 10:09:58 AM net.sf.freecol.common.util.LogBuilder log
INFO: Destroying: tileImprovement:4307
May 10, 2018 10:09:58 AM net.sf.freecol.common.util.LogBuilder log
INFO: Destroying: tileImprovement:4309
May 10, 2018 10:09:58 AM net.sf.freecol.common.util.LogBuilder log
INFO: Destroying: tileImprovement:4311
May 10, 2018 10:09:58 AM net.sf.freecol.common.util.LogBuilder log
INFO: Destroying: tileImprovement:4313
May 10, 2018 10:09:58 AM net.sf.freecol.common.util.LogBuilder log
INFO: Destroying: tileImprovement:4315
May 10, 2018 10:09:58 AM net.sf.freecol.common.util.LogBuilder log
INFO: Destroying: tileImprovement:4317
May 10, 2018 10:09:58 AM net.sf.freecol.common.util.LogBuilder log
INFO: Destroying: tileImprovement:4271
May 10, 2018 10:09:58 AM net.sf.freecol.common.util.LogBuilder log
INFO: Destroying: tileImprovement:4398
May 10, 2018 10:09:58 AM net.sf.freecol.common.util.LogBuilder log
INFO: Destroying: tileImprovement:4400
May 10, 2018 10:09:58 AM net.sf.freecol.common.util.LogBuilder log
INFO: Destroying: tileImprovement:4402
May 10, 2018 10:09:58 AM net.sf.freecol.common.util.LogBuilder log
INFO: Destroying: tileImprovement:4404
May 10, 2018 10:09:58 AM net.sf.freecol.common.util.LogBuilder log
INFO: Destroying: tileImprovement:4406
May 10, 2018 10:09:58 AM net.sf.freecol.common.util.LogBuilder log
INFO: Destroying: tileImprovement:4408
May 10, 2018 10:09:58 AM net.sf.freecol.common.util.LogBuilder log
INFO: Destroying: tileImprovement:4410
May 10, 2018 10:09:58 AM net.sf.freecol.common.util.LogBuilder log
INFO: Destroying: tileImprovement:4412
May 10, 2018 10:09:58 AM net.sf.freecol.common.util.LogBuilder log
INFO: Destroying: tileImprovement:4414
May 10, 2018 10:09:58 AM net.sf.freecol.common.util.LogBuilder log
INFO: Destroying: tileImprovement:4416
May 10, 2018 10:09:58 AM net.sf.freecol.common.util.LogBuilder log
INFO: Destroying: tileImprovement:4418
May 10, 2018 10:09:58 AM net.sf.freecol.common.util.LogBuilder log
INFO: Destroying: tileImprovement:4420
May 10, 2018 10:09:58 AM net.sf.freecol.common.util.LogBuilder log
INFO: Destroying: tileImprovement:4422
May 10, 2018 10:09:58 AM net.sf.freecol.common.util.LogBuilder log
INFO: Destroying: tileImprovement:4424
May 10, 2018 10:09:58 AM net.sf.freecol.common.util.LogBuilder log
INFO: Destroying: tileImprovement:4426
May 10, 2018 10:09:58 AM net.sf.freecol.common.util.LogBuilder log
INFO: Destroying: tileImprovement:4428
May 10, 2018 10:09:58 AM net.sf.freecol.common.util.LogBuilder log
INFO: Destroying: tileImprovement:4430
May 10, 2018 10:09:58 AM net.sf.freecol.common.util.LogBuilder log
INFO: Destroying: tileImprovement:4432
May 10, 2018 10:09:58 AM net.sf.freecol.common.util.LogBuilder log
INFO: Destroying: tileImprovement:4434
May 10, 2018 10:09:58 AM net.sf.freecol.common.util.LogBuilder log
INFO: Destroying: tileImprovement:4436
May 10, 2018 10:09:58 AM net.sf.freecol.common.util.LogBuilder log
INFO: Destroying: tileImprovement:4438
May 10, 2018 10:09:58 AM net.sf.freecol.common.util.LogBuilder log
INFO: Destroying: tileImprovement:4352
May 10, 2018 10:09:58 AM net.sf.freecol.common.util.LogBuilder log
INFO: Destroying: tileImprovement:4508
May 10, 2018 10:09:58 AM net.sf.freecol.common.util.LogBuilder log
INFO: Destroying: tileImprovement:4509
May 10, 2018 10:09:58 AM net.sf.freecol.common.util.LogBuilder log
INFO: Destroying: tileImprovement:4510
May 10, 2018 10:09:58 AM net.sf.freecol.common.util.LogBuilder log
INFO: Destroying: tileImprovement:4511
May 10, 2018 10:09:58 AM net.sf.freecol.common.util.LogBuilder log
INFO: Destroying: tileImprovement:4512
May 10, 2018 10:09:58 AM net.sf.freecol.common.util.LogBuilder log
INFO: Destroying: tileImprovement:4338
May 10, 2018 10:09:58 AM net.sf.freecol.common.util.LogBuilder log
INFO: Destroying: tileImprovement:4339
May 10, 2018 10:09:58 AM net.sf.freecol.common.util.LogBuilder log
INFO: Destroying: tileImprovement:4340
May 10, 2018 10:09:58 AM net.sf.freecol.common.util.LogBuilder log
INFO: Destroying: tileImprovement:4341
May 10, 2018 10:09:58 AM net.sf.freecol.common.util.LogBuilder log
INFO: Destroying: tileImprovement:4342
May 10, 2018 10:09:58 AM net.sf.freecol.common.util.LogBuilder log
INFO: Destroying: tileImprovement:4343
May 10, 2018 10:09:58 AM net.sf.freecol.common.util.LogBuilder log
INFO: Destroying: tileImprovement:4344
May 10, 2018 10:09:58 AM net.sf.freecol.common.util.LogBuilder log
INFO: Destroying: tileImprovement:4354
May 10, 2018 10:09:58 AM net.sf.freecol.common.util.LogBuilder log
INFO: Destroying: tileImprovement:4356
May 10, 2018 10:09:58 AM net.sf.freecol.common.util.LogBuilder log
INFO: Destroying: tileImprovement:4358
May 10, 2018 10:09:58 AM net.sf.freecol.common.util.LogBuilder log
INFO: Destroying: tileImprovement:4360
May 10, 2018 10:09:58 AM net.sf.freecol.common.util.LogBuilder log
INFO: Destroying: tileImprovement:4362
May 10, 2018 10:09:58 AM net.sf.freecol.common.util.LogBuilder log
INFO: Destroying: tileImprovement:4364
May 10, 2018 10:09:58 AM net.sf.freecol.common.util.LogBuilder log
INFO: Destroying: tileImprovement:4366
May 10, 2018 10:09:58 AM net.sf.freecol.common.util.LogBuilder log
INFO: Destroying: tileImprovement:4368
May 10, 2018 10:09:58 AM net.sf.freecol.common.util.LogBuilder log
INFO: Destroying: tileImprovement:4370
May 10, 2018 10:09:58 AM net.sf.freecol.common.util.LogBuilder log
INFO: Destroying: tileImprovement:4372
May 10, 2018 10:09:58 AM net.sf.freecol.common.util.LogBuilder log
INFO: Destroying: tileImprovement:4374
May 10, 2018 10:09:58 AM net.sf.freecol.common.util.LogBuilder log
INFO: Destroying: tileImprovement:4376
May 10, 2018 10:09:58 AM net.sf.freecol.common.util.LogBuilder log
INFO: Destroying: tileImprovement:4378
May 10, 2018 10:09:58 AM net.sf.freecol.common.util.LogBuilder log
INFO: Destroying: tileImprovement:4380
May 10, 2018 10:09:58 AM net.sf.freecol.common.util.LogBuilder log
INFO: Destroying: tileImprovement:4382
May 10, 2018 10:09:58 AM net.sf.freecol.common.util.LogBuilder log
INFO: Destroying: tileImprovement:4384
May 10, 2018 10:09:58 AM net.sf.freecol.common.util.LogBuilder log
INFO: Destroying: tileImprovement:4386
May 10, 2018 10:09:58 AM net.sf.freecol.common.util.LogBuilder log
INFO: Destroying: tileImprovement:4388
May 10, 2018 10:09:58 AM net.sf.freecol.common.util.LogBuilder log
INFO: Destroying: tileImprovement:4390
May 10, 2018 10:09:58 AM net.sf.freecol.common.util.LogBuilder log
INFO: Destroying: tileImprovement:4392
May 10, 2018 10:09:58 AM net.sf.freecol.common.util.LogBuilder log
INFO: Destroying: tileImprovement:4394
May 10, 2018 10:09:58 AM net.sf.freecol.common.util.LogBuilder log
INFO: Destroying: tileImprovement:4396
May 10, 2018 10:09:58 AM net.sf.freecol.common.util.LogBuilder log
INFO: Destroying: tileImprovement:4491
May 10, 2018 10:09:58 AM net.sf.freecol.common.util.LogBuilder log
INFO: Destroying: tileImprovement:4492
May 10, 2018 10:09:58 AM net.sf.freecol.common.util.LogBuilder log
INFO: Destroying: tileImprovement:4493
May 10, 2018 10:09:58 AM net.sf.freecol.common.util.LogBuilder log
INFO: Destroying: tileImprovement:4494
May 10, 2018 10:09:58 AM net.sf.freecol.common.util.LogBuilder log
INFO: Destroying: tileImprovement:4495
May 10, 2018 10:09:58 AM net.sf.freecol.common.util.LogBuilder log
INFO: Destroying: tileImprovement:4496
May 10, 2018 10:09:58 AM net.sf.freecol.common.util.LogBuilder log
INFO: Destroying: tileImprovement:4497
May 10, 2018 10:09:58 AM net.sf.freecol.common.util.LogBuilder log
INFO: Destroying: tileImprovement:4498
May 10, 2018 10:09:58 AM net.sf.freecol.common.util.LogBuilder log
INFO: Destroying: tileImprovement:4499
May 10, 2018 10:09:58 AM net.sf.freecol.common.util.LogBuilder log
INFO: Destroying: tileImprovement:4500
May 10, 2018 10:09:58 AM net.sf.freecol.common.util.LogBuilder log
INFO: Destroying: tileImprovement:4501
May 10, 2018 10:09:58 AM net.sf.freecol.common.util.LogBuilder log
INFO: Destroying: tileImprovement:4502
May 10, 2018 10:09:58 AM net.sf.freecol.common.util.LogBuilder log
INFO: Destroying: tileImprovement:4503
May 10, 2018 10:09:58 AM net.sf.freecol.common.util.LogBuilder log
INFO: Destroying: tileImprovement:4504
May 10, 2018 10:09:58 AM net.sf.freecol.common.util.LogBuilder log
INFO: Destroying: tileImprovement:4505
May 10, 2018 10:09:58 AM net.sf.freecol.common.util.LogBuilder log
INFO: Destroying: tileImprovement:4506
May 10, 2018 10:09:58 AM net.sf.freecol.common.util.LogBuilder log
INFO: Destroying: tileImprovement:4507
May 10, 2018 10:09:58 AM net.sf.freecol.common.util.LogBuilder log
INFO: Destroying: tileImprovement:4681
May 10, 2018 10:09:58 AM net.sf.freecol.common.util.LogBuilder log
INFO: Destroying: tileImprovement:4683
May 10, 2018 10:09:58 AM net.sf.freecol.common.util.LogBuilder log
INFO: Destroying: tileImprovement:4659
May 10, 2018 10:09:58 AM net.sf.freecol.common.util.LogBuilder log
INFO: Destroying: tileImprovement:4660
May 10, 2018 10:09:58 AM net.sf.freecol.common.util.LogBuilder log
INFO: Destroying: tileImprovement:4661
May 10, 2018 10:09:58 AM net.sf.freecol.common.util.LogBuilder log
INFO: Destroying: tileImprovement:4662
May 10, 2018 10:09:58 AM net.sf.freecol.common.util.LogBuilder log
INFO: Destroying: tileImprovement:4663
May 10, 2018 10:09:58 AM net.sf.freecol.common.util.LogBuilder log
INFO: Destroying: tileImprovement:4664
May 10, 2018 10:09:58 AM net.sf.freecol.common.util.LogBuilder log
INFO: Destroying: tileImprovement:4665
May 10, 2018 10:09:58 AM net.sf.freecol.common.util.LogBuilder log
INFO: Destroying: tileImprovement:4666
May 10, 2018 10:09:58 AM net.sf.freecol.common.util.LogBuilder log
INFO: Destroying: tileImprovement:4667
May 10, 2018 10:09:58 AM net.sf.freecol.common.util.LogBuilder log
INFO: Destroying: tileImprovement:4668
May 10, 2018 10:09:58 AM net.sf.freecol.common.util.LogBuilder log
INFO: Destroying: tileImprovement:4669
May 10, 2018 10:09:58 AM net.sf.freecol.common.util.LogBuilder log
INFO: Destroying: tileImprovement:4670
May 10, 2018 10:09:58 AM net.sf.freecol.common.util.LogBuilder log
INFO: Destroying: tileImprovement:4671
May 10, 2018 10:09:58 AM net.sf.freecol.common.util.LogBuilder log
INFO: Destroying: tileImprovement:4672
May 10, 2018 10:09:58 AM net.sf.freecol.common.util.LogBuilder log
INFO: Destroying: tileImprovement:4673
May 10, 2018 10:09:58 AM net.sf.freecol.common.util.LogBuilder log
INFO: Destroying: tileImprovement:4674
May 10, 2018 10:09:58 AM net.sf.freecol.common.util.LogBuilder log
INFO: Destroying: tileImprovement:4675
May 10, 2018 10:09:58 AM net.sf.freecol.common.util.LogBuilder log
INFO: Destroying: tileImprovement:4676
May 10, 2018 10:09:58 AM net.sf.freecol.common.util.LogBuilder log
INFO: Destroying: tileImprovement:4677
May 10, 2018 10:09:58 AM net.sf.freecol.common.util.LogBuilder log
INFO: Destroying: tileImprovement:4678
May 10, 2018 10:09:58 AM net.sf.freecol.common.util.LogBuilder log
INFO: Destroying: tileImprovement:4679
May 10, 2018 10:09:58 AM net.sf.freecol.common.util.LogBuilder log
INFO: Destroying: tileImprovement:4680
May 10, 2018 10:09:58 AM net.sf.freecol.common.util.LogBuilder log
INFO: Destroying: tileImprovement:4285
May 10, 2018 10:09:58 AM net.sf.freecol.common.util.LogBuilder log
INFO: Destroying: tileImprovement:4287
May 10, 2018 10:09:58 AM net.sf.freecol.common.util.LogBuilder log
INFO: Destroying: tileImprovement:4329
May 10, 2018 10:09:58 AM net.sf.freecol.common.util.LogBuilder log
INFO: Destroying: tileImprovement:4330
May 10, 2018 10:09:58 AM net.sf.freecol.common.util.LogBuilder log
INFO: Destroying: tileImprovement:4331
May 10, 2018 10:09:58 AM net.sf.freecol.common.util.LogBuilder log
INFO: Destroying: tileImprovement:4332
May 10, 2018 10:09:58 AM net.sf.freecol.common.util.LogBuilder log
INFO: Destroying: tileImprovement:4333
May 10, 2018 10:09:58 AM net.sf.freecol.common.util.LogBuilder log
INFO: Destroying: tileImprovement:4334
May 10, 2018 10:09:58 AM net.sf.freecol.common.util.LogBuilder log
INFO: Destroying: tileImprovement:4335
May 10, 2018 10:09:58 AM net.sf.freecol.common.util.LogBuilder log
INFO: Destroying: tileImprovement:4336
May 10, 2018 10:09:58 AM net.sf.freecol.common.util.LogBuilder log
INFO: Destroying: tileImprovement:4337
May 10, 2018 10:09:58 AM net.sf.freecol.common.util.LogBuilder log
INFO: Destroying: tileImprovement:4531
May 10, 2018 10:09:58 AM net.sf.freecol.common.util.LogBuilder log
INFO: Destroying: tileImprovement:4533
May 10, 2018 10:09:58 AM net.sf.freecol.common.util.LogBuilder log
INFO: Destroying: tileImprovement:4535
May 10, 2018 10:09:58 AM net.sf.freecol.common.util.LogBuilder log
INFO: Destroying: tileImprovement:4537
May 10, 2018 10:09:58 AM net.sf.freecol.common.util.LogBuilder log
INFO: Destroying: tileImprovement:4539
May 10, 2018 10:09:58 AM net.sf.freecol.common.util.LogBuilder log
INFO: Destroying: tileImprovement:4541
May 10, 2018 10:09:58 AM net.sf.freecol.common.util.LogBuilder log
INFO: Destroying: tileImprovement:4543
May 10, 2018 10:09:58 AM net.sf.freecol.common.util.LogBuilder log
INFO: Destroying: tileImprovement:4545
May 10, 2018 10:09:58 AM net.sf.freecol.common.util.LogBuilder log
INFO: Destroying: tileImprovement:4725
May 10, 2018 10:09:58 AM net.sf.freecol.common.util.LogBuilder log
INFO: Destroying: tileImprovement:4727
May 10, 2018 10:09:58 AM net.sf.freecol.common.util.LogBuilder log
INFO: Destroying: tileImprovement:4729
May 10, 2018 10:09:58 AM net.sf.freecol.common.util.LogBuilder log
INFO: Destroying: tileImprovement:4460
May 10, 2018 10:09:58 AM net.sf.freecol.common.util.LogBuilder log
INFO: Destroying: tileImprovement:4462
May 10, 2018 10:09:58 AM net.sf.freecol.common.util.LogBuilder log
INFO: Destroying: tileImprovement:4464
May 10, 2018 10:09:58 AM net.sf.freecol.common.util.LogBuilder log
INFO: Destroying: tileImprovement:4466
May 10, 2018 10:09:58 AM net.sf.freecol.common.util.LogBuilder log
INFO: Destroying: tileImprovement:4615
May 10, 2018 10:09:58 AM net.sf.freecol.common.util.LogBuilder log
INFO: Destroying: tileImprovement:4617
May 10, 2018 10:09:58 AM net.sf.freecol.common.util.LogBuilder log
INFO: Destroying: tileImprovement:4619
May 10, 2018 10:09:58 AM net.sf.freecol.common.util.LogBuilder log
INFO: Destroying: tileImprovement:4621
May 10, 2018 10:09:58 AM net.sf.freecol.common.util.LogBuilder log
INFO: Destroying: tileImprovement:4623
May 10, 2018 10:09:58 AM net.sf.freecol.common.util.LogBuilder log
INFO: Destroying: tileImprovement:4775
May 10, 2018 10:09:58 AM net.sf.freecol.common.util.LogBuilder log
INFO: Destroying: tileImprovement:4776
May 10, 2018 10:09:58 AM net.sf.freecol.common.util.LogBuilder log
INFO: Destroying: tileImprovement:4777
May 10, 2018 10:09:58 AM net.sf.freecol.common.util.LogBuilder log
INFO: Destroying: tileImprovement:4771
May 10, 2018 10:09:58 AM net.sf.freecol.common.util.LogBuilder log
INFO: Destroying: tileImprovement:4757
May 10, 2018 10:09:58 AM net.sf.freecol.common.util.LogBuilder log
INFO: Destroying: tileImprovement:4759
May 10, 2018 10:09:58 AM net.sf.freecol.common.util.LogBuilder log
INFO: Destroying: tileImprovement:4761
May 10, 2018 10:09:58 AM net.sf.freecol.common.util.LogBuilder log
INFO: Destroying: tileImprovement:4763
May 10, 2018 10:09:58 AM net.sf.freecol.common.util.LogBuilder log
INFO: Destroying: tileImprovement:4765
May 10, 2018 10:09:58 AM net.sf.freecol.common.util.LogBuilder log
INFO: Destroying: tileImprovement:4767
May 10, 2018 10:09:58 AM net.sf.freecol.common.util.LogBuilder log
INFO: Destroying: tileImprovement:4769
May 10, 2018 10:09:58 AM net.sf.freecol.common.util.LogBuilder log
INFO: Destroying: tileImprovement:4879
May 10, 2018 10:09:58 AM net.sf.freecol.common.util.LogBuilder log
INFO: Destroying: tileImprovement:4690
May 10, 2018 10:09:58 AM net.sf.freecol.common.util.LogBuilder log
INFO: Destroying: tileImprovement:4692
May 10, 2018 10:09:58 AM net.sf.freecol.common.util.LogBuilder log
INFO: Destroying: tileImprovement:4694
May 10, 2018 10:09:58 AM net.sf.freecol.common.util.LogBuilder log
INFO: Destroying: tileImprovement:4688
May 10, 2018 10:09:58 AM net.sf.freecol.common.util.LogBuilder log
INFO: Destroying: tileImprovement:4689
May 10, 2018 10:09:58 AM net.sf.freecol.common.util.LogBuilder log
INFO: Destroying: tileImprovement:4744
May 10, 2018 10:09:58 AM net.sf.freecol.common.util.LogBuilder log
INFO: Destroying: tileImprovement:4745
May 10, 2018 10:09:58 AM net.sf.freecol.common.util.LogBuilder log
INFO: Destroying: tileImprovement:4746
May 10, 2018 10:09:58 AM net.sf.freecol.common.util.LogBuilder log
INFO: Destroying: tileImprovement:4747
May 10, 2018 10:09:58 AM net.sf.freecol.common.util.LogBuilder log
INFO: Destroying: tileImprovement:4748
May 10, 2018 10:09:58 AM net.sf.freecol.common.util.LogBuilder log
INFO: Destroying: tileImprovement:4809
May 10, 2018 10:09:58 AM net.sf.freecol.common.util.LogBuilder log
INFO: Destroying: tileImprovement:4811
May 10, 2018 10:09:58 AM net.sf.freecol.common.util.LogBuilder log
INFO: Destroying: tileImprovement:4813
May 10, 2018 10:09:58 AM net.sf.freecol.common.util.LogBuilder log
INFO: Destroying: tileImprovement:4815
May 10, 2018 10:09:58 AM net.sf.freecol.common.util.LogBuilder log
INFO: Destroying: tileImprovement:4817
May 10, 2018 10:09:58 AM net.sf.freecol.common.util.LogBuilder log
INFO: Destroying: tileImprovement:4819
May 10, 2018 10:09:58 AM net.sf.freecol.common.util.LogBuilder log
INFO: Destroying: tileImprovement:4821
May 10, 2018 10:09:58 AM net.sf.freecol.common.util.LogBuilder log
INFO: Destroying: tileImprovement:4823
May 10, 2018 10:09:58 AM net.sf.freecol.common.util.LogBuilder log
INFO: Destroying: tileImprovement:4825
May 10, 2018 10:09:58 AM net.sf.freecol.common.util.LogBuilder log
INFO: Destroying: tileImprovement:4827
May 10, 2018 10:09:58 AM net.sf.freecol.common.util.LogBuilder log
INFO: Destroying: tileImprovement:4829
May 10, 2018 10:09:58 AM net.sf.freecol.common.util.LogBuilder log
INFO: Destroying: tileImprovement:4801
May 10, 2018 10:09:58 AM net.sf.freecol.common.util.LogBuilder log
INFO: Destroying: tileImprovement:4849
May 10, 2018 10:09:58 AM net.sf.freecol.common.util.LogBuilder log
INFO: Destroying: tileImprovement:4851
May 10, 2018 10:09:58 AM net.sf.freecol.common.util.LogBuilder log
INFO: Destroying: tileImprovement:4853
May 10, 2018 10:09:58 AM net.sf.freecol.common.util.LogBuilder log
INFO: Destroying: tileImprovement:4934
May 10, 2018 10:09:58 AM net.sf.freecol.common.util.LogBuilder log
INFO: Destroying: tileImprovement:4936
May 10, 2018 10:09:58 AM net.sf.freecol.common.util.LogBuilder log
INFO: Destroying: tileImprovement:4938
May 10, 2018 10:09:58 AM net.sf.freecol.common.util.LogBuilder log
INFO: Destroying: tileImprovement:4940
May 10, 2018 10:09:58 AM net.sf.freecol.common.util.LogBuilder log
INFO: Destroying: tileImprovement:4942
May 10, 2018 10:09:58 AM net.sf.freecol.common.util.LogBuilder log
INFO: Destroying: tileImprovement:4944
May 10, 2018 10:09:58 AM net.sf.freecol.common.util.LogBuilder log
INFO: Destroying: tileImprovement:4946
May 10, 2018 10:09:58 AM net.sf.freecol.common.util.LogBuilder log
INFO: Destroying: tileImprovement:4948
May 10, 2018 10:09:58 AM net.sf.freecol.common.util.LogBuilder log
INFO: Destroying: tileImprovement:4950
May 10, 2018 10:09:58 AM net.sf.freecol.common.util.LogBuilder log
INFO: Destroying: tileImprovement:4591
May 10, 2018 10:09:58 AM net.sf.freecol.common.util.LogBuilder log
INFO: Destroying: tileImprovement:4593
May 10, 2018 10:09:58 AM net.sf.freecol.common.util.LogBuilder log
INFO: Destroying: tileImprovement:4595
May 10, 2018 10:09:58 AM net.sf.freecol.common.util.LogBuilder log
INFO: Destroying: tileImprovement:4597
May 10, 2018 10:09:58 AM net.sf.freecol.common.util.LogBuilder log
INFO: Destroying: tileImprovement:4599
May 10, 2018 10:09:58 AM net.sf.freecol.common.util.LogBuilder log
INFO: Destroying: tileImprovement:4629
May 10, 2018 10:09:58 AM net.sf.freecol.common.util.LogBuilder log
INFO: Destroying: tileImprovement:4631
May 10, 2018 10:09:58 AM net.sf.freecol.common.util.LogBuilder log
INFO: Destroying: tileImprovement:4633
May 10, 2018 10:09:58 AM net.sf.freecol.common.util.LogBuilder log
INFO: Destroying: tileImprovement:4525
May 10, 2018 10:09:58 AM net.sf.freecol.common.util.LogBuilder log
INFO: Destroying: tileImprovement:4527
May 10, 2018 10:09:58 AM net.sf.freecol.common.util.LogBuilder log
INFO: Destroying: tileImprovement:4529
May 10, 2018 10:09:58 AM net.sf.freecol.common.util.LogBuilder log
INFO: Destroying: tileImprovement:4741
May 10, 2018 10:09:58 AM net.sf.freecol.common.util.LogBuilder log
INFO: Destroying: tileImprovement:4742
May 10, 2018 10:09:58 AM net.sf.freecol.common.util.LogBuilder log
INFO: Destroying: tileImprovement:4743
May 10, 2018 10:09:58 AM net.sf.freecol.common.util.LogBuilder log
INFO: Destroying: tileImprovement:4720
May 10, 2018 10:09:58 AM net.sf.freecol.common.util.LogBuilder log
INFO: Destroying: tileImprovement:4712
May 10, 2018 10:09:58 AM net.sf.freecol.common.util.LogBuilder log
INFO: Destroying: tileImprovement:4713
May 10, 2018 10:09:58 AM net.sf.freecol.server.networking.Server sendToAll
INFO: Reap dead connection: [DummyConnection Server connection - model.nation.iroquois]
May 10, 2018 10:09:58 AM net.sf.freecol.server.networking.Server sendToAll
INFO: Reap dead connection: [DummyConnection Server connection - model.nation.dutch]
May 10, 2018 10:09:58 AM net.sf.freecol.server.networking.Server sendToAll
INFO: Reap dead connection: [DummyConnection Server connection - model.nation.spanish]
May 10, 2018 10:09:58 AM net.sf.freecol.server.networking.Server sendToAll
INFO: Reap dead connection: [DummyConnection Server connection - model.nation.english]
May 10, 2018 10:09:58 AM net.sf.freecol.server.networking.Server sendToAll
INFO: Reap dead connection: [DummyConnection Server connection - model.nation.tupi]
May 10, 2018 10:09:58 AM net.sf.freecol.server.networking.Server sendToAll
INFO: Reap dead connection: [DummyConnection Server connection - model.nation.arawak]
May 10, 2018 10:09:58 AM net.sf.freecol.server.networking.Server sendToAll
INFO: Reap dead connection: [DummyConnection Server connection - model.nation.sioux]
May 10, 2018 10:09:58 AM net.sf.freecol.server.networking.Server sendToAll
INFO: Reap dead connection: [DummyConnection Server connection - model.nation.french]
May 10, 2018 10:09:58 AM net.sf.freecol.server.networking.Server sendToAll
INFO: Reap dead connection: [DummyConnection Server connection - model.nation.cherokee]
May 10, 2018 10:09:58 AM net.sf.freecol.server.networking.Server sendToAll
INFO: Reap dead connection: [DummyConnection Server connection - model.nation.inca]
May 10, 2018 10:09:58 AM net.sf.freecol.server.networking.Server sendToAll
INFO: Reap dead connection: [DummyConnection Server connection - model.nation.aztec]
May 10, 2018 10:09:58 AM net.sf.freecol.server.networking.Server sendToAll
INFO: Reap dead connection: [DummyConnection Server connection - model.nation.apache]
May 10, 2018 10:09:58 AM net.sf.freecol.common.FreeColSeed getFreeColSeed
INFO: Using seed: -94852643181391000
May 10, 2018 10:09:58 AM net.sf.freecol.server.FreeColServer readGame
INFO: Found savegame version 13
May 10, 2018 10:09:58 AM net.sf.freecol.common.model.Game readChild
INFO: Reloading specification.
May 10, 2018 10:09:58 AM net.sf.freecol.common.model.Specification checkDifficultyOptionGroup
INFO: Check group model.difficulty.immigration
May 10, 2018 10:09:58 AM net.sf.freecol.common.model.Specification checkDifficultyOptionGroup
INFO: Check group model.difficulty.natives
May 10, 2018 10:09:58 AM net.sf.freecol.common.model.Specification checkDifficultyOptionGroup
INFO: Check group model.difficulty.monarch
May 10, 2018 10:09:58 AM net.sf.freecol.common.model.Specification checkDifficultyOptionGroup
INFO: Check group model.difficulty.government
May 10, 2018 10:09:58 AM net.sf.freecol.common.model.Specification checkDifficultyOptionGroup
INFO: Check group model.difficulty.other
May 10, 2018 10:09:58 AM net.sf.freecol.common.model.Specification checkDifficultyOptionGroup
INFO: Check group model.difficulty.cheat
May 10, 2018 10:09:58 AM net.sf.freecol.common.model.Specification applyDifficultyLevel
INFO: Applying difficulty level model.difficulty.medium
May 10, 2018 10:09:58 AM net.sf.freecol.common.model.Specification clean
INFO: Specification clean following load from stream complete, starting year=1492, season year=1600, ages=[1,109,309], seasons=2, 253 FreeColGameObjectTypes, 79 Abilities, 41 BuildingTypes, 14 Disasters, 9 EuropeanNationTypes, 2 Events, 25 FoundingFathers, 21 GoodsTypes, 8 IndianNationTypes, 59 Modifiers, 25 Nations, 161 Options, 23 Option Groups, 12 ResourceTypes, 11 Roles, 23 TileTypes, 6 TileImprovementTypes, 42 UnitTypes read.
May 10, 2018 10:09:58 AM net.sf.freecol.server.FreeColServer readGame
INFO: Imported file test/data/test.fsg
May 10, 2018 10:09:58 AM net.sf.freecol.server.networking.Server sendToAll
INFO: Reap dead connection: [DummyConnection Server connection - model.nation.inca]
May 10, 2018 10:09:58 AM net.sf.freecol.server.networking.Server sendToAll
INFO: Reap dead connection: [DummyConnection Server connection - model.nation.english]
May 10, 2018 10:09:58 AM net.sf.freecol.server.networking.Server sendToAll
INFO: Reap dead connection: [DummyConnection Server connection - model.nation.apache]
May 10, 2018 10:09:58 AM net.sf.freecol.server.networking.Server sendToAll
INFO: Reap dead connection: [DummyConnection Server connection - model.nation.sioux]
May 10, 2018 10:09:58 AM net.sf.freecol.server.networking.Server sendToAll
INFO: Reap dead connection: [DummyConnection Server connection - model.nation.dutch]
May 10, 2018 10:09:58 AM net.sf.freecol.server.networking.Server sendToAll
INFO: Reap dead connection: [DummyConnection Server connection - model.nation.tupi]
May 10, 2018 10:09:58 AM net.sf.freecol.server.networking.Server sendToAll
INFO: Reap dead connection: [DummyConnection Server connection - model.nation.aztec]
May 10, 2018 10:09:58 AM net.sf.freecol.server.networking.Server sendToAll
INFO: Reap dead connection: [DummyConnection Server connection - model.nation.spanish]
May 10, 2018 10:09:58 AM net.sf.freecol.server.networking.Server sendToAll
INFO: Reap dead connection: [DummyConnection Server connection - model.nation.arawak]
May 10, 2018 10:09:58 AM net.sf.freecol.server.networking.Server sendToAll
INFO: Reap dead connection: [DummyConnection Server connection - model.nation.french]
May 10, 2018 10:09:58 AM net.sf.freecol.server.networking.Server sendToAll
INFO: Reap dead connection: [DummyConnection Server connection - model.nation.iroquois]
May 10, 2018 10:09:58 AM net.sf.freecol.server.networking.Server sendToAll
INFO: Reap dead connection: [DummyConnection Server connection - model.nation.cherokee]
May 10, 2018 10:09:58 AM net.sf.freecol.common.model.Specification applyDifficultyLevel
INFO: Applying difficulty level model.difficulty.medium
May 10, 2018 10:09:58 AM net.sf.freecol.common.FreeColSeed getFreeColSeed
INFO: Using seed: 2645018839839216281
May 10, 2018 10:09:58 AM net.sf.freecol.server.networking.Server sendToAll
INFO: Reap dead connection: [DummyConnection Server connection - model.nation.sioux]
May 10, 2018 10:09:58 AM net.sf.freecol.server.networking.Server sendToAll
INFO: Reap dead connection: [DummyConnection Server connection - model.nation.apache]
May 10, 2018 10:09:58 AM net.sf.freecol.server.networking.Server sendToAll
INFO: Reap dead connection: [DummyConnection Server connection - model.nation.aztec]
May 10, 2018 10:09:58 AM net.sf.freecol.server.networking.Server sendToAll
INFO: Reap dead connection: [DummyConnection Server connection - model.nation.tupi]
May 10, 2018 10:09:58 AM net.sf.freecol.server.networking.Server sendToAll
INFO: Reap dead connection: [DummyConnection Server connection - model.nation.arawak]
May 10, 2018 10:09:58 AM net.sf.freecol.server.networking.Server sendToAll
INFO: Reap dead connection: [DummyConnection Server connection - model.nation.cherokee]
May 10, 2018 10:09:58 AM net.sf.freecol.server.networking.Server sendToAll
INFO: Reap dead connection: [DummyConnection Server connection - model.nation.french]
May 10, 2018 10:09:58 AM net.sf.freecol.server.networking.Server sendToAll
INFO: Reap dead connection: [DummyConnection Server connection - model.nation.iroquois]
May 10, 2018 10:09:58 AM net.sf.freecol.server.networking.Server sendToAll
INFO: Reap dead connection: [DummyConnection Server connection - model.nation.spanish]
May 10, 2018 10:09:58 AM net.sf.freecol.server.networking.Server sendToAll
INFO: Reap dead connection: [DummyConnection Server connection - model.nation.inca]
May 10, 2018 10:09:58 AM net.sf.freecol.server.networking.Server sendToAll
INFO: Reap dead connection: [DummyConnection Server connection - model.nation.dutch]
May 10, 2018 10:09:58 AM net.sf.freecol.server.networking.Server sendToAll
INFO: Reap dead connection: [DummyConnection Server connection - model.nation.english]
May 10, 2018 10:09:58 AM net.sf.freecol.common.model.Specification applyDifficultyLevel
INFO: Applying difficulty level model.difficulty.medium
May 10, 2018 10:09:58 AM net.sf.freecol.common.FreeColSeed getFreeColSeed
INFO: Using seed: -6773713797914717037
May 10, 2018 10:09:58 AM net.sf.freecol.server.networking.Server sendToAll
INFO: Reap dead connection: [DummyConnection Server connection - model.nation.tupi]
May 10, 2018 10:09:58 AM net.sf.freecol.server.networking.Server sendToAll
INFO: Reap dead connection: [DummyConnection Server connection - model.nation.english]
May 10, 2018 10:09:58 AM net.sf.freecol.server.networking.Server sendToAll
INFO: Reap dead connection: [DummyConnection Server connection - model.nation.dutch]
May 10, 2018 10:09:58 AM net.sf.freecol.server.networking.Server sendToAll
INFO: Reap dead connection: [DummyConnection Server connection - model.nation.arawak]
May 10, 2018 10:09:58 AM net.sf.freecol.server.networking.Server sendToAll
INFO: Reap dead connection: [DummyConnection Server connection - model.nation.inca]
May 10, 2018 10:09:58 AM net.sf.freecol.server.networking.Server sendToAll
INFO: Reap dead connection: [DummyConnection Server connection - model.nation.iroquois]
May 10, 2018 10:09:58 AM net.sf.freecol.server.networking.Server sendToAll
INFO: Reap dead connection: [DummyConnection Server connection - model.nation.sioux]
May 10, 2018 10:09:58 AM net.sf.freecol.server.networking.Server sendToAll
INFO: Reap dead connection: [DummyConnection Server connection - model.nation.french]
May 10, 2018 10:09:58 AM net.sf.freecol.server.networking.Server sendToAll
INFO: Reap dead connection: [DummyConnection Server connection - model.nation.apache]
May 10, 2018 10:09:58 AM net.sf.freecol.server.networking.Server sendToAll
INFO: Reap dead connection: [DummyConnection Server connection - model.nation.aztec]
May 10, 2018 10:09:58 AM net.sf.freecol.server.networking.Server sendToAll
INFO: Reap dead connection: [DummyConnection Server connection - model.nation.spanish]
May 10, 2018 10:09:58 AM net.sf.freecol.server.networking.Server sendToAll
INFO: Reap dead connection: [DummyConnection Server connection - model.nation.cherokee]
May 10, 2018 10:09:58 AM net.sf.freecol.common.model.Specification applyDifficultyLevel
INFO: Applying difficulty level model.difficulty.medium
May 10, 2018 10:09:58 AM net.sf.freecol.common.FreeColSeed getFreeColSeed
INFO: Using seed: -525067939733119016
May 10, 2018 10:09:58 AM net.sf.freecol.server.networking.Server sendToAll
INFO: Reap dead connection: [DummyConnection Server connection - model.nation.apache]
May 10, 2018 10:09:58 AM net.sf.freecol.server.networking.Server sendToAll
INFO: Reap dead connection: [DummyConnection Server connection - model.nation.aztec]
May 10, 2018 10:09:58 AM net.sf.freecol.server.networking.Server sendToAll
INFO: Reap dead connection: [DummyConnection Server connection - model.nation.arawak]
May 10, 2018 10:09:58 AM net.sf.freecol.server.networking.Server sendToAll
INFO: Reap dead connection: [DummyConnection Server connection - model.nation.english]
May 10, 2018 10:09:58 AM net.sf.freecol.server.networking.Server sendToAll
INFO: Reap dead connection: [DummyConnection Server connection - model.nation.cherokee]
May 10, 2018 10:09:58 AM net.sf.freecol.server.networking.Server sendToAll
INFO: Reap dead connection: [DummyConnection Server connection - model.nation.iroquois]
May 10, 2018 10:09:58 AM net.sf.freecol.server.networking.Server sendToAll
INFO: Reap dead connection: [DummyConnection Server connection - model.nation.sioux]
May 10, 2018 10:09:58 AM net.sf.freecol.server.networking.Server sendToAll
INFO: Reap dead connection: [DummyConnection Server connection - model.nation.tupi]
May 10, 2018 10:09:58 AM net.sf.freecol.server.networking.Server sendToAll
INFO: Reap dead connection: [DummyConnection Server connection - model.nation.spanish]
May 10, 2018 10:09:58 AM net.sf.freecol.server.networking.Server sendToAll
INFO: Reap dead connection: [DummyConnection Server connection - model.nation.dutch]
May 10, 2018 10:09:58 AM net.sf.freecol.server.networking.Server sendToAll
INFO: Reap dead connection: [DummyConnection Server connection - model.nation.french]
May 10, 2018 10:09:58 AM net.sf.freecol.server.networking.Server sendToAll
INFO: Reap dead connection: [DummyConnection Server connection - model.nation.inca]
May 10, 2018 10:09:58 AM net.sf.freecol.common.model.Specification applyDifficultyLevel
INFO: Applying difficulty level model.difficulty.medium
May 10, 2018 10:09:58 AM net.sf.freecol.common.FreeColSeed getFreeColSeed
INFO: Using seed: 4462326347260432630
May 10, 2018 10:09:58 AM net.sf.freecol.server.networking.Server sendToAll
INFO: Reap dead connection: [DummyConnection Server connection - model.nation.dutch]
May 10, 2018 10:09:58 AM net.sf.freecol.server.networking.Server sendToAll
INFO: Reap dead connection: [DummyConnection Server connection - model.nation.inca]
May 10, 2018 10:09:58 AM net.sf.freecol.server.networking.Server sendToAll
INFO: Reap dead connection: [DummyConnection Server connection - model.nation.tupi]
May 10, 2018 10:09:58 AM net.sf.freecol.server.networking.Server sendToAll
INFO: Reap dead connection: [DummyConnection Server connection - model.nation.sioux]
May 10, 2018 10:09:58 AM net.sf.freecol.server.networking.Server sendToAll
INFO: Reap dead connection: [DummyConnection Server connection - model.nation.french]
May 10, 2018 10:09:58 AM net.sf.freecol.server.networking.Server sendToAll
INFO: Reap dead connection: [DummyConnection Server connection - model.nation.apache]
May 10, 2018 10:09:58 AM net.sf.freecol.server.networking.Server sendToAll
INFO: Reap dead connection: [DummyConnection Server connection - model.nation.iroquois]
May 10, 2018 10:09:58 AM net.sf.freecol.server.networking.Server sendToAll
INFO: Reap dead connection: [DummyConnection Server connection - model.nation.cherokee]
May 10, 2018 10:09:58 AM net.sf.freecol.server.networking.Server sendToAll
INFO: Reap dead connection: [DummyConnection Server connection - model.nation.spanish]
May 10, 2018 10:09:58 AM net.sf.freecol.server.networking.Server sendToAll
INFO: Reap dead connection: [DummyConnection Server connection - model.nation.arawak]
May 10, 2018 10:09:58 AM net.sf.freecol.server.networking.Server sendToAll
INFO: Reap dead connection: [DummyConnection Server connection - model.nation.english]
May 10, 2018 10:09:58 AM net.sf.freecol.server.networking.Server sendToAll
INFO: Reap dead connection: [DummyConnection Server connection - model.nation.aztec]
May 10, 2018 10:09:58 AM net.sf.freecol.common.model.Specification applyDifficultyLevel
INFO: Applying difficulty level model.difficulty.medium
May 10, 2018 10:09:58 AM net.sf.freecol.common.FreeColSeed getFreeColSeed
INFO: Using seed: -8862301094055627825
May 10, 2018 10:09:59 AM net.sf.freecol.server.networking.Server sendToAll
INFO: Reap dead connection: [DummyConnection Server connection - model.nation.sioux]
May 10, 2018 10:09:59 AM net.sf.freecol.server.networking.Server sendToAll
INFO: Reap dead connection: [DummyConnection Server connection - model.nation.tupi]
May 10, 2018 10:09:59 AM net.sf.freecol.server.networking.Server sendToAll
INFO: Reap dead connection: [DummyConnection Server connection - model.nation.iroquois]
May 10, 2018 10:09:59 AM net.sf.freecol.server.networking.Server sendToAll
INFO: Reap dead connection: [DummyConnection Server connection - model.nation.dutch]
May 10, 2018 10:09:59 AM net.sf.freecol.server.networking.Server sendToAll
INFO: Reap dead connection: [DummyConnection Server connection - model.nation.inca]
May 10, 2018 10:09:59 AM net.sf.freecol.server.networking.Server sendToAll
INFO: Reap dead connection: [DummyConnection Server connection - model.nation.english]
May 10, 2018 10:09:59 AM net.sf.freecol.server.networking.Server sendToAll
INFO: Reap dead connection: [DummyConnection Server connection - model.nation.apache]
May 10, 2018 10:09:59 AM net.sf.freecol.server.networking.Server sendToAll
INFO: Reap dead connection: [DummyConnection Server connection - model.nation.french]
May 10, 2018 10:09:59 AM net.sf.freecol.server.networking.Server sendToAll
INFO: Reap dead connection: [DummyConnection Server connection - model.nation.aztec]
May 10, 2018 10:09:59 AM net.sf.freecol.server.networking.Server sendToAll
INFO: Reap dead connection: [DummyConnection Server connection - model.nation.arawak]
May 10, 2018 10:09:59 AM net.sf.freecol.server.networking.Server sendToAll
INFO: Reap dead connection: [DummyConnection Server connection - model.nation.spanish]
May 10, 2018 10:09:59 AM net.sf.freecol.server.networking.Server sendToAll
INFO: Reap dead connection: [DummyConnection Server connection - model.nation.cherokee]
May 10, 2018 10:09:59 AM net.sf.freecol.server.model.ServerPlayer csChangeStance
INFO: Stance modification Louis XIV UNCONTACTED -> PEACE wrt Geronimo
May 10, 2018 10:09:59 AM net.sf.freecol.server.model.ServerPlayer csChangeStance
INFO: Stance modification Geronimo UNCONTACTED -> PEACE wrt Louis XIV (symmetric)
May 10, 2018 10:09:59 AM net.sf.freecol.common.model.Specification applyDifficultyLevel
INFO: Applying difficulty level model.difficulty.medium
May 10, 2018 10:09:59 AM net.sf.freecol.common.FreeColSeed getFreeColSeed
INFO: Using seed: 1877653208257338775
May 10, 2018 10:09:59 AM net.sf.freecol.server.networking.Server sendToAll
INFO: Reap dead connection: [DummyConnection Server connection - model.nation.cherokee]
May 10, 2018 10:09:59 AM net.sf.freecol.server.networking.Server sendToAll
INFO: Reap dead connection: [DummyConnection Server connection - model.nation.english]
May 10, 2018 10:09:59 AM net.sf.freecol.server.networking.Server sendToAll
INFO: Reap dead connection: [DummyConnection Server connection - model.nation.dutch]
May 10, 2018 10:09:59 AM net.sf.freecol.server.networking.Server sendToAll
INFO: Reap dead connection: [DummyConnection Server connection - model.nation.iroquois]
May 10, 2018 10:09:59 AM net.sf.freecol.server.networking.Server sendToAll
INFO: Reap dead connection: [DummyConnection Server connection - model.nation.french]
May 10, 2018 10:09:59 AM net.sf.freecol.server.networking.Server sendToAll
INFO: Reap dead connection: [DummyConnection Server connection - model.nation.apache]
May 10, 2018 10:09:59 AM net.sf.freecol.server.networking.Server sendToAll
INFO: Reap dead connection: [DummyConnection Server connection - model.nation.aztec]
May 10, 2018 10:09:59 AM net.sf.freecol.server.networking.Server sendToAll
INFO: Reap dead connection: [DummyConnection Server connection - model.nation.tupi]
May 10, 2018 10:09:59 AM net.sf.freecol.server.networking.Server sendToAll
INFO: Reap dead connection: [DummyConnection Server connection - model.nation.spanish]
May 10, 2018 10:09:59 AM net.sf.freecol.server.networking.Server sendToAll
INFO: Reap dead connection: [DummyConnection Server connection - model.nation.inca]
May 10, 2018 10:09:59 AM net.sf.freecol.server.networking.Server sendToAll
INFO: Reap dead connection: [DummyConnection Server connection - model.nation.sioux]
May 10, 2018 10:09:59 AM net.sf.freecol.server.networking.Server sendToAll
INFO: Reap dead connection: [DummyConnection Server connection - model.nation.arawak]
May 10, 2018 10:09:59 AM net.sf.freecol.server.model.ServerPlayer csChangeStance
INFO: Stance modification William I UNCONTACTED -> PEACE wrt Geronimo
May 10, 2018 10:09:59 AM net.sf.freecol.server.model.ServerPlayer csChangeStance
INFO: Stance modification Geronimo UNCONTACTED -> PEACE wrt William I (symmetric)
May 10, 2018 10:09:59 AM net.sf.freecol.common.model.Specification applyDifficultyLevel
INFO: Applying difficulty level model.difficulty.medium
May 10, 2018 10:09:59 AM net.sf.freecol.common.FreeColSeed getFreeColSeed
INFO: Using seed: 1530898200811694921
May 10, 2018 10:09:59 AM net.sf.freecol.server.networking.Server sendToAll
INFO: Reap dead connection: [DummyConnection Server connection - model.nation.french]
May 10, 2018 10:09:59 AM net.sf.freecol.server.networking.Server sendToAll
INFO: Reap dead connection: [DummyConnection Server connection - model.nation.arawak]
May 10, 2018 10:09:59 AM net.sf.freecol.server.networking.Server sendToAll
INFO: Reap dead connection: [DummyConnection Server connection - model.nation.iroquois]
May 10, 2018 10:09:59 AM net.sf.freecol.server.networking.Server sendToAll
INFO: Reap dead connection: [DummyConnection Server connection - model.nation.apache]
May 10, 2018 10:09:59 AM net.sf.freecol.server.networking.Server sendToAll
INFO: Reap dead connection: [DummyConnection Server connection - model.nation.spanish]
May 10, 2018 10:09:59 AM net.sf.freecol.server.networking.Server sendToAll
INFO: Reap dead connection: [DummyConnection Server connection - model.nation.sioux]
May 10, 2018 10:09:59 AM net.sf.freecol.server.networking.Server sendToAll
INFO: Reap dead connection: [DummyConnection Server connection - model.nation.tupi]
May 10, 2018 10:09:59 AM net.sf.freecol.server.networking.Server sendToAll
INFO: Reap dead connection: [DummyConnection Server connection - model.nation.inca]
May 10, 2018 10:09:59 AM net.sf.freecol.server.networking.Server sendToAll
INFO: Reap dead connection: [DummyConnection Server connection - model.nation.english]
May 10, 2018 10:09:59 AM net.sf.freecol.server.networking.Server sendToAll
INFO: Reap dead connection: [DummyConnection Server connection - model.nation.aztec]
May 10, 2018 10:09:59 AM net.sf.freecol.server.networking.Server sendToAll
INFO: Reap dead connection: [DummyConnection Server connection - model.nation.dutch]
May 10, 2018 10:09:59 AM net.sf.freecol.server.networking.Server sendToAll
INFO: Reap dead connection: [DummyConnection Server connection - model.nation.cherokee]
May 10, 2018 10:09:59 AM net.sf.freecol.common.model.Specification applyDifficultyLevel
INFO: Applying difficulty level model.difficulty.medium
May 10, 2018 10:09:59 AM net.sf.freecol.common.FreeColSeed getFreeColSeed
INFO: Using seed: -1467011608109455917
May 10, 2018 10:09:59 AM net.sf.freecol.server.networking.Server sendToAll
INFO: Reap dead connection: [DummyConnection Server connection - model.nation.tupi]
May 10, 2018 10:09:59 AM net.sf.freecol.server.networking.Server sendToAll
INFO: Reap dead connection: [DummyConnection Server connection - model.nation.apache]
May 10, 2018 10:09:59 AM net.sf.freecol.server.networking.Server sendToAll
INFO: Reap dead connection: [DummyConnection Server connection - model.nation.aztec]
May 10, 2018 10:09:59 AM net.sf.freecol.server.networking.Server sendToAll
INFO: Reap dead connection: [DummyConnection Server connection - model.nation.sioux]
May 10, 2018 10:09:59 AM net.sf.freecol.server.networking.Server sendToAll
INFO: Reap dead connection: [DummyConnection Server connection - model.nation.arawak]
May 10, 2018 10:09:59 AM net.sf.freecol.server.networking.Server sendToAll
INFO: Reap dead connection: [DummyConnection Server connection - model.nation.english]
May 10, 2018 10:09:59 AM net.sf.freecol.server.networking.Server sendToAll
INFO: Reap dead connection: [DummyConnection Server connection - model.nation.iroquois]
May 10, 2018 10:09:59 AM net.sf.freecol.server.networking.Server sendToAll
INFO: Reap dead connection: [DummyConnection Server connection - model.nation.dutch]
May 10, 2018 10:09:59 AM net.sf.freecol.server.networking.Server sendToAll
INFO: Reap dead connection: [DummyConnection Server connection - model.nation.inca]
May 10, 2018 10:09:59 AM net.sf.freecol.server.networking.Server sendToAll
INFO: Reap dead connection: [DummyConnection Server connection - model.nation.cherokee]
May 10, 2018 10:09:59 AM net.sf.freecol.server.networking.Server sendToAll
INFO: Reap dead connection: [DummyConnection Server connection - model.nation.spanish]
May 10, 2018 10:09:59 AM net.sf.freecol.server.networking.Server sendToAll
INFO: Reap dead connection: [DummyConnection Server connection - model.nation.french]
May 10, 2018 10:09:59 AM net.sf.freecol.common.model.Specification applyDifficultyLevel
INFO: Applying difficulty level model.difficulty.medium
May 10, 2018 10:09:59 AM net.sf.freecol.common.FreeColSeed getFreeColSeed
INFO: Using seed: 1083801211594666468
May 10, 2018 10:09:59 AM net.sf.freecol.server.networking.Server sendToAll
INFO: Reap dead connection: [DummyConnection Server connection - model.nation.sioux]
May 10, 2018 10:09:59 AM net.sf.freecol.server.networking.Server sendToAll
INFO: Reap dead connection: [DummyConnection Server connection - model.nation.dutch]
May 10, 2018 10:09:59 AM net.sf.freecol.server.networking.Server sendToAll
INFO: Reap dead connection: [DummyConnection Server connection - model.nation.inca]
May 10, 2018 10:09:59 AM net.sf.freecol.server.networking.Server sendToAll
INFO: Reap dead connection: [DummyConnection Server connection - model.nation.cherokee]
May 10, 2018 10:09:59 AM net.sf.freecol.server.networking.Server sendToAll
INFO: Reap dead connection: [DummyConnection Server connection - model.nation.arawak]
May 10, 2018 10:09:59 AM net.sf.freecol.server.networking.Server sendToAll
INFO: Reap dead connection: [DummyConnection Server connection - model.nation.spanish]
May 10, 2018 10:09:59 AM net.sf.freecol.server.networking.Server sendToAll
INFO: Reap dead connection: [DummyConnection Server connection - model.nation.english]
May 10, 2018 10:09:59 AM net.sf.freecol.server.networking.Server sendToAll
INFO: Reap dead connection: [DummyConnection Server connection - model.nation.aztec]
May 10, 2018 10:09:59 AM net.sf.freecol.server.networking.Server sendToAll
INFO: Reap dead connection: [DummyConnection Server connection - model.nation.french]
May 10, 2018 10:09:59 AM net.sf.freecol.server.networking.Server sendToAll
INFO: Reap dead connection: [DummyConnection Server connection - model.nation.iroquois]
May 10, 2018 10:09:59 AM net.sf.freecol.server.networking.Server sendToAll
INFO: Reap dead connection: [DummyConnection Server connection - model.nation.tupi]
May 10, 2018 10:09:59 AM net.sf.freecol.server.networking.Server sendToAll
INFO: Reap dead connection: [DummyConnection Server connection - model.nation.apache]
May 10, 2018 10:09:59 AM net.sf.freecol.common.model.Specification applyDifficultyLevel
INFO: Applying difficulty level model.difficulty.medium
May 10, 2018 10:09:59 AM net.sf.freecol.common.FreeColSeed getFreeColSeed
INFO: Using seed: 5251945157948302897
May 10, 2018 10:09:59 AM net.sf.freecol.server.networking.Server sendToAll
INFO: Reap dead connection: [DummyConnection Server connection - model.nation.cherokee]
May 10, 2018 10:09:59 AM net.sf.freecol.server.networking.Server sendToAll
INFO: Reap dead connection: [DummyConnection Server connection - model.nation.english]
May 10, 2018 10:09:59 AM net.sf.freecol.server.networking.Server sendToAll
INFO: Reap dead connection: [DummyConnection Server connection - model.nation.inca]
May 10, 2018 10:09:59 AM net.sf.freecol.server.networking.Server sendToAll
INFO: Reap dead connection: [DummyConnection Server connection - model.nation.french]
May 10, 2018 10:09:59 AM net.sf.freecol.server.networking.Server sendToAll
INFO: Reap dead connection: [DummyConnection Server connection - model.nation.dutch]
May 10, 2018 10:09:59 AM net.sf.freecol.server.networking.Server sendToAll
INFO: Reap dead connection: [DummyConnection Server connection - model.nation.apache]
May 10, 2018 10:09:59 AM net.sf.freecol.server.networking.Server sendToAll
INFO: Reap dead connection: [DummyConnection Server connection - model.nation.iroquois]
May 10, 2018 10:09:59 AM net.sf.freecol.server.networking.Server sendToAll
INFO: Reap dead connection: [DummyConnection Server connection - model.nation.tupi]
May 10, 2018 10:09:59 AM net.sf.freecol.server.networking.Server sendToAll
INFO: Reap dead connection: [DummyConnection Server connection - model.nation.spanish]
May 10, 2018 10:09:59 AM net.sf.freecol.server.networking.Server sendToAll
INFO: Reap dead connection: [DummyConnection Server connection - model.nation.arawak]
May 10, 2018 10:09:59 AM net.sf.freecol.server.networking.Server sendToAll
INFO: Reap dead connection: [DummyConnection Server connection - model.nation.sioux]
May 10, 2018 10:09:59 AM net.sf.freecol.server.networking.Server sendToAll
INFO: Reap dead connection: [DummyConnection Server connection - model.nation.aztec]
May 10, 2018 10:09:59 AM net.sf.freecol.server.model.ServerPlayer csChangeStance
INFO: Stance modification William I UNCONTACTED -> PEACE wrt Segoyewatha
May 10, 2018 10:09:59 AM net.sf.freecol.server.model.ServerPlayer csChangeStance
INFO: Stance modification Segoyewatha UNCONTACTED -> PEACE wrt William I (symmetric)
May 10, 2018 10:09:59 AM net.sf.freecol.common.model.Specification applyDifficultyLevel
INFO: Applying difficulty level model.difficulty.medium
May 10, 2018 10:09:59 AM net.sf.freecol.common.FreeColSeed getFreeColSeed
INFO: Using seed: 5717003348888752493
May 10, 2018 10:09:59 AM net.sf.freecol.server.networking.Server sendToAll
INFO: Reap dead connection: [DummyConnection Server connection - model.nation.spanish]
May 10, 2018 10:09:59 AM net.sf.freecol.server.networking.Server sendToAll
INFO: Reap dead connection: [DummyConnection Server connection - model.nation.sioux]
May 10, 2018 10:09:59 AM net.sf.freecol.server.networking.Server sendToAll
INFO: Reap dead connection: [DummyConnection Server connection - model.nation.dutch]
May 10, 2018 10:09:59 AM net.sf.freecol.server.networking.Server sendToAll
INFO: Reap dead connection: [DummyConnection Server connection - model.nation.iroquois]
May 10, 2018 10:09:59 AM net.sf.freecol.server.networking.Server sendToAll
INFO: Reap dead connection: [DummyConnection Server connection - model.nation.french]
May 10, 2018 10:09:59 AM net.sf.freecol.server.networking.Server sendToAll
INFO: Reap dead connection: [DummyConnection Server connection - model.nation.inca]
May 10, 2018 10:09:59 AM net.sf.freecol.server.networking.Server sendToAll
INFO: Reap dead connection: [DummyConnection Server connection - model.nation.english]
May 10, 2018 10:09:59 AM net.sf.freecol.server.networking.Server sendToAll
INFO: Reap dead connection: [DummyConnection Server connection - model.nation.apache]
May 10, 2018 10:09:59 AM net.sf.freecol.server.networking.Server sendToAll
INFO: Reap dead connection: [DummyConnection Server connection - model.nation.cherokee]
May 10, 2018 10:09:59 AM net.sf.freecol.server.networking.Server sendToAll
INFO: Reap dead connection: [DummyConnection Server connection - model.nation.tupi]
May 10, 2018 10:09:59 AM net.sf.freecol.server.networking.Server sendToAll
INFO: Reap dead connection: [DummyConnection Server connection - model.nation.arawak]
May 10, 2018 10:09:59 AM net.sf.freecol.server.networking.Server sendToAll
INFO: Reap dead connection: [DummyConnection Server connection - model.nation.aztec]
May 10, 2018 10:09:59 AM net.sf.freecol.server.model.ServerPlayer csChangeStance
INFO: Stance modification William I UNCONTACTED -> PEACE wrt Segoyewatha
May 10, 2018 10:09:59 AM net.sf.freecol.server.model.ServerPlayer csChangeStance
INFO: Stance modification Segoyewatha UNCONTACTED -> PEACE wrt William I (symmetric)
May 10, 2018 10:09:59 AM net.sf.freecol.common.model.Specification applyDifficultyLevel
INFO: Applying difficulty level model.difficulty.medium
May 10, 2018 10:09:59 AM net.sf.freecol.common.FreeColSeed getFreeColSeed
INFO: Using seed: -6406037173719696970
May 10, 2018 10:09:59 AM net.sf.freecol.server.networking.Server sendToAll
INFO: Reap dead connection: [DummyConnection Server connection - model.nation.sioux]
May 10, 2018 10:09:59 AM net.sf.freecol.server.networking.Server sendToAll
INFO: Reap dead connection: [DummyConnection Server connection - model.nation.aztec]
May 10, 2018 10:09:59 AM net.sf.freecol.server.networking.Server sendToAll
INFO: Reap dead connection: [DummyConnection Server connection - model.nation.dutch]
May 10, 2018 10:09:59 AM net.sf.freecol.server.networking.Server sendToAll
INFO: Reap dead connection: [DummyConnection Server connection - model.nation.french]
May 10, 2018 10:09:59 AM net.sf.freecol.server.networking.Server sendToAll
INFO: Reap dead connection: [DummyConnection Server connection - model.nation.inca]
May 10, 2018 10:09:59 AM net.sf.freecol.server.networking.Server sendToAll
INFO: Reap dead connection: [DummyConnection Server connection - model.nation.spanish]
May 10, 2018 10:09:59 AM net.sf.freecol.server.networking.Server sendToAll
INFO: Reap dead connection: [DummyConnection Server connection - model.nation.iroquois]
May 10, 2018 10:09:59 AM net.sf.freecol.server.networking.Server sendToAll
INFO: Reap dead connection: [DummyConnection Server connection - model.nation.apache]
May 10, 2018 10:09:59 AM net.sf.freecol.server.networking.Server sendToAll
INFO: Reap dead connection: [DummyConnection Server connection - model.nation.english]
May 10, 2018 10:09:59 AM net.sf.freecol.server.networking.Server sendToAll
INFO: Reap dead connection: [DummyConnection Server connection - model.nation.tupi]
May 10, 2018 10:09:59 AM net.sf.freecol.server.networking.Server sendToAll
INFO: Reap dead connection: [DummyConnection Server connection - model.nation.arawak]
May 10, 2018 10:09:59 AM net.sf.freecol.server.networking.Server sendToAll
INFO: Reap dead connection: [DummyConnection Server connection - model.nation.cherokee]
May 10, 2018 10:09:59 AM net.sf.freecol.common.model.Specification applyDifficultyLevel
INFO: Applying difficulty level model.difficulty.medium
May 10, 2018 10:09:59 AM net.sf.freecol.common.model.Specification applyDifficultyLevel
INFO: Applying difficulty level model.difficulty.medium
May 10, 2018 10:09:59 AM net.sf.freecol.common.model.Specification applyDifficultyLevel
INFO: Applying difficulty level model.difficulty.medium
May 10, 2018 10:09:59 AM net.sf.freecol.common.FreeColSeed getFreeColSeed
INFO: Using seed: -2369370180927047156
May 10, 2018 10:09:59 AM net.sf.freecol.server.networking.Server sendToAll
INFO: Reap dead connection: [DummyConnection Server connection - model.nation.iroquois]
May 10, 2018 10:09:59 AM net.sf.freecol.server.networking.Server sendToAll
INFO: Reap dead connection: [DummyConnection Server connection - model.nation.english]
May 10, 2018 10:09:59 AM net.sf.freecol.server.networking.Server sendToAll
INFO: Reap dead connection: [DummyConnection Server connection - model.nation.cherokee]
May 10, 2018 10:09:59 AM net.sf.freecol.server.networking.Server sendToAll
INFO: Reap dead connection: [DummyConnection Server connection - model.nation.inca]
May 10, 2018 10:09:59 AM net.sf.freecol.server.networking.Server sendToAll
INFO: Reap dead connection: [DummyConnection Server connection - model.nation.arawak]
May 10, 2018 10:09:59 AM net.sf.freecol.server.networking.Server sendToAll
INFO: Reap dead connection: [DummyConnection Server connection - model.nation.sioux]
May 10, 2018 10:09:59 AM net.sf.freecol.server.networking.Server sendToAll
INFO: Reap dead connection: [DummyConnection Server connection - model.nation.french]
May 10, 2018 10:09:59 AM net.sf.freecol.server.networking.Server sendToAll
INFO: Reap dead connection: [DummyConnection Server connection - model.nation.tupi]
May 10, 2018 10:09:59 AM net.sf.freecol.server.networking.Server sendToAll
INFO: Reap dead connection: [DummyConnection Server connection - model.nation.apache]
May 10, 2018 10:09:59 AM net.sf.freecol.server.networking.Server sendToAll
INFO: Reap dead connection: [DummyConnection Server connection - model.nation.aztec]
May 10, 2018 10:09:59 AM net.sf.freecol.server.networking.Server sendToAll
INFO: Reap dead connection: [DummyConnection Server connection - model.nation.dutch]
May 10, 2018 10:09:59 AM net.sf.freecol.server.networking.Server sendToAll
INFO: Reap dead connection: [DummyConnection Server connection - model.nation.spanish]
May 10, 2018 10:09:59 AM net.sf.freecol.common.model.Specification applyDifficultyLevel
INFO: Applying difficulty level model.difficulty.medium
May 10, 2018 10:09:59 AM net.sf.freecol.common.FreeColSeed getFreeColSeed
INFO: Using seed: 6153638219403822143
May 10, 2018 10:09:59 AM net.sf.freecol.server.networking.Server sendToAll
INFO: Reap dead connection: [DummyConnection Server connection - model.nation.english]
May 10, 2018 10:09:59 AM net.sf.freecol.server.networking.Server sendToAll
INFO: Reap dead connection: [DummyConnection Server connection - model.nation.apache]
May 10, 2018 10:09:59 AM net.sf.freecol.server.networking.Server sendToAll
INFO: Reap dead connection: [DummyConnection Server connection - model.nation.french]
May 10, 2018 10:09:59 AM net.sf.freecol.server.networking.Server sendToAll
INFO: Reap dead connection: [DummyConnection Server connection - model.nation.cherokee]
May 10, 2018 10:09:59 AM net.sf.freecol.server.networking.Server sendToAll
INFO: Reap dead connection: [DummyConnection Server connection - model.nation.tupi]
May 10, 2018 10:09:59 AM net.sf.freecol.server.networking.Server sendToAll
INFO: Reap dead connection: [DummyConnection Server connection - model.nation.dutch]
May 10, 2018 10:09:59 AM net.sf.freecol.server.networking.Server sendToAll
INFO: Reap dead connection: [DummyConnection Server connection - model.nation.aztec]
May 10, 2018 10:09:59 AM net.sf.freecol.server.networking.Server sendToAll
INFO: Reap dead connection: [DummyConnection Server connection - model.nation.spanish]
May 10, 2018 10:09:59 AM net.sf.freecol.server.networking.Server sendToAll
INFO: Reap dead connection: [DummyConnection Server connection - model.nation.arawak]
May 10, 2018 10:09:59 AM net.sf.freecol.server.networking.Server sendToAll
INFO: Reap dead connection: [DummyConnection Server connection - model.nation.sioux]
May 10, 2018 10:09:59 AM net.sf.freecol.server.networking.Server sendToAll
INFO: Reap dead connection: [DummyConnection Server connection - model.nation.iroquois]
May 10, 2018 10:09:59 AM net.sf.freecol.server.networking.Server sendToAll
INFO: Reap dead connection: [DummyConnection Server connection - model.nation.inca]
May 10, 2018 10:09:59 AM net.sf.freecol.common.model.Specification applyDifficultyLevel
INFO: Applying difficulty level model.difficulty.medium
May 10, 2018 10:09:59 AM net.sf.freecol.common.FreeColSeed getFreeColSeed
INFO: Using seed: -6565826706686421762
May 10, 2018 10:09:59 AM net.sf.freecol.server.networking.Server sendToAll
INFO: Reap dead connection: [DummyConnection Server connection - model.nation.arawak]
May 10, 2018 10:09:59 AM net.sf.freecol.server.networking.Server sendToAll
INFO: Reap dead connection: [DummyConnection Server connection - model.nation.french]
May 10, 2018 10:09:59 AM net.sf.freecol.server.networking.Server sendToAll
INFO: Reap dead connection: [DummyConnection Server connection - model.nation.apache]
May 10, 2018 10:09:59 AM net.sf.freecol.server.networking.Server sendToAll
INFO: Reap dead connection: [DummyConnection Server connection - model.nation.tupi]
May 10, 2018 10:09:59 AM net.sf.freecol.server.networking.Server sendToAll
INFO: Reap dead connection: [DummyConnection Server connection - model.nation.sioux]
May 10, 2018 10:09:59 AM net.sf.freecol.server.networking.Server sendToAll
INFO: Reap dead connection: [DummyConnection Server connection - model.nation.dutch]
May 10, 2018 10:09:59 AM net.sf.freecol.server.networking.Server sendToAll
INFO: Reap dead connection: [DummyConnection Server connection - model.nation.aztec]
May 10, 2018 10:09:59 AM net.sf.freecol.server.networking.Server sendToAll
INFO: Reap dead connection: [DummyConnection Server connection - model.nation.cherokee]
May 10, 2018 10:09:59 AM net.sf.freecol.server.networking.Server sendToAll
INFO: Reap dead connection: [DummyConnection Server connection - model.nation.iroquois]
May 10, 2018 10:09:59 AM net.sf.freecol.server.networking.Server sendToAll
INFO: Reap dead connection: [DummyConnection Server connection - model.nation.english]
May 10, 2018 10:09:59 AM net.sf.freecol.server.networking.Server sendToAll
INFO: Reap dead connection: [DummyConnection Server connection - model.nation.inca]
May 10, 2018 10:09:59 AM net.sf.freecol.server.networking.Server sendToAll
INFO: Reap dead connection: [DummyConnection Server connection - model.nation.spanish]
May 10, 2018 10:09:59 AM net.sf.freecol.common.model.Specification applyDifficultyLevel
INFO: Applying difficulty level model.difficulty.medium
May 10, 2018 10:09:59 AM net.sf.freecol.common.FreeColSeed getFreeColSeed
INFO: Using seed: -6973031226521722255
May 10, 2018 10:09:59 AM net.sf.freecol.server.networking.Server sendToAll
INFO: Reap dead connection: [DummyConnection Server connection - model.nation.apache]
May 10, 2018 10:09:59 AM net.sf.freecol.server.networking.Server sendToAll
INFO: Reap dead connection: [DummyConnection Server connection - model.nation.inca]
May 10, 2018 10:09:59 AM net.sf.freecol.server.networking.Server sendToAll
INFO: Reap dead connection: [DummyConnection Server connection - model.nation.cherokee]
May 10, 2018 10:09:59 AM net.sf.freecol.server.networking.Server sendToAll
INFO: Reap dead connection: [DummyConnection Server connection - model.nation.spanish]
May 10, 2018 10:09:59 AM net.sf.freecol.server.networking.Server sendToAll
INFO: Reap dead connection: [DummyConnection Server connection - model.nation.french]
May 10, 2018 10:09:59 AM net.sf.freecol.server.networking.Server sendToAll
INFO: Reap dead connection: [DummyConnection Server connection - model.nation.english]
May 10, 2018 10:09:59 AM net.sf.freecol.server.networking.Server sendToAll
INFO: Reap dead connection: [DummyConnection Server connection - model.nation.iroquois]
May 10, 2018 10:09:59 AM net.sf.freecol.server.networking.Server sendToAll
INFO: Reap dead connection: [DummyConnection Server connection - model.nation.arawak]
May 10, 2018 10:09:59 AM net.sf.freecol.server.networking.Server sendToAll
INFO: Reap dead connection: [DummyConnection Server connection - model.nation.sioux]
May 10, 2018 10:09:59 AM net.sf.freecol.server.networking.Server sendToAll
INFO: Reap dead connection: [DummyConnection Server connection - model.nation.dutch]
May 10, 2018 10:09:59 AM net.sf.freecol.server.networking.Server sendToAll
INFO: Reap dead connection: [DummyConnection Server connection - model.nation.aztec]
May 10, 2018 10:09:59 AM net.sf.freecol.server.networking.Server sendToAll
INFO: Reap dead connection: [DummyConnection Server connection - model.nation.tupi]
May 10, 2018 10:09:59 AM net.sf.freecol.common.model.Specification applyDifficultyLevel
INFO: Applying difficulty level model.difficulty.medium
May 10, 2018 10:09:59 AM net.sf.freecol.common.FreeColSeed getFreeColSeed
INFO: Using seed: 359050906157951566
May 10, 2018 10:09:59 AM net.sf.freecol.server.networking.Server sendToAll
INFO: Reap dead connection: [DummyConnection Server connection - model.nation.english]
May 10, 2018 10:09:59 AM net.sf.freecol.server.networking.Server sendToAll
INFO: Reap dead connection: [DummyConnection Server connection - model.nation.iroquois]
May 10, 2018 10:09:59 AM net.sf.freecol.server.networking.Server sendToAll
INFO: Reap dead connection: [DummyConnection Server connection - model.nation.tupi]
May 10, 2018 10:09:59 AM net.sf.freecol.server.networking.Server sendToAll
INFO: Reap dead connection: [DummyConnection Server connection - model.nation.apache]
May 10, 2018 10:09:59 AM net.sf.freecol.server.networking.Server sendToAll
INFO: Reap dead connection: [DummyConnection Server connection - model.nation.arawak]
May 10, 2018 10:09:59 AM net.sf.freecol.server.networking.Server sendToAll
INFO: Reap dead connection: [DummyConnection Server connection - model.nation.spanish]
May 10, 2018 10:09:59 AM net.sf.freecol.server.networking.Server sendToAll
INFO: Reap dead connection: [DummyConnection Server connection - model.nation.french]
May 10, 2018 10:09:59 AM net.sf.freecol.server.networking.Server sendToAll
INFO: Reap dead connection: [DummyConnection Server connection - model.nation.inca]
May 10, 2018 10:09:59 AM net.sf.freecol.server.networking.Server sendToAll
INFO: Reap dead connection: [DummyConnection Server connection - model.nation.dutch]
May 10, 2018 10:09:59 AM net.sf.freecol.server.networking.Server sendToAll
INFO: Reap dead connection: [DummyConnection Server connection - model.nation.cherokee]
May 10, 2018 10:09:59 AM net.sf.freecol.server.networking.Server sendToAll
INFO: Reap dead connection: [DummyConnection Server connection - model.nation.sioux]
May 10, 2018 10:09:59 AM net.sf.freecol.server.networking.Server sendToAll
INFO: Reap dead connection: [DummyConnection Server connection - model.nation.aztec]
May 10, 2018 10:09:59 AM net.sf.freecol.common.model.Specification applyDifficultyLevel
INFO: Applying difficulty level model.difficulty.medium
May 10, 2018 10:09:59 AM net.sf.freecol.common.FreeColSeed getFreeColSeed
INFO: Using seed: -1860977676288986144
May 10, 2018 10:09:59 AM net.sf.freecol.server.networking.Server sendToAll
INFO: Reap dead connection: [DummyConnection Server connection - model.nation.english]
May 10, 2018 10:09:59 AM net.sf.freecol.server.networking.Server sendToAll
INFO: Reap dead connection: [DummyConnection Server connection - model.nation.inca]
May 10, 2018 10:09:59 AM net.sf.freecol.server.networking.Server sendToAll
INFO: Reap dead connection: [DummyConnection Server connection - model.nation.french]
May 10, 2018 10:09:59 AM net.sf.freecol.server.networking.Server sendToAll
INFO: Reap dead connection: [DummyConnection Server connection - model.nation.iroquois]
May 10, 2018 10:09:59 AM net.sf.freecol.server.networking.Server sendToAll
INFO: Reap dead connection: [DummyConnection Server connection - model.nation.dutch]
May 10, 2018 10:09:59 AM net.sf.freecol.server.networking.Server sendToAll
INFO: Reap dead connection: [DummyConnection Server connection - model.nation.cherokee]
May 10, 2018 10:09:59 AM net.sf.freecol.server.networking.Server sendToAll
INFO: Reap dead connection: [DummyConnection Server connection - model.nation.tupi]
May 10, 2018 10:09:59 AM net.sf.freecol.server.networking.Server sendToAll
INFO: Reap dead connection: [DummyConnection Server connection - model.nation.spanish]
May 10, 2018 10:09:59 AM net.sf.freecol.server.networking.Server sendToAll
INFO: Reap dead connection: [DummyConnection Server connection - model.nation.arawak]
May 10, 2018 10:09:59 AM net.sf.freecol.server.networking.Server sendToAll
INFO: Reap dead connection: [DummyConnection Server connection - model.nation.sioux]
May 10, 2018 10:09:59 AM net.sf.freecol.server.networking.Server sendToAll
INFO: Reap dead connection: [DummyConnection Server connection - model.nation.aztec]
May 10, 2018 10:09:59 AM net.sf.freecol.server.networking.Server sendToAll
INFO: Reap dead connection: [DummyConnection Server connection - model.nation.apache]
May 10, 2018 10:09:59 AM net.sf.freecol.common.model.Specification applyDifficultyLevel
INFO: Applying difficulty level model.difficulty.medium
May 10, 2018 10:09:59 AM net.sf.freecol.common.FreeColSeed getFreeColSeed
INFO: Using seed: 6162616587742225206
May 10, 2018 10:09:59 AM net.sf.freecol.server.networking.Server sendToAll
INFO: Reap dead connection: [DummyConnection Server connection - model.nation.french]
May 10, 2018 10:09:59 AM net.sf.freecol.server.networking.Server sendToAll
INFO: Reap dead connection: [DummyConnection Server connection - model.nation.cherokee]
May 10, 2018 10:09:59 AM net.sf.freecol.server.networking.Server sendToAll
INFO: Reap dead connection: [DummyConnection Server connection - model.nation.sioux]
May 10, 2018 10:09:59 AM net.sf.freecol.server.networking.Server sendToAll
INFO: Reap dead connection: [DummyConnection Server connection - model.nation.apache]
May 10, 2018 10:09:59 AM net.sf.freecol.server.networking.Server sendToAll
INFO: Reap dead connection: [DummyConnection Server connection - model.nation.iroquois]
May 10, 2018 10:09:59 AM net.sf.freecol.server.networking.Server sendToAll
INFO: Reap dead connection: [DummyConnection Server connection - model.nation.inca]
May 10, 2018 10:09:59 AM net.sf.freecol.server.networking.Server sendToAll
INFO: Reap dead connection: [DummyConnection Server connection - model.nation.english]
May 10, 2018 10:09:59 AM net.sf.freecol.server.networking.Server sendToAll
INFO: Reap dead connection: [DummyConnection Server connection - model.nation.aztec]
May 10, 2018 10:09:59 AM net.sf.freecol.server.networking.Server sendToAll
INFO: Reap dead connection: [DummyConnection Server connection - model.nation.spanish]
May 10, 2018 10:09:59 AM net.sf.freecol.server.networking.Server sendToAll
INFO: Reap dead connection: [DummyConnection Server connection - model.nation.tupi]
May 10, 2018 10:09:59 AM net.sf.freecol.server.networking.Server sendToAll
INFO: Reap dead connection: [DummyConnection Server connection - model.nation.dutch]
May 10, 2018 10:09:59 AM net.sf.freecol.server.networking.Server sendToAll
INFO: Reap dead connection: [DummyConnection Server connection - model.nation.arawak]
May 10, 2018 10:09:59 AM net.sf.freecol.common.model.Specification applyDifficultyLevel
INFO: Applying difficulty level model.difficulty.medium
May 10, 2018 10:09:59 AM net.sf.freecol.common.FreeColSeed getFreeColSeed
INFO: Using seed: 8096357240876937473
May 10, 2018 10:09:59 AM net.sf.freecol.server.networking.Server sendToAll
INFO: Reap dead connection: [DummyConnection Server connection - model.nation.iroquois]
May 10, 2018 10:09:59 AM net.sf.freecol.server.networking.Server sendToAll
INFO: Reap dead connection: [DummyConnection Server connection - model.nation.tupi]
May 10, 2018 10:09:59 AM net.sf.freecol.server.networking.Server sendToAll
INFO: Reap dead connection: [DummyConnection Server connection - model.nation.spanish]
May 10, 2018 10:09:59 AM net.sf.freecol.server.networking.Server sendToAll
INFO: Reap dead connection: [DummyConnection Server connection - model.nation.dutch]
May 10, 2018 10:09:59 AM net.sf.freecol.server.networking.Server sendToAll
INFO: Reap dead connection: [DummyConnection Server connection - model.nation.french]
May 10, 2018 10:09:59 AM net.sf.freecol.server.networking.Server sendToAll
INFO: Reap dead connection: [DummyConnection Server connection - model.nation.arawak]
May 10, 2018 10:09:59 AM net.sf.freecol.server.networking.Server sendToAll
INFO: Reap dead connection: [DummyConnection Server connection - model.nation.sioux]
May 10, 2018 10:09:59 AM net.sf.freecol.server.networking.Server sendToAll
INFO: Reap dead connection: [DummyConnection Server connection - model.nation.inca]
May 10, 2018 10:09:59 AM net.sf.freecol.server.networking.Server sendToAll
INFO: Reap dead connection: [DummyConnection Server connection - model.nation.aztec]
May 10, 2018 10:09:59 AM net.sf.freecol.server.networking.Server sendToAll
INFO: Reap dead connection: [DummyConnection Server connection - model.nation.english]
May 10, 2018 10:09:59 AM net.sf.freecol.server.networking.Server sendToAll
INFO: Reap dead connection: [DummyConnection Server connection - model.nation.apache]
May 10, 2018 10:09:59 AM net.sf.freecol.server.networking.Server sendToAll
INFO: Reap dead connection: [DummyConnection Server connection - model.nation.cherokee]
May 10, 2018 10:09:59 AM net.sf.freecol.common.model.Specification applyDifficultyLevel
INFO: Applying difficulty level model.difficulty.medium
May 10, 2018 10:09:59 AM net.sf.freecol.common.FreeColSeed getFreeColSeed
INFO: Using seed: -6711722507963603522
May 10, 2018 10:09:59 AM net.sf.freecol.server.networking.Server sendToAll
INFO: Reap dead connection: [DummyConnection Server connection - model.nation.aztec]
May 10, 2018 10:09:59 AM net.sf.freecol.server.networking.Server sendToAll
INFO: Reap dead connection: [DummyConnection Server connection - model.nation.arawak]
May 10, 2018 10:09:59 AM net.sf.freecol.server.networking.Server sendToAll
INFO: Reap dead connection: [DummyConnection Server connection - model.nation.tupi]
May 10, 2018 10:09:59 AM net.sf.freecol.server.networking.Server sendToAll
INFO: Reap dead connection: [DummyConnection Server connection - model.nation.apache]
May 10, 2018 10:09:59 AM net.sf.freecol.server.networking.Server sendToAll
INFO: Reap dead connection: [DummyConnection Server connection - model.nation.dutch]
May 10, 2018 10:09:59 AM net.sf.freecol.server.networking.Server sendToAll
INFO: Reap dead connection: [DummyConnection Server connection - model.nation.french]
May 10, 2018 10:09:59 AM net.sf.freecol.server.networking.Server sendToAll
INFO: Reap dead connection: [DummyConnection Server connection - model.nation.iroquois]
May 10, 2018 10:09:59 AM net.sf.freecol.server.networking.Server sendToAll
INFO: Reap dead connection: [DummyConnection Server connection - model.nation.sioux]
May 10, 2018 10:09:59 AM net.sf.freecol.server.networking.Server sendToAll
INFO: Reap dead connection: [DummyConnection Server connection - model.nation.english]
May 10, 2018 10:09:59 AM net.sf.freecol.server.networking.Server sendToAll
INFO: Reap dead connection: [DummyConnection Server connection - model.nation.inca]
May 10, 2018 10:09:59 AM net.sf.freecol.server.networking.Server sendToAll
INFO: Reap dead connection: [DummyConnection Server connection - model.nation.cherokee]
May 10, 2018 10:09:59 AM net.sf.freecol.server.networking.Server sendToAll
INFO: Reap dead connection: [DummyConnection Server connection - model.nation.spanish]
May 10, 2018 10:09:59 AM net.sf.freecol.common.model.Specification applyDifficultyLevel
INFO: Applying difficulty level model.difficulty.medium
May 10, 2018 10:09:59 AM net.sf.freecol.common.FreeColSeed getFreeColSeed
INFO: Using seed: 1233079272730475988
May 10, 2018 10:09:59 AM net.sf.freecol.server.networking.Server sendToAll
INFO: Reap dead connection: [DummyConnection Server connection - model.nation.iroquois]
May 10, 2018 10:09:59 AM net.sf.freecol.server.networking.Server sendToAll
INFO: Reap dead connection: [DummyConnection Server connection - model.nation.apache]
May 10, 2018 10:09:59 AM net.sf.freecol.server.networking.Server sendToAll
INFO: Reap dead connection: [DummyConnection Server connection - model.nation.english]
May 10, 2018 10:09:59 AM net.sf.freecol.server.networking.Server sendToAll
INFO: Reap dead connection: [DummyConnection Server connection - model.nation.inca]
May 10, 2018 10:09:59 AM net.sf.freecol.server.networking.Server sendToAll
INFO: Reap dead connection: [DummyConnection Server connection - model.nation.spanish]
May 10, 2018 10:09:59 AM net.sf.freecol.server.networking.Server sendToAll
INFO: Reap dead connection: [DummyConnection Server connection - model.nation.cherokee]
May 10, 2018 10:09:59 AM net.sf.freecol.server.networking.Server sendToAll
INFO: Reap dead connection: [DummyConnection Server connection - model.nation.arawak]
May 10, 2018 10:09:59 AM net.sf.freecol.server.networking.Server sendToAll
INFO: Reap dead connection: [DummyConnection Server connection - model.nation.sioux]
May 10, 2018 10:09:59 AM net.sf.freecol.server.networking.Server sendToAll
INFO: Reap dead connection: [DummyConnection Server connection - model.nation.dutch]
May 10, 2018 10:09:59 AM net.sf.freecol.server.networking.Server sendToAll
INFO: Reap dead connection: [DummyConnection Server connection - model.nation.french]
May 10, 2018 10:09:59 AM net.sf.freecol.server.networking.Server sendToAll
INFO: Reap dead connection: [DummyConnection Server connection - model.nation.tupi]
May 10, 2018 10:09:59 AM net.sf.freecol.server.networking.Server sendToAll
INFO: Reap dead connection: [DummyConnection Server connection - model.nation.aztec]
May 10, 2018 10:09:59 AM net.sf.freecol.common.model.Specification applyDifficultyLevel
INFO: Applying difficulty level model.difficulty.medium
May 10, 2018 10:09:59 AM net.sf.freecol.common.FreeColSeed getFreeColSeed
INFO: Using seed: 4629390431176697414
May 10, 2018 10:09:59 AM net.sf.freecol.server.networking.Server sendToAll
INFO: Reap dead connection: [DummyConnection Server connection - model.nation.spanish]
May 10, 2018 10:09:59 AM net.sf.freecol.server.networking.Server sendToAll
INFO: Reap dead connection: [DummyConnection Server connection - model.nation.arawak]
May 10, 2018 10:09:59 AM net.sf.freecol.server.networking.Server sendToAll
INFO: Reap dead connection: [DummyConnection Server connection - model.nation.apache]
May 10, 2018 10:09:59 AM net.sf.freecol.server.networking.Server sendToAll
INFO: Reap dead connection: [DummyConnection Server connection - model.nation.iroquois]
May 10, 2018 10:09:59 AM net.sf.freecol.server.networking.Server sendToAll
INFO: Reap dead connection: [DummyConnection Server connection - model.nation.english]
May 10, 2018 10:09:59 AM net.sf.freecol.server.networking.Server sendToAll
INFO: Reap dead connection: [DummyConnection Server connection - model.nation.sioux]
May 10, 2018 10:09:59 AM net.sf.freecol.server.networking.Server sendToAll
INFO: Reap dead connection: [DummyConnection Server connection - model.nation.dutch]
May 10, 2018 10:09:59 AM net.sf.freecol.server.networking.Server sendToAll
INFO: Reap dead connection: [DummyConnection Server connection - model.nation.aztec]
May 10, 2018 10:09:59 AM net.sf.freecol.server.networking.Server sendToAll
INFO: Reap dead connection: [DummyConnection Server connection - model.nation.tupi]
May 10, 2018 10:09:59 AM net.sf.freecol.server.networking.Server sendToAll
INFO: Reap dead connection: [DummyConnection Server connection - model.nation.cherokee]
May 10, 2018 10:09:59 AM net.sf.freecol.server.networking.Server sendToAll
INFO: Reap dead connection: [DummyConnection Server connection - model.nation.french]
May 10, 2018 10:09:59 AM net.sf.freecol.server.networking.Server sendToAll
INFO: Reap dead connection: [DummyConnection Server connection - model.nation.inca]
May 10, 2018 10:09:59 AM net.sf.freecol.common.model.Specification applyDifficultyLevel
INFO: Applying difficulty level model.difficulty.medium
May 10, 2018 10:09:59 AM net.sf.freecol.common.FreeColSeed getFreeColSeed
INFO: Using seed: -6197268899923079355
May 10, 2018 10:09:59 AM net.sf.freecol.server.networking.Server sendToAll
INFO: Reap dead connection: [DummyConnection Server connection - model.nation.english]
May 10, 2018 10:09:59 AM net.sf.freecol.server.networking.Server sendToAll
INFO: Reap dead connection: [DummyConnection Server connection - model.nation.aztec]
May 10, 2018 10:09:59 AM net.sf.freecol.server.networking.Server sendToAll
INFO: Reap dead connection: [DummyConnection Server connection - model.nation.dutch]
May 10, 2018 10:09:59 AM net.sf.freecol.server.networking.Server sendToAll
INFO: Reap dead connection: [DummyConnection Server connection - model.nation.french]
May 10, 2018 10:09:59 AM net.sf.freecol.server.networking.Server sendToAll
INFO: Reap dead connection: [DummyConnection Server connection - model.nation.iroquois]
May 10, 2018 10:09:59 AM net.sf.freecol.server.networking.Server sendToAll
INFO: Reap dead connection: [DummyConnection Server connection - model.nation.spanish]
May 10, 2018 10:09:59 AM net.sf.freecol.server.networking.Server sendToAll
INFO: Reap dead connection: [DummyConnection Server connection - model.nation.cherokee]
May 10, 2018 10:09:59 AM net.sf.freecol.server.networking.Server sendToAll
INFO: Reap dead connection: [DummyConnection Server connection - model.nation.sioux]
May 10, 2018 10:09:59 AM net.sf.freecol.server.networking.Server sendToAll
INFO: Reap dead connection: [DummyConnection Server connection - model.nation.arawak]
May 10, 2018 10:09:59 AM net.sf.freecol.server.networking.Server sendToAll
INFO: Reap dead connection: [DummyConnection Server connection - model.nation.apache]
May 10, 2018 10:09:59 AM net.sf.freecol.server.networking.Server sendToAll
INFO: Reap dead connection: [DummyConnection Server connection - model.nation.inca]
May 10, 2018 10:09:59 AM net.sf.freecol.server.networking.Server sendToAll
INFO: Reap dead connection: [DummyConnection Server connection - model.nation.tupi]
May 10, 2018 10:10:00 AM net.sf.freecol.common.model.Specification applyDifficultyLevel
INFO: Applying difficulty level model.difficulty.medium
May 10, 2018 10:10:00 AM net.sf.freecol.common.FreeColSeed getFreeColSeed
INFO: Using seed: -4462644032268348504
May 10, 2018 10:10:00 AM net.sf.freecol.server.networking.Server sendToAll
INFO: Reap dead connection: [DummyConnection Server connection - model.nation.dutch]
May 10, 2018 10:10:00 AM net.sf.freecol.server.networking.Server sendToAll
INFO: Reap dead connection: [DummyConnection Server connection - model.nation.english]
May 10, 2018 10:10:00 AM net.sf.freecol.server.networking.Server sendToAll
INFO: Reap dead connection: [DummyConnection Server connection - model.nation.french]
May 10, 2018 10:10:00 AM net.sf.freecol.server.networking.Server sendToAll
INFO: Reap dead connection: [DummyConnection Server connection - model.nation.spanish]
May 10, 2018 10:10:00 AM net.sf.freecol.server.networking.Server sendToAll
INFO: Reap dead connection: [DummyConnection Server connection - model.nation.sioux]
May 10, 2018 10:10:00 AM net.sf.freecol.server.networking.Server sendToAll
INFO: Reap dead connection: [DummyConnection Server connection - model.nation.arawak]
May 10, 2018 10:10:00 AM net.sf.freecol.server.networking.Server sendToAll
INFO: Reap dead connection: [DummyConnection Server connection - model.nation.iroquois]
May 10, 2018 10:10:00 AM net.sf.freecol.server.networking.Server sendToAll
INFO: Reap dead connection: [DummyConnection Server connection - model.nation.apache]
May 10, 2018 10:10:00 AM net.sf.freecol.server.networking.Server sendToAll
INFO: Reap dead connection: [DummyConnection Server connection - model.nation.tupi]
May 10, 2018 10:10:00 AM net.sf.freecol.server.networking.Server sendToAll
INFO: Reap dead connection: [DummyConnection Server connection - model.nation.inca]
May 10, 2018 10:10:00 AM net.sf.freecol.server.networking.Server sendToAll
INFO: Reap dead connection: [DummyConnection Server connection - model.nation.aztec]
May 10, 2018 10:10:00 AM net.sf.freecol.server.networking.Server sendToAll
INFO: Reap dead connection: [DummyConnection Server connection - model.nation.cherokee]
May 10, 2018 10:10:00 AM net.sf.freecol.common.model.Specification applyDifficultyLevel
INFO: Applying difficulty level model.difficulty.medium
May 10, 2018 10:10:00 AM net.sf.freecol.common.FreeColSeed getFreeColSeed
INFO: Using seed: -6468352559435798314
May 10, 2018 10:10:00 AM net.sf.freecol.server.networking.Server sendToAll
INFO: Reap dead connection: [DummyConnection Server connection - model.nation.iroquois]
May 10, 2018 10:10:00 AM net.sf.freecol.server.networking.Server sendToAll
INFO: Reap dead connection: [DummyConnection Server connection - model.nation.english]
May 10, 2018 10:10:00 AM net.sf.freecol.server.networking.Server sendToAll
INFO: Reap dead connection: [DummyConnection Server connection - model.nation.sioux]
May 10, 2018 10:10:00 AM net.sf.freecol.server.networking.Server sendToAll
INFO: Reap dead connection: [DummyConnection Server connection - model.nation.arawak]
May 10, 2018 10:10:00 AM net.sf.freecol.server.networking.Server sendToAll
INFO: Reap dead connection: [DummyConnection Server connection - model.nation.apache]
May 10, 2018 10:10:00 AM net.sf.freecol.server.networking.Server sendToAll
INFO: Reap dead connection: [DummyConnection Server connection - model.nation.cherokee]
May 10, 2018 10:10:00 AM net.sf.freecol.server.networking.Server sendToAll
INFO: Reap dead connection: [DummyConnection Server connection - model.nation.aztec]
May 10, 2018 10:10:00 AM net.sf.freecol.server.networking.Server sendToAll
INFO: Reap dead connection: [DummyConnection Server connection - model.nation.spanish]
May 10, 2018 10:10:00 AM net.sf.freecol.server.networking.Server sendToAll
INFO: Reap dead connection: [DummyConnection Server connection - model.nation.tupi]
May 10, 2018 10:10:00 AM net.sf.freecol.server.networking.Server sendToAll
INFO: Reap dead connection: [DummyConnection Server connection - model.nation.french]
May 10, 2018 10:10:00 AM net.sf.freecol.server.networking.Server sendToAll
INFO: Reap dead connection: [DummyConnection Server connection - model.nation.inca]
May 10, 2018 10:10:00 AM net.sf.freecol.server.networking.Server sendToAll
INFO: Reap dead connection: [DummyConnection Server connection - model.nation.dutch]
May 10, 2018 10:10:00 AM net.sf.freecol.common.model.Specification applyDifficultyLevel
INFO: Applying difficulty level model.difficulty.medium
May 10, 2018 10:10:00 AM net.sf.freecol.common.FreeColSeed getFreeColSeed
INFO: Using seed: -2022595357938028061
May 10, 2018 10:10:00 AM net.sf.freecol.server.networking.Server sendToAll
INFO: Reap dead connection: [DummyConnection Server connection - model.nation.arawak]
May 10, 2018 10:10:00 AM net.sf.freecol.server.networking.Server sendToAll
INFO: Reap dead connection: [DummyConnection Server connection - model.nation.tupi]
May 10, 2018 10:10:00 AM net.sf.freecol.server.networking.Server sendToAll
INFO: Reap dead connection: [DummyConnection Server connection - model.nation.dutch]
May 10, 2018 10:10:00 AM net.sf.freecol.server.networking.Server sendToAll
INFO: Reap dead connection: [DummyConnection Server connection - model.nation.french]
May 10, 2018 10:10:00 AM net.sf.freecol.server.networking.Server sendToAll
INFO: Reap dead connection: [DummyConnection Server connection - model.nation.apache]
May 10, 2018 10:10:00 AM net.sf.freecol.server.networking.Server sendToAll
INFO: Reap dead connection: [DummyConnection Server connection - model.nation.inca]
May 10, 2018 10:10:00 AM net.sf.freecol.server.networking.Server sendToAll
INFO: Reap dead connection: [DummyConnection Server connection - model.nation.iroquois]
May 10, 2018 10:10:00 AM net.sf.freecol.server.networking.Server sendToAll
INFO: Reap dead connection: [DummyConnection Server connection - model.nation.sioux]
May 10, 2018 10:10:00 AM net.sf.freecol.server.networking.Server sendToAll
INFO: Reap dead connection: [DummyConnection Server connection - model.nation.aztec]
May 10, 2018 10:10:00 AM net.sf.freecol.server.networking.Server sendToAll
INFO: Reap dead connection: [DummyConnection Server connection - model.nation.english]
May 10, 2018 10:10:00 AM net.sf.freecol.server.networking.Server sendToAll
INFO: Reap dead connection: [DummyConnection Server connection - model.nation.spanish]
May 10, 2018 10:10:00 AM net.sf.freecol.server.networking.Server sendToAll
INFO: Reap dead connection: [DummyConnection Server connection - model.nation.cherokee]
May 10, 2018 10:10:00 AM net.sf.freecol.common.model.Specification applyDifficultyLevel
INFO: Applying difficulty level model.difficulty.medium
May 10, 2018 10:10:00 AM net.sf.freecol.common.FreeColSeed getFreeColSeed
INFO: Using seed: -888995551688680842
May 10, 2018 10:10:00 AM net.sf.freecol.server.networking.Server sendToAll
INFO: Reap dead connection: [DummyConnection Server connection - model.nation.iroquois]
May 10, 2018 10:10:00 AM net.sf.freecol.server.networking.Server sendToAll
INFO: Reap dead connection: [DummyConnection Server connection - model.nation.spanish]
May 10, 2018 10:10:00 AM net.sf.freecol.server.networking.Server sendToAll
INFO: Reap dead connection: [DummyConnection Server connection - model.nation.tupi]
May 10, 2018 10:10:00 AM net.sf.freecol.server.networking.Server sendToAll
INFO: Reap dead connection: [DummyConnection Server connection - model.nation.arawak]
May 10, 2018 10:10:00 AM net.sf.freecol.server.networking.Server sendToAll
INFO: Reap dead connection: [DummyConnection Server connection - model.nation.sioux]
May 10, 2018 10:10:00 AM net.sf.freecol.server.networking.Server sendToAll
INFO: Reap dead connection: [DummyConnection Server connection - model.nation.french]
May 10, 2018 10:10:00 AM net.sf.freecol.server.networking.Server sendToAll
INFO: Reap dead connection: [DummyConnection Server connection - model.nation.english]
May 10, 2018 10:10:00 AM net.sf.freecol.server.networking.Server sendToAll
INFO: Reap dead connection: [DummyConnection Server connection - model.nation.apache]
May 10, 2018 10:10:00 AM net.sf.freecol.server.networking.Server sendToAll
INFO: Reap dead connection: [DummyConnection Server connection - model.nation.dutch]
May 10, 2018 10:10:00 AM net.sf.freecol.server.networking.Server sendToAll
INFO: Reap dead connection: [DummyConnection Server connection - model.nation.inca]
May 10, 2018 10:10:00 AM net.sf.freecol.server.networking.Server sendToAll
INFO: Reap dead connection: [DummyConnection Server connection - model.nation.cherokee]
May 10, 2018 10:10:00 AM net.sf.freecol.server.networking.Server sendToAll
INFO: Reap dead connection: [DummyConnection Server connection - model.nation.aztec]
May 10, 2018 10:10:00 AM net.sf.freecol.common.model.Specification applyDifficultyLevel
INFO: Applying difficulty level model.difficulty.medium
May 10, 2018 10:10:00 AM net.sf.freecol.common.FreeColSeed getFreeColSeed
INFO: Using seed: -7010756876234708066
May 10, 2018 10:10:00 AM net.sf.freecol.server.networking.Server sendToAll
INFO: Reap dead connection: [DummyConnection Server connection - model.nation.english]
May 10, 2018 10:10:00 AM net.sf.freecol.server.networking.Server sendToAll
INFO: Reap dead connection: [DummyConnection Server connection - model.nation.apache]
May 10, 2018 10:10:00 AM net.sf.freecol.server.networking.Server sendToAll
INFO: Reap dead connection: [DummyConnection Server connection - model.nation.inca]
May 10, 2018 10:10:00 AM net.sf.freecol.server.networking.Server sendToAll
INFO: Reap dead connection: [DummyConnection Server connection - model.nation.tupi]
May 10, 2018 10:10:00 AM net.sf.freecol.server.networking.Server sendToAll
INFO: Reap dead connection: [DummyConnection Server connection - model.nation.aztec]
May 10, 2018 10:10:00 AM net.sf.freecol.server.networking.Server sendToAll
INFO: Reap dead connection: [DummyConnection Server connection - model.nation.sioux]
May 10, 2018 10:10:00 AM net.sf.freecol.server.networking.Server sendToAll
INFO: Reap dead connection: [DummyConnection Server connection - model.nation.dutch]
May 10, 2018 10:10:00 AM net.sf.freecol.server.networking.Server sendToAll
INFO: Reap dead connection: [DummyConnection Server connection - model.nation.french]
May 10, 2018 10:10:00 AM net.sf.freecol.server.networking.Server sendToAll
INFO: Reap dead connection: [DummyConnection Server connection - model.nation.spanish]
May 10, 2018 10:10:00 AM net.sf.freecol.server.networking.Server sendToAll
INFO: Reap dead connection: [DummyConnection Server connection - model.nation.iroquois]
May 10, 2018 10:10:00 AM net.sf.freecol.server.networking.Server sendToAll
INFO: Reap dead connection: [DummyConnection Server connection - model.nation.arawak]
May 10, 2018 10:10:00 AM net.sf.freecol.server.networking.Server sendToAll
INFO: Reap dead connection: [DummyConnection Server connection - model.nation.cherokee]
May 10, 2018 10:10:00 AM net.sf.freecol.common.model.Specification applyDifficultyLevel
INFO: Applying difficulty level model.difficulty.medium
May 10, 2018 10:10:00 AM net.sf.freecol.common.FreeColSeed getFreeColSeed
INFO: Using seed: -6450346449697588037
May 10, 2018 10:10:00 AM net.sf.freecol.server.networking.Server sendToAll
INFO: Reap dead connection: [DummyConnection Server connection - model.nation.dutch]
May 10, 2018 10:10:00 AM net.sf.freecol.server.networking.Server sendToAll
INFO: Reap dead connection: [DummyConnection Server connection - model.nation.french]
May 10, 2018 10:10:00 AM net.sf.freecol.server.networking.Server sendToAll
INFO: Reap dead connection: [DummyConnection Server connection - model.nation.tupi]
May 10, 2018 10:10:00 AM net.sf.freecol.server.networking.Server sendToAll
INFO: Reap dead connection: [DummyConnection Server connection - model.nation.english]
May 10, 2018 10:10:00 AM net.sf.freecol.server.networking.Server sendToAll
INFO: Reap dead connection: [DummyConnection Server connection - model.nation.apache]
May 10, 2018 10:10:00 AM net.sf.freecol.server.networking.Server sendToAll
INFO: Reap dead connection: [DummyConnection Server connection - model.nation.sioux]
May 10, 2018 10:10:00 AM net.sf.freecol.server.networking.Server sendToAll
INFO: Reap dead connection: [DummyConnection Server connection - model.nation.spanish]
May 10, 2018 10:10:00 AM net.sf.freecol.server.networking.Server sendToAll
INFO: Reap dead connection: [DummyConnection Server connection - model.nation.inca]
May 10, 2018 10:10:00 AM net.sf.freecol.server.networking.Server sendToAll
INFO: Reap dead connection: [DummyConnection Server connection - model.nation.arawak]
May 10, 2018 10:10:00 AM net.sf.freecol.server.networking.Server sendToAll
INFO: Reap dead connection: [DummyConnection Server connection - model.nation.aztec]
May 10, 2018 10:10:00 AM net.sf.freecol.server.networking.Server sendToAll
INFO: Reap dead connection: [DummyConnection Server connection - model.nation.cherokee]
May 10, 2018 10:10:00 AM net.sf.freecol.server.networking.Server sendToAll
INFO: Reap dead connection: [DummyConnection Server connection - model.nation.iroquois]
May 10, 2018 10:10:00 AM net.sf.freecol.common.networking.DOMMessage clientError
WARNING: Received message: move out of turn from player: model.nation.dutch
May 10, 2018 10:10:00 AM net.sf.freecol.server.ai.AIMessage checkError
WARNING: AIMessage.move error, messageId: server.reject message: Received message: move out of turn from player: model.nation.dutch
May 10, 2018 10:10:00 AM net.sf.freecol.common.model.Specification applyDifficultyLevel
INFO: Applying difficulty level model.difficulty.medium
May 10, 2018 10:10:00 AM net.sf.freecol.common.FreeColSeed getFreeColSeed
INFO: Using seed: -2931356786495159897
May 10, 2018 10:10:00 AM net.sf.freecol.server.networking.Server sendToAll
INFO: Reap dead connection: [DummyConnection Server connection - model.nation.tupi]
May 10, 2018 10:10:00 AM net.sf.freecol.server.networking.Server sendToAll
INFO: Reap dead connection: [DummyConnection Server connection - model.nation.sioux]
May 10, 2018 10:10:00 AM net.sf.freecol.server.networking.Server sendToAll
INFO: Reap dead connection: [DummyConnection Server connection - model.nation.french]
May 10, 2018 10:10:00 AM net.sf.freecol.server.networking.Server sendToAll
INFO: Reap dead connection: [DummyConnection Server connection - model.nation.aztec]
May 10, 2018 10:10:00 AM net.sf.freecol.server.networking.Server sendToAll
INFO: Reap dead connection: [DummyConnection Server connection - model.nation.dutch]
May 10, 2018 10:10:00 AM net.sf.freecol.server.networking.Server sendToAll
INFO: Reap dead connection: [DummyConnection Server connection - model.nation.english]
May 10, 2018 10:10:00 AM net.sf.freecol.server.networking.Server sendToAll
INFO: Reap dead connection: [DummyConnection Server connection - model.nation.cherokee]
May 10, 2018 10:10:00 AM net.sf.freecol.server.networking.Server sendToAll
INFO: Reap dead connection: [DummyConnection Server connection - model.nation.iroquois]
May 10, 2018 10:10:00 AM net.sf.freecol.server.networking.Server sendToAll
INFO: Reap dead connection: [DummyConnection Server connection - model.nation.apache]
May 10, 2018 10:10:00 AM net.sf.freecol.server.networking.Server sendToAll
INFO: Reap dead connection: [DummyConnection Server connection - model.nation.spanish]
May 10, 2018 10:10:00 AM net.sf.freecol.server.networking.Server sendToAll
INFO: Reap dead connection: [DummyConnection Server connection - model.nation.arawak]
May 10, 2018 10:10:00 AM net.sf.freecol.server.networking.Server sendToAll
INFO: Reap dead connection: [DummyConnection Server connection - model.nation.inca]
May 10, 2018 10:10:00 AM net.sf.freecol.common.networking.DOMMessage clientError
WARNING: Received message: move out of turn from player: model.nation.dutch
May 10, 2018 10:10:00 AM net.sf.freecol.server.ai.AIMessage checkError
WARNING: AIMessage.move error, messageId: server.reject message: Received message: move out of turn from player: model.nation.dutch
May 10, 2018 10:10:00 AM net.sf.freecol.common.model.Specification applyDifficultyLevel
INFO: Applying difficulty level model.difficulty.medium
May 10, 2018 10:10:00 AM net.sf.freecol.common.FreeColSeed getFreeColSeed
INFO: Using seed: 3853589512014413898
May 10, 2018 10:10:00 AM net.sf.freecol.server.networking.Server sendToAll
INFO: Reap dead connection: [DummyConnection Server connection - model.nation.dutch]
May 10, 2018 10:10:00 AM net.sf.freecol.server.networking.Server sendToAll
INFO: Reap dead connection: [DummyConnection Server connection - model.nation.english]
May 10, 2018 10:10:00 AM net.sf.freecol.server.networking.Server sendToAll
INFO: Reap dead connection: [DummyConnection Server connection - model.nation.sioux]
May 10, 2018 10:10:00 AM net.sf.freecol.server.networking.Server sendToAll
INFO: Reap dead connection: [DummyConnection Server connection - model.nation.iroquois]
May 10, 2018 10:10:00 AM net.sf.freecol.server.networking.Server sendToAll
INFO: Reap dead connection: [DummyConnection Server connection - model.nation.tupi]
May 10, 2018 10:10:00 AM net.sf.freecol.server.networking.Server sendToAll
INFO: Reap dead connection: [DummyConnection Server connection - model.nation.apache]
May 10, 2018 10:10:00 AM net.sf.freecol.server.networking.Server sendToAll
INFO: Reap dead connection: [DummyConnection Server connection - model.nation.french]
May 10, 2018 10:10:00 AM net.sf.freecol.server.networking.Server sendToAll
INFO: Reap dead connection: [DummyConnection Server connection - model.nation.inca]
May 10, 2018 10:10:00 AM net.sf.freecol.server.networking.Server sendToAll
INFO: Reap dead connection: [DummyConnection Server connection - model.nation.cherokee]
May 10, 2018 10:10:00 AM net.sf.freecol.server.networking.Server sendToAll
INFO: Reap dead connection: [DummyConnection Server connection - model.nation.spanish]
May 10, 2018 10:10:00 AM net.sf.freecol.server.networking.Server sendToAll
INFO: Reap dead connection: [DummyConnection Server connection - model.nation.arawak]
May 10, 2018 10:10:00 AM net.sf.freecol.server.networking.Server sendToAll
INFO: Reap dead connection: [DummyConnection Server connection - model.nation.aztec]
May 10, 2018 10:10:00 AM net.sf.freecol.common.networking.DOMMessage clientError
WARNING: Received message: move out of turn from player: model.nation.dutch
May 10, 2018 10:10:00 AM net.sf.freecol.server.ai.AIMessage checkError
WARNING: AIMessage.move error, messageId: server.reject message: Received message: move out of turn from player: model.nation.dutch
May 10, 2018 10:10:00 AM net.sf.freecol.common.model.Specification applyDifficultyLevel
INFO: Applying difficulty level model.difficulty.medium
May 10, 2018 10:10:00 AM net.sf.freecol.common.FreeColSeed getFreeColSeed
INFO: Using seed: -2816742770278395397
May 10, 2018 10:10:00 AM net.sf.freecol.server.networking.Server sendToAll
INFO: Reap dead connection: [DummyConnection Server connection - model.nation.english]
May 10, 2018 10:10:00 AM net.sf.freecol.server.networking.Server sendToAll
INFO: Reap dead connection: [DummyConnection Server connection - model.nation.dutch]
May 10, 2018 10:10:00 AM net.sf.freecol.server.networking.Server sendToAll
INFO: Reap dead connection: [DummyConnection Server connection - model.nation.iroquois]
May 10, 2018 10:10:00 AM net.sf.freecol.server.networking.Server sendToAll
INFO: Reap dead connection: [DummyConnection Server connection - model.nation.cherokee]
May 10, 2018 10:10:00 AM net.sf.freecol.server.networking.Server sendToAll
INFO: Reap dead connection: [DummyConnection Server connection - model.nation.french]
May 10, 2018 10:10:00 AM net.sf.freecol.server.networking.Server sendToAll
INFO: Reap dead connection: [DummyConnection Server connection - model.nation.spanish]
May 10, 2018 10:10:00 AM net.sf.freecol.server.networking.Server sendToAll
INFO: Reap dead connection: [DummyConnection Server connection - model.nation.arawak]
May 10, 2018 10:10:00 AM net.sf.freecol.server.networking.Server sendToAll
INFO: Reap dead connection: [DummyConnection Server connection - model.nation.inca]
May 10, 2018 10:10:00 AM net.sf.freecol.server.networking.Server sendToAll
INFO: Reap dead connection: [DummyConnection Server connection - model.nation.tupi]
May 10, 2018 10:10:00 AM net.sf.freecol.server.networking.Server sendToAll
INFO: Reap dead connection: [DummyConnection Server connection - model.nation.sioux]
May 10, 2018 10:10:00 AM net.sf.freecol.server.networking.Server sendToAll
INFO: Reap dead connection: [DummyConnection Server connection - model.nation.apache]
May 10, 2018 10:10:00 AM net.sf.freecol.server.networking.Server sendToAll
INFO: Reap dead connection: [DummyConnection Server connection - model.nation.aztec]
May 10, 2018 10:10:00 AM net.sf.freecol.common.util.LogBuilder log
INFO: Combat attacker=unit:250-privateer [Modifier model.modifier.offence (model.source.baseOffence) ADDITIVE 8.0 index=10] [Modifier model.modifier.attackBonus (model.source.attackBonus) PERCENTAGE 50.0 index=50] = 12.0 defender=unit:247-galleon [Modifier model.modifier.defence (model.source.baseDefence) ADDITIVE 10.0 index=10] = 10.0 odds=0.5454545454545454 random(1.0)=0.5254545211791992 great=false Attack WIN DAMAGE_SHIP_ATTACK
May 10, 2018 10:10:00 AM net.sf.freecol.common.util.LogBuilder log
INFO: Destroying: unit:249
May 10, 2018 10:10:00 AM net.sf.freecol.common.model.Specification applyDifficultyLevel
INFO: Applying difficulty level model.difficulty.medium
May 10, 2018 10:10:00 AM net.sf.freecol.common.FreeColSeed getFreeColSeed
INFO: Using seed: 3888993002422087338
May 10, 2018 10:10:00 AM net.sf.freecol.server.networking.Server sendToAll
INFO: Reap dead connection: [DummyConnection Server connection - model.nation.sioux]
May 10, 2018 10:10:00 AM net.sf.freecol.server.networking.Server sendToAll
INFO: Reap dead connection: [DummyConnection Server connection - model.nation.english]
May 10, 2018 10:10:00 AM net.sf.freecol.server.networking.Server sendToAll
INFO: Reap dead connection: [DummyConnection Server connection - model.nation.dutch]
May 10, 2018 10:10:00 AM net.sf.freecol.server.networking.Server sendToAll
INFO: Reap dead connection: [DummyConnection Server connection - model.nation.iroquois]
May 10, 2018 10:10:00 AM net.sf.freecol.server.networking.Server sendToAll
INFO: Reap dead connection: [DummyConnection Server connection - model.nation.tupi]
May 10, 2018 10:10:00 AM net.sf.freecol.server.networking.Server sendToAll
INFO: Reap dead connection: [DummyConnection Server connection - model.nation.aztec]
May 10, 2018 10:10:00 AM net.sf.freecol.server.networking.Server sendToAll
INFO: Reap dead connection: [DummyConnection Server connection - model.nation.cherokee]
May 10, 2018 10:10:00 AM net.sf.freecol.server.networking.Server sendToAll
INFO: Reap dead connection: [DummyConnection Server connection - model.nation.french]
May 10, 2018 10:10:00 AM net.sf.freecol.server.networking.Server sendToAll
INFO: Reap dead connection: [DummyConnection Server connection - model.nation.apache]
May 10, 2018 10:10:00 AM net.sf.freecol.server.networking.Server sendToAll
INFO: Reap dead connection: [DummyConnection Server connection - model.nation.inca]
May 10, 2018 10:10:00 AM net.sf.freecol.server.networking.Server sendToAll
INFO: Reap dead connection: [DummyConnection Server connection - model.nation.arawak]
May 10, 2018 10:10:00 AM net.sf.freecol.server.networking.Server sendToAll
INFO: Reap dead connection: [DummyConnection Server connection - model.nation.spanish]
May 10, 2018 10:10:00 AM net.sf.freecol.common.model.Specification applyDifficultyLevel
INFO: Applying difficulty level model.difficulty.medium
May 10, 2018 10:10:00 AM net.sf.freecol.common.FreeColSeed getFreeColSeed
INFO: Using seed: -2597597557883979433
May 10, 2018 10:10:00 AM net.sf.freecol.server.networking.Server sendToAll
INFO: Reap dead connection: [DummyConnection Server connection - model.nation.inca]
May 10, 2018 10:10:00 AM net.sf.freecol.server.networking.Server sendToAll
INFO: Reap dead connection: [DummyConnection Server connection - model.nation.english]
May 10, 2018 10:10:00 AM net.sf.freecol.server.networking.Server sendToAll
INFO: Reap dead connection: [DummyConnection Server connection - model.nation.spanish]
May 10, 2018 10:10:00 AM net.sf.freecol.server.networking.Server sendToAll
INFO: Reap dead connection: [DummyConnection Server connection - model.nation.tupi]
May 10, 2018 10:10:00 AM net.sf.freecol.server.networking.Server sendToAll
INFO: Reap dead connection: [DummyConnection Server connection - model.nation.french]
May 10, 2018 10:10:00 AM net.sf.freecol.server.networking.Server sendToAll
INFO: Reap dead connection: [DummyConnection Server connection - model.nation.arawak]
May 10, 2018 10:10:00 AM net.sf.freecol.server.networking.Server sendToAll
INFO: Reap dead connection: [DummyConnection Server connection - model.nation.dutch]
May 10, 2018 10:10:00 AM net.sf.freecol.server.networking.Server sendToAll
INFO: Reap dead connection: [DummyConnection Server connection - model.nation.cherokee]
May 10, 2018 10:10:00 AM net.sf.freecol.server.networking.Server sendToAll
INFO: Reap dead connection: [DummyConnection Server connection - model.nation.aztec]
May 10, 2018 10:10:00 AM net.sf.freecol.server.networking.Server sendToAll
INFO: Reap dead connection: [DummyConnection Server connection - model.nation.iroquois]
May 10, 2018 10:10:00 AM net.sf.freecol.server.networking.Server sendToAll
INFO: Reap dead connection: [DummyConnection Server connection - model.nation.apache]
May 10, 2018 10:10:00 AM net.sf.freecol.server.networking.Server sendToAll
INFO: Reap dead connection: [DummyConnection Server connection - model.nation.sioux]
May 10, 2018 10:10:00 AM net.sf.freecol.common.model.Specification applyDifficultyLevel
INFO: Applying difficulty level model.difficulty.medium
May 10, 2018 10:10:00 AM net.sf.freecol.common.FreeColSeed getFreeColSeed
INFO: Using seed: -8035298710995728999
May 10, 2018 10:10:00 AM net.sf.freecol.server.networking.Server sendToAll
INFO: Reap dead connection: [DummyConnection Server connection - model.nation.french]
May 10, 2018 10:10:00 AM net.sf.freecol.server.networking.Server sendToAll
INFO: Reap dead connection: [DummyConnection Server connection - model.nation.spanish]
May 10, 2018 10:10:00 AM net.sf.freecol.server.networking.Server sendToAll
INFO: Reap dead connection: [DummyConnection Server connection - model.nation.english]
May 10, 2018 10:10:00 AM net.sf.freecol.server.networking.Server sendToAll
INFO: Reap dead connection: [DummyConnection Server connection - model.nation.iroquois]
May 10, 2018 10:10:00 AM net.sf.freecol.server.networking.Server sendToAll
INFO: Reap dead connection: [DummyConnection Server connection - model.nation.arawak]
May 10, 2018 10:10:00 AM net.sf.freecol.server.networking.Server sendToAll
INFO: Reap dead connection: [DummyConnection Server connection - model.nation.sioux]
May 10, 2018 10:10:00 AM net.sf.freecol.server.networking.Server sendToAll
INFO: Reap dead connection: [DummyConnection Server connection - model.nation.aztec]
May 10, 2018 10:10:00 AM net.sf.freecol.server.networking.Server sendToAll
INFO: Reap dead connection: [DummyConnection Server connection - model.nation.cherokee]
May 10, 2018 10:10:00 AM net.sf.freecol.server.networking.Server sendToAll
INFO: Reap dead connection: [DummyConnection Server connection - model.nation.dutch]
May 10, 2018 10:10:00 AM net.sf.freecol.server.networking.Server sendToAll
INFO: Reap dead connection: [DummyConnection Server connection - model.nation.tupi]
May 10, 2018 10:10:00 AM net.sf.freecol.server.networking.Server sendToAll
INFO: Reap dead connection: [DummyConnection Server connection - model.nation.inca]
May 10, 2018 10:10:00 AM net.sf.freecol.server.networking.Server sendToAll
INFO: Reap dead connection: [DummyConnection Server connection - model.nation.apache]
May 10, 2018 10:10:00 AM net.sf.freecol.server.model.ServerPlayer csChangeStance
INFO: Stance modification William I PEACE -> WAR wrt Atahualpa
May 10, 2018 10:10:00 AM net.sf.freecol.server.model.ServerPlayer csChangeStance
INFO: Stance modification Atahualpa PEACE -> WAR wrt William I (symmetric)
May 10, 2018 10:10:00 AM net.sf.freecol.common.model.Specification applyDifficultyLevel
INFO: Applying difficulty level model.difficulty.medium
May 10, 2018 10:10:00 AM net.sf.freecol.common.FreeColSeed getFreeColSeed
INFO: Using seed: -3697014859754761495
May 10, 2018 10:10:00 AM net.sf.freecol.server.networking.Server sendToAll
INFO: Reap dead connection: [DummyConnection Server connection - model.nation.tupi]
May 10, 2018 10:10:00 AM net.sf.freecol.server.networking.Server sendToAll
INFO: Reap dead connection: [DummyConnection Server connection - model.nation.inca]
May 10, 2018 10:10:00 AM net.sf.freecol.server.networking.Server sendToAll
INFO: Reap dead connection: [DummyConnection Server connection - model.nation.english]
May 10, 2018 10:10:00 AM net.sf.freecol.server.networking.Server sendToAll
INFO: Reap dead connection: [DummyConnection Server connection - model.nation.apache]
May 10, 2018 10:10:00 AM net.sf.freecol.server.networking.Server sendToAll
INFO: Reap dead connection: [DummyConnection Server connection - model.nation.iroquois]
May 10, 2018 10:10:00 AM net.sf.freecol.server.networking.Server sendToAll
INFO: Reap dead connection: [DummyConnection Server connection - model.nation.aztec]
May 10, 2018 10:10:00 AM net.sf.freecol.server.networking.Server sendToAll
INFO: Reap dead connection: [DummyConnection Server connection - model.nation.cherokee]
May 10, 2018 10:10:00 AM net.sf.freecol.server.networking.Server sendToAll
INFO: Reap dead connection: [DummyConnection Server connection - model.nation.dutch]
May 10, 2018 10:10:00 AM net.sf.freecol.server.networking.Server sendToAll
INFO: Reap dead connection: [DummyConnection Server connection - model.nation.sioux]
May 10, 2018 10:10:00 AM net.sf.freecol.server.networking.Server sendToAll
INFO: Reap dead connection: [DummyConnection Server connection - model.nation.french]
May 10, 2018 10:10:00 AM net.sf.freecol.server.networking.Server sendToAll
INFO: Reap dead connection: [DummyConnection Server connection - model.nation.arawak]
May 10, 2018 10:10:00 AM net.sf.freecol.server.networking.Server sendToAll
INFO: Reap dead connection: [DummyConnection Server connection - model.nation.spanish]
May 10, 2018 10:10:00 AM net.sf.freecol.server.model.ServerPlayer csChangeStance
INFO: Stance modification William I UNCONTACTED -> WAR wrt Louis XIV
May 10, 2018 10:10:00 AM net.sf.freecol.server.model.ServerPlayer csChangeStance
INFO: Stance modification Louis XIV UNCONTACTED -> WAR wrt William I (symmetric)
May 10, 2018 10:10:00 AM net.sf.freecol.common.util.LogBuilder log
INFO: Combat attacker=unit:247-artillery [Modifier model.modifier.offence (model.source.baseOffence) ADDITIVE 7.0 index=10] [Modifier model.modifier.artilleryInTheOpen (model.source.artilleryInTheOpen) PERCENTAGE -75.0 index=50] [Modifier model.modifier.attackBonus (model.source.attackBonus) PERCENTAGE 50.0 index=50] = 2.625 defender=unit:248-freeColonist-soldier [Modifier model.modifier.defence (model.source.baseDefence) ADDITIVE 1.0 index=10] [Modifier model.modifier.defence (model.role.soldier) ADDITIVE 1.0 index=30] = 2.0 odds=0.5675675675675675 random(1.0)=0.5875675678253174 great=false Attack LOSE DEMOTE_UNIT
May 10, 2018 10:10:00 AM net.sf.freecol.common.util.LogBuilder log
INFO: Combat attacker=unit:247-damagedArtillery [Modifier model.modifier.offence (model.source.baseOffence) ADDITIVE 5.0 index=10] [Modifier model.modifier.artilleryInTheOpen (model.source.artilleryInTheOpen) PERCENTAGE -75.0 index=50] [Modifier model.modifier.attackBonus (model.source.attackBonus) PERCENTAGE 50.0 index=50] = 1.875 defender=unit:248-freeColonist-soldier [Modifier model.modifier.defence (model.source.baseDefence) ADDITIVE 1.0 index=10] [Modifier model.modifier.defence (model.role.soldier) ADDITIVE 1.0 index=30] = 2.0 odds=0.4838709677419355 random(1.0)=0.503870964050293 great=false Attack LOSE SLAUGHTER_UNIT
May 10, 2018 10:10:00 AM net.sf.freecol.common.util.LogBuilder log
INFO: Destroying: unit:247
May 10, 2018 10:10:00 AM net.sf.freecol.common.model.Specification applyDifficultyLevel
INFO: Applying difficulty level model.difficulty.medium
May 10, 2018 10:10:00 AM net.sf.freecol.common.FreeColSeed getFreeColSeed
INFO: Using seed: -5398415063788069992
May 10, 2018 10:10:00 AM net.sf.freecol.server.networking.Server sendToAll
INFO: Reap dead connection: [DummyConnection Server connection - model.nation.arawak]
May 10, 2018 10:10:00 AM net.sf.freecol.server.networking.Server sendToAll
INFO: Reap dead connection: [DummyConnection Server connection - model.nation.apache]
May 10, 2018 10:10:00 AM net.sf.freecol.server.networking.Server sendToAll
INFO: Reap dead connection: [DummyConnection Server connection - model.nation.iroquois]
May 10, 2018 10:10:00 AM net.sf.freecol.server.networking.Server sendToAll
INFO: Reap dead connection: [DummyConnection Server connection - model.nation.spanish]
May 10, 2018 10:10:00 AM net.sf.freecol.server.networking.Server sendToAll
INFO: Reap dead connection: [DummyConnection Server connection - model.nation.sioux]
May 10, 2018 10:10:00 AM net.sf.freecol.server.networking.Server sendToAll
INFO: Reap dead connection: [DummyConnection Server connection - model.nation.inca]
May 10, 2018 10:10:00 AM net.sf.freecol.server.networking.Server sendToAll
INFO: Reap dead connection: [DummyConnection Server connection - model.nation.dutch]
May 10, 2018 10:10:00 AM net.sf.freecol.server.networking.Server sendToAll
INFO: Reap dead connection: [DummyConnection Server connection - model.nation.french]
May 10, 2018 10:10:00 AM net.sf.freecol.server.networking.Server sendToAll
INFO: Reap dead connection: [DummyConnection Server connection - model.nation.tupi]
May 10, 2018 10:10:00 AM net.sf.freecol.server.networking.Server sendToAll
INFO: Reap dead connection: [DummyConnection Server connection - model.nation.cherokee]
May 10, 2018 10:10:00 AM net.sf.freecol.server.networking.Server sendToAll
INFO: Reap dead connection: [DummyConnection Server connection - model.nation.english]
May 10, 2018 10:10:00 AM net.sf.freecol.server.networking.Server sendToAll
INFO: Reap dead connection: [DummyConnection Server connection - model.nation.aztec]
May 10, 2018 10:10:00 AM net.sf.freecol.server.model.ServerPlayer csChangeStance
INFO: Stance modification William I WAR -> PEACE wrt Louis XIV
May 10, 2018 10:10:00 AM net.sf.freecol.server.model.ServerPlayer csChangeStance
INFO: Stance modification Louis XIV WAR -> PEACE wrt William I (symmetric)
May 10, 2018 10:10:00 AM net.sf.freecol.common.model.Specification applyDifficultyLevel
INFO: Applying difficulty level model.difficulty.medium
May 10, 2018 10:10:00 AM net.sf.freecol.common.FreeColSeed getFreeColSeed
INFO: Using seed: 1081531574476617671
May 10, 2018 10:10:00 AM net.sf.freecol.server.networking.Server sendToAll
INFO: Reap dead connection: [DummyConnection Server connection - model.nation.tupi]
May 10, 2018 10:10:00 AM net.sf.freecol.server.networking.Server sendToAll
INFO: Reap dead connection: [DummyConnection Server connection - model.nation.sioux]
May 10, 2018 10:10:00 AM net.sf.freecol.server.networking.Server sendToAll
INFO: Reap dead connection: [DummyConnection Server connection - model.nation.french]
May 10, 2018 10:10:00 AM net.sf.freecol.server.networking.Server sendToAll
INFO: Reap dead connection: [DummyConnection Server connection - model.nation.apache]
May 10, 2018 10:10:00 AM net.sf.freecol.server.networking.Server sendToAll
INFO: Reap dead connection: [DummyConnection Server connection - model.nation.iroquois]
May 10, 2018 10:10:00 AM net.sf.freecol.server.networking.Server sendToAll
INFO: Reap dead connection: [DummyConnection Server connection - model.nation.dutch]
May 10, 2018 10:10:00 AM net.sf.freecol.server.networking.Server sendToAll
INFO: Reap dead connection: [DummyConnection Server connection - model.nation.spanish]
May 10, 2018 10:10:00 AM net.sf.freecol.server.networking.Server sendToAll
INFO: Reap dead connection: [DummyConnection Server connection - model.nation.cherokee]
May 10, 2018 10:10:00 AM net.sf.freecol.server.networking.Server sendToAll
INFO: Reap dead connection: [DummyConnection Server connection - model.nation.arawak]
May 10, 2018 10:10:00 AM net.sf.freecol.server.networking.Server sendToAll
INFO: Reap dead connection: [DummyConnection Server connection - model.nation.english]
May 10, 2018 10:10:00 AM net.sf.freecol.server.networking.Server sendToAll
INFO: Reap dead connection: [DummyConnection Server connection - model.nation.inca]
May 10, 2018 10:10:00 AM net.sf.freecol.server.networking.Server sendToAll
INFO: Reap dead connection: [DummyConnection Server connection - model.nation.aztec]
May 10, 2018 10:10:00 AM net.sf.freecol.server.model.ServerPlayer csChangeStance
INFO: Stance modification William I UNCONTACTED -> WAR wrt Louis XIV
May 10, 2018 10:10:00 AM net.sf.freecol.server.model.ServerPlayer csChangeStance
INFO: Stance modification Louis XIV UNCONTACTED -> WAR wrt William I (symmetric)
May 10, 2018 10:10:00 AM net.sf.freecol.common.util.LogBuilder log
INFO: Combat attacker=unit:248-veteranSoldier-soldier [Modifier model.modifier.offence (model.source.baseOffence) ADDITIVE 0.0 index=10] [Modifier model.modifier.offence (model.role.soldier) ADDITIVE 2.0 index=30] [Modifier model.modifier.offence (model.unit.veteranSoldier) PERCENTAGE 50.0 index=40] [Modifier model.modifier.attackBonus (model.source.attackBonus) PERCENTAGE 50.0 index=50] = 4.5 defender=unit:247-freeColonist-scout [Modifier model.modifier.defence (model.source.baseDefence) ADDITIVE 1.0 index=10] [Modifier model.modifier.defence (model.role.scout) ADDITIVE 1.0 index=30] = 2.0 odds=0.6923076923076923 random(1.0)=0.6723076701164246 great=false Attack WIN SLAUGHTER_UNIT
May 10, 2018 10:10:00 AM net.sf.freecol.common.util.LogBuilder log
INFO: Destroying: unit:247
May 10, 2018 10:10:00 AM net.sf.freecol.common.model.Specification applyDifficultyLevel
INFO: Applying difficulty level model.difficulty.medium
May 10, 2018 10:10:00 AM net.sf.freecol.common.FreeColSeed getFreeColSeed
INFO: Using seed: -6959539103653694093
May 10, 2018 10:10:00 AM net.sf.freecol.server.networking.Server sendToAll
INFO: Reap dead connection: [DummyConnection Server connection - model.nation.french]
May 10, 2018 10:10:00 AM net.sf.freecol.server.networking.Server sendToAll
INFO: Reap dead connection: [DummyConnection Server connection - model.nation.spanish]
May 10, 2018 10:10:00 AM net.sf.freecol.server.networking.Server sendToAll
INFO: Reap dead connection: [DummyConnection Server connection - model.nation.apache]
May 10, 2018 10:10:00 AM net.sf.freecol.server.networking.Server sendToAll
INFO: Reap dead connection: [DummyConnection Server connection - model.nation.inca]
May 10, 2018 10:10:00 AM net.sf.freecol.server.networking.Server sendToAll
INFO: Reap dead connection: [DummyConnection Server connection - model.nation.sioux]
May 10, 2018 10:10:00 AM net.sf.freecol.server.networking.Server sendToAll
INFO: Reap dead connection: [DummyConnection Server connection - model.nation.english]
May 10, 2018 10:10:00 AM net.sf.freecol.server.networking.Server sendToAll
INFO: Reap dead connection: [DummyConnection Server connection - model.nation.aztec]
May 10, 2018 10:10:00 AM net.sf.freecol.server.networking.Server sendToAll
INFO: Reap dead connection: [DummyConnection Server connection - model.nation.dutch]
May 10, 2018 10:10:00 AM net.sf.freecol.server.networking.Server sendToAll
INFO: Reap dead connection: [DummyConnection Server connection - model.nation.arawak]
May 10, 2018 10:10:00 AM net.sf.freecol.server.networking.Server sendToAll
INFO: Reap dead connection: [DummyConnection Server connection - model.nation.tupi]
May 10, 2018 10:10:00 AM net.sf.freecol.server.networking.Server sendToAll
INFO: Reap dead connection: [DummyConnection Server connection - model.nation.iroquois]
May 10, 2018 10:10:00 AM net.sf.freecol.server.networking.Server sendToAll
INFO: Reap dead connection: [DummyConnection Server connection - model.nation.cherokee]
May 10, 2018 10:10:00 AM net.sf.freecol.server.model.ServerPlayer csChangeStance
INFO: Stance modification William I UNCONTACTED -> WAR wrt Atahualpa
May 10, 2018 10:10:00 AM net.sf.freecol.server.model.ServerPlayer csChangeStance
INFO: Stance modification Atahualpa UNCONTACTED -> WAR wrt William I (symmetric)
May 10, 2018 10:10:00 AM net.sf.freecol.common.util.LogBuilder log
INFO: Combat attacker=unit:259-freeColonist-dragoon [Modifier model.modifier.offence (model.source.baseOffence) ADDITIVE 0.0 index=10] [Modifier model.modifier.offence (model.role.dragoon) ADDITIVE 3.0 index=30] [Modifier model.modifier.attackBonus (model.source.attackBonus) PERCENTAGE 50.0 index=50] = 4.5 defender=unit:260-brave [Modifier model.modifier.defence (model.source.baseDefence) ADDITIVE 1.0 index=10] = 1.0 odds=0.8181818181818182 random(1.0)=0.8381817936897278 great=false Attack LOSE CAPTURE_EQUIP
May 10, 2018 10:10:00 AM net.sf.freecol.common.util.LogBuilder log
INFO: Combat attacker=unit:259-freeColonist-soldier [Modifier model.modifier.offence (model.source.baseOffence) ADDITIVE 0.0 index=10] [Modifier model.modifier.offence (model.role.soldier) ADDITIVE 2.0 index=30] [Modifier model.modifier.attackBonus (model.source.attackBonus) PERCENTAGE 50.0 index=50] = 3.0 defender=unit:260-brave-mountedBrave [Modifier model.modifier.defence (model.source.baseDefence) ADDITIVE 1.0 index=10] [Modifier model.modifier.defence (model.role.mountedBrave) ADDITIVE 1.0 index=30] = 2.0 odds=0.6 random(1.0)=0.6200000047683716 great=false Attack LOSE CAPTURE_EQUIP
May 10, 2018 10:10:00 AM net.sf.freecol.common.util.LogBuilder log
INFO: Combat attacker=unit:259-freeColonist [Modifier model.modifier.offence (model.source.baseOffence) ADDITIVE 0.0 index=10] [Modifier model.modifier.attackBonus (model.source.attackBonus) PERCENTAGE 50.0 index=50] = 0.0 defender=unit:260-brave-nativeDragoon [Modifier model.modifier.defence (model.source.baseDefence) ADDITIVE 1.0 index=10] [Modifier model.modifier.defence (model.role.nativeDragoon) ADDITIVE 2.0 index=30] = 3.0 odds=0.0 random(1.0)=0.019999999552965164 great=false Attack LOSE SLAUGHTER_UNIT
May 10, 2018 10:10:00 AM net.sf.freecol.common.util.LogBuilder log
INFO: Destroying: unit:259
May 10, 2018 10:10:00 AM net.sf.freecol.common.model.Specification applyDifficultyLevel
INFO: Applying difficulty level model.difficulty.medium
May 10, 2018 10:10:00 AM net.sf.freecol.common.FreeColSeed getFreeColSeed
INFO: Using seed: 7500878340660230381
May 10, 2018 10:10:00 AM net.sf.freecol.server.networking.Server sendToAll
INFO: Reap dead connection: [DummyConnection Server connection - model.nation.dutch]
May 10, 2018 10:10:00 AM net.sf.freecol.server.networking.Server sendToAll
INFO: Reap dead connection: [DummyConnection Server connection - model.nation.cherokee]
May 10, 2018 10:10:00 AM net.sf.freecol.server.networking.Server sendToAll
INFO: Reap dead connection: [DummyConnection Server connection - model.nation.arawak]
May 10, 2018 10:10:00 AM net.sf.freecol.server.networking.Server sendToAll
INFO: Reap dead connection: [DummyConnection Server connection - model.nation.inca]
May 10, 2018 10:10:00 AM net.sf.freecol.server.networking.Server sendToAll
INFO: Reap dead connection: [DummyConnection Server connection - model.nation.english]
May 10, 2018 10:10:00 AM net.sf.freecol.server.networking.Server sendToAll
INFO: Reap dead connection: [DummyConnection Server connection - model.nation.spanish]
May 10, 2018 10:10:00 AM net.sf.freecol.server.networking.Server sendToAll
INFO: Reap dead connection: [DummyConnection Server connection - model.nation.tupi]
May 10, 2018 10:10:00 AM net.sf.freecol.server.networking.Server sendToAll
INFO: Reap dead connection: [DummyConnection Server connection - model.nation.sioux]
May 10, 2018 10:10:00 AM net.sf.freecol.server.networking.Server sendToAll
INFO: Reap dead connection: [DummyConnection Server connection - model.nation.aztec]
May 10, 2018 10:10:00 AM net.sf.freecol.server.networking.Server sendToAll
INFO: Reap dead connection: [DummyConnection Server connection - model.nation.french]
May 10, 2018 10:10:00 AM net.sf.freecol.server.networking.Server sendToAll
INFO: Reap dead connection: [DummyConnection Server connection - model.nation.apache]
May 10, 2018 10:10:00 AM net.sf.freecol.server.networking.Server sendToAll
INFO: Reap dead connection: [DummyConnection Server connection - model.nation.iroquois]
May 10, 2018 10:10:00 AM net.sf.freecol.server.model.ServerPlayer csChangeStance
INFO: Stance modification William I WAR -> CEASE_FIRE wrt Louis XIV
May 10, 2018 10:10:00 AM net.sf.freecol.server.model.ServerPlayer csChangeStance
INFO: Stance modification Louis XIV WAR -> CEASE_FIRE wrt William I (symmetric)
May 10, 2018 10:10:00 AM net.sf.freecol.common.model.Specification applyDifficultyLevel
INFO: Applying difficulty level model.difficulty.medium
May 10, 2018 10:10:00 AM net.sf.freecol.common.FreeColSeed getFreeColSeed
INFO: Using seed: 8034231201596820952
May 10, 2018 10:10:00 AM net.sf.freecol.server.networking.Server sendToAll
INFO: Reap dead connection: [DummyConnection Server connection - model.nation.spanish]
May 10, 2018 10:10:00 AM net.sf.freecol.server.networking.Server sendToAll
INFO: Reap dead connection: [DummyConnection Server connection - model.nation.english]
May 10, 2018 10:10:00 AM net.sf.freecol.server.networking.Server sendToAll
INFO: Reap dead connection: [DummyConnection Server connection - model.nation.arawak]
May 10, 2018 10:10:00 AM net.sf.freecol.server.networking.Server sendToAll
INFO: Reap dead connection: [DummyConnection Server connection - model.nation.iroquois]
May 10, 2018 10:10:00 AM net.sf.freecol.server.networking.Server sendToAll
INFO: Reap dead connection: [DummyConnection Server connection - model.nation.dutch]
May 10, 2018 10:10:00 AM net.sf.freecol.server.networking.Server sendToAll
INFO: Reap dead connection: [DummyConnection Server connection - model.nation.inca]
May 10, 2018 10:10:00 AM net.sf.freecol.server.networking.Server sendToAll
INFO: Reap dead connection: [DummyConnection Server connection - model.nation.tupi]
May 10, 2018 10:10:00 AM net.sf.freecol.server.networking.Server sendToAll
INFO: Reap dead connection: [DummyConnection Server connection - model.nation.apache]
May 10, 2018 10:10:00 AM net.sf.freecol.server.networking.Server sendToAll
INFO: Reap dead connection: [DummyConnection Server connection - model.nation.french]
May 10, 2018 10:10:00 AM net.sf.freecol.server.networking.Server sendToAll
INFO: Reap dead connection: [DummyConnection Server connection - model.nation.cherokee]
May 10, 2018 10:10:00 AM net.sf.freecol.server.networking.Server sendToAll
INFO: Reap dead connection: [DummyConnection Server connection - model.nation.sioux]
May 10, 2018 10:10:00 AM net.sf.freecol.server.networking.Server sendToAll
INFO: Reap dead connection: [DummyConnection Server connection - model.nation.aztec]
May 10, 2018 10:10:00 AM net.sf.freecol.server.model.ServerPlayer csChangeStance
INFO: Stance modification Louis XIV PEACE -> WAR wrt William I
May 10, 2018 10:10:00 AM net.sf.freecol.server.model.ServerPlayer csChangeStance
INFO: Stance modification William I PEACE -> WAR wrt Louis XIV (symmetric)
May 10, 2018 10:10:00 AM net.sf.freecol.common.model.Specification applyDifficultyLevel
INFO: Applying difficulty level model.difficulty.medium
May 10, 2018 10:10:00 AM net.sf.freecol.common.FreeColSeed getFreeColSeed
INFO: Using seed: -8985960001351263649
May 10, 2018 10:10:00 AM net.sf.freecol.server.networking.Server sendToAll
INFO: Reap dead connection: [DummyConnection Server connection - model.nation.inca]
May 10, 2018 10:10:00 AM net.sf.freecol.server.networking.Server sendToAll
INFO: Reap dead connection: [DummyConnection Server connection - model.nation.english]
May 10, 2018 10:10:00 AM net.sf.freecol.server.networking.Server sendToAll
INFO: Reap dead connection: [DummyConnection Server connection - model.nation.french]
May 10, 2018 10:10:00 AM net.sf.freecol.server.networking.Server sendToAll
INFO: Reap dead connection: [DummyConnection Server connection - model.nation.sioux]
May 10, 2018 10:10:00 AM net.sf.freecol.server.networking.Server sendToAll
INFO: Reap dead connection: [DummyConnection Server connection - model.nation.dutch]
May 10, 2018 10:10:00 AM net.sf.freecol.server.networking.Server sendToAll
INFO: Reap dead connection: [DummyConnection Server connection - model.nation.apache]
May 10, 2018 10:10:00 AM net.sf.freecol.server.networking.Server sendToAll
INFO: Reap dead connection: [DummyConnection Server connection - model.nation.aztec]
May 10, 2018 10:10:00 AM net.sf.freecol.server.networking.Server sendToAll
INFO: Reap dead connection: [DummyConnection Server connection - model.nation.tupi]
May 10, 2018 10:10:00 AM net.sf.freecol.server.networking.Server sendToAll
INFO: Reap dead connection: [DummyConnection Server connection - model.nation.cherokee]
May 10, 2018 10:10:00 AM net.sf.freecol.server.networking.Server sendToAll
INFO: Reap dead connection: [DummyConnection Server connection - model.nation.spanish]
May 10, 2018 10:10:00 AM net.sf.freecol.server.networking.Server sendToAll
INFO: Reap dead connection: [DummyConnection Server connection - model.nation.iroquois]
May 10, 2018 10:10:00 AM net.sf.freecol.server.networking.Server sendToAll
INFO: Reap dead connection: [DummyConnection Server connection - model.nation.arawak]
May 10, 2018 10:10:00 AM net.sf.freecol.server.model.ServerPlayer csChangeStance
INFO: Stance modification Louis XIV UNCONTACTED -> WAR wrt William I
May 10, 2018 10:10:00 AM net.sf.freecol.server.model.ServerPlayer csChangeStance
INFO: Stance modification William I UNCONTACTED -> WAR wrt Louis XIV (symmetric)
May 10, 2018 10:10:00 AM net.sf.freecol.common.util.LogBuilder log
INFO: Combat attacker=unit:272-veteranSoldier-dragoon [Modifier model.modifier.offence (model.source.baseOffence) ADDITIVE 0.0 index=10] [Modifier model.modifier.offence (model.role.dragoon) ADDITIVE 3.0 index=30] [Modifier model.modifier.offence (model.unit.veteranSoldier) PERCENTAGE 50.0 index=40] [Modifier model.modifier.attackBonus (model.source.attackBonus) PERCENTAGE 50.0 index=50] = 6.75 defender=unit:271-veteranSoldier-dragoon [Modifier model.modifier.defence (model.source.baseDefence) ADDITIVE 1.0 index=10] [Modifier model.modifier.defence (model.role.dragoon) ADDITIVE 2.0 index=30] [Modifier model.modifier.defence (model.unit.veteranSoldier) PERCENTAGE 50.0 index=40] [Modifier model.modifier.defence (model.settlement.colony) PERCENTAGE 50.0 index=50] = 6.75 odds=0.5 random(1.0)=0.47999998927116394 great=false Attack WIN LOSE_EQUIP
May 10, 2018 10:10:00 AM net.sf.freecol.common.util.LogBuilder log
INFO: Combat attacker=unit:272-veteranSoldier-dragoon [Modifier model.modifier.offence (model.source.baseOffence) ADDITIVE 0.0 index=10] [Modifier model.modifier.offence (model.role.dragoon) ADDITIVE 3.0 index=30] [Modifier model.modifier.offence (model.unit.veteranSoldier) PERCENTAGE 50.0 index=40] [Modifier model.modifier.attackBonus (model.source.attackBonus) PERCENTAGE 50.0 index=50] = 6.75 defender=unit:271-veteranSoldier-soldier [Modifier model.modifier.defence (model.source.baseDefence) ADDITIVE 1.0 index=10] [Modifier model.modifier.defence (model.role.soldier) ADDITIVE 1.0 index=30] [Modifier model.modifier.defence (model.unit.veteranSoldier) PERCENTAGE 50.0 index=40] [Modifier model.modifier.defence (model.settlement.colony) PERCENTAGE 50.0 index=50] = 4.5 odds=0.6 random(1.0)=0.6200000047683716 great=false Attack LOSE LOSE_EQUIP
May 10, 2018 10:10:00 AM net.sf.freecol.common.util.LogBuilder log
INFO: Combat attacker=unit:272-veteranSoldier-soldier [Modifier model.modifier.offence (model.source.baseOffence) ADDITIVE 0.0 index=10] [Modifier model.modifier.offence (model.role.soldier) ADDITIVE 2.0 index=30] [Modifier model.modifier.offence (model.unit.veteranSoldier) PERCENTAGE 50.0 index=40] [Modifier model.modifier.attackBonus (model.source.attackBonus) PERCENTAGE 50.0 index=50] = 4.5 defender=unit:271-veteranSoldier-soldier [Modifier model.modifier.defence (model.source.baseDefence) ADDITIVE 1.0 index=10] [Modifier model.modifier.defence (model.role.soldier) ADDITIVE 1.0 index=30] [Modifier model.modifier.defence (model.unit.veteranSoldier) PERCENTAGE 50.0 index=40] [Modifier model.modifier.defence (model.settlement.colony) PERCENTAGE 50.0 index=50] = 4.5 odds=0.5 random(1.0)=0.47999998927116394 great=false Attack WIN LOSE_EQUIP
May 10, 2018 10:10:00 AM net.sf.freecol.common.util.LogBuilder log
INFO: Combat attacker=unit:272-veteranSoldier-soldier [Modifier model.modifier.offence (model.source.baseOffence) ADDITIVE 0.0 index=10] [Modifier model.modifier.offence (model.role.soldier) ADDITIVE 2.0 index=30] [Modifier model.modifier.offence (model.unit.veteranSoldier) PERCENTAGE 50.0 index=40] [Modifier model.modifier.attackBonus (model.source.attackBonus) PERCENTAGE 50.0 index=50] = 4.5 defender=unit:271-veteranSoldier [Modifier model.modifier.defence (model.source.baseDefence) ADDITIVE 1.0 index=10] [Modifier model.modifier.defence (model.unit.veteranSoldier) PERCENTAGE 50.0 index=40] [Modifier model.modifier.defence (model.settlement.colony) PERCENTAGE 50.0 index=50] = 2.25 odds=0.6666666666666666 random(1.0)=0.6466666460037231 great=false Attack WIN CAPTURE_COLONY
May 10, 2018 10:10:00 AM net.sf.freecol.common.model.Specification applyDifficultyLevel
INFO: Applying difficulty level model.difficulty.medium
May 10, 2018 10:10:00 AM net.sf.freecol.common.FreeColSeed getFreeColSeed
INFO: Using seed: 7214033903940944478
May 10, 2018 10:10:01 AM net.sf.freecol.server.networking.Server sendToAll
INFO: Reap dead connection: [DummyConnection Server connection - model.nation.tupi]
May 10, 2018 10:10:01 AM net.sf.freecol.server.networking.Server sendToAll
INFO: Reap dead connection: [DummyConnection Server connection - model.nation.french]
May 10, 2018 10:10:01 AM net.sf.freecol.server.networking.Server sendToAll
INFO: Reap dead connection: [DummyConnection Server connection - model.nation.apache]
May 10, 2018 10:10:01 AM net.sf.freecol.server.networking.Server sendToAll
INFO: Reap dead connection: [DummyConnection Server connection - model.nation.inca]
May 10, 2018 10:10:01 AM net.sf.freecol.server.networking.Server sendToAll
INFO: Reap dead connection: [DummyConnection Server connection - model.nation.aztec]
May 10, 2018 10:10:01 AM net.sf.freecol.server.networking.Server sendToAll
INFO: Reap dead connection: [DummyConnection Server connection - model.nation.english]
May 10, 2018 10:10:01 AM net.sf.freecol.server.networking.Server sendToAll
INFO: Reap dead connection: [DummyConnection Server connection - model.nation.iroquois]
May 10, 2018 10:10:01 AM net.sf.freecol.server.networking.Server sendToAll
INFO: Reap dead connection: [DummyConnection Server connection - model.nation.dutch]
May 10, 2018 10:10:01 AM net.sf.freecol.server.networking.Server sendToAll
INFO: Reap dead connection: [DummyConnection Server connection - model.nation.arawak]
May 10, 2018 10:10:01 AM net.sf.freecol.server.networking.Server sendToAll
INFO: Reap dead connection: [DummyConnection Server connection - model.nation.cherokee]
May 10, 2018 10:10:01 AM net.sf.freecol.server.networking.Server sendToAll
INFO: Reap dead connection: [DummyConnection Server connection - model.nation.sioux]
May 10, 2018 10:10:01 AM net.sf.freecol.server.networking.Server sendToAll
INFO: Reap dead connection: [DummyConnection Server connection - model.nation.spanish]
May 10, 2018 10:10:01 AM net.sf.freecol.server.model.ServerPlayer csChangeStance
INFO: Stance modification William I UNCONTACTED -> WAR wrt Louis XIV
May 10, 2018 10:10:01 AM net.sf.freecol.server.model.ServerPlayer csChangeStance
INFO: Stance modification Louis XIV UNCONTACTED -> WAR wrt William I (symmetric)
May 10, 2018 10:10:01 AM net.sf.freecol.common.util.LogBuilder log
INFO: Combat attacker=unit:247-freeColonist-dragoon [Modifier model.modifier.offence (model.source.baseOffence) ADDITIVE 0.0 index=10] [Modifier model.modifier.offence (model.role.dragoon) ADDITIVE 3.0 index=30] [Modifier model.modifier.attackBonus (model.source.attackBonus) PERCENTAGE 50.0 index=50] = 4.5 defender=unit:248-freeColonist-soldier [Modifier model.modifier.defence (model.source.baseDefence) ADDITIVE 1.0 index=10] [Modifier model.modifier.defence (model.role.soldier) ADDITIVE 1.0 index=30] = 2.0 odds=0.6923076923076923 random(1.0)=0.7123076915740967 great=false Attack LOSE LOSE_EQUIP
May 10, 2018 10:10:01 AM net.sf.freecol.common.util.LogBuilder log
INFO: Combat attacker=unit:247-freeColonist-soldier [Modifier model.modifier.offence (model.source.baseOffence) ADDITIVE 0.0 index=10] [Modifier model.modifier.offence (model.role.soldier) ADDITIVE 2.0 index=30] [Modifier model.modifier.attackBonus (model.source.attackBonus) PERCENTAGE 50.0 index=50] = 3.0 defender=unit:248-freeColonist-soldier [Modifier model.modifier.defence (model.source.baseDefence) ADDITIVE 1.0 index=10] [Modifier model.modifier.defence (model.role.soldier) ADDITIVE 1.0 index=30] = 2.0 odds=0.6 random(1.0)=0.6200000047683716 great=false Attack LOSE LOSE_EQUIP
May 10, 2018 10:10:01 AM net.sf.freecol.common.util.LogBuilder log
INFO: Combat attacker=unit:248-freeColonist-soldier [Modifier model.modifier.offence (model.source.baseOffence) ADDITIVE 0.0 index=10] [Modifier model.modifier.offence (model.role.soldier) ADDITIVE 2.0 index=30] [Modifier model.modifier.attackBonus (model.source.attackBonus) PERCENTAGE 50.0 index=50] = 3.0 defender=unit:247-freeColonist [Modifier model.modifier.defence (model.source.baseDefence) ADDITIVE 1.0 index=10] = 1.0 odds=0.75 random(1.0)=0.7300000190734863 great=false Attack WIN CAPTURE_UNIT
May 10, 2018 10:10:01 AM net.sf.freecol.common.model.Specification applyDifficultyLevel
INFO: Applying difficulty level model.difficulty.medium
May 10, 2018 10:10:01 AM net.sf.freecol.common.FreeColSeed getFreeColSeed
INFO: Using seed: 5380963489065047865
May 10, 2018 10:10:01 AM net.sf.freecol.server.networking.Server sendToAll
INFO: Reap dead connection: [DummyConnection Server connection - model.nation.aztec]
May 10, 2018 10:10:01 AM net.sf.freecol.server.networking.Server sendToAll
INFO: Reap dead connection: [DummyConnection Server connection - model.nation.arawak]
May 10, 2018 10:10:01 AM net.sf.freecol.server.networking.Server sendToAll
INFO: Reap dead connection: [DummyConnection Server connection - model.nation.spanish]
May 10, 2018 10:10:01 AM net.sf.freecol.server.networking.Server sendToAll
INFO: Reap dead connection: [DummyConnection Server connection - model.nation.cherokee]
May 10, 2018 10:10:01 AM net.sf.freecol.server.networking.Server sendToAll
INFO: Reap dead connection: [DummyConnection Server connection - model.nation.tupi]
May 10, 2018 10:10:01 AM net.sf.freecol.server.networking.Server sendToAll
INFO: Reap dead connection: [DummyConnection Server connection - model.nation.dutch]
May 10, 2018 10:10:01 AM net.sf.freecol.server.networking.Server sendToAll
INFO: Reap dead connection: [DummyConnection Server connection - model.nation.french]
May 10, 2018 10:10:01 AM net.sf.freecol.server.networking.Server sendToAll
INFO: Reap dead connection: [DummyConnection Server connection - model.nation.inca]
May 10, 2018 10:10:01 AM net.sf.freecol.server.networking.Server sendToAll
INFO: Reap dead connection: [DummyConnection Server connection - model.nation.sioux]
May 10, 2018 10:10:01 AM net.sf.freecol.server.networking.Server sendToAll
INFO: Reap dead connection: [DummyConnection Server connection - model.nation.iroquois]
May 10, 2018 10:10:01 AM net.sf.freecol.server.networking.Server sendToAll
INFO: Reap dead connection: [DummyConnection Server connection - model.nation.english]
May 10, 2018 10:10:01 AM net.sf.freecol.server.networking.Server sendToAll
INFO: Reap dead connection: [DummyConnection Server connection - model.nation.apache]
May 10, 2018 10:10:01 AM net.sf.freecol.common.model.Specification applyDifficultyLevel
INFO: Applying difficulty level model.difficulty.medium
May 10, 2018 10:10:01 AM net.sf.freecol.common.FreeColSeed getFreeColSeed
INFO: Using seed: 8199367532882408942
May 10, 2018 10:10:01 AM net.sf.freecol.server.networking.Server sendToAll
INFO: Reap dead connection: [DummyConnection Server connection - model.nation.apache]
May 10, 2018 10:10:01 AM net.sf.freecol.server.networking.Server sendToAll
INFO: Reap dead connection: [DummyConnection Server connection - model.nation.iroquois]
May 10, 2018 10:10:01 AM net.sf.freecol.server.networking.Server sendToAll
INFO: Reap dead connection: [DummyConnection Server connection - model.nation.french]
May 10, 2018 10:10:01 AM net.sf.freecol.server.networking.Server sendToAll
INFO: Reap dead connection: [DummyConnection Server connection - model.nation.english]
May 10, 2018 10:10:01 AM net.sf.freecol.server.networking.Server sendToAll
INFO: Reap dead connection: [DummyConnection Server connection - model.nation.dutch]
May 10, 2018 10:10:01 AM net.sf.freecol.server.networking.Server sendToAll
INFO: Reap dead connection: [DummyConnection Server connection - model.nation.arawak]
May 10, 2018 10:10:01 AM net.sf.freecol.server.networking.Server sendToAll
INFO: Reap dead connection: [DummyConnection Server connection - model.nation.cherokee]
May 10, 2018 10:10:01 AM net.sf.freecol.server.networking.Server sendToAll
INFO: Reap dead connection: [DummyConnection Server connection - model.nation.inca]
May 10, 2018 10:10:01 AM net.sf.freecol.server.networking.Server sendToAll
INFO: Reap dead connection: [DummyConnection Server connection - model.nation.spanish]
May 10, 2018 10:10:01 AM net.sf.freecol.server.networking.Server sendToAll
INFO: Reap dead connection: [DummyConnection Server connection - model.nation.sioux]
May 10, 2018 10:10:01 AM net.sf.freecol.server.networking.Server sendToAll
INFO: Reap dead connection: [DummyConnection Server connection - model.nation.tupi]
May 10, 2018 10:10:01 AM net.sf.freecol.server.networking.Server sendToAll
INFO: Reap dead connection: [DummyConnection Server connection - model.nation.aztec]
May 10, 2018 10:10:01 AM net.sf.freecol.common.networking.DOMMessage clientError
WARNING: Too few goods
May 10, 2018 10:10:01 AM net.sf.freecol.common.model.Specification applyDifficultyLevel
INFO: Applying difficulty level model.difficulty.medium
May 10, 2018 10:10:01 AM net.sf.freecol.common.FreeColSeed getFreeColSeed
INFO: Using seed: 8414159616318327604
May 10, 2018 10:10:01 AM net.sf.freecol.server.networking.Server sendToAll
INFO: Reap dead connection: [DummyConnection Server connection - model.nation.apache]
May 10, 2018 10:10:01 AM net.sf.freecol.server.networking.Server sendToAll
INFO: Reap dead connection: [DummyConnection Server connection - model.nation.cherokee]
May 10, 2018 10:10:01 AM net.sf.freecol.server.networking.Server sendToAll
INFO: Reap dead connection: [DummyConnection Server connection - model.nation.dutch]
May 10, 2018 10:10:01 AM net.sf.freecol.server.networking.Server sendToAll
INFO: Reap dead connection: [DummyConnection Server connection - model.nation.arawak]
May 10, 2018 10:10:01 AM net.sf.freecol.server.networking.Server sendToAll
INFO: Reap dead connection: [DummyConnection Server connection - model.nation.sioux]
May 10, 2018 10:10:01 AM net.sf.freecol.server.networking.Server sendToAll
INFO: Reap dead connection: [DummyConnection Server connection - model.nation.iroquois]
May 10, 2018 10:10:01 AM net.sf.freecol.server.networking.Server sendToAll
INFO: Reap dead connection: [DummyConnection Server connection - model.nation.spanish]
May 10, 2018 10:10:01 AM net.sf.freecol.server.networking.Server sendToAll
INFO: Reap dead connection: [DummyConnection Server connection - model.nation.french]
May 10, 2018 10:10:01 AM net.sf.freecol.server.networking.Server sendToAll
INFO: Reap dead connection: [DummyConnection Server connection - model.nation.english]
May 10, 2018 10:10:01 AM net.sf.freecol.server.networking.Server sendToAll
INFO: Reap dead connection: [DummyConnection Server connection - model.nation.tupi]
May 10, 2018 10:10:01 AM net.sf.freecol.server.networking.Server sendToAll
INFO: Reap dead connection: [DummyConnection Server connection - model.nation.aztec]
May 10, 2018 10:10:01 AM net.sf.freecol.server.networking.Server sendToAll
INFO: Reap dead connection: [DummyConnection Server connection - model.nation.inca]
May 10, 2018 10:10:01 AM net.sf.freecol.server.model.ServerPlayer csChangeStance
INFO: Stance modification Louis XIV UNCONTACTED -> WAR wrt William I
May 10, 2018 10:10:01 AM net.sf.freecol.server.model.ServerPlayer csChangeStance
INFO: Stance modification William I UNCONTACTED -> WAR wrt Louis XIV (symmetric)
May 10, 2018 10:10:01 AM net.sf.freecol.common.util.LogBuilder log
INFO: Combat attacker=unit:249-privateer [Modifier model.modifier.offence (model.source.baseOffence) ADDITIVE 8.0 index=10] [Modifier model.modifier.attackBonus (model.source.attackBonus) PERCENTAGE 50.0 index=50] = 12.0 defender=unit:247-galleon [Modifier model.modifier.defence (model.source.baseDefence) ADDITIVE 10.0 index=10] [Modifier model.modifier.cargoPenalty (model.source.cargoPenalty) PERCENTAGE -12.5 index=50] = 8.75 odds=0.5783132530120482 random(1.0)=0.558313250541687 great=false Attack WIN LOOT_SHIP DAMAGE_SHIP_ATTACK
May 10, 2018 10:10:01 AM net.sf.freecol.common.networking.DOMMessage clientError
WARNING: Received message: lootCargo out of turn from player: model.nation.french
May 10, 2018 10:10:01 AM net.sf.freecol.server.ai.AIMessage checkError
WARNING: AIMessage.lootCargo error, messageId: server.reject message: Received message: lootCargo out of turn from player: model.nation.french
May 10, 2018 10:10:01 AM net.sf.freecol.common.model.Specification applyDifficultyLevel
INFO: Applying difficulty level model.difficulty.medium
May 10, 2018 10:10:01 AM net.sf.freecol.common.FreeColSeed getFreeColSeed
INFO: Using seed: 5040541849768871602
May 10, 2018 10:10:01 AM net.sf.freecol.server.networking.Server sendToAll
INFO: Reap dead connection: [DummyConnection Server connection - model.nation.cherokee]
May 10, 2018 10:10:01 AM net.sf.freecol.server.networking.Server sendToAll
INFO: Reap dead connection: [DummyConnection Server connection - model.nation.tupi]
May 10, 2018 10:10:01 AM net.sf.freecol.server.networking.Server sendToAll
INFO: Reap dead connection: [DummyConnection Server connection - model.nation.iroquois]
May 10, 2018 10:10:01 AM net.sf.freecol.server.networking.Server sendToAll
INFO: Reap dead connection: [DummyConnection Server connection - model.nation.english]
May 10, 2018 10:10:01 AM net.sf.freecol.server.networking.Server sendToAll
INFO: Reap dead connection: [DummyConnection Server connection - model.nation.spanish]
May 10, 2018 10:10:01 AM net.sf.freecol.server.networking.Server sendToAll
INFO: Reap dead connection: [DummyConnection Server connection - model.nation.apache]
May 10, 2018 10:10:01 AM net.sf.freecol.server.networking.Server sendToAll
INFO: Reap dead connection: [DummyConnection Server connection - model.nation.inca]
May 10, 2018 10:10:01 AM net.sf.freecol.server.networking.Server sendToAll
INFO: Reap dead connection: [DummyConnection Server connection - model.nation.sioux]
May 10, 2018 10:10:01 AM net.sf.freecol.server.networking.Server sendToAll
INFO: Reap dead connection: [DummyConnection Server connection - model.nation.arawak]
May 10, 2018 10:10:01 AM net.sf.freecol.server.networking.Server sendToAll
INFO: Reap dead connection: [DummyConnection Server connection - model.nation.dutch]
May 10, 2018 10:10:01 AM net.sf.freecol.server.networking.Server sendToAll
INFO: Reap dead connection: [DummyConnection Server connection - model.nation.french]
May 10, 2018 10:10:01 AM net.sf.freecol.server.networking.Server sendToAll
INFO: Reap dead connection: [DummyConnection Server connection - model.nation.aztec]
May 10, 2018 10:10:01 AM net.sf.freecol.common.model.Specification applyDifficultyLevel
INFO: Applying difficulty level model.difficulty.medium
May 10, 2018 10:10:01 AM net.sf.freecol.common.FreeColSeed getFreeColSeed
INFO: Using seed: 3990542388173022188
May 10, 2018 10:10:01 AM net.sf.freecol.server.networking.Server sendToAll
INFO: Reap dead connection: [DummyConnection Server connection - model.nation.arawak]
May 10, 2018 10:10:01 AM net.sf.freecol.server.networking.Server sendToAll
INFO: Reap dead connection: [DummyConnection Server connection - model.nation.inca]
May 10, 2018 10:10:01 AM net.sf.freecol.server.networking.Server sendToAll
INFO: Reap dead connection: [DummyConnection Server connection - model.nation.spanish]
May 10, 2018 10:10:01 AM net.sf.freecol.server.networking.Server sendToAll
INFO: Reap dead connection: [DummyConnection Server connection - model.nation.english]
May 10, 2018 10:10:01 AM net.sf.freecol.server.networking.Server sendToAll
INFO: Reap dead connection: [DummyConnection Server connection - model.nation.sioux]
May 10, 2018 10:10:01 AM net.sf.freecol.server.networking.Server sendToAll
INFO: Reap dead connection: [DummyConnection Server connection - model.nation.french]
May 10, 2018 10:10:01 AM net.sf.freecol.server.networking.Server sendToAll
INFO: Reap dead connection: [DummyConnection Server connection - model.nation.apache]
May 10, 2018 10:10:01 AM net.sf.freecol.server.networking.Server sendToAll
INFO: Reap dead connection: [DummyConnection Server connection - model.nation.aztec]
May 10, 2018 10:10:01 AM net.sf.freecol.server.networking.Server sendToAll
INFO: Reap dead connection: [DummyConnection Server connection - model.nation.iroquois]
May 10, 2018 10:10:01 AM net.sf.freecol.server.networking.Server sendToAll
INFO: Reap dead connection: [DummyConnection Server connection - model.nation.dutch]
May 10, 2018 10:10:01 AM net.sf.freecol.server.networking.Server sendToAll
INFO: Reap dead connection: [DummyConnection Server connection - model.nation.tupi]
May 10, 2018 10:10:01 AM net.sf.freecol.server.networking.Server sendToAll
INFO: Reap dead connection: [DummyConnection Server connection - model.nation.cherokee]
May 10, 2018 10:10:01 AM net.sf.freecol.server.model.ServerPlayer csChangeStance
INFO: Stance modification Guaira PEACE -> WAR wrt William I
May 10, 2018 10:10:01 AM net.sf.freecol.server.model.ServerPlayer csChangeStance
INFO: Stance modification William I PEACE -> WAR wrt Guaira (symmetric)
May 10, 2018 10:10:01 AM net.sf.freecol.server.model.ServerPlayer csChangeStance
INFO: Stance modification William I WAR -> PEACE wrt Guaira
May 10, 2018 10:10:01 AM net.sf.freecol.server.model.ServerPlayer csChangeStance
INFO: Stance modification Guaira WAR -> PEACE wrt William I (symmetric)
May 10, 2018 10:10:01 AM net.sf.freecol.common.model.Specification applyDifficultyLevel
INFO: Applying difficulty level model.difficulty.medium
May 10, 2018 10:10:01 AM net.sf.freecol.common.FreeColSeed getFreeColSeed
INFO: Using seed: -7397944122075965222
May 10, 2018 10:10:01 AM net.sf.freecol.server.networking.Server sendToAll
INFO: Reap dead connection: [DummyConnection Server connection - model.nation.sioux]
May 10, 2018 10:10:01 AM net.sf.freecol.server.networking.Server sendToAll
INFO: Reap dead connection: [DummyConnection Server connection - model.nation.iroquois]
May 10, 2018 10:10:01 AM net.sf.freecol.server.networking.Server sendToAll
INFO: Reap dead connection: [DummyConnection Server connection - model.nation.inca]
May 10, 2018 10:10:01 AM net.sf.freecol.server.networking.Server sendToAll
INFO: Reap dead connection: [DummyConnection Server connection - model.nation.dutch]
May 10, 2018 10:10:01 AM net.sf.freecol.server.networking.Server sendToAll
INFO: Reap dead connection: [DummyConnection Server connection - model.nation.aztec]
May 10, 2018 10:10:01 AM net.sf.freecol.server.networking.Server sendToAll
INFO: Reap dead connection: [DummyConnection Server connection - model.nation.arawak]
May 10, 2018 10:10:01 AM net.sf.freecol.server.networking.Server sendToAll
INFO: Reap dead connection: [DummyConnection Server connection - model.nation.english]
May 10, 2018 10:10:01 AM net.sf.freecol.server.networking.Server sendToAll
INFO: Reap dead connection: [DummyConnection Server connection - model.nation.cherokee]
May 10, 2018 10:10:01 AM net.sf.freecol.server.networking.Server sendToAll
INFO: Reap dead connection: [DummyConnection Server connection - model.nation.spanish]
May 10, 2018 10:10:01 AM net.sf.freecol.server.networking.Server sendToAll
INFO: Reap dead connection: [DummyConnection Server connection - model.nation.french]
May 10, 2018 10:10:01 AM net.sf.freecol.server.networking.Server sendToAll
INFO: Reap dead connection: [DummyConnection Server connection - model.nation.apache]
May 10, 2018 10:10:01 AM net.sf.freecol.server.networking.Server sendToAll
INFO: Reap dead connection: [DummyConnection Server connection - model.nation.tupi]
May 10, 2018 10:10:01 AM net.sf.freecol.common.util.LogBuilder log
INFO: Combat attacker=unit:248-veteranSoldier-dragoon [Modifier model.modifier.offence (model.source.baseOffence) ADDITIVE 0.0 index=10] [Modifier model.modifier.offence (model.role.dragoon) ADDITIVE 3.0 index=30] [Modifier model.modifier.offence (model.unit.veteranSoldier) PERCENTAGE 50.0 index=40] [Modifier model.modifier.attackBonus (model.source.attackBonus) PERCENTAGE 50.0 index=50] [Modifier model.modifier.bigMovementPenalty (model.source.movementPenalty) PERCENTAGE -66.0 index=50] = 2.2950000762939453 defender=unit:247-freeColonist-pioneer.5 [Modifier model.modifier.defence (model.source.baseDefence) ADDITIVE 1.0 index=10] = 1.0 odds=0.6965098704565885 random(1.0)=0.6765098571777344 great=false Attack WIN SLAUGHTER_UNIT
May 10, 2018 10:10:01 AM net.sf.freecol.common.util.LogBuilder log
INFO: Destroying: unit:247
May 10, 2018 10:10:01 AM net.sf.freecol.server.model.ServerPlayer csChangeStance
INFO: Stance modification Louis XIV UNCONTACTED -> WAR wrt William I
May 10, 2018 10:10:01 AM net.sf.freecol.server.model.ServerPlayer csChangeStance
INFO: Stance modification William I UNCONTACTED -> WAR wrt Louis XIV (symmetric)
May 10, 2018 10:10:01 AM net.sf.freecol.common.model.Specification applyDifficultyLevel
INFO: Applying difficulty level model.difficulty.medium
May 10, 2018 10:10:01 AM net.sf.freecol.common.FreeColSeed getFreeColSeed
INFO: Using seed: -6051608761210183687
May 10, 2018 10:10:01 AM net.sf.freecol.server.networking.Server sendToAll
INFO: Reap dead connection: [DummyConnection Server connection - model.nation.sioux]
May 10, 2018 10:10:01 AM net.sf.freecol.server.networking.Server sendToAll
INFO: Reap dead connection: [DummyConnection Server connection - model.nation.aztec]
May 10, 2018 10:10:01 AM net.sf.freecol.server.networking.Server sendToAll
INFO: Reap dead connection: [DummyConnection Server connection - model.nation.iroquois]
May 10, 2018 10:10:01 AM net.sf.freecol.server.networking.Server sendToAll
INFO: Reap dead connection: [DummyConnection Server connection - model.nation.dutch]
May 10, 2018 10:10:01 AM net.sf.freecol.server.networking.Server sendToAll
INFO: Reap dead connection: [DummyConnection Server connection - model.nation.french]
May 10, 2018 10:10:01 AM net.sf.freecol.server.networking.Server sendToAll
INFO: Reap dead connection: [DummyConnection Server connection - model.nation.inca]
May 10, 2018 10:10:01 AM net.sf.freecol.server.networking.Server sendToAll
INFO: Reap dead connection: [DummyConnection Server connection - model.nation.apache]
May 10, 2018 10:10:01 AM net.sf.freecol.server.networking.Server sendToAll
INFO: Reap dead connection: [DummyConnection Server connection - model.nation.spanish]
May 10, 2018 10:10:01 AM net.sf.freecol.server.networking.Server sendToAll
INFO: Reap dead connection: [DummyConnection Server connection - model.nation.cherokee]
May 10, 2018 10:10:01 AM net.sf.freecol.server.networking.Server sendToAll
INFO: Reap dead connection: [DummyConnection Server connection - model.nation.arawak]
May 10, 2018 10:10:01 AM net.sf.freecol.server.networking.Server sendToAll
INFO: Reap dead connection: [DummyConnection Server connection - model.nation.english]
May 10, 2018 10:10:01 AM net.sf.freecol.server.networking.Server sendToAll
INFO: Reap dead connection: [DummyConnection Server connection - model.nation.tupi]
May 10, 2018 10:10:01 AM net.sf.freecol.server.model.ServerPlayer csChangeStance
INFO: Stance modification William I UNCONTACTED -> WAR wrt Louis XIV
May 10, 2018 10:10:01 AM net.sf.freecol.server.model.ServerPlayer csChangeStance
INFO: Stance modification Louis XIV UNCONTACTED -> WAR wrt William I (symmetric)
May 10, 2018 10:10:01 AM net.sf.freecol.common.util.LogBuilder log
INFO: Combat attacker=unit:247-pettyCriminal-soldier [Modifier model.modifier.offence (model.source.baseOffence) ADDITIVE 0.0 index=10] [Modifier model.modifier.offence (model.role.soldier) ADDITIVE 2.0 index=30] [Modifier model.modifier.attackBonus (model.source.attackBonus) PERCENTAGE 50.0 index=50] = 3.0 defender=unit:248-freeColonist-soldier [Modifier model.modifier.defence (model.source.baseDefence) ADDITIVE 1.0 index=10] [Modifier model.modifier.defence (model.role.soldier) ADDITIVE 1.0 index=30] = 2.0 odds=0.6 random(1.0)=0.5799999833106995 great=false Attack WIN LOSE_EQUIP PROMOTE_UNIT
May 10, 2018 10:10:01 AM net.sf.freecol.common.util.LogBuilder log
INFO: Combat attacker=unit:247-indenturedServant-soldier [Modifier model.modifier.offence (model.source.baseOffence) ADDITIVE 0.0 index=10] [Modifier model.modifier.offence (model.role.soldier) ADDITIVE 2.0 index=30] [Modifier model.modifier.attackBonus (model.source.attackBonus) PERCENTAGE 50.0 index=50] = 3.0 defender=unit:248-freeColonist-soldier [Modifier model.modifier.defence (model.source.baseDefence) ADDITIVE 1.0 index=10] [Modifier model.modifier.defence (model.role.soldier) ADDITIVE 1.0 index=30] = 2.0 odds=0.6 random(1.0)=0.5799999833106995 great=false Attack WIN LOSE_EQUIP PROMOTE_UNIT
May 10, 2018 10:10:01 AM net.sf.freecol.common.util.LogBuilder log
INFO: Combat attacker=unit:247-freeColonist-soldier [Modifier model.modifier.offence (model.source.baseOffence) ADDITIVE 0.0 index=10] [Modifier model.modifier.offence (model.role.soldier) ADDITIVE 2.0 index=30] [Modifier model.modifier.attackBonus (model.source.attackBonus) PERCENTAGE 50.0 index=50] = 3.0 defender=unit:248-freeColonist-soldier [Modifier model.modifier.defence (model.source.baseDefence) ADDITIVE 1.0 index=10] [Modifier model.modifier.defence (model.role.soldier) ADDITIVE 1.0 index=30] = 2.0 odds=0.6 random(1.0)=0.5799999833106995 great=false Attack WIN LOSE_EQUIP PROMOTE_UNIT
May 10, 2018 10:10:01 AM net.sf.freecol.common.util.LogBuilder log
INFO: Combat attacker=unit:247-veteranSoldier-soldier [Modifier model.modifier.offence (model.source.baseOffence) ADDITIVE 0.0 index=10] [Modifier model.modifier.offence (model.role.soldier) ADDITIVE 2.0 index=30] [Modifier model.modifier.offence (model.unit.veteranSoldier) PERCENTAGE 50.0 index=40] [Modifier model.modifier.attackBonus (model.source.attackBonus) PERCENTAGE 50.0 index=50] = 4.5 defender=unit:248-freeColonist-soldier [Modifier model.modifier.defence (model.source.baseDefence) ADDITIVE 1.0 index=10] [Modifier model.modifier.defence (model.role.soldier) ADDITIVE 1.0 index=30] = 2.0 odds=0.6923076923076923 random(1.0)=0.6723076701164246 great=false Attack WIN LOSE_EQUIP PROMOTE_UNIT
May 10, 2018 10:10:01 AM net.sf.freecol.common.util.LogBuilder log
INFO: Combat attacker=unit:247-colonialRegular-soldier [Modifier model.modifier.offence (model.source.baseOffence) ADDITIVE 0.0 index=10] [Modifier model.modifier.offence (model.unit.colonialRegular) ADDITIVE 3.0 index=20] [Modifier model.modifier.offence (model.role.soldier) ADDITIVE 2.0 index=30] [Modifier model.modifier.attackBonus (model.source.attackBonus) PERCENTAGE 50.0 index=50] = 7.5 defender=unit:248-freeColonist-soldier [Modifier model.modifier.defence (model.source.baseDefence) ADDITIVE 1.0 index=10] [Modifier model.modifier.defence (model.role.soldier) ADDITIVE 1.0 index=30] = 2.0 odds=0.7894736842105263 random(1.0)=0.769473671913147 great=false Attack WIN LOSE_EQUIP
May 10, 2018 10:10:01 AM net.sf.freecol.common.model.Specification applyDifficultyLevel
INFO: Applying difficulty level model.difficulty.medium
May 10, 2018 10:10:01 AM net.sf.freecol.common.FreeColSeed getFreeColSeed
INFO: Using seed: 3351605944596408846
May 10, 2018 10:10:01 AM net.sf.freecol.server.networking.Server sendToAll
INFO: Reap dead connection: [DummyConnection Server connection - model.nation.english]
May 10, 2018 10:10:01 AM net.sf.freecol.server.networking.Server sendToAll
INFO: Reap dead connection: [DummyConnection Server connection - model.nation.cherokee]
May 10, 2018 10:10:01 AM net.sf.freecol.server.networking.Server sendToAll
INFO: Reap dead connection: [DummyConnection Server connection - model.nation.spanish]
May 10, 2018 10:10:01 AM net.sf.freecol.server.networking.Server sendToAll
INFO: Reap dead connection: [DummyConnection Server connection - model.nation.sioux]
May 10, 2018 10:10:01 AM net.sf.freecol.server.networking.Server sendToAll
INFO: Reap dead connection: [DummyConnection Server connection - model.nation.french]
May 10, 2018 10:10:01 AM net.sf.freecol.server.networking.Server sendToAll
INFO: Reap dead connection: [DummyConnection Server connection - model.nation.inca]
May 10, 2018 10:10:01 AM net.sf.freecol.server.networking.Server sendToAll
INFO: Reap dead connection: [DummyConnection Server connection - model.nation.apache]
May 10, 2018 10:10:01 AM net.sf.freecol.server.networking.Server sendToAll
INFO: Reap dead connection: [DummyConnection Server connection - model.nation.iroquois]
May 10, 2018 10:10:01 AM net.sf.freecol.server.networking.Server sendToAll
INFO: Reap dead connection: [DummyConnection Server connection - model.nation.dutch]
May 10, 2018 10:10:01 AM net.sf.freecol.server.networking.Server sendToAll
INFO: Reap dead connection: [DummyConnection Server connection - model.nation.tupi]
May 10, 2018 10:10:01 AM net.sf.freecol.server.networking.Server sendToAll
INFO: Reap dead connection: [DummyConnection Server connection - model.nation.aztec]
May 10, 2018 10:10:01 AM net.sf.freecol.server.networking.Server sendToAll
INFO: Reap dead connection: [DummyConnection Server connection - model.nation.arawak]
May 10, 2018 10:10:01 AM net.sf.freecol.common.networking.DOMMessage clientError
WARNING: Can not clear speciality of a teacher.
May 10, 2018 10:10:01 AM net.sf.freecol.common.model.Specification applyDifficultyLevel
INFO: Applying difficulty level model.difficulty.medium
May 10, 2018 10:10:01 AM net.sf.freecol.common.FreeColSeed getFreeColSeed
INFO: Using seed: -1900746957647883324
May 10, 2018 10:10:01 AM net.sf.freecol.server.networking.Server sendToAll
INFO: Reap dead connection: [DummyConnection Server connection - model.nation.tupi]
May 10, 2018 10:10:01 AM net.sf.freecol.server.networking.Server sendToAll
INFO: Reap dead connection: [DummyConnection Server connection - model.nation.spanish]
May 10, 2018 10:10:01 AM net.sf.freecol.server.networking.Server sendToAll
INFO: Reap dead connection: [DummyConnection Server connection - model.nation.english]
May 10, 2018 10:10:01 AM net.sf.freecol.server.networking.Server sendToAll
INFO: Reap dead connection: [DummyConnection Server connection - model.nation.aztec]
May 10, 2018 10:10:01 AM net.sf.freecol.server.networking.Server sendToAll
INFO: Reap dead connection: [DummyConnection Server connection - model.nation.sioux]
May 10, 2018 10:10:01 AM net.sf.freecol.server.networking.Server sendToAll
INFO: Reap dead connection: [DummyConnection Server connection - model.nation.arawak]
May 10, 2018 10:10:01 AM net.sf.freecol.server.networking.Server sendToAll
INFO: Reap dead connection: [DummyConnection Server connection - model.nation.apache]
May 10, 2018 10:10:01 AM net.sf.freecol.server.networking.Server sendToAll
INFO: Reap dead connection: [DummyConnection Server connection - model.nation.dutch]
May 10, 2018 10:10:01 AM net.sf.freecol.server.networking.Server sendToAll
INFO: Reap dead connection: [DummyConnection Server connection - model.nation.inca]
May 10, 2018 10:10:01 AM net.sf.freecol.server.networking.Server sendToAll
INFO: Reap dead connection: [DummyConnection Server connection - model.nation.iroquois]
May 10, 2018 10:10:01 AM net.sf.freecol.server.networking.Server sendToAll
INFO: Reap dead connection: [DummyConnection Server connection - model.nation.french]
May 10, 2018 10:10:01 AM net.sf.freecol.server.networking.Server sendToAll
INFO: Reap dead connection: [DummyConnection Server connection - model.nation.cherokee]
May 10, 2018 10:10:01 AM net.sf.freecol.server.model.ServerPlayer csChangeStance
INFO: Stance modification William I CEASE_FIRE -> PEACE wrt Louis XIV
May 10, 2018 10:10:01 AM net.sf.freecol.server.model.ServerPlayer csChangeStance
INFO: Stance modification Louis XIV CEASE_FIRE -> PEACE wrt William I (symmetric)
May 10, 2018 10:10:01 AM net.sf.freecol.common.model.Specification applyDifficultyLevel
INFO: Applying difficulty level model.difficulty.medium
May 10, 2018 10:10:01 AM net.sf.freecol.common.FreeColSeed getFreeColSeed
INFO: Using seed: 8158340948120341259
May 10, 2018 10:10:01 AM net.sf.freecol.server.networking.Server sendToAll
INFO: Reap dead connection: [DummyConnection Server connection - model.nation.cherokee]
May 10, 2018 10:10:01 AM net.sf.freecol.server.networking.Server sendToAll
INFO: Reap dead connection: [DummyConnection Server connection - model.nation.sioux]
May 10, 2018 10:10:01 AM net.sf.freecol.server.networking.Server sendToAll
INFO: Reap dead connection: [DummyConnection Server connection - model.nation.inca]
May 10, 2018 10:10:01 AM net.sf.freecol.server.networking.Server sendToAll
INFO: Reap dead connection: [DummyConnection Server connection - model.nation.french]
May 10, 2018 10:10:01 AM net.sf.freecol.server.networking.Server sendToAll
INFO: Reap dead connection: [DummyConnection Server connection - model.nation.english]
May 10, 2018 10:10:01 AM net.sf.freecol.server.networking.Server sendToAll
INFO: Reap dead connection: [DummyConnection Server connection - model.nation.apache]
May 10, 2018 10:10:01 AM net.sf.freecol.server.networking.Server sendToAll
INFO: Reap dead connection: [DummyConnection Server connection - model.nation.tupi]
May 10, 2018 10:10:01 AM net.sf.freecol.server.networking.Server sendToAll
INFO: Reap dead connection: [DummyConnection Server connection - model.nation.arawak]
May 10, 2018 10:10:01 AM net.sf.freecol.server.networking.Server sendToAll
INFO: Reap dead connection: [DummyConnection Server connection - model.nation.aztec]
May 10, 2018 10:10:01 AM net.sf.freecol.server.networking.Server sendToAll
INFO: Reap dead connection: [DummyConnection Server connection - model.nation.iroquois]
May 10, 2018 10:10:01 AM net.sf.freecol.server.networking.Server sendToAll
INFO: Reap dead connection: [DummyConnection Server connection - model.nation.dutch]
May 10, 2018 10:10:01 AM net.sf.freecol.server.networking.Server sendToAll
INFO: Reap dead connection: [DummyConnection Server connection - model.nation.spanish]
May 10, 2018 10:10:01 AM net.sf.freecol.common.model.Specification applyDifficultyLevel
INFO: Applying difficulty level model.difficulty.medium
May 10, 2018 10:10:01 AM net.sf.freecol.common.FreeColSeed getFreeColSeed
INFO: Using seed: 7469340849495531709
May 10, 2018 10:10:01 AM net.sf.freecol.server.networking.Server sendToAll
INFO: Reap dead connection: [DummyConnection Server connection - model.nation.iroquois]
May 10, 2018 10:10:01 AM net.sf.freecol.server.networking.Server sendToAll
INFO: Reap dead connection: [DummyConnection Server connection - model.nation.cherokee]
May 10, 2018 10:10:01 AM net.sf.freecol.server.networking.Server sendToAll
INFO: Reap dead connection: [DummyConnection Server connection - model.nation.apache]
May 10, 2018 10:10:01 AM net.sf.freecol.server.networking.Server sendToAll
INFO: Reap dead connection: [DummyConnection Server connection - model.nation.aztec]
May 10, 2018 10:10:01 AM net.sf.freecol.server.networking.Server sendToAll
INFO: Reap dead connection: [DummyConnection Server connection - model.nation.spanish]
May 10, 2018 10:10:01 AM net.sf.freecol.server.networking.Server sendToAll
INFO: Reap dead connection: [DummyConnection Server connection - model.nation.dutch]
May 10, 2018 10:10:01 AM net.sf.freecol.server.networking.Server sendToAll
INFO: Reap dead connection: [DummyConnection Server connection - model.nation.sioux]
May 10, 2018 10:10:01 AM net.sf.freecol.server.networking.Server sendToAll
INFO: Reap dead connection: [DummyConnection Server connection - model.nation.tupi]
May 10, 2018 10:10:01 AM net.sf.freecol.server.networking.Server sendToAll
INFO: Reap dead connection: [DummyConnection Server connection - model.nation.english]
May 10, 2018 10:10:01 AM net.sf.freecol.server.networking.Server sendToAll
INFO: Reap dead connection: [DummyConnection Server connection - model.nation.french]
May 10, 2018 10:10:01 AM net.sf.freecol.server.networking.Server sendToAll
INFO: Reap dead connection: [DummyConnection Server connection - model.nation.arawak]
May 10, 2018 10:10:01 AM net.sf.freecol.server.networking.Server sendToAll
INFO: Reap dead connection: [DummyConnection Server connection - model.nation.inca]
May 10, 2018 10:10:01 AM net.sf.freecol.common.model.Specification applyDifficultyLevel
INFO: Applying difficulty level model.difficulty.medium
May 10, 2018 10:10:01 AM net.sf.freecol.common.FreeColSeed getFreeColSeed
INFO: Using seed: -6885816464397352647
May 10, 2018 10:10:01 AM net.sf.freecol.server.networking.Server sendToAll
INFO: Reap dead connection: [DummyConnection Server connection - model.nation.apache]
May 10, 2018 10:10:01 AM net.sf.freecol.server.networking.Server sendToAll
INFO: Reap dead connection: [DummyConnection Server connection - model.nation.cherokee]
May 10, 2018 10:10:01 AM net.sf.freecol.server.networking.Server sendToAll
INFO: Reap dead connection: [DummyConnection Server connection - model.nation.sioux]
May 10, 2018 10:10:01 AM net.sf.freecol.server.networking.Server sendToAll
INFO: Reap dead connection: [DummyConnection Server connection - model.nation.aztec]
May 10, 2018 10:10:01 AM net.sf.freecol.server.networking.Server sendToAll
INFO: Reap dead connection: [DummyConnection Server connection - model.nation.tupi]
May 10, 2018 10:10:01 AM net.sf.freecol.server.networking.Server sendToAll
INFO: Reap dead connection: [DummyConnection Server connection - model.nation.french]
May 10, 2018 10:10:01 AM net.sf.freecol.server.networking.Server sendToAll
INFO: Reap dead connection: [DummyConnection Server connection - model.nation.spanish]
May 10, 2018 10:10:01 AM net.sf.freecol.server.networking.Server sendToAll
INFO: Reap dead connection: [DummyConnection Server connection - model.nation.iroquois]
May 10, 2018 10:10:01 AM net.sf.freecol.server.networking.Server sendToAll
INFO: Reap dead connection: [DummyConnection Server connection - model.nation.dutch]
May 10, 2018 10:10:01 AM net.sf.freecol.server.networking.Server sendToAll
INFO: Reap dead connection: [DummyConnection Server connection - model.nation.english]
May 10, 2018 10:10:01 AM net.sf.freecol.server.networking.Server sendToAll
INFO: Reap dead connection: [DummyConnection Server connection - model.nation.inca]
May 10, 2018 10:10:01 AM net.sf.freecol.server.networking.Server sendToAll
INFO: Reap dead connection: [DummyConnection Server connection - model.nation.arawak]
May 10, 2018 10:10:01 AM net.sf.freecol.common.model.Unit setLocation
WARNING: Can not add [unit:249 dutch treasureTrain 1/1] to tile:629
May 10, 2018 10:10:01 AM net.sf.freecol.common.util.LogBuilder log
INFO: Destroying: unit:249
May 10, 2018 10:10:01 AM net.sf.freecol.common.model.Unit setLocation
WARNING: Can not add [unit:250 dutch treasureTrain 1/1] to tile:629
May 10, 2018 10:10:01 AM net.sf.freecol.common.model.Specification applyDifficultyLevel
INFO: Applying difficulty level model.difficulty.medium
May 10, 2018 10:10:01 AM net.sf.freecol.common.FreeColSeed getFreeColSeed
INFO: Using seed: -1160479784181440449
May 10, 2018 10:10:01 AM net.sf.freecol.server.networking.Server sendToAll
INFO: Reap dead connection: [DummyConnection Server connection - model.nation.french]
May 10, 2018 10:10:01 AM net.sf.freecol.server.networking.Server sendToAll
INFO: Reap dead connection: [DummyConnection Server connection - model.nation.aztec]
May 10, 2018 10:10:01 AM net.sf.freecol.server.networking.Server sendToAll
INFO: Reap dead connection: [DummyConnection Server connection - model.nation.sioux]
May 10, 2018 10:10:01 AM net.sf.freecol.server.networking.Server sendToAll
INFO: Reap dead connection: [DummyConnection Server connection - model.nation.iroquois]
May 10, 2018 10:10:01 AM net.sf.freecol.server.networking.Server sendToAll
INFO: Reap dead connection: [DummyConnection Server connection - model.nation.arawak]
May 10, 2018 10:10:01 AM net.sf.freecol.server.networking.Server sendToAll
INFO: Reap dead connection: [DummyConnection Server connection - model.nation.apache]
May 10, 2018 10:10:01 AM net.sf.freecol.server.networking.Server sendToAll
INFO: Reap dead connection: [DummyConnection Server connection - model.nation.inca]
May 10, 2018 10:10:01 AM net.sf.freecol.server.networking.Server sendToAll
INFO: Reap dead connection: [DummyConnection Server connection - model.nation.cherokee]
May 10, 2018 10:10:01 AM net.sf.freecol.server.networking.Server sendToAll
INFO: Reap dead connection: [DummyConnection Server connection - model.nation.dutch]
May 10, 2018 10:10:01 AM net.sf.freecol.server.networking.Server sendToAll
INFO: Reap dead connection: [DummyConnection Server connection - model.nation.tupi]
May 10, 2018 10:10:01 AM net.sf.freecol.server.networking.Server sendToAll
INFO: Reap dead connection: [DummyConnection Server connection - model.nation.english]
May 10, 2018 10:10:01 AM net.sf.freecol.server.networking.Server sendToAll
INFO: Reap dead connection: [DummyConnection Server connection - model.nation.spanish]
May 10, 2018 10:10:01 AM net.sf.freecol.common.model.Specification applyDifficultyLevel
INFO: Applying difficulty level model.difficulty.medium
May 10, 2018 10:10:01 AM net.sf.freecol.common.FreeColSeed getFreeColSeed
INFO: Using seed: 8009705481850741331
May 10, 2018 10:10:01 AM net.sf.freecol.server.networking.Server sendToAll
INFO: Reap dead connection: [DummyConnection Server connection - model.nation.english]
May 10, 2018 10:10:01 AM net.sf.freecol.server.networking.Server sendToAll
INFO: Reap dead connection: [DummyConnection Server connection - model.nation.inca]
May 10, 2018 10:10:01 AM net.sf.freecol.server.networking.Server sendToAll
INFO: Reap dead connection: [DummyConnection Server connection - model.nation.iroquois]
May 10, 2018 10:10:01 AM net.sf.freecol.server.networking.Server sendToAll
INFO: Reap dead connection: [DummyConnection Server connection - model.nation.sioux]
May 10, 2018 10:10:01 AM net.sf.freecol.server.networking.Server sendToAll
INFO: Reap dead connection: [DummyConnection Server connection - model.nation.apache]
May 10, 2018 10:10:01 AM net.sf.freecol.server.networking.Server sendToAll
INFO: Reap dead connection: [DummyConnection Server connection - model.nation.spanish]
May 10, 2018 10:10:01 AM net.sf.freecol.server.networking.Server sendToAll
INFO: Reap dead connection: [DummyConnection Server connection - model.nation.cherokee]
May 10, 2018 10:10:01 AM net.sf.freecol.server.networking.Server sendToAll
INFO: Reap dead connection: [DummyConnection Server connection - model.nation.tupi]
May 10, 2018 10:10:01 AM net.sf.freecol.server.networking.Server sendToAll
INFO: Reap dead connection: [DummyConnection Server connection - model.nation.dutch]
May 10, 2018 10:10:01 AM net.sf.freecol.server.networking.Server sendToAll
INFO: Reap dead connection: [DummyConnection Server connection - model.nation.arawak]
May 10, 2018 10:10:01 AM net.sf.freecol.server.networking.Server sendToAll
INFO: Reap dead connection: [DummyConnection Server connection - model.nation.aztec]
May 10, 2018 10:10:01 AM net.sf.freecol.server.networking.Server sendToAll
INFO: Reap dead connection: [DummyConnection Server connection - model.nation.french]
May 10, 2018 10:10:01 AM net.sf.freecol.common.model.Specification applyDifficultyLevel
INFO: Applying difficulty level model.difficulty.medium
May 10, 2018 10:10:01 AM net.sf.freecol.common.FreeColSeed getFreeColSeed
INFO: Using seed: 8071446925407785736
May 10, 2018 10:10:01 AM net.sf.freecol.server.networking.Server sendToAll
INFO: Reap dead connection: [DummyConnection Server connection - model.nation.sioux]
May 10, 2018 10:10:01 AM net.sf.freecol.server.networking.Server sendToAll
INFO: Reap dead connection: [DummyConnection Server connection - model.nation.dutch]
May 10, 2018 10:10:01 AM net.sf.freecol.server.networking.Server sendToAll
INFO: Reap dead connection: [DummyConnection Server connection - model.nation.french]
May 10, 2018 10:10:01 AM net.sf.freecol.server.networking.Server sendToAll
INFO: Reap dead connection: [DummyConnection Server connection - model.nation.english]
May 10, 2018 10:10:01 AM net.sf.freecol.server.networking.Server sendToAll
INFO: Reap dead connection: [DummyConnection Server connection - model.nation.cherokee]
May 10, 2018 10:10:01 AM net.sf.freecol.server.networking.Server sendToAll
INFO: Reap dead connection: [DummyConnection Server connection - model.nation.tupi]
May 10, 2018 10:10:01 AM net.sf.freecol.server.networking.Server sendToAll
INFO: Reap dead connection: [DummyConnection Server connection - model.nation.apache]
May 10, 2018 10:10:01 AM net.sf.freecol.server.networking.Server sendToAll
INFO: Reap dead connection: [DummyConnection Server connection - model.nation.inca]
May 10, 2018 10:10:01 AM net.sf.freecol.server.networking.Server sendToAll
INFO: Reap dead connection: [DummyConnection Server connection - model.nation.spanish]
May 10, 2018 10:10:01 AM net.sf.freecol.server.networking.Server sendToAll
INFO: Reap dead connection: [DummyConnection Server connection - model.nation.arawak]
May 10, 2018 10:10:01 AM net.sf.freecol.server.networking.Server sendToAll
INFO: Reap dead connection: [DummyConnection Server connection - model.nation.aztec]
May 10, 2018 10:10:01 AM net.sf.freecol.server.networking.Server sendToAll
INFO: Reap dead connection: [DummyConnection Server connection - model.nation.iroquois]
May 10, 2018 10:10:01 AM net.sf.freecol.server.model.ServerPlayer csChangeStance
INFO: Stance modification William I UNCONTACTED -> WAR wrt Louis XIV
May 10, 2018 10:10:01 AM net.sf.freecol.server.model.ServerPlayer csChangeStance
INFO: Stance modification Louis XIV UNCONTACTED -> WAR wrt William I (symmetric)
May 10, 2018 10:10:01 AM net.sf.freecol.common.util.LogBuilder log
INFO: Combat attacker=unit:247-freeColonist-soldier [Modifier model.modifier.offence (model.source.baseOffence) ADDITIVE 0.0 index=10] [Modifier model.modifier.offence (model.role.soldier) ADDITIVE 2.0 index=30] [Modifier model.modifier.attackBonus (model.source.attackBonus) PERCENTAGE 50.0 index=50] = 3.0 defender=unit:248-freeColonist-soldier [Modifier model.modifier.defence (model.source.baseDefence) ADDITIVE 1.0 index=10] [Modifier model.modifier.defence (model.role.soldier) ADDITIVE 1.0 index=30] = 2.0 odds=0.6 random(1.0)=0.6200000047683716 great=false Attack LOSE LOSE_EQUIP
May 10, 2018 10:10:01 AM net.sf.freecol.common.util.LogBuilder log
INFO: Combat attacker=unit:247-freeColonist [Modifier model.modifier.offence (model.source.baseOffence) ADDITIVE 0.0 index=10] [Modifier model.modifier.attackBonus (model.source.attackBonus) PERCENTAGE 50.0 index=50] = 0.0 defender=unit:248-freeColonist-soldier [Modifier model.modifier.defence (model.source.baseDefence) ADDITIVE 1.0 index=10] [Modifier model.modifier.defence (model.role.soldier) ADDITIVE 1.0 index=30] = 2.0 odds=0.0 random(1.0)=0.019999999552965164 great=false Attack LOSE CAPTURE_UNIT
May 10, 2018 10:10:01 AM net.sf.freecol.common.model.Specification applyDifficultyLevel
INFO: Applying difficulty level model.difficulty.medium
May 10, 2018 10:10:01 AM net.sf.freecol.common.FreeColSeed getFreeColSeed
INFO: Using seed: 3042866349476694697
May 10, 2018 10:10:01 AM net.sf.freecol.server.networking.Server sendToAll
INFO: Reap dead connection: [DummyConnection Server connection - model.nation.arawak]
May 10, 2018 10:10:01 AM net.sf.freecol.server.networking.Server sendToAll
INFO: Reap dead connection: [DummyConnection Server connection - model.nation.french]
May 10, 2018 10:10:01 AM net.sf.freecol.server.networking.Server sendToAll
INFO: Reap dead connection: [DummyConnection Server connection - model.nation.english]
May 10, 2018 10:10:01 AM net.sf.freecol.server.networking.Server sendToAll
INFO: Reap dead connection: [DummyConnection Server connection - model.nation.iroquois]
May 10, 2018 10:10:01 AM net.sf.freecol.server.networking.Server sendToAll
INFO: Reap dead connection: [DummyConnection Server connection - model.nation.aztec]
May 10, 2018 10:10:01 AM net.sf.freecol.server.networking.Server sendToAll
INFO: Reap dead connection: [DummyConnection Server connection - model.nation.dutch]
May 10, 2018 10:10:01 AM net.sf.freecol.server.networking.Server sendToAll
INFO: Reap dead connection: [DummyConnection Server connection - model.nation.inca]
May 10, 2018 10:10:01 AM net.sf.freecol.server.networking.Server sendToAll
INFO: Reap dead connection: [DummyConnection Server connection - model.nation.spanish]
May 10, 2018 10:10:01 AM net.sf.freecol.server.networking.Server sendToAll
INFO: Reap dead connection: [DummyConnection Server connection - model.nation.tupi]
May 10, 2018 10:10:01 AM net.sf.freecol.server.networking.Server sendToAll
INFO: Reap dead connection: [DummyConnection Server connection - model.nation.sioux]
May 10, 2018 10:10:01 AM net.sf.freecol.server.networking.Server sendToAll
INFO: Reap dead connection: [DummyConnection Server connection - model.nation.cherokee]
May 10, 2018 10:10:01 AM net.sf.freecol.server.networking.Server sendToAll
INFO: Reap dead connection: [DummyConnection Server connection - model.nation.apache]
May 10, 2018 10:10:01 AM net.sf.freecol.server.model.ServerPlayer csChangeStance
INFO: Stance modification Louis XIV UNCONTACTED -> WAR wrt William I
May 10, 2018 10:10:01 AM net.sf.freecol.server.model.ServerPlayer csChangeStance
INFO: Stance modification William I UNCONTACTED -> WAR wrt Louis XIV (symmetric)
May 10, 2018 10:10:01 AM net.sf.freecol.common.util.LogBuilder log
INFO: Combat attacker=unit:248-veteranSoldier-soldier [Modifier model.modifier.offence (model.source.baseOffence) ADDITIVE 0.0 index=10] [Modifier model.modifier.offence (model.role.soldier) ADDITIVE 2.0 index=30] [Modifier model.modifier.offence (model.unit.veteranSoldier) PERCENTAGE 50.0 index=40] [Modifier model.modifier.attackBonus (model.source.attackBonus) PERCENTAGE 50.0 index=50] = 4.5 defender=unit:247-colonialRegular-soldier [Modifier model.modifier.defence (model.source.baseDefence) ADDITIVE 1.0 index=10] [Modifier model.modifier.defence (model.unit.colonialRegular) ADDITIVE 3.0 index=20] [Modifier model.modifier.defence (model.role.soldier) ADDITIVE 1.0 index=30] = 5.0 odds=0.47368421052631576 random(1.0)=0.4536842107772827 great=false Attack WIN LOSE_EQUIP DEMOTE_UNIT
May 10, 2018 10:10:01 AM net.sf.freecol.common.util.LogBuilder log
INFO: Combat attacker=unit:248-veteranSoldier-soldier [Modifier model.modifier.offence (model.source.baseOffence) ADDITIVE 0.0 index=10] [Modifier model.modifier.offence (model.role.soldier) ADDITIVE 2.0 index=30] [Modifier model.modifier.offence (model.unit.veteranSoldier) PERCENTAGE 50.0 index=40] [Modifier model.modifier.attackBonus (model.source.attackBonus) PERCENTAGE 50.0 index=50] = 4.5 defender=unit:247-veteranSoldier [Modifier model.modifier.defence (model.source.baseDefence) ADDITIVE 1.0 index=10] [Modifier model.modifier.defence (model.unit.veteranSoldier) PERCENTAGE 50.0 index=40] = 1.5 odds=0.75 random(1.0)=0.7300000190734863 great=false Attack WIN CAPTURE_UNIT
May 10, 2018 10:10:01 AM net.sf.freecol.common.model.Specification applyDifficultyLevel
INFO: Applying difficulty level model.difficulty.medium
May 10, 2018 10:10:01 AM net.sf.freecol.common.FreeColSeed getFreeColSeed
INFO: Using seed: 7491799271069399774
May 10, 2018 10:10:01 AM net.sf.freecol.server.networking.Server sendToAll
INFO: Reap dead connection: [DummyConnection Server connection - model.nation.arawak]
May 10, 2018 10:10:01 AM net.sf.freecol.server.networking.Server sendToAll
INFO: Reap dead connection: [DummyConnection Server connection - model.nation.iroquois]
May 10, 2018 10:10:01 AM net.sf.freecol.server.networking.Server sendToAll
INFO: Reap dead connection: [DummyConnection Server connection - model.nation.sioux]
May 10, 2018 10:10:01 AM net.sf.freecol.server.networking.Server sendToAll
INFO: Reap dead connection: [DummyConnection Server connection - model.nation.dutch]
May 10, 2018 10:10:01 AM net.sf.freecol.server.networking.Server sendToAll
INFO: Reap dead connection: [DummyConnection Server connection - model.nation.english]
May 10, 2018 10:10:01 AM net.sf.freecol.server.networking.Server sendToAll
INFO: Reap dead connection: [DummyConnection Server connection - model.nation.french]
May 10, 2018 10:10:01 AM net.sf.freecol.server.networking.Server sendToAll
INFO: Reap dead connection: [DummyConnection Server connection - model.nation.inca]
May 10, 2018 10:10:01 AM net.sf.freecol.server.networking.Server sendToAll
INFO: Reap dead connection: [DummyConnection Server connection - model.nation.aztec]
May 10, 2018 10:10:01 AM net.sf.freecol.server.networking.Server sendToAll
INFO: Reap dead connection: [DummyConnection Server connection - model.nation.cherokee]
May 10, 2018 10:10:01 AM net.sf.freecol.server.networking.Server sendToAll
INFO: Reap dead connection: [DummyConnection Server connection - model.nation.spanish]
May 10, 2018 10:10:01 AM net.sf.freecol.server.networking.Server sendToAll
INFO: Reap dead connection: [DummyConnection Server connection - model.nation.tupi]
May 10, 2018 10:10:01 AM net.sf.freecol.server.networking.Server sendToAll
INFO: Reap dead connection: [DummyConnection Server connection - model.nation.apache]
May 10, 2018 10:10:01 AM net.sf.freecol.server.ai.AIUnit dispose
WARNING: Disposing of unit:271 but owner is null!
May 10, 2018 10:10:01 AM net.sf.freecol.server.ai.AIUnit dispose
WARNING: Disposing of unit:270 but owner is null!
May 10, 2018 10:10:01 AM net.sf.freecol.common.model.Specification applyDifficultyLevel
INFO: Applying difficulty level model.difficulty.medium
May 10, 2018 10:10:01 AM net.sf.freecol.common.FreeColSeed getFreeColSeed
INFO: Using seed: -808299025199287100
May 10, 2018 10:10:01 AM net.sf.freecol.server.networking.Server sendToAll
INFO: Reap dead connection: [DummyConnection Server connection - model.nation.inca]
May 10, 2018 10:10:01 AM net.sf.freecol.server.networking.Server sendToAll
INFO: Reap dead connection: [DummyConnection Server connection - model.nation.arawak]
May 10, 2018 10:10:01 AM net.sf.freecol.server.networking.Server sendToAll
INFO: Reap dead connection: [DummyConnection Server connection - model.nation.tupi]
May 10, 2018 10:10:01 AM net.sf.freecol.server.networking.Server sendToAll
INFO: Reap dead connection: [DummyConnection Server connection - model.nation.french]
May 10, 2018 10:10:01 AM net.sf.freecol.server.networking.Server sendToAll
INFO: Reap dead connection: [DummyConnection Server connection - model.nation.english]
May 10, 2018 10:10:01 AM net.sf.freecol.server.networking.Server sendToAll
INFO: Reap dead connection: [DummyConnection Server connection - model.nation.apache]
May 10, 2018 10:10:01 AM net.sf.freecol.server.networking.Server sendToAll
INFO: Reap dead connection: [DummyConnection Server connection - model.nation.cherokee]
May 10, 2018 10:10:01 AM net.sf.freecol.server.networking.Server sendToAll
INFO: Reap dead connection: [DummyConnection Server connection - model.nation.dutch]
May 10, 2018 10:10:01 AM net.sf.freecol.server.networking.Server sendToAll
INFO: Reap dead connection: [DummyConnection Server connection - model.nation.aztec]
May 10, 2018 10:10:01 AM net.sf.freecol.server.networking.Server sendToAll
INFO: Reap dead connection: [DummyConnection Server connection - model.nation.sioux]
May 10, 2018 10:10:01 AM net.sf.freecol.server.networking.Server sendToAll
INFO: Reap dead connection: [DummyConnection Server connection - model.nation.iroquois]
May 10, 2018 10:10:01 AM net.sf.freecol.server.networking.Server sendToAll
INFO: Reap dead connection: [DummyConnection Server connection - model.nation.spanish]
May 10, 2018 10:10:01 AM net.sf.freecol.server.model.ServerPlayer csChangeStance
INFO: Stance modification William I UNCONTACTED -> PEACE wrt Guaira
May 10, 2018 10:10:01 AM net.sf.freecol.server.model.ServerPlayer csChangeStance
INFO: Stance modification Guaira UNCONTACTED -> PEACE wrt William I (symmetric)
May 10, 2018 10:10:01 AM net.sf.freecol.common.util.LogBuilder log
INFO: Destroying: unit:253
May 10, 2018 10:10:01 AM net.sf.freecol.server.model.ServerPlayer csChangeStance
INFO: Stance modification Louis XIV UNCONTACTED -> PEACE wrt Guaira
May 10, 2018 10:10:01 AM net.sf.freecol.server.model.ServerPlayer csChangeStance
INFO: Stance modification Guaira UNCONTACTED -> PEACE wrt Louis XIV (symmetric)
May 10, 2018 10:10:01 AM net.sf.freecol.common.model.Specification applyDifficultyLevel
INFO: Applying difficulty level model.difficulty.medium
May 10, 2018 10:10:01 AM net.sf.freecol.common.FreeColSeed getFreeColSeed
INFO: Using seed: -2710382973775464389
May 10, 2018 10:10:01 AM net.sf.freecol.server.networking.Server sendToAll
INFO: Reap dead connection: [DummyConnection Server connection - model.nation.english]
May 10, 2018 10:10:01 AM net.sf.freecol.server.networking.Server sendToAll
INFO: Reap dead connection: [DummyConnection Server connection - model.nation.apache]
May 10, 2018 10:10:01 AM net.sf.freecol.server.networking.Server sendToAll
INFO: Reap dead connection: [DummyConnection Server connection - model.nation.sioux]
May 10, 2018 10:10:01 AM net.sf.freecol.server.networking.Server sendToAll
INFO: Reap dead connection: [DummyConnection Server connection - model.nation.arawak]
May 10, 2018 10:10:01 AM net.sf.freecol.server.networking.Server sendToAll
INFO: Reap dead connection: [DummyConnection Server connection - model.nation.iroquois]
May 10, 2018 10:10:01 AM net.sf.freecol.server.networking.Server sendToAll
INFO: Reap dead connection: [DummyConnection Server connection - model.nation.dutch]
May 10, 2018 10:10:01 AM net.sf.freecol.server.networking.Server sendToAll
INFO: Reap dead connection: [DummyConnection Server connection - model.nation.inca]
May 10, 2018 10:10:01 AM net.sf.freecol.server.networking.Server sendToAll
INFO: Reap dead connection: [DummyConnection Server connection - model.nation.spanish]
May 10, 2018 10:10:01 AM net.sf.freecol.server.networking.Server sendToAll
INFO: Reap dead connection: [DummyConnection Server connection - model.nation.french]
May 10, 2018 10:10:01 AM net.sf.freecol.server.networking.Server sendToAll
INFO: Reap dead connection: [DummyConnection Server connection - model.nation.aztec]
May 10, 2018 10:10:01 AM net.sf.freecol.server.networking.Server sendToAll
INFO: Reap dead connection: [DummyConnection Server connection - model.nation.cherokee]
May 10, 2018 10:10:01 AM net.sf.freecol.server.networking.Server sendToAll
INFO: Reap dead connection: [DummyConnection Server connection - model.nation.tupi]
May 10, 2018 10:10:01 AM net.sf.freecol.common.model.Specification applyDifficultyLevel
INFO: Applying difficulty level model.difficulty.medium
May 10, 2018 10:10:01 AM net.sf.freecol.common.FreeColSeed getFreeColSeed
INFO: Using seed: 3039118533125241057
May 10, 2018 10:10:01 AM net.sf.freecol.server.networking.Server sendToAll
INFO: Reap dead connection: [DummyConnection Server connection - model.nation.tupi]
May 10, 2018 10:10:01 AM net.sf.freecol.server.networking.Server sendToAll
INFO: Reap dead connection: [DummyConnection Server connection - model.nation.aztec]
May 10, 2018 10:10:01 AM net.sf.freecol.server.networking.Server sendToAll
INFO: Reap dead connection: [DummyConnection Server connection - model.nation.french]
May 10, 2018 10:10:01 AM net.sf.freecol.server.networking.Server sendToAll
INFO: Reap dead connection: [DummyConnection Server connection - model.nation.english]
May 10, 2018 10:10:01 AM net.sf.freecol.server.networking.Server sendToAll
INFO: Reap dead connection: [DummyConnection Server connection - model.nation.sioux]
May 10, 2018 10:10:01 AM net.sf.freecol.server.networking.Server sendToAll
INFO: Reap dead connection: [DummyConnection Server connection - model.nation.spanish]
May 10, 2018 10:10:01 AM net.sf.freecol.server.networking.Server sendToAll
INFO: Reap dead connection: [DummyConnection Server connection - model.nation.iroquois]
May 10, 2018 10:10:01 AM net.sf.freecol.server.networking.Server sendToAll
INFO: Reap dead connection: [DummyConnection Server connection - model.nation.apache]
May 10, 2018 10:10:01 AM net.sf.freecol.server.networking.Server sendToAll
INFO: Reap dead connection: [DummyConnection Server connection - model.nation.inca]
May 10, 2018 10:10:01 AM net.sf.freecol.server.networking.Server sendToAll
INFO: Reap dead connection: [DummyConnection Server connection - model.nation.cherokee]
May 10, 2018 10:10:01 AM net.sf.freecol.server.networking.Server sendToAll
INFO: Reap dead connection: [DummyConnection Server connection - model.nation.dutch]
May 10, 2018 10:10:01 AM net.sf.freecol.server.networking.Server sendToAll
INFO: Reap dead connection: [DummyConnection Server connection - model.nation.arawak]
May 10, 2018 10:10:01 AM net.sf.freecol.common.model.Specification applyDifficultyLevel
INFO: Applying difficulty level model.difficulty.medium
May 10, 2018 10:10:01 AM net.sf.freecol.common.FreeColSeed getFreeColSeed
INFO: Using seed: -8192463258719820787
May 10, 2018 10:10:01 AM net.sf.freecol.server.networking.Server sendToAll
INFO: Reap dead connection: [DummyConnection Server connection - model.nation.tupi]
May 10, 2018 10:10:01 AM net.sf.freecol.server.networking.Server sendToAll
INFO: Reap dead connection: [DummyConnection Server connection - model.nation.apache]
May 10, 2018 10:10:01 AM net.sf.freecol.server.networking.Server sendToAll
INFO: Reap dead connection: [DummyConnection Server connection - model.nation.iroquois]
May 10, 2018 10:10:01 AM net.sf.freecol.server.networking.Server sendToAll
INFO: Reap dead connection: [DummyConnection Server connection - model.nation.aztec]
May 10, 2018 10:10:01 AM net.sf.freecol.server.networking.Server sendToAll
INFO: Reap dead connection: [DummyConnection Server connection - model.nation.arawak]
May 10, 2018 10:10:01 AM net.sf.freecol.server.networking.Server sendToAll
INFO: Reap dead connection: [DummyConnection Server connection - model.nation.inca]
May 10, 2018 10:10:01 AM net.sf.freecol.server.networking.Server sendToAll
INFO: Reap dead connection: [DummyConnection Server connection - model.nation.french]
May 10, 2018 10:10:01 AM net.sf.freecol.server.networking.Server sendToAll
INFO: Reap dead connection: [DummyConnection Server connection - model.nation.english]
May 10, 2018 10:10:01 AM net.sf.freecol.server.networking.Server sendToAll
INFO: Reap dead connection: [DummyConnection Server connection - model.nation.sioux]
May 10, 2018 10:10:01 AM net.sf.freecol.server.networking.Server sendToAll
INFO: Reap dead connection: [DummyConnection Server connection - model.nation.spanish]
May 10, 2018 10:10:01 AM net.sf.freecol.server.networking.Server sendToAll
INFO: Reap dead connection: [DummyConnection Server connection - model.nation.cherokee]
May 10, 2018 10:10:01 AM net.sf.freecol.server.networking.Server sendToAll
INFO: Reap dead connection: [DummyConnection Server connection - model.nation.dutch]
May 10, 2018 10:10:01 AM net.sf.freecol.common.model.Specification applyDifficultyLevel
INFO: Applying difficulty level model.difficulty.medium
May 10, 2018 10:10:01 AM net.sf.freecol.common.FreeColSeed getFreeColSeed
INFO: Using seed: 2475530317617152356
May 10, 2018 10:10:02 AM net.sf.freecol.server.networking.Server sendToAll
INFO: Reap dead connection: [DummyConnection Server connection - model.nation.english]
May 10, 2018 10:10:02 AM net.sf.freecol.server.networking.Server sendToAll
INFO: Reap dead connection: [DummyConnection Server connection - model.nation.iroquois]
May 10, 2018 10:10:02 AM net.sf.freecol.server.networking.Server sendToAll
INFO: Reap dead connection: [DummyConnection Server connection - model.nation.spanish]
May 10, 2018 10:10:02 AM net.sf.freecol.server.networking.Server sendToAll
INFO: Reap dead connection: [DummyConnection Server connection - model.nation.aztec]
May 10, 2018 10:10:02 AM net.sf.freecol.server.networking.Server sendToAll
INFO: Reap dead connection: [DummyConnection Server connection - model.nation.dutch]
May 10, 2018 10:10:02 AM net.sf.freecol.server.networking.Server sendToAll
INFO: Reap dead connection: [DummyConnection Server connection - model.nation.tupi]
May 10, 2018 10:10:02 AM net.sf.freecol.server.networking.Server sendToAll
INFO: Reap dead connection: [DummyConnection Server connection - model.nation.french]
May 10, 2018 10:10:02 AM net.sf.freecol.server.networking.Server sendToAll
INFO: Reap dead connection: [DummyConnection Server connection - model.nation.apache]
May 10, 2018 10:10:02 AM net.sf.freecol.server.networking.Server sendToAll
INFO: Reap dead connection: [DummyConnection Server connection - model.nation.cherokee]
May 10, 2018 10:10:02 AM net.sf.freecol.server.networking.Server sendToAll
INFO: Reap dead connection: [DummyConnection Server connection - model.nation.inca]
May 10, 2018 10:10:02 AM net.sf.freecol.server.networking.Server sendToAll
INFO: Reap dead connection: [DummyConnection Server connection - model.nation.sioux]
May 10, 2018 10:10:02 AM net.sf.freecol.server.networking.Server sendToAll
INFO: Reap dead connection: [DummyConnection Server connection - model.nation.arawak]
May 10, 2018 10:10:02 AM net.sf.freecol.common.model.Specification applyDifficultyLevel
INFO: Applying difficulty level model.difficulty.medium
May 10, 2018 10:10:02 AM net.sf.freecol.common.FreeColSeed getFreeColSeed
INFO: Using seed: 3823933095622417004
May 10, 2018 10:10:02 AM net.sf.freecol.server.networking.Server sendToAll
INFO: Reap dead connection: [DummyConnection Server connection - model.nation.aztec]
May 10, 2018 10:10:02 AM net.sf.freecol.server.networking.Server sendToAll
INFO: Reap dead connection: [DummyConnection Server connection - model.nation.spanish]
May 10, 2018 10:10:02 AM net.sf.freecol.server.networking.Server sendToAll
INFO: Reap dead connection: [DummyConnection Server connection - model.nation.iroquois]
May 10, 2018 10:10:02 AM net.sf.freecol.server.networking.Server sendToAll
INFO: Reap dead connection: [DummyConnection Server connection - model.nation.sioux]
May 10, 2018 10:10:02 AM net.sf.freecol.server.networking.Server sendToAll
INFO: Reap dead connection: [DummyConnection Server connection - model.nation.apache]
May 10, 2018 10:10:02 AM net.sf.freecol.server.networking.Server sendToAll
INFO: Reap dead connection: [DummyConnection Server connection - model.nation.inca]
May 10, 2018 10:10:02 AM net.sf.freecol.server.networking.Server sendToAll
INFO: Reap dead connection: [DummyConnection Server connection - model.nation.tupi]
May 10, 2018 10:10:02 AM net.sf.freecol.server.networking.Server sendToAll
INFO: Reap dead connection: [DummyConnection Server connection - model.nation.french]
May 10, 2018 10:10:02 AM net.sf.freecol.server.networking.Server sendToAll
INFO: Reap dead connection: [DummyConnection Server connection - model.nation.arawak]
May 10, 2018 10:10:02 AM net.sf.freecol.server.networking.Server sendToAll
INFO: Reap dead connection: [DummyConnection Server connection - model.nation.english]
May 10, 2018 10:10:02 AM net.sf.freecol.server.networking.Server sendToAll
INFO: Reap dead connection: [DummyConnection Server connection - model.nation.dutch]
May 10, 2018 10:10:02 AM net.sf.freecol.server.networking.Server sendToAll
INFO: Reap dead connection: [DummyConnection Server connection - model.nation.cherokee]
May 10, 2018 10:10:02 AM net.sf.freecol.common.model.Specification applyDifficultyLevel
INFO: Applying difficulty level model.difficulty.medium
May 10, 2018 10:10:02 AM net.sf.freecol.common.FreeColSeed getFreeColSeed
INFO: Using seed: -909077472142927756
May 10, 2018 10:10:02 AM net.sf.freecol.server.networking.Server sendToAll
INFO: Reap dead connection: [DummyConnection Server connection - model.nation.sioux]
May 10, 2018 10:10:02 AM net.sf.freecol.server.networking.Server sendToAll
INFO: Reap dead connection: [DummyConnection Server connection - model.nation.arawak]
May 10, 2018 10:10:02 AM net.sf.freecol.server.networking.Server sendToAll
INFO: Reap dead connection: [DummyConnection Server connection - model.nation.inca]
May 10, 2018 10:10:02 AM net.sf.freecol.server.networking.Server sendToAll
INFO: Reap dead connection: [DummyConnection Server connection - model.nation.iroquois]
May 10, 2018 10:10:02 AM net.sf.freecol.server.networking.Server sendToAll
INFO: Reap dead connection: [DummyConnection Server connection - model.nation.english]
May 10, 2018 10:10:02 AM net.sf.freecol.server.networking.Server sendToAll
INFO: Reap dead connection: [DummyConnection Server connection - model.nation.tupi]
May 10, 2018 10:10:02 AM net.sf.freecol.server.networking.Server sendToAll
INFO: Reap dead connection: [DummyConnection Server connection - model.nation.dutch]
May 10, 2018 10:10:02 AM net.sf.freecol.server.networking.Server sendToAll
INFO: Reap dead connection: [DummyConnection Server connection - model.nation.spanish]
May 10, 2018 10:10:02 AM net.sf.freecol.server.networking.Server sendToAll
INFO: Reap dead connection: [DummyConnection Server connection - model.nation.french]
May 10, 2018 10:10:02 AM net.sf.freecol.server.networking.Server sendToAll
INFO: Reap dead connection: [DummyConnection Server connection - model.nation.aztec]
May 10, 2018 10:10:02 AM net.sf.freecol.server.networking.Server sendToAll
INFO: Reap dead connection: [DummyConnection Server connection - model.nation.apache]
May 10, 2018 10:10:02 AM net.sf.freecol.server.networking.Server sendToAll
INFO: Reap dead connection: [DummyConnection Server connection - model.nation.cherokee]
May 10, 2018 10:10:02 AM net.sf.freecol.common.model.Specification applyDifficultyLevel
INFO: Applying difficulty level model.difficulty.medium
May 10, 2018 10:10:02 AM net.sf.freecol.common.FreeColSeed getFreeColSeed
INFO: Using seed: 8652750061894835420
May 10, 2018 10:10:02 AM net.sf.freecol.server.networking.Server sendToAll
INFO: Reap dead connection: [DummyConnection Server connection - model.nation.tupi]
May 10, 2018 10:10:02 AM net.sf.freecol.server.networking.Server sendToAll
INFO: Reap dead connection: [DummyConnection Server connection - model.nation.aztec]
May 10, 2018 10:10:02 AM net.sf.freecol.server.networking.Server sendToAll
INFO: Reap dead connection: [DummyConnection Server connection - model.nation.english]
May 10, 2018 10:10:02 AM net.sf.freecol.server.networking.Server sendToAll
INFO: Reap dead connection: [DummyConnection Server connection - model.nation.arawak]
May 10, 2018 10:10:02 AM net.sf.freecol.server.networking.Server sendToAll
INFO: Reap dead connection: [DummyConnection Server connection - model.nation.apache]
May 10, 2018 10:10:02 AM net.sf.freecol.server.networking.Server sendToAll
INFO: Reap dead connection: [DummyConnection Server connection - model.nation.inca]
May 10, 2018 10:10:02 AM net.sf.freecol.server.networking.Server sendToAll
INFO: Reap dead connection: [DummyConnection Server connection - model.nation.french]
May 10, 2018 10:10:02 AM net.sf.freecol.server.networking.Server sendToAll
INFO: Reap dead connection: [DummyConnection Server connection - model.nation.iroquois]
May 10, 2018 10:10:02 AM net.sf.freecol.server.networking.Server sendToAll
INFO: Reap dead connection: [DummyConnection Server connection - model.nation.dutch]
May 10, 2018 10:10:02 AM net.sf.freecol.server.networking.Server sendToAll
INFO: Reap dead connection: [DummyConnection Server connection - model.nation.sioux]
May 10, 2018 10:10:02 AM net.sf.freecol.server.networking.Server sendToAll
INFO: Reap dead connection: [DummyConnection Server connection - model.nation.spanish]
May 10, 2018 10:10:02 AM net.sf.freecol.server.networking.Server sendToAll
INFO: Reap dead connection: [DummyConnection Server connection - model.nation.cherokee]
May 10, 2018 10:10:02 AM net.sf.freecol.common.model.Specification applyDifficultyLevel
INFO: Applying difficulty level model.difficulty.medium
May 10, 2018 10:10:02 AM net.sf.freecol.common.FreeColSeed getFreeColSeed
INFO: Using seed: 6597783360292407636
May 10, 2018 10:10:02 AM net.sf.freecol.server.networking.Server sendToAll
INFO: Reap dead connection: [DummyConnection Server connection - model.nation.apache]
May 10, 2018 10:10:02 AM net.sf.freecol.server.networking.Server sendToAll
INFO: Reap dead connection: [DummyConnection Server connection - model.nation.inca]
May 10, 2018 10:10:02 AM net.sf.freecol.server.networking.Server sendToAll
INFO: Reap dead connection: [DummyConnection Server connection - model.nation.aztec]
May 10, 2018 10:10:02 AM net.sf.freecol.server.networking.Server sendToAll
INFO: Reap dead connection: [DummyConnection Server connection - model.nation.iroquois]
May 10, 2018 10:10:02 AM net.sf.freecol.server.networking.Server sendToAll
INFO: Reap dead connection: [DummyConnection Server connection - model.nation.sioux]
May 10, 2018 10:10:02 AM net.sf.freecol.server.networking.Server sendToAll
INFO: Reap dead connection: [DummyConnection Server connection - model.nation.spanish]
May 10, 2018 10:10:02 AM net.sf.freecol.server.networking.Server sendToAll
INFO: Reap dead connection: [DummyConnection Server connection - model.nation.english]
May 10, 2018 10:10:02 AM net.sf.freecol.server.networking.Server sendToAll
INFO: Reap dead connection: [DummyConnection Server connection - model.nation.arawak]
May 10, 2018 10:10:02 AM net.sf.freecol.server.networking.Server sendToAll
INFO: Reap dead connection: [DummyConnection Server connection - model.nation.cherokee]
May 10, 2018 10:10:02 AM net.sf.freecol.server.networking.Server sendToAll
INFO: Reap dead connection: [DummyConnection Server connection - model.nation.french]
May 10, 2018 10:10:02 AM net.sf.freecol.server.networking.Server sendToAll
INFO: Reap dead connection: [DummyConnection Server connection - model.nation.tupi]
May 10, 2018 10:10:02 AM net.sf.freecol.server.networking.Server sendToAll
INFO: Reap dead connection: [DummyConnection Server connection - model.nation.dutch]
May 10, 2018 10:10:02 AM net.sf.freecol.common.model.Specification applyDifficultyLevel
INFO: Applying difficulty level model.difficulty.medium
May 10, 2018 10:10:02 AM net.sf.freecol.common.FreeColSeed getFreeColSeed
INFO: Using seed: 2166659710447999442
May 10, 2018 10:10:02 AM net.sf.freecol.server.networking.Server sendToAll
INFO: Reap dead connection: [DummyConnection Server connection - model.nation.sioux]
May 10, 2018 10:10:02 AM net.sf.freecol.server.networking.Server sendToAll
INFO: Reap dead connection: [DummyConnection Server connection - model.nation.apache]
May 10, 2018 10:10:02 AM net.sf.freecol.server.networking.Server sendToAll
INFO: Reap dead connection: [DummyConnection Server connection - model.nation.aztec]
May 10, 2018 10:10:02 AM net.sf.freecol.server.networking.Server sendToAll
INFO: Reap dead connection: [DummyConnection Server connection - model.nation.inca]
May 10, 2018 10:10:02 AM net.sf.freecol.server.networking.Server sendToAll
INFO: Reap dead connection: [DummyConnection Server connection - model.nation.tupi]
May 10, 2018 10:10:02 AM net.sf.freecol.server.networking.Server sendToAll
INFO: Reap dead connection: [DummyConnection Server connection - model.nation.dutch]
May 10, 2018 10:10:02 AM net.sf.freecol.server.networking.Server sendToAll
INFO: Reap dead connection: [DummyConnection Server connection - model.nation.arawak]
May 10, 2018 10:10:02 AM net.sf.freecol.server.networking.Server sendToAll
INFO: Reap dead connection: [DummyConnection Server connection - model.nation.english]
May 10, 2018 10:10:02 AM net.sf.freecol.server.networking.Server sendToAll
INFO: Reap dead connection: [DummyConnection Server connection - model.nation.french]
May 10, 2018 10:10:02 AM net.sf.freecol.server.networking.Server sendToAll
INFO: Reap dead connection: [DummyConnection Server connection - model.nation.cherokee]
May 10, 2018 10:10:02 AM net.sf.freecol.server.networking.Server sendToAll
INFO: Reap dead connection: [DummyConnection Server connection - model.nation.iroquois]
May 10, 2018 10:10:02 AM net.sf.freecol.server.networking.Server sendToAll
INFO: Reap dead connection: [DummyConnection Server connection - model.nation.spanish]
May 10, 2018 10:10:02 AM net.sf.freecol.common.model.Specification applyDifficultyLevel
INFO: Applying difficulty level model.difficulty.medium
May 10, 2018 10:10:02 AM net.sf.freecol.common.FreeColSeed getFreeColSeed
INFO: Using seed: -5883247259884920791
May 10, 2018 10:10:02 AM net.sf.freecol.server.networking.Server sendToAll
INFO: Reap dead connection: [DummyConnection Server connection - model.nation.apache]
May 10, 2018 10:10:02 AM net.sf.freecol.server.networking.Server sendToAll
INFO: Reap dead connection: [DummyConnection Server connection - model.nation.tupi]
May 10, 2018 10:10:02 AM net.sf.freecol.server.networking.Server sendToAll
INFO: Reap dead connection: [DummyConnection Server connection - model.nation.inca]
May 10, 2018 10:10:02 AM net.sf.freecol.server.networking.Server sendToAll
INFO: Reap dead connection: [DummyConnection Server connection - model.nation.cherokee]
May 10, 2018 10:10:02 AM net.sf.freecol.server.networking.Server sendToAll
INFO: Reap dead connection: [DummyConnection Server connection - model.nation.iroquois]
May 10, 2018 10:10:02 AM net.sf.freecol.server.networking.Server sendToAll
INFO: Reap dead connection: [DummyConnection Server connection - model.nation.english]
May 10, 2018 10:10:02 AM net.sf.freecol.server.networking.Server sendToAll
INFO: Reap dead connection: [DummyConnection Server connection - model.nation.aztec]
May 10, 2018 10:10:02 AM net.sf.freecol.server.networking.Server sendToAll
INFO: Reap dead connection: [DummyConnection Server connection - model.nation.arawak]
May 10, 2018 10:10:02 AM net.sf.freecol.server.networking.Server sendToAll
INFO: Reap dead connection: [DummyConnection Server connection - model.nation.sioux]
May 10, 2018 10:10:02 AM net.sf.freecol.server.networking.Server sendToAll
INFO: Reap dead connection: [DummyConnection Server connection - model.nation.dutch]
May 10, 2018 10:10:02 AM net.sf.freecol.server.networking.Server sendToAll
INFO: Reap dead connection: [DummyConnection Server connection - model.nation.spanish]
May 10, 2018 10:10:02 AM net.sf.freecol.server.networking.Server sendToAll
INFO: Reap dead connection: [DummyConnection Server connection - model.nation.french]
May 10, 2018 10:10:02 AM net.sf.freecol.common.model.Specification applyDifficultyLevel
INFO: Applying difficulty level model.difficulty.medium
May 10, 2018 10:10:02 AM net.sf.freecol.common.FreeColSeed getFreeColSeed
INFO: Using seed: 4661612316230377523
May 10, 2018 10:10:02 AM net.sf.freecol.server.networking.Server sendToAll
INFO: Reap dead connection: [DummyConnection Server connection - model.nation.dutch]
May 10, 2018 10:10:02 AM net.sf.freecol.server.networking.Server sendToAll
INFO: Reap dead connection: [DummyConnection Server connection - model.nation.aztec]
May 10, 2018 10:10:02 AM net.sf.freecol.server.networking.Server sendToAll
INFO: Reap dead connection: [DummyConnection Server connection - model.nation.tupi]
May 10, 2018 10:10:02 AM net.sf.freecol.server.networking.Server sendToAll
INFO: Reap dead connection: [DummyConnection Server connection - model.nation.french]
May 10, 2018 10:10:02 AM net.sf.freecol.server.networking.Server sendToAll
INFO: Reap dead connection: [DummyConnection Server connection - model.nation.apache]
May 10, 2018 10:10:02 AM net.sf.freecol.server.networking.Server sendToAll
INFO: Reap dead connection: [DummyConnection Server connection - model.nation.english]
May 10, 2018 10:10:02 AM net.sf.freecol.server.networking.Server sendToAll
INFO: Reap dead connection: [DummyConnection Server connection - model.nation.sioux]
May 10, 2018 10:10:02 AM net.sf.freecol.server.networking.Server sendToAll
INFO: Reap dead connection: [DummyConnection Server connection - model.nation.spanish]
May 10, 2018 10:10:02 AM net.sf.freecol.server.networking.Server sendToAll
INFO: Reap dead connection: [DummyConnection Server connection - model.nation.cherokee]
May 10, 2018 10:10:02 AM net.sf.freecol.server.networking.Server sendToAll
INFO: Reap dead connection: [DummyConnection Server connection - model.nation.iroquois]
May 10, 2018 10:10:02 AM net.sf.freecol.server.networking.Server sendToAll
INFO: Reap dead connection: [DummyConnection Server connection - model.nation.arawak]
May 10, 2018 10:10:02 AM net.sf.freecol.server.networking.Server sendToAll
INFO: Reap dead connection: [DummyConnection Server connection - model.nation.inca]
May 10, 2018 10:10:02 AM net.sf.freecol.common.model.Specification applyDifficultyLevel
INFO: Applying difficulty level model.difficulty.medium
May 10, 2018 10:10:02 AM net.sf.freecol.common.FreeColSeed getFreeColSeed
INFO: Using seed: -214987990927228067
May 10, 2018 10:10:02 AM net.sf.freecol.server.networking.Server sendToAll
INFO: Reap dead connection: [DummyConnection Server connection - model.nation.french]
May 10, 2018 10:10:02 AM net.sf.freecol.server.networking.Server sendToAll
INFO: Reap dead connection: [DummyConnection Server connection - model.nation.arawak]
May 10, 2018 10:10:02 AM net.sf.freecol.server.networking.Server sendToAll
INFO: Reap dead connection: [DummyConnection Server connection - model.nation.sioux]
May 10, 2018 10:10:02 AM net.sf.freecol.server.networking.Server sendToAll
INFO: Reap dead connection: [DummyConnection Server connection - model.nation.iroquois]
May 10, 2018 10:10:02 AM net.sf.freecol.server.networking.Server sendToAll
INFO: Reap dead connection: [DummyConnection Server connection - model.nation.dutch]
May 10, 2018 10:10:02 AM net.sf.freecol.server.networking.Server sendToAll
INFO: Reap dead connection: [DummyConnection Server connection - model.nation.spanish]
May 10, 2018 10:10:02 AM net.sf.freecol.server.networking.Server sendToAll
INFO: Reap dead connection: [DummyConnection Server connection - model.nation.tupi]
May 10, 2018 10:10:02 AM net.sf.freecol.server.networking.Server sendToAll
INFO: Reap dead connection: [DummyConnection Server connection - model.nation.english]
May 10, 2018 10:10:02 AM net.sf.freecol.server.networking.Server sendToAll
INFO: Reap dead connection: [DummyConnection Server connection - model.nation.inca]
May 10, 2018 10:10:02 AM net.sf.freecol.server.networking.Server sendToAll
INFO: Reap dead connection: [DummyConnection Server connection - model.nation.apache]
May 10, 2018 10:10:02 AM net.sf.freecol.server.networking.Server sendToAll
INFO: Reap dead connection: [DummyConnection Server connection - model.nation.aztec]
May 10, 2018 10:10:02 AM net.sf.freecol.server.networking.Server sendToAll
INFO: Reap dead connection: [DummyConnection Server connection - model.nation.cherokee]
May 10, 2018 10:10:02 AM net.sf.freecol.common.model.Specification applyDifficultyLevel
INFO: Applying difficulty level model.difficulty.medium
May 10, 2018 10:10:02 AM net.sf.freecol.common.FreeColSeed getFreeColSeed
INFO: Using seed: -7022083644757047700
May 10, 2018 10:10:02 AM net.sf.freecol.server.networking.Server sendToAll
INFO: Reap dead connection: [DummyConnection Server connection - model.nation.sioux]
May 10, 2018 10:10:02 AM net.sf.freecol.server.networking.Server sendToAll
INFO: Reap dead connection: [DummyConnection Server connection - model.nation.iroquois]
May 10, 2018 10:10:02 AM net.sf.freecol.server.networking.Server sendToAll
INFO: Reap dead connection: [DummyConnection Server connection - model.nation.dutch]
May 10, 2018 10:10:02 AM net.sf.freecol.server.networking.Server sendToAll
INFO: Reap dead connection: [DummyConnection Server connection - model.nation.french]
May 10, 2018 10:10:02 AM net.sf.freecol.server.networking.Server sendToAll
INFO: Reap dead connection: [DummyConnection Server connection - model.nation.english]
May 10, 2018 10:10:02 AM net.sf.freecol.server.networking.Server sendToAll
INFO: Reap dead connection: [DummyConnection Server connection - model.nation.inca]
May 10, 2018 10:10:02 AM net.sf.freecol.server.networking.Server sendToAll
INFO: Reap dead connection: [DummyConnection Server connection - model.nation.tupi]
May 10, 2018 10:10:02 AM net.sf.freecol.server.networking.Server sendToAll
INFO: Reap dead connection: [DummyConnection Server connection - model.nation.spanish]
May 10, 2018 10:10:02 AM net.sf.freecol.server.networking.Server sendToAll
INFO: Reap dead connection: [DummyConnection Server connection - model.nation.apache]
May 10, 2018 10:10:02 AM net.sf.freecol.server.networking.Server sendToAll
INFO: Reap dead connection: [DummyConnection Server connection - model.nation.aztec]
May 10, 2018 10:10:02 AM net.sf.freecol.server.networking.Server sendToAll
INFO: Reap dead connection: [DummyConnection Server connection - model.nation.arawak]
May 10, 2018 10:10:02 AM net.sf.freecol.server.networking.Server sendToAll
INFO: Reap dead connection: [DummyConnection Server connection - model.nation.cherokee]
May 10, 2018 10:10:02 AM net.sf.freecol.common.model.Specification applyDifficultyLevel
INFO: Applying difficulty level model.difficulty.medium
May 10, 2018 10:10:02 AM net.sf.freecol.common.FreeColSeed getFreeColSeed
INFO: Using seed: -1944732265483114515
May 10, 2018 10:10:02 AM net.sf.freecol.server.networking.Server sendToAll
INFO: Reap dead connection: [DummyConnection Server connection - model.nation.tupi]
May 10, 2018 10:10:02 AM net.sf.freecol.server.networking.Server sendToAll
INFO: Reap dead connection: [DummyConnection Server connection - model.nation.sioux]
May 10, 2018 10:10:02 AM net.sf.freecol.server.networking.Server sendToAll
INFO: Reap dead connection: [DummyConnection Server connection - model.nation.arawak]
May 10, 2018 10:10:02 AM net.sf.freecol.server.networking.Server sendToAll
INFO: Reap dead connection: [DummyConnection Server connection - model.nation.french]
May 10, 2018 10:10:02 AM net.sf.freecol.server.networking.Server sendToAll
INFO: Reap dead connection: [DummyConnection Server connection - model.nation.cherokee]
May 10, 2018 10:10:02 AM net.sf.freecol.server.networking.Server sendToAll
INFO: Reap dead connection: [DummyConnection Server connection - model.nation.dutch]
May 10, 2018 10:10:02 AM net.sf.freecol.server.networking.Server sendToAll
INFO: Reap dead connection: [DummyConnection Server connection - model.nation.english]
May 10, 2018 10:10:02 AM net.sf.freecol.server.networking.Server sendToAll
INFO: Reap dead connection: [DummyConnection Server connection - model.nation.iroquois]
May 10, 2018 10:10:02 AM net.sf.freecol.server.networking.Server sendToAll
INFO: Reap dead connection: [DummyConnection Server connection - model.nation.aztec]
May 10, 2018 10:10:02 AM net.sf.freecol.server.networking.Server sendToAll
INFO: Reap dead connection: [DummyConnection Server connection - model.nation.apache]
May 10, 2018 10:10:02 AM net.sf.freecol.server.networking.Server sendToAll
INFO: Reap dead connection: [DummyConnection Server connection - model.nation.inca]
May 10, 2018 10:10:02 AM net.sf.freecol.server.networking.Server sendToAll
INFO: Reap dead connection: [DummyConnection Server connection - model.nation.spanish]
May 10, 2018 10:10:02 AM net.sf.freecol.common.model.Specification applyDifficultyLevel
INFO: Applying difficulty level model.difficulty.medium
May 10, 2018 10:10:02 AM net.sf.freecol.common.FreeColSeed getFreeColSeed
INFO: Using seed: -7721246694002102910
May 10, 2018 10:10:02 AM net.sf.freecol.server.networking.Server sendToAll
INFO: Reap dead connection: [DummyConnection Server connection - model.nation.apache]
May 10, 2018 10:10:02 AM net.sf.freecol.server.networking.Server sendToAll
INFO: Reap dead connection: [DummyConnection Server connection - model.nation.spanish]
May 10, 2018 10:10:02 AM net.sf.freecol.server.networking.Server sendToAll
INFO: Reap dead connection: [DummyConnection Server connection - model.nation.sioux]
May 10, 2018 10:10:02 AM net.sf.freecol.server.networking.Server sendToAll
INFO: Reap dead connection: [DummyConnection Server connection - model.nation.french]
May 10, 2018 10:10:02 AM net.sf.freecol.server.networking.Server sendToAll
INFO: Reap dead connection: [DummyConnection Server connection - model.nation.english]
May 10, 2018 10:10:02 AM net.sf.freecol.server.networking.Server sendToAll
INFO: Reap dead connection: [DummyConnection Server connection - model.nation.iroquois]
May 10, 2018 10:10:02 AM net.sf.freecol.server.networking.Server sendToAll
INFO: Reap dead connection: [DummyConnection Server connection - model.nation.dutch]
May 10, 2018 10:10:02 AM net.sf.freecol.server.networking.Server sendToAll
INFO: Reap dead connection: [DummyConnection Server connection - model.nation.inca]
May 10, 2018 10:10:02 AM net.sf.freecol.server.networking.Server sendToAll
INFO: Reap dead connection: [DummyConnection Server connection - model.nation.cherokee]
May 10, 2018 10:10:02 AM net.sf.freecol.server.networking.Server sendToAll
INFO: Reap dead connection: [DummyConnection Server connection - model.nation.tupi]
May 10, 2018 10:10:02 AM net.sf.freecol.server.networking.Server sendToAll
INFO: Reap dead connection: [DummyConnection Server connection - model.nation.arawak]
May 10, 2018 10:10:02 AM net.sf.freecol.server.networking.Server sendToAll
INFO: Reap dead connection: [DummyConnection Server connection - model.nation.aztec]
May 10, 2018 10:10:02 AM net.sf.freecol.common.model.Specification applyDifficultyLevel
INFO: Applying difficulty level model.difficulty.medium
May 10, 2018 10:10:02 AM net.sf.freecol.common.FreeColSeed getFreeColSeed
INFO: Using seed: 6577729922405149323
May 10, 2018 10:10:02 AM net.sf.freecol.server.networking.Server sendToAll
INFO: Reap dead connection: [DummyConnection Server connection - model.nation.arawak]
May 10, 2018 10:10:02 AM net.sf.freecol.server.networking.Server sendToAll
INFO: Reap dead connection: [DummyConnection Server connection - model.nation.english]
May 10, 2018 10:10:02 AM net.sf.freecol.server.networking.Server sendToAll
INFO: Reap dead connection: [DummyConnection Server connection - model.nation.iroquois]
May 10, 2018 10:10:02 AM net.sf.freecol.server.networking.Server sendToAll
INFO: Reap dead connection: [DummyConnection Server connection - model.nation.sioux]
May 10, 2018 10:10:02 AM net.sf.freecol.server.networking.Server sendToAll
INFO: Reap dead connection: [DummyConnection Server connection - model.nation.cherokee]
May 10, 2018 10:10:02 AM net.sf.freecol.server.networking.Server sendToAll
INFO: Reap dead connection: [DummyConnection Server connection - model.nation.tupi]
May 10, 2018 10:10:02 AM net.sf.freecol.server.networking.Server sendToAll
INFO: Reap dead connection: [DummyConnection Server connection - model.nation.french]
May 10, 2018 10:10:02 AM net.sf.freecol.server.networking.Server sendToAll
INFO: Reap dead connection: [DummyConnection Server connection - model.nation.aztec]
May 10, 2018 10:10:02 AM net.sf.freecol.server.networking.Server sendToAll
INFO: Reap dead connection: [DummyConnection Server connection - model.nation.dutch]
May 10, 2018 10:10:02 AM net.sf.freecol.server.networking.Server sendToAll
INFO: Reap dead connection: [DummyConnection Server connection - model.nation.inca]
May 10, 2018 10:10:02 AM net.sf.freecol.server.networking.Server sendToAll
INFO: Reap dead connection: [DummyConnection Server connection - model.nation.apache]
May 10, 2018 10:10:02 AM net.sf.freecol.server.networking.Server sendToAll
INFO: Reap dead connection: [DummyConnection Server connection - model.nation.spanish]
May 10, 2018 10:10:02 AM net.sf.freecol.common.model.Specification applyDifficultyLevel
INFO: Applying difficulty level model.difficulty.medium
May 10, 2018 10:10:02 AM net.sf.freecol.common.FreeColSeed getFreeColSeed
INFO: Using seed: -2667185247187130219
May 10, 2018 10:10:02 AM net.sf.freecol.server.networking.Server sendToAll
INFO: Reap dead connection: [DummyConnection Server connection - model.nation.aztec]
May 10, 2018 10:10:02 AM net.sf.freecol.server.networking.Server sendToAll
INFO: Reap dead connection: [DummyConnection Server connection - model.nation.french]
May 10, 2018 10:10:02 AM net.sf.freecol.server.networking.Server sendToAll
INFO: Reap dead connection: [DummyConnection Server connection - model.nation.arawak]
May 10, 2018 10:10:02 AM net.sf.freecol.server.networking.Server sendToAll
INFO: Reap dead connection: [DummyConnection Server connection - model.nation.iroquois]
May 10, 2018 10:10:02 AM net.sf.freecol.server.networking.Server sendToAll
INFO: Reap dead connection: [DummyConnection Server connection - model.nation.apache]
May 10, 2018 10:10:02 AM net.sf.freecol.server.networking.Server sendToAll
INFO: Reap dead connection: [DummyConnection Server connection - model.nation.cherokee]
May 10, 2018 10:10:02 AM net.sf.freecol.server.networking.Server sendToAll
INFO: Reap dead connection: [DummyConnection Server connection - model.nation.tupi]
May 10, 2018 10:10:02 AM net.sf.freecol.server.networking.Server sendToAll
INFO: Reap dead connection: [DummyConnection Server connection - model.nation.sioux]
May 10, 2018 10:10:02 AM net.sf.freecol.server.networking.Server sendToAll
INFO: Reap dead connection: [DummyConnection Server connection - model.nation.dutch]
May 10, 2018 10:10:02 AM net.sf.freecol.server.networking.Server sendToAll
INFO: Reap dead connection: [DummyConnection Server connection - model.nation.spanish]
May 10, 2018 10:10:02 AM net.sf.freecol.server.networking.Server sendToAll
INFO: Reap dead connection: [DummyConnection Server connection - model.nation.inca]
May 10, 2018 10:10:02 AM net.sf.freecol.server.networking.Server sendToAll
INFO: Reap dead connection: [DummyConnection Server connection - model.nation.english]
May 10, 2018 10:10:02 AM net.sf.freecol.common.model.Specification applyDifficultyLevel
INFO: Applying difficulty level model.difficulty.medium
May 10, 2018 10:10:02 AM net.sf.freecol.common.FreeColSeed getFreeColSeed
INFO: Using seed: 8934477325066483564
May 10, 2018 10:10:02 AM net.sf.freecol.server.networking.Server sendToAll
INFO: Reap dead connection: [DummyConnection Server connection - model.nation.tupi]
May 10, 2018 10:10:02 AM net.sf.freecol.server.networking.Server sendToAll
INFO: Reap dead connection: [DummyConnection Server connection - model.nation.sioux]
May 10, 2018 10:10:02 AM net.sf.freecol.server.networking.Server sendToAll
INFO: Reap dead connection: [DummyConnection Server connection - model.nation.cherokee]
May 10, 2018 10:10:02 AM net.sf.freecol.server.networking.Server sendToAll
INFO: Reap dead connection: [DummyConnection Server connection - model.nation.french]
May 10, 2018 10:10:02 AM net.sf.freecol.server.networking.Server sendToAll
INFO: Reap dead connection: [DummyConnection Server connection - model.nation.aztec]
May 10, 2018 10:10:02 AM net.sf.freecol.server.networking.Server sendToAll
INFO: Reap dead connection: [DummyConnection Server connection - model.nation.apache]
May 10, 2018 10:10:02 AM net.sf.freecol.server.networking.Server sendToAll
INFO: Reap dead connection: [DummyConnection Server connection - model.nation.arawak]
May 10, 2018 10:10:02 AM net.sf.freecol.server.networking.Server sendToAll
INFO: Reap dead connection: [DummyConnection Server connection - model.nation.inca]
May 10, 2018 10:10:02 AM net.sf.freecol.server.networking.Server sendToAll
INFO: Reap dead connection: [DummyConnection Server connection - model.nation.spanish]
May 10, 2018 10:10:02 AM net.sf.freecol.server.networking.Server sendToAll
INFO: Reap dead connection: [DummyConnection Server connection - model.nation.english]
May 10, 2018 10:10:02 AM net.sf.freecol.server.networking.Server sendToAll
INFO: Reap dead connection: [DummyConnection Server connection - model.nation.iroquois]
May 10, 2018 10:10:02 AM net.sf.freecol.server.networking.Server sendToAll
INFO: Reap dead connection: [DummyConnection Server connection - model.nation.dutch]
May 10, 2018 10:10:02 AM net.sf.freecol.common.model.Specification applyDifficultyLevel
INFO: Applying difficulty level model.difficulty.medium
May 10, 2018 10:10:02 AM net.sf.freecol.common.FreeColSeed getFreeColSeed
INFO: Using seed: 1362853246984948119
May 10, 2018 10:10:02 AM net.sf.freecol.server.networking.Server sendToAll
INFO: Reap dead connection: [DummyConnection Server connection - model.nation.aztec]
May 10, 2018 10:10:02 AM net.sf.freecol.server.networking.Server sendToAll
INFO: Reap dead connection: [DummyConnection Server connection - model.nation.french]
May 10, 2018 10:10:02 AM net.sf.freecol.server.networking.Server sendToAll
INFO: Reap dead connection: [DummyConnection Server connection - model.nation.arawak]
May 10, 2018 10:10:02 AM net.sf.freecol.server.networking.Server sendToAll
INFO: Reap dead connection: [DummyConnection Server connection - model.nation.apache]
May 10, 2018 10:10:02 AM net.sf.freecol.server.networking.Server sendToAll
INFO: Reap dead connection: [DummyConnection Server connection - model.nation.tupi]
May 10, 2018 10:10:02 AM net.sf.freecol.server.networking.Server sendToAll
INFO: Reap dead connection: [DummyConnection Server connection - model.nation.english]
May 10, 2018 10:10:02 AM net.sf.freecol.server.networking.Server sendToAll
INFO: Reap dead connection: [DummyConnection Server connection - model.nation.iroquois]
May 10, 2018 10:10:02 AM net.sf.freecol.server.networking.Server sendToAll
INFO: Reap dead connection: [DummyConnection Server connection - model.nation.spanish]
May 10, 2018 10:10:02 AM net.sf.freecol.server.networking.Server sendToAll
INFO: Reap dead connection: [DummyConnection Server connection - model.nation.sioux]
May 10, 2018 10:10:02 AM net.sf.freecol.server.networking.Server sendToAll
INFO: Reap dead connection: [DummyConnection Server connection - model.nation.dutch]
May 10, 2018 10:10:02 AM net.sf.freecol.server.networking.Server sendToAll
INFO: Reap dead connection: [DummyConnection Server connection - model.nation.inca]
May 10, 2018 10:10:02 AM net.sf.freecol.server.networking.Server sendToAll
INFO: Reap dead connection: [DummyConnection Server connection - model.nation.cherokee]
May 10, 2018 10:10:02 AM net.sf.freecol.common.model.Specification applyDifficultyLevel
INFO: Applying difficulty level model.difficulty.medium
May 10, 2018 10:10:02 AM net.sf.freecol.common.FreeColSeed getFreeColSeed
INFO: Using seed: -5887140804434997414
May 10, 2018 10:10:02 AM net.sf.freecol.server.networking.Server sendToAll
INFO: Reap dead connection: [DummyConnection Server connection - model.nation.english]
May 10, 2018 10:10:02 AM net.sf.freecol.server.networking.Server sendToAll
INFO: Reap dead connection: [DummyConnection Server connection - model.nation.iroquois]
May 10, 2018 10:10:02 AM net.sf.freecol.server.networking.Server sendToAll
INFO: Reap dead connection: [DummyConnection Server connection - model.nation.arawak]
May 10, 2018 10:10:02 AM net.sf.freecol.server.networking.Server sendToAll
INFO: Reap dead connection: [DummyConnection Server connection - model.nation.apache]
May 10, 2018 10:10:02 AM net.sf.freecol.server.networking.Server sendToAll
INFO: Reap dead connection: [DummyConnection Server connection - model.nation.cherokee]
May 10, 2018 10:10:02 AM net.sf.freecol.server.networking.Server sendToAll
INFO: Reap dead connection: [DummyConnection Server connection - model.nation.sioux]
May 10, 2018 10:10:02 AM net.sf.freecol.server.networking.Server sendToAll
INFO: Reap dead connection: [DummyConnection Server connection - model.nation.dutch]
May 10, 2018 10:10:02 AM net.sf.freecol.server.networking.Server sendToAll
INFO: Reap dead connection: [DummyConnection Server connection - model.nation.tupi]
May 10, 2018 10:10:02 AM net.sf.freecol.server.networking.Server sendToAll
INFO: Reap dead connection: [DummyConnection Server connection - model.nation.spanish]
May 10, 2018 10:10:02 AM net.sf.freecol.server.networking.Server sendToAll
INFO: Reap dead connection: [DummyConnection Server connection - model.nation.french]
May 10, 2018 10:10:02 AM net.sf.freecol.server.networking.Server sendToAll
INFO: Reap dead connection: [DummyConnection Server connection - model.nation.inca]
May 10, 2018 10:10:02 AM net.sf.freecol.server.networking.Server sendToAll
INFO: Reap dead connection: [DummyConnection Server connection - model.nation.aztec]
May 10, 2018 10:10:02 AM net.sf.freecol.common.model.Specification applyDifficultyLevel
INFO: Applying difficulty level model.difficulty.medium
May 10, 2018 10:10:02 AM net.sf.freecol.common.FreeColSeed getFreeColSeed
INFO: Using seed: -3160126773012894282
May 10, 2018 10:10:02 AM net.sf.freecol.server.networking.Server sendToAll
INFO: Reap dead connection: [DummyConnection Server connection - model.nation.apache]
May 10, 2018 10:10:02 AM net.sf.freecol.server.networking.Server sendToAll
INFO: Reap dead connection: [DummyConnection Server connection - model.nation.iroquois]
May 10, 2018 10:10:02 AM net.sf.freecol.server.networking.Server sendToAll
INFO: Reap dead connection: [DummyConnection Server connection - model.nation.english]
May 10, 2018 10:10:02 AM net.sf.freecol.server.networking.Server sendToAll
INFO: Reap dead connection: [DummyConnection Server connection - model.nation.sioux]
May 10, 2018 10:10:02 AM net.sf.freecol.server.networking.Server sendToAll
INFO: Reap dead connection: [DummyConnection Server connection - model.nation.inca]
May 10, 2018 10:10:02 AM net.sf.freecol.server.networking.Server sendToAll
INFO: Reap dead connection: [DummyConnection Server connection - model.nation.dutch]
May 10, 2018 10:10:02 AM net.sf.freecol.server.networking.Server sendToAll
INFO: Reap dead connection: [DummyConnection Server connection - model.nation.cherokee]
May 10, 2018 10:10:02 AM net.sf.freecol.server.networking.Server sendToAll
INFO: Reap dead connection: [DummyConnection Server connection - model.nation.tupi]
May 10, 2018 10:10:02 AM net.sf.freecol.server.networking.Server sendToAll
INFO: Reap dead connection: [DummyConnection Server connection - model.nation.spanish]
May 10, 2018 10:10:02 AM net.sf.freecol.server.networking.Server sendToAll
INFO: Reap dead connection: [DummyConnection Server connection - model.nation.french]
May 10, 2018 10:10:02 AM net.sf.freecol.server.networking.Server sendToAll
INFO: Reap dead connection: [DummyConnection Server connection - model.nation.aztec]
May 10, 2018 10:10:02 AM net.sf.freecol.server.networking.Server sendToAll
INFO: Reap dead connection: [DummyConnection Server connection - model.nation.arawak]
May 10, 2018 10:10:02 AM net.sf.freecol.common.model.Specification applyDifficultyLevel
INFO: Applying difficulty level model.difficulty.medium
May 10, 2018 10:10:02 AM net.sf.freecol.common.FreeColSeed getFreeColSeed
INFO: Using seed: -7079420437354864038
May 10, 2018 10:10:02 AM net.sf.freecol.server.networking.Server sendToAll
INFO: Reap dead connection: [DummyConnection Server connection - model.nation.arawak]
May 10, 2018 10:10:02 AM net.sf.freecol.server.networking.Server sendToAll
INFO: Reap dead connection: [DummyConnection Server connection - model.nation.inca]
May 10, 2018 10:10:02 AM net.sf.freecol.server.networking.Server sendToAll
INFO: Reap dead connection: [DummyConnection Server connection - model.nation.dutch]
May 10, 2018 10:10:02 AM net.sf.freecol.server.networking.Server sendToAll
INFO: Reap dead connection: [DummyConnection Server connection - model.nation.apache]
May 10, 2018 10:10:02 AM net.sf.freecol.server.networking.Server sendToAll
INFO: Reap dead connection: [DummyConnection Server connection - model.nation.iroquois]
May 10, 2018 10:10:02 AM net.sf.freecol.server.networking.Server sendToAll
INFO: Reap dead connection: [DummyConnection Server connection - model.nation.french]
May 10, 2018 10:10:02 AM net.sf.freecol.server.networking.Server sendToAll
INFO: Reap dead connection: [DummyConnection Server connection - model.nation.english]
May 10, 2018 10:10:02 AM net.sf.freecol.server.networking.Server sendToAll
INFO: Reap dead connection: [DummyConnection Server connection - model.nation.spanish]
May 10, 2018 10:10:02 AM net.sf.freecol.server.networking.Server sendToAll
INFO: Reap dead connection: [DummyConnection Server connection - model.nation.sioux]
May 10, 2018 10:10:02 AM net.sf.freecol.server.networking.Server sendToAll
INFO: Reap dead connection: [DummyConnection Server connection - model.nation.aztec]
May 10, 2018 10:10:02 AM net.sf.freecol.server.networking.Server sendToAll
INFO: Reap dead connection: [DummyConnection Server connection - model.nation.cherokee]
May 10, 2018 10:10:02 AM net.sf.freecol.server.networking.Server sendToAll
INFO: Reap dead connection: [DummyConnection Server connection - model.nation.tupi]
May 10, 2018 10:10:02 AM net.sf.freecol.common.model.Specification applyDifficultyLevel
INFO: Applying difficulty level model.difficulty.medium
May 10, 2018 10:10:02 AM net.sf.freecol.common.FreeColSeed getFreeColSeed
INFO: Using seed: 887901388600974026
May 10, 2018 10:10:02 AM net.sf.freecol.server.networking.Server sendToAll
INFO: Reap dead connection: [DummyConnection Server connection - model.nation.tupi]
May 10, 2018 10:10:02 AM net.sf.freecol.server.networking.Server sendToAll
INFO: Reap dead connection: [DummyConnection Server connection - model.nation.apache]
May 10, 2018 10:10:02 AM net.sf.freecol.server.networking.Server sendToAll
INFO: Reap dead connection: [DummyConnection Server connection - model.nation.cherokee]
May 10, 2018 10:10:02 AM net.sf.freecol.server.networking.Server sendToAll
INFO: Reap dead connection: [DummyConnection Server connection - model.nation.english]
May 10, 2018 10:10:02 AM net.sf.freecol.server.networking.Server sendToAll
INFO: Reap dead connection: [DummyConnection Server connection - model.nation.french]
May 10, 2018 10:10:02 AM net.sf.freecol.server.networking.Server sendToAll
INFO: Reap dead connection: [DummyConnection Server connection - model.nation.spanish]
May 10, 2018 10:10:02 AM net.sf.freecol.server.networking.Server sendToAll
INFO: Reap dead connection: [DummyConnection Server connection - model.nation.iroquois]
May 10, 2018 10:10:02 AM net.sf.freecol.server.networking.Server sendToAll
INFO: Reap dead connection: [DummyConnection Server connection - model.nation.sioux]
May 10, 2018 10:10:02 AM net.sf.freecol.server.networking.Server sendToAll
INFO: Reap dead connection: [DummyConnection Server connection - model.nation.dutch]
May 10, 2018 10:10:02 AM net.sf.freecol.server.networking.Server sendToAll
INFO: Reap dead connection: [DummyConnection Server connection - model.nation.arawak]
May 10, 2018 10:10:02 AM net.sf.freecol.server.networking.Server sendToAll
INFO: Reap dead connection: [DummyConnection Server connection - model.nation.inca]
May 10, 2018 10:10:02 AM net.sf.freecol.server.networking.Server sendToAll
INFO: Reap dead connection: [DummyConnection Server connection - model.nation.aztec]
May 10, 2018 10:10:02 AM net.sf.freecol.common.model.Specification applyDifficultyLevel
INFO: Applying difficulty level model.difficulty.medium
May 10, 2018 10:10:02 AM net.sf.freecol.common.FreeColSeed getFreeColSeed
INFO: Using seed: -932166682768676239
May 10, 2018 10:10:02 AM net.sf.freecol.server.networking.Server sendToAll
INFO: Reap dead connection: [DummyConnection Server connection - model.nation.english]
May 10, 2018 10:10:02 AM net.sf.freecol.server.networking.Server sendToAll
INFO: Reap dead connection: [DummyConnection Server connection - model.nation.arawak]
May 10, 2018 10:10:02 AM net.sf.freecol.server.networking.Server sendToAll
INFO: Reap dead connection: [DummyConnection Server connection - model.nation.aztec]
May 10, 2018 10:10:02 AM net.sf.freecol.server.networking.Server sendToAll
INFO: Reap dead connection: [DummyConnection Server connection - model.nation.iroquois]
May 10, 2018 10:10:02 AM net.sf.freecol.server.networking.Server sendToAll
INFO: Reap dead connection: [DummyConnection Server connection - model.nation.sioux]
May 10, 2018 10:10:02 AM net.sf.freecol.server.networking.Server sendToAll
INFO: Reap dead connection: [DummyConnection Server connection - model.nation.apache]
May 10, 2018 10:10:02 AM net.sf.freecol.server.networking.Server sendToAll
INFO: Reap dead connection: [DummyConnection Server connection - model.nation.inca]
May 10, 2018 10:10:02 AM net.sf.freecol.server.networking.Server sendToAll
INFO: Reap dead connection: [DummyConnection Server connection - model.nation.french]
May 10, 2018 10:10:02 AM net.sf.freecol.server.networking.Server sendToAll
INFO: Reap dead connection: [DummyConnection Server connection - model.nation.spanish]
May 10, 2018 10:10:02 AM net.sf.freecol.server.networking.Server sendToAll
INFO: Reap dead connection: [DummyConnection Server connection - model.nation.tupi]
May 10, 2018 10:10:02 AM net.sf.freecol.server.networking.Server sendToAll
INFO: Reap dead connection: [DummyConnection Server connection - model.nation.dutch]
May 10, 2018 10:10:02 AM net.sf.freecol.server.networking.Server sendToAll
INFO: Reap dead connection: [DummyConnection Server connection - model.nation.cherokee]
May 10, 2018 10:10:02 AM net.sf.freecol.common.model.Specification applyDifficultyLevel
INFO: Applying difficulty level model.difficulty.medium
May 10, 2018 10:10:02 AM net.sf.freecol.common.FreeColSeed getFreeColSeed
INFO: Using seed: -6150647840300163910
May 10, 2018 10:10:02 AM net.sf.freecol.server.networking.Server sendToAll
INFO: Reap dead connection: [DummyConnection Server connection - model.nation.arawak]
May 10, 2018 10:10:02 AM net.sf.freecol.server.networking.Server sendToAll
INFO: Reap dead connection: [DummyConnection Server connection - model.nation.aztec]
May 10, 2018 10:10:02 AM net.sf.freecol.server.networking.Server sendToAll
INFO: Reap dead connection: [DummyConnection Server connection - model.nation.cherokee]
May 10, 2018 10:10:02 AM net.sf.freecol.server.networking.Server sendToAll
INFO: Reap dead connection: [DummyConnection Server connection - model.nation.french]
May 10, 2018 10:10:02 AM net.sf.freecol.server.networking.Server sendToAll
INFO: Reap dead connection: [DummyConnection Server connection - model.nation.apache]
May 10, 2018 10:10:02 AM net.sf.freecol.server.networking.Server sendToAll
INFO: Reap dead connection: [DummyConnection Server connection - model.nation.english]
May 10, 2018 10:10:02 AM net.sf.freecol.server.networking.Server sendToAll
INFO: Reap dead connection: [DummyConnection Server connection - model.nation.inca]
May 10, 2018 10:10:02 AM net.sf.freecol.server.networking.Server sendToAll
INFO: Reap dead connection: [DummyConnection Server connection - model.nation.tupi]
May 10, 2018 10:10:02 AM net.sf.freecol.server.networking.Server sendToAll
INFO: Reap dead connection: [DummyConnection Server connection - model.nation.dutch]
May 10, 2018 10:10:02 AM net.sf.freecol.server.networking.Server sendToAll
INFO: Reap dead connection: [DummyConnection Server connection - model.nation.iroquois]
May 10, 2018 10:10:02 AM net.sf.freecol.server.networking.Server sendToAll
INFO: Reap dead connection: [DummyConnection Server connection - model.nation.sioux]
May 10, 2018 10:10:02 AM net.sf.freecol.server.networking.Server sendToAll
INFO: Reap dead connection: [DummyConnection Server connection - model.nation.spanish]
May 10, 2018 10:10:02 AM net.sf.freecol.common.model.Specification applyDifficultyLevel
INFO: Applying difficulty level model.difficulty.medium
May 10, 2018 10:10:02 AM net.sf.freecol.common.FreeColSeed getFreeColSeed
INFO: Using seed: -2195138860779376503
May 10, 2018 10:10:02 AM net.sf.freecol.server.networking.Server sendToAll
INFO: Reap dead connection: [DummyConnection Server connection - model.nation.apache]
May 10, 2018 10:10:02 AM net.sf.freecol.server.networking.Server sendToAll
INFO: Reap dead connection: [DummyConnection Server connection - model.nation.sioux]
May 10, 2018 10:10:02 AM net.sf.freecol.server.networking.Server sendToAll
INFO: Reap dead connection: [DummyConnection Server connection - model.nation.french]
May 10, 2018 10:10:02 AM net.sf.freecol.server.networking.Server sendToAll
INFO: Reap dead connection: [DummyConnection Server connection - model.nation.spanish]
May 10, 2018 10:10:02 AM net.sf.freecol.server.networking.Server sendToAll
INFO: Reap dead connection: [DummyConnection Server connection - model.nation.tupi]
May 10, 2018 10:10:02 AM net.sf.freecol.server.networking.Server sendToAll
INFO: Reap dead connection: [DummyConnection Server connection - model.nation.iroquois]
May 10, 2018 10:10:02 AM net.sf.freecol.server.networking.Server sendToAll
INFO: Reap dead connection: [DummyConnection Server connection - model.nation.cherokee]
May 10, 2018 10:10:02 AM net.sf.freecol.server.networking.Server sendToAll
INFO: Reap dead connection: [DummyConnection Server connection - model.nation.dutch]
May 10, 2018 10:10:02 AM net.sf.freecol.server.networking.Server sendToAll
INFO: Reap dead connection: [DummyConnection Server connection - model.nation.arawak]
May 10, 2018 10:10:02 AM net.sf.freecol.server.networking.Server sendToAll
INFO: Reap dead connection: [DummyConnection Server connection - model.nation.inca]
May 10, 2018 10:10:02 AM net.sf.freecol.server.networking.Server sendToAll
INFO: Reap dead connection: [DummyConnection Server connection - model.nation.aztec]
May 10, 2018 10:10:02 AM net.sf.freecol.server.networking.Server sendToAll
INFO: Reap dead connection: [DummyConnection Server connection - model.nation.english]
May 10, 2018 10:10:02 AM net.sf.freecol.common.model.Specification applyDifficultyLevel
INFO: Applying difficulty level model.difficulty.medium
May 10, 2018 10:10:02 AM net.sf.freecol.common.FreeColSeed getFreeColSeed
INFO: Using seed: 616965928645864773
May 10, 2018 10:10:02 AM net.sf.freecol.server.networking.Server sendToAll
INFO: Reap dead connection: [DummyConnection Server connection - model.nation.dutch]
May 10, 2018 10:10:02 AM net.sf.freecol.server.networking.Server sendToAll
INFO: Reap dead connection: [DummyConnection Server connection - model.nation.tupi]
May 10, 2018 10:10:02 AM net.sf.freecol.server.networking.Server sendToAll
INFO: Reap dead connection: [DummyConnection Server connection - model.nation.arawak]
May 10, 2018 10:10:02 AM net.sf.freecol.server.networking.Server sendToAll
INFO: Reap dead connection: [DummyConnection Server connection - model.nation.iroquois]
May 10, 2018 10:10:02 AM net.sf.freecol.server.networking.Server sendToAll
INFO: Reap dead connection: [DummyConnection Server connection - model.nation.inca]
May 10, 2018 10:10:02 AM net.sf.freecol.server.networking.Server sendToAll
INFO: Reap dead connection: [DummyConnection Server connection - model.nation.french]
May 10, 2018 10:10:02 AM net.sf.freecol.server.networking.Server sendToAll
INFO: Reap dead connection: [DummyConnection Server connection - model.nation.sioux]
May 10, 2018 10:10:02 AM net.sf.freecol.server.networking.Server sendToAll
INFO: Reap dead connection: [DummyConnection Server connection - model.nation.apache]
May 10, 2018 10:10:02 AM net.sf.freecol.server.networking.Server sendToAll
INFO: Reap dead connection: [DummyConnection Server connection - model.nation.aztec]
May 10, 2018 10:10:02 AM net.sf.freecol.server.networking.Server sendToAll
INFO: Reap dead connection: [DummyConnection Server connection - model.nation.cherokee]
May 10, 2018 10:10:02 AM net.sf.freecol.server.networking.Server sendToAll
INFO: Reap dead connection: [DummyConnection Server connection - model.nation.english]
May 10, 2018 10:10:02 AM net.sf.freecol.server.networking.Server sendToAll
INFO: Reap dead connection: [DummyConnection Server connection - model.nation.spanish]
May 10, 2018 10:10:02 AM net.sf.freecol.common.model.Specification applyDifficultyLevel
INFO: Applying difficulty level model.difficulty.medium
May 10, 2018 10:10:02 AM net.sf.freecol.common.FreeColSeed getFreeColSeed
INFO: Using seed: -4426318845289907873
May 10, 2018 10:10:02 AM net.sf.freecol.server.networking.Server sendToAll
INFO: Reap dead connection: [DummyConnection Server connection - model.nation.tupi]
May 10, 2018 10:10:02 AM net.sf.freecol.server.networking.Server sendToAll
INFO: Reap dead connection: [DummyConnection Server connection - model.nation.sioux]
May 10, 2018 10:10:02 AM net.sf.freecol.server.networking.Server sendToAll
INFO: Reap dead connection: [DummyConnection Server connection - model.nation.dutch]
May 10, 2018 10:10:02 AM net.sf.freecol.server.networking.Server sendToAll
INFO: Reap dead connection: [DummyConnection Server connection - model.nation.arawak]
May 10, 2018 10:10:02 AM net.sf.freecol.server.networking.Server sendToAll
INFO: Reap dead connection: [DummyConnection Server connection - model.nation.apache]
May 10, 2018 10:10:02 AM net.sf.freecol.server.networking.Server sendToAll
INFO: Reap dead connection: [DummyConnection Server connection - model.nation.inca]
May 10, 2018 10:10:02 AM net.sf.freecol.server.networking.Server sendToAll
INFO: Reap dead connection: [DummyConnection Server connection - model.nation.iroquois]
May 10, 2018 10:10:02 AM net.sf.freecol.server.networking.Server sendToAll
INFO: Reap dead connection: [DummyConnection Server connection - model.nation.english]
May 10, 2018 10:10:02 AM net.sf.freecol.server.networking.Server sendToAll
INFO: Reap dead connection: [DummyConnection Server connection - model.nation.french]
May 10, 2018 10:10:02 AM net.sf.freecol.server.networking.Server sendToAll
INFO: Reap dead connection: [DummyConnection Server connection - model.nation.spanish]
May 10, 2018 10:10:02 AM net.sf.freecol.server.networking.Server sendToAll
INFO: Reap dead connection: [DummyConnection Server connection - model.nation.cherokee]
May 10, 2018 10:10:02 AM net.sf.freecol.server.networking.Server sendToAll
INFO: Reap dead connection: [DummyConnection Server connection - model.nation.aztec]
May 10, 2018 10:10:02 AM net.sf.freecol.common.model.Specification applyDifficultyLevel
INFO: Applying difficulty level model.difficulty.medium
May 10, 2018 10:10:02 AM net.sf.freecol.common.FreeColSeed getFreeColSeed
INFO: Using seed: -5632971189444208389
May 10, 2018 10:10:02 AM net.sf.freecol.server.networking.Server sendToAll
INFO: Reap dead connection: [DummyConnection Server connection - model.nation.cherokee]
May 10, 2018 10:10:02 AM net.sf.freecol.server.networking.Server sendToAll
INFO: Reap dead connection: [DummyConnection Server connection - model.nation.apache]
May 10, 2018 10:10:02 AM net.sf.freecol.server.networking.Server sendToAll
INFO: Reap dead connection: [DummyConnection Server connection - model.nation.inca]
May 10, 2018 10:10:02 AM net.sf.freecol.server.networking.Server sendToAll
INFO: Reap dead connection: [DummyConnection Server connection - model.nation.spanish]
May 10, 2018 10:10:02 AM net.sf.freecol.server.networking.Server sendToAll
INFO: Reap dead connection: [DummyConnection Server connection - model.nation.aztec]
May 10, 2018 10:10:02 AM net.sf.freecol.server.networking.Server sendToAll
INFO: Reap dead connection: [DummyConnection Server connection - model.nation.tupi]
May 10, 2018 10:10:02 AM net.sf.freecol.server.networking.Server sendToAll
INFO: Reap dead connection: [DummyConnection Server connection - model.nation.iroquois]
May 10, 2018 10:10:02 AM net.sf.freecol.server.networking.Server sendToAll
INFO: Reap dead connection: [DummyConnection Server connection - model.nation.dutch]
May 10, 2018 10:10:02 AM net.sf.freecol.server.networking.Server sendToAll
INFO: Reap dead connection: [DummyConnection Server connection - model.nation.sioux]
May 10, 2018 10:10:02 AM net.sf.freecol.server.networking.Server sendToAll
INFO: Reap dead connection: [DummyConnection Server connection - model.nation.english]
May 10, 2018 10:10:02 AM net.sf.freecol.server.networking.Server sendToAll
INFO: Reap dead connection: [DummyConnection Server connection - model.nation.arawak]
May 10, 2018 10:10:02 AM net.sf.freecol.server.networking.Server sendToAll
INFO: Reap dead connection: [DummyConnection Server connection - model.nation.french]
May 10, 2018 10:10:02 AM net.sf.freecol.common.model.Specification applyDifficultyLevel
INFO: Applying difficulty level model.difficulty.medium
May 10, 2018 10:10:02 AM net.sf.freecol.common.FreeColSeed getFreeColSeed
INFO: Using seed: -3781536815815159190
May 10, 2018 10:10:02 AM net.sf.freecol.server.networking.Server sendToAll
INFO: Reap dead connection: [DummyConnection Server connection - model.nation.sioux]
May 10, 2018 10:10:02 AM net.sf.freecol.server.networking.Server sendToAll
INFO: Reap dead connection: [DummyConnection Server connection - model.nation.arawak]
May 10, 2018 10:10:02 AM net.sf.freecol.server.networking.Server sendToAll
INFO: Reap dead connection: [DummyConnection Server connection - model.nation.tupi]
May 10, 2018 10:10:02 AM net.sf.freecol.server.networking.Server sendToAll
INFO: Reap dead connection: [DummyConnection Server connection - model.nation.iroquois]
May 10, 2018 10:10:02 AM net.sf.freecol.server.networking.Server sendToAll
INFO: Reap dead connection: [DummyConnection Server connection - model.nation.french]
May 10, 2018 10:10:02 AM net.sf.freecol.server.networking.Server sendToAll
INFO: Reap dead connection: [DummyConnection Server connection - model.nation.cherokee]
May 10, 2018 10:10:02 AM net.sf.freecol.server.networking.Server sendToAll
INFO: Reap dead connection: [DummyConnection Server connection - model.nation.spanish]
May 10, 2018 10:10:02 AM net.sf.freecol.server.networking.Server sendToAll
INFO: Reap dead connection: [DummyConnection Server connection - model.nation.inca]
May 10, 2018 10:10:02 AM net.sf.freecol.server.networking.Server sendToAll
INFO: Reap dead connection: [DummyConnection Server connection - model.nation.english]
May 10, 2018 10:10:02 AM net.sf.freecol.server.networking.Server sendToAll
INFO: Reap dead connection: [DummyConnection Server connection - model.nation.dutch]
May 10, 2018 10:10:02 AM net.sf.freecol.server.networking.Server sendToAll
INFO: Reap dead connection: [DummyConnection Server connection - model.nation.apache]
May 10, 2018 10:10:02 AM net.sf.freecol.server.networking.Server sendToAll
INFO: Reap dead connection: [DummyConnection Server connection - model.nation.aztec]
May 10, 2018 10:10:02 AM net.sf.freecol.common.model.Specification applyDifficultyLevel
INFO: Applying difficulty level model.difficulty.medium
May 10, 2018 10:10:02 AM net.sf.freecol.common.FreeColSeed getFreeColSeed
INFO: Using seed: 5672464374495847155
May 10, 2018 10:10:02 AM net.sf.freecol.server.networking.Server sendToAll
INFO: Reap dead connection: [DummyConnection Server connection - model.nation.tupi]
May 10, 2018 10:10:02 AM net.sf.freecol.server.networking.Server sendToAll
INFO: Reap dead connection: [DummyConnection Server connection - model.nation.apache]
May 10, 2018 10:10:02 AM net.sf.freecol.server.networking.Server sendToAll
INFO: Reap dead connection: [DummyConnection Server connection - model.nation.aztec]
May 10, 2018 10:10:02 AM net.sf.freecol.server.networking.Server sendToAll
INFO: Reap dead connection: [DummyConnection Server connection - model.nation.arawak]
May 10, 2018 10:10:02 AM net.sf.freecol.server.networking.Server sendToAll
INFO: Reap dead connection: [DummyConnection Server connection - model.nation.spanish]
May 10, 2018 10:10:02 AM net.sf.freecol.server.networking.Server sendToAll
INFO: Reap dead connection: [DummyConnection Server connection - model.nation.cherokee]
May 10, 2018 10:10:02 AM net.sf.freecol.server.networking.Server sendToAll
INFO: Reap dead connection: [DummyConnection Server connection - model.nation.french]
May 10, 2018 10:10:02 AM net.sf.freecol.server.networking.Server sendToAll
INFO: Reap dead connection: [DummyConnection Server connection - model.nation.inca]
May 10, 2018 10:10:02 AM net.sf.freecol.server.networking.Server sendToAll
INFO: Reap dead connection: [DummyConnection Server connection - model.nation.iroquois]
May 10, 2018 10:10:02 AM net.sf.freecol.server.networking.Server sendToAll
INFO: Reap dead connection: [DummyConnection Server connection - model.nation.english]
May 10, 2018 10:10:02 AM net.sf.freecol.server.networking.Server sendToAll
INFO: Reap dead connection: [DummyConnection Server connection - model.nation.dutch]
May 10, 2018 10:10:02 AM net.sf.freecol.server.networking.Server sendToAll
INFO: Reap dead connection: [DummyConnection Server connection - model.nation.sioux]
May 10, 2018 10:10:02 AM net.sf.freecol.common.model.Specification applyDifficultyLevel
INFO: Applying difficulty level model.difficulty.medium
May 10, 2018 10:10:02 AM net.sf.freecol.common.FreeColSeed getFreeColSeed
INFO: Using seed: 235164485309311856
May 10, 2018 10:10:02 AM net.sf.freecol.server.networking.Server sendToAll
INFO: Reap dead connection: [DummyConnection Server connection - model.nation.cherokee]
May 10, 2018 10:10:02 AM net.sf.freecol.server.networking.Server sendToAll
INFO: Reap dead connection: [DummyConnection Server connection - model.nation.arawak]
May 10, 2018 10:10:02 AM net.sf.freecol.server.networking.Server sendToAll
INFO: Reap dead connection: [DummyConnection Server connection - model.nation.apache]
May 10, 2018 10:10:02 AM net.sf.freecol.server.networking.Server sendToAll
INFO: Reap dead connection: [DummyConnection Server connection - model.nation.iroquois]
May 10, 2018 10:10:02 AM net.sf.freecol.server.networking.Server sendToAll
INFO: Reap dead connection: [DummyConnection Server connection - model.nation.english]
May 10, 2018 10:10:02 AM net.sf.freecol.server.networking.Server sendToAll
INFO: Reap dead connection: [DummyConnection Server connection - model.nation.french]
May 10, 2018 10:10:02 AM net.sf.freecol.server.networking.Server sendToAll
INFO: Reap dead connection: [DummyConnection Server connection - model.nation.inca]
May 10, 2018 10:10:02 AM net.sf.freecol.server.networking.Server sendToAll
INFO: Reap dead connection: [DummyConnection Server connection - model.nation.aztec]
May 10, 2018 10:10:02 AM net.sf.freecol.server.networking.Server sendToAll
INFO: Reap dead connection: [DummyConnection Server connection - model.nation.spanish]
May 10, 2018 10:10:02 AM net.sf.freecol.server.networking.Server sendToAll
INFO: Reap dead connection: [DummyConnection Server connection - model.nation.dutch]
May 10, 2018 10:10:02 AM net.sf.freecol.server.networking.Server sendToAll
INFO: Reap dead connection: [DummyConnection Server connection - model.nation.sioux]
May 10, 2018 10:10:02 AM net.sf.freecol.server.networking.Server sendToAll
INFO: Reap dead connection: [DummyConnection Server connection - model.nation.tupi]
May 10, 2018 10:10:02 AM net.sf.freecol.common.model.Specification applyDifficultyLevel
INFO: Applying difficulty level model.difficulty.medium
May 10, 2018 10:10:02 AM net.sf.freecol.common.FreeColSeed getFreeColSeed
INFO: Using seed: 6995588665435667873
May 10, 2018 10:10:02 AM net.sf.freecol.server.networking.Server sendToAll
INFO: Reap dead connection: [DummyConnection Server connection - model.nation.iroquois]
May 10, 2018 10:10:02 AM net.sf.freecol.server.networking.Server sendToAll
INFO: Reap dead connection: [DummyConnection Server connection - model.nation.cherokee]
May 10, 2018 10:10:02 AM net.sf.freecol.server.networking.Server sendToAll
INFO: Reap dead connection: [DummyConnection Server connection - model.nation.spanish]
May 10, 2018 10:10:02 AM net.sf.freecol.server.networking.Server sendToAll
INFO: Reap dead connection: [DummyConnection Server connection - model.nation.sioux]
May 10, 2018 10:10:02 AM net.sf.freecol.server.networking.Server sendToAll
INFO: Reap dead connection: [DummyConnection Server connection - model.nation.aztec]
May 10, 2018 10:10:02 AM net.sf.freecol.server.networking.Server sendToAll
INFO: Reap dead connection: [DummyConnection Server connection - model.nation.apache]
May 10, 2018 10:10:02 AM net.sf.freecol.server.networking.Server sendToAll
INFO: Reap dead connection: [DummyConnection Server connection - model.nation.inca]
May 10, 2018 10:10:02 AM net.sf.freecol.server.networking.Server sendToAll
INFO: Reap dead connection: [DummyConnection Server connection - model.nation.french]
May 10, 2018 10:10:02 AM net.sf.freecol.server.networking.Server sendToAll
INFO: Reap dead connection: [DummyConnection Server connection - model.nation.dutch]
May 10, 2018 10:10:02 AM net.sf.freecol.server.networking.Server sendToAll
INFO: Reap dead connection: [DummyConnection Server connection - model.nation.arawak]
May 10, 2018 10:10:02 AM net.sf.freecol.server.networking.Server sendToAll
INFO: Reap dead connection: [DummyConnection Server connection - model.nation.tupi]
May 10, 2018 10:10:02 AM net.sf.freecol.server.networking.Server sendToAll
INFO: Reap dead connection: [DummyConnection Server connection - model.nation.english]
May 10, 2018 10:10:02 AM net.sf.freecol.common.model.Specification applyDifficultyLevel
INFO: Applying difficulty level model.difficulty.medium
May 10, 2018 10:10:02 AM net.sf.freecol.common.FreeColSeed getFreeColSeed
INFO: Using seed: 619912932705915635
May 10, 2018 10:10:02 AM net.sf.freecol.server.networking.Server sendToAll
INFO: Reap dead connection: [DummyConnection Server connection - model.nation.arawak]
May 10, 2018 10:10:02 AM net.sf.freecol.server.networking.Server sendToAll
INFO: Reap dead connection: [DummyConnection Server connection - model.nation.english]
May 10, 2018 10:10:02 AM net.sf.freecol.server.networking.Server sendToAll
INFO: Reap dead connection: [DummyConnection Server connection - model.nation.iroquois]
May 10, 2018 10:10:02 AM net.sf.freecol.server.networking.Server sendToAll
INFO: Reap dead connection: [DummyConnection Server connection - model.nation.apache]
May 10, 2018 10:10:02 AM net.sf.freecol.server.networking.Server sendToAll
INFO: Reap dead connection: [DummyConnection Server connection - model.nation.spanish]
May 10, 2018 10:10:02 AM net.sf.freecol.server.networking.Server sendToAll
INFO: Reap dead connection: [DummyConnection Server connection - model.nation.tupi]
May 10, 2018 10:10:02 AM net.sf.freecol.server.networking.Server sendToAll
INFO: Reap dead connection: [DummyConnection Server connection - model.nation.sioux]
May 10, 2018 10:10:02 AM net.sf.freecol.server.networking.Server sendToAll
INFO: Reap dead connection: [DummyConnection Server connection - model.nation.french]
May 10, 2018 10:10:02 AM net.sf.freecol.server.networking.Server sendToAll
INFO: Reap dead connection: [DummyConnection Server connection - model.nation.dutch]
May 10, 2018 10:10:02 AM net.sf.freecol.server.networking.Server sendToAll
INFO: Reap dead connection: [DummyConnection Server connection - model.nation.aztec]
May 10, 2018 10:10:02 AM net.sf.freecol.server.networking.Server sendToAll
INFO: Reap dead connection: [DummyConnection Server connection - model.nation.cherokee]
May 10, 2018 10:10:02 AM net.sf.freecol.server.networking.Server sendToAll
INFO: Reap dead connection: [DummyConnection Server connection - model.nation.inca]
May 10, 2018 10:10:02 AM net.sf.freecol.common.model.Specification applyDifficultyLevel
INFO: Applying difficulty level model.difficulty.medium
May 10, 2018 10:10:02 AM net.sf.freecol.common.FreeColSeed getFreeColSeed
INFO: Using seed: -1318252600449765263
May 10, 2018 10:10:03 AM net.sf.freecol.server.networking.Server sendToAll
INFO: Reap dead connection: [DummyConnection Server connection - model.nation.sioux]
May 10, 2018 10:10:03 AM net.sf.freecol.server.networking.Server sendToAll
INFO: Reap dead connection: [DummyConnection Server connection - model.nation.dutch]
May 10, 2018 10:10:03 AM net.sf.freecol.server.networking.Server sendToAll
INFO: Reap dead connection: [DummyConnection Server connection - model.nation.arawak]
May 10, 2018 10:10:03 AM net.sf.freecol.server.networking.Server sendToAll
INFO: Reap dead connection: [DummyConnection Server connection - model.nation.apache]
May 10, 2018 10:10:03 AM net.sf.freecol.server.networking.Server sendToAll
INFO: Reap dead connection: [DummyConnection Server connection - model.nation.english]
May 10, 2018 10:10:03 AM net.sf.freecol.server.networking.Server sendToAll
INFO: Reap dead connection: [DummyConnection Server connection - model.nation.spanish]
May 10, 2018 10:10:03 AM net.sf.freecol.server.networking.Server sendToAll
INFO: Reap dead connection: [DummyConnection Server connection - model.nation.french]
May 10, 2018 10:10:03 AM net.sf.freecol.server.networking.Server sendToAll
INFO: Reap dead connection: [DummyConnection Server connection - model.nation.tupi]
May 10, 2018 10:10:03 AM net.sf.freecol.server.networking.Server sendToAll
INFO: Reap dead connection: [DummyConnection Server connection - model.nation.aztec]
May 10, 2018 10:10:03 AM net.sf.freecol.server.networking.Server sendToAll
INFO: Reap dead connection: [DummyConnection Server connection - model.nation.cherokee]
May 10, 2018 10:10:03 AM net.sf.freecol.server.networking.Server sendToAll
INFO: Reap dead connection: [DummyConnection Server connection - model.nation.inca]
May 10, 2018 10:10:03 AM net.sf.freecol.server.networking.Server sendToAll
INFO: Reap dead connection: [DummyConnection Server connection - model.nation.iroquois]
May 10, 2018 10:10:03 AM net.sf.freecol.common.model.Specification applyDifficultyLevel
INFO: Applying difficulty level model.difficulty.medium
May 10, 2018 10:10:03 AM net.sf.freecol.common.FreeColSeed getFreeColSeed
INFO: Using seed: 3610796278686111156
May 10, 2018 10:10:03 AM net.sf.freecol.server.networking.Server sendToAll
INFO: Reap dead connection: [DummyConnection Server connection - model.nation.sioux]
May 10, 2018 10:10:03 AM net.sf.freecol.server.networking.Server sendToAll
INFO: Reap dead connection: [DummyConnection Server connection - model.nation.apache]
May 10, 2018 10:10:03 AM net.sf.freecol.server.networking.Server sendToAll
INFO: Reap dead connection: [DummyConnection Server connection - model.nation.iroquois]
May 10, 2018 10:10:03 AM net.sf.freecol.server.networking.Server sendToAll
INFO: Reap dead connection: [DummyConnection Server connection - model.nation.aztec]
May 10, 2018 10:10:03 AM net.sf.freecol.server.networking.Server sendToAll
INFO: Reap dead connection: [DummyConnection Server connection - model.nation.cherokee]
May 10, 2018 10:10:03 AM net.sf.freecol.server.networking.Server sendToAll
INFO: Reap dead connection: [DummyConnection Server connection - model.nation.tupi]
May 10, 2018 10:10:03 AM net.sf.freecol.server.networking.Server sendToAll
INFO: Reap dead connection: [DummyConnection Server connection - model.nation.arawak]
May 10, 2018 10:10:03 AM net.sf.freecol.server.networking.Server sendToAll
INFO: Reap dead connection: [DummyConnection Server connection - model.nation.inca]
May 10, 2018 10:10:03 AM net.sf.freecol.server.networking.Server sendToAll
INFO: Reap dead connection: [DummyConnection Server connection - model.nation.english]
May 10, 2018 10:10:03 AM net.sf.freecol.server.networking.Server sendToAll
INFO: Reap dead connection: [DummyConnection Server connection - model.nation.dutch]
May 10, 2018 10:10:03 AM net.sf.freecol.server.networking.Server sendToAll
INFO: Reap dead connection: [DummyConnection Server connection - model.nation.french]
May 10, 2018 10:10:03 AM net.sf.freecol.server.networking.Server sendToAll
INFO: Reap dead connection: [DummyConnection Server connection - model.nation.spanish]
May 10, 2018 10:10:03 AM net.sf.freecol.common.model.Specification applyDifficultyLevel
INFO: Applying difficulty level model.difficulty.medium
May 10, 2018 10:10:03 AM net.sf.freecol.common.FreeColSeed getFreeColSeed
INFO: Using seed: -2936899385512335235
May 10, 2018 10:10:03 AM net.sf.freecol.server.networking.Server sendToAll
INFO: Reap dead connection: [DummyConnection Server connection - model.nation.french]
May 10, 2018 10:10:03 AM net.sf.freecol.server.networking.Server sendToAll
INFO: Reap dead connection: [DummyConnection Server connection - model.nation.apache]
May 10, 2018 10:10:03 AM net.sf.freecol.server.networking.Server sendToAll
INFO: Reap dead connection: [DummyConnection Server connection - model.nation.english]
May 10, 2018 10:10:03 AM net.sf.freecol.server.networking.Server sendToAll
INFO: Reap dead connection: [DummyConnection Server connection - model.nation.sioux]
May 10, 2018 10:10:03 AM net.sf.freecol.server.networking.Server sendToAll
INFO: Reap dead connection: [DummyConnection Server connection - model.nation.iroquois]
May 10, 2018 10:10:03 AM net.sf.freecol.server.networking.Server sendToAll
INFO: Reap dead connection: [DummyConnection Server connection - model.nation.dutch]
May 10, 2018 10:10:03 AM net.sf.freecol.server.networking.Server sendToAll
INFO: Reap dead connection: [DummyConnection Server connection - model.nation.arawak]
May 10, 2018 10:10:03 AM net.sf.freecol.server.networking.Server sendToAll
INFO: Reap dead connection: [DummyConnection Server connection - model.nation.aztec]
May 10, 2018 10:10:03 AM net.sf.freecol.server.networking.Server sendToAll
INFO: Reap dead connection: [DummyConnection Server connection - model.nation.inca]
May 10, 2018 10:10:03 AM net.sf.freecol.server.networking.Server sendToAll
INFO: Reap dead connection: [DummyConnection Server connection - model.nation.spanish]
May 10, 2018 10:10:03 AM net.sf.freecol.server.networking.Server sendToAll
INFO: Reap dead connection: [DummyConnection Server connection - model.nation.tupi]
May 10, 2018 10:10:03 AM net.sf.freecol.server.networking.Server sendToAll
INFO: Reap dead connection: [DummyConnection Server connection - model.nation.cherokee]
May 10, 2018 10:10:03 AM net.sf.freecol.common.model.Specification applyDifficultyLevel
INFO: Applying difficulty level model.difficulty.medium
May 10, 2018 10:10:03 AM net.sf.freecol.common.FreeColSeed getFreeColSeed
INFO: Using seed: -169148768950078800
May 10, 2018 10:10:03 AM net.sf.freecol.server.networking.Server sendToAll
INFO: Reap dead connection: [DummyConnection Server connection - model.nation.inca]
May 10, 2018 10:10:03 AM net.sf.freecol.server.networking.Server sendToAll
INFO: Reap dead connection: [DummyConnection Server connection - model.nation.arawak]
May 10, 2018 10:10:03 AM net.sf.freecol.server.networking.Server sendToAll
INFO: Reap dead connection: [DummyConnection Server connection - model.nation.cherokee]
May 10, 2018 10:10:03 AM net.sf.freecol.server.networking.Server sendToAll
INFO: Reap dead connection: [DummyConnection Server connection - model.nation.english]
May 10, 2018 10:10:03 AM net.sf.freecol.server.networking.Server sendToAll
INFO: Reap dead connection: [DummyConnection Server connection - model.nation.apache]
May 10, 2018 10:10:03 AM net.sf.freecol.server.networking.Server sendToAll
INFO: Reap dead connection: [DummyConnection Server connection - model.nation.aztec]
May 10, 2018 10:10:03 AM net.sf.freecol.server.networking.Server sendToAll
INFO: Reap dead connection: [DummyConnection Server connection - model.nation.dutch]
May 10, 2018 10:10:03 AM net.sf.freecol.server.networking.Server sendToAll
INFO: Reap dead connection: [DummyConnection Server connection - model.nation.sioux]
May 10, 2018 10:10:03 AM net.sf.freecol.server.networking.Server sendToAll
INFO: Reap dead connection: [DummyConnection Server connection - model.nation.spanish]
May 10, 2018 10:10:03 AM net.sf.freecol.server.networking.Server sendToAll
INFO: Reap dead connection: [DummyConnection Server connection - model.nation.tupi]
May 10, 2018 10:10:03 AM net.sf.freecol.server.networking.Server sendToAll
INFO: Reap dead connection: [DummyConnection Server connection - model.nation.iroquois]
May 10, 2018 10:10:03 AM net.sf.freecol.server.networking.Server sendToAll
INFO: Reap dead connection: [DummyConnection Server connection - model.nation.french]
May 10, 2018 10:10:03 AM net.sf.freecol.common.model.Specification applyDifficultyLevel
INFO: Applying difficulty level model.difficulty.medium
May 10, 2018 10:10:03 AM net.sf.freecol.common.FreeColSeed getFreeColSeed
INFO: Using seed: -4830243725982530470
May 10, 2018 10:10:03 AM net.sf.freecol.server.networking.Server sendToAll
INFO: Reap dead connection: [DummyConnection Server connection - model.nation.apache]
May 10, 2018 10:10:03 AM net.sf.freecol.server.networking.Server sendToAll
INFO: Reap dead connection: [DummyConnection Server connection - model.nation.inca]
May 10, 2018 10:10:03 AM net.sf.freecol.server.networking.Server sendToAll
INFO: Reap dead connection: [DummyConnection Server connection - model.nation.aztec]
May 10, 2018 10:10:03 AM net.sf.freecol.server.networking.Server sendToAll
INFO: Reap dead connection: [DummyConnection Server connection - model.nation.english]
May 10, 2018 10:10:03 AM net.sf.freecol.server.networking.Server sendToAll
INFO: Reap dead connection: [DummyConnection Server connection - model.nation.iroquois]
May 10, 2018 10:10:03 AM net.sf.freecol.server.networking.Server sendToAll
INFO: Reap dead connection: [DummyConnection Server connection - model.nation.tupi]
May 10, 2018 10:10:03 AM net.sf.freecol.server.networking.Server sendToAll
INFO: Reap dead connection: [DummyConnection Server connection - model.nation.cherokee]
May 10, 2018 10:10:03 AM net.sf.freecol.server.networking.Server sendToAll
INFO: Reap dead connection: [DummyConnection Server connection - model.nation.french]
May 10, 2018 10:10:03 AM net.sf.freecol.server.networking.Server sendToAll
INFO: Reap dead connection: [DummyConnection Server connection - model.nation.spanish]
May 10, 2018 10:10:03 AM net.sf.freecol.server.networking.Server sendToAll
INFO: Reap dead connection: [DummyConnection Server connection - model.nation.dutch]
May 10, 2018 10:10:03 AM net.sf.freecol.server.networking.Server sendToAll
INFO: Reap dead connection: [DummyConnection Server connection - model.nation.sioux]
May 10, 2018 10:10:03 AM net.sf.freecol.server.networking.Server sendToAll
INFO: Reap dead connection: [DummyConnection Server connection - model.nation.arawak]
May 10, 2018 10:10:03 AM net.sf.freecol.common.model.Specification applyDifficultyLevel
INFO: Applying difficulty level model.difficulty.medium
May 10, 2018 10:10:03 AM net.sf.freecol.common.FreeColSeed getFreeColSeed
INFO: Using seed: -2821291953484337728
May 10, 2018 10:10:03 AM net.sf.freecol.server.networking.Server sendToAll
INFO: Reap dead connection: [DummyConnection Server connection - model.nation.arawak]
May 10, 2018 10:10:03 AM net.sf.freecol.server.networking.Server sendToAll
INFO: Reap dead connection: [DummyConnection Server connection - model.nation.sioux]
May 10, 2018 10:10:03 AM net.sf.freecol.server.networking.Server sendToAll
INFO: Reap dead connection: [DummyConnection Server connection - model.nation.french]
May 10, 2018 10:10:03 AM net.sf.freecol.server.networking.Server sendToAll
INFO: Reap dead connection: [DummyConnection Server connection - model.nation.tupi]
May 10, 2018 10:10:03 AM net.sf.freecol.server.networking.Server sendToAll
INFO: Reap dead connection: [DummyConnection Server connection - model.nation.inca]
May 10, 2018 10:10:03 AM net.sf.freecol.server.networking.Server sendToAll
INFO: Reap dead connection: [DummyConnection Server connection - model.nation.dutch]
May 10, 2018 10:10:03 AM net.sf.freecol.server.networking.Server sendToAll
INFO: Reap dead connection: [DummyConnection Server connection - model.nation.spanish]
May 10, 2018 10:10:03 AM net.sf.freecol.server.networking.Server sendToAll
INFO: Reap dead connection: [DummyConnection Server connection - model.nation.iroquois]
May 10, 2018 10:10:03 AM net.sf.freecol.server.networking.Server sendToAll
INFO: Reap dead connection: [DummyConnection Server connection - model.nation.apache]
May 10, 2018 10:10:03 AM net.sf.freecol.server.networking.Server sendToAll
INFO: Reap dead connection: [DummyConnection Server connection - model.nation.aztec]
May 10, 2018 10:10:03 AM net.sf.freecol.server.networking.Server sendToAll
INFO: Reap dead connection: [DummyConnection Server connection - model.nation.cherokee]
May 10, 2018 10:10:03 AM net.sf.freecol.server.networking.Server sendToAll
INFO: Reap dead connection: [DummyConnection Server connection - model.nation.english]
May 10, 2018 10:10:03 AM net.sf.freecol.common.model.Specification applyDifficultyLevel
INFO: Applying difficulty level model.difficulty.medium
May 10, 2018 10:10:03 AM net.sf.freecol.common.FreeColSeed getFreeColSeed
INFO: Using seed: 7710473377811765484
May 10, 2018 10:10:03 AM net.sf.freecol.server.networking.Server sendToAll
INFO: Reap dead connection: [DummyConnection Server connection - model.nation.spanish]
May 10, 2018 10:10:03 AM net.sf.freecol.server.networking.Server sendToAll
INFO: Reap dead connection: [DummyConnection Server connection - model.nation.aztec]
May 10, 2018 10:10:03 AM net.sf.freecol.server.networking.Server sendToAll
INFO: Reap dead connection: [DummyConnection Server connection - model.nation.sioux]
May 10, 2018 10:10:03 AM net.sf.freecol.server.networking.Server sendToAll
INFO: Reap dead connection: [DummyConnection Server connection - model.nation.english]
May 10, 2018 10:10:03 AM net.sf.freecol.server.networking.Server sendToAll
INFO: Reap dead connection: [DummyConnection Server connection - model.nation.arawak]
May 10, 2018 10:10:03 AM net.sf.freecol.server.networking.Server sendToAll
INFO: Reap dead connection: [DummyConnection Server connection - model.nation.dutch]
May 10, 2018 10:10:03 AM net.sf.freecol.server.networking.Server sendToAll
INFO: Reap dead connection: [DummyConnection Server connection - model.nation.iroquois]
May 10, 2018 10:10:03 AM net.sf.freecol.server.networking.Server sendToAll
INFO: Reap dead connection: [DummyConnection Server connection - model.nation.apache]
May 10, 2018 10:10:03 AM net.sf.freecol.server.networking.Server sendToAll
INFO: Reap dead connection: [DummyConnection Server connection - model.nation.inca]
May 10, 2018 10:10:03 AM net.sf.freecol.server.networking.Server sendToAll
INFO: Reap dead connection: [DummyConnection Server connection - model.nation.tupi]
May 10, 2018 10:10:03 AM net.sf.freecol.server.networking.Server sendToAll
INFO: Reap dead connection: [DummyConnection Server connection - model.nation.french]
May 10, 2018 10:10:03 AM net.sf.freecol.server.networking.Server sendToAll
INFO: Reap dead connection: [DummyConnection Server connection - model.nation.cherokee]
May 10, 2018 10:10:03 AM net.sf.freecol.common.model.Specification applyDifficultyLevel
INFO: Applying difficulty level model.difficulty.medium
May 10, 2018 10:10:03 AM net.sf.freecol.common.FreeColSeed getFreeColSeed
INFO: Using seed: 6530431872036656578
May 10, 2018 10:10:03 AM net.sf.freecol.server.networking.Server sendToAll
INFO: Reap dead connection: [DummyConnection Server connection - model.nation.french]
May 10, 2018 10:10:03 AM net.sf.freecol.server.networking.Server sendToAll
INFO: Reap dead connection: [DummyConnection Server connection - model.nation.arawak]
May 10, 2018 10:10:03 AM net.sf.freecol.server.networking.Server sendToAll
INFO: Reap dead connection: [DummyConnection Server connection - model.nation.aztec]
May 10, 2018 10:10:03 AM net.sf.freecol.server.networking.Server sendToAll
INFO: Reap dead connection: [DummyConnection Server connection - model.nation.inca]
May 10, 2018 10:10:03 AM net.sf.freecol.server.networking.Server sendToAll
INFO: Reap dead connection: [DummyConnection Server connection - model.nation.dutch]
May 10, 2018 10:10:03 AM net.sf.freecol.server.networking.Server sendToAll
INFO: Reap dead connection: [DummyConnection Server connection - model.nation.english]
May 10, 2018 10:10:03 AM net.sf.freecol.server.networking.Server sendToAll
INFO: Reap dead connection: [DummyConnection Server connection - model.nation.spanish]
May 10, 2018 10:10:03 AM net.sf.freecol.server.networking.Server sendToAll
INFO: Reap dead connection: [DummyConnection Server connection - model.nation.cherokee]
May 10, 2018 10:10:03 AM net.sf.freecol.server.networking.Server sendToAll
INFO: Reap dead connection: [DummyConnection Server connection - model.nation.apache]
May 10, 2018 10:10:03 AM net.sf.freecol.server.networking.Server sendToAll
INFO: Reap dead connection: [DummyConnection Server connection - model.nation.tupi]
May 10, 2018 10:10:03 AM net.sf.freecol.server.networking.Server sendToAll
INFO: Reap dead connection: [DummyConnection Server connection - model.nation.sioux]
May 10, 2018 10:10:03 AM net.sf.freecol.server.networking.Server sendToAll
INFO: Reap dead connection: [DummyConnection Server connection - model.nation.iroquois]
May 10, 2018 10:10:03 AM net.sf.freecol.common.model.Specification applyDifficultyLevel
INFO: Applying difficulty level model.difficulty.medium
May 10, 2018 10:10:03 AM net.sf.freecol.common.FreeColSeed getFreeColSeed
INFO: Using seed: 1881254539808310625
May 10, 2018 10:10:03 AM net.sf.freecol.server.networking.Server sendToAll
INFO: Reap dead connection: [DummyConnection Server connection - model.nation.french]
May 10, 2018 10:10:03 AM net.sf.freecol.server.networking.Server sendToAll
INFO: Reap dead connection: [DummyConnection Server connection - model.nation.english]
May 10, 2018 10:10:03 AM net.sf.freecol.server.networking.Server sendToAll
INFO: Reap dead connection: [DummyConnection Server connection - model.nation.dutch]
May 10, 2018 10:10:03 AM net.sf.freecol.server.networking.Server sendToAll
INFO: Reap dead connection: [DummyConnection Server connection - model.nation.aztec]
May 10, 2018 10:10:03 AM net.sf.freecol.server.networking.Server sendToAll
INFO: Reap dead connection: [DummyConnection Server connection - model.nation.arawak]
May 10, 2018 10:10:03 AM net.sf.freecol.server.networking.Server sendToAll
INFO: Reap dead connection: [DummyConnection Server connection - model.nation.inca]
May 10, 2018 10:10:03 AM net.sf.freecol.server.networking.Server sendToAll
INFO: Reap dead connection: [DummyConnection Server connection - model.nation.spanish]
May 10, 2018 10:10:03 AM net.sf.freecol.server.networking.Server sendToAll
INFO: Reap dead connection: [DummyConnection Server connection - model.nation.tupi]
May 10, 2018 10:10:03 AM net.sf.freecol.server.networking.Server sendToAll
INFO: Reap dead connection: [DummyConnection Server connection - model.nation.cherokee]
May 10, 2018 10:10:03 AM net.sf.freecol.server.networking.Server sendToAll
INFO: Reap dead connection: [DummyConnection Server connection - model.nation.apache]
May 10, 2018 10:10:03 AM net.sf.freecol.server.networking.Server sendToAll
INFO: Reap dead connection: [DummyConnection Server connection - model.nation.sioux]
May 10, 2018 10:10:03 AM net.sf.freecol.server.networking.Server sendToAll
INFO: Reap dead connection: [DummyConnection Server connection - model.nation.iroquois]
May 10, 2018 10:10:03 AM net.sf.freecol.common.model.Specification applyDifficultyLevel
INFO: Applying difficulty level model.difficulty.medium
May 10, 2018 10:10:03 AM net.sf.freecol.common.FreeColSeed getFreeColSeed
INFO: Using seed: 1878311522389196381
May 10, 2018 10:10:03 AM net.sf.freecol.server.networking.Server sendToAll
INFO: Reap dead connection: [DummyConnection Server connection - model.nation.apache]
May 10, 2018 10:10:03 AM net.sf.freecol.server.networking.Server sendToAll
INFO: Reap dead connection: [DummyConnection Server connection - model.nation.iroquois]
May 10, 2018 10:10:03 AM net.sf.freecol.server.networking.Server sendToAll
INFO: Reap dead connection: [DummyConnection Server connection - model.nation.arawak]
May 10, 2018 10:10:03 AM net.sf.freecol.server.networking.Server sendToAll
INFO: Reap dead connection: [DummyConnection Server connection - model.nation.english]
May 10, 2018 10:10:03 AM net.sf.freecol.server.networking.Server sendToAll
INFO: Reap dead connection: [DummyConnection Server connection - model.nation.cherokee]
May 10, 2018 10:10:03 AM net.sf.freecol.server.networking.Server sendToAll
INFO: Reap dead connection: [DummyConnection Server connection - model.nation.french]
May 10, 2018 10:10:03 AM net.sf.freecol.server.networking.Server sendToAll
INFO: Reap dead connection: [DummyConnection Server connection - model.nation.aztec]
May 10, 2018 10:10:03 AM net.sf.freecol.server.networking.Server sendToAll
INFO: Reap dead connection: [DummyConnection Server connection - model.nation.inca]
May 10, 2018 10:10:03 AM net.sf.freecol.server.networking.Server sendToAll
INFO: Reap dead connection: [DummyConnection Server connection - model.nation.tupi]
May 10, 2018 10:10:03 AM net.sf.freecol.server.networking.Server sendToAll
INFO: Reap dead connection: [DummyConnection Server connection - model.nation.spanish]
May 10, 2018 10:10:03 AM net.sf.freecol.server.networking.Server sendToAll
INFO: Reap dead connection: [DummyConnection Server connection - model.nation.sioux]
May 10, 2018 10:10:03 AM net.sf.freecol.server.networking.Server sendToAll
INFO: Reap dead connection: [DummyConnection Server connection - model.nation.dutch]
May 10, 2018 10:10:03 AM net.sf.freecol.common.model.Specification applyDifficultyLevel
INFO: Applying difficulty level model.difficulty.medium
May 10, 2018 10:10:03 AM net.sf.freecol.common.FreeColSeed getFreeColSeed
INFO: Using seed: -8385407946661379117
May 10, 2018 10:10:03 AM net.sf.freecol.server.networking.Server sendToAll
INFO: Reap dead connection: [DummyConnection Server connection - model.nation.french]
May 10, 2018 10:10:03 AM net.sf.freecol.server.networking.Server sendToAll
INFO: Reap dead connection: [DummyConnection Server connection - model.nation.apache]
May 10, 2018 10:10:03 AM net.sf.freecol.server.networking.Server sendToAll
INFO: Reap dead connection: [DummyConnection Server connection - model.nation.spanish]
May 10, 2018 10:10:03 AM net.sf.freecol.server.networking.Server sendToAll
INFO: Reap dead connection: [DummyConnection Server connection - model.nation.cherokee]
May 10, 2018 10:10:03 AM net.sf.freecol.server.networking.Server sendToAll
INFO: Reap dead connection: [DummyConnection Server connection - model.nation.inca]
May 10, 2018 10:10:03 AM net.sf.freecol.server.networking.Server sendToAll
INFO: Reap dead connection: [DummyConnection Server connection - model.nation.tupi]
May 10, 2018 10:10:03 AM net.sf.freecol.server.networking.Server sendToAll
INFO: Reap dead connection: [DummyConnection Server connection - model.nation.sioux]
May 10, 2018 10:10:03 AM net.sf.freecol.server.networking.Server sendToAll
INFO: Reap dead connection: [DummyConnection Server connection - model.nation.aztec]
May 10, 2018 10:10:03 AM net.sf.freecol.server.networking.Server sendToAll
INFO: Reap dead connection: [DummyConnection Server connection - model.nation.english]
May 10, 2018 10:10:03 AM net.sf.freecol.server.networking.Server sendToAll
INFO: Reap dead connection: [DummyConnection Server connection - model.nation.iroquois]
May 10, 2018 10:10:03 AM net.sf.freecol.server.networking.Server sendToAll
INFO: Reap dead connection: [DummyConnection Server connection - model.nation.dutch]
May 10, 2018 10:10:03 AM net.sf.freecol.server.networking.Server sendToAll
INFO: Reap dead connection: [DummyConnection Server connection - model.nation.arawak]
May 10, 2018 10:10:03 AM net.sf.freecol.common.model.Specification applyDifficultyLevel
INFO: Applying difficulty level model.difficulty.medium
May 10, 2018 10:10:03 AM net.sf.freecol.common.FreeColSeed getFreeColSeed
INFO: Using seed: 4362873594704482703
May 10, 2018 10:10:03 AM net.sf.freecol.server.networking.Server sendToAll
INFO: Reap dead connection: [DummyConnection Server connection - model.nation.french]
May 10, 2018 10:10:03 AM net.sf.freecol.server.networking.Server sendToAll
INFO: Reap dead connection: [DummyConnection Server connection - model.nation.aztec]
May 10, 2018 10:10:03 AM net.sf.freecol.server.networking.Server sendToAll
INFO: Reap dead connection: [DummyConnection Server connection - model.nation.dutch]
May 10, 2018 10:10:03 AM net.sf.freecol.server.networking.Server sendToAll
INFO: Reap dead connection: [DummyConnection Server connection - model.nation.iroquois]
May 10, 2018 10:10:03 AM net.sf.freecol.server.networking.Server sendToAll
INFO: Reap dead connection: [DummyConnection Server connection - model.nation.apache]
May 10, 2018 10:10:03 AM net.sf.freecol.server.networking.Server sendToAll
INFO: Reap dead connection: [DummyConnection Server connection - model.nation.cherokee]
May 10, 2018 10:10:03 AM net.sf.freecol.server.networking.Server sendToAll
INFO: Reap dead connection: [DummyConnection Server connection - model.nation.tupi]
May 10, 2018 10:10:03 AM net.sf.freecol.server.networking.Server sendToAll
INFO: Reap dead connection: [DummyConnection Server connection - model.nation.english]
May 10, 2018 10:10:03 AM net.sf.freecol.server.networking.Server sendToAll
INFO: Reap dead connection: [DummyConnection Server connection - model.nation.spanish]
May 10, 2018 10:10:03 AM net.sf.freecol.server.networking.Server sendToAll
INFO: Reap dead connection: [DummyConnection Server connection - model.nation.inca]
May 10, 2018 10:10:03 AM net.sf.freecol.server.networking.Server sendToAll
INFO: Reap dead connection: [DummyConnection Server connection - model.nation.sioux]
May 10, 2018 10:10:03 AM net.sf.freecol.server.networking.Server sendToAll
INFO: Reap dead connection: [DummyConnection Server connection - model.nation.arawak]
May 10, 2018 10:10:03 AM net.sf.freecol.common.model.Specification applyDifficultyLevel
INFO: Applying difficulty level model.difficulty.medium
May 10, 2018 10:10:03 AM net.sf.freecol.common.FreeColSeed getFreeColSeed
INFO: Using seed: 8546091621875275267
May 10, 2018 10:10:03 AM net.sf.freecol.server.networking.Server sendToAll
INFO: Reap dead connection: [DummyConnection Server connection - model.nation.english]
May 10, 2018 10:10:03 AM net.sf.freecol.server.networking.Server sendToAll
INFO: Reap dead connection: [DummyConnection Server connection - model.nation.arawak]
May 10, 2018 10:10:03 AM net.sf.freecol.server.networking.Server sendToAll
INFO: Reap dead connection: [DummyConnection Server connection - model.nation.iroquois]
May 10, 2018 10:10:03 AM net.sf.freecol.server.networking.Server sendToAll
INFO: Reap dead connection: [DummyConnection Server connection - model.nation.tupi]
May 10, 2018 10:10:03 AM net.sf.freecol.server.networking.Server sendToAll
INFO: Reap dead connection: [DummyConnection Server connection - model.nation.dutch]
May 10, 2018 10:10:03 AM net.sf.freecol.server.networking.Server sendToAll
INFO: Reap dead connection: [DummyConnection Server connection - model.nation.inca]
May 10, 2018 10:10:03 AM net.sf.freecol.server.networking.Server sendToAll
INFO: Reap dead connection: [DummyConnection Server connection - model.nation.apache]
May 10, 2018 10:10:03 AM net.sf.freecol.server.networking.Server sendToAll
INFO: Reap dead connection: [DummyConnection Server connection - model.nation.cherokee]
May 10, 2018 10:10:03 AM net.sf.freecol.server.networking.Server sendToAll
INFO: Reap dead connection: [DummyConnection Server connection - model.nation.aztec]
May 10, 2018 10:10:03 AM net.sf.freecol.server.networking.Server sendToAll
INFO: Reap dead connection: [DummyConnection Server connection - model.nation.spanish]
May 10, 2018 10:10:03 AM net.sf.freecol.server.networking.Server sendToAll
INFO: Reap dead connection: [DummyConnection Server connection - model.nation.sioux]
May 10, 2018 10:10:03 AM net.sf.freecol.server.networking.Server sendToAll
INFO: Reap dead connection: [DummyConnection Server connection - model.nation.french]
May 10, 2018 10:10:03 AM net.sf.freecol.common.model.Specification applyDifficultyLevel
INFO: Applying difficulty level model.difficulty.medium
May 10, 2018 10:10:03 AM net.sf.freecol.common.FreeColSeed getFreeColSeed
INFO: Using seed: -4623553270032129927
May 10, 2018 10:10:03 AM net.sf.freecol.server.networking.Server sendToAll
INFO: Reap dead connection: [DummyConnection Server connection - model.nation.english]
May 10, 2018 10:10:03 AM net.sf.freecol.server.networking.Server sendToAll
INFO: Reap dead connection: [DummyConnection Server connection - model.nation.cherokee]
May 10, 2018 10:10:03 AM net.sf.freecol.server.networking.Server sendToAll
INFO: Reap dead connection: [DummyConnection Server connection - model.nation.french]
May 10, 2018 10:10:03 AM net.sf.freecol.server.networking.Server sendToAll
INFO: Reap dead connection: [DummyConnection Server connection - model.nation.sioux]
May 10, 2018 10:10:03 AM net.sf.freecol.server.networking.Server sendToAll
INFO: Reap dead connection: [DummyConnection Server connection - model.nation.tupi]
May 10, 2018 10:10:03 AM net.sf.freecol.server.networking.Server sendToAll
INFO: Reap dead connection: [DummyConnection Server connection - model.nation.arawak]
May 10, 2018 10:10:03 AM net.sf.freecol.server.networking.Server sendToAll
INFO: Reap dead connection: [DummyConnection Server connection - model.nation.inca]
May 10, 2018 10:10:03 AM net.sf.freecol.server.networking.Server sendToAll
INFO: Reap dead connection: [DummyConnection Server connection - model.nation.apache]
May 10, 2018 10:10:03 AM net.sf.freecol.server.networking.Server sendToAll
INFO: Reap dead connection: [DummyConnection Server connection - model.nation.iroquois]
May 10, 2018 10:10:03 AM net.sf.freecol.server.networking.Server sendToAll
INFO: Reap dead connection: [DummyConnection Server connection - model.nation.dutch]
May 10, 2018 10:10:03 AM net.sf.freecol.server.networking.Server sendToAll
INFO: Reap dead connection: [DummyConnection Server connection - model.nation.aztec]
May 10, 2018 10:10:03 AM net.sf.freecol.server.networking.Server sendToAll
INFO: Reap dead connection: [DummyConnection Server connection - model.nation.spanish]
May 10, 2018 10:10:03 AM net.sf.freecol.common.model.Specification applyDifficultyLevel
INFO: Applying difficulty level model.difficulty.medium
May 10, 2018 10:10:03 AM net.sf.freecol.common.FreeColSeed getFreeColSeed
INFO: Using seed: 8317889362718635194
May 10, 2018 10:10:03 AM net.sf.freecol.server.networking.Server sendToAll
INFO: Reap dead connection: [DummyConnection Server connection - model.nation.apache]
May 10, 2018 10:10:03 AM net.sf.freecol.server.networking.Server sendToAll
INFO: Reap dead connection: [DummyConnection Server connection - model.nation.tupi]
May 10, 2018 10:10:03 AM net.sf.freecol.server.networking.Server sendToAll
INFO: Reap dead connection: [DummyConnection Server connection - model.nation.inca]
May 10, 2018 10:10:03 AM net.sf.freecol.server.networking.Server sendToAll
INFO: Reap dead connection: [DummyConnection Server connection - model.nation.french]
May 10, 2018 10:10:03 AM net.sf.freecol.server.networking.Server sendToAll
INFO: Reap dead connection: [DummyConnection Server connection - model.nation.spanish]
May 10, 2018 10:10:03 AM net.sf.freecol.server.networking.Server sendToAll
INFO: Reap dead connection: [DummyConnection Server connection - model.nation.english]
May 10, 2018 10:10:03 AM net.sf.freecol.server.networking.Server sendToAll
INFO: Reap dead connection: [DummyConnection Server connection - model.nation.iroquois]
May 10, 2018 10:10:03 AM net.sf.freecol.server.networking.Server sendToAll
INFO: Reap dead connection: [DummyConnection Server connection - model.nation.arawak]
May 10, 2018 10:10:03 AM net.sf.freecol.server.networking.Server sendToAll
INFO: Reap dead connection: [DummyConnection Server connection - model.nation.aztec]
May 10, 2018 10:10:03 AM net.sf.freecol.server.networking.Server sendToAll
INFO: Reap dead connection: [DummyConnection Server connection - model.nation.sioux]
May 10, 2018 10:10:03 AM net.sf.freecol.server.networking.Server sendToAll
INFO: Reap dead connection: [DummyConnection Server connection - model.nation.dutch]
May 10, 2018 10:10:03 AM net.sf.freecol.server.networking.Server sendToAll
INFO: Reap dead connection: [DummyConnection Server connection - model.nation.cherokee]
May 10, 2018 10:10:03 AM net.sf.freecol.common.model.Specification applyDifficultyLevel
INFO: Applying difficulty level model.difficulty.medium
May 10, 2018 10:10:03 AM net.sf.freecol.common.FreeColSeed getFreeColSeed
INFO: Using seed: 6924487701090721026
May 10, 2018 10:10:03 AM net.sf.freecol.server.networking.Server sendToAll
INFO: Reap dead connection: [DummyConnection Server connection - model.nation.tupi]
May 10, 2018 10:10:03 AM net.sf.freecol.server.networking.Server sendToAll
INFO: Reap dead connection: [DummyConnection Server connection - model.nation.iroquois]
May 10, 2018 10:10:03 AM net.sf.freecol.server.networking.Server sendToAll
INFO: Reap dead connection: [DummyConnection Server connection - model.nation.aztec]
May 10, 2018 10:10:03 AM net.sf.freecol.server.networking.Server sendToAll
INFO: Reap dead connection: [DummyConnection Server connection - model.nation.cherokee]
May 10, 2018 10:10:03 AM net.sf.freecol.server.networking.Server sendToAll
INFO: Reap dead connection: [DummyConnection Server connection - model.nation.dutch]
May 10, 2018 10:10:03 AM net.sf.freecol.server.networking.Server sendToAll
INFO: Reap dead connection: [DummyConnection Server connection - model.nation.sioux]
May 10, 2018 10:10:03 AM net.sf.freecol.server.networking.Server sendToAll
INFO: Reap dead connection: [DummyConnection Server connection - model.nation.apache]
May 10, 2018 10:10:03 AM net.sf.freecol.server.networking.Server sendToAll
INFO: Reap dead connection: [DummyConnection Server connection - model.nation.french]
May 10, 2018 10:10:03 AM net.sf.freecol.server.networking.Server sendToAll
INFO: Reap dead connection: [DummyConnection Server connection - model.nation.arawak]
May 10, 2018 10:10:03 AM net.sf.freecol.server.networking.Server sendToAll
INFO: Reap dead connection: [DummyConnection Server connection - model.nation.inca]
May 10, 2018 10:10:03 AM net.sf.freecol.server.networking.Server sendToAll
INFO: Reap dead connection: [DummyConnection Server connection - model.nation.english]
May 10, 2018 10:10:03 AM net.sf.freecol.server.networking.Server sendToAll
INFO: Reap dead connection: [DummyConnection Server connection - model.nation.spanish]
May 10, 2018 10:10:03 AM net.sf.freecol.common.model.Specification applyDifficultyLevel
INFO: Applying difficulty level model.difficulty.medium
May 10, 2018 10:10:03 AM net.sf.freecol.common.FreeColSeed getFreeColSeed
INFO: Using seed: 524466690582270050
May 10, 2018 10:10:03 AM net.sf.freecol.server.networking.Server sendToAll
INFO: Reap dead connection: [DummyConnection Server connection - model.nation.english]
May 10, 2018 10:10:03 AM net.sf.freecol.server.networking.Server sendToAll
INFO: Reap dead connection: [DummyConnection Server connection - model.nation.apache]
May 10, 2018 10:10:03 AM net.sf.freecol.server.networking.Server sendToAll
INFO: Reap dead connection: [DummyConnection Server connection - model.nation.cherokee]
May 10, 2018 10:10:03 AM net.sf.freecol.server.networking.Server sendToAll
INFO: Reap dead connection: [DummyConnection Server connection - model.nation.aztec]
May 10, 2018 10:10:03 AM net.sf.freecol.server.networking.Server sendToAll
INFO: Reap dead connection: [DummyConnection Server connection - model.nation.arawak]
May 10, 2018 10:10:03 AM net.sf.freecol.server.networking.Server sendToAll
INFO: Reap dead connection: [DummyConnection Server connection - model.nation.tupi]
May 10, 2018 10:10:03 AM net.sf.freecol.server.networking.Server sendToAll
INFO: Reap dead connection: [DummyConnection Server connection - model.nation.french]
May 10, 2018 10:10:03 AM net.sf.freecol.server.networking.Server sendToAll
INFO: Reap dead connection: [DummyConnection Server connection - model.nation.sioux]
May 10, 2018 10:10:03 AM net.sf.freecol.server.networking.Server sendToAll
INFO: Reap dead connection: [DummyConnection Server connection - model.nation.inca]
May 10, 2018 10:10:03 AM net.sf.freecol.server.networking.Server sendToAll
INFO: Reap dead connection: [DummyConnection Server connection - model.nation.spanish]
May 10, 2018 10:10:03 AM net.sf.freecol.server.networking.Server sendToAll
INFO: Reap dead connection: [DummyConnection Server connection - model.nation.iroquois]
May 10, 2018 10:10:03 AM net.sf.freecol.server.networking.Server sendToAll
INFO: Reap dead connection: [DummyConnection Server connection - model.nation.dutch]
May 10, 2018 10:10:03 AM net.sf.freecol.common.model.Specification applyDifficultyLevel
INFO: Applying difficulty level model.difficulty.medium
May 10, 2018 10:10:03 AM net.sf.freecol.common.FreeColSeed getFreeColSeed
INFO: Using seed: -5061987066516537678
May 10, 2018 10:10:03 AM net.sf.freecol.server.networking.Server sendToAll
INFO: Reap dead connection: [DummyConnection Server connection - model.nation.dutch]
May 10, 2018 10:10:03 AM net.sf.freecol.server.networking.Server sendToAll
INFO: Reap dead connection: [DummyConnection Server connection - model.nation.tupi]
May 10, 2018 10:10:03 AM net.sf.freecol.server.networking.Server sendToAll
INFO: Reap dead connection: [DummyConnection Server connection - model.nation.cherokee]
May 10, 2018 10:10:03 AM net.sf.freecol.server.networking.Server sendToAll
INFO: Reap dead connection: [DummyConnection Server connection - model.nation.iroquois]
May 10, 2018 10:10:03 AM net.sf.freecol.server.networking.Server sendToAll
INFO: Reap dead connection: [DummyConnection Server connection - model.nation.spanish]
May 10, 2018 10:10:03 AM net.sf.freecol.server.networking.Server sendToAll
INFO: Reap dead connection: [DummyConnection Server connection - model.nation.sioux]
May 10, 2018 10:10:03 AM net.sf.freecol.server.networking.Server sendToAll
INFO: Reap dead connection: [DummyConnection Server connection - model.nation.french]
May 10, 2018 10:10:03 AM net.sf.freecol.server.networking.Server sendToAll
INFO: Reap dead connection: [DummyConnection Server connection - model.nation.arawak]
May 10, 2018 10:10:03 AM net.sf.freecol.server.networking.Server sendToAll
INFO: Reap dead connection: [DummyConnection Server connection - model.nation.apache]
May 10, 2018 10:10:03 AM net.sf.freecol.server.networking.Server sendToAll
INFO: Reap dead connection: [DummyConnection Server connection - model.nation.inca]
May 10, 2018 10:10:03 AM net.sf.freecol.server.networking.Server sendToAll
INFO: Reap dead connection: [DummyConnection Server connection - model.nation.english]
May 10, 2018 10:10:03 AM net.sf.freecol.server.networking.Server sendToAll
INFO: Reap dead connection: [DummyConnection Server connection - model.nation.aztec]
May 10, 2018 10:10:03 AM net.sf.freecol.common.model.Specification applyDifficultyLevel
INFO: Applying difficulty level model.difficulty.medium
May 10, 2018 10:10:03 AM net.sf.freecol.common.FreeColSeed getFreeColSeed
INFO: Using seed: 1601472455776224904
May 10, 2018 10:10:03 AM net.sf.freecol.server.networking.Server sendToAll
INFO: Reap dead connection: [DummyConnection Server connection - model.nation.sioux]
May 10, 2018 10:10:03 AM net.sf.freecol.server.networking.Server sendToAll
INFO: Reap dead connection: [DummyConnection Server connection - model.nation.inca]
May 10, 2018 10:10:03 AM net.sf.freecol.server.networking.Server sendToAll
INFO: Reap dead connection: [DummyConnection Server connection - model.nation.english]
May 10, 2018 10:10:03 AM net.sf.freecol.server.networking.Server sendToAll
INFO: Reap dead connection: [DummyConnection Server connection - model.nation.dutch]
May 10, 2018 10:10:03 AM net.sf.freecol.server.networking.Server sendToAll
INFO: Reap dead connection: [DummyConnection Server connection - model.nation.iroquois]
May 10, 2018 10:10:03 AM net.sf.freecol.server.networking.Server sendToAll
INFO: Reap dead connection: [DummyConnection Server connection - model.nation.aztec]
May 10, 2018 10:10:03 AM net.sf.freecol.server.networking.Server sendToAll
INFO: Reap dead connection: [DummyConnection Server connection - model.nation.apache]
May 10, 2018 10:10:03 AM net.sf.freecol.server.networking.Server sendToAll
INFO: Reap dead connection: [DummyConnection Server connection - model.nation.spanish]
May 10, 2018 10:10:03 AM net.sf.freecol.server.networking.Server sendToAll
INFO: Reap dead connection: [DummyConnection Server connection - model.nation.cherokee]
May 10, 2018 10:10:03 AM net.sf.freecol.server.networking.Server sendToAll
INFO: Reap dead connection: [DummyConnection Server connection - model.nation.french]
May 10, 2018 10:10:03 AM net.sf.freecol.server.networking.Server sendToAll
INFO: Reap dead connection: [DummyConnection Server connection - model.nation.tupi]
May 10, 2018 10:10:03 AM net.sf.freecol.server.networking.Server sendToAll
INFO: Reap dead connection: [DummyConnection Server connection - model.nation.arawak]
May 10, 2018 10:10:03 AM net.sf.freecol.common.networking.DOMMessage clientError
WARNING: Naval unit unit:250 can not embark.
May 10, 2018 10:10:03 AM net.sf.freecol.common.networking.DOMMessage clientError
WARNING: Carrier: unit:248 can not carry unit:252: CAPACITY_EXCEEDED
May 10, 2018 10:10:03 AM net.sf.freecol.common.model.Specification applyDifficultyLevel
INFO: Applying difficulty level model.difficulty.medium
May 10, 2018 10:10:03 AM net.sf.freecol.common.FreeColSeed getFreeColSeed
INFO: Using seed: 7825768097581992675
May 10, 2018 10:10:03 AM net.sf.freecol.server.networking.Server sendToAll
INFO: Reap dead connection: [DummyConnection Server connection - model.nation.french]
May 10, 2018 10:10:03 AM net.sf.freecol.server.networking.Server sendToAll
INFO: Reap dead connection: [DummyConnection Server connection - model.nation.iroquois]
May 10, 2018 10:10:03 AM net.sf.freecol.server.networking.Server sendToAll
INFO: Reap dead connection: [DummyConnection Server connection - model.nation.english]
May 10, 2018 10:10:03 AM net.sf.freecol.server.networking.Server sendToAll
INFO: Reap dead connection: [DummyConnection Server connection - model.nation.aztec]
May 10, 2018 10:10:03 AM net.sf.freecol.server.networking.Server sendToAll
INFO: Reap dead connection: [DummyConnection Server connection - model.nation.spanish]
May 10, 2018 10:10:03 AM net.sf.freecol.server.networking.Server sendToAll
INFO: Reap dead connection: [DummyConnection Server connection - model.nation.apache]
May 10, 2018 10:10:03 AM net.sf.freecol.server.networking.Server sendToAll
INFO: Reap dead connection: [DummyConnection Server connection - model.nation.inca]
May 10, 2018 10:10:03 AM net.sf.freecol.server.networking.Server sendToAll
INFO: Reap dead connection: [DummyConnection Server connection - model.nation.sioux]
May 10, 2018 10:10:03 AM net.sf.freecol.server.networking.Server sendToAll
INFO: Reap dead connection: [DummyConnection Server connection - model.nation.cherokee]
May 10, 2018 10:10:03 AM net.sf.freecol.server.networking.Server sendToAll
INFO: Reap dead connection: [DummyConnection Server connection - model.nation.dutch]
May 10, 2018 10:10:03 AM net.sf.freecol.server.networking.Server sendToAll
INFO: Reap dead connection: [DummyConnection Server connection - model.nation.tupi]
May 10, 2018 10:10:03 AM net.sf.freecol.server.networking.Server sendToAll
INFO: Reap dead connection: [DummyConnection Server connection - model.nation.arawak]
May 10, 2018 10:10:03 AM net.sf.freecol.server.model.ServerPlayer csChangeStance
INFO: Stance modification William I UNCONTACTED -> WAR wrt Louis XIV
May 10, 2018 10:10:03 AM net.sf.freecol.server.model.ServerPlayer csChangeStance
INFO: Stance modification Louis XIV UNCONTACTED -> WAR wrt William I (symmetric)
May 10, 2018 10:10:03 AM net.sf.freecol.common.util.LogBuilder log
INFO: Combat attacker=unit:247-veteranSoldier-soldier [Modifier model.modifier.offence (model.source.baseOffence) ADDITIVE 0.0 index=10] [Modifier model.modifier.offence (model.role.soldier) ADDITIVE 2.0 index=30] [Modifier model.modifier.offence (model.unit.veteranSoldier) PERCENTAGE 50.0 index=40] [Modifier model.modifier.attackBonus (model.source.attackBonus) PERCENTAGE 50.0 index=50] = 4.5 defender=unit:248-freeColonist-soldier [Modifier model.modifier.defence (model.source.baseDefence) ADDITIVE 1.0 index=10] [Modifier model.modifier.defence (model.role.soldier) ADDITIVE 1.0 index=30] = 2.0 odds=0.6923076923076923 random(1.0)=0.7123076915740967 great=false Attack LOSE LOSE_EQUIP
May 10, 2018 10:10:03 AM net.sf.freecol.common.util.LogBuilder log
INFO: Combat attacker=unit:247-veteranSoldier [Modifier model.modifier.offence (model.source.baseOffence) ADDITIVE 0.0 index=10] [Modifier model.modifier.offence (model.unit.veteranSoldier) PERCENTAGE 50.0 index=40] [Modifier model.modifier.attackBonus (model.source.attackBonus) PERCENTAGE 50.0 index=50] = 0.0 defender=unit:248-freeColonist-soldier [Modifier model.modifier.defence (model.source.baseDefence) ADDITIVE 1.0 index=10] [Modifier model.modifier.defence (model.role.soldier) ADDITIVE 1.0 index=30] = 2.0 odds=0.0 random(1.0)=0.019999999552965164 great=false Attack LOSE CAPTURE_UNIT
May 10, 2018 10:10:03 AM net.sf.freecol.common.model.Specification applyDifficultyLevel
INFO: Applying difficulty level model.difficulty.medium
May 10, 2018 10:10:03 AM net.sf.freecol.common.FreeColSeed getFreeColSeed
INFO: Using seed: -1361601708739435724
May 10, 2018 10:10:03 AM net.sf.freecol.server.networking.Server sendToAll
INFO: Reap dead connection: [DummyConnection Server connection - model.nation.cherokee]
May 10, 2018 10:10:03 AM net.sf.freecol.server.networking.Server sendToAll
INFO: Reap dead connection: [DummyConnection Server connection - model.nation.sioux]
May 10, 2018 10:10:03 AM net.sf.freecol.server.networking.Server sendToAll
INFO: Reap dead connection: [DummyConnection Server connection - model.nation.aztec]
May 10, 2018 10:10:03 AM net.sf.freecol.server.networking.Server sendToAll
INFO: Reap dead connection: [DummyConnection Server connection - model.nation.apache]
May 10, 2018 10:10:03 AM net.sf.freecol.server.networking.Server sendToAll
INFO: Reap dead connection: [DummyConnection Server connection - model.nation.spanish]
May 10, 2018 10:10:03 AM net.sf.freecol.server.networking.Server sendToAll
INFO: Reap dead connection: [DummyConnection Server connection - model.nation.english]
May 10, 2018 10:10:03 AM net.sf.freecol.server.networking.Server sendToAll
INFO: Reap dead connection: [DummyConnection Server connection - model.nation.dutch]
May 10, 2018 10:10:03 AM net.sf.freecol.server.networking.Server sendToAll
INFO: Reap dead connection: [DummyConnection Server connection - model.nation.inca]
May 10, 2018 10:10:03 AM net.sf.freecol.server.networking.Server sendToAll
INFO: Reap dead connection: [DummyConnection Server connection - model.nation.iroquois]
May 10, 2018 10:10:03 AM net.sf.freecol.server.networking.Server sendToAll
INFO: Reap dead connection: [DummyConnection Server connection - model.nation.tupi]
May 10, 2018 10:10:03 AM net.sf.freecol.server.networking.Server sendToAll
INFO: Reap dead connection: [DummyConnection Server connection - model.nation.french]
May 10, 2018 10:10:03 AM net.sf.freecol.server.networking.Server sendToAll
INFO: Reap dead connection: [DummyConnection Server connection - model.nation.arawak]
May 10, 2018 10:10:03 AM net.sf.freecol.server.model.ServerPlayer csChangeStance
INFO: Stance modification William I UNCONTACTED -> WAR wrt Atahualpa
May 10, 2018 10:10:03 AM net.sf.freecol.server.model.ServerPlayer csChangeStance
INFO: Stance modification Atahualpa UNCONTACTED -> WAR wrt William I (symmetric)
May 10, 2018 10:10:03 AM net.sf.freecol.common.util.LogBuilder log
INFO: Combat attacker=unit:271-brave-nativeDragoon [Modifier model.modifier.offence (model.source.baseOffence) ADDITIVE 1.0 index=10] [Modifier model.modifier.offence (model.role.nativeDragoon) ADDITIVE 3.0 index=30] [Modifier model.modifier.attackBonus (model.source.attackBonus) PERCENTAGE 50.0 index=50] = 6.0 defender=unit:270-freeColonist [Modifier model.modifier.defence (model.source.baseDefence) ADDITIVE 1.0 index=10] [Modifier model.modifier.defence (model.role.soldier) ADDITIVE 1.0 index=30] [Modifier model.modifier.defence (model.settlement.colony) PERCENTAGE 50.0 index=50] = 3.0 odds=0.6666666666666666 random(1.0)=0.6466666460037231 great=false Attack WIN AUTOEQUIP_UNIT LOSE_AUTOEQUIP
May 10, 2018 10:10:03 AM net.sf.freecol.common.model.Specification applyDifficultyLevel
INFO: Applying difficulty level model.difficulty.medium
May 10, 2018 10:10:03 AM net.sf.freecol.common.FreeColSeed getFreeColSeed
INFO: Using seed: 5439676689252226397
May 10, 2018 10:10:03 AM net.sf.freecol.server.networking.Server sendToAll
INFO: Reap dead connection: [DummyConnection Server connection - model.nation.aztec]
May 10, 2018 10:10:03 AM net.sf.freecol.server.networking.Server sendToAll
INFO: Reap dead connection: [DummyConnection Server connection - model.nation.french]
May 10, 2018 10:10:03 AM net.sf.freecol.server.networking.Server sendToAll
INFO: Reap dead connection: [DummyConnection Server connection - model.nation.arawak]
May 10, 2018 10:10:03 AM net.sf.freecol.server.networking.Server sendToAll
INFO: Reap dead connection: [DummyConnection Server connection - model.nation.iroquois]
May 10, 2018 10:10:03 AM net.sf.freecol.server.networking.Server sendToAll
INFO: Reap dead connection: [DummyConnection Server connection - model.nation.apache]
May 10, 2018 10:10:03 AM net.sf.freecol.server.networking.Server sendToAll
INFO: Reap dead connection: [DummyConnection Server connection - model.nation.sioux]
May 10, 2018 10:10:03 AM net.sf.freecol.server.networking.Server sendToAll
INFO: Reap dead connection: [DummyConnection Server connection - model.nation.dutch]
May 10, 2018 10:10:03 AM net.sf.freecol.server.networking.Server sendToAll
INFO: Reap dead connection: [DummyConnection Server connection - model.nation.spanish]
May 10, 2018 10:10:03 AM net.sf.freecol.server.networking.Server sendToAll
INFO: Reap dead connection: [DummyConnection Server connection - model.nation.tupi]
May 10, 2018 10:10:03 AM net.sf.freecol.server.networking.Server sendToAll
INFO: Reap dead connection: [DummyConnection Server connection - model.nation.cherokee]
May 10, 2018 10:10:03 AM net.sf.freecol.server.networking.Server sendToAll
INFO: Reap dead connection: [DummyConnection Server connection - model.nation.english]
May 10, 2018 10:10:03 AM net.sf.freecol.server.networking.Server sendToAll
INFO: Reap dead connection: [DummyConnection Server connection - model.nation.inca]
May 10, 2018 10:10:03 AM net.sf.freecol.common.model.Specification applyDifficultyLevel
INFO: Applying difficulty level model.difficulty.medium
May 10, 2018 10:10:03 AM net.sf.freecol.common.FreeColSeed getFreeColSeed
INFO: Using seed: 3876216225466693782
May 10, 2018 10:10:03 AM net.sf.freecol.server.networking.Server sendToAll
INFO: Reap dead connection: [DummyConnection Server connection - model.nation.iroquois]
May 10, 2018 10:10:03 AM net.sf.freecol.server.networking.Server sendToAll
INFO: Reap dead connection: [DummyConnection Server connection - model.nation.english]
May 10, 2018 10:10:03 AM net.sf.freecol.server.networking.Server sendToAll
INFO: Reap dead connection: [DummyConnection Server connection - model.nation.tupi]
May 10, 2018 10:10:03 AM net.sf.freecol.server.networking.Server sendToAll
INFO: Reap dead connection: [DummyConnection Server connection - model.nation.spanish]
May 10, 2018 10:10:03 AM net.sf.freecol.server.networking.Server sendToAll
INFO: Reap dead connection: [DummyConnection Server connection - model.nation.dutch]
May 10, 2018 10:10:03 AM net.sf.freecol.server.networking.Server sendToAll
INFO: Reap dead connection: [DummyConnection Server connection - model.nation.sioux]
May 10, 2018 10:10:03 AM net.sf.freecol.server.networking.Server sendToAll
INFO: Reap dead connection: [DummyConnection Server connection - model.nation.apache]
May 10, 2018 10:10:03 AM net.sf.freecol.server.networking.Server sendToAll
INFO: Reap dead connection: [DummyConnection Server connection - model.nation.aztec]
May 10, 2018 10:10:03 AM net.sf.freecol.server.networking.Server sendToAll
INFO: Reap dead connection: [DummyConnection Server connection - model.nation.french]
May 10, 2018 10:10:03 AM net.sf.freecol.server.networking.Server sendToAll
INFO: Reap dead connection: [DummyConnection Server connection - model.nation.inca]
May 10, 2018 10:10:03 AM net.sf.freecol.server.networking.Server sendToAll
INFO: Reap dead connection: [DummyConnection Server connection - model.nation.arawak]
May 10, 2018 10:10:03 AM net.sf.freecol.server.networking.Server sendToAll
INFO: Reap dead connection: [DummyConnection Server connection - model.nation.cherokee]
May 10, 2018 10:10:03 AM net.sf.freecol.server.model.ServerPlayer csChangeStance
INFO: Stance modification William I UNCONTACTED -> WAR wrt Louis XIV
May 10, 2018 10:10:03 AM net.sf.freecol.server.model.ServerPlayer csChangeStance
INFO: Stance modification Louis XIV UNCONTACTED -> WAR wrt William I (symmetric)
May 10, 2018 10:10:03 AM net.sf.freecol.common.util.LogBuilder log
INFO: Combat attacker=unit:247-freeColonist [Modifier model.modifier.offence (model.source.baseOffence) ADDITIVE 0.0 index=10] [Modifier model.modifier.attackBonus (model.source.attackBonus) PERCENTAGE 50.0 index=50] = 0.0 defender=unit:248-freeColonist-soldier [Modifier model.modifier.defence (model.source.baseDefence) ADDITIVE 1.0 index=10] [Modifier model.modifier.defence (model.role.soldier) ADDITIVE 1.0 index=30] = 2.0 odds=0.0 random(1.0)=0.019999999552965164 great=false Attack LOSE CAPTURE_UNIT
May 10, 2018 10:10:03 AM net.sf.freecol.common.model.Specification applyDifficultyLevel
INFO: Applying difficulty level model.difficulty.medium
May 10, 2018 10:10:03 AM net.sf.freecol.common.FreeColSeed getFreeColSeed
INFO: Using seed: 2297930180319188748
May 10, 2018 10:10:03 AM net.sf.freecol.server.networking.Server sendToAll
INFO: Reap dead connection: [DummyConnection Server connection - model.nation.apache]
May 10, 2018 10:10:03 AM net.sf.freecol.server.networking.Server sendToAll
INFO: Reap dead connection: [DummyConnection Server connection - model.nation.dutch]
May 10, 2018 10:10:03 AM net.sf.freecol.server.networking.Server sendToAll
INFO: Reap dead connection: [DummyConnection Server connection - model.nation.inca]
May 10, 2018 10:10:03 AM net.sf.freecol.server.networking.Server sendToAll
INFO: Reap dead connection: [DummyConnection Server connection - model.nation.iroquois]
May 10, 2018 10:10:03 AM net.sf.freecol.server.networking.Server sendToAll
INFO: Reap dead connection: [DummyConnection Server connection - model.nation.french]
May 10, 2018 10:10:03 AM net.sf.freecol.server.networking.Server sendToAll
INFO: Reap dead connection: [DummyConnection Server connection - model.nation.cherokee]
May 10, 2018 10:10:03 AM net.sf.freecol.server.networking.Server sendToAll
INFO: Reap dead connection: [DummyConnection Server connection - model.nation.spanish]
May 10, 2018 10:10:03 AM net.sf.freecol.server.networking.Server sendToAll
INFO: Reap dead connection: [DummyConnection Server connection - model.nation.english]
May 10, 2018 10:10:03 AM net.sf.freecol.server.networking.Server sendToAll
INFO: Reap dead connection: [DummyConnection Server connection - model.nation.aztec]
May 10, 2018 10:10:03 AM net.sf.freecol.server.networking.Server sendToAll
INFO: Reap dead connection: [DummyConnection Server connection - model.nation.tupi]
May 10, 2018 10:10:03 AM net.sf.freecol.server.networking.Server sendToAll
INFO: Reap dead connection: [DummyConnection Server connection - model.nation.sioux]
May 10, 2018 10:10:03 AM net.sf.freecol.server.networking.Server sendToAll
INFO: Reap dead connection: [DummyConnection Server connection - model.nation.arawak]
May 10, 2018 10:10:03 AM net.sf.freecol.server.model.ServerPlayer csChangeStance
INFO: Stance modification William I UNCONTACTED -> WAR wrt Louis XIV
May 10, 2018 10:10:03 AM net.sf.freecol.server.model.ServerPlayer csChangeStance
INFO: Stance modification Louis XIV UNCONTACTED -> WAR wrt William I (symmetric)
May 10, 2018 10:10:03 AM net.sf.freecol.common.util.LogBuilder log
INFO: Combat attacker=unit:247-freeColonist-scout [Modifier model.modifier.offence (model.source.baseOffence) ADDITIVE 0.0 index=10] [Modifier model.modifier.offence (model.role.scout) ADDITIVE 1.0 index=30] [Modifier model.modifier.attackBonus (model.source.attackBonus) PERCENTAGE 50.0 index=50] = 1.5 defender=unit:248-freeColonist-soldier [Modifier model.modifier.defence (model.source.baseDefence) ADDITIVE 1.0 index=10] [Modifier model.modifier.defence (model.role.soldier) ADDITIVE 1.0 index=30] = 2.0 odds=0.42857142857142855 random(1.0)=0.44857141375541687 great=false Attack LOSE SLAUGHTER_UNIT
May 10, 2018 10:10:03 AM net.sf.freecol.common.util.LogBuilder log
INFO: Destroying: unit:247
May 10, 2018 10:10:03 AM net.sf.freecol.common.model.Specification applyDifficultyLevel
INFO: Applying difficulty level model.difficulty.medium
May 10, 2018 10:10:03 AM net.sf.freecol.common.FreeColSeed getFreeColSeed
INFO: Using seed: -671944084185290702
May 10, 2018 10:10:03 AM net.sf.freecol.server.networking.Server sendToAll
INFO: Reap dead connection: [DummyConnection Server connection - model.nation.sioux]
May 10, 2018 10:10:03 AM net.sf.freecol.server.networking.Server sendToAll
INFO: Reap dead connection: [DummyConnection Server connection - model.nation.spanish]
May 10, 2018 10:10:03 AM net.sf.freecol.server.networking.Server sendToAll
INFO: Reap dead connection: [DummyConnection Server connection - model.nation.english]
May 10, 2018 10:10:03 AM net.sf.freecol.server.networking.Server sendToAll
INFO: Reap dead connection: [DummyConnection Server connection - model.nation.iroquois]
May 10, 2018 10:10:03 AM net.sf.freecol.server.networking.Server sendToAll
INFO: Reap dead connection: [DummyConnection Server connection - model.nation.cherokee]
May 10, 2018 10:10:03 AM net.sf.freecol.server.networking.Server sendToAll
INFO: Reap dead connection: [DummyConnection Server connection - model.nation.apache]
May 10, 2018 10:10:03 AM net.sf.freecol.server.networking.Server sendToAll
INFO: Reap dead connection: [DummyConnection Server connection - model.nation.inca]
May 10, 2018 10:10:03 AM net.sf.freecol.server.networking.Server sendToAll
INFO: Reap dead connection: [DummyConnection Server connection - model.nation.french]
May 10, 2018 10:10:03 AM net.sf.freecol.server.networking.Server sendToAll
INFO: Reap dead connection: [DummyConnection Server connection - model.nation.arawak]
May 10, 2018 10:10:03 AM net.sf.freecol.server.networking.Server sendToAll
INFO: Reap dead connection: [DummyConnection Server connection - model.nation.aztec]
May 10, 2018 10:10:03 AM net.sf.freecol.server.networking.Server sendToAll
INFO: Reap dead connection: [DummyConnection Server connection - model.nation.dutch]
May 10, 2018 10:10:03 AM net.sf.freecol.server.networking.Server sendToAll
INFO: Reap dead connection: [DummyConnection Server connection - model.nation.tupi]
May 10, 2018 10:10:03 AM net.sf.freecol.common.model.Specification applyDifficultyLevel
INFO: Applying difficulty level model.difficulty.medium
May 10, 2018 10:10:03 AM net.sf.freecol.common.FreeColSeed getFreeColSeed
INFO: Using seed: 4167604709899883939
May 10, 2018 10:10:03 AM net.sf.freecol.server.networking.Server sendToAll
INFO: Reap dead connection: [DummyConnection Server connection - model.nation.sioux]
May 10, 2018 10:10:03 AM net.sf.freecol.server.networking.Server sendToAll
INFO: Reap dead connection: [DummyConnection Server connection - model.nation.dutch]
May 10, 2018 10:10:03 AM net.sf.freecol.server.networking.Server sendToAll
INFO: Reap dead connection: [DummyConnection Server connection - model.nation.cherokee]
May 10, 2018 10:10:03 AM net.sf.freecol.server.networking.Server sendToAll
INFO: Reap dead connection: [DummyConnection Server connection - model.nation.tupi]
May 10, 2018 10:10:03 AM net.sf.freecol.server.networking.Server sendToAll
INFO: Reap dead connection: [DummyConnection Server connection - model.nation.spanish]
May 10, 2018 10:10:03 AM net.sf.freecol.server.networking.Server sendToAll
INFO: Reap dead connection: [DummyConnection Server connection - model.nation.arawak]
May 10, 2018 10:10:03 AM net.sf.freecol.server.networking.Server sendToAll
INFO: Reap dead connection: [DummyConnection Server connection - model.nation.french]
May 10, 2018 10:10:03 AM net.sf.freecol.server.networking.Server sendToAll
INFO: Reap dead connection: [DummyConnection Server connection - model.nation.inca]
May 10, 2018 10:10:03 AM net.sf.freecol.server.networking.Server sendToAll
INFO: Reap dead connection: [DummyConnection Server connection - model.nation.english]
May 10, 2018 10:10:03 AM net.sf.freecol.server.networking.Server sendToAll
INFO: Reap dead connection: [DummyConnection Server connection - model.nation.aztec]
May 10, 2018 10:10:03 AM net.sf.freecol.server.networking.Server sendToAll
INFO: Reap dead connection: [DummyConnection Server connection - model.nation.iroquois]
May 10, 2018 10:10:03 AM net.sf.freecol.server.networking.Server sendToAll
INFO: Reap dead connection: [DummyConnection Server connection - model.nation.apache]
May 10, 2018 10:10:03 AM net.sf.freecol.server.model.ServerPlayer csChangeStance
INFO: Stance modification William I UNCONTACTED -> WAR wrt Atahualpa
May 10, 2018 10:10:03 AM net.sf.freecol.server.model.ServerPlayer csChangeStance
INFO: Stance modification Atahualpa UNCONTACTED -> WAR wrt William I (symmetric)
May 10, 2018 10:10:03 AM net.sf.freecol.common.util.LogBuilder log
INFO: Combat attacker=unit:272-brave-nativeDragoon [Modifier model.modifier.offence (model.source.baseOffence) ADDITIVE 1.0 index=10] [Modifier model.modifier.offence (model.role.nativeDragoon) ADDITIVE 3.0 index=30] [Modifier model.modifier.attackBonus (model.source.attackBonus) PERCENTAGE 50.0 index=50] = 6.0 defender=unit:271-veteranSoldier-dragoon [Modifier model.modifier.defence (model.source.baseDefence) ADDITIVE 1.0 index=10] [Modifier model.modifier.defence (model.role.dragoon) ADDITIVE 2.0 index=30] [Modifier model.modifier.defence (model.unit.veteranSoldier) PERCENTAGE 50.0 index=40] [Modifier model.modifier.defence (model.settlement.colony) PERCENTAGE 50.0 index=50] = 6.75 odds=0.47058823529411764 random(1.0)=0.4505882263183594 great=false Attack WIN LOSE_EQUIP
May 10, 2018 10:10:03 AM net.sf.freecol.common.util.LogBuilder log
INFO: Combat attacker=unit:272-brave-nativeDragoon [Modifier model.modifier.offence (model.source.baseOffence) ADDITIVE 1.0 index=10] [Modifier model.modifier.offence (model.role.nativeDragoon) ADDITIVE 3.0 index=30] [Modifier model.modifier.attackBonus (model.source.attackBonus) PERCENTAGE 50.0 index=50] = 6.0 defender=unit:271-veteranSoldier-soldier [Modifier model.modifier.defence (model.source.baseDefence) ADDITIVE 1.0 index=10] [Modifier model.modifier.defence (model.role.soldier) ADDITIVE 1.0 index=30] [Modifier model.modifier.defence (model.unit.veteranSoldier) PERCENTAGE 50.0 index=40] [Modifier model.modifier.defence (model.settlement.colony) PERCENTAGE 50.0 index=50] = 4.5 odds=0.5714285714285714 random(1.0)=0.5514285564422607 great=false Attack WIN LOSE_EQUIP
May 10, 2018 10:10:03 AM net.sf.freecol.common.util.LogBuilder log
INFO: Combat attacker=unit:272-brave-nativeDragoon [Modifier model.modifier.offence (model.source.baseOffence) ADDITIVE 1.0 index=10] [Modifier model.modifier.offence (model.role.nativeDragoon) ADDITIVE 3.0 index=30] [Modifier model.modifier.attackBonus (model.source.attackBonus) PERCENTAGE 50.0 index=50] = 6.0 defender=unit:271-veteranSoldier [Modifier model.modifier.defence (model.source.baseDefence) ADDITIVE 1.0 index=10] [Modifier model.modifier.defence (model.unit.veteranSoldier) PERCENTAGE 50.0 index=40] [Modifier model.modifier.defence (model.settlement.colony) PERCENTAGE 50.0 index=50] = 2.25 odds=0.7272727272727273 random(1.0)=0.7072727084159851 great=false Attack WIN SLAUGHTER_UNIT
May 10, 2018 10:10:03 AM net.sf.freecol.common.util.LogBuilder log
INFO: Destroying: unit:271
May 10, 2018 10:10:03 AM net.sf.freecol.common.util.LogBuilder log
INFO: Combat attacker=unit:272-brave-nativeDragoon [Modifier model.modifier.offence (model.source.baseOffence) ADDITIVE 1.0 index=10] [Modifier model.modifier.offence (model.role.nativeDragoon) ADDITIVE 3.0 index=30] [Modifier model.modifier.attackBonus (model.source.attackBonus) PERCENTAGE 50.0 index=50] = 6.0 defender=unit:270-freeColonist [Modifier model.modifier.defence (model.source.baseDefence) ADDITIVE 1.0 index=10] [Modifier model.modifier.defence (model.settlement.colony) PERCENTAGE 50.0 index=50] = 1.5 odds=0.8 random(1.0)=0.7799999713897705 great=false Attack WIN PILLAGE_COLONY
May 10, 2018 10:10:03 AM net.sf.freecol.common.util.LogBuilder log
INFO: Destroying: building:274
May 10, 2018 10:10:03 AM net.sf.freecol.common.util.LogBuilder log
INFO: Combat attacker=unit:272-brave-nativeDragoon [Modifier model.modifier.offence (model.source.baseOffence) ADDITIVE 1.0 index=10] [Modifier model.modifier.offence (model.role.nativeDragoon) ADDITIVE 3.0 index=30] [Modifier model.modifier.attackBonus (model.source.attackBonus) PERCENTAGE 50.0 index=50] = 6.0 defender=unit:270-freeColonist [Modifier model.modifier.defence (model.source.baseDefence) ADDITIVE 1.0 index=10] [Modifier model.modifier.defence (model.settlement.colony) PERCENTAGE 50.0 index=50] = 1.5 odds=0.8 random(1.0)=0.7799999713897705 great=false Attack WIN PILLAGE_COLONY
May 10, 2018 10:10:03 AM net.sf.freecol.common.util.LogBuilder log
INFO: Combat attacker=unit:272-brave-nativeDragoon [Modifier model.modifier.offence (model.source.baseOffence) ADDITIVE 1.0 index=10] [Modifier model.modifier.offence (model.role.nativeDragoon) ADDITIVE 3.0 index=30] [Modifier model.modifier.attackBonus (model.source.attackBonus) PERCENTAGE 50.0 index=50] = 6.0 defender=unit:270-freeColonist [Modifier model.modifier.defence (model.source.baseDefence) ADDITIVE 1.0 index=10] [Modifier model.modifier.defence (model.settlement.colony) PERCENTAGE 50.0 index=50] = 1.5 odds=0.8 random(1.0)=0.7799999713897705 great=false Attack WIN PILLAGE_COLONY
May 10, 2018 10:10:03 AM net.sf.freecol.common.util.LogBuilder log
INFO: Combat attacker=unit:272-brave-nativeDragoon [Modifier model.modifier.offence (model.source.baseOffence) ADDITIVE 1.0 index=10] [Modifier model.modifier.offence (model.role.nativeDragoon) ADDITIVE 3.0 index=30] [Modifier model.modifier.attackBonus (model.source.attackBonus) PERCENTAGE 50.0 index=50] = 6.0 defender=unit:270-freeColonist [Modifier model.modifier.defence (model.source.baseDefence) ADDITIVE 1.0 index=10] [Modifier model.modifier.defence (model.settlement.colony) PERCENTAGE 50.0 index=50] = 1.5 odds=0.8 random(1.0)=0.7799999713897705 great=false Attack WIN PILLAGE_COLONY
May 10, 2018 10:10:03 AM net.sf.freecol.common.util.LogBuilder log
INFO: Combat attacker=unit:272-brave-nativeDragoon [Modifier model.modifier.offence (model.source.baseOffence) ADDITIVE 1.0 index=10] [Modifier model.modifier.offence (model.role.nativeDragoon) ADDITIVE 3.0 index=30] [Modifier model.modifier.attackBonus (model.source.attackBonus) PERCENTAGE 50.0 index=50] = 6.0 defender=unit:270-freeColonist [Modifier model.modifier.defence (model.source.baseDefence) ADDITIVE 1.0 index=10] [Modifier model.modifier.defence (model.settlement.colony) PERCENTAGE 50.0 index=50] = 1.5 odds=0.8 random(1.0)=0.7799999713897705 great=false Attack WIN SLAUGHTER_UNIT DESTROY_COLONY
May 10, 2018 10:10:03 AM net.sf.freecol.common.util.LogBuilder log
INFO: Destroying: unit:270
May 10, 2018 10:10:03 AM net.sf.freecol.common.util.LogBuilder log
INFO: Destroying: colonyTile:249 colonyTile:250 colonyTile:251 colonyTile:252 colonyTile:253 colonyTile:254 colonyTile:255 colonyTile:256 colonyTile:257 building:258 building:260 building:259 building:262 building:266 building:267 building:261 building:263 building:264 building:265 goodsContainer:248 colony:247
May 10, 2018 10:10:03 AM net.sf.freecol.common.model.Specification applyDifficultyLevel
INFO: Applying difficulty level model.difficulty.medium
May 10, 2018 10:10:03 AM net.sf.freecol.common.FreeColSeed getFreeColSeed
INFO: Using seed: -1910413174313170438
May 10, 2018 10:10:03 AM net.sf.freecol.server.networking.Server sendToAll
INFO: Reap dead connection: [DummyConnection Server connection - model.nation.english]
May 10, 2018 10:10:03 AM net.sf.freecol.server.networking.Server sendToAll
INFO: Reap dead connection: [DummyConnection Server connection - model.nation.inca]
May 10, 2018 10:10:03 AM net.sf.freecol.server.networking.Server sendToAll
INFO: Reap dead connection: [DummyConnection Server connection - model.nation.iroquois]
May 10, 2018 10:10:03 AM net.sf.freecol.server.networking.Server sendToAll
INFO: Reap dead connection: [DummyConnection Server connection - model.nation.apache]
May 10, 2018 10:10:03 AM net.sf.freecol.server.networking.Server sendToAll
INFO: Reap dead connection: [DummyConnection Server connection - model.nation.sioux]
May 10, 2018 10:10:03 AM net.sf.freecol.server.networking.Server sendToAll
INFO: Reap dead connection: [DummyConnection Server connection - model.nation.aztec]
May 10, 2018 10:10:03 AM net.sf.freecol.server.networking.Server sendToAll
INFO: Reap dead connection: [DummyConnection Server connection - model.nation.tupi]
May 10, 2018 10:10:03 AM net.sf.freecol.server.networking.Server sendToAll
INFO: Reap dead connection: [DummyConnection Server connection - model.nation.cherokee]
May 10, 2018 10:10:03 AM net.sf.freecol.server.networking.Server sendToAll
INFO: Reap dead connection: [DummyConnection Server connection - model.nation.dutch]
May 10, 2018 10:10:03 AM net.sf.freecol.server.networking.Server sendToAll
INFO: Reap dead connection: [DummyConnection Server connection - model.nation.arawak]
May 10, 2018 10:10:03 AM net.sf.freecol.server.networking.Server sendToAll
INFO: Reap dead connection: [DummyConnection Server connection - model.nation.spanish]
May 10, 2018 10:10:03 AM net.sf.freecol.server.networking.Server sendToAll
INFO: Reap dead connection: [DummyConnection Server connection - model.nation.french]
May 10, 2018 10:10:03 AM net.sf.freecol.common.model.Specification applyDifficultyLevel
INFO: Applying difficulty level model.difficulty.medium
May 10, 2018 10:10:03 AM net.sf.freecol.common.FreeColSeed getFreeColSeed
INFO: Using seed: 3083749436854508736
May 10, 2018 10:10:03 AM net.sf.freecol.server.networking.Server sendToAll
INFO: Reap dead connection: [DummyConnection Server connection - model.nation.iroquois]
May 10, 2018 10:10:03 AM net.sf.freecol.server.networking.Server sendToAll
INFO: Reap dead connection: [DummyConnection Server connection - model.nation.tupi]
May 10, 2018 10:10:03 AM net.sf.freecol.server.networking.Server sendToAll
INFO: Reap dead connection: [DummyConnection Server connection - model.nation.arawak]
May 10, 2018 10:10:03 AM net.sf.freecol.server.networking.Server sendToAll
INFO: Reap dead connection: [DummyConnection Server connection - model.nation.french]
May 10, 2018 10:10:03 AM net.sf.freecol.server.networking.Server sendToAll
INFO: Reap dead connection: [DummyConnection Server connection - model.nation.apache]
May 10, 2018 10:10:03 AM net.sf.freecol.server.networking.Server sendToAll
INFO: Reap dead connection: [DummyConnection Server connection - model.nation.sioux]
May 10, 2018 10:10:03 AM net.sf.freecol.server.networking.Server sendToAll
INFO: Reap dead connection: [DummyConnection Server connection - model.nation.cherokee]
May 10, 2018 10:10:03 AM net.sf.freecol.server.networking.Server sendToAll
INFO: Reap dead connection: [DummyConnection Server connection - model.nation.spanish]
May 10, 2018 10:10:03 AM net.sf.freecol.server.networking.Server sendToAll
INFO: Reap dead connection: [DummyConnection Server connection - model.nation.dutch]
May 10, 2018 10:10:03 AM net.sf.freecol.server.networking.Server sendToAll
INFO: Reap dead connection: [DummyConnection Server connection - model.nation.english]
May 10, 2018 10:10:03 AM net.sf.freecol.server.networking.Server sendToAll
INFO: Reap dead connection: [DummyConnection Server connection - model.nation.inca]
May 10, 2018 10:10:03 AM net.sf.freecol.server.networking.Server sendToAll
INFO: Reap dead connection: [DummyConnection Server connection - model.nation.aztec]
May 10, 2018 10:10:03 AM net.sf.freecol.common.model.Specification applyDifficultyLevel
INFO: Applying difficulty level model.difficulty.medium
May 10, 2018 10:10:03 AM net.sf.freecol.common.FreeColSeed getFreeColSeed
INFO: Using seed: 2325209945408039907
May 10, 2018 10:10:03 AM net.sf.freecol.server.networking.Server sendToAll
INFO: Reap dead connection: [DummyConnection Server connection - model.nation.iroquois]
May 10, 2018 10:10:03 AM net.sf.freecol.server.networking.Server sendToAll
INFO: Reap dead connection: [DummyConnection Server connection - model.nation.spanish]
May 10, 2018 10:10:03 AM net.sf.freecol.server.networking.Server sendToAll
INFO: Reap dead connection: [DummyConnection Server connection - model.nation.inca]
May 10, 2018 10:10:03 AM net.sf.freecol.server.networking.Server sendToAll
INFO: Reap dead connection: [DummyConnection Server connection - model.nation.tupi]
May 10, 2018 10:10:03 AM net.sf.freecol.server.networking.Server sendToAll
INFO: Reap dead connection: [DummyConnection Server connection - model.nation.dutch]
May 10, 2018 10:10:03 AM net.sf.freecol.server.networking.Server sendToAll
INFO: Reap dead connection: [DummyConnection Server connection - model.nation.apache]
May 10, 2018 10:10:03 AM net.sf.freecol.server.networking.Server sendToAll
INFO: Reap dead connection: [DummyConnection Server connection - model.nation.aztec]
May 10, 2018 10:10:03 AM net.sf.freecol.server.networking.Server sendToAll
INFO: Reap dead connection: [DummyConnection Server connection - model.nation.sioux]
May 10, 2018 10:10:03 AM net.sf.freecol.server.networking.Server sendToAll
INFO: Reap dead connection: [DummyConnection Server connection - model.nation.english]
May 10, 2018 10:10:03 AM net.sf.freecol.server.networking.Server sendToAll
INFO: Reap dead connection: [DummyConnection Server connection - model.nation.french]
May 10, 2018 10:10:03 AM net.sf.freecol.server.networking.Server sendToAll
INFO: Reap dead connection: [DummyConnection Server connection - model.nation.cherokee]
May 10, 2018 10:10:03 AM net.sf.freecol.server.networking.Server sendToAll
INFO: Reap dead connection: [DummyConnection Server connection - model.nation.arawak]
May 10, 2018 10:10:03 AM net.sf.freecol.common.model.Specification applyDifficultyLevel
INFO: Applying difficulty level model.difficulty.medium
May 10, 2018 10:10:03 AM net.sf.freecol.common.FreeColSeed getFreeColSeed
INFO: Using seed: -4527755392738838447
May 10, 2018 10:10:03 AM net.sf.freecol.server.networking.Server sendToAll
INFO: Reap dead connection: [DummyConnection Server connection - model.nation.aztec]
May 10, 2018 10:10:03 AM net.sf.freecol.server.networking.Server sendToAll
INFO: Reap dead connection: [DummyConnection Server connection - model.nation.cherokee]
May 10, 2018 10:10:03 AM net.sf.freecol.server.networking.Server sendToAll
INFO: Reap dead connection: [DummyConnection Server connection - model.nation.tupi]
May 10, 2018 10:10:03 AM net.sf.freecol.server.networking.Server sendToAll
INFO: Reap dead connection: [DummyConnection Server connection - model.nation.iroquois]
May 10, 2018 10:10:03 AM net.sf.freecol.server.networking.Server sendToAll
INFO: Reap dead connection: [DummyConnection Server connection - model.nation.english]
May 10, 2018 10:10:03 AM net.sf.freecol.server.networking.Server sendToAll
INFO: Reap dead connection: [DummyConnection Server connection - model.nation.apache]
May 10, 2018 10:10:03 AM net.sf.freecol.server.networking.Server sendToAll
INFO: Reap dead connection: [DummyConnection Server connection - model.nation.dutch]
May 10, 2018 10:10:03 AM net.sf.freecol.server.networking.Server sendToAll
INFO: Reap dead connection: [DummyConnection Server connection - model.nation.arawak]
May 10, 2018 10:10:03 AM net.sf.freecol.server.networking.Server sendToAll
INFO: Reap dead connection: [DummyConnection Server connection - model.nation.sioux]
May 10, 2018 10:10:03 AM net.sf.freecol.server.networking.Server sendToAll
INFO: Reap dead connection: [DummyConnection Server connection - model.nation.inca]
May 10, 2018 10:10:03 AM net.sf.freecol.server.networking.Server sendToAll
INFO: Reap dead connection: [DummyConnection Server connection - model.nation.french]
May 10, 2018 10:10:03 AM net.sf.freecol.server.networking.Server sendToAll
INFO: Reap dead connection: [DummyConnection Server connection - model.nation.spanish]
May 10, 2018 10:10:03 AM net.sf.freecol.common.model.Specification applyDifficultyLevel
INFO: Applying difficulty level model.difficulty.medium
May 10, 2018 10:10:03 AM net.sf.freecol.common.FreeColSeed getFreeColSeed
INFO: Using seed: -7198916604610251102
May 10, 2018 10:10:04 AM net.sf.freecol.server.networking.Server sendToAll
INFO: Reap dead connection: [DummyConnection Server connection - model.nation.sioux]
May 10, 2018 10:10:04 AM net.sf.freecol.server.networking.Server sendToAll
INFO: Reap dead connection: [DummyConnection Server connection - model.nation.french]
May 10, 2018 10:10:04 AM net.sf.freecol.server.networking.Server sendToAll
INFO: Reap dead connection: [DummyConnection Server connection - model.nation.dutch]
May 10, 2018 10:10:04 AM net.sf.freecol.server.networking.Server sendToAll
INFO: Reap dead connection: [DummyConnection Server connection - model.nation.spanish]
May 10, 2018 10:10:04 AM net.sf.freecol.server.networking.Server sendToAll
INFO: Reap dead connection: [DummyConnection Server connection - model.nation.arawak]
May 10, 2018 10:10:04 AM net.sf.freecol.server.networking.Server sendToAll
INFO: Reap dead connection: [DummyConnection Server connection - model.nation.apache]
May 10, 2018 10:10:04 AM net.sf.freecol.server.networking.Server sendToAll
INFO: Reap dead connection: [DummyConnection Server connection - model.nation.inca]
May 10, 2018 10:10:04 AM net.sf.freecol.server.networking.Server sendToAll
INFO: Reap dead connection: [DummyConnection Server connection - model.nation.english]
May 10, 2018 10:10:04 AM net.sf.freecol.server.networking.Server sendToAll
INFO: Reap dead connection: [DummyConnection Server connection - model.nation.cherokee]
May 10, 2018 10:10:04 AM net.sf.freecol.server.networking.Server sendToAll
INFO: Reap dead connection: [DummyConnection Server connection - model.nation.aztec]
May 10, 2018 10:10:04 AM net.sf.freecol.server.networking.Server sendToAll
INFO: Reap dead connection: [DummyConnection Server connection - model.nation.iroquois]
May 10, 2018 10:10:04 AM net.sf.freecol.server.networking.Server sendToAll
INFO: Reap dead connection: [DummyConnection Server connection - model.nation.tupi]
May 10, 2018 10:10:04 AM net.sf.freecol.common.model.Specification applyDifficultyLevel
INFO: Applying difficulty level model.difficulty.medium
May 10, 2018 10:10:04 AM net.sf.freecol.common.FreeColSeed getFreeColSeed
INFO: Using seed: 9070129522157791639
May 10, 2018 10:10:04 AM net.sf.freecol.server.networking.Server sendToAll
INFO: Reap dead connection: [DummyConnection Server connection - model.nation.cherokee]
May 10, 2018 10:10:04 AM net.sf.freecol.server.networking.Server sendToAll
INFO: Reap dead connection: [DummyConnection Server connection - model.nation.inca]
May 10, 2018 10:10:04 AM net.sf.freecol.server.networking.Server sendToAll
INFO: Reap dead connection: [DummyConnection Server connection - model.nation.english]
May 10, 2018 10:10:04 AM net.sf.freecol.server.networking.Server sendToAll
INFO: Reap dead connection: [DummyConnection Server connection - model.nation.tupi]
May 10, 2018 10:10:04 AM net.sf.freecol.server.networking.Server sendToAll
INFO: Reap dead connection: [DummyConnection Server connection - model.nation.apache]
May 10, 2018 10:10:04 AM net.sf.freecol.server.networking.Server sendToAll
INFO: Reap dead connection: [DummyConnection Server connection - model.nation.aztec]
May 10, 2018 10:10:04 AM net.sf.freecol.server.networking.Server sendToAll
INFO: Reap dead connection: [DummyConnection Server connection - model.nation.iroquois]
May 10, 2018 10:10:04 AM net.sf.freecol.server.networking.Server sendToAll
INFO: Reap dead connection: [DummyConnection Server connection - model.nation.dutch]
May 10, 2018 10:10:04 AM net.sf.freecol.server.networking.Server sendToAll
INFO: Reap dead connection: [DummyConnection Server connection - model.nation.arawak]
May 10, 2018 10:10:04 AM net.sf.freecol.server.networking.Server sendToAll
INFO: Reap dead connection: [DummyConnection Server connection - model.nation.spanish]
May 10, 2018 10:10:04 AM net.sf.freecol.server.networking.Server sendToAll
INFO: Reap dead connection: [DummyConnection Server connection - model.nation.sioux]
May 10, 2018 10:10:04 AM net.sf.freecol.server.networking.Server sendToAll
INFO: Reap dead connection: [DummyConnection Server connection - model.nation.french]
May 10, 2018 10:10:04 AM net.sf.freecol.common.model.Specification applyDifficultyLevel
INFO: Applying difficulty level model.difficulty.medium
May 10, 2018 10:10:04 AM net.sf.freecol.common.FreeColSeed getFreeColSeed
INFO: Using seed: 5328565903677756934
May 10, 2018 10:10:04 AM net.sf.freecol.server.networking.Server sendToAll
INFO: Reap dead connection: [DummyConnection Server connection - model.nation.cherokee]
May 10, 2018 10:10:04 AM net.sf.freecol.server.networking.Server sendToAll
INFO: Reap dead connection: [DummyConnection Server connection - model.nation.tupi]
May 10, 2018 10:10:04 AM net.sf.freecol.server.networking.Server sendToAll
INFO: Reap dead connection: [DummyConnection Server connection - model.nation.apache]
May 10, 2018 10:10:04 AM net.sf.freecol.server.networking.Server sendToAll
INFO: Reap dead connection: [DummyConnection Server connection - model.nation.iroquois]
May 10, 2018 10:10:04 AM net.sf.freecol.server.networking.Server sendToAll
INFO: Reap dead connection: [DummyConnection Server connection - model.nation.inca]
May 10, 2018 10:10:04 AM net.sf.freecol.server.networking.Server sendToAll
INFO: Reap dead connection: [DummyConnection Server connection - model.nation.spanish]
May 10, 2018 10:10:04 AM net.sf.freecol.server.networking.Server sendToAll
INFO: Reap dead connection: [DummyConnection Server connection - model.nation.french]
May 10, 2018 10:10:04 AM net.sf.freecol.server.networking.Server sendToAll
INFO: Reap dead connection: [DummyConnection Server connection - model.nation.english]
May 10, 2018 10:10:04 AM net.sf.freecol.server.networking.Server sendToAll
INFO: Reap dead connection: [DummyConnection Server connection - model.nation.aztec]
May 10, 2018 10:10:04 AM net.sf.freecol.server.networking.Server sendToAll
INFO: Reap dead connection: [DummyConnection Server connection - model.nation.arawak]
May 10, 2018 10:10:04 AM net.sf.freecol.server.networking.Server sendToAll
INFO: Reap dead connection: [DummyConnection Server connection - model.nation.dutch]
May 10, 2018 10:10:04 AM net.sf.freecol.server.networking.Server sendToAll
INFO: Reap dead connection: [DummyConnection Server connection - model.nation.sioux]
May 10, 2018 10:10:04 AM net.sf.freecol.common.model.Unit setLocation
WARNING: Can not add [unit:272 dutch pettyCriminal 0/1] to building:258
May 10, 2018 10:10:04 AM net.sf.freecol.common.model.Specification applyDifficultyLevel
INFO: Applying difficulty level model.difficulty.medium
May 10, 2018 10:10:04 AM net.sf.freecol.common.FreeColSeed getFreeColSeed
INFO: Using seed: -4701871110618293455
May 10, 2018 10:10:04 AM net.sf.freecol.server.networking.Server sendToAll
INFO: Reap dead connection: [DummyConnection Server connection - model.nation.iroquois]
May 10, 2018 10:10:04 AM net.sf.freecol.server.networking.Server sendToAll
INFO: Reap dead connection: [DummyConnection Server connection - model.nation.english]
May 10, 2018 10:10:04 AM net.sf.freecol.server.networking.Server sendToAll
INFO: Reap dead connection: [DummyConnection Server connection - model.nation.arawak]
May 10, 2018 10:10:04 AM net.sf.freecol.server.networking.Server sendToAll
INFO: Reap dead connection: [DummyConnection Server connection - model.nation.tupi]
May 10, 2018 10:10:04 AM net.sf.freecol.server.networking.Server sendToAll
INFO: Reap dead connection: [DummyConnection Server connection - model.nation.french]
May 10, 2018 10:10:04 AM net.sf.freecol.server.networking.Server sendToAll
INFO: Reap dead connection: [DummyConnection Server connection - model.nation.spanish]
May 10, 2018 10:10:04 AM net.sf.freecol.server.networking.Server sendToAll
INFO: Reap dead connection: [DummyConnection Server connection - model.nation.dutch]
May 10, 2018 10:10:04 AM net.sf.freecol.server.networking.Server sendToAll
INFO: Reap dead connection: [DummyConnection Server connection - model.nation.aztec]
May 10, 2018 10:10:04 AM net.sf.freecol.server.networking.Server sendToAll
INFO: Reap dead connection: [DummyConnection Server connection - model.nation.apache]
May 10, 2018 10:10:04 AM net.sf.freecol.server.networking.Server sendToAll
INFO: Reap dead connection: [DummyConnection Server connection - model.nation.inca]
May 10, 2018 10:10:04 AM net.sf.freecol.server.networking.Server sendToAll
INFO: Reap dead connection: [DummyConnection Server connection - model.nation.cherokee]
May 10, 2018 10:10:04 AM net.sf.freecol.server.networking.Server sendToAll
INFO: Reap dead connection: [DummyConnection Server connection - model.nation.sioux]
May 10, 2018 10:10:04 AM net.sf.freecol.common.model.Specification applyDifficultyLevel
INFO: Applying difficulty level model.difficulty.medium
May 10, 2018 10:10:04 AM net.sf.freecol.common.FreeColSeed getFreeColSeed
INFO: Using seed: -5124987103051605106
May 10, 2018 10:10:04 AM net.sf.freecol.server.networking.Server sendToAll
INFO: Reap dead connection: [DummyConnection Server connection - model.nation.sioux]
May 10, 2018 10:10:04 AM net.sf.freecol.server.networking.Server sendToAll
INFO: Reap dead connection: [DummyConnection Server connection - model.nation.cherokee]
May 10, 2018 10:10:04 AM net.sf.freecol.server.networking.Server sendToAll
INFO: Reap dead connection: [DummyConnection Server connection - model.nation.apache]
May 10, 2018 10:10:04 AM net.sf.freecol.server.networking.Server sendToAll
INFO: Reap dead connection: [DummyConnection Server connection - model.nation.arawak]
May 10, 2018 10:10:04 AM net.sf.freecol.server.networking.Server sendToAll
INFO: Reap dead connection: [DummyConnection Server connection - model.nation.english]
May 10, 2018 10:10:04 AM net.sf.freecol.server.networking.Server sendToAll
INFO: Reap dead connection: [DummyConnection Server connection - model.nation.spanish]
May 10, 2018 10:10:04 AM net.sf.freecol.server.networking.Server sendToAll
INFO: Reap dead connection: [DummyConnection Server connection - model.nation.iroquois]
May 10, 2018 10:10:04 AM net.sf.freecol.server.networking.Server sendToAll
INFO: Reap dead connection: [DummyConnection Server connection - model.nation.french]
May 10, 2018 10:10:04 AM net.sf.freecol.server.networking.Server sendToAll
INFO: Reap dead connection: [DummyConnection Server connection - model.nation.inca]
May 10, 2018 10:10:04 AM net.sf.freecol.server.networking.Server sendToAll
INFO: Reap dead connection: [DummyConnection Server connection - model.nation.dutch]
May 10, 2018 10:10:04 AM net.sf.freecol.server.networking.Server sendToAll
INFO: Reap dead connection: [DummyConnection Server connection - model.nation.tupi]
May 10, 2018 10:10:04 AM net.sf.freecol.server.networking.Server sendToAll
INFO: Reap dead connection: [DummyConnection Server connection - model.nation.aztec]
May 10, 2018 10:10:04 AM net.sf.freecol.common.model.Specification applyDifficultyLevel
INFO: Applying difficulty level model.difficulty.medium
May 10, 2018 10:10:04 AM net.sf.freecol.common.FreeColSeed getFreeColSeed
INFO: Using seed: 5449467304064480079
May 10, 2018 10:10:04 AM net.sf.freecol.server.networking.Server sendToAll
INFO: Reap dead connection: [DummyConnection Server connection - model.nation.tupi]
May 10, 2018 10:10:04 AM net.sf.freecol.server.networking.Server sendToAll
INFO: Reap dead connection: [DummyConnection Server connection - model.nation.arawak]
May 10, 2018 10:10:04 AM net.sf.freecol.server.networking.Server sendToAll
INFO: Reap dead connection: [DummyConnection Server connection - model.nation.french]
May 10, 2018 10:10:04 AM net.sf.freecol.server.networking.Server sendToAll
INFO: Reap dead connection: [DummyConnection Server connection - model.nation.apache]
May 10, 2018 10:10:04 AM net.sf.freecol.server.networking.Server sendToAll
INFO: Reap dead connection: [DummyConnection Server connection - model.nation.iroquois]
May 10, 2018 10:10:04 AM net.sf.freecol.server.networking.Server sendToAll
INFO: Reap dead connection: [DummyConnection Server connection - model.nation.sioux]
May 10, 2018 10:10:04 AM net.sf.freecol.server.networking.Server sendToAll
INFO: Reap dead connection: [DummyConnection Server connection - model.nation.dutch]
May 10, 2018 10:10:04 AM net.sf.freecol.server.networking.Server sendToAll
INFO: Reap dead connection: [DummyConnection Server connection - model.nation.cherokee]
May 10, 2018 10:10:04 AM net.sf.freecol.server.networking.Server sendToAll
INFO: Reap dead connection: [DummyConnection Server connection - model.nation.english]
May 10, 2018 10:10:04 AM net.sf.freecol.server.networking.Server sendToAll
INFO: Reap dead connection: [DummyConnection Server connection - model.nation.inca]
May 10, 2018 10:10:04 AM net.sf.freecol.server.networking.Server sendToAll
INFO: Reap dead connection: [DummyConnection Server connection - model.nation.aztec]
May 10, 2018 10:10:04 AM net.sf.freecol.server.networking.Server sendToAll
INFO: Reap dead connection: [DummyConnection Server connection - model.nation.spanish]
May 10, 2018 10:10:04 AM net.sf.freecol.common.model.Specification applyDifficultyLevel
INFO: Applying difficulty level model.difficulty.medium
May 10, 2018 10:10:04 AM net.sf.freecol.common.FreeColSeed getFreeColSeed
INFO: Using seed: 2835394766074858906
May 10, 2018 10:10:04 AM net.sf.freecol.server.networking.Server sendToAll
INFO: Reap dead connection: [DummyConnection Server connection - model.nation.sioux]
May 10, 2018 10:10:04 AM net.sf.freecol.server.networking.Server sendToAll
INFO: Reap dead connection: [DummyConnection Server connection - model.nation.french]
May 10, 2018 10:10:04 AM net.sf.freecol.server.networking.Server sendToAll
INFO: Reap dead connection: [DummyConnection Server connection - model.nation.tupi]
May 10, 2018 10:10:04 AM net.sf.freecol.server.networking.Server sendToAll
INFO: Reap dead connection: [DummyConnection Server connection - model.nation.arawak]
May 10, 2018 10:10:04 AM net.sf.freecol.server.networking.Server sendToAll
INFO: Reap dead connection: [DummyConnection Server connection - model.nation.english]
May 10, 2018 10:10:04 AM net.sf.freecol.server.networking.Server sendToAll
INFO: Reap dead connection: [DummyConnection Server connection - model.nation.iroquois]
May 10, 2018 10:10:04 AM net.sf.freecol.server.networking.Server sendToAll
INFO: Reap dead connection: [DummyConnection Server connection - model.nation.dutch]
May 10, 2018 10:10:04 AM net.sf.freecol.server.networking.Server sendToAll
INFO: Reap dead connection: [DummyConnection Server connection - model.nation.inca]
May 10, 2018 10:10:04 AM net.sf.freecol.server.networking.Server sendToAll
INFO: Reap dead connection: [DummyConnection Server connection - model.nation.cherokee]
May 10, 2018 10:10:04 AM net.sf.freecol.server.networking.Server sendToAll
INFO: Reap dead connection: [DummyConnection Server connection - model.nation.aztec]
May 10, 2018 10:10:04 AM net.sf.freecol.server.networking.Server sendToAll
INFO: Reap dead connection: [DummyConnection Server connection - model.nation.spanish]
May 10, 2018 10:10:04 AM net.sf.freecol.server.networking.Server sendToAll
INFO: Reap dead connection: [DummyConnection Server connection - model.nation.apache]
May 10, 2018 10:10:04 AM net.sf.freecol.common.model.Specification applyDifficultyLevel
INFO: Applying difficulty level model.difficulty.medium
May 10, 2018 10:10:04 AM net.sf.freecol.common.FreeColSeed getFreeColSeed
INFO: Using seed: -2242597307354704062
May 10, 2018 10:10:04 AM net.sf.freecol.server.networking.Server sendToAll
INFO: Reap dead connection: [DummyConnection Server connection - model.nation.apache]
May 10, 2018 10:10:04 AM net.sf.freecol.server.networking.Server sendToAll
INFO: Reap dead connection: [DummyConnection Server connection - model.nation.inca]
May 10, 2018 10:10:04 AM net.sf.freecol.server.networking.Server sendToAll
INFO: Reap dead connection: [DummyConnection Server connection - model.nation.sioux]
May 10, 2018 10:10:04 AM net.sf.freecol.server.networking.Server sendToAll
INFO: Reap dead connection: [DummyConnection Server connection - model.nation.iroquois]
May 10, 2018 10:10:04 AM net.sf.freecol.server.networking.Server sendToAll
INFO: Reap dead connection: [DummyConnection Server connection - model.nation.aztec]
May 10, 2018 10:10:04 AM net.sf.freecol.server.networking.Server sendToAll
INFO: Reap dead connection: [DummyConnection Server connection - model.nation.tupi]
May 10, 2018 10:10:04 AM net.sf.freecol.server.networking.Server sendToAll
INFO: Reap dead connection: [DummyConnection Server connection - model.nation.dutch]
May 10, 2018 10:10:04 AM net.sf.freecol.server.networking.Server sendToAll
INFO: Reap dead connection: [DummyConnection Server connection - model.nation.arawak]
May 10, 2018 10:10:04 AM net.sf.freecol.server.networking.Server sendToAll
INFO: Reap dead connection: [DummyConnection Server connection - model.nation.cherokee]
May 10, 2018 10:10:04 AM net.sf.freecol.server.networking.Server sendToAll
INFO: Reap dead connection: [DummyConnection Server connection - model.nation.french]
May 10, 2018 10:10:04 AM net.sf.freecol.server.networking.Server sendToAll
INFO: Reap dead connection: [DummyConnection Server connection - model.nation.english]
May 10, 2018 10:10:04 AM net.sf.freecol.server.networking.Server sendToAll
INFO: Reap dead connection: [DummyConnection Server connection - model.nation.spanish]
May 10, 2018 10:10:04 AM net.sf.freecol.common.model.Specification applyDifficultyLevel
INFO: Applying difficulty level model.difficulty.medium
May 10, 2018 10:10:04 AM net.sf.freecol.common.FreeColSeed getFreeColSeed
INFO: Using seed: 3024069781968435750
May 10, 2018 10:10:04 AM net.sf.freecol.server.networking.Server sendToAll
INFO: Reap dead connection: [DummyConnection Server connection - model.nation.cherokee]
May 10, 2018 10:10:04 AM net.sf.freecol.server.networking.Server sendToAll
INFO: Reap dead connection: [DummyConnection Server connection - model.nation.iroquois]
May 10, 2018 10:10:04 AM net.sf.freecol.server.networking.Server sendToAll
INFO: Reap dead connection: [DummyConnection Server connection - model.nation.dutch]
May 10, 2018 10:10:04 AM net.sf.freecol.server.networking.Server sendToAll
INFO: Reap dead connection: [DummyConnection Server connection - model.nation.inca]
May 10, 2018 10:10:04 AM net.sf.freecol.server.networking.Server sendToAll
INFO: Reap dead connection: [DummyConnection Server connection - model.nation.sioux]
May 10, 2018 10:10:04 AM net.sf.freecol.server.networking.Server sendToAll
INFO: Reap dead connection: [DummyConnection Server connection - model.nation.arawak]
May 10, 2018 10:10:04 AM net.sf.freecol.server.networking.Server sendToAll
INFO: Reap dead connection: [DummyConnection Server connection - model.nation.spanish]
May 10, 2018 10:10:04 AM net.sf.freecol.server.networking.Server sendToAll
INFO: Reap dead connection: [DummyConnection Server connection - model.nation.french]
May 10, 2018 10:10:04 AM net.sf.freecol.server.networking.Server sendToAll
INFO: Reap dead connection: [DummyConnection Server connection - model.nation.tupi]
May 10, 2018 10:10:04 AM net.sf.freecol.server.networking.Server sendToAll
INFO: Reap dead connection: [DummyConnection Server connection - model.nation.apache]
May 10, 2018 10:10:04 AM net.sf.freecol.server.networking.Server sendToAll
INFO: Reap dead connection: [DummyConnection Server connection - model.nation.aztec]
May 10, 2018 10:10:04 AM net.sf.freecol.server.networking.Server sendToAll
INFO: Reap dead connection: [DummyConnection Server connection - model.nation.english]
May 10, 2018 10:10:04 AM net.sf.freecol.common.model.Specification applyDifficultyLevel
INFO: Applying difficulty level model.difficulty.medium
May 10, 2018 10:10:04 AM net.sf.freecol.common.FreeColSeed getFreeColSeed
INFO: Using seed: 6544406540416073391
May 10, 2018 10:10:04 AM net.sf.freecol.server.networking.Server sendToAll
INFO: Reap dead connection: [DummyConnection Server connection - model.nation.french]
May 10, 2018 10:10:04 AM net.sf.freecol.server.networking.Server sendToAll
INFO: Reap dead connection: [DummyConnection Server connection - model.nation.iroquois]
May 10, 2018 10:10:04 AM net.sf.freecol.server.networking.Server sendToAll
INFO: Reap dead connection: [DummyConnection Server connection - model.nation.cherokee]
May 10, 2018 10:10:04 AM net.sf.freecol.server.networking.Server sendToAll
INFO: Reap dead connection: [DummyConnection Server connection - model.nation.sioux]
May 10, 2018 10:10:04 AM net.sf.freecol.server.networking.Server sendToAll
INFO: Reap dead connection: [DummyConnection Server connection - model.nation.english]
May 10, 2018 10:10:04 AM net.sf.freecol.server.networking.Server sendToAll
INFO: Reap dead connection: [DummyConnection Server connection - model.nation.apache]
May 10, 2018 10:10:04 AM net.sf.freecol.server.networking.Server sendToAll
INFO: Reap dead connection: [DummyConnection Server connection - model.nation.inca]
May 10, 2018 10:10:04 AM net.sf.freecol.server.networking.Server sendToAll
INFO: Reap dead connection: [DummyConnection Server connection - model.nation.dutch]
May 10, 2018 10:10:04 AM net.sf.freecol.server.networking.Server sendToAll
INFO: Reap dead connection: [DummyConnection Server connection - model.nation.arawak]
May 10, 2018 10:10:04 AM net.sf.freecol.server.networking.Server sendToAll
INFO: Reap dead connection: [DummyConnection Server connection - model.nation.tupi]
May 10, 2018 10:10:04 AM net.sf.freecol.server.networking.Server sendToAll
INFO: Reap dead connection: [DummyConnection Server connection - model.nation.spanish]
May 10, 2018 10:10:04 AM net.sf.freecol.server.networking.Server sendToAll
INFO: Reap dead connection: [DummyConnection Server connection - model.nation.aztec]
May 10, 2018 10:10:04 AM net.sf.freecol.common.model.Specification applyDifficultyLevel
INFO: Applying difficulty level model.difficulty.medium
May 10, 2018 10:10:04 AM net.sf.freecol.common.FreeColSeed getFreeColSeed
INFO: Using seed: -2652632612404600371
May 10, 2018 10:10:04 AM net.sf.freecol.server.networking.Server sendToAll
INFO: Reap dead connection: [DummyConnection Server connection - model.nation.aztec]
May 10, 2018 10:10:04 AM net.sf.freecol.server.networking.Server sendToAll
INFO: Reap dead connection: [DummyConnection Server connection - model.nation.tupi]
May 10, 2018 10:10:04 AM net.sf.freecol.server.networking.Server sendToAll
INFO: Reap dead connection: [DummyConnection Server connection - model.nation.cherokee]
May 10, 2018 10:10:04 AM net.sf.freecol.server.networking.Server sendToAll
INFO: Reap dead connection: [DummyConnection Server connection - model.nation.iroquois]
May 10, 2018 10:10:04 AM net.sf.freecol.server.networking.Server sendToAll
INFO: Reap dead connection: [DummyConnection Server connection - model.nation.dutch]
May 10, 2018 10:10:04 AM net.sf.freecol.server.networking.Server sendToAll
INFO: Reap dead connection: [DummyConnection Server connection - model.nation.arawak]
May 10, 2018 10:10:04 AM net.sf.freecol.server.networking.Server sendToAll
INFO: Reap dead connection: [DummyConnection Server connection - model.nation.sioux]
May 10, 2018 10:10:04 AM net.sf.freecol.server.networking.Server sendToAll
INFO: Reap dead connection: [DummyConnection Server connection - model.nation.english]
May 10, 2018 10:10:04 AM net.sf.freecol.server.networking.Server sendToAll
INFO: Reap dead connection: [DummyConnection Server connection - model.nation.inca]
May 10, 2018 10:10:04 AM net.sf.freecol.server.networking.Server sendToAll
INFO: Reap dead connection: [DummyConnection Server connection - model.nation.french]
May 10, 2018 10:10:04 AM net.sf.freecol.server.networking.Server sendToAll
INFO: Reap dead connection: [DummyConnection Server connection - model.nation.apache]
May 10, 2018 10:10:04 AM net.sf.freecol.server.networking.Server sendToAll
INFO: Reap dead connection: [DummyConnection Server connection - model.nation.spanish]
May 10, 2018 10:10:04 AM net.sf.freecol.common.model.Specification applyDifficultyLevel
INFO: Applying difficulty level model.difficulty.medium
May 10, 2018 10:10:04 AM net.sf.freecol.common.FreeColSeed getFreeColSeed
INFO: Using seed: -9134777770741638058
May 10, 2018 10:10:04 AM net.sf.freecol.server.networking.Server sendToAll
INFO: Reap dead connection: [DummyConnection Server connection - model.nation.french]
May 10, 2018 10:10:04 AM net.sf.freecol.server.networking.Server sendToAll
INFO: Reap dead connection: [DummyConnection Server connection - model.nation.apache]
May 10, 2018 10:10:04 AM net.sf.freecol.server.networking.Server sendToAll
INFO: Reap dead connection: [DummyConnection Server connection - model.nation.cherokee]
May 10, 2018 10:10:04 AM net.sf.freecol.server.networking.Server sendToAll
INFO: Reap dead connection: [DummyConnection Server connection - model.nation.sioux]
May 10, 2018 10:10:04 AM net.sf.freecol.server.networking.Server sendToAll
INFO: Reap dead connection: [DummyConnection Server connection - model.nation.dutch]
May 10, 2018 10:10:04 AM net.sf.freecol.server.networking.Server sendToAll
INFO: Reap dead connection: [DummyConnection Server connection - model.nation.iroquois]
May 10, 2018 10:10:04 AM net.sf.freecol.server.networking.Server sendToAll
INFO: Reap dead connection: [DummyConnection Server connection - model.nation.spanish]
May 10, 2018 10:10:04 AM net.sf.freecol.server.networking.Server sendToAll
INFO: Reap dead connection: [DummyConnection Server connection - model.nation.inca]
May 10, 2018 10:10:04 AM net.sf.freecol.server.networking.Server sendToAll
INFO: Reap dead connection: [DummyConnection Server connection - model.nation.aztec]
May 10, 2018 10:10:04 AM net.sf.freecol.server.networking.Server sendToAll
INFO: Reap dead connection: [DummyConnection Server connection - model.nation.english]
May 10, 2018 10:10:04 AM net.sf.freecol.server.networking.Server sendToAll
INFO: Reap dead connection: [DummyConnection Server connection - model.nation.tupi]
May 10, 2018 10:10:04 AM net.sf.freecol.server.networking.Server sendToAll
INFO: Reap dead connection: [DummyConnection Server connection - model.nation.arawak]
May 10, 2018 10:10:04 AM net.sf.freecol.common.model.Specification applyDifficultyLevel
INFO: Applying difficulty level model.difficulty.medium
May 10, 2018 10:10:04 AM net.sf.freecol.common.FreeColSeed getFreeColSeed
INFO: Using seed: 5379791619983970676
May 10, 2018 10:10:04 AM net.sf.freecol.server.networking.Server sendToAll
INFO: Reap dead connection: [DummyConnection Server connection - model.nation.apache]
May 10, 2018 10:10:04 AM net.sf.freecol.server.networking.Server sendToAll
INFO: Reap dead connection: [DummyConnection Server connection - model.nation.french]
May 10, 2018 10:10:04 AM net.sf.freecol.server.networking.Server sendToAll
INFO: Reap dead connection: [DummyConnection Server connection - model.nation.english]
May 10, 2018 10:10:04 AM net.sf.freecol.server.networking.Server sendToAll
INFO: Reap dead connection: [DummyConnection Server connection - model.nation.dutch]
May 10, 2018 10:10:04 AM net.sf.freecol.server.networking.Server sendToAll
INFO: Reap dead connection: [DummyConnection Server connection - model.nation.aztec]
May 10, 2018 10:10:04 AM net.sf.freecol.server.networking.Server sendToAll
INFO: Reap dead connection: [DummyConnection Server connection - model.nation.iroquois]
May 10, 2018 10:10:04 AM net.sf.freecol.server.networking.Server sendToAll
INFO: Reap dead connection: [DummyConnection Server connection - model.nation.cherokee]
May 10, 2018 10:10:04 AM net.sf.freecol.server.networking.Server sendToAll
INFO: Reap dead connection: [DummyConnection Server connection - model.nation.sioux]
May 10, 2018 10:10:04 AM net.sf.freecol.server.networking.Server sendToAll
INFO: Reap dead connection: [DummyConnection Server connection - model.nation.arawak]
May 10, 2018 10:10:04 AM net.sf.freecol.server.networking.Server sendToAll
INFO: Reap dead connection: [DummyConnection Server connection - model.nation.spanish]
May 10, 2018 10:10:04 AM net.sf.freecol.server.networking.Server sendToAll
INFO: Reap dead connection: [DummyConnection Server connection - model.nation.tupi]
May 10, 2018 10:10:04 AM net.sf.freecol.server.networking.Server sendToAll
INFO: Reap dead connection: [DummyConnection Server connection - model.nation.inca]
May 10, 2018 10:10:04 AM net.sf.freecol.common.model.Specification applyDifficultyLevel
INFO: Applying difficulty level model.difficulty.medium
May 10, 2018 10:10:04 AM net.sf.freecol.common.FreeColSeed getFreeColSeed
INFO: Using seed: 4438526541223062623
May 10, 2018 10:10:04 AM net.sf.freecol.server.networking.Server sendToAll
INFO: Reap dead connection: [DummyConnection Server connection - model.nation.aztec]
May 10, 2018 10:10:04 AM net.sf.freecol.server.networking.Server sendToAll
INFO: Reap dead connection: [DummyConnection Server connection - model.nation.apache]
May 10, 2018 10:10:04 AM net.sf.freecol.server.networking.Server sendToAll
INFO: Reap dead connection: [DummyConnection Server connection - model.nation.cherokee]
May 10, 2018 10:10:04 AM net.sf.freecol.server.networking.Server sendToAll
INFO: Reap dead connection: [DummyConnection Server connection - model.nation.spanish]
May 10, 2018 10:10:04 AM net.sf.freecol.server.networking.Server sendToAll
INFO: Reap dead connection: [DummyConnection Server connection - model.nation.french]
May 10, 2018 10:10:04 AM net.sf.freecol.server.networking.Server sendToAll
INFO: Reap dead connection: [DummyConnection Server connection - model.nation.iroquois]
May 10, 2018 10:10:04 AM net.sf.freecol.server.networking.Server sendToAll
INFO: Reap dead connection: [DummyConnection Server connection - model.nation.inca]
May 10, 2018 10:10:04 AM net.sf.freecol.server.networking.Server sendToAll
INFO: Reap dead connection: [DummyConnection Server connection - model.nation.tupi]
May 10, 2018 10:10:04 AM net.sf.freecol.server.networking.Server sendToAll
INFO: Reap dead connection: [DummyConnection Server connection - model.nation.sioux]
May 10, 2018 10:10:04 AM net.sf.freecol.server.networking.Server sendToAll
INFO: Reap dead connection: [DummyConnection Server connection - model.nation.dutch]
May 10, 2018 10:10:04 AM net.sf.freecol.server.networking.Server sendToAll
INFO: Reap dead connection: [DummyConnection Server connection - model.nation.english]
May 10, 2018 10:10:04 AM net.sf.freecol.server.networking.Server sendToAll
INFO: Reap dead connection: [DummyConnection Server connection - model.nation.arawak]
May 10, 2018 10:10:04 AM net.sf.freecol.common.model.Specification applyDifficultyLevel
INFO: Applying difficulty level model.difficulty.medium
May 10, 2018 10:10:04 AM net.sf.freecol.common.FreeColSeed getFreeColSeed
INFO: Using seed: -8244930502402565701
May 10, 2018 10:10:04 AM net.sf.freecol.server.networking.Server sendToAll
INFO: Reap dead connection: [DummyConnection Server connection - model.nation.aztec]
May 10, 2018 10:10:04 AM net.sf.freecol.server.networking.Server sendToAll
INFO: Reap dead connection: [DummyConnection Server connection - model.nation.french]
May 10, 2018 10:10:04 AM net.sf.freecol.server.networking.Server sendToAll
INFO: Reap dead connection: [DummyConnection Server connection - model.nation.dutch]
May 10, 2018 10:10:04 AM net.sf.freecol.server.networking.Server sendToAll
INFO: Reap dead connection: [DummyConnection Server connection - model.nation.spanish]
May 10, 2018 10:10:04 AM net.sf.freecol.server.networking.Server sendToAll
INFO: Reap dead connection: [DummyConnection Server connection - model.nation.cherokee]
May 10, 2018 10:10:04 AM net.sf.freecol.server.networking.Server sendToAll
INFO: Reap dead connection: [DummyConnection Server connection - model.nation.sioux]
May 10, 2018 10:10:04 AM net.sf.freecol.server.networking.Server sendToAll
INFO: Reap dead connection: [DummyConnection Server connection - model.nation.inca]
May 10, 2018 10:10:04 AM net.sf.freecol.server.networking.Server sendToAll
INFO: Reap dead connection: [DummyConnection Server connection - model.nation.english]
May 10, 2018 10:10:04 AM net.sf.freecol.server.networking.Server sendToAll
INFO: Reap dead connection: [DummyConnection Server connection - model.nation.iroquois]
May 10, 2018 10:10:04 AM net.sf.freecol.server.networking.Server sendToAll
INFO: Reap dead connection: [DummyConnection Server connection - model.nation.apache]
May 10, 2018 10:10:04 AM net.sf.freecol.server.networking.Server sendToAll
INFO: Reap dead connection: [DummyConnection Server connection - model.nation.arawak]
May 10, 2018 10:10:04 AM net.sf.freecol.server.networking.Server sendToAll
INFO: Reap dead connection: [DummyConnection Server connection - model.nation.tupi]
May 10, 2018 10:10:04 AM net.sf.freecol.common.model.Specification applyDifficultyLevel
INFO: Applying difficulty level model.difficulty.medium
May 10, 2018 10:10:04 AM net.sf.freecol.common.FreeColSeed getFreeColSeed
INFO: Using seed: 8985232908326105161
May 10, 2018 10:10:04 AM net.sf.freecol.server.networking.Server sendToAll
INFO: Reap dead connection: [DummyConnection Server connection - model.nation.inca]
May 10, 2018 10:10:04 AM net.sf.freecol.server.networking.Server sendToAll
INFO: Reap dead connection: [DummyConnection Server connection - model.nation.apache]
May 10, 2018 10:10:04 AM net.sf.freecol.server.networking.Server sendToAll
INFO: Reap dead connection: [DummyConnection Server connection - model.nation.sioux]
May 10, 2018 10:10:04 AM net.sf.freecol.server.networking.Server sendToAll
INFO: Reap dead connection: [DummyConnection Server connection - model.nation.aztec]
May 10, 2018 10:10:04 AM net.sf.freecol.server.networking.Server sendToAll
INFO: Reap dead connection: [DummyConnection Server connection - model.nation.iroquois]
May 10, 2018 10:10:04 AM net.sf.freecol.server.networking.Server sendToAll
INFO: Reap dead connection: [DummyConnection Server connection - model.nation.dutch]
May 10, 2018 10:10:04 AM net.sf.freecol.server.networking.Server sendToAll
INFO: Reap dead connection: [DummyConnection Server connection - model.nation.english]
May 10, 2018 10:10:04 AM net.sf.freecol.server.networking.Server sendToAll
INFO: Reap dead connection: [DummyConnection Server connection - model.nation.cherokee]
May 10, 2018 10:10:04 AM net.sf.freecol.server.networking.Server sendToAll
INFO: Reap dead connection: [DummyConnection Server connection - model.nation.tupi]
May 10, 2018 10:10:04 AM net.sf.freecol.server.networking.Server sendToAll
INFO: Reap dead connection: [DummyConnection Server connection - model.nation.spanish]
May 10, 2018 10:10:04 AM net.sf.freecol.server.networking.Server sendToAll
INFO: Reap dead connection: [DummyConnection Server connection - model.nation.french]
May 10, 2018 10:10:04 AM net.sf.freecol.server.networking.Server sendToAll
INFO: Reap dead connection: [DummyConnection Server connection - model.nation.arawak]
May 10, 2018 10:10:04 AM net.sf.freecol.common.model.Specification applyDifficultyLevel
INFO: Applying difficulty level model.difficulty.medium
May 10, 2018 10:10:04 AM net.sf.freecol.common.FreeColSeed getFreeColSeed
INFO: Using seed: -836779515512348137
May 10, 2018 10:10:04 AM net.sf.freecol.server.networking.Server sendToAll
INFO: Reap dead connection: [DummyConnection Server connection - model.nation.cherokee]
May 10, 2018 10:10:04 AM net.sf.freecol.server.networking.Server sendToAll
INFO: Reap dead connection: [DummyConnection Server connection - model.nation.arawak]
May 10, 2018 10:10:04 AM net.sf.freecol.server.networking.Server sendToAll
INFO: Reap dead connection: [DummyConnection Server connection - model.nation.dutch]
May 10, 2018 10:10:04 AM net.sf.freecol.server.networking.Server sendToAll
INFO: Reap dead connection: [DummyConnection Server connection - model.nation.iroquois]
May 10, 2018 10:10:04 AM net.sf.freecol.server.networking.Server sendToAll
INFO: Reap dead connection: [DummyConnection Server connection - model.nation.english]
May 10, 2018 10:10:04 AM net.sf.freecol.server.networking.Server sendToAll
INFO: Reap dead connection: [DummyConnection Server connection - model.nation.aztec]
May 10, 2018 10:10:04 AM net.sf.freecol.server.networking.Server sendToAll
INFO: Reap dead connection: [DummyConnection Server connection - model.nation.tupi]
May 10, 2018 10:10:04 AM net.sf.freecol.server.networking.Server sendToAll
INFO: Reap dead connection: [DummyConnection Server connection - model.nation.apache]
May 10, 2018 10:10:04 AM net.sf.freecol.server.networking.Server sendToAll
INFO: Reap dead connection: [DummyConnection Server connection - model.nation.spanish]
May 10, 2018 10:10:04 AM net.sf.freecol.server.networking.Server sendToAll
INFO: Reap dead connection: [DummyConnection Server connection - model.nation.french]
May 10, 2018 10:10:04 AM net.sf.freecol.server.networking.Server sendToAll
INFO: Reap dead connection: [DummyConnection Server connection - model.nation.sioux]
May 10, 2018 10:10:04 AM net.sf.freecol.server.networking.Server sendToAll
INFO: Reap dead connection: [DummyConnection Server connection - model.nation.inca]
May 10, 2018 10:10:04 AM net.sf.freecol.common.model.Specification applyDifficultyLevel
INFO: Applying difficulty level model.difficulty.medium
May 10, 2018 10:10:04 AM net.sf.freecol.common.FreeColSeed getFreeColSeed
INFO: Using seed: 2843923122892736206
May 10, 2018 10:10:04 AM net.sf.freecol.server.networking.Server sendToAll
INFO: Reap dead connection: [DummyConnection Server connection - model.nation.tupi]
May 10, 2018 10:10:04 AM net.sf.freecol.server.networking.Server sendToAll
INFO: Reap dead connection: [DummyConnection Server connection - model.nation.french]
May 10, 2018 10:10:04 AM net.sf.freecol.server.networking.Server sendToAll
INFO: Reap dead connection: [DummyConnection Server connection - model.nation.inca]
May 10, 2018 10:10:04 AM net.sf.freecol.server.networking.Server sendToAll
INFO: Reap dead connection: [DummyConnection Server connection - model.nation.spanish]
May 10, 2018 10:10:04 AM net.sf.freecol.server.networking.Server sendToAll
INFO: Reap dead connection: [DummyConnection Server connection - model.nation.cherokee]
May 10, 2018 10:10:04 AM net.sf.freecol.server.networking.Server sendToAll
INFO: Reap dead connection: [DummyConnection Server connection - model.nation.dutch]
May 10, 2018 10:10:04 AM net.sf.freecol.server.networking.Server sendToAll
INFO: Reap dead connection: [DummyConnection Server connection - model.nation.apache]
May 10, 2018 10:10:04 AM net.sf.freecol.server.networking.Server sendToAll
INFO: Reap dead connection: [DummyConnection Server connection - model.nation.aztec]
May 10, 2018 10:10:04 AM net.sf.freecol.server.networking.Server sendToAll
INFO: Reap dead connection: [DummyConnection Server connection - model.nation.arawak]
May 10, 2018 10:10:04 AM net.sf.freecol.server.networking.Server sendToAll
INFO: Reap dead connection: [DummyConnection Server connection - model.nation.sioux]
May 10, 2018 10:10:04 AM net.sf.freecol.server.networking.Server sendToAll
INFO: Reap dead connection: [DummyConnection Server connection - model.nation.iroquois]
May 10, 2018 10:10:04 AM net.sf.freecol.server.networking.Server sendToAll
INFO: Reap dead connection: [DummyConnection Server connection - model.nation.english]
May 10, 2018 10:10:04 AM net.sf.freecol.common.model.Specification applyDifficultyLevel
INFO: Applying difficulty level model.difficulty.medium
May 10, 2018 10:10:04 AM net.sf.freecol.common.FreeColSeed getFreeColSeed
INFO: Using seed: 5392655329096701251
May 10, 2018 10:10:04 AM net.sf.freecol.server.networking.Server sendToAll
INFO: Reap dead connection: [DummyConnection Server connection - model.nation.spanish]
May 10, 2018 10:10:04 AM net.sf.freecol.server.networking.Server sendToAll
INFO: Reap dead connection: [DummyConnection Server connection - model.nation.cherokee]
May 10, 2018 10:10:04 AM net.sf.freecol.server.networking.Server sendToAll
INFO: Reap dead connection: [DummyConnection Server connection - model.nation.tupi]
May 10, 2018 10:10:04 AM net.sf.freecol.server.networking.Server sendToAll
INFO: Reap dead connection: [DummyConnection Server connection - model.nation.aztec]
May 10, 2018 10:10:04 AM net.sf.freecol.server.networking.Server sendToAll
INFO: Reap dead connection: [DummyConnection Server connection - model.nation.english]
May 10, 2018 10:10:04 AM net.sf.freecol.server.networking.Server sendToAll
INFO: Reap dead connection: [DummyConnection Server connection - model.nation.dutch]
May 10, 2018 10:10:04 AM net.sf.freecol.server.networking.Server sendToAll
INFO: Reap dead connection: [DummyConnection Server connection - model.nation.arawak]
May 10, 2018 10:10:04 AM net.sf.freecol.server.networking.Server sendToAll
INFO: Reap dead connection: [DummyConnection Server connection - model.nation.french]
May 10, 2018 10:10:04 AM net.sf.freecol.server.networking.Server sendToAll
INFO: Reap dead connection: [DummyConnection Server connection - model.nation.sioux]
May 10, 2018 10:10:04 AM net.sf.freecol.server.networking.Server sendToAll
INFO: Reap dead connection: [DummyConnection Server connection - model.nation.apache]
May 10, 2018 10:10:04 AM net.sf.freecol.server.networking.Server sendToAll
INFO: Reap dead connection: [DummyConnection Server connection - model.nation.iroquois]
May 10, 2018 10:10:04 AM net.sf.freecol.server.networking.Server sendToAll
INFO: Reap dead connection: [DummyConnection Server connection - model.nation.inca]
May 10, 2018 10:10:04 AM net.sf.freecol.common.model.Specification applyDifficultyLevel
INFO: Applying difficulty level model.difficulty.medium
May 10, 2018 10:10:04 AM net.sf.freecol.common.FreeColSeed getFreeColSeed
INFO: Using seed: -2813920003964955824
May 10, 2018 10:10:04 AM net.sf.freecol.server.networking.Server sendToAll
INFO: Reap dead connection: [DummyConnection Server connection - model.nation.iroquois]
May 10, 2018 10:10:04 AM net.sf.freecol.server.networking.Server sendToAll
INFO: Reap dead connection: [DummyConnection Server connection - model.nation.cherokee]
May 10, 2018 10:10:04 AM net.sf.freecol.server.networking.Server sendToAll
INFO: Reap dead connection: [DummyConnection Server connection - model.nation.english]
May 10, 2018 10:10:04 AM net.sf.freecol.server.networking.Server sendToAll
INFO: Reap dead connection: [DummyConnection Server connection - model.nation.spanish]
May 10, 2018 10:10:04 AM net.sf.freecol.server.networking.Server sendToAll
INFO: Reap dead connection: [DummyConnection Server connection - model.nation.apache]
May 10, 2018 10:10:04 AM net.sf.freecol.server.networking.Server sendToAll
INFO: Reap dead connection: [DummyConnection Server connection - model.nation.inca]
May 10, 2018 10:10:04 AM net.sf.freecol.server.networking.Server sendToAll
INFO: Reap dead connection: [DummyConnection Server connection - model.nation.dutch]
May 10, 2018 10:10:04 AM net.sf.freecol.server.networking.Server sendToAll
INFO: Reap dead connection: [DummyConnection Server connection - model.nation.french]
May 10, 2018 10:10:04 AM net.sf.freecol.server.networking.Server sendToAll
INFO: Reap dead connection: [DummyConnection Server connection - model.nation.tupi]
May 10, 2018 10:10:04 AM net.sf.freecol.server.networking.Server sendToAll
INFO: Reap dead connection: [DummyConnection Server connection - model.nation.arawak]
May 10, 2018 10:10:04 AM net.sf.freecol.server.networking.Server sendToAll
INFO: Reap dead connection: [DummyConnection Server connection - model.nation.sioux]
May 10, 2018 10:10:04 AM net.sf.freecol.server.networking.Server sendToAll
INFO: Reap dead connection: [DummyConnection Server connection - model.nation.aztec]
May 10, 2018 10:10:04 AM net.sf.freecol.common.model.Specification applyDifficultyLevel
INFO: Applying difficulty level model.difficulty.medium
May 10, 2018 10:10:04 AM net.sf.freecol.common.FreeColSeed getFreeColSeed
INFO: Using seed: -9145329255328975067
May 10, 2018 10:10:04 AM net.sf.freecol.server.networking.Server sendToAll
INFO: Reap dead connection: [DummyConnection Server connection - model.nation.cherokee]
May 10, 2018 10:10:04 AM net.sf.freecol.server.networking.Server sendToAll
INFO: Reap dead connection: [DummyConnection Server connection - model.nation.arawak]
May 10, 2018 10:10:04 AM net.sf.freecol.server.networking.Server sendToAll
INFO: Reap dead connection: [DummyConnection Server connection - model.nation.sioux]
May 10, 2018 10:10:04 AM net.sf.freecol.server.networking.Server sendToAll
INFO: Reap dead connection: [DummyConnection Server connection - model.nation.dutch]
May 10, 2018 10:10:04 AM net.sf.freecol.server.networking.Server sendToAll
INFO: Reap dead connection: [DummyConnection Server connection - model.nation.spanish]
May 10, 2018 10:10:04 AM net.sf.freecol.server.networking.Server sendToAll
INFO: Reap dead connection: [DummyConnection Server connection - model.nation.aztec]
May 10, 2018 10:10:04 AM net.sf.freecol.server.networking.Server sendToAll
INFO: Reap dead connection: [DummyConnection Server connection - model.nation.iroquois]
May 10, 2018 10:10:04 AM net.sf.freecol.server.networking.Server sendToAll
INFO: Reap dead connection: [DummyConnection Server connection - model.nation.english]
May 10, 2018 10:10:04 AM net.sf.freecol.server.networking.Server sendToAll
INFO: Reap dead connection: [DummyConnection Server connection - model.nation.inca]
May 10, 2018 10:10:04 AM net.sf.freecol.server.networking.Server sendToAll
INFO: Reap dead connection: [DummyConnection Server connection - model.nation.french]
May 10, 2018 10:10:04 AM net.sf.freecol.server.networking.Server sendToAll
INFO: Reap dead connection: [DummyConnection Server connection - model.nation.tupi]
May 10, 2018 10:10:04 AM net.sf.freecol.server.networking.Server sendToAll
INFO: Reap dead connection: [DummyConnection Server connection - model.nation.apache]
May 10, 2018 10:10:04 AM net.sf.freecol.common.util.LogBuilder log
INFO: Destroying: unit:271
May 10, 2018 10:10:04 AM net.sf.freecol.common.model.Specification applyDifficultyLevel
INFO: Applying difficulty level model.difficulty.medium
May 10, 2018 10:10:04 AM net.sf.freecol.common.FreeColSeed getFreeColSeed
INFO: Using seed: -5546332108705937564
May 10, 2018 10:10:04 AM net.sf.freecol.server.networking.Server sendToAll
INFO: Reap dead connection: [DummyConnection Server connection - model.nation.dutch]
May 10, 2018 10:10:04 AM net.sf.freecol.server.networking.Server sendToAll
INFO: Reap dead connection: [DummyConnection Server connection - model.nation.cherokee]
May 10, 2018 10:10:04 AM net.sf.freecol.server.networking.Server sendToAll
INFO: Reap dead connection: [DummyConnection Server connection - model.nation.iroquois]
May 10, 2018 10:10:04 AM net.sf.freecol.server.networking.Server sendToAll
INFO: Reap dead connection: [DummyConnection Server connection - model.nation.english]
May 10, 2018 10:10:04 AM net.sf.freecol.server.networking.Server sendToAll
INFO: Reap dead connection: [DummyConnection Server connection - model.nation.apache]
May 10, 2018 10:10:04 AM net.sf.freecol.server.networking.Server sendToAll
INFO: Reap dead connection: [DummyConnection Server connection - model.nation.sioux]
May 10, 2018 10:10:04 AM net.sf.freecol.server.networking.Server sendToAll
INFO: Reap dead connection: [DummyConnection Server connection - model.nation.spanish]
May 10, 2018 10:10:04 AM net.sf.freecol.server.networking.Server sendToAll
INFO: Reap dead connection: [DummyConnection Server connection - model.nation.aztec]
May 10, 2018 10:10:04 AM net.sf.freecol.server.networking.Server sendToAll
INFO: Reap dead connection: [DummyConnection Server connection - model.nation.arawak]
May 10, 2018 10:10:04 AM net.sf.freecol.server.networking.Server sendToAll
INFO: Reap dead connection: [DummyConnection Server connection - model.nation.inca]
May 10, 2018 10:10:04 AM net.sf.freecol.server.networking.Server sendToAll
INFO: Reap dead connection: [DummyConnection Server connection - model.nation.tupi]
May 10, 2018 10:10:04 AM net.sf.freecol.server.networking.Server sendToAll
INFO: Reap dead connection: [DummyConnection Server connection - model.nation.french]
May 10, 2018 10:10:04 AM net.sf.freecol.server.model.ServerColony csBuildBuilding
INFO: New building in New Amsterdam: warehouse
May 10, 2018 10:10:04 AM net.sf.freecol.common.model.Specification applyDifficultyLevel
INFO: Applying difficulty level model.difficulty.medium
May 10, 2018 10:10:04 AM net.sf.freecol.common.FreeColSeed getFreeColSeed
INFO: Using seed: -6112055914724999836
May 10, 2018 10:10:04 AM net.sf.freecol.server.networking.Server sendToAll
INFO: Reap dead connection: [DummyConnection Server connection - model.nation.french]
May 10, 2018 10:10:04 AM net.sf.freecol.server.networking.Server sendToAll
INFO: Reap dead connection: [DummyConnection Server connection - model.nation.sioux]
May 10, 2018 10:10:04 AM net.sf.freecol.server.networking.Server sendToAll
INFO: Reap dead connection: [DummyConnection Server connection - model.nation.cherokee]
May 10, 2018 10:10:04 AM net.sf.freecol.server.networking.Server sendToAll
INFO: Reap dead connection: [DummyConnection Server connection - model.nation.iroquois]
May 10, 2018 10:10:04 AM net.sf.freecol.server.networking.Server sendToAll
INFO: Reap dead connection: [DummyConnection Server connection - model.nation.arawak]
May 10, 2018 10:10:04 AM net.sf.freecol.server.networking.Server sendToAll
INFO: Reap dead connection: [DummyConnection Server connection - model.nation.inca]
May 10, 2018 10:10:04 AM net.sf.freecol.server.networking.Server sendToAll
INFO: Reap dead connection: [DummyConnection Server connection - model.nation.dutch]
May 10, 2018 10:10:04 AM net.sf.freecol.server.networking.Server sendToAll
INFO: Reap dead connection: [DummyConnection Server connection - model.nation.aztec]
May 10, 2018 10:10:04 AM net.sf.freecol.server.networking.Server sendToAll
INFO: Reap dead connection: [DummyConnection Server connection - model.nation.spanish]
May 10, 2018 10:10:04 AM net.sf.freecol.server.networking.Server sendToAll
INFO: Reap dead connection: [DummyConnection Server connection - model.nation.apache]
May 10, 2018 10:10:04 AM net.sf.freecol.server.networking.Server sendToAll
INFO: Reap dead connection: [DummyConnection Server connection - model.nation.tupi]
May 10, 2018 10:10:04 AM net.sf.freecol.server.networking.Server sendToAll
INFO: Reap dead connection: [DummyConnection Server connection - model.nation.english]
May 10, 2018 10:10:04 AM net.sf.freecol.server.model.ServerColony csBuildBuilding
INFO: New building in New Amsterdam: lumberMill
May 10, 2018 10:10:04 AM net.sf.freecol.common.model.Specification applyDifficultyLevel
INFO: Applying difficulty level model.difficulty.medium
May 10, 2018 10:10:04 AM net.sf.freecol.common.FreeColSeed getFreeColSeed
INFO: Using seed: 151256283664657316
May 10, 2018 10:10:04 AM net.sf.freecol.server.networking.Server sendToAll
INFO: Reap dead connection: [DummyConnection Server connection - model.nation.dutch]
May 10, 2018 10:10:04 AM net.sf.freecol.server.networking.Server sendToAll
INFO: Reap dead connection: [DummyConnection Server connection - model.nation.french]
May 10, 2018 10:10:04 AM net.sf.freecol.server.networking.Server sendToAll
INFO: Reap dead connection: [DummyConnection Server connection - model.nation.spanish]
May 10, 2018 10:10:04 AM net.sf.freecol.server.networking.Server sendToAll
INFO: Reap dead connection: [DummyConnection Server connection - model.nation.sioux]
May 10, 2018 10:10:04 AM net.sf.freecol.server.networking.Server sendToAll
INFO: Reap dead connection: [DummyConnection Server connection - model.nation.arawak]
May 10, 2018 10:10:04 AM net.sf.freecol.server.networking.Server sendToAll
INFO: Reap dead connection: [DummyConnection Server connection - model.nation.tupi]
May 10, 2018 10:10:04 AM net.sf.freecol.server.networking.Server sendToAll
INFO: Reap dead connection: [DummyConnection Server connection - model.nation.english]
May 10, 2018 10:10:04 AM net.sf.freecol.server.networking.Server sendToAll
INFO: Reap dead connection: [DummyConnection Server connection - model.nation.cherokee]
May 10, 2018 10:10:04 AM net.sf.freecol.server.networking.Server sendToAll
INFO: Reap dead connection: [DummyConnection Server connection - model.nation.aztec]
May 10, 2018 10:10:04 AM net.sf.freecol.server.networking.Server sendToAll
INFO: Reap dead connection: [DummyConnection Server connection - model.nation.inca]
May 10, 2018 10:10:04 AM net.sf.freecol.server.networking.Server sendToAll
INFO: Reap dead connection: [DummyConnection Server connection - model.nation.apache]
May 10, 2018 10:10:04 AM net.sf.freecol.server.networking.Server sendToAll
INFO: Reap dead connection: [DummyConnection Server connection - model.nation.iroquois]
May 10, 2018 10:10:04 AM net.sf.freecol.server.model.ServerColony csBuildUnit
INFO: New unit in New Amsterdam: freeColonist
May 10, 2018 10:10:04 AM net.sf.freecol.common.model.Specification applyDifficultyLevel
INFO: Applying difficulty level model.difficulty.medium
May 10, 2018 10:10:04 AM net.sf.freecol.common.model.Specification applyDifficultyLevel
INFO: Applying difficulty level model.difficulty.medium
May 10, 2018 10:10:04 AM net.sf.freecol.common.FreeColSeed getFreeColSeed
INFO: Using seed: -5709245858314973148
May 10, 2018 10:10:05 AM net.sf.freecol.server.networking.Server sendToAll
INFO: Reap dead connection: [DummyConnection Server connection - model.nation.dutch]
May 10, 2018 10:10:05 AM net.sf.freecol.server.networking.Server sendToAll
INFO: Reap dead connection: [DummyConnection Server connection - model.nation.aztec]
May 10, 2018 10:10:05 AM net.sf.freecol.server.networking.Server sendToAll
INFO: Reap dead connection: [DummyConnection Server connection - model.nation.inca]
May 10, 2018 10:10:05 AM net.sf.freecol.server.networking.Server sendToAll
INFO: Reap dead connection: [DummyConnection Server connection - model.nation.spanish]
May 10, 2018 10:10:05 AM net.sf.freecol.server.networking.Server sendToAll
INFO: Reap dead connection: [DummyConnection Server connection - model.nation.sioux]
May 10, 2018 10:10:05 AM net.sf.freecol.server.networking.Server sendToAll
INFO: Reap dead connection: [DummyConnection Server connection - model.nation.tupi]
May 10, 2018 10:10:05 AM net.sf.freecol.server.networking.Server sendToAll
INFO: Reap dead connection: [DummyConnection Server connection - model.nation.iroquois]
May 10, 2018 10:10:05 AM net.sf.freecol.server.networking.Server sendToAll
INFO: Reap dead connection: [DummyConnection Server connection - model.nation.french]
May 10, 2018 10:10:05 AM net.sf.freecol.server.networking.Server sendToAll
INFO: Reap dead connection: [DummyConnection Server connection - model.nation.english]
May 10, 2018 10:10:05 AM net.sf.freecol.server.networking.Server sendToAll
INFO: Reap dead connection: [DummyConnection Server connection - model.nation.arawak]
May 10, 2018 10:10:05 AM net.sf.freecol.server.networking.Server sendToAll
INFO: Reap dead connection: [DummyConnection Server connection - model.nation.cherokee]
May 10, 2018 10:10:05 AM net.sf.freecol.server.networking.Server sendToAll
INFO: Reap dead connection: [DummyConnection Server connection - model.nation.apache]
May 10, 2018 10:10:05 AM net.sf.freecol.common.model.Specification applyDifficultyLevel
INFO: Applying difficulty level model.difficulty.medium
May 10, 2018 10:10:05 AM net.sf.freecol.common.FreeColSeed getFreeColSeed
INFO: Using seed: 6068280680780796296
May 10, 2018 10:10:05 AM net.sf.freecol.server.networking.Server sendToAll
INFO: Reap dead connection: [DummyConnection Server connection - model.nation.french]
May 10, 2018 10:10:05 AM net.sf.freecol.server.networking.Server sendToAll
INFO: Reap dead connection: [DummyConnection Server connection - model.nation.inca]
May 10, 2018 10:10:05 AM net.sf.freecol.server.networking.Server sendToAll
INFO: Reap dead connection: [DummyConnection Server connection - model.nation.dutch]
May 10, 2018 10:10:05 AM net.sf.freecol.server.networking.Server sendToAll
INFO: Reap dead connection: [DummyConnection Server connection - model.nation.arawak]
May 10, 2018 10:10:05 AM net.sf.freecol.server.networking.Server sendToAll
INFO: Reap dead connection: [DummyConnection Server connection - model.nation.iroquois]
May 10, 2018 10:10:05 AM net.sf.freecol.server.networking.Server sendToAll
INFO: Reap dead connection: [DummyConnection Server connection - model.nation.aztec]
May 10, 2018 10:10:05 AM net.sf.freecol.server.networking.Server sendToAll
INFO: Reap dead connection: [DummyConnection Server connection - model.nation.cherokee]
May 10, 2018 10:10:05 AM net.sf.freecol.server.networking.Server sendToAll
INFO: Reap dead connection: [DummyConnection Server connection - model.nation.apache]
May 10, 2018 10:10:05 AM net.sf.freecol.server.networking.Server sendToAll
INFO: Reap dead connection: [DummyConnection Server connection - model.nation.sioux]
May 10, 2018 10:10:05 AM net.sf.freecol.server.networking.Server sendToAll
INFO: Reap dead connection: [DummyConnection Server connection - model.nation.english]
May 10, 2018 10:10:05 AM net.sf.freecol.server.networking.Server sendToAll
INFO: Reap dead connection: [DummyConnection Server connection - model.nation.tupi]
May 10, 2018 10:10:05 AM net.sf.freecol.server.networking.Server sendToAll
INFO: Reap dead connection: [DummyConnection Server connection - model.nation.spanish]
May 10, 2018 10:10:05 AM net.sf.freecol.common.model.Specification applyDifficultyLevel
INFO: Applying difficulty level model.difficulty.medium
May 10, 2018 10:10:05 AM net.sf.freecol.common.FreeColSeed getFreeColSeed
INFO: Using seed: -4705665929012712676
May 10, 2018 10:10:05 AM net.sf.freecol.server.networking.Server sendToAll
INFO: Reap dead connection: [DummyConnection Server connection - model.nation.tupi]
May 10, 2018 10:10:05 AM net.sf.freecol.server.networking.Server sendToAll
INFO: Reap dead connection: [DummyConnection Server connection - model.nation.french]
May 10, 2018 10:10:05 AM net.sf.freecol.server.networking.Server sendToAll
INFO: Reap dead connection: [DummyConnection Server connection - model.nation.cherokee]
May 10, 2018 10:10:05 AM net.sf.freecol.server.networking.Server sendToAll
INFO: Reap dead connection: [DummyConnection Server connection - model.nation.sioux]
May 10, 2018 10:10:05 AM net.sf.freecol.server.networking.Server sendToAll
INFO: Reap dead connection: [DummyConnection Server connection - model.nation.inca]
May 10, 2018 10:10:05 AM net.sf.freecol.server.networking.Server sendToAll
INFO: Reap dead connection: [DummyConnection Server connection - model.nation.iroquois]
May 10, 2018 10:10:05 AM net.sf.freecol.server.networking.Server sendToAll
INFO: Reap dead connection: [DummyConnection Server connection - model.nation.apache]
May 10, 2018 10:10:05 AM net.sf.freecol.server.networking.Server sendToAll
INFO: Reap dead connection: [DummyConnection Server connection - model.nation.arawak]
May 10, 2018 10:10:05 AM net.sf.freecol.server.networking.Server sendToAll
INFO: Reap dead connection: [DummyConnection Server connection - model.nation.english]
May 10, 2018 10:10:05 AM net.sf.freecol.server.networking.Server sendToAll
INFO: Reap dead connection: [DummyConnection Server connection - model.nation.aztec]
May 10, 2018 10:10:05 AM net.sf.freecol.server.networking.Server sendToAll
INFO: Reap dead connection: [DummyConnection Server connection - model.nation.dutch]
May 10, 2018 10:10:05 AM net.sf.freecol.server.networking.Server sendToAll
INFO: Reap dead connection: [DummyConnection Server connection - model.nation.spanish]
May 10, 2018 10:10:05 AM net.sf.freecol.common.util.LogBuilder log
INFO: Destroying: goodsContainer:254 unit:253
May 10, 2018 10:10:05 AM net.sf.freecol.common.model.Specification applyDifficultyLevel
INFO: Applying difficulty level model.difficulty.medium
May 10, 2018 10:10:05 AM net.sf.freecol.common.FreeColSeed getFreeColSeed
INFO: Using seed: 653740424529739825
May 10, 2018 10:10:05 AM net.sf.freecol.server.networking.Server sendToAll
INFO: Reap dead connection: [DummyConnection Server connection - model.nation.apache]
May 10, 2018 10:10:05 AM net.sf.freecol.server.networking.Server sendToAll
INFO: Reap dead connection: [DummyConnection Server connection - model.nation.dutch]
May 10, 2018 10:10:05 AM net.sf.freecol.server.networking.Server sendToAll
INFO: Reap dead connection: [DummyConnection Server connection - model.nation.iroquois]
May 10, 2018 10:10:05 AM net.sf.freecol.server.networking.Server sendToAll
INFO: Reap dead connection: [DummyConnection Server connection - model.nation.english]
May 10, 2018 10:10:05 AM net.sf.freecol.server.networking.Server sendToAll
INFO: Reap dead connection: [DummyConnection Server connection - model.nation.cherokee]
May 10, 2018 10:10:05 AM net.sf.freecol.server.networking.Server sendToAll
INFO: Reap dead connection: [DummyConnection Server connection - model.nation.inca]
May 10, 2018 10:10:05 AM net.sf.freecol.server.networking.Server sendToAll
INFO: Reap dead connection: [DummyConnection Server connection - model.nation.aztec]
May 10, 2018 10:10:05 AM net.sf.freecol.server.networking.Server sendToAll
INFO: Reap dead connection: [DummyConnection Server connection - model.nation.french]
May 10, 2018 10:10:05 AM net.sf.freecol.server.networking.Server sendToAll
INFO: Reap dead connection: [DummyConnection Server connection - model.nation.spanish]
May 10, 2018 10:10:05 AM net.sf.freecol.server.networking.Server sendToAll
INFO: Reap dead connection: [DummyConnection Server connection - model.nation.tupi]
May 10, 2018 10:10:05 AM net.sf.freecol.server.networking.Server sendToAll
INFO: Reap dead connection: [DummyConnection Server connection - model.nation.sioux]
May 10, 2018 10:10:05 AM net.sf.freecol.server.networking.Server sendToAll
INFO: Reap dead connection: [DummyConnection Server connection - model.nation.arawak]
May 10, 2018 10:10:05 AM net.sf.freecol.common.model.Specification applyDifficultyLevel
INFO: Applying difficulty level model.difficulty.medium
May 10, 2018 10:10:05 AM net.sf.freecol.common.FreeColSeed getFreeColSeed
INFO: Using seed: -9065071737270664562
May 10, 2018 10:10:05 AM net.sf.freecol.server.networking.Server sendToAll
INFO: Reap dead connection: [DummyConnection Server connection - model.nation.tupi]
May 10, 2018 10:10:05 AM net.sf.freecol.server.networking.Server sendToAll
INFO: Reap dead connection: [DummyConnection Server connection - model.nation.english]
May 10, 2018 10:10:05 AM net.sf.freecol.server.networking.Server sendToAll
INFO: Reap dead connection: [DummyConnection Server connection - model.nation.apache]
May 10, 2018 10:10:05 AM net.sf.freecol.server.networking.Server sendToAll
INFO: Reap dead connection: [DummyConnection Server connection - model.nation.cherokee]
May 10, 2018 10:10:05 AM net.sf.freecol.server.networking.Server sendToAll
INFO: Reap dead connection: [DummyConnection Server connection - model.nation.french]
May 10, 2018 10:10:05 AM net.sf.freecol.server.networking.Server sendToAll
INFO: Reap dead connection: [DummyConnection Server connection - model.nation.spanish]
May 10, 2018 10:10:05 AM net.sf.freecol.server.networking.Server sendToAll
INFO: Reap dead connection: [DummyConnection Server connection - model.nation.dutch]
May 10, 2018 10:10:05 AM net.sf.freecol.server.networking.Server sendToAll
INFO: Reap dead connection: [DummyConnection Server connection - model.nation.inca]
May 10, 2018 10:10:05 AM net.sf.freecol.server.networking.Server sendToAll
INFO: Reap dead connection: [DummyConnection Server connection - model.nation.aztec]
May 10, 2018 10:10:05 AM net.sf.freecol.server.networking.Server sendToAll
INFO: Reap dead connection: [DummyConnection Server connection - model.nation.sioux]
May 10, 2018 10:10:05 AM net.sf.freecol.server.networking.Server sendToAll
INFO: Reap dead connection: [DummyConnection Server connection - model.nation.arawak]
May 10, 2018 10:10:05 AM net.sf.freecol.server.networking.Server sendToAll
INFO: Reap dead connection: [DummyConnection Server connection - model.nation.iroquois]
May 10, 2018 10:10:05 AM net.sf.freecol.common.model.Specification applyDifficultyLevel
INFO: Applying difficulty level model.difficulty.medium
May 10, 2018 10:10:05 AM net.sf.freecol.common.FreeColSeed getFreeColSeed
INFO: Using seed: -5554601110105938954
May 10, 2018 10:10:05 AM net.sf.freecol.server.networking.Server sendToAll
INFO: Reap dead connection: [DummyConnection Server connection - model.nation.sioux]
May 10, 2018 10:10:05 AM net.sf.freecol.server.networking.Server sendToAll
INFO: Reap dead connection: [DummyConnection Server connection - model.nation.dutch]
May 10, 2018 10:10:05 AM net.sf.freecol.server.networking.Server sendToAll
INFO: Reap dead connection: [DummyConnection Server connection - model.nation.english]
May 10, 2018 10:10:05 AM net.sf.freecol.server.networking.Server sendToAll
INFO: Reap dead connection: [DummyConnection Server connection - model.nation.tupi]
May 10, 2018 10:10:05 AM net.sf.freecol.server.networking.Server sendToAll
INFO: Reap dead connection: [DummyConnection Server connection - model.nation.spanish]
May 10, 2018 10:10:05 AM net.sf.freecol.server.networking.Server sendToAll
INFO: Reap dead connection: [DummyConnection Server connection - model.nation.inca]
May 10, 2018 10:10:05 AM net.sf.freecol.server.networking.Server sendToAll
INFO: Reap dead connection: [DummyConnection Server connection - model.nation.apache]
May 10, 2018 10:10:05 AM net.sf.freecol.server.networking.Server sendToAll
INFO: Reap dead connection: [DummyConnection Server connection - model.nation.cherokee]
May 10, 2018 10:10:05 AM net.sf.freecol.server.networking.Server sendToAll
INFO: Reap dead connection: [DummyConnection Server connection - model.nation.arawak]
May 10, 2018 10:10:05 AM net.sf.freecol.server.networking.Server sendToAll
INFO: Reap dead connection: [DummyConnection Server connection - model.nation.iroquois]
May 10, 2018 10:10:05 AM net.sf.freecol.server.networking.Server sendToAll
INFO: Reap dead connection: [DummyConnection Server connection - model.nation.aztec]
May 10, 2018 10:10:05 AM net.sf.freecol.server.networking.Server sendToAll
INFO: Reap dead connection: [DummyConnection Server connection - model.nation.french]
May 10, 2018 10:10:05 AM net.sf.freecol.common.model.Specification applyDifficultyLevel
INFO: Applying difficulty level model.difficulty.medium
May 10, 2018 10:10:05 AM net.sf.freecol.common.FreeColSeed getFreeColSeed
INFO: Using seed: -1978034657889348041
May 10, 2018 10:10:05 AM net.sf.freecol.server.networking.Server sendToAll
INFO: Reap dead connection: [DummyConnection Server connection - model.nation.dutch]
May 10, 2018 10:10:05 AM net.sf.freecol.server.networking.Server sendToAll
INFO: Reap dead connection: [DummyConnection Server connection - model.nation.tupi]
May 10, 2018 10:10:05 AM net.sf.freecol.server.networking.Server sendToAll
INFO: Reap dead connection: [DummyConnection Server connection - model.nation.arawak]
May 10, 2018 10:10:05 AM net.sf.freecol.server.networking.Server sendToAll
INFO: Reap dead connection: [DummyConnection Server connection - model.nation.inca]
May 10, 2018 10:10:05 AM net.sf.freecol.server.networking.Server sendToAll
INFO: Reap dead connection: [DummyConnection Server connection - model.nation.aztec]
May 10, 2018 10:10:05 AM net.sf.freecol.server.networking.Server sendToAll
INFO: Reap dead connection: [DummyConnection Server connection - model.nation.iroquois]
May 10, 2018 10:10:05 AM net.sf.freecol.server.networking.Server sendToAll
INFO: Reap dead connection: [DummyConnection Server connection - model.nation.sioux]
May 10, 2018 10:10:05 AM net.sf.freecol.server.networking.Server sendToAll
INFO: Reap dead connection: [DummyConnection Server connection - model.nation.english]
May 10, 2018 10:10:05 AM net.sf.freecol.server.networking.Server sendToAll
INFO: Reap dead connection: [DummyConnection Server connection - model.nation.apache]
May 10, 2018 10:10:05 AM net.sf.freecol.server.networking.Server sendToAll
INFO: Reap dead connection: [DummyConnection Server connection - model.nation.cherokee]
May 10, 2018 10:10:05 AM net.sf.freecol.server.networking.Server sendToAll
INFO: Reap dead connection: [DummyConnection Server connection - model.nation.french]
May 10, 2018 10:10:05 AM net.sf.freecol.server.networking.Server sendToAll
INFO: Reap dead connection: [DummyConnection Server connection - model.nation.spanish]
May 10, 2018 10:10:05 AM net.sf.freecol.server.model.ServerPlayer checkForDeath
INFO: William I alive, can buy colonist.
May 10, 2018 10:10:05 AM net.sf.freecol.common.model.Specification applyDifficultyLevel
INFO: Applying difficulty level model.difficulty.medium
May 10, 2018 10:10:05 AM net.sf.freecol.common.FreeColSeed getFreeColSeed
INFO: Using seed: 6924987736063972679
May 10, 2018 10:10:05 AM net.sf.freecol.server.networking.Server sendToAll
INFO: Reap dead connection: [DummyConnection Server connection - model.nation.dutch]
May 10, 2018 10:10:05 AM net.sf.freecol.server.networking.Server sendToAll
INFO: Reap dead connection: [DummyConnection Server connection - model.nation.apache]
May 10, 2018 10:10:05 AM net.sf.freecol.server.networking.Server sendToAll
INFO: Reap dead connection: [DummyConnection Server connection - model.nation.inca]
May 10, 2018 10:10:05 AM net.sf.freecol.server.networking.Server sendToAll
INFO: Reap dead connection: [DummyConnection Server connection - model.nation.tupi]
May 10, 2018 10:10:05 AM net.sf.freecol.server.networking.Server sendToAll
INFO: Reap dead connection: [DummyConnection Server connection - model.nation.iroquois]
May 10, 2018 10:10:05 AM net.sf.freecol.server.networking.Server sendToAll
INFO: Reap dead connection: [DummyConnection Server connection - model.nation.aztec]
May 10, 2018 10:10:05 AM net.sf.freecol.server.networking.Server sendToAll
INFO: Reap dead connection: [DummyConnection Server connection - model.nation.french]
May 10, 2018 10:10:05 AM net.sf.freecol.server.networking.Server sendToAll
INFO: Reap dead connection: [DummyConnection Server connection - model.nation.sioux]
May 10, 2018 10:10:05 AM net.sf.freecol.server.networking.Server sendToAll
INFO: Reap dead connection: [DummyConnection Server connection - model.nation.arawak]
May 10, 2018 10:10:05 AM net.sf.freecol.server.networking.Server sendToAll
INFO: Reap dead connection: [DummyConnection Server connection - model.nation.spanish]
May 10, 2018 10:10:05 AM net.sf.freecol.server.networking.Server sendToAll
INFO: Reap dead connection: [DummyConnection Server connection - model.nation.english]
May 10, 2018 10:10:05 AM net.sf.freecol.server.networking.Server sendToAll
INFO: Reap dead connection: [DummyConnection Server connection - model.nation.cherokee]
May 10, 2018 10:10:05 AM net.sf.freecol.server.model.ServerPlayer checkForDeath
INFO: William I survives by autorecruit.
May 10, 2018 10:10:05 AM net.sf.freecol.server.model.ServerPlayer checkForDeath
INFO: William I alive, has waiting colonist.
May 10, 2018 10:10:05 AM net.sf.freecol.server.model.ServerPlayer checkForDeath
INFO: William I dead, no presence >= 1600
May 10, 2018 10:10:05 AM net.sf.freecol.common.model.Specification applyDifficultyLevel
INFO: Applying difficulty level model.difficulty.medium
May 10, 2018 10:10:05 AM net.sf.freecol.common.FreeColSeed getFreeColSeed
INFO: Using seed: -8794401693495464220
May 10, 2018 10:10:05 AM net.sf.freecol.server.networking.Server sendToAll
INFO: Reap dead connection: [DummyConnection Server connection - model.nation.french]
May 10, 2018 10:10:05 AM net.sf.freecol.server.networking.Server sendToAll
INFO: Reap dead connection: [DummyConnection Server connection - model.nation.inca]
May 10, 2018 10:10:05 AM net.sf.freecol.server.networking.Server sendToAll
INFO: Reap dead connection: [DummyConnection Server connection - model.nation.dutch]
May 10, 2018 10:10:05 AM net.sf.freecol.server.networking.Server sendToAll
INFO: Reap dead connection: [DummyConnection Server connection - model.nation.aztec]
May 10, 2018 10:10:05 AM net.sf.freecol.server.networking.Server sendToAll
INFO: Reap dead connection: [DummyConnection Server connection - model.nation.tupi]
May 10, 2018 10:10:05 AM net.sf.freecol.server.networking.Server sendToAll
INFO: Reap dead connection: [DummyConnection Server connection - model.nation.sioux]
May 10, 2018 10:10:05 AM net.sf.freecol.server.networking.Server sendToAll
INFO: Reap dead connection: [DummyConnection Server connection - model.nation.arawak]
May 10, 2018 10:10:05 AM net.sf.freecol.server.networking.Server sendToAll
INFO: Reap dead connection: [DummyConnection Server connection - model.nation.cherokee]
May 10, 2018 10:10:05 AM net.sf.freecol.server.networking.Server sendToAll
INFO: Reap dead connection: [DummyConnection Server connection - model.nation.apache]
May 10, 2018 10:10:05 AM net.sf.freecol.server.networking.Server sendToAll
INFO: Reap dead connection: [DummyConnection Server connection - model.nation.iroquois]
May 10, 2018 10:10:05 AM net.sf.freecol.server.networking.Server sendToAll
INFO: Reap dead connection: [DummyConnection Server connection - model.nation.spanish]
May 10, 2018 10:10:05 AM net.sf.freecol.server.networking.Server sendToAll
INFO: Reap dead connection: [DummyConnection Server connection - model.nation.english]
May 10, 2018 10:10:05 AM net.sf.freecol.server.model.ServerPlayer checkForDeath
INFO: William I alive, unit unit:247 on map.
May 10, 2018 10:10:05 AM net.sf.freecol.common.model.Specification applyDifficultyLevel
INFO: Applying difficulty level model.difficulty.medium
May 10, 2018 10:10:05 AM net.sf.freecol.common.FreeColSeed getFreeColSeed
INFO: Using seed: -4084213888607598491
May 10, 2018 10:10:05 AM net.sf.freecol.server.networking.Server sendToAll
INFO: Reap dead connection: [DummyConnection Server connection - model.nation.inca]
May 10, 2018 10:10:05 AM net.sf.freecol.server.networking.Server sendToAll
INFO: Reap dead connection: [DummyConnection Server connection - model.nation.cherokee]
May 10, 2018 10:10:05 AM net.sf.freecol.server.networking.Server sendToAll
INFO: Reap dead connection: [DummyConnection Server connection - model.nation.spanish]
May 10, 2018 10:10:05 AM net.sf.freecol.server.networking.Server sendToAll
INFO: Reap dead connection: [DummyConnection Server connection - model.nation.arawak]
May 10, 2018 10:10:05 AM net.sf.freecol.server.networking.Server sendToAll
INFO: Reap dead connection: [DummyConnection Server connection - model.nation.sioux]
May 10, 2018 10:10:05 AM net.sf.freecol.server.networking.Server sendToAll
INFO: Reap dead connection: [DummyConnection Server connection - model.nation.french]
May 10, 2018 10:10:05 AM net.sf.freecol.server.networking.Server sendToAll
INFO: Reap dead connection: [DummyConnection Server connection - model.nation.aztec]
May 10, 2018 10:10:05 AM net.sf.freecol.server.networking.Server sendToAll
INFO: Reap dead connection: [DummyConnection Server connection - model.nation.english]
May 10, 2018 10:10:05 AM net.sf.freecol.server.networking.Server sendToAll
INFO: Reap dead connection: [DummyConnection Server connection - model.nation.tupi]
May 10, 2018 10:10:05 AM net.sf.freecol.server.networking.Server sendToAll
INFO: Reap dead connection: [DummyConnection Server connection - model.nation.dutch]
May 10, 2018 10:10:05 AM net.sf.freecol.server.networking.Server sendToAll
INFO: Reap dead connection: [DummyConnection Server connection - model.nation.apache]
May 10, 2018 10:10:05 AM net.sf.freecol.server.networking.Server sendToAll
INFO: Reap dead connection: [DummyConnection Server connection - model.nation.iroquois]
May 10, 2018 10:10:05 AM net.sf.freecol.common.model.Specification applyDifficultyLevel
INFO: Applying difficulty level model.difficulty.medium
May 10, 2018 10:10:05 AM net.sf.freecol.common.FreeColSeed getFreeColSeed
INFO: Using seed: -1483584123444902542
May 10, 2018 10:10:05 AM net.sf.freecol.server.networking.Server sendToAll
INFO: Reap dead connection: [DummyConnection Server connection - model.nation.dutch]
May 10, 2018 10:10:05 AM net.sf.freecol.server.networking.Server sendToAll
INFO: Reap dead connection: [DummyConnection Server connection - model.nation.english]
May 10, 2018 10:10:05 AM net.sf.freecol.server.networking.Server sendToAll
INFO: Reap dead connection: [DummyConnection Server connection - model.nation.sioux]
May 10, 2018 10:10:05 AM net.sf.freecol.server.networking.Server sendToAll
INFO: Reap dead connection: [DummyConnection Server connection - model.nation.spanish]
May 10, 2018 10:10:05 AM net.sf.freecol.server.networking.Server sendToAll
INFO: Reap dead connection: [DummyConnection Server connection - model.nation.iroquois]
May 10, 2018 10:10:05 AM net.sf.freecol.server.networking.Server sendToAll
INFO: Reap dead connection: [DummyConnection Server connection - model.nation.tupi]
May 10, 2018 10:10:05 AM net.sf.freecol.server.networking.Server sendToAll
INFO: Reap dead connection: [DummyConnection Server connection - model.nation.aztec]
May 10, 2018 10:10:05 AM net.sf.freecol.server.networking.Server sendToAll
INFO: Reap dead connection: [DummyConnection Server connection - model.nation.french]
May 10, 2018 10:10:05 AM net.sf.freecol.server.networking.Server sendToAll
INFO: Reap dead connection: [DummyConnection Server connection - model.nation.inca]
May 10, 2018 10:10:05 AM net.sf.freecol.server.networking.Server sendToAll
INFO: Reap dead connection: [DummyConnection Server connection - model.nation.arawak]
May 10, 2018 10:10:05 AM net.sf.freecol.server.networking.Server sendToAll
INFO: Reap dead connection: [DummyConnection Server connection - model.nation.cherokee]
May 10, 2018 10:10:05 AM net.sf.freecol.server.networking.Server sendToAll
INFO: Reap dead connection: [DummyConnection Server connection - model.nation.apache]
May 10, 2018 10:10:05 AM net.sf.freecol.common.model.Specification applyDifficultyLevel
INFO: Applying difficulty level model.difficulty.medium
May 10, 2018 10:10:05 AM net.sf.freecol.common.FreeColSeed getFreeColSeed
INFO: Using seed: -9156718438899556581
May 10, 2018 10:10:05 AM net.sf.freecol.server.networking.Server sendToAll
INFO: Reap dead connection: [DummyConnection Server connection - model.nation.apache]
May 10, 2018 10:10:05 AM net.sf.freecol.server.networking.Server sendToAll
INFO: Reap dead connection: [DummyConnection Server connection - model.nation.tupi]
May 10, 2018 10:10:05 AM net.sf.freecol.server.networking.Server sendToAll
INFO: Reap dead connection: [DummyConnection Server connection - model.nation.dutch]
May 10, 2018 10:10:05 AM net.sf.freecol.server.networking.Server sendToAll
INFO: Reap dead connection: [DummyConnection Server connection - model.nation.inca]
May 10, 2018 10:10:05 AM net.sf.freecol.server.networking.Server sendToAll
INFO: Reap dead connection: [DummyConnection Server connection - model.nation.english]
May 10, 2018 10:10:05 AM net.sf.freecol.server.networking.Server sendToAll
INFO: Reap dead connection: [DummyConnection Server connection - model.nation.aztec]
May 10, 2018 10:10:05 AM net.sf.freecol.server.networking.Server sendToAll
INFO: Reap dead connection: [DummyConnection Server connection - model.nation.french]
May 10, 2018 10:10:05 AM net.sf.freecol.server.networking.Server sendToAll
INFO: Reap dead connection: [DummyConnection Server connection - model.nation.cherokee]
May 10, 2018 10:10:05 AM net.sf.freecol.server.networking.Server sendToAll
INFO: Reap dead connection: [DummyConnection Server connection - model.nation.arawak]
May 10, 2018 10:10:05 AM net.sf.freecol.server.networking.Server sendToAll
INFO: Reap dead connection: [DummyConnection Server connection - model.nation.spanish]
May 10, 2018 10:10:05 AM net.sf.freecol.server.networking.Server sendToAll
INFO: Reap dead connection: [DummyConnection Server connection - model.nation.iroquois]
May 10, 2018 10:10:05 AM net.sf.freecol.server.networking.Server sendToAll
INFO: Reap dead connection: [DummyConnection Server connection - model.nation.sioux]
May 10, 2018 10:10:05 AM net.sf.freecol.server.model.ServerPlayer checkForDeath
INFO: William I alive, has embarked unit.
May 10, 2018 10:10:05 AM net.sf.freecol.server.model.ServerPlayer checkForDeath
INFO: William I dead, no presence >= 1600
May 10, 2018 10:10:05 AM net.sf.freecol.common.model.Specification applyDifficultyLevel
INFO: Applying difficulty level model.difficulty.medium
May 10, 2018 10:10:05 AM net.sf.freecol.common.model.Specification applyDifficultyLevel
INFO: Applying difficulty level model.difficulty.medium
May 10, 2018 10:10:05 AM net.sf.freecol.common.model.Specification applyDifficultyLevel
INFO: Applying difficulty level model.difficulty.medium
May 10, 2018 10:10:05 AM net.sf.freecol.common.FreeColSeed getFreeColSeed
INFO: Using seed: 1744549299214385219
May 10, 2018 10:10:05 AM net.sf.freecol.server.networking.Server sendToAll
INFO: Reap dead connection: [DummyConnection Server connection - model.nation.inca]
May 10, 2018 10:10:05 AM net.sf.freecol.server.networking.Server sendToAll
INFO: Reap dead connection: [DummyConnection Server connection - model.nation.aztec]
May 10, 2018 10:10:05 AM net.sf.freecol.server.networking.Server sendToAll
INFO: Reap dead connection: [DummyConnection Server connection - model.nation.spanish]
May 10, 2018 10:10:05 AM net.sf.freecol.server.networking.Server sendToAll
INFO: Reap dead connection: [DummyConnection Server connection - model.nation.english]
May 10, 2018 10:10:05 AM net.sf.freecol.server.networking.Server sendToAll
INFO: Reap dead connection: [DummyConnection Server connection - model.nation.apache]
May 10, 2018 10:10:05 AM net.sf.freecol.server.networking.Server sendToAll
INFO: Reap dead connection: [DummyConnection Server connection - model.nation.sioux]
May 10, 2018 10:10:05 AM net.sf.freecol.server.networking.Server sendToAll
INFO: Reap dead connection: [DummyConnection Server connection - model.nation.dutch]
May 10, 2018 10:10:05 AM net.sf.freecol.server.networking.Server sendToAll
INFO: Reap dead connection: [DummyConnection Server connection - model.nation.french]
May 10, 2018 10:10:05 AM net.sf.freecol.server.networking.Server sendToAll
INFO: Reap dead connection: [DummyConnection Server connection - model.nation.cherokee]
May 10, 2018 10:10:05 AM net.sf.freecol.server.networking.Server sendToAll
INFO: Reap dead connection: [DummyConnection Server connection - model.nation.iroquois]
May 10, 2018 10:10:05 AM net.sf.freecol.server.networking.Server sendToAll
INFO: Reap dead connection: [DummyConnection Server connection - model.nation.tupi]
May 10, 2018 10:10:05 AM net.sf.freecol.server.networking.Server sendToAll
INFO: Reap dead connection: [DummyConnection Server connection - model.nation.arawak]
May 10, 2018 10:10:05 AM net.sf.freecol.common.model.Specification applyDifficultyLevel
INFO: Applying difficulty level model.difficulty.medium
May 10, 2018 10:10:05 AM net.sf.freecol.common.FreeColSeed getFreeColSeed
INFO: Using seed: 8077929131431225562
May 10, 2018 10:10:05 AM net.sf.freecol.server.networking.Server sendToAll
INFO: Reap dead connection: [DummyConnection Server connection - model.nation.tupi]
May 10, 2018 10:10:05 AM net.sf.freecol.server.networking.Server sendToAll
INFO: Reap dead connection: [DummyConnection Server connection - model.nation.cherokee]
May 10, 2018 10:10:05 AM net.sf.freecol.server.networking.Server sendToAll
INFO: Reap dead connection: [DummyConnection Server connection - model.nation.iroquois]
May 10, 2018 10:10:05 AM net.sf.freecol.server.networking.Server sendToAll
INFO: Reap dead connection: [DummyConnection Server connection - model.nation.english]
May 10, 2018 10:10:05 AM net.sf.freecol.server.networking.Server sendToAll
INFO: Reap dead connection: [DummyConnection Server connection - model.nation.inca]
May 10, 2018 10:10:05 AM net.sf.freecol.server.networking.Server sendToAll
INFO: Reap dead connection: [DummyConnection Server connection - model.nation.spanish]
May 10, 2018 10:10:05 AM net.sf.freecol.server.networking.Server sendToAll
INFO: Reap dead connection: [DummyConnection Server connection - model.nation.aztec]
May 10, 2018 10:10:05 AM net.sf.freecol.server.networking.Server sendToAll
INFO: Reap dead connection: [DummyConnection Server connection - model.nation.french]
May 10, 2018 10:10:05 AM net.sf.freecol.server.networking.Server sendToAll
INFO: Reap dead connection: [DummyConnection Server connection - model.nation.sioux]
May 10, 2018 10:10:05 AM net.sf.freecol.server.networking.Server sendToAll
INFO: Reap dead connection: [DummyConnection Server connection - model.nation.dutch]
May 10, 2018 10:10:05 AM net.sf.freecol.server.networking.Server sendToAll
INFO: Reap dead connection: [DummyConnection Server connection - model.nation.arawak]
May 10, 2018 10:10:05 AM net.sf.freecol.server.networking.Server sendToAll
INFO: Reap dead connection: [DummyConnection Server connection - model.nation.apache]
May 10, 2018 10:10:05 AM net.sf.freecol.common.model.Specification applyDifficultyLevel
INFO: Applying difficulty level model.difficulty.medium
May 10, 2018 10:10:05 AM net.sf.freecol.common.FreeColSeed getFreeColSeed
INFO: Using seed: 7845791145174617848
May 10, 2018 10:10:05 AM net.sf.freecol.server.networking.Server sendToAll
INFO: Reap dead connection: [DummyConnection Server connection - model.nation.aztec]
May 10, 2018 10:10:05 AM net.sf.freecol.server.networking.Server sendToAll
INFO: Reap dead connection: [DummyConnection Server connection - model.nation.sioux]
May 10, 2018 10:10:05 AM net.sf.freecol.server.networking.Server sendToAll
INFO: Reap dead connection: [DummyConnection Server connection - model.nation.spanish]
May 10, 2018 10:10:05 AM net.sf.freecol.server.networking.Server sendToAll
INFO: Reap dead connection: [DummyConnection Server connection - model.nation.tupi]
May 10, 2018 10:10:05 AM net.sf.freecol.server.networking.Server sendToAll
INFO: Reap dead connection: [DummyConnection Server connection - model.nation.arawak]
May 10, 2018 10:10:05 AM net.sf.freecol.server.networking.Server sendToAll
INFO: Reap dead connection: [DummyConnection Server connection - model.nation.iroquois]
May 10, 2018 10:10:05 AM net.sf.freecol.server.networking.Server sendToAll
INFO: Reap dead connection: [DummyConnection Server connection - model.nation.french]
May 10, 2018 10:10:05 AM net.sf.freecol.server.networking.Server sendToAll
INFO: Reap dead connection: [DummyConnection Server connection - model.nation.english]
May 10, 2018 10:10:05 AM net.sf.freecol.server.networking.Server sendToAll
INFO: Reap dead connection: [DummyConnection Server connection - model.nation.dutch]
May 10, 2018 10:10:05 AM net.sf.freecol.server.networking.Server sendToAll
INFO: Reap dead connection: [DummyConnection Server connection - model.nation.apache]
May 10, 2018 10:10:05 AM net.sf.freecol.server.networking.Server sendToAll
INFO: Reap dead connection: [DummyConnection Server connection - model.nation.cherokee]
May 10, 2018 10:10:05 AM net.sf.freecol.server.networking.Server sendToAll
INFO: Reap dead connection: [DummyConnection Server connection - model.nation.inca]
May 10, 2018 10:10:05 AM net.sf.freecol.server.model.ServerPlayer checkForDeath
INFO: William I dead, can not buy carrier.
May 10, 2018 10:10:05 AM net.sf.freecol.common.model.Specification applyDifficultyLevel
INFO: Applying difficulty level model.difficulty.medium
May 10, 2018 10:10:05 AM net.sf.freecol.common.FreeColSeed getFreeColSeed
INFO: Using seed: 3422748017362966133
May 10, 2018 10:10:05 AM net.sf.freecol.server.networking.Server sendToAll
INFO: Reap dead connection: [DummyConnection Server connection - model.nation.tupi]
May 10, 2018 10:10:05 AM net.sf.freecol.server.networking.Server sendToAll
INFO: Reap dead connection: [DummyConnection Server connection - model.nation.spanish]
May 10, 2018 10:10:05 AM net.sf.freecol.server.networking.Server sendToAll
INFO: Reap dead connection: [DummyConnection Server connection - model.nation.cherokee]
May 10, 2018 10:10:05 AM net.sf.freecol.server.networking.Server sendToAll
INFO: Reap dead connection: [DummyConnection Server connection - model.nation.dutch]
May 10, 2018 10:10:05 AM net.sf.freecol.server.networking.Server sendToAll
INFO: Reap dead connection: [DummyConnection Server connection - model.nation.english]
May 10, 2018 10:10:05 AM net.sf.freecol.server.networking.Server sendToAll
INFO: Reap dead connection: [DummyConnection Server connection - model.nation.iroquois]
May 10, 2018 10:10:05 AM net.sf.freecol.server.networking.Server sendToAll
INFO: Reap dead connection: [DummyConnection Server connection - model.nation.arawak]
May 10, 2018 10:10:05 AM net.sf.freecol.server.networking.Server sendToAll
INFO: Reap dead connection: [DummyConnection Server connection - model.nation.sioux]
May 10, 2018 10:10:05 AM net.sf.freecol.server.networking.Server sendToAll
INFO: Reap dead connection: [DummyConnection Server connection - model.nation.inca]
May 10, 2018 10:10:05 AM net.sf.freecol.server.networking.Server sendToAll
INFO: Reap dead connection: [DummyConnection Server connection - model.nation.french]
May 10, 2018 10:10:05 AM net.sf.freecol.server.networking.Server sendToAll
INFO: Reap dead connection: [DummyConnection Server connection - model.nation.apache]
May 10, 2018 10:10:05 AM net.sf.freecol.server.networking.Server sendToAll
INFO: Reap dead connection: [DummyConnection Server connection - model.nation.aztec]
May 10, 2018 10:10:05 AM net.sf.freecol.server.model.ServerPlayer checkForDeath
INFO: William I alive, has embarked unit.
May 10, 2018 10:10:05 AM net.sf.freecol.server.model.ServerPlayer checkForDeath
INFO: William I dead, no presence >= 1600
May 10, 2018 10:10:05 AM net.sf.freecol.common.model.Specification applyDifficultyLevel
INFO: Applying difficulty level model.difficulty.medium
May 10, 2018 10:10:05 AM net.sf.freecol.common.FreeColSeed getFreeColSeed
INFO: Using seed: 3760781345969350450
May 10, 2018 10:10:05 AM net.sf.freecol.server.networking.Server sendToAll
INFO: Reap dead connection: [DummyConnection Server connection - model.nation.tupi]
May 10, 2018 10:10:05 AM net.sf.freecol.server.networking.Server sendToAll
INFO: Reap dead connection: [DummyConnection Server connection - model.nation.dutch]
May 10, 2018 10:10:05 AM net.sf.freecol.server.networking.Server sendToAll
INFO: Reap dead connection: [DummyConnection Server connection - model.nation.spanish]
May 10, 2018 10:10:05 AM net.sf.freecol.server.networking.Server sendToAll
INFO: Reap dead connection: [DummyConnection Server connection - model.nation.english]
May 10, 2018 10:10:05 AM net.sf.freecol.server.networking.Server sendToAll
INFO: Reap dead connection: [DummyConnection Server connection - model.nation.sioux]
May 10, 2018 10:10:05 AM net.sf.freecol.server.networking.Server sendToAll
INFO: Reap dead connection: [DummyConnection Server connection - model.nation.cherokee]
May 10, 2018 10:10:05 AM net.sf.freecol.server.networking.Server sendToAll
INFO: Reap dead connection: [DummyConnection Server connection - model.nation.iroquois]
May 10, 2018 10:10:05 AM net.sf.freecol.server.networking.Server sendToAll
INFO: Reap dead connection: [DummyConnection Server connection - model.nation.arawak]
May 10, 2018 10:10:05 AM net.sf.freecol.server.networking.Server sendToAll
INFO: Reap dead connection: [DummyConnection Server connection - model.nation.french]
May 10, 2018 10:10:05 AM net.sf.freecol.server.networking.Server sendToAll
INFO: Reap dead connection: [DummyConnection Server connection - model.nation.aztec]
May 10, 2018 10:10:05 AM net.sf.freecol.server.networking.Server sendToAll
INFO: Reap dead connection: [DummyConnection Server connection - model.nation.inca]
May 10, 2018 10:10:05 AM net.sf.freecol.server.networking.Server sendToAll
INFO: Reap dead connection: [DummyConnection Server connection - model.nation.apache]
May 10, 2018 10:10:05 AM net.sf.freecol.common.model.MarketData price
INFO: Clamped price fall for marketData:67 from 10 to 16
May 10, 2018 10:10:05 AM net.sf.freecol.common.model.Specification applyDifficultyLevel
INFO: Applying difficulty level model.difficulty.medium
May 10, 2018 10:10:05 AM net.sf.freecol.common.FreeColSeed getFreeColSeed
INFO: Using seed: 5272993242948777486
May 10, 2018 10:10:05 AM net.sf.freecol.server.networking.Server sendToAll
INFO: Reap dead connection: [DummyConnection Server connection - model.nation.spanish]
May 10, 2018 10:10:05 AM net.sf.freecol.server.networking.Server sendToAll
INFO: Reap dead connection: [DummyConnection Server connection - model.nation.french]
May 10, 2018 10:10:05 AM net.sf.freecol.server.networking.Server sendToAll
INFO: Reap dead connection: [DummyConnection Server connection - model.nation.cherokee]
May 10, 2018 10:10:05 AM net.sf.freecol.server.networking.Server sendToAll
INFO: Reap dead connection: [DummyConnection Server connection - model.nation.inca]
May 10, 2018 10:10:05 AM net.sf.freecol.server.networking.Server sendToAll
INFO: Reap dead connection: [DummyConnection Server connection - model.nation.english]
May 10, 2018 10:10:05 AM net.sf.freecol.server.networking.Server sendToAll
INFO: Reap dead connection: [DummyConnection Server connection - model.nation.tupi]
May 10, 2018 10:10:05 AM net.sf.freecol.server.networking.Server sendToAll
INFO: Reap dead connection: [DummyConnection Server connection - model.nation.apache]
May 10, 2018 10:10:05 AM net.sf.freecol.server.networking.Server sendToAll
INFO: Reap dead connection: [DummyConnection Server connection - model.nation.iroquois]
May 10, 2018 10:10:05 AM net.sf.freecol.server.networking.Server sendToAll
INFO: Reap dead connection: [DummyConnection Server connection - model.nation.arawak]
May 10, 2018 10:10:05 AM net.sf.freecol.server.networking.Server sendToAll
INFO: Reap dead connection: [DummyConnection Server connection - model.nation.aztec]
May 10, 2018 10:10:05 AM net.sf.freecol.server.networking.Server sendToAll
INFO: Reap dead connection: [DummyConnection Server connection - model.nation.sioux]
May 10, 2018 10:10:05 AM net.sf.freecol.server.networking.Server sendToAll
INFO: Reap dead connection: [DummyConnection Server connection - model.nation.dutch]
May 10, 2018 10:10:05 AM net.sf.freecol.common.model.MarketData price
INFO: Clamped price fall for marketData:88 from 13 to 16
May 10, 2018 10:10:05 AM net.sf.freecol.common.model.Specification applyDifficultyLevel
INFO: Applying difficulty level model.difficulty.medium
May 10, 2018 10:10:05 AM net.sf.freecol.common.FreeColSeed getFreeColSeed
INFO: Using seed: -2920157840354746818
May 10, 2018 10:10:05 AM net.sf.freecol.server.networking.Server sendToAll
INFO: Reap dead connection: [DummyConnection Server connection - model.nation.sioux]
May 10, 2018 10:10:05 AM net.sf.freecol.server.networking.Server sendToAll
INFO: Reap dead connection: [DummyConnection Server connection - model.nation.inca]
May 10, 2018 10:10:05 AM net.sf.freecol.server.networking.Server sendToAll
INFO: Reap dead connection: [DummyConnection Server connection - model.nation.french]
May 10, 2018 10:10:05 AM net.sf.freecol.server.networking.Server sendToAll
INFO: Reap dead connection: [DummyConnection Server connection - model.nation.arawak]
May 10, 2018 10:10:05 AM net.sf.freecol.server.networking.Server sendToAll
INFO: Reap dead connection: [DummyConnection Server connection - model.nation.spanish]
May 10, 2018 10:10:05 AM net.sf.freecol.server.networking.Server sendToAll
INFO: Reap dead connection: [DummyConnection Server connection - model.nation.english]
May 10, 2018 10:10:05 AM net.sf.freecol.server.networking.Server sendToAll
INFO: Reap dead connection: [DummyConnection Server connection - model.nation.iroquois]
May 10, 2018 10:10:05 AM net.sf.freecol.server.networking.Server sendToAll
INFO: Reap dead connection: [DummyConnection Server connection - model.nation.tupi]
May 10, 2018 10:10:05 AM net.sf.freecol.server.networking.Server sendToAll
INFO: Reap dead connection: [DummyConnection Server connection - model.nation.aztec]
May 10, 2018 10:10:05 AM net.sf.freecol.server.networking.Server sendToAll
INFO: Reap dead connection: [DummyConnection Server connection - model.nation.apache]
May 10, 2018 10:10:05 AM net.sf.freecol.server.networking.Server sendToAll
INFO: Reap dead connection: [DummyConnection Server connection - model.nation.cherokee]
May 10, 2018 10:10:05 AM net.sf.freecol.server.networking.Server sendToAll
INFO: Reap dead connection: [DummyConnection Server connection - model.nation.dutch]
May 10, 2018 10:10:05 AM net.sf.freecol.common.networking.DOMMessage clientError
WARNING: Carrier not at location: New Amsterdam
May 10, 2018 10:10:05 AM net.sf.freecol.common.networking.DOMMessage clientError
WARNING: Too much goods
May 10, 2018 10:10:05 AM net.sf.freecol.common.networking.DOMMessage clientError
WARNING: Too much goods
May 10, 2018 10:10:05 AM net.sf.freecol.common.model.Specification applyDifficultyLevel
INFO: Applying difficulty level model.difficulty.medium
May 10, 2018 10:10:05 AM net.sf.freecol.common.FreeColSeed getFreeColSeed
INFO: Using seed: 5281865351450573691
May 10, 2018 10:10:05 AM net.sf.freecol.server.networking.Server sendToAll
INFO: Reap dead connection: [DummyConnection Server connection - model.nation.inca]
May 10, 2018 10:10:05 AM net.sf.freecol.server.networking.Server sendToAll
INFO: Reap dead connection: [DummyConnection Server connection - model.nation.english]
May 10, 2018 10:10:05 AM net.sf.freecol.server.networking.Server sendToAll
INFO: Reap dead connection: [DummyConnection Server connection - model.nation.spanish]
May 10, 2018 10:10:05 AM net.sf.freecol.server.networking.Server sendToAll
INFO: Reap dead connection: [DummyConnection Server connection - model.nation.arawak]
May 10, 2018 10:10:05 AM net.sf.freecol.server.networking.Server sendToAll
INFO: Reap dead connection: [DummyConnection Server connection - model.nation.cherokee]
May 10, 2018 10:10:05 AM net.sf.freecol.server.networking.Server sendToAll
INFO: Reap dead connection: [DummyConnection Server connection - model.nation.iroquois]
May 10, 2018 10:10:05 AM net.sf.freecol.server.networking.Server sendToAll
INFO: Reap dead connection: [DummyConnection Server connection - model.nation.aztec]
May 10, 2018 10:10:05 AM net.sf.freecol.server.networking.Server sendToAll
INFO: Reap dead connection: [DummyConnection Server connection - model.nation.dutch]
May 10, 2018 10:10:05 AM net.sf.freecol.server.networking.Server sendToAll
INFO: Reap dead connection: [DummyConnection Server connection - model.nation.sioux]
May 10, 2018 10:10:05 AM net.sf.freecol.server.networking.Server sendToAll
INFO: Reap dead connection: [DummyConnection Server connection - model.nation.french]
May 10, 2018 10:10:05 AM net.sf.freecol.server.networking.Server sendToAll
INFO: Reap dead connection: [DummyConnection Server connection - model.nation.tupi]
May 10, 2018 10:10:05 AM net.sf.freecol.server.networking.Server sendToAll
INFO: Reap dead connection: [DummyConnection Server connection - model.nation.apache]
May 10, 2018 10:10:05 AM net.sf.freecol.common.model.Unit setLocation
WARNING: Can not add [unit:249 dutch privateer 8/8] to tile:491
May 10, 2018 10:10:05 AM net.sf.freecol.common.networking.DOMMessage clientError
WARNING: Player William I tried to buy 10 cotton
May 10, 2018 10:10:05 AM net.sf.freecol.common.networking.DOMMessage clientError
WARNING: Carrier not in Europe: Europe
May 10, 2018 10:10:05 AM net.sf.freecol.common.networking.DOMMessage clientError
WARNING: Can not trade boycotted goods
May 10, 2018 10:10:05 AM net.sf.freecol.common.model.Specification applyDifficultyLevel
INFO: Applying difficulty level model.difficulty.medium
May 10, 2018 10:10:05 AM net.sf.freecol.common.FreeColSeed getFreeColSeed
INFO: Using seed: -4529762886562897006
May 10, 2018 10:10:05 AM net.sf.freecol.server.networking.Server sendToAll
INFO: Reap dead connection: [DummyConnection Server connection - model.nation.dutch]
May 10, 2018 10:10:05 AM net.sf.freecol.server.networking.Server sendToAll
INFO: Reap dead connection: [DummyConnection Server connection - model.nation.french]
May 10, 2018 10:10:05 AM net.sf.freecol.server.networking.Server sendToAll
INFO: Reap dead connection: [DummyConnection Server connection - model.nation.tupi]
May 10, 2018 10:10:05 AM net.sf.freecol.server.networking.Server sendToAll
INFO: Reap dead connection: [DummyConnection Server connection - model.nation.cherokee]
May 10, 2018 10:10:05 AM net.sf.freecol.server.networking.Server sendToAll
INFO: Reap dead connection: [DummyConnection Server connection - model.nation.arawak]
May 10, 2018 10:10:05 AM net.sf.freecol.server.networking.Server sendToAll
INFO: Reap dead connection: [DummyConnection Server connection - model.nation.english]
May 10, 2018 10:10:05 AM net.sf.freecol.server.networking.Server sendToAll
INFO: Reap dead connection: [DummyConnection Server connection - model.nation.inca]
May 10, 2018 10:10:05 AM net.sf.freecol.server.networking.Server sendToAll
INFO: Reap dead connection: [DummyConnection Server connection - model.nation.apache]
May 10, 2018 10:10:05 AM net.sf.freecol.server.networking.Server sendToAll
INFO: Reap dead connection: [DummyConnection Server connection - model.nation.aztec]
May 10, 2018 10:10:05 AM net.sf.freecol.server.networking.Server sendToAll
INFO: Reap dead connection: [DummyConnection Server connection - model.nation.iroquois]
May 10, 2018 10:10:05 AM net.sf.freecol.server.networking.Server sendToAll
INFO: Reap dead connection: [DummyConnection Server connection - model.nation.sioux]
May 10, 2018 10:10:05 AM net.sf.freecol.server.networking.Server sendToAll
INFO: Reap dead connection: [DummyConnection Server connection - model.nation.spanish]
May 10, 2018 10:10:05 AM net.sf.freecol.common.model.Specification applyDifficultyLevel
INFO: Applying difficulty level model.difficulty.medium
May 10, 2018 10:10:05 AM net.sf.freecol.common.FreeColSeed getFreeColSeed
INFO: Using seed: 2049421460385684187
May 10, 2018 10:10:05 AM net.sf.freecol.server.networking.Server sendToAll
INFO: Reap dead connection: [DummyConnection Server connection - model.nation.english]
May 10, 2018 10:10:05 AM net.sf.freecol.server.networking.Server sendToAll
INFO: Reap dead connection: [DummyConnection Server connection - model.nation.apache]
May 10, 2018 10:10:05 AM net.sf.freecol.server.networking.Server sendToAll
INFO: Reap dead connection: [DummyConnection Server connection - model.nation.tupi]
May 10, 2018 10:10:05 AM net.sf.freecol.server.networking.Server sendToAll
INFO: Reap dead connection: [DummyConnection Server connection - model.nation.inca]
May 10, 2018 10:10:05 AM net.sf.freecol.server.networking.Server sendToAll
INFO: Reap dead connection: [DummyConnection Server connection - model.nation.cherokee]
May 10, 2018 10:10:05 AM net.sf.freecol.server.networking.Server sendToAll
INFO: Reap dead connection: [DummyConnection Server connection - model.nation.arawak]
May 10, 2018 10:10:05 AM net.sf.freecol.server.networking.Server sendToAll
INFO: Reap dead connection: [DummyConnection Server connection - model.nation.aztec]
May 10, 2018 10:10:05 AM net.sf.freecol.server.networking.Server sendToAll
INFO: Reap dead connection: [DummyConnection Server connection - model.nation.iroquois]
May 10, 2018 10:10:05 AM net.sf.freecol.server.networking.Server sendToAll
INFO: Reap dead connection: [DummyConnection Server connection - model.nation.sioux]
May 10, 2018 10:10:05 AM net.sf.freecol.server.networking.Server sendToAll
INFO: Reap dead connection: [DummyConnection Server connection - model.nation.spanish]
May 10, 2018 10:10:05 AM net.sf.freecol.server.networking.Server sendToAll
INFO: Reap dead connection: [DummyConnection Server connection - model.nation.dutch]
May 10, 2018 10:10:05 AM net.sf.freecol.server.networking.Server sendToAll
INFO: Reap dead connection: [DummyConnection Server connection - model.nation.french]
May 10, 2018 10:10:05 AM net.sf.freecol.common.model.Specification applyDifficultyLevel
INFO: Applying difficulty level model.difficulty.medium
May 10, 2018 10:10:05 AM net.sf.freecol.common.FreeColSeed getFreeColSeed
INFO: Using seed: 6306489712296799576
May 10, 2018 10:10:05 AM net.sf.freecol.server.networking.Server sendToAll
INFO: Reap dead connection: [DummyConnection Server connection - model.nation.arawak]
May 10, 2018 10:10:05 AM net.sf.freecol.server.networking.Server sendToAll
INFO: Reap dead connection: [DummyConnection Server connection - model.nation.aztec]
May 10, 2018 10:10:05 AM net.sf.freecol.server.networking.Server sendToAll
INFO: Reap dead connection: [DummyConnection Server connection - model.nation.inca]
May 10, 2018 10:10:05 AM net.sf.freecol.server.networking.Server sendToAll
INFO: Reap dead connection: [DummyConnection Server connection - model.nation.apache]
May 10, 2018 10:10:05 AM net.sf.freecol.server.networking.Server sendToAll
INFO: Reap dead connection: [DummyConnection Server connection - model.nation.french]
May 10, 2018 10:10:05 AM net.sf.freecol.server.networking.Server sendToAll
INFO: Reap dead connection: [DummyConnection Server connection - model.nation.english]
May 10, 2018 10:10:05 AM net.sf.freecol.server.networking.Server sendToAll
INFO: Reap dead connection: [DummyConnection Server connection - model.nation.spanish]
May 10, 2018 10:10:05 AM net.sf.freecol.server.networking.Server sendToAll
INFO: Reap dead connection: [DummyConnection Server connection - model.nation.dutch]
May 10, 2018 10:10:05 AM net.sf.freecol.server.networking.Server sendToAll
INFO: Reap dead connection: [DummyConnection Server connection - model.nation.cherokee]
May 10, 2018 10:10:05 AM net.sf.freecol.server.networking.Server sendToAll
INFO: Reap dead connection: [DummyConnection Server connection - model.nation.iroquois]
May 10, 2018 10:10:05 AM net.sf.freecol.server.networking.Server sendToAll
INFO: Reap dead connection: [DummyConnection Server connection - model.nation.tupi]
May 10, 2018 10:10:05 AM net.sf.freecol.server.networking.Server sendToAll
INFO: Reap dead connection: [DummyConnection Server connection - model.nation.sioux]
May 10, 2018 10:10:05 AM net.sf.freecol.common.util.LogBuilder log
INFO: Destroying: tileImprovement:248
May 10, 2018 10:10:05 AM net.sf.freecol.common.model.Specification applyDifficultyLevel
INFO: Applying difficulty level model.difficulty.medium
May 10, 2018 10:10:05 AM net.sf.freecol.common.FreeColSeed getFreeColSeed
INFO: Using seed: 961627047961384031
May 10, 2018 10:10:05 AM net.sf.freecol.server.networking.Server sendToAll
INFO: Reap dead connection: [DummyConnection Server connection - model.nation.spanish]
May 10, 2018 10:10:05 AM net.sf.freecol.server.networking.Server sendToAll
INFO: Reap dead connection: [DummyConnection Server connection - model.nation.arawak]
May 10, 2018 10:10:05 AM net.sf.freecol.server.networking.Server sendToAll
INFO: Reap dead connection: [DummyConnection Server connection - model.nation.cherokee]
May 10, 2018 10:10:05 AM net.sf.freecol.server.networking.Server sendToAll
INFO: Reap dead connection: [DummyConnection Server connection - model.nation.iroquois]
May 10, 2018 10:10:05 AM net.sf.freecol.server.networking.Server sendToAll
INFO: Reap dead connection: [DummyConnection Server connection - model.nation.dutch]
May 10, 2018 10:10:05 AM net.sf.freecol.server.networking.Server sendToAll
INFO: Reap dead connection: [DummyConnection Server connection - model.nation.aztec]
May 10, 2018 10:10:05 AM net.sf.freecol.server.networking.Server sendToAll
INFO: Reap dead connection: [DummyConnection Server connection - model.nation.english]
May 10, 2018 10:10:05 AM net.sf.freecol.server.networking.Server sendToAll
INFO: Reap dead connection: [DummyConnection Server connection - model.nation.french]
May 10, 2018 10:10:05 AM net.sf.freecol.server.networking.Server sendToAll
INFO: Reap dead connection: [DummyConnection Server connection - model.nation.inca]
May 10, 2018 10:10:05 AM net.sf.freecol.server.networking.Server sendToAll
INFO: Reap dead connection: [DummyConnection Server connection - model.nation.sioux]
May 10, 2018 10:10:05 AM net.sf.freecol.server.networking.Server sendToAll
INFO: Reap dead connection: [DummyConnection Server connection - model.nation.tupi]
May 10, 2018 10:10:05 AM net.sf.freecol.server.networking.Server sendToAll
INFO: Reap dead connection: [DummyConnection Server connection - model.nation.apache]
May 10, 2018 10:10:05 AM net.sf.freecol.common.util.LogBuilder log
INFO: Destroying: tileImprovement:252
May 10, 2018 10:10:05 AM net.sf.freecol.common.model.Specification applyDifficultyLevel
INFO: Applying difficulty level model.difficulty.medium
May 10, 2018 10:10:05 AM net.sf.freecol.common.FreeColSeed getFreeColSeed
INFO: Using seed: 4004862392107710785
May 10, 2018 10:10:05 AM net.sf.freecol.server.networking.Server sendToAll
INFO: Reap dead connection: [DummyConnection Server connection - model.nation.inca]
May 10, 2018 10:10:05 AM net.sf.freecol.server.networking.Server sendToAll
INFO: Reap dead connection: [DummyConnection Server connection - model.nation.english]
May 10, 2018 10:10:05 AM net.sf.freecol.server.networking.Server sendToAll
INFO: Reap dead connection: [DummyConnection Server connection - model.nation.sioux]
May 10, 2018 10:10:05 AM net.sf.freecol.server.networking.Server sendToAll
INFO: Reap dead connection: [DummyConnection Server connection - model.nation.apache]
May 10, 2018 10:10:05 AM net.sf.freecol.server.networking.Server sendToAll
INFO: Reap dead connection: [DummyConnection Server connection - model.nation.aztec]
May 10, 2018 10:10:05 AM net.sf.freecol.server.networking.Server sendToAll
INFO: Reap dead connection: [DummyConnection Server connection - model.nation.iroquois]
May 10, 2018 10:10:05 AM net.sf.freecol.server.networking.Server sendToAll
INFO: Reap dead connection: [DummyConnection Server connection - model.nation.french]
May 10, 2018 10:10:05 AM net.sf.freecol.server.networking.Server sendToAll
INFO: Reap dead connection: [DummyConnection Server connection - model.nation.spanish]
May 10, 2018 10:10:05 AM net.sf.freecol.server.networking.Server sendToAll
INFO: Reap dead connection: [DummyConnection Server connection - model.nation.cherokee]
May 10, 2018 10:10:05 AM net.sf.freecol.server.networking.Server sendToAll
INFO: Reap dead connection: [DummyConnection Server connection - model.nation.tupi]
May 10, 2018 10:10:05 AM net.sf.freecol.server.networking.Server sendToAll
INFO: Reap dead connection: [DummyConnection Server connection - model.nation.dutch]
May 10, 2018 10:10:05 AM net.sf.freecol.server.networking.Server sendToAll
INFO: Reap dead connection: [DummyConnection Server connection - model.nation.arawak]
May 10, 2018 10:10:05 AM net.sf.freecol.common.model.Specification applyDifficultyLevel
INFO: Applying difficulty level model.difficulty.medium
May 10, 2018 10:10:05 AM net.sf.freecol.common.FreeColSeed getFreeColSeed
INFO: Using seed: -2138185088526057398
May 10, 2018 10:10:05 AM net.sf.freecol.server.networking.Server sendToAll
INFO: Reap dead connection: [DummyConnection Server connection - model.nation.arawak]
May 10, 2018 10:10:05 AM net.sf.freecol.server.networking.Server sendToAll
INFO: Reap dead connection: [DummyConnection Server connection - model.nation.english]
May 10, 2018 10:10:05 AM net.sf.freecol.server.networking.Server sendToAll
INFO: Reap dead connection: [DummyConnection Server connection - model.nation.aztec]
May 10, 2018 10:10:05 AM net.sf.freecol.server.networking.Server sendToAll
INFO: Reap dead connection: [DummyConnection Server connection - model.nation.tupi]
May 10, 2018 10:10:05 AM net.sf.freecol.server.networking.Server sendToAll
INFO: Reap dead connection: [DummyConnection Server connection - model.nation.inca]
May 10, 2018 10:10:05 AM net.sf.freecol.server.networking.Server sendToAll
INFO: Reap dead connection: [DummyConnection Server connection - model.nation.dutch]
May 10, 2018 10:10:05 AM net.sf.freecol.server.networking.Server sendToAll
INFO: Reap dead connection: [DummyConnection Server connection - model.nation.cherokee]
May 10, 2018 10:10:05 AM net.sf.freecol.server.networking.Server sendToAll
INFO: Reap dead connection: [DummyConnection Server connection - model.nation.apache]
May 10, 2018 10:10:05 AM net.sf.freecol.server.networking.Server sendToAll
INFO: Reap dead connection: [DummyConnection Server connection - model.nation.spanish]
May 10, 2018 10:10:05 AM net.sf.freecol.server.networking.Server sendToAll
INFO: Reap dead connection: [DummyConnection Server connection - model.nation.sioux]
May 10, 2018 10:10:05 AM net.sf.freecol.server.networking.Server sendToAll
INFO: Reap dead connection: [DummyConnection Server connection - model.nation.iroquois]
May 10, 2018 10:10:05 AM net.sf.freecol.server.networking.Server sendToAll
INFO: Reap dead connection: [DummyConnection Server connection - model.nation.french]
May 10, 2018 10:10:05 AM net.sf.freecol.common.model.Specification applyDifficultyLevel
INFO: Applying difficulty level model.difficulty.medium
May 10, 2018 10:10:05 AM net.sf.freecol.common.FreeColSeed getFreeColSeed
INFO: Using seed: -6087362245041887669
May 10, 2018 10:10:05 AM net.sf.freecol.server.networking.Server sendToAll
INFO: Reap dead connection: [DummyConnection Server connection - model.nation.french]
May 10, 2018 10:10:05 AM net.sf.freecol.server.networking.Server sendToAll
INFO: Reap dead connection: [DummyConnection Server connection - model.nation.apache]
May 10, 2018 10:10:05 AM net.sf.freecol.server.networking.Server sendToAll
INFO: Reap dead connection: [DummyConnection Server connection - model.nation.iroquois]
May 10, 2018 10:10:05 AM net.sf.freecol.server.networking.Server sendToAll
INFO: Reap dead connection: [DummyConnection Server connection - model.nation.cherokee]
May 10, 2018 10:10:05 AM net.sf.freecol.server.networking.Server sendToAll
INFO: Reap dead connection: [DummyConnection Server connection - model.nation.dutch]
May 10, 2018 10:10:05 AM net.sf.freecol.server.networking.Server sendToAll
INFO: Reap dead connection: [DummyConnection Server connection - model.nation.spanish]
May 10, 2018 10:10:05 AM net.sf.freecol.server.networking.Server sendToAll
INFO: Reap dead connection: [DummyConnection Server connection - model.nation.arawak]
May 10, 2018 10:10:05 AM net.sf.freecol.server.networking.Server sendToAll
INFO: Reap dead connection: [DummyConnection Server connection - model.nation.english]
May 10, 2018 10:10:05 AM net.sf.freecol.server.networking.Server sendToAll
INFO: Reap dead connection: [DummyConnection Server connection - model.nation.inca]
May 10, 2018 10:10:05 AM net.sf.freecol.server.networking.Server sendToAll
INFO: Reap dead connection: [DummyConnection Server connection - model.nation.tupi]
May 10, 2018 10:10:05 AM net.sf.freecol.server.networking.Server sendToAll
INFO: Reap dead connection: [DummyConnection Server connection - model.nation.sioux]
May 10, 2018 10:10:05 AM net.sf.freecol.server.networking.Server sendToAll
INFO: Reap dead connection: [DummyConnection Server connection - model.nation.aztec]
May 10, 2018 10:10:05 AM net.sf.freecol.common.util.LogBuilder log
INFO: Destroying: tileImprovement:274
May 10, 2018 10:10:05 AM net.sf.freecol.common.util.LogBuilder log
INFO: Destroying: tileImprovement:276
May 10, 2018 10:10:05 AM net.sf.freecol.common.model.Specification applyDifficultyLevel
INFO: Applying difficulty level model.difficulty.medium
May 10, 2018 10:10:05 AM net.sf.freecol.common.FreeColSeed getFreeColSeed
INFO: Using seed: 8427088451160231589
May 10, 2018 10:10:05 AM net.sf.freecol.server.networking.Server sendToAll
INFO: Reap dead connection: [DummyConnection Server connection - model.nation.inca]
May 10, 2018 10:10:05 AM net.sf.freecol.server.networking.Server sendToAll
INFO: Reap dead connection: [DummyConnection Server connection - model.nation.aztec]
May 10, 2018 10:10:05 AM net.sf.freecol.server.networking.Server sendToAll
INFO: Reap dead connection: [DummyConnection Server connection - model.nation.arawak]
May 10, 2018 10:10:05 AM net.sf.freecol.server.networking.Server sendToAll
INFO: Reap dead connection: [DummyConnection Server connection - model.nation.french]
May 10, 2018 10:10:05 AM net.sf.freecol.server.networking.Server sendToAll
INFO: Reap dead connection: [DummyConnection Server connection - model.nation.dutch]
May 10, 2018 10:10:05 AM net.sf.freecol.server.networking.Server sendToAll
INFO: Reap dead connection: [DummyConnection Server connection - model.nation.apache]
May 10, 2018 10:10:05 AM net.sf.freecol.server.networking.Server sendToAll
INFO: Reap dead connection: [DummyConnection Server connection - model.nation.spanish]
May 10, 2018 10:10:05 AM net.sf.freecol.server.networking.Server sendToAll
INFO: Reap dead connection: [DummyConnection Server connection - model.nation.english]
May 10, 2018 10:10:05 AM net.sf.freecol.server.networking.Server sendToAll
INFO: Reap dead connection: [DummyConnection Server connection - model.nation.iroquois]
May 10, 2018 10:10:05 AM net.sf.freecol.server.networking.Server sendToAll
INFO: Reap dead connection: [DummyConnection Server connection - model.nation.tupi]
May 10, 2018 10:10:05 AM net.sf.freecol.server.networking.Server sendToAll
INFO: Reap dead connection: [DummyConnection Server connection - model.nation.cherokee]
May 10, 2018 10:10:05 AM net.sf.freecol.server.networking.Server sendToAll
INFO: Reap dead connection: [DummyConnection Server connection - model.nation.sioux]
May 10, 2018 10:10:05 AM net.sf.freecol.common.model.LandMap <init>
INFO: Using land generator model.option.landGeneratorType.classic
May 10, 2018 10:10:05 AM net.sf.freecol.common.util.LogBuilder log
INFO: Destroying: tileImprovement:4066
May 10, 2018 10:10:05 AM net.sf.freecol.common.util.LogBuilder log
INFO: Destroying: tileImprovement:4068
May 10, 2018 10:10:05 AM net.sf.freecol.common.util.LogBuilder log
INFO: Destroying: tileImprovement:4070
May 10, 2018 10:10:05 AM net.sf.freecol.common.util.LogBuilder log
INFO: Destroying: tileImprovement:4047
May 10, 2018 10:10:05 AM net.sf.freecol.common.util.LogBuilder log
INFO: Destroying: tileImprovement:4049
May 10, 2018 10:10:05 AM net.sf.freecol.common.util.LogBuilder log
INFO: Destroying: tileImprovement:4051
May 10, 2018 10:10:05 AM net.sf.freecol.common.util.LogBuilder log
INFO: Destroying: tileImprovement:4053
May 10, 2018 10:10:05 AM net.sf.freecol.common.util.LogBuilder log
INFO: Destroying: tileImprovement:4055
May 10, 2018 10:10:05 AM net.sf.freecol.common.util.LogBuilder log
INFO: Destroying: tileImprovement:4057
May 10, 2018 10:10:05 AM net.sf.freecol.common.util.LogBuilder log
INFO: Destroying: tileImprovement:4059
May 10, 2018 10:10:05 AM net.sf.freecol.common.util.LogBuilder log
INFO: Destroying: tileImprovement:4202
May 10, 2018 10:10:05 AM net.sf.freecol.common.util.LogBuilder log
INFO: Destroying: tileImprovement:4204
May 10, 2018 10:10:05 AM net.sf.freecol.common.util.LogBuilder log
INFO: Destroying: tileImprovement:4206
May 10, 2018 10:10:05 AM net.sf.freecol.common.util.LogBuilder log
INFO: Destroying: tileImprovement:4208
May 10, 2018 10:10:05 AM net.sf.freecol.common.util.LogBuilder log
INFO: Destroying: tileImprovement:4210
May 10, 2018 10:10:05 AM net.sf.freecol.common.util.LogBuilder log
INFO: Destroying: tileImprovement:4212
May 10, 2018 10:10:05 AM net.sf.freecol.common.util.LogBuilder log
INFO: Destroying: tileImprovement:4236
May 10, 2018 10:10:05 AM net.sf.freecol.common.util.LogBuilder log
INFO: Destroying: tileImprovement:4237
May 10, 2018 10:10:05 AM net.sf.freecol.common.util.LogBuilder log
INFO: Destroying: tileImprovement:4238
May 10, 2018 10:10:05 AM net.sf.freecol.common.util.LogBuilder log
INFO: Destroying: tileImprovement:4239
May 10, 2018 10:10:05 AM net.sf.freecol.common.util.LogBuilder log
INFO: Destroying: tileImprovement:4240
May 10, 2018 10:10:05 AM net.sf.freecol.common.util.LogBuilder log
INFO: Destroying: tileImprovement:4241
May 10, 2018 10:10:05 AM net.sf.freecol.common.util.LogBuilder log
INFO: Destroying: tileImprovement:4242
May 10, 2018 10:10:05 AM net.sf.freecol.common.util.LogBuilder log
INFO: Destroying: tileImprovement:4260
May 10, 2018 10:10:05 AM net.sf.freecol.common.util.LogBuilder log
INFO: Destroying: tileImprovement:4262
May 10, 2018 10:10:05 AM net.sf.freecol.common.util.LogBuilder log
INFO: Destroying: tileImprovement:4264
May 10, 2018 10:10:05 AM net.sf.freecol.common.util.LogBuilder log
INFO: Destroying: tileImprovement:4254
May 10, 2018 10:10:05 AM net.sf.freecol.common.util.LogBuilder log
INFO: Destroying: tileImprovement:4255
May 10, 2018 10:10:05 AM net.sf.freecol.common.util.LogBuilder log
INFO: Destroying: tileImprovement:4256
May 10, 2018 10:10:05 AM net.sf.freecol.common.util.LogBuilder log
INFO: Destroying: tileImprovement:4257
May 10, 2018 10:10:05 AM net.sf.freecol.common.util.LogBuilder log
INFO: Destroying: tileImprovement:4258
May 10, 2018 10:10:05 AM net.sf.freecol.common.util.LogBuilder log
INFO: Destroying: tileImprovement:4259
May 10, 2018 10:10:05 AM net.sf.freecol.common.util.LogBuilder log
INFO: Destroying: tileImprovement:4183
May 10, 2018 10:10:05 AM net.sf.freecol.common.util.LogBuilder log
INFO: Destroying: tileImprovement:4185
May 10, 2018 10:10:05 AM net.sf.freecol.common.util.LogBuilder log
INFO: Destroying: tileImprovement:4187
May 10, 2018 10:10:05 AM net.sf.freecol.common.util.LogBuilder log
INFO: Destroying: tileImprovement:4189
May 10, 2018 10:10:05 AM net.sf.freecol.common.util.LogBuilder log
INFO: Destroying: tileImprovement:4062
May 10, 2018 10:10:05 AM net.sf.freecol.common.util.LogBuilder log
INFO: Destroying: tileImprovement:4064
May 10, 2018 10:10:05 AM net.sf.freecol.common.util.LogBuilder log
INFO: Destroying: tileImprovement:4217
May 10, 2018 10:10:05 AM net.sf.freecol.common.util.LogBuilder log
INFO: Destroying: tileImprovement:4218
May 10, 2018 10:10:05 AM net.sf.freecol.common.util.LogBuilder log
INFO: Destroying: tileImprovement:4219
May 10, 2018 10:10:05 AM net.sf.freecol.common.util.LogBuilder log
INFO: Destroying: tileImprovement:4192
May 10, 2018 10:10:05 AM net.sf.freecol.common.util.LogBuilder log
INFO: Destroying: tileImprovement:4194
May 10, 2018 10:10:05 AM net.sf.freecol.common.util.LogBuilder log
INFO: Destroying: tileImprovement:4196
May 10, 2018 10:10:05 AM net.sf.freecol.common.util.LogBuilder log
INFO: Destroying: tileImprovement:4157
May 10, 2018 10:10:05 AM net.sf.freecol.common.util.LogBuilder log
INFO: Destroying: tileImprovement:4159
May 10, 2018 10:10:05 AM net.sf.freecol.common.util.LogBuilder log
INFO: Destroying: tileImprovement:4161
May 10, 2018 10:10:05 AM net.sf.freecol.common.util.LogBuilder log
INFO: Destroying: tileImprovement:4163
May 10, 2018 10:10:05 AM net.sf.freecol.common.util.LogBuilder log
INFO: Destroying: tileImprovement:4165
May 10, 2018 10:10:05 AM net.sf.freecol.common.util.LogBuilder log
INFO: Destroying: tileImprovement:4167
May 10, 2018 10:10:05 AM net.sf.freecol.common.util.LogBuilder log
INFO: Destroying: tileImprovement:4169
May 10, 2018 10:10:05 AM net.sf.freecol.common.util.LogBuilder log
INFO: Destroying: tileImprovement:4171
May 10, 2018 10:10:05 AM net.sf.freecol.common.util.LogBuilder log
INFO: Destroying: tileImprovement:4173
May 10, 2018 10:10:05 AM net.sf.freecol.common.util.LogBuilder log
INFO: Destroying: tileImprovement:4175
May 10, 2018 10:10:05 AM net.sf.freecol.common.util.LogBuilder log
INFO: Destroying: tileImprovement:4177
May 10, 2018 10:10:05 AM net.sf.freecol.common.util.LogBuilder log
INFO: Destroying: tileImprovement:4179
May 10, 2018 10:10:05 AM net.sf.freecol.common.util.LogBuilder log
INFO: Destroying: tileImprovement:4181
May 10, 2018 10:10:05 AM net.sf.freecol.common.util.LogBuilder log
INFO: Destroying: tileImprovement:4363
May 10, 2018 10:10:05 AM net.sf.freecol.common.util.LogBuilder log
INFO: Destroying: tileImprovement:4364
May 10, 2018 10:10:05 AM net.sf.freecol.common.util.LogBuilder log
INFO: Destroying: tileImprovement:4365
May 10, 2018 10:10:05 AM net.sf.freecol.common.util.LogBuilder log
INFO: Destroying: tileImprovement:4366
May 10, 2018 10:10:05 AM net.sf.freecol.common.util.LogBuilder log
INFO: Destroying: tileImprovement:4514
May 10, 2018 10:10:05 AM net.sf.freecol.common.util.LogBuilder log
INFO: Destroying: tileImprovement:4516
May 10, 2018 10:10:05 AM net.sf.freecol.common.util.LogBuilder log
INFO: Destroying: tileImprovement:4518
May 10, 2018 10:10:06 AM net.sf.freecol.common.util.LogBuilder log
INFO: Destroying: tileImprovement:4520
May 10, 2018 10:10:06 AM net.sf.freecol.common.util.LogBuilder log
INFO: Destroying: tileImprovement:4522
May 10, 2018 10:10:06 AM net.sf.freecol.common.util.LogBuilder log
INFO: Destroying: tileImprovement:4524
May 10, 2018 10:10:06 AM net.sf.freecol.common.util.LogBuilder log
INFO: Destroying: tileImprovement:4526
May 10, 2018 10:10:06 AM net.sf.freecol.common.util.LogBuilder log
INFO: Destroying: tileImprovement:4528
May 10, 2018 10:10:06 AM net.sf.freecol.common.util.LogBuilder log
INFO: Destroying: tileImprovement:4506
May 10, 2018 10:10:06 AM net.sf.freecol.common.util.LogBuilder log
INFO: Destroying: tileImprovement:4508
May 10, 2018 10:10:06 AM net.sf.freecol.common.util.LogBuilder log
INFO: Destroying: tileImprovement:4510
May 10, 2018 10:10:06 AM net.sf.freecol.common.util.LogBuilder log
INFO: Destroying: tileImprovement:4512
May 10, 2018 10:10:06 AM net.sf.freecol.common.util.LogBuilder log
INFO: Destroying: tileImprovement:4550
May 10, 2018 10:10:06 AM net.sf.freecol.common.util.LogBuilder log
INFO: Destroying: tileImprovement:4551
May 10, 2018 10:10:06 AM net.sf.freecol.common.util.LogBuilder log
INFO: Destroying: tileImprovement:4552
May 10, 2018 10:10:06 AM net.sf.freecol.common.util.LogBuilder log
INFO: Destroying: tileImprovement:4553
May 10, 2018 10:10:06 AM net.sf.freecol.common.util.LogBuilder log
INFO: Destroying: tileImprovement:4554
May 10, 2018 10:10:06 AM net.sf.freecol.common.util.LogBuilder log
INFO: Destroying: tileImprovement:4555
May 10, 2018 10:10:06 AM net.sf.freecol.common.util.LogBuilder log
INFO: Destroying: tileImprovement:4556
May 10, 2018 10:10:06 AM net.sf.freecol.common.util.LogBuilder log
INFO: Destroying: tileImprovement:4557
May 10, 2018 10:10:06 AM net.sf.freecol.common.util.LogBuilder log
INFO: Destroying: tileImprovement:4376
May 10, 2018 10:10:06 AM net.sf.freecol.common.util.LogBuilder log
INFO: Destroying: tileImprovement:4377
May 10, 2018 10:10:06 AM net.sf.freecol.common.util.LogBuilder log
INFO: Destroying: tileImprovement:4486
May 10, 2018 10:10:06 AM net.sf.freecol.common.util.LogBuilder log
INFO: Destroying: tileImprovement:4488
May 10, 2018 10:10:06 AM net.sf.freecol.common.util.LogBuilder log
INFO: Destroying: tileImprovement:4490
May 10, 2018 10:10:06 AM net.sf.freecol.common.util.LogBuilder log
INFO: Destroying: tileImprovement:4492
May 10, 2018 10:10:06 AM net.sf.freecol.common.util.LogBuilder log
INFO: Destroying: tileImprovement:4494
May 10, 2018 10:10:06 AM net.sf.freecol.common.util.LogBuilder log
INFO: Destroying: tileImprovement:4496
May 10, 2018 10:10:06 AM net.sf.freecol.common.util.LogBuilder log
INFO: Destroying: tileImprovement:4473
May 10, 2018 10:10:06 AM net.sf.freecol.common.util.LogBuilder log
INFO: Destroying: tileImprovement:4474
May 10, 2018 10:10:06 AM net.sf.freecol.common.util.LogBuilder log
INFO: Destroying: tileImprovement:4475
May 10, 2018 10:10:06 AM net.sf.freecol.common.util.LogBuilder log
INFO: Destroying: tileImprovement:4476
May 10, 2018 10:10:06 AM net.sf.freecol.common.util.LogBuilder log
INFO: Destroying: tileImprovement:4477
May 10, 2018 10:10:06 AM net.sf.freecol.common.util.LogBuilder log
INFO: Destroying: tileImprovement:4478
May 10, 2018 10:10:06 AM net.sf.freecol.common.util.LogBuilder log
INFO: Destroying: tileImprovement:4479
May 10, 2018 10:10:06 AM net.sf.freecol.common.util.LogBuilder log
INFO: Destroying: tileImprovement:4480
May 10, 2018 10:10:06 AM net.sf.freecol.common.util.LogBuilder log
INFO: Destroying: tileImprovement:4481
May 10, 2018 10:10:06 AM net.sf.freecol.common.util.LogBuilder log
INFO: Destroying: tileImprovement:4482
May 10, 2018 10:10:06 AM net.sf.freecol.common.util.LogBuilder log
INFO: Destroying: tileImprovement:4483
May 10, 2018 10:10:06 AM net.sf.freecol.common.util.LogBuilder log
INFO: Destroying: tileImprovement:4484
May 10, 2018 10:10:06 AM net.sf.freecol.common.util.LogBuilder log
INFO: Destroying: tileImprovement:4485
May 10, 2018 10:10:06 AM net.sf.freecol.common.util.LogBuilder log
INFO: Destroying: tileImprovement:4301
May 10, 2018 10:10:06 AM net.sf.freecol.common.util.LogBuilder log
INFO: Destroying: tileImprovement:4303
May 10, 2018 10:10:06 AM net.sf.freecol.common.util.LogBuilder log
INFO: Destroying: tileImprovement:4305
May 10, 2018 10:10:06 AM net.sf.freecol.common.util.LogBuilder log
INFO: Destroying: tileImprovement:4594
May 10, 2018 10:10:06 AM net.sf.freecol.common.util.LogBuilder log
INFO: Destroying: tileImprovement:4596
May 10, 2018 10:10:06 AM net.sf.freecol.common.util.LogBuilder log
INFO: Destroying: tileImprovement:4598
May 10, 2018 10:10:06 AM net.sf.freecol.common.util.LogBuilder log
INFO: Destroying: tileImprovement:4289
May 10, 2018 10:10:06 AM net.sf.freecol.common.util.LogBuilder log
INFO: Destroying: tileImprovement:4291
May 10, 2018 10:10:06 AM net.sf.freecol.common.util.LogBuilder log
INFO: Destroying: tileImprovement:4293
May 10, 2018 10:10:06 AM net.sf.freecol.common.util.LogBuilder log
INFO: Destroying: tileImprovement:4736
May 10, 2018 10:10:06 AM net.sf.freecol.common.util.LogBuilder log
INFO: Destroying: tileImprovement:4737
May 10, 2018 10:10:06 AM net.sf.freecol.common.util.LogBuilder log
INFO: Destroying: tileImprovement:4738
May 10, 2018 10:10:06 AM net.sf.freecol.common.util.LogBuilder log
INFO: Destroying: tileImprovement:4720
May 10, 2018 10:10:06 AM net.sf.freecol.common.util.LogBuilder log
INFO: Destroying: tileImprovement:4722
May 10, 2018 10:10:06 AM net.sf.freecol.common.util.LogBuilder log
INFO: Destroying: tileImprovement:4717
May 10, 2018 10:10:06 AM net.sf.freecol.common.util.LogBuilder log
INFO: Destroying: tileImprovement:4718
May 10, 2018 10:10:06 AM net.sf.freecol.common.util.LogBuilder log
INFO: Destroying: tileImprovement:4719
May 10, 2018 10:10:06 AM net.sf.freecol.common.util.LogBuilder log
INFO: Destroying: tileImprovement:4243
May 10, 2018 10:10:06 AM net.sf.freecol.common.util.LogBuilder log
INFO: Destroying: tileImprovement:4245
May 10, 2018 10:10:06 AM net.sf.freecol.common.util.LogBuilder log
INFO: Destroying: tileImprovement:4247
May 10, 2018 10:10:06 AM net.sf.freecol.common.util.LogBuilder log
INFO: Destroying: tileImprovement:4249
May 10, 2018 10:10:06 AM net.sf.freecol.common.util.LogBuilder log
INFO: Destroying: tileImprovement:4251
May 10, 2018 10:10:06 AM net.sf.freecol.common.util.LogBuilder log
INFO: Destroying: tileImprovement:4590
May 10, 2018 10:10:06 AM net.sf.freecol.common.util.LogBuilder log
INFO: Destroying: tileImprovement:4592
May 10, 2018 10:10:06 AM net.sf.freecol.server.FreeColServer readGame
INFO: Found savegame version 11
May 10, 2018 10:10:06 AM net.sf.freecol.server.FreeColServer readGame
INFO: Imported file data/maps/Africa.fsg
May 10, 2018 10:10:06 AM net.sf.freecol.server.FreeColServer readGame
INFO: Found savegame version 13
May 10, 2018 10:10:06 AM net.sf.freecol.server.FreeColServer readGame
INFO: Imported file data/maps/America_large.fsg
May 10, 2018 10:10:06 AM net.sf.freecol.server.FreeColServer readGame
INFO: Found savegame version 11
May 10, 2018 10:10:06 AM net.sf.freecol.server.FreeColServer readGame
INFO: Imported file data/maps/Australia.fsg
May 10, 2018 10:10:06 AM net.sf.freecol.server.FreeColServer readGame
INFO: Found savegame version 11
May 10, 2018 10:10:06 AM net.sf.freecol.server.FreeColServer readGame
INFO: Imported file data/maps/Caribbean_basin.fsg
May 10, 2018 10:10:06 AM net.sf.freecol.common.model.LandMap <init>
INFO: Using land generator model.option.landGeneratorType.classic
May 10, 2018 10:10:06 AM net.sf.freecol.common.util.LogBuilder log
INFO: Destroying: tileImprovement:4045
May 10, 2018 10:10:06 AM net.sf.freecol.common.util.LogBuilder log
INFO: Destroying: tileImprovement:4047
May 10, 2018 10:10:06 AM net.sf.freecol.common.util.LogBuilder log
INFO: Destroying: tileImprovement:4049
May 10, 2018 10:10:06 AM net.sf.freecol.common.util.LogBuilder log
INFO: Destroying: tileImprovement:4026
May 10, 2018 10:10:06 AM net.sf.freecol.common.util.LogBuilder log
INFO: Destroying: tileImprovement:4028
May 10, 2018 10:10:06 AM net.sf.freecol.common.util.LogBuilder log
INFO: Destroying: tileImprovement:4030
May 10, 2018 10:10:06 AM net.sf.freecol.common.util.LogBuilder log
INFO: Destroying: tileImprovement:4032
May 10, 2018 10:10:06 AM net.sf.freecol.common.util.LogBuilder log
INFO: Destroying: tileImprovement:4034
May 10, 2018 10:10:06 AM net.sf.freecol.common.util.LogBuilder log
INFO: Destroying: tileImprovement:4036
May 10, 2018 10:10:06 AM net.sf.freecol.common.util.LogBuilder log
INFO: Destroying: tileImprovement:4038
May 10, 2018 10:10:06 AM net.sf.freecol.common.util.LogBuilder log
INFO: Destroying: tileImprovement:4181
May 10, 2018 10:10:06 AM net.sf.freecol.common.util.LogBuilder log
INFO: Destroying: tileImprovement:4183
May 10, 2018 10:10:06 AM net.sf.freecol.common.util.LogBuilder log
INFO: Destroying: tileImprovement:4185
May 10, 2018 10:10:06 AM net.sf.freecol.common.util.LogBuilder log
INFO: Destroying: tileImprovement:4187
May 10, 2018 10:10:06 AM net.sf.freecol.common.util.LogBuilder log
INFO: Destroying: tileImprovement:4189
May 10, 2018 10:10:06 AM net.sf.freecol.common.util.LogBuilder log
INFO: Destroying: tileImprovement:4191
May 10, 2018 10:10:06 AM net.sf.freecol.common.util.LogBuilder log
INFO: Destroying: tileImprovement:4215
May 10, 2018 10:10:06 AM net.sf.freecol.common.util.LogBuilder log
INFO: Destroying: tileImprovement:4216
May 10, 2018 10:10:06 AM net.sf.freecol.common.util.LogBuilder log
INFO: Destroying: tileImprovement:4217
May 10, 2018 10:10:06 AM net.sf.freecol.common.util.LogBuilder log
INFO: Destroying: tileImprovement:4218
May 10, 2018 10:10:06 AM net.sf.freecol.common.util.LogBuilder log
INFO: Destroying: tileImprovement:4219
May 10, 2018 10:10:06 AM net.sf.freecol.common.util.LogBuilder log
INFO: Destroying: tileImprovement:4220
May 10, 2018 10:10:06 AM net.sf.freecol.common.util.LogBuilder log
INFO: Destroying: tileImprovement:4221
May 10, 2018 10:10:06 AM net.sf.freecol.common.util.LogBuilder log
INFO: Destroying: tileImprovement:4239
May 10, 2018 10:10:06 AM net.sf.freecol.common.util.LogBuilder log
INFO: Destroying: tileImprovement:4241
May 10, 2018 10:10:06 AM net.sf.freecol.common.util.LogBuilder log
INFO: Destroying: tileImprovement:4243
May 10, 2018 10:10:06 AM net.sf.freecol.common.util.LogBuilder log
INFO: Destroying: tileImprovement:4233
May 10, 2018 10:10:06 AM net.sf.freecol.common.util.LogBuilder log
INFO: Destroying: tileImprovement:4234
May 10, 2018 10:10:06 AM net.sf.freecol.common.util.LogBuilder log
INFO: Destroying: tileImprovement:4235
May 10, 2018 10:10:06 AM net.sf.freecol.common.util.LogBuilder log
INFO: Destroying: tileImprovement:4236
May 10, 2018 10:10:06 AM net.sf.freecol.common.util.LogBuilder log
INFO: Destroying: tileImprovement:4237
May 10, 2018 10:10:06 AM net.sf.freecol.common.util.LogBuilder log
INFO: Destroying: tileImprovement:4238
May 10, 2018 10:10:06 AM net.sf.freecol.common.util.LogBuilder log
INFO: Destroying: tileImprovement:4162
May 10, 2018 10:10:06 AM net.sf.freecol.common.util.LogBuilder log
INFO: Destroying: tileImprovement:4164
May 10, 2018 10:10:06 AM net.sf.freecol.common.util.LogBuilder log
INFO: Destroying: tileImprovement:4166
May 10, 2018 10:10:06 AM net.sf.freecol.common.util.LogBuilder log
INFO: Destroying: tileImprovement:4168
May 10, 2018 10:10:06 AM net.sf.freecol.common.util.LogBuilder log
INFO: Destroying: tileImprovement:4041
May 10, 2018 10:10:06 AM net.sf.freecol.common.util.LogBuilder log
INFO: Destroying: tileImprovement:4043
May 10, 2018 10:10:06 AM net.sf.freecol.common.util.LogBuilder log
INFO: Destroying: tileImprovement:4196
May 10, 2018 10:10:06 AM net.sf.freecol.common.util.LogBuilder log
INFO: Destroying: tileImprovement:4197
May 10, 2018 10:10:06 AM net.sf.freecol.common.util.LogBuilder log
INFO: Destroying: tileImprovement:4198
May 10, 2018 10:10:06 AM net.sf.freecol.common.util.LogBuilder log
INFO: Destroying: tileImprovement:4171
May 10, 2018 10:10:06 AM net.sf.freecol.common.util.LogBuilder log
INFO: Destroying: tileImprovement:4173
May 10, 2018 10:10:06 AM net.sf.freecol.common.util.LogBuilder log
INFO: Destroying: tileImprovement:4175
May 10, 2018 10:10:06 AM net.sf.freecol.common.util.LogBuilder log
INFO: Destroying: tileImprovement:4136
May 10, 2018 10:10:06 AM net.sf.freecol.common.util.LogBuilder log
INFO: Destroying: tileImprovement:4138
May 10, 2018 10:10:06 AM net.sf.freecol.common.util.LogBuilder log
INFO: Destroying: tileImprovement:4140
May 10, 2018 10:10:06 AM net.sf.freecol.common.util.LogBuilder log
INFO: Destroying: tileImprovement:4142
May 10, 2018 10:10:06 AM net.sf.freecol.common.util.LogBuilder log
INFO: Destroying: tileImprovement:4144
May 10, 2018 10:10:06 AM net.sf.freecol.common.util.LogBuilder log
INFO: Destroying: tileImprovement:4146
May 10, 2018 10:10:06 AM net.sf.freecol.common.util.LogBuilder log
INFO: Destroying: tileImprovement:4148
May 10, 2018 10:10:06 AM net.sf.freecol.common.util.LogBuilder log
INFO: Destroying: tileImprovement:4150
May 10, 2018 10:10:06 AM net.sf.freecol.common.util.LogBuilder log
INFO: Destroying: tileImprovement:4152
May 10, 2018 10:10:06 AM net.sf.freecol.common.util.LogBuilder log
INFO: Destroying: tileImprovement:4154
May 10, 2018 10:10:06 AM net.sf.freecol.common.util.LogBuilder log
INFO: Destroying: tileImprovement:4156
May 10, 2018 10:10:06 AM net.sf.freecol.common.util.LogBuilder log
INFO: Destroying: tileImprovement:4158
May 10, 2018 10:10:06 AM net.sf.freecol.common.util.LogBuilder log
INFO: Destroying: tileImprovement:4160
May 10, 2018 10:10:06 AM net.sf.freecol.common.util.LogBuilder log
INFO: Destroying: tileImprovement:4342
May 10, 2018 10:10:06 AM net.sf.freecol.common.util.LogBuilder log
INFO: Destroying: tileImprovement:4343
May 10, 2018 10:10:06 AM net.sf.freecol.common.util.LogBuilder log
INFO: Destroying: tileImprovement:4344
May 10, 2018 10:10:06 AM net.sf.freecol.common.util.LogBuilder log
INFO: Destroying: tileImprovement:4345
May 10, 2018 10:10:06 AM net.sf.freecol.common.util.LogBuilder log
INFO: Destroying: tileImprovement:4493
May 10, 2018 10:10:06 AM net.sf.freecol.common.util.LogBuilder log
INFO: Destroying: tileImprovement:4495
May 10, 2018 10:10:06 AM net.sf.freecol.common.util.LogBuilder log
INFO: Destroying: tileImprovement:4497
May 10, 2018 10:10:06 AM net.sf.freecol.common.util.LogBuilder log
INFO: Destroying: tileImprovement:4499
May 10, 2018 10:10:06 AM net.sf.freecol.common.util.LogBuilder log
INFO: Destroying: tileImprovement:4501
May 10, 2018 10:10:06 AM net.sf.freecol.common.util.LogBuilder log
INFO: Destroying: tileImprovement:4503
May 10, 2018 10:10:06 AM net.sf.freecol.common.util.LogBuilder log
INFO: Destroying: tileImprovement:4505
May 10, 2018 10:10:06 AM net.sf.freecol.common.util.LogBuilder log
INFO: Destroying: tileImprovement:4507
May 10, 2018 10:10:06 AM net.sf.freecol.common.util.LogBuilder log
INFO: Destroying: tileImprovement:4485
May 10, 2018 10:10:06 AM net.sf.freecol.common.util.LogBuilder log
INFO: Destroying: tileImprovement:4487
May 10, 2018 10:10:06 AM net.sf.freecol.common.util.LogBuilder log
INFO: Destroying: tileImprovement:4489
May 10, 2018 10:10:06 AM net.sf.freecol.common.util.LogBuilder log
INFO: Destroying: tileImprovement:4491
May 10, 2018 10:10:06 AM net.sf.freecol.common.util.LogBuilder log
INFO: Destroying: tileImprovement:4529
May 10, 2018 10:10:06 AM net.sf.freecol.common.util.LogBuilder log
INFO: Destroying: tileImprovement:4530
May 10, 2018 10:10:06 AM net.sf.freecol.common.util.LogBuilder log
INFO: Destroying: tileImprovement:4531
May 10, 2018 10:10:06 AM net.sf.freecol.common.util.LogBuilder log
INFO: Destroying: tileImprovement:4532
May 10, 2018 10:10:06 AM net.sf.freecol.common.util.LogBuilder log
INFO: Destroying: tileImprovement:4533
May 10, 2018 10:10:06 AM net.sf.freecol.common.util.LogBuilder log
INFO: Destroying: tileImprovement:4534
May 10, 2018 10:10:06 AM net.sf.freecol.common.util.LogBuilder log
INFO: Destroying: tileImprovement:4535
May 10, 2018 10:10:06 AM net.sf.freecol.common.util.LogBuilder log
INFO: Destroying: tileImprovement:4536
May 10, 2018 10:10:06 AM net.sf.freecol.common.util.LogBuilder log
INFO: Destroying: tileImprovement:4355
May 10, 2018 10:10:06 AM net.sf.freecol.common.util.LogBuilder log
INFO: Destroying: tileImprovement:4356
May 10, 2018 10:10:06 AM net.sf.freecol.common.util.LogBuilder log
INFO: Destroying: tileImprovement:4465
May 10, 2018 10:10:06 AM net.sf.freecol.common.util.LogBuilder log
INFO: Destroying: tileImprovement:4467
May 10, 2018 10:10:06 AM net.sf.freecol.common.util.LogBuilder log
INFO: Destroying: tileImprovement:4469
May 10, 2018 10:10:06 AM net.sf.freecol.common.util.LogBuilder log
INFO: Destroying: tileImprovement:4471
May 10, 2018 10:10:06 AM net.sf.freecol.common.util.LogBuilder log
INFO: Destroying: tileImprovement:4473
May 10, 2018 10:10:06 AM net.sf.freecol.common.util.LogBuilder log
INFO: Destroying: tileImprovement:4475
May 10, 2018 10:10:06 AM net.sf.freecol.common.util.LogBuilder log
INFO: Destroying: tileImprovement:4452
May 10, 2018 10:10:06 AM net.sf.freecol.common.util.LogBuilder log
INFO: Destroying: tileImprovement:4453
May 10, 2018 10:10:06 AM net.sf.freecol.common.util.LogBuilder log
INFO: Destroying: tileImprovement:4454
May 10, 2018 10:10:06 AM net.sf.freecol.common.util.LogBuilder log
INFO: Destroying: tileImprovement:4455
May 10, 2018 10:10:06 AM net.sf.freecol.common.util.LogBuilder log
INFO: Destroying: tileImprovement:4456
May 10, 2018 10:10:06 AM net.sf.freecol.common.util.LogBuilder log
INFO: Destroying: tileImprovement:4457
May 10, 2018 10:10:06 AM net.sf.freecol.common.util.LogBuilder log
INFO: Destroying: tileImprovement:4458
May 10, 2018 10:10:06 AM net.sf.freecol.common.util.LogBuilder log
INFO: Destroying: tileImprovement:4459
May 10, 2018 10:10:06 AM net.sf.freecol.common.util.LogBuilder log
INFO: Destroying: tileImprovement:4460
May 10, 2018 10:10:06 AM net.sf.freecol.common.util.LogBuilder log
INFO: Destroying: tileImprovement:4461
May 10, 2018 10:10:06 AM net.sf.freecol.common.util.LogBuilder log
INFO: Destroying: tileImprovement:4462
May 10, 2018 10:10:06 AM net.sf.freecol.common.util.LogBuilder log
INFO: Destroying: tileImprovement:4463
May 10, 2018 10:10:06 AM net.sf.freecol.common.util.LogBuilder log
INFO: Destroying: tileImprovement:4464
May 10, 2018 10:10:06 AM net.sf.freecol.common.util.LogBuilder log
INFO: Destroying: tileImprovement:4280
May 10, 2018 10:10:06 AM net.sf.freecol.common.util.LogBuilder log
INFO: Destroying: tileImprovement:4282
May 10, 2018 10:10:06 AM net.sf.freecol.common.util.LogBuilder log
INFO: Destroying: tileImprovement:4284
May 10, 2018 10:10:06 AM net.sf.freecol.common.util.LogBuilder log
INFO: Destroying: tileImprovement:4573
May 10, 2018 10:10:06 AM net.sf.freecol.common.util.LogBuilder log
INFO: Destroying: tileImprovement:4575
May 10, 2018 10:10:06 AM net.sf.freecol.common.util.LogBuilder log
INFO: Destroying: tileImprovement:4577
May 10, 2018 10:10:06 AM net.sf.freecol.common.util.LogBuilder log
INFO: Destroying: tileImprovement:4268
May 10, 2018 10:10:06 AM net.sf.freecol.common.util.LogBuilder log
INFO: Destroying: tileImprovement:4270
May 10, 2018 10:10:06 AM net.sf.freecol.common.util.LogBuilder log
INFO: Destroying: tileImprovement:4272
May 10, 2018 10:10:06 AM net.sf.freecol.common.util.LogBuilder log
INFO: Destroying: tileImprovement:4715
May 10, 2018 10:10:06 AM net.sf.freecol.common.util.LogBuilder log
INFO: Destroying: tileImprovement:4716
May 10, 2018 10:10:06 AM net.sf.freecol.common.util.LogBuilder log
INFO: Destroying: tileImprovement:4717
May 10, 2018 10:10:06 AM net.sf.freecol.common.util.LogBuilder log
INFO: Destroying: tileImprovement:4699
May 10, 2018 10:10:06 AM net.sf.freecol.common.util.LogBuilder log
INFO: Destroying: tileImprovement:4701
May 10, 2018 10:10:06 AM net.sf.freecol.common.util.LogBuilder log
INFO: Destroying: tileImprovement:4696
May 10, 2018 10:10:06 AM net.sf.freecol.common.util.LogBuilder log
INFO: Destroying: tileImprovement:4697
May 10, 2018 10:10:06 AM net.sf.freecol.common.util.LogBuilder log
INFO: Destroying: tileImprovement:4698
May 10, 2018 10:10:06 AM net.sf.freecol.common.util.LogBuilder log
INFO: Destroying: tileImprovement:4222
May 10, 2018 10:10:06 AM net.sf.freecol.common.util.LogBuilder log
INFO: Destroying: tileImprovement:4224
May 10, 2018 10:10:06 AM net.sf.freecol.common.util.LogBuilder log
INFO: Destroying: tileImprovement:4226
May 10, 2018 10:10:06 AM net.sf.freecol.common.util.LogBuilder log
INFO: Destroying: tileImprovement:4228
May 10, 2018 10:10:06 AM net.sf.freecol.common.util.LogBuilder log
INFO: Destroying: tileImprovement:4230
May 10, 2018 10:10:06 AM net.sf.freecol.common.util.LogBuilder log
INFO: Destroying: tileImprovement:4569
May 10, 2018 10:10:06 AM net.sf.freecol.common.util.LogBuilder log
INFO: Destroying: tileImprovement:4571
May 10, 2018 10:10:06 AM net.sf.freecol.common.model.Game addPlayer
WARNING: Game already full, but tried to add: Dom Manuel I
May 10, 2018 10:10:06 AM net.sf.freecol.common.model.Game addPlayer
WARNING: Game already full, but tried to add: Charles XI
May 10, 2018 10:10:06 AM net.sf.freecol.common.model.Game addPlayer
WARNING: Game already full, but tried to add: Frederick II
May 10, 2018 10:10:06 AM net.sf.freecol.common.model.Game addPlayer
WARNING: Game already full, but tried to add: Peter I
May 10, 2018 10:10:06 AM net.sf.freecol.common.model.LandMap <init>
INFO: Using land generator model.option.landGeneratorType.classic
May 10, 2018 10:10:06 AM net.sf.freecol.common.util.LogBuilder log
INFO: Destroying: tileImprovement:4213
May 10, 2018 10:10:06 AM net.sf.freecol.common.util.LogBuilder log
INFO: Destroying: tileImprovement:4215
May 10, 2018 10:10:06 AM net.sf.freecol.common.util.LogBuilder log
INFO: Destroying: tileImprovement:4217
May 10, 2018 10:10:06 AM net.sf.freecol.common.util.LogBuilder log
INFO: Destroying: tileImprovement:4194
May 10, 2018 10:10:06 AM net.sf.freecol.common.util.LogBuilder log
INFO: Destroying: tileImprovement:4196
May 10, 2018 10:10:06 AM net.sf.freecol.common.util.LogBuilder log
INFO: Destroying: tileImprovement:4198
May 10, 2018 10:10:06 AM net.sf.freecol.common.util.LogBuilder log
INFO: Destroying: tileImprovement:4200
May 10, 2018 10:10:06 AM net.sf.freecol.common.util.LogBuilder log
INFO: Destroying: tileImprovement:4202
May 10, 2018 10:10:06 AM net.sf.freecol.common.util.LogBuilder log
INFO: Destroying: tileImprovement:4204
May 10, 2018 10:10:06 AM net.sf.freecol.common.util.LogBuilder log
INFO: Destroying: tileImprovement:4206
May 10, 2018 10:10:06 AM net.sf.freecol.common.util.LogBuilder log
INFO: Destroying: tileImprovement:4349
May 10, 2018 10:10:06 AM net.sf.freecol.common.util.LogBuilder log
INFO: Destroying: tileImprovement:4351
May 10, 2018 10:10:06 AM net.sf.freecol.common.util.LogBuilder log
INFO: Destroying: tileImprovement:4353
May 10, 2018 10:10:06 AM net.sf.freecol.common.util.LogBuilder log
INFO: Destroying: tileImprovement:4355
May 10, 2018 10:10:06 AM net.sf.freecol.common.util.LogBuilder log
INFO: Destroying: tileImprovement:4357
May 10, 2018 10:10:06 AM net.sf.freecol.common.util.LogBuilder log
INFO: Destroying: tileImprovement:4359
May 10, 2018 10:10:06 AM net.sf.freecol.common.util.LogBuilder log
INFO: Destroying: tileImprovement:4383
May 10, 2018 10:10:06 AM net.sf.freecol.common.util.LogBuilder log
INFO: Destroying: tileImprovement:4384
May 10, 2018 10:10:06 AM net.sf.freecol.common.util.LogBuilder log
INFO: Destroying: tileImprovement:4385
May 10, 2018 10:10:06 AM net.sf.freecol.common.util.LogBuilder log
INFO: Destroying: tileImprovement:4386
May 10, 2018 10:10:06 AM net.sf.freecol.common.util.LogBuilder log
INFO: Destroying: tileImprovement:4387
May 10, 2018 10:10:06 AM net.sf.freecol.common.util.LogBuilder log
INFO: Destroying: tileImprovement:4388
May 10, 2018 10:10:06 AM net.sf.freecol.common.util.LogBuilder log
INFO: Destroying: tileImprovement:4389
May 10, 2018 10:10:06 AM net.sf.freecol.common.util.LogBuilder log
INFO: Destroying: tileImprovement:4407
May 10, 2018 10:10:06 AM net.sf.freecol.common.util.LogBuilder log
INFO: Destroying: tileImprovement:4409
May 10, 2018 10:10:06 AM net.sf.freecol.common.util.LogBuilder log
INFO: Destroying: tileImprovement:4411
May 10, 2018 10:10:06 AM net.sf.freecol.common.util.LogBuilder log
INFO: Destroying: tileImprovement:4401
May 10, 2018 10:10:06 AM net.sf.freecol.common.util.LogBuilder log
INFO: Destroying: tileImprovement:4402
May 10, 2018 10:10:06 AM net.sf.freecol.common.util.LogBuilder log
INFO: Destroying: tileImprovement:4403
May 10, 2018 10:10:06 AM net.sf.freecol.common.util.LogBuilder log
INFO: Destroying: tileImprovement:4404
May 10, 2018 10:10:06 AM net.sf.freecol.common.util.LogBuilder log
INFO: Destroying: tileImprovement:4405
May 10, 2018 10:10:06 AM net.sf.freecol.common.util.LogBuilder log
INFO: Destroying: tileImprovement:4406
May 10, 2018 10:10:06 AM net.sf.freecol.common.util.LogBuilder log
INFO: Destroying: tileImprovement:4330
May 10, 2018 10:10:06 AM net.sf.freecol.common.util.LogBuilder log
INFO: Destroying: tileImprovement:4332
May 10, 2018 10:10:06 AM net.sf.freecol.common.util.LogBuilder log
INFO: Destroying: tileImprovement:4334
May 10, 2018 10:10:06 AM net.sf.freecol.common.util.LogBuilder log
INFO: Destroying: tileImprovement:4336
May 10, 2018 10:10:06 AM net.sf.freecol.common.util.LogBuilder log
INFO: Destroying: tileImprovement:4209
May 10, 2018 10:10:06 AM net.sf.freecol.common.util.LogBuilder log
INFO: Destroying: tileImprovement:4211
May 10, 2018 10:10:06 AM net.sf.freecol.common.util.LogBuilder log
INFO: Destroying: tileImprovement:4364
May 10, 2018 10:10:06 AM net.sf.freecol.common.util.LogBuilder log
INFO: Destroying: tileImprovement:4365
May 10, 2018 10:10:06 AM net.sf.freecol.common.util.LogBuilder log
INFO: Destroying: tileImprovement:4366
May 10, 2018 10:10:06 AM net.sf.freecol.common.util.LogBuilder log
INFO: Destroying: tileImprovement:4339
May 10, 2018 10:10:06 AM net.sf.freecol.common.util.LogBuilder log
INFO: Destroying: tileImprovement:4341
May 10, 2018 10:10:06 AM net.sf.freecol.common.util.LogBuilder log
INFO: Destroying: tileImprovement:4343
May 10, 2018 10:10:06 AM net.sf.freecol.common.util.LogBuilder log
INFO: Destroying: tileImprovement:4304
May 10, 2018 10:10:06 AM net.sf.freecol.common.util.LogBuilder log
INFO: Destroying: tileImprovement:4306
May 10, 2018 10:10:06 AM net.sf.freecol.common.util.LogBuilder log
INFO: Destroying: tileImprovement:4308
May 10, 2018 10:10:06 AM net.sf.freecol.common.util.LogBuilder log
INFO: Destroying: tileImprovement:4310
May 10, 2018 10:10:06 AM net.sf.freecol.common.util.LogBuilder log
INFO: Destroying: tileImprovement:4312
May 10, 2018 10:10:06 AM net.sf.freecol.common.util.LogBuilder log
INFO: Destroying: tileImprovement:4314
May 10, 2018 10:10:06 AM net.sf.freecol.common.util.LogBuilder log
INFO: Destroying: tileImprovement:4316
May 10, 2018 10:10:06 AM net.sf.freecol.common.util.LogBuilder log
INFO: Destroying: tileImprovement:4318
May 10, 2018 10:10:06 AM net.sf.freecol.common.util.LogBuilder log
INFO: Destroying: tileImprovement:4320
May 10, 2018 10:10:06 AM net.sf.freecol.common.util.LogBuilder log
INFO: Destroying: tileImprovement:4322
May 10, 2018 10:10:06 AM net.sf.freecol.common.util.LogBuilder log
INFO: Destroying: tileImprovement:4324
May 10, 2018 10:10:06 AM net.sf.freecol.common.util.LogBuilder log
INFO: Destroying: tileImprovement:4326
May 10, 2018 10:10:06 AM net.sf.freecol.common.util.LogBuilder log
INFO: Destroying: tileImprovement:4328
May 10, 2018 10:10:06 AM net.sf.freecol.common.util.LogBuilder log
INFO: Destroying: tileImprovement:4510
May 10, 2018 10:10:06 AM net.sf.freecol.common.util.LogBuilder log
INFO: Destroying: tileImprovement:4511
May 10, 2018 10:10:06 AM net.sf.freecol.common.util.LogBuilder log
INFO: Destroying: tileImprovement:4512
May 10, 2018 10:10:06 AM net.sf.freecol.common.util.LogBuilder log
INFO: Destroying: tileImprovement:4513
May 10, 2018 10:10:06 AM net.sf.freecol.common.util.LogBuilder log
INFO: Destroying: tileImprovement:4661
May 10, 2018 10:10:06 AM net.sf.freecol.common.util.LogBuilder log
INFO: Destroying: tileImprovement:4663
May 10, 2018 10:10:06 AM net.sf.freecol.common.util.LogBuilder log
INFO: Destroying: tileImprovement:4665
May 10, 2018 10:10:06 AM net.sf.freecol.common.util.LogBuilder log
INFO: Destroying: tileImprovement:4667
May 10, 2018 10:10:06 AM net.sf.freecol.common.util.LogBuilder log
INFO: Destroying: tileImprovement:4669
May 10, 2018 10:10:06 AM net.sf.freecol.common.util.LogBuilder log
INFO: Destroying: tileImprovement:4671
May 10, 2018 10:10:06 AM net.sf.freecol.common.util.LogBuilder log
INFO: Destroying: tileImprovement:4673
May 10, 2018 10:10:06 AM net.sf.freecol.common.util.LogBuilder log
INFO: Destroying: tileImprovement:4675
May 10, 2018 10:10:06 AM net.sf.freecol.common.util.LogBuilder log
INFO: Destroying: tileImprovement:4653
May 10, 2018 10:10:06 AM net.sf.freecol.common.util.LogBuilder log
INFO: Destroying: tileImprovement:4655
May 10, 2018 10:10:06 AM net.sf.freecol.common.util.LogBuilder log
INFO: Destroying: tileImprovement:4657
May 10, 2018 10:10:06 AM net.sf.freecol.common.util.LogBuilder log
INFO: Destroying: tileImprovement:4659
May 10, 2018 10:10:06 AM net.sf.freecol.common.util.LogBuilder log
INFO: Destroying: tileImprovement:4697
May 10, 2018 10:10:06 AM net.sf.freecol.common.util.LogBuilder log
INFO: Destroying: tileImprovement:4698
May 10, 2018 10:10:06 AM net.sf.freecol.common.util.LogBuilder log
INFO: Destroying: tileImprovement:4699
May 10, 2018 10:10:06 AM net.sf.freecol.common.util.LogBuilder log
INFO: Destroying: tileImprovement:4700
May 10, 2018 10:10:06 AM net.sf.freecol.common.util.LogBuilder log
INFO: Destroying: tileImprovement:4701
May 10, 2018 10:10:06 AM net.sf.freecol.common.util.LogBuilder log
INFO: Destroying: tileImprovement:4702
May 10, 2018 10:10:06 AM net.sf.freecol.common.util.LogBuilder log
INFO: Destroying: tileImprovement:4703
May 10, 2018 10:10:06 AM net.sf.freecol.common.util.LogBuilder log
INFO: Destroying: tileImprovement:4704
May 10, 2018 10:10:06 AM net.sf.freecol.common.util.LogBuilder log
INFO: Destroying: tileImprovement:4523
May 10, 2018 10:10:06 AM net.sf.freecol.common.util.LogBuilder log
INFO: Destroying: tileImprovement:4524
May 10, 2018 10:10:06 AM net.sf.freecol.common.util.LogBuilder log
INFO: Destroying: tileImprovement:4633
May 10, 2018 10:10:06 AM net.sf.freecol.common.util.LogBuilder log
INFO: Destroying: tileImprovement:4635
May 10, 2018 10:10:06 AM net.sf.freecol.common.util.LogBuilder log
INFO: Destroying: tileImprovement:4637
May 10, 2018 10:10:06 AM net.sf.freecol.common.util.LogBuilder log
INFO: Destroying: tileImprovement:4639
May 10, 2018 10:10:06 AM net.sf.freecol.common.util.LogBuilder log
INFO: Destroying: tileImprovement:4641
May 10, 2018 10:10:06 AM net.sf.freecol.common.util.LogBuilder log
INFO: Destroying: tileImprovement:4643
May 10, 2018 10:10:06 AM net.sf.freecol.common.util.LogBuilder log
INFO: Destroying: tileImprovement:4620
May 10, 2018 10:10:06 AM net.sf.freecol.common.util.LogBuilder log
INFO: Destroying: tileImprovement:4621
May 10, 2018 10:10:06 AM net.sf.freecol.common.util.LogBuilder log
INFO: Destroying: tileImprovement:4622
May 10, 2018 10:10:06 AM net.sf.freecol.common.util.LogBuilder log
INFO: Destroying: tileImprovement:4623
May 10, 2018 10:10:06 AM net.sf.freecol.common.util.LogBuilder log
INFO: Destroying: tileImprovement:4624
May 10, 2018 10:10:06 AM net.sf.freecol.common.util.LogBuilder log
INFO: Destroying: tileImprovement:4625
May 10, 2018 10:10:06 AM net.sf.freecol.common.util.LogBuilder log
INFO: Destroying: tileImprovement:4626
May 10, 2018 10:10:06 AM net.sf.freecol.common.util.LogBuilder log
INFO: Destroying: tileImprovement:4627
May 10, 2018 10:10:06 AM net.sf.freecol.common.util.LogBuilder log
INFO: Destroying: tileImprovement:4628
May 10, 2018 10:10:06 AM net.sf.freecol.common.util.LogBuilder log
INFO: Destroying: tileImprovement:4629
May 10, 2018 10:10:06 AM net.sf.freecol.common.util.LogBuilder log
INFO: Destroying: tileImprovement:4630
May 10, 2018 10:10:06 AM net.sf.freecol.common.util.LogBuilder log
INFO: Destroying: tileImprovement:4631
May 10, 2018 10:10:06 AM net.sf.freecol.common.util.LogBuilder log
INFO: Destroying: tileImprovement:4632
May 10, 2018 10:10:06 AM net.sf.freecol.common.util.LogBuilder log
INFO: Destroying: tileImprovement:4448
May 10, 2018 10:10:06 AM net.sf.freecol.common.util.LogBuilder log
INFO: Destroying: tileImprovement:4450
May 10, 2018 10:10:06 AM net.sf.freecol.common.util.LogBuilder log
INFO: Destroying: tileImprovement:4452
May 10, 2018 10:10:06 AM net.sf.freecol.common.util.LogBuilder log
INFO: Destroying: tileImprovement:4741
May 10, 2018 10:10:06 AM net.sf.freecol.common.util.LogBuilder log
INFO: Destroying: tileImprovement:4743
May 10, 2018 10:10:06 AM net.sf.freecol.common.util.LogBuilder log
INFO: Destroying: tileImprovement:4745
May 10, 2018 10:10:06 AM net.sf.freecol.common.util.LogBuilder log
INFO: Destroying: tileImprovement:4436
May 10, 2018 10:10:06 AM net.sf.freecol.common.util.LogBuilder log
INFO: Destroying: tileImprovement:4438
May 10, 2018 10:10:06 AM net.sf.freecol.common.util.LogBuilder log
INFO: Destroying: tileImprovement:4440
May 10, 2018 10:10:06 AM net.sf.freecol.common.util.LogBuilder log
INFO: Destroying: tileImprovement:4883
May 10, 2018 10:10:06 AM net.sf.freecol.common.util.LogBuilder log
INFO: Destroying: tileImprovement:4884
May 10, 2018 10:10:06 AM net.sf.freecol.common.util.LogBuilder log
INFO: Destroying: tileImprovement:4885
May 10, 2018 10:10:06 AM net.sf.freecol.common.util.LogBuilder log
INFO: Destroying: tileImprovement:4867
May 10, 2018 10:10:06 AM net.sf.freecol.common.util.LogBuilder log
INFO: Destroying: tileImprovement:4869
May 10, 2018 10:10:06 AM net.sf.freecol.common.util.LogBuilder log
INFO: Destroying: tileImprovement:4864
May 10, 2018 10:10:06 AM net.sf.freecol.common.util.LogBuilder log
INFO: Destroying: tileImprovement:4865
May 10, 2018 10:10:06 AM net.sf.freecol.common.util.LogBuilder log
INFO: Destroying: tileImprovement:4866
May 10, 2018 10:10:06 AM net.sf.freecol.common.util.LogBuilder log
INFO: Destroying: tileImprovement:4390
May 10, 2018 10:10:06 AM net.sf.freecol.common.util.LogBuilder log
INFO: Destroying: tileImprovement:4392
May 10, 2018 10:10:06 AM net.sf.freecol.common.util.LogBuilder log
INFO: Destroying: tileImprovement:4394
May 10, 2018 10:10:06 AM net.sf.freecol.common.util.LogBuilder log
INFO: Destroying: tileImprovement:4396
May 10, 2018 10:10:06 AM net.sf.freecol.common.util.LogBuilder log
INFO: Destroying: tileImprovement:4398
May 10, 2018 10:10:06 AM net.sf.freecol.common.util.LogBuilder log
INFO: Destroying: tileImprovement:4737
May 10, 2018 10:10:06 AM net.sf.freecol.common.util.LogBuilder log
INFO: Destroying: tileImprovement:4739
May 10, 2018 10:10:06 AM net.sf.freecol.common.model.Game addPlayer
WARNING: Game already full, but tried to add: Dom Manuel I
May 10, 2018 10:10:06 AM net.sf.freecol.common.model.Game addPlayer
WARNING: Game already full, but tried to add: Charles XI
May 10, 2018 10:10:06 AM net.sf.freecol.common.model.Game addPlayer
WARNING: Game already full, but tried to add: Frederick II
May 10, 2018 10:10:06 AM net.sf.freecol.common.model.Game addPlayer
WARNING: Game already full, but tried to add: Peter I
May 10, 2018 10:10:06 AM net.sf.freecol.common.model.LandMap <init>
INFO: Using land generator model.option.landGeneratorType.classic
May 10, 2018 10:10:06 AM net.sf.freecol.common.util.LogBuilder log
INFO: Destroying: tileImprovement:4517
May 10, 2018 10:10:06 AM net.sf.freecol.common.util.LogBuilder log
INFO: Destroying: tileImprovement:4519
May 10, 2018 10:10:06 AM net.sf.freecol.common.util.LogBuilder log
INFO: Destroying: tileImprovement:4521
May 10, 2018 10:10:06 AM net.sf.freecol.common.util.LogBuilder log
INFO: Destroying: tileImprovement:4498
May 10, 2018 10:10:06 AM net.sf.freecol.common.util.LogBuilder log
INFO: Destroying: tileImprovement:4500
May 10, 2018 10:10:06 AM net.sf.freecol.common.util.LogBuilder log
INFO: Destroying: tileImprovement:4502
May 10, 2018 10:10:06 AM net.sf.freecol.common.util.LogBuilder log
INFO: Destroying: tileImprovement:4504
May 10, 2018 10:10:06 AM net.sf.freecol.common.util.LogBuilder log
INFO: Destroying: tileImprovement:4506
May 10, 2018 10:10:06 AM net.sf.freecol.common.util.LogBuilder log
INFO: Destroying: tileImprovement:4508
May 10, 2018 10:10:06 AM net.sf.freecol.common.util.LogBuilder log
INFO: Destroying: tileImprovement:4510
May 10, 2018 10:10:06 AM net.sf.freecol.common.util.LogBuilder log
INFO: Destroying: tileImprovement:4653
May 10, 2018 10:10:06 AM net.sf.freecol.common.util.LogBuilder log
INFO: Destroying: tileImprovement:4655
May 10, 2018 10:10:06 AM net.sf.freecol.common.util.LogBuilder log
INFO: Destroying: tileImprovement:4657
May 10, 2018 10:10:06 AM net.sf.freecol.common.util.LogBuilder log
INFO: Destroying: tileImprovement:4659
May 10, 2018 10:10:06 AM net.sf.freecol.common.util.LogBuilder log
INFO: Destroying: tileImprovement:4661
May 10, 2018 10:10:06 AM net.sf.freecol.common.util.LogBuilder log
INFO: Destroying: tileImprovement:4663
May 10, 2018 10:10:06 AM net.sf.freecol.common.util.LogBuilder log
INFO: Destroying: tileImprovement:4687
May 10, 2018 10:10:06 AM net.sf.freecol.common.util.LogBuilder log
INFO: Destroying: tileImprovement:4688
May 10, 2018 10:10:06 AM net.sf.freecol.common.util.LogBuilder log
INFO: Destroying: tileImprovement:4689
May 10, 2018 10:10:06 AM net.sf.freecol.common.util.LogBuilder log
INFO: Destroying: tileImprovement:4690
May 10, 2018 10:10:06 AM net.sf.freecol.common.util.LogBuilder log
INFO: Destroying: tileImprovement:4691
May 10, 2018 10:10:06 AM net.sf.freecol.common.util.LogBuilder log
INFO: Destroying: tileImprovement:4692
May 10, 2018 10:10:06 AM net.sf.freecol.common.util.LogBuilder log
INFO: Destroying: tileImprovement:4693
May 10, 2018 10:10:06 AM net.sf.freecol.common.util.LogBuilder log
INFO: Destroying: tileImprovement:4711
May 10, 2018 10:10:06 AM net.sf.freecol.common.util.LogBuilder log
INFO: Destroying: tileImprovement:4713
May 10, 2018 10:10:06 AM net.sf.freecol.common.util.LogBuilder log
INFO: Destroying: tileImprovement:4715
May 10, 2018 10:10:06 AM net.sf.freecol.common.util.LogBuilder log
INFO: Destroying: tileImprovement:4705
May 10, 2018 10:10:06 AM net.sf.freecol.common.util.LogBuilder log
INFO: Destroying: tileImprovement:4706
May 10, 2018 10:10:06 AM net.sf.freecol.common.util.LogBuilder log
INFO: Destroying: tileImprovement:4707
May 10, 2018 10:10:06 AM net.sf.freecol.common.util.LogBuilder log
INFO: Destroying: tileImprovement:4708
May 10, 2018 10:10:06 AM net.sf.freecol.common.util.LogBuilder log
INFO: Destroying: tileImprovement:4709
May 10, 2018 10:10:06 AM net.sf.freecol.common.util.LogBuilder log
INFO: Destroying: tileImprovement:4710
May 10, 2018 10:10:06 AM net.sf.freecol.common.util.LogBuilder log
INFO: Destroying: tileImprovement:4634
May 10, 2018 10:10:06 AM net.sf.freecol.common.util.LogBuilder log
INFO: Destroying: tileImprovement:4636
May 10, 2018 10:10:06 AM net.sf.freecol.common.util.LogBuilder log
INFO: Destroying: tileImprovement:4638
May 10, 2018 10:10:06 AM net.sf.freecol.common.util.LogBuilder log
INFO: Destroying: tileImprovement:4640
May 10, 2018 10:10:06 AM net.sf.freecol.common.util.LogBuilder log
INFO: Destroying: tileImprovement:4513
May 10, 2018 10:10:06 AM net.sf.freecol.common.util.LogBuilder log
INFO: Destroying: tileImprovement:4515
May 10, 2018 10:10:06 AM net.sf.freecol.common.util.LogBuilder log
INFO: Destroying: tileImprovement:4668
May 10, 2018 10:10:06 AM net.sf.freecol.common.util.LogBuilder log
INFO: Destroying: tileImprovement:4669
May 10, 2018 10:10:06 AM net.sf.freecol.common.util.LogBuilder log
INFO: Destroying: tileImprovement:4670
May 10, 2018 10:10:06 AM net.sf.freecol.common.util.LogBuilder log
INFO: Destroying: tileImprovement:4643
May 10, 2018 10:10:06 AM net.sf.freecol.common.util.LogBuilder log
INFO: Destroying: tileImprovement:4645
May 10, 2018 10:10:06 AM net.sf.freecol.common.util.LogBuilder log
INFO: Destroying: tileImprovement:4647
May 10, 2018 10:10:06 AM net.sf.freecol.common.util.LogBuilder log
INFO: Destroying: tileImprovement:4608
May 10, 2018 10:10:06 AM net.sf.freecol.common.util.LogBuilder log
INFO: Destroying: tileImprovement:4610
May 10, 2018 10:10:06 AM net.sf.freecol.common.util.LogBuilder log
INFO: Destroying: tileImprovement:4612
May 10, 2018 10:10:06 AM net.sf.freecol.common.util.LogBuilder log
INFO: Destroying: tileImprovement:4614
May 10, 2018 10:10:06 AM net.sf.freecol.common.util.LogBuilder log
INFO: Destroying: tileImprovement:4616
May 10, 2018 10:10:06 AM net.sf.freecol.common.util.LogBuilder log
INFO: Destroying: tileImprovement:4618
May 10, 2018 10:10:06 AM net.sf.freecol.common.util.LogBuilder log
INFO: Destroying: tileImprovement:4620
May 10, 2018 10:10:06 AM net.sf.freecol.common.util.LogBuilder log
INFO: Destroying: tileImprovement:4622
May 10, 2018 10:10:06 AM net.sf.freecol.common.util.LogBuilder log
INFO: Destroying: tileImprovement:4624
May 10, 2018 10:10:06 AM net.sf.freecol.common.util.LogBuilder log
INFO: Destroying: tileImprovement:4626
May 10, 2018 10:10:06 AM net.sf.freecol.common.util.LogBuilder log
INFO: Destroying: tileImprovement:4628
May 10, 2018 10:10:06 AM net.sf.freecol.common.util.LogBuilder log
INFO: Destroying: tileImprovement:4630
May 10, 2018 10:10:06 AM net.sf.freecol.common.util.LogBuilder log
INFO: Destroying: tileImprovement:4632
May 10, 2018 10:10:06 AM net.sf.freecol.common.util.LogBuilder log
INFO: Destroying: tileImprovement:4814
May 10, 2018 10:10:06 AM net.sf.freecol.common.util.LogBuilder log
INFO: Destroying: tileImprovement:4815
May 10, 2018 10:10:06 AM net.sf.freecol.common.util.LogBuilder log
INFO: Destroying: tileImprovement:4816
May 10, 2018 10:10:06 AM net.sf.freecol.common.util.LogBuilder log
INFO: Destroying: tileImprovement:4817
May 10, 2018 10:10:06 AM net.sf.freecol.common.util.LogBuilder log
INFO: Destroying: tileImprovement:4965
May 10, 2018 10:10:06 AM net.sf.freecol.common.util.LogBuilder log
INFO: Destroying: tileImprovement:4967
May 10, 2018 10:10:06 AM net.sf.freecol.common.util.LogBuilder log
INFO: Destroying: tileImprovement:4969
May 10, 2018 10:10:06 AM net.sf.freecol.common.util.LogBuilder log
INFO: Destroying: tileImprovement:4971
May 10, 2018 10:10:06 AM net.sf.freecol.common.util.LogBuilder log
INFO: Destroying: tileImprovement:4973
May 10, 2018 10:10:06 AM net.sf.freecol.common.util.LogBuilder log
INFO: Destroying: tileImprovement:4975
May 10, 2018 10:10:06 AM net.sf.freecol.common.util.LogBuilder log
INFO: Destroying: tileImprovement:4977
May 10, 2018 10:10:06 AM net.sf.freecol.common.util.LogBuilder log
INFO: Destroying: tileImprovement:4979
May 10, 2018 10:10:06 AM net.sf.freecol.common.util.LogBuilder log
INFO: Destroying: tileImprovement:4957
May 10, 2018 10:10:06 AM net.sf.freecol.common.util.LogBuilder log
INFO: Destroying: tileImprovement:4959
May 10, 2018 10:10:06 AM net.sf.freecol.common.util.LogBuilder log
INFO: Destroying: tileImprovement:4961
May 10, 2018 10:10:06 AM net.sf.freecol.common.util.LogBuilder log
INFO: Destroying: tileImprovement:4963
May 10, 2018 10:10:06 AM net.sf.freecol.common.util.LogBuilder log
INFO: Destroying: tileImprovement:5001
May 10, 2018 10:10:06 AM net.sf.freecol.common.util.LogBuilder log
INFO: Destroying: tileImprovement:5002
May 10, 2018 10:10:06 AM net.sf.freecol.common.util.LogBuilder log
INFO: Destroying: tileImprovement:5003
May 10, 2018 10:10:06 AM net.sf.freecol.common.util.LogBuilder log
INFO: Destroying: tileImprovement:5004
May 10, 2018 10:10:06 AM net.sf.freecol.common.util.LogBuilder log
INFO: Destroying: tileImprovement:5005
May 10, 2018 10:10:06 AM net.sf.freecol.common.util.LogBuilder log
INFO: Destroying: tileImprovement:5006
May 10, 2018 10:10:06 AM net.sf.freecol.common.util.LogBuilder log
INFO: Destroying: tileImprovement:5007
May 10, 2018 10:10:06 AM net.sf.freecol.common.util.LogBuilder log
INFO: Destroying: tileImprovement:5008
May 10, 2018 10:10:06 AM net.sf.freecol.common.util.LogBuilder log
INFO: Destroying: tileImprovement:4827
May 10, 2018 10:10:06 AM net.sf.freecol.common.util.LogBuilder log
INFO: Destroying: tileImprovement:4828
May 10, 2018 10:10:06 AM net.sf.freecol.common.util.LogBuilder log
INFO: Destroying: tileImprovement:4937
May 10, 2018 10:10:06 AM net.sf.freecol.common.util.LogBuilder log
INFO: Destroying: tileImprovement:4939
May 10, 2018 10:10:06 AM net.sf.freecol.common.util.LogBuilder log
INFO: Destroying: tileImprovement:4941
May 10, 2018 10:10:06 AM net.sf.freecol.common.util.LogBuilder log
INFO: Destroying: tileImprovement:4943
May 10, 2018 10:10:06 AM net.sf.freecol.common.util.LogBuilder log
INFO: Destroying: tileImprovement:4945
May 10, 2018 10:10:06 AM net.sf.freecol.common.util.LogBuilder log
INFO: Destroying: tileImprovement:4947
May 10, 2018 10:10:06 AM net.sf.freecol.common.util.LogBuilder log
INFO: Destroying: tileImprovement:4924
May 10, 2018 10:10:06 AM net.sf.freecol.common.util.LogBuilder log
INFO: Destroying: tileImprovement:4925
May 10, 2018 10:10:06 AM net.sf.freecol.common.util.LogBuilder log
INFO: Destroying: tileImprovement:4926
May 10, 2018 10:10:06 AM net.sf.freecol.common.util.LogBuilder log
INFO: Destroying: tileImprovement:4927
May 10, 2018 10:10:06 AM net.sf.freecol.common.util.LogBuilder log
INFO: Destroying: tileImprovement:4928
May 10, 2018 10:10:06 AM net.sf.freecol.common.util.LogBuilder log
INFO: Destroying: tileImprovement:4929
May 10, 2018 10:10:06 AM net.sf.freecol.common.util.LogBuilder log
INFO: Destroying: tileImprovement:4930
May 10, 2018 10:10:06 AM net.sf.freecol.common.util.LogBuilder log
INFO: Destroying: tileImprovement:4931
May 10, 2018 10:10:06 AM net.sf.freecol.common.util.LogBuilder log
INFO: Destroying: tileImprovement:4932
May 10, 2018 10:10:06 AM net.sf.freecol.common.util.LogBuilder log
INFO: Destroying: tileImprovement:4933
May 10, 2018 10:10:06 AM net.sf.freecol.common.util.LogBuilder log
INFO: Destroying: tileImprovement:4934
May 10, 2018 10:10:06 AM net.sf.freecol.common.util.LogBuilder log
INFO: Destroying: tileImprovement:4935
May 10, 2018 10:10:06 AM net.sf.freecol.common.util.LogBuilder log
INFO: Destroying: tileImprovement:4936
May 10, 2018 10:10:06 AM net.sf.freecol.common.util.LogBuilder log
INFO: Destroying: tileImprovement:4752
May 10, 2018 10:10:06 AM net.sf.freecol.common.util.LogBuilder log
INFO: Destroying: tileImprovement:4754
May 10, 2018 10:10:06 AM net.sf.freecol.common.util.LogBuilder log
INFO: Destroying: tileImprovement:4756
May 10, 2018 10:10:06 AM net.sf.freecol.common.util.LogBuilder log
INFO: Destroying: tileImprovement:5045
May 10, 2018 10:10:06 AM net.sf.freecol.common.util.LogBuilder log
INFO: Destroying: tileImprovement:5047
May 10, 2018 10:10:06 AM net.sf.freecol.common.util.LogBuilder log
INFO: Destroying: tileImprovement:5049
May 10, 2018 10:10:06 AM net.sf.freecol.common.util.LogBuilder log
INFO: Destroying: tileImprovement:4740
May 10, 2018 10:10:06 AM net.sf.freecol.common.util.LogBuilder log
INFO: Destroying: tileImprovement:4742
May 10, 2018 10:10:06 AM net.sf.freecol.common.util.LogBuilder log
INFO: Destroying: tileImprovement:4744
May 10, 2018 10:10:06 AM net.sf.freecol.common.util.LogBuilder log
INFO: Destroying: tileImprovement:5187
May 10, 2018 10:10:06 AM net.sf.freecol.common.util.LogBuilder log
INFO: Destroying: tileImprovement:5188
May 10, 2018 10:10:06 AM net.sf.freecol.common.util.LogBuilder log
INFO: Destroying: tileImprovement:5189
May 10, 2018 10:10:06 AM net.sf.freecol.common.util.LogBuilder log
INFO: Destroying: tileImprovement:5171
May 10, 2018 10:10:06 AM net.sf.freecol.common.util.LogBuilder log
INFO: Destroying: tileImprovement:5173
May 10, 2018 10:10:06 AM net.sf.freecol.common.util.LogBuilder log
INFO: Destroying: tileImprovement:5168
May 10, 2018 10:10:06 AM net.sf.freecol.common.util.LogBuilder log
INFO: Destroying: tileImprovement:5169
May 10, 2018 10:10:06 AM net.sf.freecol.common.util.LogBuilder log
INFO: Destroying: tileImprovement:5170
May 10, 2018 10:10:06 AM net.sf.freecol.common.util.LogBuilder log
INFO: Destroying: tileImprovement:4694
May 10, 2018 10:10:06 AM net.sf.freecol.common.util.LogBuilder log
INFO: Destroying: tileImprovement:4696
May 10, 2018 10:10:06 AM net.sf.freecol.common.util.LogBuilder log
INFO: Destroying: tileImprovement:4698
May 10, 2018 10:10:06 AM net.sf.freecol.common.util.LogBuilder log
INFO: Destroying: tileImprovement:4700
May 10, 2018 10:10:06 AM net.sf.freecol.common.util.LogBuilder log
INFO: Destroying: tileImprovement:4702
May 10, 2018 10:10:06 AM net.sf.freecol.common.util.LogBuilder log
INFO: Destroying: tileImprovement:5041
May 10, 2018 10:10:06 AM net.sf.freecol.common.util.LogBuilder log
INFO: Destroying: tileImprovement:5043
May 10, 2018 10:10:06 AM net.sf.freecol.common.model.Game addPlayer
WARNING: Game already full, but tried to add: Dom Manuel I
May 10, 2018 10:10:06 AM net.sf.freecol.common.model.Game addPlayer
WARNING: Game already full, but tried to add: Charles XI
May 10, 2018 10:10:06 AM net.sf.freecol.common.model.Game addPlayer
WARNING: Game already full, but tried to add: Frederick II
May 10, 2018 10:10:06 AM net.sf.freecol.common.model.Game addPlayer
WARNING: Game already full, but tried to add: Peter I
May 10, 2018 10:10:06 AM net.sf.freecol.common.model.LandMap <init>
INFO: Using land generator model.option.landGeneratorType.classic
May 10, 2018 10:10:06 AM net.sf.freecol.common.util.LogBuilder log
INFO: Destroying: tileImprovement:4517
May 10, 2018 10:10:06 AM net.sf.freecol.common.util.LogBuilder log
INFO: Destroying: tileImprovement:4519
May 10, 2018 10:10:06 AM net.sf.freecol.common.util.LogBuilder log
INFO: Destroying: tileImprovement:4521
May 10, 2018 10:10:06 AM net.sf.freecol.common.util.LogBuilder log
INFO: Destroying: tileImprovement:4498
May 10, 2018 10:10:06 AM net.sf.freecol.common.util.LogBuilder log
INFO: Destroying: tileImprovement:4500
May 10, 2018 10:10:06 AM net.sf.freecol.common.util.LogBuilder log
INFO: Destroying: tileImprovement:4502
May 10, 2018 10:10:06 AM net.sf.freecol.common.util.LogBuilder log
INFO: Destroying: tileImprovement:4504
May 10, 2018 10:10:06 AM net.sf.freecol.common.util.LogBuilder log
INFO: Destroying: tileImprovement:4506
May 10, 2018 10:10:06 AM net.sf.freecol.common.util.LogBuilder log
INFO: Destroying: tileImprovement:4508
May 10, 2018 10:10:06 AM net.sf.freecol.common.util.LogBuilder log
INFO: Destroying: tileImprovement:4510
May 10, 2018 10:10:06 AM net.sf.freecol.common.util.LogBuilder log
INFO: Destroying: tileImprovement:4653
May 10, 2018 10:10:06 AM net.sf.freecol.common.util.LogBuilder log
INFO: Destroying: tileImprovement:4655
May 10, 2018 10:10:06 AM net.sf.freecol.common.util.LogBuilder log
INFO: Destroying: tileImprovement:4657
May 10, 2018 10:10:06 AM net.sf.freecol.common.util.LogBuilder log
INFO: Destroying: tileImprovement:4659
May 10, 2018 10:10:06 AM net.sf.freecol.common.util.LogBuilder log
INFO: Destroying: tileImprovement:4661
May 10, 2018 10:10:06 AM net.sf.freecol.common.util.LogBuilder log
INFO: Destroying: tileImprovement:4663
May 10, 2018 10:10:06 AM net.sf.freecol.common.util.LogBuilder log
INFO: Destroying: tileImprovement:4687
May 10, 2018 10:10:06 AM net.sf.freecol.common.util.LogBuilder log
INFO: Destroying: tileImprovement:4688
May 10, 2018 10:10:06 AM net.sf.freecol.common.util.LogBuilder log
INFO: Destroying: tileImprovement:4689
May 10, 2018 10:10:06 AM net.sf.freecol.common.util.LogBuilder log
INFO: Destroying: tileImprovement:4690
May 10, 2018 10:10:06 AM net.sf.freecol.common.util.LogBuilder log
INFO: Destroying: tileImprovement:4691
May 10, 2018 10:10:06 AM net.sf.freecol.common.util.LogBuilder log
INFO: Destroying: tileImprovement:4692
May 10, 2018 10:10:06 AM net.sf.freecol.common.util.LogBuilder log
INFO: Destroying: tileImprovement:4693
May 10, 2018 10:10:06 AM net.sf.freecol.common.util.LogBuilder log
INFO: Destroying: tileImprovement:4711
May 10, 2018 10:10:06 AM net.sf.freecol.common.util.LogBuilder log
INFO: Destroying: tileImprovement:4713
May 10, 2018 10:10:06 AM net.sf.freecol.common.util.LogBuilder log
INFO: Destroying: tileImprovement:4715
May 10, 2018 10:10:06 AM net.sf.freecol.common.util.LogBuilder log
INFO: Destroying: tileImprovement:4705
May 10, 2018 10:10:06 AM net.sf.freecol.common.util.LogBuilder log
INFO: Destroying: tileImprovement:4706
May 10, 2018 10:10:06 AM net.sf.freecol.common.util.LogBuilder log
INFO: Destroying: tileImprovement:4707
May 10, 2018 10:10:06 AM net.sf.freecol.common.util.LogBuilder log
INFO: Destroying: tileImprovement:4708
May 10, 2018 10:10:06 AM net.sf.freecol.common.util.LogBuilder log
INFO: Destroying: tileImprovement:4709
May 10, 2018 10:10:06 AM net.sf.freecol.common.util.LogBuilder log
INFO: Destroying: tileImprovement:4710
May 10, 2018 10:10:06 AM net.sf.freecol.common.util.LogBuilder log
INFO: Destroying: tileImprovement:4634
May 10, 2018 10:10:06 AM net.sf.freecol.common.util.LogBuilder log
INFO: Destroying: tileImprovement:4636
May 10, 2018 10:10:06 AM net.sf.freecol.common.util.LogBuilder log
INFO: Destroying: tileImprovement:4638
May 10, 2018 10:10:06 AM net.sf.freecol.common.util.LogBuilder log
INFO: Destroying: tileImprovement:4640
May 10, 2018 10:10:06 AM net.sf.freecol.common.util.LogBuilder log
INFO: Destroying: tileImprovement:4513
May 10, 2018 10:10:06 AM net.sf.freecol.common.util.LogBuilder log
INFO: Destroying: tileImprovement:4515
May 10, 2018 10:10:06 AM net.sf.freecol.common.util.LogBuilder log
INFO: Destroying: tileImprovement:4668
May 10, 2018 10:10:06 AM net.sf.freecol.common.util.LogBuilder log
INFO: Destroying: tileImprovement:4669
May 10, 2018 10:10:06 AM net.sf.freecol.common.util.LogBuilder log
INFO: Destroying: tileImprovement:4670
May 10, 2018 10:10:06 AM net.sf.freecol.common.util.LogBuilder log
INFO: Destroying: tileImprovement:4643
May 10, 2018 10:10:06 AM net.sf.freecol.common.util.LogBuilder log
INFO: Destroying: tileImprovement:4645
May 10, 2018 10:10:06 AM net.sf.freecol.common.util.LogBuilder log
INFO: Destroying: tileImprovement:4647
May 10, 2018 10:10:06 AM net.sf.freecol.common.util.LogBuilder log
INFO: Destroying: tileImprovement:4608
May 10, 2018 10:10:06 AM net.sf.freecol.common.util.LogBuilder log
INFO: Destroying: tileImprovement:4610
May 10, 2018 10:10:06 AM net.sf.freecol.common.util.LogBuilder log
INFO: Destroying: tileImprovement:4612
May 10, 2018 10:10:06 AM net.sf.freecol.common.util.LogBuilder log
INFO: Destroying: tileImprovement:4614
May 10, 2018 10:10:06 AM net.sf.freecol.common.util.LogBuilder log
INFO: Destroying: tileImprovement:4616
May 10, 2018 10:10:06 AM net.sf.freecol.common.util.LogBuilder log
INFO: Destroying: tileImprovement:4618
May 10, 2018 10:10:06 AM net.sf.freecol.common.util.LogBuilder log
INFO: Destroying: tileImprovement:4620
May 10, 2018 10:10:06 AM net.sf.freecol.common.util.LogBuilder log
INFO: Destroying: tileImprovement:4622
May 10, 2018 10:10:06 AM net.sf.freecol.common.util.LogBuilder log
INFO: Destroying: tileImprovement:4624
May 10, 2018 10:10:06 AM net.sf.freecol.common.util.LogBuilder log
INFO: Destroying: tileImprovement:4626
May 10, 2018 10:10:06 AM net.sf.freecol.common.util.LogBuilder log
INFO: Destroying: tileImprovement:4628
May 10, 2018 10:10:06 AM net.sf.freecol.common.util.LogBuilder log
INFO: Destroying: tileImprovement:4630
May 10, 2018 10:10:06 AM net.sf.freecol.common.util.LogBuilder log
INFO: Destroying: tileImprovement:4632
May 10, 2018 10:10:06 AM net.sf.freecol.common.util.LogBuilder log
INFO: Destroying: tileImprovement:4814
May 10, 2018 10:10:06 AM net.sf.freecol.common.util.LogBuilder log
INFO: Destroying: tileImprovement:4815
May 10, 2018 10:10:06 AM net.sf.freecol.common.util.LogBuilder log
INFO: Destroying: tileImprovement:4816
May 10, 2018 10:10:06 AM net.sf.freecol.common.util.LogBuilder log
INFO: Destroying: tileImprovement:4817
May 10, 2018 10:10:06 AM net.sf.freecol.common.util.LogBuilder log
INFO: Destroying: tileImprovement:4965
May 10, 2018 10:10:06 AM net.sf.freecol.common.util.LogBuilder log
INFO: Destroying: tileImprovement:4967
May 10, 2018 10:10:06 AM net.sf.freecol.common.util.LogBuilder log
INFO: Destroying: tileImprovement:4969
May 10, 2018 10:10:07 AM net.sf.freecol.common.util.LogBuilder log
INFO: Destroying: tileImprovement:4971
May 10, 2018 10:10:07 AM net.sf.freecol.common.util.LogBuilder log
INFO: Destroying: tileImprovement:4973
May 10, 2018 10:10:07 AM net.sf.freecol.common.util.LogBuilder log
INFO: Destroying: tileImprovement:4975
May 10, 2018 10:10:07 AM net.sf.freecol.common.util.LogBuilder log
INFO: Destroying: tileImprovement:4977
May 10, 2018 10:10:07 AM net.sf.freecol.common.util.LogBuilder log
INFO: Destroying: tileImprovement:4979
May 10, 2018 10:10:07 AM net.sf.freecol.common.util.LogBuilder log
INFO: Destroying: tileImprovement:4957
May 10, 2018 10:10:07 AM net.sf.freecol.common.util.LogBuilder log
INFO: Destroying: tileImprovement:4959
May 10, 2018 10:10:07 AM net.sf.freecol.common.util.LogBuilder log
INFO: Destroying: tileImprovement:4961
May 10, 2018 10:10:07 AM net.sf.freecol.common.util.LogBuilder log
INFO: Destroying: tileImprovement:4963
May 10, 2018 10:10:07 AM net.sf.freecol.common.util.LogBuilder log
INFO: Destroying: tileImprovement:5001
May 10, 2018 10:10:07 AM net.sf.freecol.common.util.LogBuilder log
INFO: Destroying: tileImprovement:5002
May 10, 2018 10:10:07 AM net.sf.freecol.common.util.LogBuilder log
INFO: Destroying: tileImprovement:5003
May 10, 2018 10:10:07 AM net.sf.freecol.common.util.LogBuilder log
INFO: Destroying: tileImprovement:5004
May 10, 2018 10:10:07 AM net.sf.freecol.common.util.LogBuilder log
INFO: Destroying: tileImprovement:5005
May 10, 2018 10:10:07 AM net.sf.freecol.common.util.LogBuilder log
INFO: Destroying: tileImprovement:5006
May 10, 2018 10:10:07 AM net.sf.freecol.common.util.LogBuilder log
INFO: Destroying: tileImprovement:5007
May 10, 2018 10:10:07 AM net.sf.freecol.common.util.LogBuilder log
INFO: Destroying: tileImprovement:5008
May 10, 2018 10:10:07 AM net.sf.freecol.common.util.LogBuilder log
INFO: Destroying: tileImprovement:4827
May 10, 2018 10:10:07 AM net.sf.freecol.common.util.LogBuilder log
INFO: Destroying: tileImprovement:4828
May 10, 2018 10:10:07 AM net.sf.freecol.common.util.LogBuilder log
INFO: Destroying: tileImprovement:4937
May 10, 2018 10:10:07 AM net.sf.freecol.common.util.LogBuilder log
INFO: Destroying: tileImprovement:4939
May 10, 2018 10:10:07 AM net.sf.freecol.common.util.LogBuilder log
INFO: Destroying: tileImprovement:4941
May 10, 2018 10:10:07 AM net.sf.freecol.common.util.LogBuilder log
INFO: Destroying: tileImprovement:4943
May 10, 2018 10:10:07 AM net.sf.freecol.common.util.LogBuilder log
INFO: Destroying: tileImprovement:4945
May 10, 2018 10:10:07 AM net.sf.freecol.common.util.LogBuilder log
INFO: Destroying: tileImprovement:4947
May 10, 2018 10:10:07 AM net.sf.freecol.common.util.LogBuilder log
INFO: Destroying: tileImprovement:4924
May 10, 2018 10:10:07 AM net.sf.freecol.common.util.LogBuilder log
INFO: Destroying: tileImprovement:4925
May 10, 2018 10:10:07 AM net.sf.freecol.common.util.LogBuilder log
INFO: Destroying: tileImprovement:4926
May 10, 2018 10:10:07 AM net.sf.freecol.common.util.LogBuilder log
INFO: Destroying: tileImprovement:4927
May 10, 2018 10:10:07 AM net.sf.freecol.common.util.LogBuilder log
INFO: Destroying: tileImprovement:4928
May 10, 2018 10:10:07 AM net.sf.freecol.common.util.LogBuilder log
INFO: Destroying: tileImprovement:4929
May 10, 2018 10:10:07 AM net.sf.freecol.common.util.LogBuilder log
INFO: Destroying: tileImprovement:4930
May 10, 2018 10:10:07 AM net.sf.freecol.common.util.LogBuilder log
INFO: Destroying: tileImprovement:4931
May 10, 2018 10:10:07 AM net.sf.freecol.common.util.LogBuilder log
INFO: Destroying: tileImprovement:4932
May 10, 2018 10:10:07 AM net.sf.freecol.common.util.LogBuilder log
INFO: Destroying: tileImprovement:4933
May 10, 2018 10:10:07 AM net.sf.freecol.common.util.LogBuilder log
INFO: Destroying: tileImprovement:4934
May 10, 2018 10:10:07 AM net.sf.freecol.common.util.LogBuilder log
INFO: Destroying: tileImprovement:4935
May 10, 2018 10:10:07 AM net.sf.freecol.common.util.LogBuilder log
INFO: Destroying: tileImprovement:4936
May 10, 2018 10:10:07 AM net.sf.freecol.common.util.LogBuilder log
INFO: Destroying: tileImprovement:4752
May 10, 2018 10:10:07 AM net.sf.freecol.common.util.LogBuilder log
INFO: Destroying: tileImprovement:4754
May 10, 2018 10:10:07 AM net.sf.freecol.common.util.LogBuilder log
INFO: Destroying: tileImprovement:4756
May 10, 2018 10:10:07 AM net.sf.freecol.common.util.LogBuilder log
INFO: Destroying: tileImprovement:5045
May 10, 2018 10:10:07 AM net.sf.freecol.common.util.LogBuilder log
INFO: Destroying: tileImprovement:5047
May 10, 2018 10:10:07 AM net.sf.freecol.common.util.LogBuilder log
INFO: Destroying: tileImprovement:5049
May 10, 2018 10:10:07 AM net.sf.freecol.common.util.LogBuilder log
INFO: Destroying: tileImprovement:4740
May 10, 2018 10:10:07 AM net.sf.freecol.common.util.LogBuilder log
INFO: Destroying: tileImprovement:4742
May 10, 2018 10:10:07 AM net.sf.freecol.common.util.LogBuilder log
INFO: Destroying: tileImprovement:4744
May 10, 2018 10:10:07 AM net.sf.freecol.common.util.LogBuilder log
INFO: Destroying: tileImprovement:5187
May 10, 2018 10:10:07 AM net.sf.freecol.common.util.LogBuilder log
INFO: Destroying: tileImprovement:5188
May 10, 2018 10:10:07 AM net.sf.freecol.common.util.LogBuilder log
INFO: Destroying: tileImprovement:5189
May 10, 2018 10:10:07 AM net.sf.freecol.common.util.LogBuilder log
INFO: Destroying: tileImprovement:5171
May 10, 2018 10:10:07 AM net.sf.freecol.common.util.LogBuilder log
INFO: Destroying: tileImprovement:5173
May 10, 2018 10:10:07 AM net.sf.freecol.common.util.LogBuilder log
INFO: Destroying: tileImprovement:5168
May 10, 2018 10:10:07 AM net.sf.freecol.common.util.LogBuilder log
INFO: Destroying: tileImprovement:5169
May 10, 2018 10:10:07 AM net.sf.freecol.common.util.LogBuilder log
INFO: Destroying: tileImprovement:5170
May 10, 2018 10:10:07 AM net.sf.freecol.common.util.LogBuilder log
INFO: Destroying: tileImprovement:4694
May 10, 2018 10:10:07 AM net.sf.freecol.common.util.LogBuilder log
INFO: Destroying: tileImprovement:4696
May 10, 2018 10:10:07 AM net.sf.freecol.common.util.LogBuilder log
INFO: Destroying: tileImprovement:4698
May 10, 2018 10:10:07 AM net.sf.freecol.common.util.LogBuilder log
INFO: Destroying: tileImprovement:4700
May 10, 2018 10:10:07 AM net.sf.freecol.common.util.LogBuilder log
INFO: Destroying: tileImprovement:4702
May 10, 2018 10:10:07 AM net.sf.freecol.common.util.LogBuilder log
INFO: Destroying: tileImprovement:5041
May 10, 2018 10:10:07 AM net.sf.freecol.common.util.LogBuilder log
INFO: Destroying: tileImprovement:5043
]]></system-err>
</testsuite>
