<?xml version="1.0" encoding="UTF-8" ?>
<testsuite errors="0" failures="0" hostname="Nicks-MacBook-Pro.local" name="net.sf.freecol.AllTests" skipped="0" tests="430" time="24.031" timestamp="2018-05-01T15:52:36">
  <properties>
    <property name="env.rvm_wrapper_name" value="" />
    <property name="file.encoding.pkg" value="sun.io" />
    <property name="env.ZSH" value="/Users/anthonyvisalli/.oh-my-zsh" />
    <property name="env.rvm_bin_path" value="/Users/anthonyvisalli/.rvm/bin" />
    <property name="java.home" value="/Library/Java/JavaVirtualMachines/jdk1.8.0_131.jdk/Contents/Home/jre" />
    <property name="env.rvm_script_name" value="" />
    <property name="env.rvm_only_path_flag" value="" />
    <property name="java.awt.headless" value="true" />
    <property name="java.endorsed.dirs" value="/Library/Java/JavaVirtualMachines/jdk1.8.0_131.jdk/Contents/Home/jre/lib/endorsed" />
    <property name="env.LOGNAME" value="anthonyvisalli" />
    <property name="freecol.packaging.dir" value="/Users/anthonyvisalli/Documents/COSC_HWs/Software Testing/Connected FreeCol/cosc442spring2018-finalproject/FreeCol-master/packaging" />
    <property name="env._system_version" value="10.12" />
    <property name="sun.os.patch.level" value="unknown" />
    <property name="test" value="AllTests" />
    <property name="java.vendor.url" value="http://java.oracle.com/" />
    <property name="env.TERM_PROGRAM_VERSION" value="3.1.6" />
    <property name="java.version" value="1.8.0_131" />
    <property name="env.rvm_docs_type" value="" />
    <property name="env._system_type" value="Darwin" />
    <property name="env.rvm_ruby_make" value="" />
    <property name="java.vendor.url.bug" value="http://bugreport.sun.com/bugreport/" />
    <property name="env.GEM_HOME" value="/Users/anthonyvisalli/.rvm/gems/ruby-2.4.1" />
    <property name="env.rvm_nightly_flag" value="" />
    <property name="ant.project.invoked-targets" value="testall" />
    <property name="env.RUBY_VERSION" value="ruby-2.4.1" />
    <property name="user.name" value="anthonyvisalli" />
    <property name="env.LANG" value="en_US.UTF-8" />
    <property name="env.rvm_gemstone_url" value="" />
    <property name="sun.io.unicode.encoding" value="UnicodeBig" />
    <property name="env.rvm_quiet_flag" value="" />
    <property name="sun.jnu.encoding" value="UTF-8" />
    <property name="java.runtime.name" value="Java(TM) SE Runtime Environment" />
    <property name="env.rvm_silent_flag" value="" />
    <property name="java.specification.name" value="Java Platform API Specification" />
    <property name="ftp.nonProxyHosts" value="local|*.local|169.254/16|*.169.254/16" />
    <property name="user.timezone" value="" />
    <property name="path.separator" value=":" />
    <property name="file.encoding" value="UTF-8" />
    <property name="ant.project.default-target" value="package" />
    <property name="env.rvm_gemstone_package_file" value="" />
    <property name="env.HOME" value="/Users/anthonyvisalli" />
    <property name="sun.java.command" value="org.apache.tools.ant.taskdefs.optional.junit.JUnitTestRunner net.sf.freecol.AllTests skipNonTests=false filtertrace=true haltOnError=false haltOnFailure=false formatter=org.apache.tools.ant.taskdefs.optional.junit.SummaryJUnitResultFormatter showoutput=false outputtoformatters=true logfailedtests=true threadid=0 logtestlistenerevents=false formatter=org.apache.tools.ant.taskdefs.optional.junit.XMLJUnitResultFormatter,/Users/anthonyvisalli/Documents/COSC_HWs/Software Testing/Connected FreeCol/cosc442spring2018-finalproject/FreeCol-master/build/report/xml/TEST-net.sf.freecol.AllTests.xml crashfile=/Users/anthonyvisalli/Documents/COSC_HWs/Software Testing/Connected FreeCol/cosc442spring2018-finalproject/FreeCol-master/junitvmwatcher5793191882973289621.properties propsfile=/Users/anthonyvisalli/Documents/COSC_HWs/Software Testing/Connected FreeCol/cosc442spring2018-finalproject/FreeCol-master/junit4215821264019774005.properties" />
    <property name="env.TERM_SESSION_ID" value="w0t0p0:B455FF15-6744-4539-9DED-71F60E55354E" />
    <property name="socksNonProxyHosts" value="local|*.local|169.254/16|*.169.254/16" />
    <property name="env.rvm_proxy" value="" />
    <property name="ant.file" value="/Users/anthonyvisalli/Documents/COSC_HWs/Software Testing/Connected FreeCol/cosc442spring2018-finalproject/FreeCol-master/build.xml" />
    <property name="env._system_name" value="OSX" />
    <property name="isOsUnixLike" value="true" />
    <property name="ant.file.FreeCol" value="/Users/anthonyvisalli/Documents/COSC_HWs/Software Testing/Connected FreeCol/cosc442spring2018-finalproject/FreeCol-master/build.xml" />
    <property name="java.io.tmpdir" value="/var/folders/xw/t1r2mfn534923d7m2pzbsd8w0000gn/T/" />
    <property name="freecol.overview.file" value="/Users/anthonyvisalli/Documents/COSC_HWs/Software Testing/Connected FreeCol/cosc442spring2018-finalproject/FreeCol-master/src/overview.html" />
    <property name="TODAY" value="May 1 2018" />
    <property name="user.language" value="en" />
    <property name="line.separator" value="&#xa;" />
    <property name="ant.file.type" value="file" />
    <property name="ant.file.type.FreeCol" value="file" />
    <property name="java.target.version" value="1.8" />
    <property name="java.vm.info" value="mixed mode" />
    <property name="java.vm.specification.name" value="Java Virtual Machine Specification" />
    <property name="freecol.release.dir" value="/Users/anthonyvisalli/Documents/COSC_HWs/Software Testing/Connected FreeCol/cosc442spring2018-finalproject/FreeCol-master/dist" />
    <property name="env.__CF_USER_TEXT_ENCODING" value="0x1F5:0x0:0x0" />
    <property name="env.COLORTERM" value="truecolor" />
    <property name="env.ITERM_PROFILE" value="Default" />
    <property name="http.nonProxyHosts" value="local|*.local|169.254/16|*.169.254/16" />
    <property name="freecol.data.dir" value="/Users/anthonyvisalli/Documents/COSC_HWs/Software Testing/Connected FreeCol/cosc442spring2018-finalproject/FreeCol-master/data" />
    <property name="env.rvm_path" value="/Users/anthonyvisalli/.rvm" />
    <property name="env.GEM_PATH" value="/Users/anthonyvisalli/.rvm/gems/ruby-2.4.1:/Users/anthonyvisalli/.rvm/gems/ruby-2.4.1@global" />
    <property name="env.LC_CTYPE" value="en_US.UTF-8" />
    <property name="java.awt.printerjob" value="sun.lwawt.macosx.CPrinterJob" />
    <property name="freecol.jar.file" value="/Users/anthonyvisalli/Documents/COSC_HWs/Software Testing/Connected FreeCol/cosc442spring2018-finalproject/FreeCol-master/FreeCol.jar" />
    <property name="ant.version" value="Apache Ant(TM) version 1.10.3 compiled on March 24 2018" />
    <property name="env.rvm_ruby_file" value="" />
    <property name="env.rvm_ruby_make_install" value="" />
    <property name="env.XPC_FLAGS" value="0x0" />
    <property name="freecol.metaserver.jar.file" value="/Users/anthonyvisalli/Documents/COSC_HWs/Software Testing/Connected FreeCol/cosc442spring2018-finalproject/FreeCol-master/FreeCol-metaserver.jar" />
    <property name="gopherProxySet" value="false" />
    <property name="miglayout-swing.jar" value="jars/miglayout-swing-4.2.jar" />
    <property name="os.name" value="Mac OS X" />
    <property name="java.specification.vendor" value="Oracle Corporation" />
    <property name="env.rvm_version" value="1.29.3 (latest)" />
    <property name="env.TERM" value="xterm-256color" />
    <property name="java.vm.name" value="Java HotSpot(TM) 64-Bit Server VM" />
    <property name="freecol.doc.dir" value="/Users/anthonyvisalli/Documents/COSC_HWs/Software Testing/Connected FreeCol/cosc442spring2018-finalproject/FreeCol-master/doc" />
    <property name="java.library.path" value="/Users/anthonyvisalli/Library/Java/Extensions:/Library/Java/Extensions:/Network/Library/Java/Extensions:/System/Library/Java/Extensions:/usr/lib/java:." />
    <property name="env.rvm_prefix" value="/Users/anthonyvisalli" />
    <property name="env.PATH" value="/Users/anthonyvisalli/.rvm/gems/ruby-2.4.1/bin:/Users/anthonyvisalli/.rvm/gems/ruby-2.4.1@global/bin:/Users/anthonyvisalli/.rvm/rubies/ruby-2.4.1/bin:/usr/local/bin:/usr/bin:/bin:/usr/sbin:/sbin:/usr/local/share/dotnet:/Library/Frameworks/Mono.framework/Versions/Current/Commands:/Applications/Wireshark.app/Contents/MacOS:/Users/anthonyvisalli/.rvm/bin" />
    <property name="ant.java.version" value="1.8" />
    <property name="basedir" value="/Users/anthonyvisalli/Documents/COSC_HWs/Software Testing/Connected FreeCol/cosc442spring2018-finalproject/FreeCol-master" />
    <property name="java.class.version" value="52.0" />
    <property name="env.SHLVL" value="2" />
    <property name="ant.home" value="/usr/local/Cellar/ant/1.10.3/libexec" />
    <property name="env.rvm_ruby_mode" value="" />
    <property name="freecol.build.dir" value="/Users/anthonyvisalli/Documents/COSC_HWs/Software Testing/Connected FreeCol/cosc442spring2018-finalproject/FreeCol-master/build" />
    <property name="env.rvm_pretty_print_flag" value="" />
    <property name="env._system_arch" value="x86_64" />
    <property name="sun.boot.library.path" value="/Library/Java/JavaVirtualMachines/jdk1.8.0_131.jdk/Contents/Home/jre/lib" />
    <property name="isOsMac" value="true" />
    <property name="sun.management.compiler" value="HotSpot 64-Bit Tiered Compilers" />
    <property name="java.awt.graphicsenv" value="sun.awt.CGraphicsEnvironment" />
    <property name="env.COLORFGBG" value="7;0" />
    <property name="env.rvm_niceness" value="" />
    <property name="env.USER" value="anthonyvisalli" />
    <property name="env.TERM_PROGRAM" value="iTerm.app" />
    <property name="env.LSCOLORS" value="Gxfxcxdxbxegedabagacad" />
    <property name="ant.project.name" value="FreeCol" />
    <property name="env.LESS" value="-R" />
    <property name="java.vm.specification.version" value="1.8" />
    <property name="freecol.name" value="freecol" />
    <property name="awt.toolkit" value="sun.lwawt.macosx.LWCToolkit" />
    <property name="env.MY_RUBY_HOME" value="/Users/anthonyvisalli/.rvm/rubies/ruby-2.4.1" />
    <property name="sun.cpu.isalist" value="" />
    <property name="java.ext.dirs" value="/Users/anthonyvisalli/Library/Java/Extensions:/Library/Java/JavaVirtualMachines/jdk1.8.0_131.jdk/Contents/Home/jre/lib/ext:/Library/Java/Extensions:/Network/Library/Java/Extensions:/System/Library/Java/Extensions:/usr/lib/java" />
    <property name="os.version" value="10.12.6" />
    <property name="env.rvm_sdk" value="" />
    <property name="user.home" value="/Users/anthonyvisalli" />
    <property name="java.vm.vendor" value="Oracle Corporation" />
    <property name="miglayout-core.jar" value="jars/miglayout-core-4.2.jar" />
    <property name="freecol.rules.dir" value="/Users/anthonyvisalli/Documents/COSC_HWs/Software Testing/Connected FreeCol/cosc442spring2018-finalproject/FreeCol-master/data/rules" />
    <property name="env.XPC_SERVICE_NAME" value="0" />
    <property name="user.dir" value="/Users/anthonyvisalli/Documents/COSC_HWs/Software Testing/Connected FreeCol/cosc442spring2018-finalproject/FreeCol-master" />
    <property name="env.PWD" value="/Users/anthonyvisalli/Documents/COSC_HWs/Software Testing/Connected FreeCol/cosc442spring2018-finalproject/FreeCol-master" />
    <property name="env.rvm_bin_flag" value="" />
    <property name="sun.cpu.endian" value="little" />
    <property name="env.PAGER" value="less" />
    <property name="env.TMPDIR" value="/var/folders/xw/t1r2mfn534923d7m2pzbsd8w0000gn/T/" />
    <property name="cli.jar" value="jars/commons-cli-1.1.jar" />
    <property name="java.vm.version" value="25.131-b11" />
    <property name="java.class.path" value="/Users/anthonyvisalli/Documents/COSC_HWs/Software Testing/Connected FreeCol/cosc442spring2018-finalproject/FreeCol-master/build:/Users/anthonyvisalli/Documents/COSC_HWs/Software Testing/Connected FreeCol/cosc442spring2018-finalproject/FreeCol-master/test/lib/junit.jar:/Users/anthonyvisalli/Documents/COSC_HWs/Software Testing/Connected FreeCol/cosc442spring2018-finalproject/FreeCol-master/jars/miglayout-swing-4.2.jar:/Users/anthonyvisalli/Documents/COSC_HWs/Software Testing/Connected FreeCol/cosc442spring2018-finalproject/FreeCol-master/jars/miglayout-core-4.2.jar:/Users/anthonyvisalli/Documents/COSC_HWs/Software Testing/Connected FreeCol/cosc442spring2018-finalproject/FreeCol-master/jars/commons-cli-1.1.jar:/Users/anthonyvisalli/Documents/COSC_HWs/Software Testing/Connected FreeCol/cosc442spring2018-finalproject/FreeCol-master/jars/cortado-0.6.0.jar:/Users/anthonyvisalli/Documents/COSC_HWs/Software Testing/Connected FreeCol/cosc442spring2018-finalproject/FreeCol-master/jars/jogg-0.0.17.jar:/Users/anthonyvisalli/Documents/COSC_HWs/Software Testing/Connected FreeCol/cosc442spring2018-finalproject/FreeCol-master/jars/jorbis-0.0.17.jar:/usr/local/Cellar/ant/1.10.3/libexec/lib/ant-launcher.jar:/usr/local/Cellar/ant/1.10.3/libexec/lib/ant.jar:/usr/local/Cellar/ant/1.10.3/libexec/lib/ant-junit.jar:/usr/local/Cellar/ant/1.10.3/libexec/lib/ant-junit4.jar" />
    <property name="DSTAMP" value="20180501" />
    <property name="ant.library.dir" value="/usr/local/Cellar/ant/1.10.3/libexec/lib" />
    <property name="os.arch" value="x86_64" />
    <property name="env.Apple_PubSub_Socket_Render" value="/private/tmp/com.apple.launchd.j94dX7Yp82/Render" />
    <property name="cortado.jar" value="jars/cortado-0.6.0.jar" />
    <property name="sun.java.launcher" value="SUN_STANDARD" />
    <property name="ant.core.lib" value="/usr/local/Cellar/ant/1.10.3/libexec/lib/ant.jar" />
    <property name="java.vm.specification.vendor" value="Oracle Corporation" />
    <property name="TSTAMP" value="1152" />
    <property name="file.separator" value="/" />
    <property name="java.runtime.version" value="1.8.0_131-b11" />
    <property name="env.SSH_AUTH_SOCK" value="/private/tmp/com.apple.launchd.d3rq6SD7kG/Listeners" />
    <property name="sun.boot.class.path" value="/Library/Java/JavaVirtualMachines/jdk1.8.0_131.jdk/Contents/Home/jre/lib/resources.jar:/Library/Java/JavaVirtualMachines/jdk1.8.0_131.jdk/Contents/Home/jre/lib/rt.jar:/Library/Java/JavaVirtualMachines/jdk1.8.0_131.jdk/Contents/Home/jre/lib/sunrsasign.jar:/Library/Java/JavaVirtualMachines/jdk1.8.0_131.jdk/Contents/Home/jre/lib/jsse.jar:/Library/Java/JavaVirtualMachines/jdk1.8.0_131.jdk/Contents/Home/jre/lib/jce.jar:/Library/Java/JavaVirtualMachines/jdk1.8.0_131.jdk/Contents/Home/jre/lib/charsets.jar:/Library/Java/JavaVirtualMachines/jdk1.8.0_131.jdk/Contents/Home/jre/lib/jfr.jar:/Library/Java/JavaVirtualMachines/jdk1.8.0_131.jdk/Contents/Home/jre/classes" />
    <property name="env.rvm_alias_expanded" value="" />
    <property name="env.rvm_ruby_bits" value="" />
    <property name="env.rvm_use_flag" value="" />
    <property name="user.country" value="US" />
    <property name="env.SHELL" value="/bin/zsh" />
    <property name="freecol.javadoc.dir" value="/Users/anthonyvisalli/Documents/COSC_HWs/Software Testing/Connected FreeCol/cosc442spring2018-finalproject/FreeCol-master/doc/javadoc" />
    <property name="env.JAVA_MAIN_CLASS_12716" value="org.apache.tools.ant.launch.Launcher" />
    <property name="env.rvm_hook" value="" />
    <property name="java.vendor" value="Oracle Corporation" />
    <property name="freecol.src.dir" value="/Users/anthonyvisalli/Documents/COSC_HWs/Software Testing/Connected FreeCol/cosc442spring2018-finalproject/FreeCol-master/src" />
    <property name="java.specification.version" value="1.8" />
    <property name="env.IRBRC" value="/Users/anthonyvisalli/.rvm/rubies/ruby-2.4.1/.irbrc" />
    <property name="sun.arch.data.model" value="64" />
    <property name="env.ITERM_SESSION_ID" value="w0t0p0:B455FF15-6744-4539-9DED-71F60E55354E" />
  </properties>
  <testcase classname="net.sf.freecol.common.i18n.CLDRTest" name="testRuleParsing" time="0.062" />
  <testcase classname="net.sf.freecol.common.i18n.CLDRTest" name="testPlurals" time="0.003" />
  <testcase classname="net.sf.freecol.common.i18n.MessagesTest" name="testReplaceArbitraryTag" time="0.03" />
  <testcase classname="net.sf.freecol.common.i18n.MessagesTest" name="testReplaceNumber" time="0.028" />
  <testcase classname="net.sf.freecol.common.i18n.MessagesTest" name="testReplaceChoicesGrammar" time="0.015" />
  <testcase classname="net.sf.freecol.common.i18n.MessagesTest" name="testMessageWithSpecialChars" time="0.013" />
  <testcase classname="net.sf.freecol.common.i18n.MessagesTest" name="testReplaceGarbage" time="0.024" />
  <testcase classname="net.sf.freecol.common.i18n.MessagesTest" name="testAbstractUnitDescription" time="0.013" />
  <testcase classname="net.sf.freecol.common.i18n.MessagesTest" name="testChangeLocaleSettings" time="0.043" />
  <testcase classname="net.sf.freecol.common.i18n.MessagesTest" name="testMessageString" time="0.016" />
  <testcase classname="net.sf.freecol.common.i18n.MessagesTest" name="testNestedChoices" time="0.008" />
  <testcase classname="net.sf.freecol.common.i18n.MessagesTest" name="testStringTemplates" time="0.132" />
  <testcase classname="net.sf.freecol.common.i18n.MessagesTest" name="testReplaceChoicesPlural" time="0.006" />
  <testcase classname="net.sf.freecol.common.i18n.MessagesTest" name="testUnitDescription" time="0.013" />
  <testcase classname="net.sf.freecol.common.i18n.MessagesTest" name="testREFMessages" time="0.013" />
  <testcase classname="net.sf.freecol.common.io.ModTest" name="testGetRuleSets" time="0.003" />
  <testcase classname="net.sf.freecol.common.io.ModTest" name="testGetAllMods" time="0.013" />
  <testcase classname="net.sf.freecol.common.option.OptionTest" name="testGameOptions" time="0.001" />
  <testcase classname="net.sf.freecol.common.option.OptionTest" name="testUnitListOption" time="0.0" />
  <testcase classname="net.sf.freecol.common.option.OptionTest" name="testInheritsEditable" time="0.0" />
  <testcase classname="net.sf.freecol.common.option.OptionTest" name="testCloneIntegerOption" time="0.0" />
  <testcase classname="net.sf.freecol.common.model.SpecificationTest" name="testExtendsDelete" time="0.063" />
  <testcase classname="net.sf.freecol.common.model.SpecificationTest" name="testLoadMods" time="0.032" />
  <testcase classname="net.sf.freecol.common.model.SpecificationTest" name="testExtends" time="0.049" />
  <testcase classname="net.sf.freecol.common.model.SpecificationTest" name="testModifiers" time="0.0" />
  <testcase classname="net.sf.freecol.common.model.SpecificationTest" name="testLoad" time="0.019" />
  <testcase classname="net.sf.freecol.common.model.SpecificationTest" name="testNationTypes" time="0.001" />
  <testcase classname="net.sf.freecol.common.model.SpecificationTest" name="testGetDefaultUnitType" time="0.001" />
  <testcase classname="net.sf.freecol.common.model.SpecificationTest" name="testGoodsTypes" time="0.0" />
  <testcase classname="net.sf.freecol.common.model.SpecificationTest" name="testFoundingFathers" time="0.0" />
  <testcase classname="net.sf.freecol.common.model.SpecificationTest" name="testRequiredAbilitiesForRoles" time="0.001" />
  <testcase classname="net.sf.freecol.common.model.SpecificationTest" name="testNations" time="0.0" />
  <testcase classname="net.sf.freecol.common.model.SpecificationTest" name="testUnitAbilities" time="0.0" />
  <testcase classname="net.sf.freecol.common.model.BaseCostDeciderTest" name="testNavalUnitMoveToTileWithSettlement" time="0.04" />
  <testcase classname="net.sf.freecol.common.model.BaseCostDeciderTest" name="testInvalidMoveThroughTileWithSettlement" time="0.008" />
  <testcase classname="net.sf.freecol.common.model.BaseCostDeciderTest" name="testGetRemainingMovesAndNewTurn" time="0.004" />
  <testcase classname="net.sf.freecol.common.model.BaseCostDeciderTest" name="testGetCostLandLand" time="0.003" />
  <testcase classname="net.sf.freecol.common.model.BaseCostDeciderTest" name="testInvalidMoveOfLandUnitToAnOceanTile" time="0.004" />
  <testcase classname="net.sf.freecol.common.model.BaseCostDeciderTest" name="testInvalidMoveOfNavalUnitToALandTile" time="0.004" />
  <testcase classname="net.sf.freecol.common.model.BuildingTest" name="testStockade" time="0.012" />
  <testcase classname="net.sf.freecol.common.model.BuildingTest" name="testCottonClothProduction" time="0.014" />
  <testcase classname="net.sf.freecol.common.model.BuildingTest" name="testPasture" time="0.013" />
  <testcase classname="net.sf.freecol.common.model.BuildingTest" name="testCanBuildNext" time="0.008" />
  <testcase classname="net.sf.freecol.common.model.BuildingTest" name="testFortRequiresMinimumPopulation" time="0.011" />
  <testcase classname="net.sf.freecol.common.model.BuildingTest" name="testUnitProduction" time="0.022" />
  <testcase classname="net.sf.freecol.common.model.BuildingTest" name="testPrintingPressBonus" time="0.014" />
  <testcase classname="net.sf.freecol.common.model.BuildingTest" name="testCanAddToBuilding" time="0.022" />
  <testcase classname="net.sf.freecol.common.model.BuildingTest" name="testToolsMusketProduction" time="0.019" />
  <testcase classname="net.sf.freecol.common.model.BuildingTest" name="testFortressRequiresMinimumPopulation" time="0.016" />
  <testcase classname="net.sf.freecol.common.model.BuildingTest" name="testSerialize" time="0.019" />
  <testcase classname="net.sf.freecol.common.model.BuildingTest" name="testTownhallProduction" time="0.014" />
  <testcase classname="net.sf.freecol.common.model.BuildingTest" name="testChurch" time="0.02" />
  <testcase classname="net.sf.freecol.common.model.BuildingTest" name="testInitialColony" time="0.005" />
  <testcase classname="net.sf.freecol.common.model.BuildingTest" name="testStockadeRequiresMinimumPopulation" time="0.007" />
  <testcase classname="net.sf.freecol.common.model.BuildingTest" name="testNewspaperBonus" time="0.008" />
  <testcase classname="net.sf.freecol.common.model.BuildingTest" name="testCanAddToSchool" time="0.012" />
  <testcase classname="net.sf.freecol.common.model.ColonyTest" name="testCopyColony" time="0.018" />
  <testcase classname="net.sf.freecol.common.model.ColonyTest" name="testFoundColony" time="0.015" />
  <testcase classname="net.sf.freecol.common.model.ColonyTest" name="testTeaParty" time="0.007" />
  <testcase classname="net.sf.freecol.common.model.ColonyTest" name="testAddUnitToColony" time="0.013" />
  <testcase classname="net.sf.freecol.common.model.ColonyTest" name="testCurrentlyBuilding" time="0.004" />
  <testcase classname="net.sf.freecol.common.model.ColonyTest" name="testBuildQueueDoesNotAcceptBuildingDoubles" time="0.004" />
  <testcase classname="net.sf.freecol.common.model.ColonyTest" name="testBuildQueueAcceptsUnitDoubles" time="0.004" />
  <testcase classname="net.sf.freecol.common.model.ColonyTest" name="testUpkeep" time="0.006" />
  <testcase classname="net.sf.freecol.common.model.ColonyTest" name="testUnderSiege" time="0.007" />
  <testcase classname="net.sf.freecol.common.model.ColonyTest" name="testOccupationWithFood" time="0.006" />
  <testcase classname="net.sf.freecol.common.model.ColonyProductionTest" name="testNoHorsesOverProduction" time="0.004" />
  <testcase classname="net.sf.freecol.common.model.ColonyProductionTest" name="testBellNetProduction" time="0.005" />
  <testcase classname="net.sf.freecol.common.model.ColonyProductionTest" name="testProductionMap" time="0.0" />
  <testcase classname="net.sf.freecol.common.model.ColonyProductionTest" name="testProductionSoldier" time="0.005" />
  <testcase classname="net.sf.freecol.common.model.ColonyProductionTest" name="testConsumers" time="0.005" />
  <testcase classname="net.sf.freecol.common.model.ColonyProductionTest" name="testProductionPioneer" time="0.004" />
  <testcase classname="net.sf.freecol.common.model.ColonyProductionTest" name="testProduction" time="0.009" />
  <testcase classname="net.sf.freecol.common.model.ColonyProductionTest" name="testGetPotentialProduction" time="0.003" />
  <testcase classname="net.sf.freecol.common.model.CombatTest" name="testCaptureConvert" time="0.366" />
  <testcase classname="net.sf.freecol.common.model.CombatTest" name="testGalleonAttackedByPrivateer" time="0.003" />
  <testcase classname="net.sf.freecol.common.model.CombatTest" name="testDefendColonyWithUnarmedColonist" time="0.005" />
  <testcase classname="net.sf.freecol.common.model.CombatTest" name="testRegulars" time="0.158" />
  <testcase classname="net.sf.freecol.common.model.CombatTest" name="testSpanishAgainstNatives" time="0.003" />
  <testcase classname="net.sf.freecol.common.model.CombatTest" name="testColonistAttackedByVeteran" time="0.001" />
  <testcase classname="net.sf.freecol.common.model.CombatTest" name="testAttackIgnoresMovementPoints" time="0.002" />
  <testcase classname="net.sf.freecol.common.model.CombatTest" name="testAttackShipWithLandUnit" time="0.003" />
  <testcase classname="net.sf.freecol.common.model.CombatTest" name="testDefendColonyWithRevere" time="0.005" />
  <testcase classname="net.sf.freecol.common.model.CombatTest" name="testDefendSettlement" time="0.003" />
  <testcase classname="net.sf.freecol.common.model.DisasterTest" name="testDisastersPresent" time="0.0" />
  <testcase classname="net.sf.freecol.common.model.EuropeTest" name="testMissionary" time="0.001" />
  <testcase classname="net.sf.freecol.common.model.FoundingFatherTest" name="testAddAllFathers" time="0.005" />
  <testcase classname="net.sf.freecol.common.model.FoundingFatherTest" name="testAvailableTo" time="0.003" />
  <testcase classname="net.sf.freecol.common.model.FoundingFatherTest" name="testFeatures" time="0.001" />
  <testcase classname="net.sf.freecol.common.model.FoundingFatherTest" name="testBellsRequired" time="0.001" />
  <testcase classname="net.sf.freecol.common.model.GameTest" name="testGame" time="0.002" />
  <testcase classname="net.sf.freecol.common.model.GameTest" name="testTurn" time="0.0" />
  <testcase classname="net.sf.freecol.common.model.GameTest" name="testAddPlayer" time="0.001" />
  <testcase classname="net.sf.freecol.common.model.GoodsTest" name="testGetTakeSpace" time="0.003" />
  <testcase classname="net.sf.freecol.common.model.GoodsTest" name="testGetInputType" time="0.0" />
  <testcase classname="net.sf.freecol.common.model.GoodsTest" name="testSetGetAmount" time="0.002" />
  <testcase classname="net.sf.freecol.common.model.GoodsTest" name="testGoodsGameLocationIntInt" time="0.004" />
  <testcase classname="net.sf.freecol.common.model.GoodsTest" name="testToString" time="0.009" />
  <testcase classname="net.sf.freecol.common.model.GoodsTest" name="testBuildingMaterials" time="0.0" />
  <testcase classname="net.sf.freecol.common.model.GoodsTest" name="testIsFarmedGoods" time="0.0" />
  <testcase classname="net.sf.freecol.common.model.GoodsTest" name="testGetName" time="0.001" />
  <testcase classname="net.sf.freecol.common.model.GoodsTest" name="testSerialize" time="0.032" />
  <testcase classname="net.sf.freecol.common.model.GoodsTest" name="testGetOutputType" time="0.0" />
  <testcase classname="net.sf.freecol.common.model.GoodsTest" name="testMilitaryGoods" time="0.0" />
  <testcase classname="net.sf.freecol.common.model.GoodsTest" name="testTradeGoods" time="0.0" />
  <testcase classname="net.sf.freecol.common.model.GoodsTest" name="testProductionChain" time="0.0" />
  <testcase classname="net.sf.freecol.common.model.GoodsTest" name="testAdjustAmount" time="0.002" />
  <testcase classname="net.sf.freecol.common.model.GoodsTest" name="testSetOwner" time="0.001" />
  <testcase classname="net.sf.freecol.common.model.GoodsContainerTest" name="testContainer" time="0.002" />
  <testcase classname="net.sf.freecol.common.model.IndianSettlementTest" name="testAutomaticEquipBraves" time="0.002" />
  <testcase classname="net.sf.freecol.common.model.IndianSettlementTest" name="testSettlementDoesNotOwnWaterTiles" time="0.002" />
  <testcase classname="net.sf.freecol.common.model.IndianSettlementTest" name="testTradeGoodsWithSetlement" time="0.002" />
  <testcase classname="net.sf.freecol.common.model.IndividualFatherTest" name="testPaine" time="0.006" />
  <testcase classname="net.sf.freecol.common.model.IndividualFatherTest" name="testBolivar" time="0.005" />
  <testcase classname="net.sf.freecol.common.model.IndividualFatherTest" name="testBrebeuf" time="0.004" />
  <testcase classname="net.sf.freecol.common.model.IndividualFatherTest" name="testStuyvesant" time="0.003" />
  <testcase classname="net.sf.freecol.common.model.IndividualFatherTest" name="testBrewster" time="0.001" />
  <testcase classname="net.sf.freecol.common.model.IndividualFatherTest" name="testCortes" time="0.005" />
  <testcase classname="net.sf.freecol.common.model.IndividualFatherTest" name="testDeWitt" time="0.001" />
  <testcase classname="net.sf.freecol.common.model.IndividualFatherTest" name="testJefferson" time="0.006" />
  <testcase classname="net.sf.freecol.common.model.IndividualFatherTest" name="testMinuit" time="0.003" />
  <testcase classname="net.sf.freecol.common.model.IndividualFatherTest" name="testRevere" time="0.002" />
  <testcase classname="net.sf.freecol.common.model.IndividualFatherTest" name="testDeLasCasas" time="0.004" />
  <testcase classname="net.sf.freecol.common.model.LimitTest" name="testSuccessionLimits" time="0.005" />
  <testcase classname="net.sf.freecol.common.model.LimitTest" name="testWagonTrainLimit" time="0.004" />
  <testcase classname="net.sf.freecol.common.model.LimitTest" name="testOperand" time="0.0" />
  <testcase classname="net.sf.freecol.common.model.LimitTest" name="testIndependenceLimits" time="0.004" />
  <testcase classname="net.sf.freecol.common.model.MapTest" name="testSearchForColony" time="0.018" />
  <testcase classname="net.sf.freecol.common.model.MapTest" name="testCopy" time="0.014" />
  <testcase classname="net.sf.freecol.common.model.MapTest" name="testNoPathAvailableDueToUnitInTheWay" time="0.002" />
  <testcase classname="net.sf.freecol.common.model.MapTest" name="testGetAllTiles" time="0.001" />
  <testcase classname="net.sf.freecol.common.model.MapTest" name="testGetSurroundingTiles" time="0.001" />
  <testcase classname="net.sf.freecol.common.model.MapTest" name="testMapGameInt" time="0.001" />
  <testcase classname="net.sf.freecol.common.model.MapTest" name="testLatitude" time="0.001" />
  <testcase classname="net.sf.freecol.common.model.MapTest" name="testRandomDirection" time="0.002" />
  <testcase classname="net.sf.freecol.common.model.MapTest" name="testShortestPathObstructed" time="0.002" />
  <testcase classname="net.sf.freecol.common.model.MapTest" name="testFindPath" time="0.073" />
  <testcase classname="net.sf.freecol.common.model.MapTest" name="testMoveThroughTileWithEnemyUnit" time="0.002" />
  <testcase classname="net.sf.freecol.common.model.MapTest" name="testNoPathAvailableDueToColonyInTheWay" time="0.004" />
  <testcase classname="net.sf.freecol.common.model.MapTest" name="testNoPathAvailableDueToCampInTheWay" time="0.003" />
  <testcase classname="net.sf.freecol.common.model.MapTest" name="testGetReverseDirection" time="0.0" />
  <testcase classname="net.sf.freecol.common.model.MarketTest" name="testSerialization" time="0.001" />
  <testcase classname="net.sf.freecol.common.model.MarketTest" name="testTransactionListeners" time="0.0" />
  <testcase classname="net.sf.freecol.common.model.MarketTest" name="testInitialMarket" time="0.0" />
  <testcase classname="net.sf.freecol.common.model.ModelMessageTest" name="testDefaultId" time="0.002" />
  <testcase classname="net.sf.freecol.common.model.ModelMessageTest" name="testHashCode" time="0.005" />
  <testcase classname="net.sf.freecol.common.model.ModelMessageTest" name="testModelMapSet2" time="0.002" />
  <testcase classname="net.sf.freecol.common.model.ModifierTest" name="testScope" time="0.001" />
  <testcase classname="net.sf.freecol.common.model.ModifierTest" name="testCombinedModifier" time="0.0" />
  <testcase classname="net.sf.freecol.common.model.ModifierTest" name="testPercentageModifier" time="0.0" />
  <testcase classname="net.sf.freecol.common.model.ModifierTest" name="testHashEquals" time="0.001" />
  <testcase classname="net.sf.freecol.common.model.ModifierTest" name="testAdditiveModifier" time="0.0" />
  <testcase classname="net.sf.freecol.common.model.ModifierTest" name="testTimeLimits" time="0.001" />
  <testcase classname="net.sf.freecol.common.model.ModifierTest" name="testCombinePercentageModifiers" time="0.0" />
  <testcase classname="net.sf.freecol.common.model.ModifierTest" name="testModifierUnknown" time="0.0" />
  <testcase classname="net.sf.freecol.common.model.ModifierTest" name="testCombineMultiplicativeModifiers" time="0.0" />
  <testcase classname="net.sf.freecol.common.model.ModifierTest" name="testMultiplicativeModifier" time="0.0" />
  <testcase classname="net.sf.freecol.common.model.ModifierTest" name="testIncrements" time="0.0" />
  <testcase classname="net.sf.freecol.common.model.ModifierTest" name="testCombineAdditiveModifiers" time="0.0" />
  <testcase classname="net.sf.freecol.common.model.MonarchTest" name="testTaxActionChoices" time="0.006" />
  <testcase classname="net.sf.freecol.common.model.MonarchTest" name="testSerialize" time="0.002" />
  <testcase classname="net.sf.freecol.common.model.MovementTest" name="testMoveAlongRoad" time="0.006" />
  <testcase classname="net.sf.freecol.common.model.MovementTest" name="testMoveAlongRiver" time="0.001" />
  <testcase classname="net.sf.freecol.common.model.MovementTest" name="testMoveFromPlainsToHills" time="0.001" />
  <testcase classname="net.sf.freecol.common.model.MovementTest" name="testMoveFromPlainsToPlains" time="0.001" />
  <testcase classname="net.sf.freecol.common.model.MovementTest" name="testScoutIndianSettlement" time="0.002" />
  <testcase classname="net.sf.freecol.common.model.MovementTest" name="testScoutColony" time="0.003" />
  <testcase classname="net.sf.freecol.common.model.NationTypeTest" name="testSettlementType" time="0.0" />
  <testcase classname="net.sf.freecol.common.model.NationTypeTest" name="testIsREF" time="0.0" />
  <testcase classname="net.sf.freecol.common.model.NationTypeTest" name="testisRef" time="0.0" />
  <testcase classname="net.sf.freecol.common.model.NationTypeTest" name="testAdvantagesThatOnlyApplyToPersons" time="0.007" />
  <testcase classname="net.sf.freecol.common.model.NationTypeTest" name="testHasType" time="0.0" />
  <testcase classname="net.sf.freecol.common.model.NationTypeTest" name="testStartingUnits" time="0.002" />
  <testcase classname="net.sf.freecol.common.model.PlayerTest" name="testAddAnotherPlayersUnit" time="0.001" />
  <testcase classname="net.sf.freecol.common.model.PlayerTest" name="testFreecolPlayers" time="0.004" />
  <testcase classname="net.sf.freecol.common.model.PlayerTest" name="testTension" time="0.001" />
  <testcase classname="net.sf.freecol.common.model.PlayerTest" name="testUnits" time="0.001" />
  <testcase classname="net.sf.freecol.common.model.PlayerTest" name="testClassicPlayers" time="0.001" />
  <testcase classname="net.sf.freecol.common.model.ProductionTypeTest" name="testOtherBuildings" time="0.0" />
  <testcase classname="net.sf.freecol.common.model.ProductionTypeTest" name="testRainForest" time="0.0" />
  <testcase classname="net.sf.freecol.common.model.ProductionTypeTest" name="testHorseProduction" time="0.001" />
  <testcase classname="net.sf.freecol.common.model.ProductionTypeTest" name="testSavannah" time="0.0" />
  <testcase classname="net.sf.freecol.common.model.ProductionTypeTest" name="testHills" time="0.0" />
  <testcase classname="net.sf.freecol.common.model.ProductionTypeTest" name="testMarsh" time="0.0" />
  <testcase classname="net.sf.freecol.common.model.ProductionTypeTest" name="testOcean" time="0.0" />
  <testcase classname="net.sf.freecol.common.model.ProductionTypeTest" name="testSwamp" time="0.0" />
  <testcase classname="net.sf.freecol.common.model.ProductionTypeTest" name="testCoatProduction" time="0.0" />
  <testcase classname="net.sf.freecol.common.model.ProductionTypeTest" name="testLake" time="0.0" />
  <testcase classname="net.sf.freecol.common.model.ProductionTypeTest" name="testHighSeas" time="0.0" />
  <testcase classname="net.sf.freecol.common.model.ProductionTypeTest" name="testPrairie" time="0.001" />
  <testcase classname="net.sf.freecol.common.model.ProductionTypeTest" name="testWetlandForest" time="0.0" />
  <testcase classname="net.sf.freecol.common.model.ProductionTypeTest" name="testGrassland" time="0.0" />
  <testcase classname="net.sf.freecol.common.model.ProductionTypeTest" name="testBroadleafForest" time="0.001" />
  <testcase classname="net.sf.freecol.common.model.ProductionTypeTest" name="testCrossProduction" time="0.0" />
  <testcase classname="net.sf.freecol.common.model.ProductionTypeTest" name="testGreatRiver" time="0.0" />
  <testcase classname="net.sf.freecol.common.model.ProductionTypeTest" name="testToolsProduction" time="0.0" />
  <testcase classname="net.sf.freecol.common.model.ProductionTypeTest" name="testMixedForest" time="0.0" />
  <testcase classname="net.sf.freecol.common.model.ProductionTypeTest" name="testBorealForest" time="0.0" />
  <testcase classname="net.sf.freecol.common.model.ProductionTypeTest" name="testBellProduction" time="0.0" />
  <testcase classname="net.sf.freecol.common.model.ProductionTypeTest" name="testClothProduction" time="0.0" />
  <testcase classname="net.sf.freecol.common.model.ProductionTypeTest" name="testMountains" time="0.0" />
  <testcase classname="net.sf.freecol.common.model.ProductionTypeTest" name="testArctic" time="0.0" />
  <testcase classname="net.sf.freecol.common.model.ProductionTypeTest" name="testConiferForest" time="0.0" />
  <testcase classname="net.sf.freecol.common.model.ProductionTypeTest" name="testDesert" time="0.0" />
  <testcase classname="net.sf.freecol.common.model.ProductionTypeTest" name="testHammerProduction" time="0.0" />
  <testcase classname="net.sf.freecol.common.model.ProductionTypeTest" name="testPlains" time="0.0" />
  <testcase classname="net.sf.freecol.common.model.ProductionTypeTest" name="testMusketProduction" time="0.0" />
  <testcase classname="net.sf.freecol.common.model.ProductionTypeTest" name="testCigarProduction" time="0.0" />
  <testcase classname="net.sf.freecol.common.model.ProductionTypeTest" name="testTundra" time="0.0" />
  <testcase classname="net.sf.freecol.common.model.ProductionTypeTest" name="testRumProduction" time="0.0" />
  <testcase classname="net.sf.freecol.common.model.ProductionTypeTest" name="testTropicalForest" time="0.0" />
  <testcase classname="net.sf.freecol.common.model.ProductionTypeTest" name="testScrubForest" time="0.0" />
  <testcase classname="net.sf.freecol.common.model.RandomRangeTest" name="testRandomRange" time="0.0" />
  <testcase classname="net.sf.freecol.common.model.RoleTest" name="testRoleComparator" time="0.0" />
  <testcase classname="net.sf.freecol.common.model.RoleTest" name="testMilitaryRoles" time="0.002" />
  <testcase classname="net.sf.freecol.common.model.RoleTest" name="testGoodsDifference" time="0.0" />
  <testcase classname="net.sf.freecol.common.model.RoleTest" name="testCompatibleRoles" time="0.0" />
  <testcase classname="net.sf.freecol.common.model.RoleTest" name="testGetRoleWithAbility" time="0.001" />
  <testcase classname="net.sf.freecol.common.model.SchoolTest" name="testEducationOption" time="0.005" />
  <testcase classname="net.sf.freecol.common.model.SchoolTest" name="testChangeTeachers" time="0.004" />
  <testcase classname="net.sf.freecol.common.model.SchoolTest" name="testUpgrades" time="0.001" />
  <testcase classname="net.sf.freecol.common.model.ScopeTest" name="testEmptyScope" time="0.0" />
  <testcase classname="net.sf.freecol.common.model.ScopeTest" name="testMethodScope" time="0.0" />
  <testcase classname="net.sf.freecol.common.model.ScopeTest" name="testCombinedScope" time="0.0" />
  <testcase classname="net.sf.freecol.common.model.ScopeTest" name="testTypeScope" time="0.0" />
  <testcase classname="net.sf.freecol.common.model.ScopeTest" name="testAbilityScope" time="0.0" />
  <testcase classname="net.sf.freecol.common.model.ScopeTest" name="testEquality" time="0.0" />
  <testcase classname="net.sf.freecol.common.model.ScopeTest" name="testMatchesNull" time="0.0" />
  <testcase classname="net.sf.freecol.common.model.ScopeTest" name="testGameObjects" time="0.001" />
  <testcase classname="net.sf.freecol.common.model.SerializationTest" name="testMapAmerica" time="0.624" />
  <testcase classname="net.sf.freecol.common.model.SerializationTest" name="testSpecification" time="0.095" />
  <testcase classname="net.sf.freecol.common.model.SerializationTest" name="testValidation" time="0.221" />
  <testcase classname="net.sf.freecol.common.model.SerializationTest" name="testStringTemplate" time="0.008" />
  <testcase classname="net.sf.freecol.common.model.SerializationTest" name="testMapAfrica" time="0.205" />
  <testcase classname="net.sf.freecol.common.model.SerializationTest" name="testMapCaribbean" time="0.093" />
  <testcase classname="net.sf.freecol.common.model.SerializationTest" name="testDifficulty" time="0.036" />
  <testcase classname="net.sf.freecol.common.model.SerializationTest" name="testGeneratedLists" time="0.04" />
  <testcase classname="net.sf.freecol.common.model.SerializationTest" name="testMapAustralia" time="0.08" />
  <testcase classname="net.sf.freecol.common.model.SettlementTest" name="testColonyClaimsWater" time="0.002" />
  <testcase classname="net.sf.freecol.common.model.SettlementTest" name="testLineOfSight" time="0.002" />
  <testcase classname="net.sf.freecol.common.model.SettlementTest" name="testSettlementRadius" time="0.004" />
  <testcase classname="net.sf.freecol.common.model.SettlementTest" name="testCanImproveUnitMilitaryRole" time="0.007" />
  <testcase classname="net.sf.freecol.common.model.SettlementTest" name="testSettlementDoesNotClaimWater" time="0.003" />
  <testcase classname="net.sf.freecol.common.model.SettlementTest" name="testColonyRadius" time="0.003" />
  <testcase classname="net.sf.freecol.common.model.SoLTest" name="testSoL" time="0.007" />
  <testcase classname="net.sf.freecol.common.model.TileImprovementTest" name="testRiverWithExtras" time="0.001" />
  <testcase classname="net.sf.freecol.common.model.TileImprovementTest" name="testRiverNoExtras" time="0.0" />
  <testcase classname="net.sf.freecol.common.model.TileImprovementTest" name="testAllFrills" time="0.0" />
  <testcase classname="net.sf.freecol.common.model.TileImprovementTest" name="testOldStyle" time="0.0" />
  <testcase classname="net.sf.freecol.common.model.TileImprovementTest" name="testEquality" time="0.0" />
  <testcase classname="net.sf.freecol.common.model.TileItemContainerTest" name="testCopyFromWithEveryThing" time="0.002" />
  <testcase classname="net.sf.freecol.common.model.TileTest" name="testTileTypeChangeProduction" time="0.0" />
  <testcase classname="net.sf.freecol.common.model.TileTest" name="testDefenceModifiers" time="0.0" />
  <testcase classname="net.sf.freecol.common.model.TileTest" name="testPrimarySecondaryGoods" time="0.003" />
  <testcase classname="net.sf.freecol.common.model.TileTest" name="testPotential" time="0.0" />
  <testcase classname="net.sf.freecol.common.model.TileTest" name="testCopy" time="0.003" />
  <testcase classname="net.sf.freecol.common.model.TileTest" name="testImprovements" time="0.001" />
  <testcase classname="net.sf.freecol.common.model.TileTest" name="testMinerals" time="0.002" />
  <testcase classname="net.sf.freecol.common.model.TileTest" name="testMaximumPotential" time="0.002" />
  <testcase classname="net.sf.freecol.common.model.TileTest" name="testIsTileTypeAllowed" time="0.0" />
  <testcase classname="net.sf.freecol.common.model.TileTest" name="testGetWorkAmount" time="0.001" />
  <testcase classname="net.sf.freecol.common.model.TileTest" name="testGetBestDisembarkTile" time="0.003" />
  <testcase classname="net.sf.freecol.common.model.TileTest" name="testColonyImprovements" time="0.001" />
  <testcase classname="net.sf.freecol.common.model.TileTest" name="testConiferForest" time="0.007" />
  <testcase classname="net.sf.freecol.common.model.TileTest" name="testProductionModifiers" time="0.005" />
  <testcase classname="net.sf.freecol.common.model.TileTest" name="testZIndex" time="0.0" />
  <testcase classname="net.sf.freecol.common.model.TradeRouteTest" name="testTradeRoute" time="0.013" />
  <testcase classname="net.sf.freecol.common.model.UnitTest" name="testIsColonist" time="0.001" />
  <testcase classname="net.sf.freecol.common.model.UnitTest" name="testElement" time="0.003" />
  <testcase classname="net.sf.freecol.common.model.UnitTest" name="testUnitLosesExperienceWithRoleChange" time="0.001" />
  <testcase classname="net.sf.freecol.common.model.UnitTest" name="testUnitAvailability" time="0.001" />
  <testcase classname="net.sf.freecol.common.model.UnitTest" name="testOwnerChange" time="0.001" />
  <testcase classname="net.sf.freecol.common.model.UnitTest" name="testIndianDies" time="0.004" />
  <testcase classname="net.sf.freecol.common.model.UnitTest" name="testGetMovesAsString" time="0.001" />
  <testcase classname="net.sf.freecol.common.model.UnitTest" name="testCopy" time="0.002" />
  <testcase classname="net.sf.freecol.common.model.UnitTest" name="testDefaultRole" time="0.0" />
  <testcase classname="net.sf.freecol.common.model.UnitTest" name="testMissionary" time="0.003" />
  <testcase classname="net.sf.freecol.common.model.UnitTest" name="testUnitCanBuildColony" time="0.001" />
  <testcase classname="net.sf.freecol.common.model.UnitTest" name="testCarrierOwnerChange" time="0.001" />
  <testcase classname="net.sf.freecol.common.model.UnitTest" name="testTreasureTransportFee" time="0.003" />
  <testcase classname="net.sf.freecol.common.model.UnitTest" name="testFailedAddGoods" time="0.002" />
  <testcase classname="net.sf.freecol.common.model.UnitTest" name="testGetLineOfSight" time="0.002" />
  <testcase classname="net.sf.freecol.common.model.UnitTest" name="testCanAdd" time="0.001" />
  <testcase classname="net.sf.freecol.common.model.UnitTest" name="testUnitLocationAfterBuildingColony" time="0.002" />
  <testcase classname="net.sf.freecol.common.model.UnitTypeChangeTest" name="testEmptyScope" time="0.001" />
  <testcase classname="net.sf.freecol.common.model.UnitTypeChangeTest" name="testCreation" time="0.001" />
  <testcase classname="net.sf.freecol.common.model.UnitTypeChangeTest" name="testAbilityScope" time="0.0" />
  <testcase classname="net.sf.freecol.common.model.UnitTypeChangeTest" name="testEquality" time="0.0" />
  <testcase classname="net.sf.freecol.common.utils.UtilsTest" name="testComparator" time="0.0" />
  <testcase classname="net.sf.freecol.common.utils.UtilsTest" name="testGetPermutations" time="0.001" />
  <testcase classname="net.sf.freecol.common.sound.SoundTest" name="testSound" time="1.725" />
  <testcase classname="net.sf.freecol.common.sound.SoundTest" name="testClassic" time="3.432" />
  <testcase classname="net.sf.freecol.server.SaveLoadTest" name="testDelayedLoading" time="0.678" />
  <testcase classname="net.sf.freecol.server.SaveLoadTest" name="testImmediateLoading" time="0.564" />
  <testcase classname="net.sf.freecol.server.SaveLoadTest" name="testImport" time="0.649" />
  <testcase classname="net.sf.freecol.server.ai.AIColonyTest" name="testBuildersAllocation" time="0.17" />
  <testcase classname="net.sf.freecol.server.ai.AIColonyTest" name="testBestDefender" time="0.047" />
  <testcase classname="net.sf.freecol.server.ai.AIColonyTest" name="testBuildersAllocNoRawMatTiles" time="0.129" />
  <testcase classname="net.sf.freecol.server.ai.AIColonyTest" name="testExpertAllocColonyHasEnoughRawMat" time="0.057" />
  <testcase classname="net.sf.freecol.server.ai.ContactTest" name="testNativeMeetsEuropean" time="0.06" />
  <testcase classname="net.sf.freecol.server.ai.ContactTest" name="testNativeMeetsColony" time="0.065" />
  <testcase classname="net.sf.freecol.server.ai.ContactTest" name="testShipMeetsShip" time="0.054" />
  <testcase classname="net.sf.freecol.server.ai.ContactTest" name="testNativeMeetsNative" time="0.065" />
  <testcase classname="net.sf.freecol.server.ai.ContactTest" name="testNativeMeetsIndianSettlement" time="0.054" />
  <testcase classname="net.sf.freecol.server.ai.ContactTest" name="testEuropeanMeetsIndianSettlement" time="0.058" />
  <testcase classname="net.sf.freecol.server.ai.ContactTest" name="testEuropeanMeetsNative" time="0.061" />
  <testcase classname="net.sf.freecol.server.ai.ColonyPlanTest" name="testGetBestWorker" time="0.058" />
  <testcase classname="net.sf.freecol.server.ai.ColonyPlanTest" name="testBestImprovements" time="0.001" />
  <testcase classname="net.sf.freecol.server.ai.ColonyPlanTest" name="testNoBuildRawMatTiles" time="0.053" />
  <testcase classname="net.sf.freecol.server.ai.ColonyPlanTest" name="testReqLumberAndHammersForBuild" time="0.059" />
  <testcase classname="net.sf.freecol.server.ai.ColonyPlanTest" name="testReqOreAndToolsWithEnoughHammersForBuild" time="0.048" />
  <testcase classname="net.sf.freecol.server.ai.MissionAssignmentTest" name="testIsTargetValidForSeekAndDestroy" time="0.058" />
  <testcase classname="net.sf.freecol.server.ai.MissionAssignmentTest" name="testImpossibleConditionsForTargetSelection" time="0.059" />
  <testcase classname="net.sf.freecol.server.ai.MissionAssignmentTest" name="testSecureIndianSettlementMissionIgnoreNavalThreat" time="0.071" />
  <testcase classname="net.sf.freecol.server.ai.MissionAssignmentTest" name="testSecureIndianSettlementMission" time="0.043" />
  <testcase classname="net.sf.freecol.server.ai.MissionAssignmentTest" name="testAssignDefendSettlementMission" time="0.051" />
  <testcase classname="net.sf.freecol.server.ai.REFTest" name="testCreateREFPlayer" time="0.05" />
  <testcase classname="net.sf.freecol.server.ai.StandardAIPlayerTest" name="testEquipBravesNotEnoughReqGoods" time="0.047" />
  <testcase classname="net.sf.freecol.server.ai.StandardAIPlayerTest" name="testEquipBraves" time="0.046" />
  <testcase classname="net.sf.freecol.server.ai.TensionTest" name="testTension" time="0.059" />
  <testcase classname="net.sf.freecol.server.ai.mission.PioneeringMissionTest" name="testImprovementNoLongerValid" time="0.049" />
  <testcase classname="net.sf.freecol.server.ai.mission.PrivateerMissionTest" name="testIsMissionValid" time="0.046" />
  <testcase classname="net.sf.freecol.server.ai.mission.ScoutingMissionTest" name="testHorsesLost" time="0.056" />
  <testcase classname="net.sf.freecol.server.ai.mission.TransportMissionTest" name="testGetNextStopAlreadyAtDestination" time="0.057" />
  <testcase classname="net.sf.freecol.server.ai.mission.TransportMissionTest" name="testGetDefaultDestination" time="0.055" />
  <testcase classname="net.sf.freecol.server.ai.mission.TransportMissionTest" name="testWagonTrain" time="0.06" />
  <testcase classname="net.sf.freecol.server.ai.mission.TransportMissionTest" name="testGetNextStopIsColony" time="0.046" />
  <testcase classname="net.sf.freecol.server.ai.mission.TransportMissionTest" name="testGetNextStopIsEurope" time="0.057" />
  <testcase classname="net.sf.freecol.server.ai.mission.TransportMissionTest" name="testTransportMissionInvalidAfterCombatLost" time="0.076" />
  <testcase classname="net.sf.freecol.server.ai.mission.UnitSeekAndDestroyMissionTest" name="testCapturedUnitsLoseMission" time="0.044" />
  <testcase classname="net.sf.freecol.server.ai.mission.UnitSeekAndDestroyMissionTest" name="testDoNotPursueUnitsInColonies" time="0.044" />
  <testcase classname="net.sf.freecol.server.control.InGameControllerTest" name="testWarDeclarationAffectsSettlementAlarm" time="0.05" />
  <testcase classname="net.sf.freecol.server.control.InGameControllerTest" name="testArtilleryDemotedBySoldier" time="0.05" />
  <testcase classname="net.sf.freecol.server.control.InGameControllerTest" name="testPeaceTreatyFromWarStance" time="0.039" />
  <testcase classname="net.sf.freecol.server.control.InGameControllerTest" name="testScoutDiesNotLosesEquipment" time="0.048" />
  <testcase classname="net.sf.freecol.server.control.InGameControllerTest" name="testDragoonDemotedByBrave" time="0.059" />
  <testcase classname="net.sf.freecol.server.control.InGameControllerTest" name="testCeaseFireTreaty" time="0.035" />
  <testcase classname="net.sf.freecol.server.control.InGameControllerTest" name="testDeclarationOfWarFromPeace" time="0.038" />
  <testcase classname="net.sf.freecol.server.control.InGameControllerTest" name="testAttackColonyWithVeteran" time="0.073" />
  <testcase classname="net.sf.freecol.server.control.InGameControllerTest" name="testDragoonDemotedBySoldier" time="0.056" />
  <testcase classname="net.sf.freecol.server.control.InGameControllerTest" name="testAddFatherUnits" time="0.041" />
  <testcase classname="net.sf.freecol.server.control.InGameControllerTest" name="testDumpGoods" time="0.05" />
  <testcase classname="net.sf.freecol.server.control.InGameControllerTest" name="testAtackedNavalUnitIsDamaged" time="0.046" />
  <testcase classname="net.sf.freecol.server.control.InGameControllerTest" name="testLaSalle" time="0.044" />
  <testcase classname="net.sf.freecol.server.control.InGameControllerTest" name="testPocahontas" time="0.048" />
  <testcase classname="net.sf.freecol.server.control.InGameControllerTest" name="testPioneerDiesNotLosesEquipment" time="0.047" />
  <testcase classname="net.sf.freecol.server.control.InGameControllerTest" name="testPromotion" time="0.064" />
  <testcase classname="net.sf.freecol.server.control.InGameControllerTest" name="testClearSpecialty" time="0.035" />
  <testcase classname="net.sf.freecol.server.control.InGameControllerTest" name="testPeaceTreatyFromCeaseFireStance" time="0.041" />
  <testcase classname="net.sf.freecol.server.control.InGameControllerTest" name="testUnitLosesExperienceWithWorkChange" time="0.042" />
  <testcase classname="net.sf.freecol.server.control.InGameControllerTest" name="testEquipIndianNotEnoughReqGoods" time="0.037" />
  <testcase classname="net.sf.freecol.server.control.InGameControllerTest" name="testCashInTreasure" time="0.032" />
  <testcase classname="net.sf.freecol.server.control.InGameControllerTest" name="testAddFatherUpgrades" time="0.041" />
  <testcase classname="net.sf.freecol.server.control.InGameControllerTest" name="testUnitTypeChangeOnEnterColony" time="0.04" />
  <testcase classname="net.sf.freecol.server.control.InGameControllerTest" name="testSoldierDemotedBySoldier" time="0.05" />
  <testcase classname="net.sf.freecol.server.control.InGameControllerTest" name="testUnarmedAttack" time="0.047" />
  <testcase classname="net.sf.freecol.server.control.InGameControllerTest" name="testCarpenterHouseNationalAdvantage" time="0.042" />
  <testcase classname="net.sf.freecol.server.control.InGameControllerTest" name="testCreateMission" time="0.049" />
  <testcase classname="net.sf.freecol.server.control.InGameControllerTest" name="testDoAssignedWorkAmateurAndHardyPioneer" time="1.553" />
  <testcase classname="net.sf.freecol.server.control.InGameControllerTest" name="testEmbark" time="0.033" />
  <testcase classname="net.sf.freecol.server.control.InGameControllerTest" name="testVeteranSoldierDemotedBySoldier" time="0.034" />
  <testcase classname="net.sf.freecol.server.control.InGameControllerTest" name="testLoseColonyDefenceWithRevere" time="0.045" />
  <testcase classname="net.sf.freecol.server.control.InGameControllerTest" name="testBuildingBonus" time="0.032" />
  <testcase classname="net.sf.freecol.server.control.InGameControllerTest" name="testColonistDemotedBySoldier" time="0.037" />
  <testcase classname="net.sf.freecol.server.control.InGameControllerTest" name="testScoutDefeatedBySoldier" time="0.027" />
  <testcase classname="net.sf.freecol.server.control.InGameControllerTest" name="testAddFatherBuildingEvent" time="0.03" />
  <testcase classname="net.sf.freecol.server.control.InGameControllerTest" name="testAttackColonyWithBrave" time="0.095" />
  <testcase classname="net.sf.freecol.server.control.InGameControllerTest" name="testEquipIndian" time="0.033" />
  <testcase classname="net.sf.freecol.server.model.ServerBuildingTest" name="testMoveTeacherOutside" time="0.042" />
  <testcase classname="net.sf.freecol.server.model.ServerBuildingTest" name="testTeacherStoresProgress" time="0.035" />
  <testcase classname="net.sf.freecol.server.model.ServerBuildingTest" name="testCaseTwoTeachersWithDifferentExp" time="0.038" />
  <testcase classname="net.sf.freecol.server.model.ServerBuildingTest" name="testMoveTeacherInside" time="0.039" />
  <testcase classname="net.sf.freecol.server.model.ServerBuildingTest" name="testConcurrentUpgrade" time="0.035" />
  <testcase classname="net.sf.freecol.server.model.ServerBuildingTest" name="testTeachingOrder" time="0.038" />
  <testcase classname="net.sf.freecol.server.model.ServerBuildingTest" name="testTeachPettyCriminalsByMaster" time="0.029" />
  <testcase classname="net.sf.freecol.server.model.ServerBuildingTest" name="testTeachingDoublePromotion" time="0.039" />
  <testcase classname="net.sf.freecol.server.model.ServerBuildingTest" name="testUniversity" time="0.043" />
  <testcase classname="net.sf.freecol.server.model.ServerBuildingTest" name="testTwoTeachersSimple" time="0.03" />
  <testcase classname="net.sf.freecol.server.model.ServerBuildingTest" name="testTrackerBug1616384" time="0.044" />
  <testcase classname="net.sf.freecol.server.model.ServerBuildingTest" name="testSingleGuyTwoTeachers2" time="0.106" />
  <testcase classname="net.sf.freecol.server.model.ServerBuildingTest" name="testCollege" time="0.034" />
  <testcase classname="net.sf.freecol.server.model.ServerBuildingTest" name="testSingleGuyTwoTeachers" time="0.041" />
  <testcase classname="net.sf.freecol.server.model.ServerBuildingTest" name="testSonsOfLiberty" time="0.046" />
  <testcase classname="net.sf.freecol.server.model.ServerBuildingTest" name="testTwoTeachersOfSameKind" time="0.046" />
  <testcase classname="net.sf.freecol.server.model.ServerBuildingTest" name="testTeachPettyCriminals" time="0.043" />
  <testcase classname="net.sf.freecol.server.model.ServerBuildingTest" name="testProductionBonus" time="0.039" />
  <testcase classname="net.sf.freecol.server.model.ServerBuildingTest" name="testPartTraining" time="0.027" />
  <testcase classname="net.sf.freecol.server.model.ServerBuildingTest" name="testExpertTeaching" time="0.037" />
  <testcase classname="net.sf.freecol.server.model.ServerBuildingTest" name="testColonialRegular" time="0.04" />
  <testcase classname="net.sf.freecol.server.model.ServerBuildingTest" name="testTeachIndenturedServants" time="0.038" />
  <testcase classname="net.sf.freecol.server.model.ServerColonyTest" name="testEqualFoodProductionConsumptionCase" time="0.031" />
  <testcase classname="net.sf.freecol.server.model.ServerColonyTest" name="testDeathByStarvation" time="0.029" />
  <testcase classname="net.sf.freecol.server.model.ServerColonyTest" name="testBuildingCompletion" time="0.036" />
  <testcase classname="net.sf.freecol.server.model.ServerColonyTest" name="testInvalidCompletion" time="0.035" />
  <testcase classname="net.sf.freecol.server.model.ServerColonyTest" name="testAvoidStarvation" time="0.031" />
  <testcase classname="net.sf.freecol.server.model.ServerColonyTest" name="testNoBuildingMaterialsProductionWhenBuildingNothing" time="0.002" />
  <testcase classname="net.sf.freecol.server.model.ServerColonyTest" name="testFoodConsumption" time="0.034" />
  <testcase classname="net.sf.freecol.server.model.ServerColonyTest" name="testLibertyAndImmigration" time="0.04" />
  <testcase classname="net.sf.freecol.server.model.ServerIndianSettlementTest" name="testHorseBreedingNoFoodAvail" time="0.032" />
  <testcase classname="net.sf.freecol.server.model.ServerIndianSettlementTest" name="testPricing" time="0.038" />
  <testcase classname="net.sf.freecol.server.model.ServerIndianSettlementTest" name="testHorseBreeding" time="0.03" />
  <testcase classname="net.sf.freecol.server.model.ServerIndianSettlementTest" name="testFoodConsumption" time="0.031" />
  <testcase classname="net.sf.freecol.server.model.ServerPlayerTest" name="testCheckNoGameOverEnoughMoney" time="0.028" />
  <testcase classname="net.sf.freecol.server.model.ServerPlayerTest" name="testCheckGameOver1600Threshold" time="0.026" />
  <testcase classname="net.sf.freecol.server.model.ServerPlayerTest" name="testCheckNoGameOverHasColonistInNewWorld" time="0.024" />
  <testcase classname="net.sf.freecol.server.model.ServerPlayerTest" name="testHasExploredTile" time="0.029" />
  <testcase classname="net.sf.freecol.server.model.ServerPlayerTest" name="testBuyingMakesPricesRaise" time="0.023" />
  <testcase classname="net.sf.freecol.server.model.ServerPlayerTest" name="testCheckGameOverUnitsGoingToEurope" time="0.025" />
  <testcase classname="net.sf.freecol.server.model.ServerPlayerTest" name="testDutchMarket" time="0.055" />
  <testcase classname="net.sf.freecol.server.model.ServerPlayerTest" name="testCheckGameOverNoUnits" time="0.024" />
  <testcase classname="net.sf.freecol.server.model.ServerPlayerTest" name="testCheckGameOverUnitsGoingToNewWorld" time="0.027" />
  <testcase classname="net.sf.freecol.server.model.ServerPlayerTest" name="testSellingMakesPricesFall" time="0.024" />
  <testcase classname="net.sf.freecol.server.model.ServerPlayerTest" name="testMarketRecovery" time="0.046" />
  <testcase classname="net.sf.freecol.server.model.ServerPlayerTest" name="testLoadInColony" time="0.025" />
  <testcase classname="net.sf.freecol.server.model.ServerPlayerTest" name="testLoadInEurope" time="0.03" />
  <testcase classname="net.sf.freecol.server.model.ServerUnitTest" name="testDoAssignedWorkHardyPioneerPlowPlain" time="0.023" />
  <testcase classname="net.sf.freecol.server.model.ServerUnitTest" name="testColonyProfitFromEnhancement" time="0.026" />
  <testcase classname="net.sf.freecol.server.model.ServerUnitTest" name="testExposeResource" time="0.027" />
  <testcase classname="net.sf.freecol.server.model.ServerUnitTest" name="testDoAssignedWorkHardyPioneerBuildRoad" time="0.024" />
  <testcase classname="net.sf.freecol.server.model.ServerUnitTest" name="testUnitPromotionWorkingInWorkTile" time="0.025" />
  <testcase classname="net.sf.freecol.server.model.ServerUnitTest" name="testUnitGetsExperienceThroughWork" time="0.023" />
  <testcase classname="net.sf.freecol.server.model.ServerUnitTest" name="testUnitLumberDelivery" time="0.031" />
  <testcase classname="net.sf.freecol.server.model.ServerUnitTest" name="testToggleHorses" time="0.026" />
  <testcase classname="net.sf.freecol.server.generator.MapGeneratorTest" name="testSinglePlayerOnSmallMap" time="0.252" />
  <testcase classname="net.sf.freecol.server.generator.MapGeneratorTest" name="testImportMap" time="0.368" />
  <testcase classname="net.sf.freecol.server.generator.MapGeneratorTest" name="testRegions" time="0.173" />
  <testcase classname="net.sf.freecol.server.generator.MapGeneratorTest" name="testWithNoIndians" time="0.119" />
  <testcase classname="net.sf.freecol.server.generator.MapGeneratorTest" name="testIndianCapital" time="0.153" />
  <testcase classname="net.sf.freecol.server.generator.MapGeneratorTest" name="testMapGenerator" time="0.141" />
  <testcase classname="net.sf.freecol.client.gui.FontTest" name="testLogicalSerif" time="0.049" />
  <system-out><![CDATA[]]></system-out>
  <system-err><![CDATA[May 01, 2018 11:52:35 AM net.sf.freecol.common.model.Specification fixRoles
INFO: Loading role backward compatibility fragment: roles-compat.xml with roles: model.role.defaultmodel.role.scoutmodel.role.soldiermodel.role.dragoonmodel.role.pioneermodel.role.missionarymodel.role.infantrymodel.role.cavalrymodel.role.mountedBravemodel.role.armedBravemodel.role.nativeDragoon
May 01, 2018 11:52:36 AM net.sf.freecol.common.model.Specification checkDifficultyOptionGroup
INFO: Check group model.difficulty.immigration
May 01, 2018 11:52:36 AM net.sf.freecol.common.model.Specification checkDifficultyOptionGroup
INFO: Check group model.difficulty.natives
May 01, 2018 11:52:36 AM net.sf.freecol.common.model.Specification checkDifficultyOptionGroup
INFO: Check group model.difficulty.monarch
May 01, 2018 11:52:36 AM net.sf.freecol.common.model.Specification checkDifficultyOptionGroup
INFO: Check group model.difficulty.government
May 01, 2018 11:52:36 AM net.sf.freecol.common.model.Specification checkDifficultyOptionGroup
INFO: Check group model.difficulty.other
May 01, 2018 11:52:36 AM net.sf.freecol.common.model.Specification checkDifficultyOptionGroup
INFO: Check group model.difficulty.cheat
May 01, 2018 11:52:36 AM net.sf.freecol.common.model.Specification checkDifficultyUnitListOption
INFO: Added difficulty unit list option: model.option.immigrants
May 01, 2018 11:52:36 AM net.sf.freecol.common.model.Specification clean
INFO: Specification clean following load from InputStream complete, starting year=1492, season year=1600, ages=[1,109,309], seasons=2, 259 FreeColGameObjectTypes, 79 Abilities, 41 BuildingTypes, 14 Disasters, 9 EuropeanNationTypes, 2 Events, 25 FoundingFathers, 21 GoodsTypes, 8 IndianNationTypes, 60 Modifiers, 25 Nations, 65 Options, 16 Option Groups, 12 ResourceTypes, 11 Roles, 23 TileTypes, 6 TileImprovementTypes, 42 UnitTypes read.
May 01, 2018 11:52:36 AM net.sf.freecol.common.model.Specification checkDifficultyOptionGroup
INFO: Check group model.difficulty.immigration
May 01, 2018 11:52:36 AM net.sf.freecol.common.model.Specification checkDifficultyOptionGroup
INFO: Check group model.difficulty.natives
May 01, 2018 11:52:36 AM net.sf.freecol.common.model.Specification checkDifficultyOptionGroup
INFO: Check group model.difficulty.monarch
May 01, 2018 11:52:36 AM net.sf.freecol.common.model.Specification checkDifficultyOptionGroup
INFO: Check group model.difficulty.government
May 01, 2018 11:52:36 AM net.sf.freecol.common.model.Specification checkDifficultyOptionGroup
INFO: Check group model.difficulty.other
May 01, 2018 11:52:36 AM net.sf.freecol.common.model.Specification checkDifficultyOptionGroup
INFO: Check group model.difficulty.cheat
May 01, 2018 11:52:36 AM net.sf.freecol.common.model.Specification applyDifficultyLevel
INFO: Applying difficulty level model.difficulty.medium
May 01, 2018 11:52:36 AM net.sf.freecol.common.model.Specification fixRoles
INFO: Loading role backward compatibility fragment: roles-compat.xml with roles: model.role.defaultmodel.role.scoutmodel.role.soldiermodel.role.dragoonmodel.role.pioneermodel.role.missionarymodel.role.infantrymodel.role.cavalrymodel.role.mountedBravemodel.role.armedBravemodel.role.nativeDragoon
May 01, 2018 11:52:36 AM net.sf.freecol.common.model.Specification checkDifficultyOptionGroup
INFO: Check group model.difficulty.immigration
May 01, 2018 11:52:36 AM net.sf.freecol.common.model.Specification checkDifficultyOptionGroup
INFO: Check group model.difficulty.natives
May 01, 2018 11:52:36 AM net.sf.freecol.common.model.Specification checkDifficultyOptionGroup
INFO: Check group model.difficulty.monarch
May 01, 2018 11:52:36 AM net.sf.freecol.common.model.Specification checkDifficultyOptionGroup
INFO: Check group model.difficulty.government
May 01, 2018 11:52:36 AM net.sf.freecol.common.model.Specification checkDifficultyOptionGroup
INFO: Check group model.difficulty.other
May 01, 2018 11:52:36 AM net.sf.freecol.common.model.Specification checkDifficultyOptionGroup
INFO: Check group model.difficulty.cheat
May 01, 2018 11:52:36 AM net.sf.freecol.common.model.Specification checkDifficultyUnitListOption
INFO: Added difficulty unit list option: model.option.immigrants
May 01, 2018 11:52:36 AM net.sf.freecol.common.model.Specification clean
INFO: Specification clean following load from InputStream complete, starting year=1492, season year=1600, ages=[1,109,309], seasons=2, 247 FreeColGameObjectTypes, 78 Abilities, 41 BuildingTypes, 14 Disasters, 5 EuropeanNationTypes, 2 Events, 25 FoundingFathers, 21 GoodsTypes, 8 IndianNationTypes, 60 Modifiers, 17 Nations, 65 Options, 16 Option Groups, 12 ResourceTypes, 11 Roles, 23 TileTypes, 6 TileImprovementTypes, 42 UnitTypes read.
May 01, 2018 11:52:36 AM net.sf.freecol.common.model.Specification checkDifficultyOptionGroup
INFO: Check group model.difficulty.immigration
May 01, 2018 11:52:36 AM net.sf.freecol.common.model.Specification checkDifficultyOptionGroup
INFO: Check group model.difficulty.natives
May 01, 2018 11:52:36 AM net.sf.freecol.common.model.Specification checkDifficultyOptionGroup
INFO: Check group model.difficulty.monarch
May 01, 2018 11:52:36 AM net.sf.freecol.common.model.Specification checkDifficultyOptionGroup
INFO: Check group model.difficulty.government
May 01, 2018 11:52:36 AM net.sf.freecol.common.model.Specification checkDifficultyOptionGroup
INFO: Check group model.difficulty.other
May 01, 2018 11:52:36 AM net.sf.freecol.common.model.Specification checkDifficultyOptionGroup
INFO: Check group model.difficulty.cheat
May 01, 2018 11:52:36 AM net.sf.freecol.common.model.Specification applyDifficultyLevel
INFO: Applying difficulty level model.difficulty.medium
May 01, 2018 11:52:41 AM net.sf.freecol.common.i18n.Messages replaceChoices
WARNING: Unknown key or untagged choice: 'west=westward|east=eastward|default=into the wind', selector was 'whatever', trying 'default' instead
May 01, 2018 11:52:41 AM net.sf.freecol.common.i18n.Messages replaceChoices
WARNING: No tag found: {{}}abc   {{xyz}}def{{123|567}}
May 01, 2018 11:52:41 AM net.sf.freecol.common.i18n.Messages replaceChoices
WARNING: No tag found: {{}}abc   {{xyz}}def{{123|567}}
May 01, 2018 11:52:41 AM net.sf.freecol.common.i18n.Messages replaceChoices
WARNING: No tag found: {{}}abc   {{xyz}}def{{123|567}}
May 01, 2018 11:52:41 AM net.sf.freecol.common.model.Specification applyDifficultyLevel
INFO: Applying difficulty level model.difficulty.medium
May 01, 2018 11:52:41 AM net.sf.freecol.common.model.Specification applyDifficultyLevel
INFO: Applying difficulty level model.difficulty.medium
May 01, 2018 11:52:41 AM net.sf.freecol.common.util.LogBuilder log
INFO: In data/mods found mod: bryce classic_ui convertUpgrade daySeasons example fourSeasons hutzli markovoss misiulo monthSeasons plantForest weekSeasons
May 01, 2018 11:52:41 AM net.sf.freecol.common.model.Specification fixRoles
INFO: Loading role backward compatibility fragment: roles-compat.xml with roles: model.role.defaultmodel.role.scoutmodel.role.soldiermodel.role.dragoonmodel.role.pioneermodel.role.missionarymodel.role.infantrymodel.role.cavalrymodel.role.mountedBravemodel.role.armedBravemodel.role.nativeDragoon
May 01, 2018 11:52:41 AM net.sf.freecol.common.model.Specification checkDifficultyOptionGroup
INFO: Check group model.difficulty.immigration
May 01, 2018 11:52:41 AM net.sf.freecol.common.model.Specification checkDifficultyOptionGroup
INFO: Check group model.difficulty.natives
May 01, 2018 11:52:41 AM net.sf.freecol.common.model.Specification checkDifficultyOptionGroup
INFO: Check group model.difficulty.monarch
May 01, 2018 11:52:41 AM net.sf.freecol.common.model.Specification checkDifficultyOptionGroup
INFO: Check group model.difficulty.government
May 01, 2018 11:52:41 AM net.sf.freecol.common.model.Specification checkDifficultyOptionGroup
INFO: Check group model.difficulty.other
May 01, 2018 11:52:41 AM net.sf.freecol.common.model.Specification checkDifficultyOptionGroup
INFO: Check group model.difficulty.cheat
May 01, 2018 11:52:41 AM net.sf.freecol.common.model.Specification checkDifficultyUnitListOption
INFO: Added difficulty unit list option: model.option.immigrants
May 01, 2018 11:52:41 AM net.sf.freecol.common.model.Specification clean
INFO: Specification clean following load from InputStream complete, starting year=1492, season year=1600, ages=[1,109,309], seasons=2, 258 FreeColGameObjectTypes, 79 Abilities, 41 BuildingTypes, 14 Disasters, 9 EuropeanNationTypes, 2 Events, 25 FoundingFathers, 21 GoodsTypes, 8 IndianNationTypes, 60 Modifiers, 25 Nations, 65 Options, 16 Option Groups, 12 ResourceTypes, 11 Roles, 23 TileTypes, 6 TileImprovementTypes, 41 UnitTypes read.
May 01, 2018 11:52:41 AM net.sf.freecol.common.model.Specification fixRoles
INFO: Loading role backward compatibility fragment: roles-compat.xml with roles: model.role.defaultmodel.role.scoutmodel.role.soldiermodel.role.dragoonmodel.role.pioneermodel.role.missionarymodel.role.infantrymodel.role.cavalrymodel.role.mountedBravemodel.role.armedBravemodel.role.nativeDragoon
May 01, 2018 11:52:41 AM net.sf.freecol.common.model.Specification checkDifficultyOptionGroup
INFO: Check group model.difficulty.immigration
May 01, 2018 11:52:41 AM net.sf.freecol.common.model.Specification checkDifficultyOptionGroup
INFO: Check group model.difficulty.natives
May 01, 2018 11:52:41 AM net.sf.freecol.common.model.Specification checkDifficultyOptionGroup
INFO: Check group model.difficulty.monarch
May 01, 2018 11:52:41 AM net.sf.freecol.common.model.Specification checkDifficultyOptionGroup
INFO: Check group model.difficulty.government
May 01, 2018 11:52:41 AM net.sf.freecol.common.model.Specification checkDifficultyOptionGroup
INFO: Check group model.difficulty.other
May 01, 2018 11:52:41 AM net.sf.freecol.common.model.Specification checkDifficultyOptionGroup
INFO: Check group model.difficulty.cheat
May 01, 2018 11:52:41 AM net.sf.freecol.common.model.Specification checkDifficultyUnitListOption
INFO: Added difficulty unit list option: model.option.immigrants
May 01, 2018 11:52:41 AM net.sf.freecol.common.model.Specification clean
INFO: Specification clean following load from InputStream complete, starting year=1492, season year=1600, ages=[1,109,309], seasons=2, 259 FreeColGameObjectTypes, 79 Abilities, 41 BuildingTypes, 14 Disasters, 9 EuropeanNationTypes, 2 Events, 25 FoundingFathers, 21 GoodsTypes, 8 IndianNationTypes, 60 Modifiers, 25 Nations, 65 Options, 16 Option Groups, 12 ResourceTypes, 11 Roles, 23 TileTypes, 6 TileImprovementTypes, 42 UnitTypes read.
May 01, 2018 11:52:41 AM net.sf.freecol.common.model.Specification fixRoles
INFO: Loading role backward compatibility fragment: roles-compat.xml with roles: model.role.defaultmodel.role.scoutmodel.role.soldiermodel.role.dragoonmodel.role.pioneermodel.role.missionarymodel.role.infantrymodel.role.cavalrymodel.role.mountedBravemodel.role.armedBravemodel.role.nativeDragoon
May 01, 2018 11:52:41 AM net.sf.freecol.common.model.Specification checkDifficultyOptionGroup
INFO: Check group model.difficulty.immigration
May 01, 2018 11:52:41 AM net.sf.freecol.common.model.Specification checkDifficultyOptionGroup
INFO: Check group model.difficulty.natives
May 01, 2018 11:52:41 AM net.sf.freecol.common.model.Specification checkDifficultyOptionGroup
INFO: Check group model.difficulty.monarch
May 01, 2018 11:52:41 AM net.sf.freecol.common.model.Specification checkDifficultyOptionGroup
INFO: Check group model.difficulty.government
May 01, 2018 11:52:41 AM net.sf.freecol.common.model.Specification checkDifficultyOptionGroup
INFO: Check group model.difficulty.other
May 01, 2018 11:52:41 AM net.sf.freecol.common.model.Specification checkDifficultyOptionGroup
INFO: Check group model.difficulty.cheat
May 01, 2018 11:52:41 AM net.sf.freecol.common.model.Specification checkDifficultyUnitListOption
INFO: Added difficulty unit list option: model.option.immigrants
May 01, 2018 11:52:41 AM net.sf.freecol.common.model.Specification clean
INFO: Specification clean following load from InputStream complete, starting year=1492, season year=1600, ages=[1,109,309], seasons=2, 259 FreeColGameObjectTypes, 79 Abilities, 41 BuildingTypes, 14 Disasters, 9 EuropeanNationTypes, 2 Events, 25 FoundingFathers, 21 GoodsTypes, 8 IndianNationTypes, 60 Modifiers, 25 Nations, 65 Options, 16 Option Groups, 12 ResourceTypes, 11 Roles, 23 TileTypes, 6 TileImprovementTypes, 42 UnitTypes read.
May 01, 2018 11:52:41 AM net.sf.freecol.common.model.Specification loadMods
INFO: Loaded mod example
May 01, 2018 11:52:41 AM net.sf.freecol.common.model.Specification clean
INFO: Specification clean following mod loading complete, starting year=1492, season year=1600, ages=[1,109,309], seasons=2, 260 FreeColGameObjectTypes, 79 Abilities, 41 BuildingTypes, 14 Disasters, 9 EuropeanNationTypes, 2 Events, 25 FoundingFathers, 21 GoodsTypes, 8 IndianNationTypes, 60 Modifiers, 25 Nations, 65 Options, 16 Option Groups, 12 ResourceTypes, 11 Roles, 23 TileTypes, 6 TileImprovementTypes, 43 UnitTypes read.
May 01, 2018 11:52:41 AM net.sf.freecol.common.model.Specification fixRoles
INFO: Loading role backward compatibility fragment: roles-compat.xml with roles: model.role.defaultmodel.role.scoutmodel.role.soldiermodel.role.dragoonmodel.role.pioneermodel.role.missionarymodel.role.infantrymodel.role.cavalrymodel.role.mountedBravemodel.role.armedBravemodel.role.nativeDragoon
May 01, 2018 11:52:42 AM net.sf.freecol.common.model.Specification checkDifficultyOptionGroup
INFO: Check group model.difficulty.immigration
May 01, 2018 11:52:42 AM net.sf.freecol.common.model.Specification checkDifficultyOptionGroup
INFO: Check group model.difficulty.natives
May 01, 2018 11:52:42 AM net.sf.freecol.common.model.Specification checkDifficultyOptionGroup
INFO: Check group model.difficulty.monarch
May 01, 2018 11:52:42 AM net.sf.freecol.common.model.Specification checkDifficultyOptionGroup
INFO: Check group model.difficulty.government
May 01, 2018 11:52:42 AM net.sf.freecol.common.model.Specification checkDifficultyOptionGroup
INFO: Check group model.difficulty.other
May 01, 2018 11:52:42 AM net.sf.freecol.common.model.Specification checkDifficultyOptionGroup
INFO: Check group model.difficulty.cheat
May 01, 2018 11:52:42 AM net.sf.freecol.common.model.Specification checkDifficultyUnitListOption
INFO: Added difficulty unit list option: model.option.immigrants
May 01, 2018 11:52:42 AM net.sf.freecol.common.model.Specification clean
INFO: Specification clean following load from InputStream complete, starting year=1492, season year=1600, ages=[1,109,309], seasons=2, 260 FreeColGameObjectTypes, 79 Abilities, 41 BuildingTypes, 14 Disasters, 9 EuropeanNationTypes, 2 Events, 25 FoundingFathers, 21 GoodsTypes, 8 IndianNationTypes, 60 Modifiers, 25 Nations, 65 Options, 16 Option Groups, 12 ResourceTypes, 11 Roles, 23 TileTypes, 6 TileImprovementTypes, 43 UnitTypes read.
May 01, 2018 11:52:42 AM net.sf.freecol.common.model.Specification fixRoles
INFO: Loading role backward compatibility fragment: roles-compat.xml with roles: model.role.defaultmodel.role.scoutmodel.role.soldiermodel.role.dragoonmodel.role.pioneermodel.role.missionarymodel.role.infantrymodel.role.cavalrymodel.role.mountedBravemodel.role.armedBravemodel.role.nativeDragoon
May 01, 2018 11:52:42 AM net.sf.freecol.common.model.Specification checkDifficultyOptionGroup
INFO: Check group model.difficulty.immigration
May 01, 2018 11:52:42 AM net.sf.freecol.common.model.Specification checkDifficultyOptionGroup
INFO: Check group model.difficulty.natives
May 01, 2018 11:52:42 AM net.sf.freecol.common.model.Specification checkDifficultyOptionGroup
INFO: Check group model.difficulty.monarch
May 01, 2018 11:52:42 AM net.sf.freecol.common.model.Specification checkDifficultyOptionGroup
INFO: Check group model.difficulty.government
May 01, 2018 11:52:42 AM net.sf.freecol.common.model.Specification checkDifficultyOptionGroup
INFO: Check group model.difficulty.other
May 01, 2018 11:52:42 AM net.sf.freecol.common.model.Specification checkDifficultyOptionGroup
INFO: Check group model.difficulty.cheat
May 01, 2018 11:52:42 AM net.sf.freecol.common.model.Specification checkDifficultyUnitListOption
INFO: Added difficulty unit list option: model.option.immigrants
May 01, 2018 11:52:42 AM net.sf.freecol.common.model.Specification clean
INFO: Specification clean following load from InputStream complete, starting year=1492, season year=1600, ages=[1,109,309], seasons=2, 259 FreeColGameObjectTypes, 79 Abilities, 41 BuildingTypes, 14 Disasters, 9 EuropeanNationTypes, 2 Events, 25 FoundingFathers, 21 GoodsTypes, 8 IndianNationTypes, 60 Modifiers, 25 Nations, 65 Options, 16 Option Groups, 12 ResourceTypes, 11 Roles, 23 TileTypes, 6 TileImprovementTypes, 42 UnitTypes read.
May 01, 2018 11:52:42 AM net.sf.freecol.common.model.Specification fixRoles
INFO: Loading role backward compatibility fragment: roles-compat.xml with roles: model.role.defaultmodel.role.scoutmodel.role.soldiermodel.role.dragoonmodel.role.pioneermodel.role.missionarymodel.role.infantrymodel.role.cavalrymodel.role.mountedBravemodel.role.armedBravemodel.role.nativeDragoon
May 01, 2018 11:52:42 AM net.sf.freecol.common.model.Specification checkDifficultyOptionGroup
INFO: Check group model.difficulty.immigration
May 01, 2018 11:52:42 AM net.sf.freecol.common.model.Specification checkDifficultyOptionGroup
INFO: Check group model.difficulty.natives
May 01, 2018 11:52:42 AM net.sf.freecol.common.model.Specification checkDifficultyOptionGroup
INFO: Check group model.difficulty.monarch
May 01, 2018 11:52:42 AM net.sf.freecol.common.model.Specification checkDifficultyOptionGroup
INFO: Check group model.difficulty.government
May 01, 2018 11:52:42 AM net.sf.freecol.common.model.Specification checkDifficultyOptionGroup
INFO: Check group model.difficulty.other
May 01, 2018 11:52:42 AM net.sf.freecol.common.model.Specification checkDifficultyOptionGroup
INFO: Check group model.difficulty.cheat
May 01, 2018 11:52:42 AM net.sf.freecol.common.model.Specification checkDifficultyUnitListOption
INFO: Added difficulty unit list option: model.option.immigrants
May 01, 2018 11:52:42 AM net.sf.freecol.common.model.Specification clean
INFO: Specification clean following load from InputStream complete, starting year=1492, season year=1600, ages=[1,109,309], seasons=2, 259 FreeColGameObjectTypes, 79 Abilities, 41 BuildingTypes, 14 Disasters, 9 EuropeanNationTypes, 2 Events, 25 FoundingFathers, 21 GoodsTypes, 8 IndianNationTypes, 60 Modifiers, 25 Nations, 65 Options, 16 Option Groups, 12 ResourceTypes, 11 Roles, 23 TileTypes, 6 TileImprovementTypes, 42 UnitTypes read.
May 01, 2018 11:52:42 AM net.sf.freecol.common.model.Specification applyDifficultyLevel
INFO: Applying difficulty level model.difficulty.medium
May 01, 2018 11:52:42 AM net.sf.freecol.common.model.Specification applyDifficultyLevel
INFO: Applying difficulty level model.difficulty.medium
May 01, 2018 11:52:42 AM net.sf.freecol.common.model.Specification applyDifficultyLevel
INFO: Applying difficulty level model.difficulty.medium
May 01, 2018 11:52:42 AM net.sf.freecol.common.model.Specification applyDifficultyLevel
INFO: Applying difficulty level model.difficulty.medium
May 01, 2018 11:52:42 AM net.sf.freecol.common.model.Specification applyDifficultyLevel
INFO: Applying difficulty level model.difficulty.medium
May 01, 2018 11:52:42 AM net.sf.freecol.common.model.Specification applyDifficultyLevel
INFO: Applying difficulty level model.difficulty.medium
May 01, 2018 11:52:42 AM net.sf.freecol.common.model.Specification applyDifficultyLevel
INFO: Applying difficulty level model.difficulty.medium
May 01, 2018 11:52:42 AM net.sf.freecol.common.model.Specification applyDifficultyLevel
INFO: Applying difficulty level model.difficulty.medium
May 01, 2018 11:52:42 AM net.sf.freecol.common.model.Specification applyDifficultyLevel
INFO: Applying difficulty level model.difficulty.medium
May 01, 2018 11:52:42 AM net.sf.freecol.common.model.Specification applyDifficultyLevel
INFO: Applying difficulty level model.difficulty.medium
May 01, 2018 11:52:42 AM net.sf.freecol.common.model.Specification applyDifficultyLevel
INFO: Applying difficulty level model.difficulty.medium
May 01, 2018 11:52:42 AM net.sf.freecol.common.model.Unit setLocation
WARNING: Can not add [unit:798 dutch indianConvert 0/1] to building:794
May 01, 2018 11:52:42 AM net.sf.freecol.common.model.Unit setLocation
WARNING: Can not add [unit:798 dutch indianConvert 0/1] to building:795
May 01, 2018 11:52:42 AM net.sf.freecol.common.model.Unit setLocation
WARNING: Can not add [unit:798 dutch indianConvert 0/1] to building:793
May 01, 2018 11:52:42 AM net.sf.freecol.common.model.Specification applyDifficultyLevel
INFO: Applying difficulty level model.difficulty.medium
May 01, 2018 11:52:42 AM net.sf.freecol.common.model.Specification applyDifficultyLevel
INFO: Applying difficulty level model.difficulty.medium
May 01, 2018 11:52:42 AM net.sf.freecol.common.model.Specification applyDifficultyLevel
INFO: Applying difficulty level model.difficulty.medium
May 01, 2018 11:52:42 AM net.sf.freecol.common.model.Specification applyDifficultyLevel
INFO: Applying difficulty level model.difficulty.medium
May 01, 2018 11:52:42 AM net.sf.freecol.common.model.Specification applyDifficultyLevel
INFO: Applying difficulty level model.difficulty.medium
May 01, 2018 11:52:42 AM net.sf.freecol.common.model.Specification applyDifficultyLevel
INFO: Applying difficulty level model.difficulty.medium
May 01, 2018 11:52:42 AM net.sf.freecol.common.model.Specification applyDifficultyLevel
INFO: Applying difficulty level model.difficulty.medium
May 01, 2018 11:52:42 AM net.sf.freecol.common.model.Specification applyDifficultyLevel
INFO: Applying difficulty level model.difficulty.medium
May 01, 2018 11:52:42 AM net.sf.freecol.common.model.Specification applyDifficultyLevel
INFO: Applying difficulty level model.difficulty.medium
May 01, 2018 11:52:42 AM net.sf.freecol.common.model.Specification applyDifficultyLevel
INFO: Applying difficulty level model.difficulty.medium
May 01, 2018 11:52:42 AM net.sf.freecol.common.model.Specification applyDifficultyLevel
INFO: Applying difficulty level model.difficulty.medium
May 01, 2018 11:52:42 AM net.sf.freecol.common.model.Specification applyDifficultyLevel
INFO: Applying difficulty level model.difficulty.medium
May 01, 2018 11:52:42 AM net.sf.freecol.common.model.Specification applyDifficultyLevel
INFO: Applying difficulty level model.difficulty.medium
May 01, 2018 11:52:42 AM net.sf.freecol.common.model.Specification applyDifficultyLevel
INFO: Applying difficulty level model.difficulty.medium
May 01, 2018 11:52:42 AM net.sf.freecol.common.model.Specification applyDifficultyLevel
INFO: Applying difficulty level model.difficulty.medium
May 01, 2018 11:52:42 AM net.sf.freecol.common.model.Specification applyDifficultyLevel
INFO: Applying difficulty level model.difficulty.medium
May 01, 2018 11:52:42 AM net.sf.freecol.common.model.Specification applyDifficultyLevel
INFO: Applying difficulty level model.difficulty.medium
May 01, 2018 11:52:42 AM net.sf.freecol.common.model.Specification applyDifficultyLevel
INFO: Applying difficulty level model.difficulty.medium
May 01, 2018 11:52:42 AM net.sf.freecol.common.model.Specification applyDifficultyLevel
INFO: Applying difficulty level model.difficulty.medium
May 01, 2018 11:52:42 AM net.sf.freecol.common.model.Specification applyDifficultyLevel
INFO: Applying difficulty level model.difficulty.medium
May 01, 2018 11:52:42 AM net.sf.freecol.common.model.Specification applyDifficultyLevel
INFO: Applying difficulty level model.difficulty.medium
May 01, 2018 11:52:42 AM net.sf.freecol.common.model.Specification applyDifficultyLevel
INFO: Applying difficulty level model.difficulty.medium
May 01, 2018 11:52:42 AM net.sf.freecol.common.model.Specification applyDifficultyLevel
INFO: Applying difficulty level model.difficulty.medium
May 01, 2018 11:52:42 AM net.sf.freecol.common.model.Specification applyDifficultyLevel
INFO: Applying difficulty level model.difficulty.medium
May 01, 2018 11:52:42 AM net.sf.freecol.common.model.Specification applyDifficultyLevel
INFO: Applying difficulty level model.difficulty.medium
May 01, 2018 11:52:42 AM net.sf.freecol.common.model.Specification applyDifficultyLevel
INFO: Applying difficulty level model.difficulty.medium
May 01, 2018 11:52:42 AM net.sf.freecol.common.model.Specification applyDifficultyLevel
INFO: Applying difficulty level model.difficulty.medium
May 01, 2018 11:52:42 AM net.sf.freecol.common.model.Specification applyDifficultyLevel
INFO: Applying difficulty level model.difficulty.medium
May 01, 2018 11:52:42 AM net.sf.freecol.common.model.Specification applyDifficultyLevel
INFO: Applying difficulty level model.difficulty.medium
May 01, 2018 11:52:42 AM net.sf.freecol.common.FreeColSeed getFreeColSeed
INFO: Using seed: -6708861836546209144
May 01, 2018 11:52:42 AM net.sf.freecol.server.networking.Server sendToAll
INFO: Reap dead connection: [DummyConnection Server connection - model.nation.iroquois]
May 01, 2018 11:52:42 AM net.sf.freecol.server.networking.Server sendToAll
INFO: Reap dead connection: [DummyConnection Server connection - model.nation.arawak]
May 01, 2018 11:52:42 AM net.sf.freecol.server.networking.Server sendToAll
INFO: Reap dead connection: [DummyConnection Server connection - model.nation.dutch]
May 01, 2018 11:52:42 AM net.sf.freecol.server.networking.Server sendToAll
INFO: Reap dead connection: [DummyConnection Server connection - model.nation.aztec]
May 01, 2018 11:52:42 AM net.sf.freecol.server.networking.Server sendToAll
INFO: Reap dead connection: [DummyConnection Server connection - model.nation.sioux]
May 01, 2018 11:52:42 AM net.sf.freecol.server.networking.Server sendToAll
INFO: Reap dead connection: [DummyConnection Server connection - model.nation.apache]
May 01, 2018 11:52:42 AM net.sf.freecol.server.networking.Server sendToAll
INFO: Reap dead connection: [DummyConnection Server connection - model.nation.cherokee]
May 01, 2018 11:52:42 AM net.sf.freecol.server.networking.Server sendToAll
INFO: Reap dead connection: [DummyConnection Server connection - model.nation.inca]
May 01, 2018 11:52:42 AM net.sf.freecol.server.networking.Server sendToAll
INFO: Reap dead connection: [DummyConnection Server connection - model.nation.spanish]
May 01, 2018 11:52:42 AM net.sf.freecol.server.networking.Server sendToAll
INFO: Reap dead connection: [DummyConnection Server connection - model.nation.tupi]
May 01, 2018 11:52:42 AM net.sf.freecol.server.networking.Server sendToAll
INFO: Reap dead connection: [DummyConnection Server connection - model.nation.english]
May 01, 2018 11:52:42 AM net.sf.freecol.server.networking.Server sendToAll
INFO: Reap dead connection: [DummyConnection Server connection - model.nation.french]
May 01, 2018 11:52:42 AM net.sf.freecol.common.util.LogBuilder log
INFO: Combat attacker=unit:268-veteranSoldier-soldier [Modifier model.modifier.offence (model.source.baseOffence) ADDITIVE 0.0 index=10] [Modifier model.modifier.offence (model.role.soldier) ADDITIVE 2.0 index=30] [Modifier model.modifier.offence (model.unit.veteranSoldier) PERCENTAGE 50.0 index=40] [Modifier model.modifier.attackBonus (model.source.attackBonus) PERCENTAGE 50.0 index=50] = 4.5 defender=unit:250-brave [Modifier model.modifier.defence (model.source.baseDefence) ADDITIVE 1.0 index=10] [Modifier model.modifier.defence (model.settlement.inca.capital) PERCENTAGE 200.0 index=50] = 3.0 odds=0.6 random(1.0)=0.0 great=true Attack WIN SLAUGHTER_UNIT CAPTURE_CONVERT
May 01, 2018 11:52:42 AM net.sf.freecol.common.util.LogBuilder log
INFO: Destroying: goodsContainer:251 unit:250
May 01, 2018 11:52:42 AM net.sf.freecol.common.model.Specification applyDifficultyLevel
INFO: Applying difficulty level model.difficulty.medium
May 01, 2018 11:52:42 AM net.sf.freecol.common.model.Specification applyDifficultyLevel
INFO: Applying difficulty level model.difficulty.medium
May 01, 2018 11:52:42 AM net.sf.freecol.common.model.Specification applyDifficultyLevel
INFO: Applying difficulty level model.difficulty.medium
May 01, 2018 11:52:42 AM net.sf.freecol.common.FreeColSeed getFreeColSeed
INFO: Using seed: 7250977884702059975
May 01, 2018 11:52:43 AM net.sf.freecol.server.networking.Server sendToAll
INFO: Reap dead connection: [DummyConnection Server connection - model.nation.cherokee]
May 01, 2018 11:52:43 AM net.sf.freecol.server.networking.Server sendToAll
INFO: Reap dead connection: [DummyConnection Server connection - model.nation.tupi]
May 01, 2018 11:52:43 AM net.sf.freecol.server.networking.Server sendToAll
INFO: Reap dead connection: [DummyConnection Server connection - model.nation.dutch]
May 01, 2018 11:52:43 AM net.sf.freecol.server.networking.Server sendToAll
INFO: Reap dead connection: [DummyConnection Server connection - model.nation.english]
May 01, 2018 11:52:43 AM net.sf.freecol.server.networking.Server sendToAll
INFO: Reap dead connection: [DummyConnection Server connection - model.nation.apache]
May 01, 2018 11:52:43 AM net.sf.freecol.server.networking.Server sendToAll
INFO: Reap dead connection: [DummyConnection Server connection - model.nation.inca]
May 01, 2018 11:52:43 AM net.sf.freecol.server.networking.Server sendToAll
INFO: Reap dead connection: [DummyConnection Server connection - model.nation.iroquois]
May 01, 2018 11:52:43 AM net.sf.freecol.server.networking.Server sendToAll
INFO: Reap dead connection: [DummyConnection Server connection - model.nation.aztec]
May 01, 2018 11:52:43 AM net.sf.freecol.server.networking.Server sendToAll
INFO: Reap dead connection: [DummyConnection Server connection - model.nation.spanish]
May 01, 2018 11:52:43 AM net.sf.freecol.server.networking.Server sendToAll
INFO: Reap dead connection: [DummyConnection Server connection - model.nation.french]
May 01, 2018 11:52:43 AM net.sf.freecol.server.networking.Server sendToAll
INFO: Reap dead connection: [DummyConnection Server connection - model.nation.arawak]
May 01, 2018 11:52:43 AM net.sf.freecol.server.networking.Server sendToAll
INFO: Reap dead connection: [DummyConnection Server connection - model.nation.sioux]
May 01, 2018 11:52:43 AM net.sf.freecol.common.util.LogBuilder log
INFO: Combat attacker=unit:347-kingsRegular-cavalry [Modifier model.modifier.offence (model.source.baseOffence) ADDITIVE 0.0 index=10] [Modifier model.modifier.offence (model.unit.kingsRegular) ADDITIVE 4.0 index=20] [Modifier model.modifier.offence (model.role.cavalry) ADDITIVE 3.0 index=30] [Modifier model.modifier.attackBonus (model.source.attackBonus) PERCENTAGE 50.0 index=50] = 10.5 defender=unit:348-colonialRegular-dragoon [Modifier model.modifier.defence (model.source.baseDefence) ADDITIVE 1.0 index=10] [Modifier model.modifier.defence (model.unit.colonialRegular) ADDITIVE 3.0 index=20] [Modifier model.modifier.defence (model.role.dragoon) ADDITIVE 2.0 index=30] = 6.0 odds=0.6363636363636364 random(1.0)=0.8500000238418579 great=false Attack LOSE LOSE_EQUIP
May 01, 2018 11:52:43 AM net.sf.freecol.server.model.ServerPlayer csChangeStance
INFO: Stance modification Louis XV PEACE -> WAR wrt Louis XIV
May 01, 2018 11:52:43 AM net.sf.freecol.server.model.ServerPlayer csChangeStance
INFO: Stance modification Louis XIV PEACE -> WAR wrt Louis XV (symmetric)
May 01, 2018 11:52:43 AM net.sf.freecol.common.util.LogBuilder log
INFO: Combat attacker=unit:348-colonialRegular-dragoon [Modifier model.modifier.offence (model.source.baseOffence) ADDITIVE 0.0 index=10] [Modifier model.modifier.offence (model.unit.colonialRegular) ADDITIVE 3.0 index=20] [Modifier model.modifier.offence (model.role.dragoon) ADDITIVE 3.0 index=30] [Modifier model.modifier.attackBonus (model.source.attackBonus) PERCENTAGE 50.0 index=50] = 9.0 defender=unit:347-kingsRegular-infantry [Modifier model.modifier.defence (model.source.baseDefence) ADDITIVE 1.0 index=10] [Modifier model.modifier.defence (model.unit.kingsRegular) ADDITIVE 4.0 index=20] [Modifier model.modifier.defence (model.role.infantry) ADDITIVE 1.0 index=30] = 6.0 odds=0.6 random(1.0)=0.20000000298023224 great=false Attack WIN SLAUGHTER_UNIT
May 01, 2018 11:52:43 AM net.sf.freecol.common.util.LogBuilder log
INFO: Combat attacker=unit:349-kingsRegular-cavalry [Modifier model.modifier.offence (model.source.baseOffence) ADDITIVE 0.0 index=10] [Modifier model.modifier.offence (model.unit.kingsRegular) ADDITIVE 4.0 index=20] [Modifier model.modifier.offence (model.role.cavalry) ADDITIVE 3.0 index=30] [Modifier model.modifier.attackBonus (model.source.attackBonus) PERCENTAGE 50.0 index=50] = 10.5 defender=unit:348-colonialRegular-dragoon [Modifier model.modifier.defence (model.source.baseDefence) ADDITIVE 1.0 index=10] [Modifier model.modifier.defence (model.unit.colonialRegular) ADDITIVE 3.0 index=20] [Modifier model.modifier.defence (model.role.dragoon) ADDITIVE 2.0 index=30] = 6.0 odds=0.6363636363636364 random(1.0)=0.20000000298023224 great=false Attack WIN LOSE_EQUIP
May 01, 2018 11:52:43 AM net.sf.freecol.common.util.LogBuilder log
INFO: Combat attacker=unit:349-kingsRegular-cavalry [Modifier model.modifier.offence (model.source.baseOffence) ADDITIVE 0.0 index=10] [Modifier model.modifier.offence (model.unit.kingsRegular) ADDITIVE 4.0 index=20] [Modifier model.modifier.offence (model.role.cavalry) ADDITIVE 3.0 index=30] [Modifier model.modifier.attackBonus (model.source.attackBonus) PERCENTAGE 50.0 index=50] = 10.5 defender=unit:348-colonialRegular-soldier [Modifier model.modifier.defence (model.source.baseDefence) ADDITIVE 1.0 index=10] [Modifier model.modifier.defence (model.unit.colonialRegular) ADDITIVE 3.0 index=20] [Modifier model.modifier.defence (model.role.soldier) ADDITIVE 1.0 index=30] = 5.0 odds=0.6774193548387096 random(1.0)=0.20000000298023224 great=false Attack WIN LOSE_EQUIP DEMOTE_UNIT
May 01, 2018 11:52:43 AM net.sf.freecol.common.util.LogBuilder log
INFO: Combat attacker=unit:349-kingsRegular-cavalry [Modifier model.modifier.offence (model.source.baseOffence) ADDITIVE 0.0 index=10] [Modifier model.modifier.offence (model.unit.kingsRegular) ADDITIVE 4.0 index=20] [Modifier model.modifier.offence (model.role.cavalry) ADDITIVE 3.0 index=30] [Modifier model.modifier.attackBonus (model.source.attackBonus) PERCENTAGE 50.0 index=50] = 10.5 defender=unit:348-veteranSoldier [Modifier model.modifier.defence (model.source.baseDefence) ADDITIVE 1.0 index=10] [Modifier model.modifier.defence (model.unit.veteranSoldier) PERCENTAGE 50.0 index=40] = 1.5 odds=0.875 random(1.0)=0.20000000298023224 great=false Attack WIN CAPTURE_UNIT
May 01, 2018 11:52:43 AM net.sf.freecol.common.model.Specification applyDifficultyLevel
INFO: Applying difficulty level model.difficulty.medium
May 01, 2018 11:52:43 AM net.sf.freecol.common.model.Specification applyDifficultyLevel
INFO: Applying difficulty level model.difficulty.medium
May 01, 2018 11:52:43 AM net.sf.freecol.common.model.Specification applyDifficultyLevel
INFO: Applying difficulty level model.difficulty.medium
May 01, 2018 11:52:43 AM net.sf.freecol.common.model.Specification applyDifficultyLevel
INFO: Applying difficulty level model.difficulty.medium
May 01, 2018 11:52:43 AM net.sf.freecol.common.model.Specification applyDifficultyLevel
INFO: Applying difficulty level model.difficulty.medium
May 01, 2018 11:52:43 AM net.sf.freecol.common.model.Specification applyDifficultyLevel
INFO: Applying difficulty level model.difficulty.medium
May 01, 2018 11:52:43 AM net.sf.freecol.common.model.Specification applyDifficultyLevel
INFO: Applying difficulty level model.difficulty.medium
May 01, 2018 11:52:43 AM net.sf.freecol.common.model.Specification applyDifficultyLevel
INFO: Applying difficulty level model.difficulty.medium
May 01, 2018 11:52:43 AM net.sf.freecol.common.model.Specification applyDifficultyLevel
INFO: Applying difficulty level model.difficulty.medium
May 01, 2018 11:52:43 AM net.sf.freecol.common.model.Specification applyDifficultyLevel
INFO: Applying difficulty level model.difficulty.medium
May 01, 2018 11:52:43 AM net.sf.freecol.common.model.Specification applyDifficultyLevel
INFO: Applying difficulty level model.difficulty.medium
May 01, 2018 11:52:43 AM net.sf.freecol.common.model.Specification applyDifficultyLevel
INFO: Applying difficulty level model.difficulty.medium
May 01, 2018 11:52:43 AM net.sf.freecol.common.model.Specification applyDifficultyLevel
INFO: Applying difficulty level model.difficulty.medium
May 01, 2018 11:52:43 AM net.sf.freecol.common.model.Specification applyDifficultyLevel
INFO: Applying difficulty level model.difficulty.medium
May 01, 2018 11:52:43 AM net.sf.freecol.common.model.Specification applyDifficultyLevel
INFO: Applying difficulty level model.difficulty.medium
May 01, 2018 11:52:43 AM net.sf.freecol.common.model.Specification applyDifficultyLevel
INFO: Applying difficulty level model.difficulty.medium
May 01, 2018 11:52:43 AM net.sf.freecol.common.model.Specification applyDifficultyLevel
INFO: Applying difficulty level model.difficulty.medium
May 01, 2018 11:52:43 AM net.sf.freecol.common.model.Specification applyDifficultyLevel
INFO: Applying difficulty level model.difficulty.medium
May 01, 2018 11:52:43 AM net.sf.freecol.common.model.Specification applyDifficultyLevel
INFO: Applying difficulty level model.difficulty.medium
May 01, 2018 11:52:43 AM net.sf.freecol.common.model.Specification applyDifficultyLevel
INFO: Applying difficulty level model.difficulty.medium
May 01, 2018 11:52:43 AM net.sf.freecol.common.model.Specification applyDifficultyLevel
INFO: Applying difficulty level model.difficulty.medium
May 01, 2018 11:52:43 AM net.sf.freecol.common.model.Specification applyDifficultyLevel
INFO: Applying difficulty level model.difficulty.medium
May 01, 2018 11:52:43 AM net.sf.freecol.common.model.Specification applyDifficultyLevel
INFO: Applying difficulty level model.difficulty.medium
May 01, 2018 11:52:43 AM net.sf.freecol.common.model.Specification applyDifficultyLevel
INFO: Applying difficulty level model.difficulty.medium
May 01, 2018 11:52:43 AM net.sf.freecol.common.model.Specification applyDifficultyLevel
INFO: Applying difficulty level model.difficulty.medium
May 01, 2018 11:52:43 AM net.sf.freecol.common.model.Specification applyDifficultyLevel
INFO: Applying difficulty level model.difficulty.medium
May 01, 2018 11:52:43 AM net.sf.freecol.common.model.Specification applyDifficultyLevel
INFO: Applying difficulty level model.difficulty.medium
May 01, 2018 11:52:43 AM net.sf.freecol.common.model.Specification applyDifficultyLevel
INFO: Applying difficulty level model.difficulty.medium
May 01, 2018 11:52:43 AM net.sf.freecol.common.model.Specification applyDifficultyLevel
INFO: Applying difficulty level model.difficulty.medium
May 01, 2018 11:52:43 AM net.sf.freecol.common.model.Specification applyDifficultyLevel
INFO: Applying difficulty level model.difficulty.medium
May 01, 2018 11:52:43 AM net.sf.freecol.common.model.Specification applyDifficultyLevel
INFO: Applying difficulty level model.difficulty.medium
May 01, 2018 11:52:43 AM net.sf.freecol.common.model.Specification applyDifficultyLevel
INFO: Applying difficulty level model.difficulty.medium
May 01, 2018 11:52:43 AM net.sf.freecol.common.model.Specification applyDifficultyLevel
INFO: Applying difficulty level model.difficulty.medium
May 01, 2018 11:52:43 AM net.sf.freecol.common.model.Specification applyDifficultyLevel
INFO: Applying difficulty level model.difficulty.medium
May 01, 2018 11:52:43 AM net.sf.freecol.common.model.Specification applyDifficultyLevel
INFO: Applying difficulty level model.difficulty.medium
May 01, 2018 11:52:43 AM net.sf.freecol.common.model.Specification applyDifficultyLevel
INFO: Applying difficulty level model.difficulty.medium
May 01, 2018 11:52:43 AM net.sf.freecol.common.model.Specification applyDifficultyLevel
INFO: Applying difficulty level model.difficulty.medium
May 01, 2018 11:52:43 AM net.sf.freecol.common.model.Specification applyDifficultyLevel
INFO: Applying difficulty level model.difficulty.medium
May 01, 2018 11:52:43 AM net.sf.freecol.common.model.Specification applyDifficultyLevel
INFO: Applying difficulty level model.difficulty.medium
May 01, 2018 11:52:43 AM net.sf.freecol.common.model.Specification applyDifficultyLevel
INFO: Applying difficulty level model.difficulty.medium
May 01, 2018 11:52:43 AM net.sf.freecol.common.model.Specification applyDifficultyLevel
INFO: Applying difficulty level model.difficulty.medium
May 01, 2018 11:52:43 AM net.sf.freecol.common.model.Specification applyDifficultyLevel
INFO: Applying difficulty level model.difficulty.medium
May 01, 2018 11:52:43 AM net.sf.freecol.common.model.Specification applyDifficultyLevel
INFO: Applying difficulty level model.difficulty.medium
May 01, 2018 11:52:43 AM net.sf.freecol.common.model.Specification applyDifficultyLevel
INFO: Applying difficulty level model.difficulty.medium
May 01, 2018 11:52:43 AM net.sf.freecol.common.model.Specification applyDifficultyLevel
INFO: Applying difficulty level model.difficulty.medium
May 01, 2018 11:52:43 AM net.sf.freecol.common.model.Specification applyDifficultyLevel
INFO: Applying difficulty level model.difficulty.medium
May 01, 2018 11:52:43 AM net.sf.freecol.common.model.Specification applyDifficultyLevel
INFO: Applying difficulty level model.difficulty.medium
May 01, 2018 11:52:43 AM net.sf.freecol.common.model.Specification applyDifficultyLevel
INFO: Applying difficulty level model.difficulty.medium
May 01, 2018 11:52:43 AM net.sf.freecol.common.model.Specification applyDifficultyLevel
INFO: Applying difficulty level model.difficulty.medium
May 01, 2018 11:52:43 AM net.sf.freecol.common.model.Specification applyDifficultyLevel
INFO: Applying difficulty level model.difficulty.medium
May 01, 2018 11:52:43 AM net.sf.freecol.common.model.Specification applyDifficultyLevel
INFO: Applying difficulty level model.difficulty.medium
May 01, 2018 11:52:43 AM net.sf.freecol.common.model.Specification applyDifficultyLevel
INFO: Applying difficulty level model.difficulty.medium
May 01, 2018 11:52:43 AM net.sf.freecol.common.model.Specification applyDifficultyLevel
INFO: Applying difficulty level model.difficulty.medium
May 01, 2018 11:52:43 AM net.sf.freecol.common.model.Specification applyDifficultyLevel
INFO: Applying difficulty level model.difficulty.medium
May 01, 2018 11:52:43 AM net.sf.freecol.common.model.Specification applyDifficultyLevel
INFO: Applying difficulty level model.difficulty.medium
May 01, 2018 11:52:43 AM net.sf.freecol.common.model.Specification applyDifficultyLevel
INFO: Applying difficulty level model.difficulty.medium
May 01, 2018 11:52:43 AM net.sf.freecol.common.model.Specification applyDifficultyLevel
INFO: Applying difficulty level model.difficulty.medium
May 01, 2018 11:52:43 AM net.sf.freecol.common.model.Specification applyDifficultyLevel
INFO: Applying difficulty level model.difficulty.medium
May 01, 2018 11:52:43 AM net.sf.freecol.common.model.Specification applyDifficultyLevel
INFO: Applying difficulty level model.difficulty.medium
May 01, 2018 11:52:43 AM net.sf.freecol.common.model.Specification applyDifficultyLevel
INFO: Applying difficulty level model.difficulty.medium
May 01, 2018 11:52:43 AM net.sf.freecol.common.model.Specification applyDifficultyLevel
INFO: Applying difficulty level model.difficulty.medium
May 01, 2018 11:52:43 AM net.sf.freecol.common.model.Specification applyDifficultyLevel
INFO: Applying difficulty level model.difficulty.medium
May 01, 2018 11:52:43 AM net.sf.freecol.common.model.Specification applyDifficultyLevel
INFO: Applying difficulty level model.difficulty.medium
May 01, 2018 11:52:43 AM net.sf.freecol.common.model.Specification applyDifficultyLevel
INFO: Applying difficulty level model.difficulty.medium
May 01, 2018 11:52:43 AM net.sf.freecol.common.model.Specification applyDifficultyLevel
INFO: Applying difficulty level model.difficulty.veryEasy
May 01, 2018 11:52:43 AM net.sf.freecol.common.model.Specification applyDifficultyLevel
INFO: Applying difficulty level model.difficulty.easy
May 01, 2018 11:52:43 AM net.sf.freecol.common.model.Specification applyDifficultyLevel
INFO: Applying difficulty level model.difficulty.medium
May 01, 2018 11:52:43 AM net.sf.freecol.common.model.Specification applyDifficultyLevel
INFO: Applying difficulty level model.difficulty.hard
May 01, 2018 11:52:43 AM net.sf.freecol.common.model.Specification applyDifficultyLevel
INFO: Applying difficulty level model.difficulty.veryHard
May 01, 2018 11:52:43 AM net.sf.freecol.common.model.Specification applyDifficultyLevel
INFO: Applying difficulty level model.difficulty.custom
May 01, 2018 11:52:43 AM net.sf.freecol.common.model.Specification applyDifficultyLevel
INFO: Applying difficulty level model.difficulty.medium
May 01, 2018 11:52:43 AM net.sf.freecol.common.model.Specification applyDifficultyLevel
INFO: Applying difficulty level model.difficulty.medium
May 01, 2018 11:52:43 AM net.sf.freecol.common.model.Specification applyDifficultyLevel
INFO: Applying difficulty level model.difficulty.medium
May 01, 2018 11:52:43 AM net.sf.freecol.common.model.Specification applyDifficultyLevel
INFO: Applying difficulty level model.difficulty.medium
May 01, 2018 11:52:43 AM net.sf.freecol.common.util.LogBuilder log
INFO: Destroying: unit:775
May 01, 2018 11:52:43 AM net.sf.freecol.common.model.Specification applyDifficultyLevel
INFO: Applying difficulty level model.difficulty.medium
May 01, 2018 11:52:43 AM net.sf.freecol.common.model.Specification applyDifficultyLevel
INFO: Applying difficulty level model.difficulty.medium
May 01, 2018 11:52:43 AM net.sf.freecol.common.model.Specification applyDifficultyLevel
INFO: Applying difficulty level model.difficulty.medium
May 01, 2018 11:52:43 AM net.sf.freecol.common.model.Specification applyDifficultyLevel
INFO: Applying difficulty level model.difficulty.medium
May 01, 2018 11:52:43 AM net.sf.freecol.common.model.Specification applyDifficultyLevel
INFO: Applying difficulty level model.difficulty.medium
May 01, 2018 11:52:44 AM net.sf.freecol.common.model.Specification applyDifficultyLevel
INFO: Applying difficulty level model.difficulty.medium
May 01, 2018 11:52:44 AM net.sf.freecol.common.FreeColSeed getFreeColSeed
INFO: Using seed: 231459910232605981
May 01, 2018 11:52:44 AM net.sf.freecol.server.networking.Server sendToAll
INFO: Reap dead connection: [DummyConnection Server connection - model.nation.french]
May 01, 2018 11:52:44 AM net.sf.freecol.server.networking.Server sendToAll
INFO: Reap dead connection: [DummyConnection Server connection - model.nation.arawak]
May 01, 2018 11:52:44 AM net.sf.freecol.server.networking.Server sendToAll
INFO: Reap dead connection: [DummyConnection Server connection - model.nation.inca]
May 01, 2018 11:52:44 AM net.sf.freecol.server.networking.Server sendToAll
INFO: Reap dead connection: [DummyConnection Server connection - model.nation.spanish]
May 01, 2018 11:52:44 AM net.sf.freecol.server.networking.Server sendToAll
INFO: Reap dead connection: [DummyConnection Server connection - model.nation.sioux]
May 01, 2018 11:52:44 AM net.sf.freecol.server.networking.Server sendToAll
INFO: Reap dead connection: [DummyConnection Server connection - model.nation.apache]
May 01, 2018 11:52:44 AM net.sf.freecol.server.networking.Server sendToAll
INFO: Reap dead connection: [DummyConnection Server connection - model.nation.iroquois]
May 01, 2018 11:52:44 AM net.sf.freecol.server.networking.Server sendToAll
INFO: Reap dead connection: [DummyConnection Server connection - model.nation.tupi]
May 01, 2018 11:52:44 AM net.sf.freecol.server.networking.Server sendToAll
INFO: Reap dead connection: [DummyConnection Server connection - model.nation.dutch]
May 01, 2018 11:52:44 AM net.sf.freecol.server.networking.Server sendToAll
INFO: Reap dead connection: [DummyConnection Server connection - model.nation.aztec]
May 01, 2018 11:52:44 AM net.sf.freecol.server.networking.Server sendToAll
INFO: Reap dead connection: [DummyConnection Server connection - model.nation.english]
May 01, 2018 11:52:44 AM net.sf.freecol.server.networking.Server sendToAll
INFO: Reap dead connection: [DummyConnection Server connection - model.nation.cherokee]
May 01, 2018 11:52:44 AM net.sf.freecol.common.model.Specification applyDifficultyLevel
INFO: Applying difficulty level model.difficulty.medium
May 01, 2018 11:52:44 AM net.sf.freecol.common.model.Specification fixRoles
INFO: Loading role backward compatibility fragment: roles-compat.xml with roles: model.role.defaultmodel.role.scoutmodel.role.soldiermodel.role.dragoonmodel.role.pioneermodel.role.missionarymodel.role.infantrymodel.role.cavalrymodel.role.mountedBravemodel.role.armedBravemodel.role.nativeDragoon
May 01, 2018 11:52:44 AM net.sf.freecol.common.model.Specification checkDifficultyOptionGroup
INFO: Check group model.difficulty.immigration
May 01, 2018 11:52:44 AM net.sf.freecol.common.model.Specification checkDifficultyOptionGroup
INFO: Check group model.difficulty.natives
May 01, 2018 11:52:44 AM net.sf.freecol.common.model.Specification checkDifficultyOptionGroup
INFO: Check group model.difficulty.monarch
May 01, 2018 11:52:44 AM net.sf.freecol.common.model.Specification checkDifficultyOptionGroup
INFO: Check group model.difficulty.government
May 01, 2018 11:52:44 AM net.sf.freecol.common.model.Specification checkDifficultyOptionGroup
INFO: Check group model.difficulty.other
May 01, 2018 11:52:44 AM net.sf.freecol.common.model.Specification checkDifficultyOptionGroup
INFO: Check group model.difficulty.cheat
May 01, 2018 11:52:44 AM net.sf.freecol.common.model.Specification checkDifficultyUnitListOption
INFO: Added difficulty unit list option: model.option.immigrants
May 01, 2018 11:52:44 AM net.sf.freecol.common.model.Specification clean
INFO: Specification clean following load from InputStream complete, starting year=1492, season year=1600, ages=[1,109,309], seasons=2, 247 FreeColGameObjectTypes, 78 Abilities, 41 BuildingTypes, 14 Disasters, 5 EuropeanNationTypes, 2 Events, 25 FoundingFathers, 21 GoodsTypes, 8 IndianNationTypes, 60 Modifiers, 17 Nations, 65 Options, 16 Option Groups, 12 ResourceTypes, 11 Roles, 23 TileTypes, 6 TileImprovementTypes, 42 UnitTypes read.
May 01, 2018 11:52:44 AM net.sf.freecol.common.model.Specification applyDifficultyLevel
INFO: Applying difficulty level model.difficulty.veryEasy
May 01, 2018 11:52:44 AM net.sf.freecol.common.model.Specification checkDifficultyOptionGroup
INFO: Check group model.difficulty.immigration
May 01, 2018 11:52:44 AM net.sf.freecol.common.model.Specification checkDifficultyOptionGroup
INFO: Check group model.difficulty.natives
May 01, 2018 11:52:44 AM net.sf.freecol.common.model.Specification checkDifficultyOptionGroup
INFO: Check group model.difficulty.monarch
May 01, 2018 11:52:44 AM net.sf.freecol.common.model.Specification checkDifficultyOptionGroup
INFO: Check group model.difficulty.government
May 01, 2018 11:52:44 AM net.sf.freecol.common.model.Specification checkDifficultyOptionGroup
INFO: Check group model.difficulty.other
May 01, 2018 11:52:44 AM net.sf.freecol.common.model.Specification checkDifficultyOptionGroup
INFO: Check group model.difficulty.cheat
May 01, 2018 11:52:44 AM net.sf.freecol.common.model.Specification applyDifficultyLevel
INFO: Applying difficulty level model.difficulty.veryEasy
May 01, 2018 11:52:44 AM net.sf.freecol.common.model.Specification clean
INFO: Specification clean following load from InputStream complete, starting year=1492, season year=1600, ages=[1,109,309], seasons=2, 241 FreeColGameObjectTypes, 78 Abilities, 41 BuildingTypes, 14 Disasters, 5 EuropeanNationTypes, 2 Events, 25 FoundingFathers, 21 GoodsTypes, 8 IndianNationTypes, 60 Modifiers, 17 Nations, 112 Options, 22 Option Groups, 12 ResourceTypes, 11 Roles, 23 TileTypes, 6 TileImprovementTypes, 42 UnitTypes read.
May 01, 2018 11:52:44 AM net.sf.freecol.common.model.Specification fixRoles
INFO: Loading role backward compatibility fragment: roles-compat.xml with roles: model.role.defaultmodel.role.scoutmodel.role.soldiermodel.role.dragoonmodel.role.pioneermodel.role.missionarymodel.role.infantrymodel.role.cavalrymodel.role.mountedBravemodel.role.armedBravemodel.role.nativeDragoon
May 01, 2018 11:52:44 AM net.sf.freecol.common.model.Specification checkDifficultyOptionGroup
INFO: Check group model.difficulty.immigration
May 01, 2018 11:52:44 AM net.sf.freecol.common.model.Specification checkDifficultyOptionGroup
INFO: Check group model.difficulty.natives
May 01, 2018 11:52:44 AM net.sf.freecol.common.model.Specification checkDifficultyOptionGroup
INFO: Check group model.difficulty.monarch
May 01, 2018 11:52:44 AM net.sf.freecol.common.model.Specification checkDifficultyOptionGroup
INFO: Check group model.difficulty.government
May 01, 2018 11:52:44 AM net.sf.freecol.common.model.Specification checkDifficultyOptionGroup
INFO: Check group model.difficulty.other
May 01, 2018 11:52:44 AM net.sf.freecol.common.model.Specification checkDifficultyOptionGroup
INFO: Check group model.difficulty.cheat
May 01, 2018 11:52:44 AM net.sf.freecol.common.model.Specification checkDifficultyUnitListOption
INFO: Added difficulty unit list option: model.option.immigrants
May 01, 2018 11:52:44 AM net.sf.freecol.common.model.Specification clean
INFO: Specification clean following load from InputStream complete, starting year=1492, season year=1600, ages=[1,109,309], seasons=2, 247 FreeColGameObjectTypes, 78 Abilities, 41 BuildingTypes, 14 Disasters, 5 EuropeanNationTypes, 2 Events, 25 FoundingFathers, 21 GoodsTypes, 8 IndianNationTypes, 60 Modifiers, 17 Nations, 65 Options, 16 Option Groups, 12 ResourceTypes, 11 Roles, 23 TileTypes, 6 TileImprovementTypes, 42 UnitTypes read.
May 01, 2018 11:52:44 AM net.sf.freecol.common.model.Specification applyDifficultyLevel
INFO: Applying difficulty level model.difficulty.veryEasy
May 01, 2018 11:52:44 AM net.sf.freecol.common.model.Specification checkDifficultyOptionGroup
INFO: Check group model.difficulty.immigration
May 01, 2018 11:52:44 AM net.sf.freecol.common.model.Specification checkDifficultyOptionGroup
INFO: Check group model.difficulty.natives
May 01, 2018 11:52:44 AM net.sf.freecol.common.model.Specification checkDifficultyOptionGroup
INFO: Check group model.difficulty.monarch
May 01, 2018 11:52:44 AM net.sf.freecol.common.model.Specification checkDifficultyOptionGroup
INFO: Check group model.difficulty.government
May 01, 2018 11:52:44 AM net.sf.freecol.common.model.Specification checkDifficultyOptionGroup
INFO: Check group model.difficulty.other
May 01, 2018 11:52:44 AM net.sf.freecol.common.model.Specification checkDifficultyOptionGroup
INFO: Check group model.difficulty.cheat
May 01, 2018 11:52:44 AM net.sf.freecol.common.model.Specification applyDifficultyLevel
INFO: Applying difficulty level model.difficulty.veryEasy
May 01, 2018 11:52:44 AM net.sf.freecol.common.model.Specification clean
INFO: Specification clean following load from InputStream complete, starting year=1492, season year=1600, ages=[1,109,309], seasons=2, 241 FreeColGameObjectTypes, 78 Abilities, 41 BuildingTypes, 14 Disasters, 5 EuropeanNationTypes, 2 Events, 25 FoundingFathers, 21 GoodsTypes, 8 IndianNationTypes, 60 Modifiers, 17 Nations, 112 Options, 22 Option Groups, 12 ResourceTypes, 11 Roles, 23 TileTypes, 6 TileImprovementTypes, 42 UnitTypes read.
May 01, 2018 11:52:44 AM net.sf.freecol.common.model.Specification applyDifficultyLevel
INFO: Applying difficulty level model.difficulty.medium
May 01, 2018 11:52:44 AM net.sf.freecol.common.model.Specification applyDifficultyLevel
INFO: Applying difficulty level model.difficulty.medium
May 01, 2018 11:52:44 AM net.sf.freecol.common.model.Specification applyDifficultyLevel
INFO: Applying difficulty level model.difficulty.medium
May 01, 2018 11:52:44 AM net.sf.freecol.common.util.LogBuilder log
INFO: Destroying: goodsContainer:776 goodsContainer:778 unit:777 indianSettlement:775
May 01, 2018 11:52:44 AM net.sf.freecol.common.util.LogBuilder log
INFO: Destroying: goodsContainer:782 goodsContainer:784 unit:783 indianSettlement:781
May 01, 2018 11:52:44 AM net.sf.freecol.common.util.LogBuilder log
INFO: Destroying: goodsContainer:786 goodsContainer:788 unit:787 indianSettlement:785
May 01, 2018 11:52:44 AM net.sf.freecol.common.util.LogBuilder log
INFO: Destroying: goodsContainer:790 goodsContainer:792 unit:791 indianSettlement:789
May 01, 2018 11:52:44 AM net.sf.freecol.common.model.Specification applyDifficultyLevel
INFO: Applying difficulty level model.difficulty.medium
May 01, 2018 11:52:44 AM net.sf.freecol.common.model.Specification applyDifficultyLevel
INFO: Applying difficulty level model.difficulty.medium
May 01, 2018 11:52:44 AM net.sf.freecol.common.model.Specification applyDifficultyLevel
INFO: Applying difficulty level model.difficulty.medium
May 01, 2018 11:52:44 AM net.sf.freecol.common.model.Specification applyDifficultyLevel
INFO: Applying difficulty level model.difficulty.medium
May 01, 2018 11:52:44 AM net.sf.freecol.common.model.Specification applyDifficultyLevel
INFO: Applying difficulty level model.difficulty.medium
May 01, 2018 11:52:44 AM net.sf.freecol.common.model.Specification applyDifficultyLevel
INFO: Applying difficulty level model.difficulty.medium
May 01, 2018 11:52:44 AM net.sf.freecol.common.util.LogBuilder log
INFO: Destroying: tileImprovement:799
May 01, 2018 11:52:44 AM net.sf.freecol.common.model.Specification applyDifficultyLevel
INFO: Applying difficulty level model.difficulty.medium
May 01, 2018 11:52:44 AM net.sf.freecol.common.model.Specification applyDifficultyLevel
INFO: Applying difficulty level model.difficulty.medium
May 01, 2018 11:52:44 AM net.sf.freecol.common.model.Specification applyDifficultyLevel
INFO: Applying difficulty level model.difficulty.medium
May 01, 2018 11:52:44 AM net.sf.freecol.common.util.LogBuilder log
INFO: Destroying: tileImprovement:780
May 01, 2018 11:52:44 AM net.sf.freecol.common.model.Specification applyDifficultyLevel
INFO: Applying difficulty level model.difficulty.medium
May 01, 2018 11:52:44 AM net.sf.freecol.common.model.Specification applyDifficultyLevel
INFO: Applying difficulty level model.difficulty.medium
May 01, 2018 11:52:44 AM net.sf.freecol.common.model.Specification applyDifficultyLevel
INFO: Applying difficulty level model.difficulty.medium
May 01, 2018 11:52:44 AM net.sf.freecol.common.model.Specification applyDifficultyLevel
INFO: Applying difficulty level model.difficulty.medium
May 01, 2018 11:52:44 AM net.sf.freecol.common.model.Specification applyDifficultyLevel
INFO: Applying difficulty level model.difficulty.medium
May 01, 2018 11:52:44 AM net.sf.freecol.common.model.Specification applyDifficultyLevel
INFO: Applying difficulty level model.difficulty.medium
May 01, 2018 11:52:44 AM net.sf.freecol.common.model.Specification applyDifficultyLevel
INFO: Applying difficulty level model.difficulty.medium
May 01, 2018 11:52:44 AM net.sf.freecol.common.util.LogBuilder log
INFO: Destroying: tileImprovement:804
May 01, 2018 11:52:44 AM net.sf.freecol.common.model.Specification applyDifficultyLevel
INFO: Applying difficulty level model.difficulty.medium
May 01, 2018 11:52:44 AM net.sf.freecol.common.model.Specification applyDifficultyLevel
INFO: Applying difficulty level model.difficulty.medium
May 01, 2018 11:52:44 AM net.sf.freecol.common.model.Unit setLocation
WARNING: Can not add [unit:775 dutch merchantman 5/5] to tile:573
May 01, 2018 11:52:44 AM net.sf.freecol.common.model.Specification applyDifficultyLevel
INFO: Applying difficulty level model.difficulty.medium
May 01, 2018 11:52:44 AM net.sf.freecol.common.model.Unit setLocation
WARNING: Can not add [unit:775 dutch merchantman 5/5] to tile:573
May 01, 2018 11:52:44 AM net.sf.freecol.common.model.Specification applyDifficultyLevel
INFO: Applying difficulty level model.difficulty.medium
May 01, 2018 11:52:44 AM net.sf.freecol.common.model.Specification applyDifficultyLevel
INFO: Applying difficulty level model.difficulty.medium
May 01, 2018 11:52:44 AM net.sf.freecol.common.model.Specification applyDifficultyLevel
INFO: Applying difficulty level model.difficulty.medium
May 01, 2018 11:52:44 AM net.sf.freecol.common.model.Specification applyDifficultyLevel
INFO: Applying difficulty level model.difficulty.medium
May 01, 2018 11:52:44 AM net.sf.freecol.common.util.LogBuilder log
INFO: Destroying: goodsContainer:782 unit:781
May 01, 2018 11:52:44 AM net.sf.freecol.common.model.Specification applyDifficultyLevel
INFO: Applying difficulty level model.difficulty.medium
May 01, 2018 11:52:44 AM net.sf.freecol.common.model.Specification applyDifficultyLevel
INFO: Applying difficulty level model.difficulty.medium
May 01, 2018 11:52:44 AM net.sf.freecol.common.model.Unit setLocation
WARNING: Can not add [unit:775 dutch merchantman 5/5] to tile:573
May 01, 2018 11:52:44 AM net.sf.freecol.common.model.Specification applyDifficultyLevel
INFO: Applying difficulty level model.difficulty.medium
May 01, 2018 11:52:44 AM net.sf.freecol.common.model.Specification applyDifficultyLevel
INFO: Applying difficulty level model.difficulty.medium
May 01, 2018 11:52:44 AM net.sf.freecol.common.model.Unit setLocation
WARNING: Can not add [unit:777 dutch galleon 6/6] to tile:629
May 01, 2018 11:52:44 AM net.sf.freecol.common.model.Specification applyDifficultyLevel
INFO: Applying difficulty level model.difficulty.medium
May 01, 2018 11:52:44 AM net.sf.freecol.common.model.Specification applyDifficultyLevel
INFO: Applying difficulty level model.difficulty.medium
May 01, 2018 11:52:44 AM net.sf.freecol.common.model.Specification applyDifficultyLevel
INFO: Applying difficulty level model.difficulty.veryEasy
May 01, 2018 11:52:44 AM net.sf.freecol.common.model.Specification applyDifficultyLevel
INFO: Applying difficulty level model.difficulty.easy
May 01, 2018 11:52:44 AM net.sf.freecol.common.model.Specification applyDifficultyLevel
INFO: Applying difficulty level model.difficulty.medium
May 01, 2018 11:52:44 AM net.sf.freecol.common.model.Specification applyDifficultyLevel
INFO: Applying difficulty level model.difficulty.hard
May 01, 2018 11:52:44 AM net.sf.freecol.common.model.Specification applyDifficultyLevel
INFO: Applying difficulty level model.difficulty.veryHard
May 01, 2018 11:52:44 AM net.sf.freecol.common.model.Specification applyDifficultyLevel
INFO: Applying difficulty level model.difficulty.veryEasy
May 01, 2018 11:52:44 AM net.sf.freecol.common.model.Specification applyDifficultyLevel
INFO: Applying difficulty level model.difficulty.easy
May 01, 2018 11:52:44 AM net.sf.freecol.common.model.Specification applyDifficultyLevel
INFO: Applying difficulty level model.difficulty.medium
May 01, 2018 11:52:44 AM net.sf.freecol.common.model.Specification applyDifficultyLevel
INFO: Applying difficulty level model.difficulty.hard
May 01, 2018 11:52:44 AM net.sf.freecol.common.model.Specification applyDifficultyLevel
INFO: Applying difficulty level model.difficulty.veryHard
May 01, 2018 11:52:44 AM net.sf.freecol.common.model.Specification applyDifficultyLevel
INFO: Applying difficulty level model.difficulty.medium
May 01, 2018 11:52:44 AM net.sf.freecol.common.model.Specification applyDifficultyLevel
INFO: Applying difficulty level model.difficulty.medium
May 01, 2018 11:52:44 AM net.sf.freecol.common.model.Unit setLocation
WARNING: Can not add [unit:775 dutch frigate 6/6] to tile:574
May 01, 2018 11:52:44 AM net.sf.freecol.common.model.Specification applyDifficultyLevel
INFO: Applying difficulty level model.difficulty.medium
May 01, 2018 11:52:44 AM net.sf.freecol.common.model.Specification applyDifficultyLevel
INFO: Applying difficulty level model.difficulty.medium
May 01, 2018 11:52:44 AM net.sf.freecol.common.model.Specification applyDifficultyLevel
INFO: Applying difficulty level model.difficulty.medium
May 01, 2018 11:52:44 AM net.sf.freecol.common.model.Specification applyDifficultyLevel
INFO: Applying difficulty level model.difficulty.medium
May 01, 2018 11:52:44 AM net.sf.freecol.common.model.Specification applyDifficultyLevel
INFO: Applying difficulty level model.difficulty.medium
May 01, 2018 11:52:46 AM net.sf.freecol.common.resources.FontResource <init>
INFO: Loaded font: Serif from: urn:font:Serif-PLAIN-12
May 01, 2018 11:52:46 AM net.sf.freecol.common.resources.FontResource <init>
INFO: Loaded font: Dialog from: urn:font:Dialog-PLAIN-12
May 01, 2018 11:52:46 AM net.sf.freecol.common.resources.FontResource <init>
INFO: Loaded font: ShadowedBlack from: file:/Users/anthonyvisalli/Documents/COSC_HWs/Software%20Testing/Connected%20FreeCol/cosc442spring2018-finalproject/FreeCol-master/data/base/resources/fonts/ShadowedBlack.ttf
May 01, 2018 11:52:46 AM net.sf.freecol.common.util.LogBuilder log
INFO: Resource mapping, data/base/resources.properties loaded, data/base/resources_en.properties not found
May 01, 2018 11:52:46 AM net.sf.freecol.common.resources.ResourceManager setBaseMapping
INFO: setBaseMapping net.sf.freecol.common.resources.ResourceMapping@9225652
May 01, 2018 11:52:46 AM net.sf.freecol.common.util.LogBuilder log
INFO: Resource mapping, data/base/resources.properties loaded, data/base/resources_en.properties not found
May 01, 2018 11:52:46 AM net.sf.freecol.common.resources.ResourceManager setBaseMapping
INFO: setBaseMapping net.sf.freecol.common.resources.ResourceMapping@7e0b85f9
May 01, 2018 11:52:46 AM net.sf.freecol.common.util.LogBuilder log
INFO: Resource mapping, data/rules/freecol/resources.properties loaded, data/rules/freecol/resources_en.properties not found
May 01, 2018 11:52:46 AM net.sf.freecol.common.util.LogBuilder log
INFO: Resource mapping, data/rules/classic/resources.properties loaded, data/rules/classic/resources_en.properties not found
May 01, 2018 11:52:46 AM net.sf.freecol.common.resources.ResourceManager setTcMapping
INFO: setTcMapping net.sf.freecol.common.resources.ResourceMapping@9353778
May 01, 2018 11:52:50 AM net.sf.freecol.common.FreeColSeed getFreeColSeed
INFO: Using seed: -1378326623602470042
May 01, 2018 11:52:50 AM net.sf.freecol.common.model.LandMap <init>
INFO: Using land generator model.option.landGeneratorType.classic
May 01, 2018 11:52:50 AM net.sf.freecol.common.util.LogBuilder log
INFO: Destroying: tileImprovement:4349
May 01, 2018 11:52:50 AM net.sf.freecol.common.util.LogBuilder log
INFO: Destroying: tileImprovement:4351
May 01, 2018 11:52:50 AM net.sf.freecol.common.util.LogBuilder log
INFO: Destroying: tileImprovement:4353
May 01, 2018 11:52:50 AM net.sf.freecol.common.util.LogBuilder log
INFO: Destroying: tileImprovement:4355
May 01, 2018 11:52:50 AM net.sf.freecol.common.util.LogBuilder log
INFO: Destroying: tileImprovement:4347
May 01, 2018 11:52:50 AM net.sf.freecol.common.util.LogBuilder log
INFO: Destroying: tileImprovement:4305
May 01, 2018 11:52:50 AM net.sf.freecol.common.util.LogBuilder log
INFO: Destroying: tileImprovement:4307
May 01, 2018 11:52:50 AM net.sf.freecol.common.util.LogBuilder log
INFO: Destroying: tileImprovement:4309
May 01, 2018 11:52:50 AM net.sf.freecol.common.util.LogBuilder log
INFO: Destroying: tileImprovement:4311
May 01, 2018 11:52:50 AM net.sf.freecol.common.util.LogBuilder log
INFO: Destroying: tileImprovement:4313
May 01, 2018 11:52:50 AM net.sf.freecol.common.util.LogBuilder log
INFO: Destroying: tileImprovement:4315
May 01, 2018 11:52:50 AM net.sf.freecol.common.util.LogBuilder log
INFO: Destroying: tileImprovement:4317
May 01, 2018 11:52:50 AM net.sf.freecol.common.util.LogBuilder log
INFO: Destroying: tileImprovement:4299
May 01, 2018 11:52:50 AM net.sf.freecol.common.util.LogBuilder log
INFO: Destroying: tileImprovement:4301
May 01, 2018 11:52:50 AM net.sf.freecol.common.util.LogBuilder log
INFO: Destroying: tileImprovement:4303
May 01, 2018 11:52:50 AM net.sf.freecol.common.util.LogBuilder log
INFO: Destroying: tileImprovement:4490
May 01, 2018 11:52:50 AM net.sf.freecol.common.util.LogBuilder log
INFO: Destroying: tileImprovement:4491
May 01, 2018 11:52:50 AM net.sf.freecol.common.util.LogBuilder log
INFO: Destroying: tileImprovement:4492
May 01, 2018 11:52:50 AM net.sf.freecol.common.util.LogBuilder log
INFO: Destroying: tileImprovement:4493
May 01, 2018 11:52:50 AM net.sf.freecol.common.util.LogBuilder log
INFO: Destroying: tileImprovement:4494
May 01, 2018 11:52:50 AM net.sf.freecol.common.util.LogBuilder log
INFO: Destroying: tileImprovement:4495
May 01, 2018 11:52:50 AM net.sf.freecol.common.util.LogBuilder log
INFO: Destroying: tileImprovement:4496
May 01, 2018 11:52:50 AM net.sf.freecol.common.util.LogBuilder log
INFO: Destroying: tileImprovement:4322
May 01, 2018 11:52:50 AM net.sf.freecol.common.util.LogBuilder log
INFO: Destroying: tileImprovement:4324
May 01, 2018 11:52:50 AM net.sf.freecol.common.util.LogBuilder log
INFO: Destroying: tileImprovement:4326
May 01, 2018 11:52:50 AM net.sf.freecol.common.util.LogBuilder log
INFO: Destroying: tileImprovement:4328
May 01, 2018 11:52:50 AM net.sf.freecol.common.util.LogBuilder log
INFO: Destroying: tileImprovement:4330
May 01, 2018 11:52:50 AM net.sf.freecol.common.util.LogBuilder log
INFO: Destroying: tileImprovement:4332
May 01, 2018 11:52:50 AM net.sf.freecol.common.util.LogBuilder log
INFO: Destroying: tileImprovement:4334
May 01, 2018 11:52:50 AM net.sf.freecol.common.util.LogBuilder log
INFO: Destroying: tileImprovement:4336
May 01, 2018 11:52:50 AM net.sf.freecol.common.util.LogBuilder log
INFO: Destroying: tileImprovement:4338
May 01, 2018 11:52:50 AM net.sf.freecol.common.util.LogBuilder log
INFO: Destroying: tileImprovement:4340
May 01, 2018 11:52:50 AM net.sf.freecol.common.util.LogBuilder log
INFO: Destroying: tileImprovement:4342
May 01, 2018 11:52:50 AM net.sf.freecol.common.util.LogBuilder log
INFO: Destroying: tileImprovement:4320
May 01, 2018 11:52:50 AM net.sf.freecol.common.util.LogBuilder log
INFO: Destroying: tileImprovement:4439
May 01, 2018 11:52:50 AM net.sf.freecol.common.util.LogBuilder log
INFO: Destroying: tileImprovement:4441
May 01, 2018 11:52:50 AM net.sf.freecol.common.util.LogBuilder log
INFO: Destroying: tileImprovement:4443
May 01, 2018 11:52:50 AM net.sf.freecol.common.util.LogBuilder log
INFO: Destroying: tileImprovement:4445
May 01, 2018 11:52:50 AM net.sf.freecol.common.util.LogBuilder log
INFO: Destroying: tileImprovement:4432
May 01, 2018 11:52:50 AM net.sf.freecol.common.util.LogBuilder log
INFO: Destroying: tileImprovement:4433
May 01, 2018 11:52:50 AM net.sf.freecol.common.util.LogBuilder log
INFO: Destroying: tileImprovement:4434
May 01, 2018 11:52:50 AM net.sf.freecol.common.util.LogBuilder log
INFO: Destroying: tileImprovement:4435
May 01, 2018 11:52:50 AM net.sf.freecol.common.util.LogBuilder log
INFO: Destroying: tileImprovement:4436
May 01, 2018 11:52:50 AM net.sf.freecol.common.util.LogBuilder log
INFO: Destroying: tileImprovement:4454
May 01, 2018 11:52:50 AM net.sf.freecol.common.util.LogBuilder log
INFO: Destroying: tileImprovement:4456
May 01, 2018 11:52:50 AM net.sf.freecol.common.util.LogBuilder log
INFO: Destroying: tileImprovement:4458
May 01, 2018 11:52:50 AM net.sf.freecol.common.util.LogBuilder log
INFO: Destroying: tileImprovement:4460
May 01, 2018 11:52:50 AM net.sf.freecol.common.util.LogBuilder log
INFO: Destroying: tileImprovement:4462
May 01, 2018 11:52:50 AM net.sf.freecol.common.util.LogBuilder log
INFO: Destroying: tileImprovement:4464
May 01, 2018 11:52:50 AM net.sf.freecol.common.util.LogBuilder log
INFO: Destroying: tileImprovement:4466
May 01, 2018 11:52:50 AM net.sf.freecol.common.util.LogBuilder log
INFO: Destroying: tileImprovement:4468
May 01, 2018 11:52:50 AM net.sf.freecol.common.util.LogBuilder log
INFO: Destroying: tileImprovement:4470
May 01, 2018 11:52:50 AM net.sf.freecol.common.util.LogBuilder log
INFO: Destroying: tileImprovement:4472
May 01, 2018 11:52:50 AM net.sf.freecol.common.util.LogBuilder log
INFO: Destroying: tileImprovement:4474
May 01, 2018 11:52:50 AM net.sf.freecol.common.util.LogBuilder log
INFO: Destroying: tileImprovement:4476
May 01, 2018 11:52:50 AM net.sf.freecol.common.util.LogBuilder log
INFO: Destroying: tileImprovement:4516
May 01, 2018 11:52:50 AM net.sf.freecol.common.util.LogBuilder log
INFO: Destroying: tileImprovement:4518
May 01, 2018 11:52:50 AM net.sf.freecol.common.util.LogBuilder log
INFO: Destroying: tileImprovement:4520
May 01, 2018 11:52:50 AM net.sf.freecol.common.util.LogBuilder log
INFO: Destroying: tileImprovement:4522
May 01, 2018 11:52:50 AM net.sf.freecol.common.util.LogBuilder log
INFO: Destroying: tileImprovement:4524
May 01, 2018 11:52:50 AM net.sf.freecol.common.util.LogBuilder log
INFO: Destroying: tileImprovement:4621
May 01, 2018 11:52:50 AM net.sf.freecol.common.util.LogBuilder log
INFO: Destroying: tileImprovement:4623
May 01, 2018 11:52:50 AM net.sf.freecol.common.util.LogBuilder log
INFO: Destroying: tileImprovement:4625
May 01, 2018 11:52:50 AM net.sf.freecol.common.util.LogBuilder log
INFO: Destroying: tileImprovement:4627
May 01, 2018 11:52:50 AM net.sf.freecol.common.util.LogBuilder log
INFO: Destroying: tileImprovement:4629
May 01, 2018 11:52:50 AM net.sf.freecol.common.util.LogBuilder log
INFO: Destroying: tileImprovement:4514
May 01, 2018 11:52:50 AM net.sf.freecol.common.util.LogBuilder log
INFO: Destroying: tileImprovement:4690
May 01, 2018 11:52:50 AM net.sf.freecol.common.util.LogBuilder log
INFO: Destroying: tileImprovement:4691
May 01, 2018 11:52:50 AM net.sf.freecol.common.util.LogBuilder log
INFO: Destroying: tileImprovement:4692
May 01, 2018 11:52:50 AM net.sf.freecol.common.util.LogBuilder log
INFO: Destroying: tileImprovement:4693
May 01, 2018 11:52:50 AM net.sf.freecol.common.util.LogBuilder log
INFO: Destroying: tileImprovement:4694
May 01, 2018 11:52:50 AM net.sf.freecol.common.util.LogBuilder log
INFO: Destroying: tileImprovement:4724
May 01, 2018 11:52:50 AM net.sf.freecol.common.util.LogBuilder log
INFO: Destroying: tileImprovement:4726
May 01, 2018 11:52:50 AM net.sf.freecol.common.util.LogBuilder log
INFO: Destroying: tileImprovement:4728
May 01, 2018 11:52:50 AM net.sf.freecol.common.util.LogBuilder log
INFO: Destroying: tileImprovement:4730
May 01, 2018 11:52:50 AM net.sf.freecol.common.util.LogBuilder log
INFO: Destroying: tileImprovement:4732
May 01, 2018 11:52:50 AM net.sf.freecol.common.util.LogBuilder log
INFO: Destroying: tileImprovement:4734
May 01, 2018 11:52:50 AM net.sf.freecol.common.util.LogBuilder log
INFO: Destroying: tileImprovement:4719
May 01, 2018 11:52:50 AM net.sf.freecol.common.util.LogBuilder log
INFO: Destroying: tileImprovement:4720
May 01, 2018 11:52:50 AM net.sf.freecol.common.util.LogBuilder log
INFO: Destroying: tileImprovement:4721
May 01, 2018 11:52:50 AM net.sf.freecol.common.util.LogBuilder log
INFO: Destroying: tileImprovement:4722
May 01, 2018 11:52:50 AM net.sf.freecol.common.util.LogBuilder log
INFO: Destroying: tileImprovement:4723
May 01, 2018 11:52:50 AM net.sf.freecol.common.util.LogBuilder log
INFO: Destroying: tileImprovement:4283
May 01, 2018 11:52:50 AM net.sf.freecol.common.util.LogBuilder log
INFO: Destroying: tileImprovement:4285
May 01, 2018 11:52:50 AM net.sf.freecol.common.util.LogBuilder log
INFO: Destroying: tileImprovement:4287
May 01, 2018 11:52:50 AM net.sf.freecol.common.util.LogBuilder log
INFO: Destroying: tileImprovement:4289
May 01, 2018 11:52:50 AM net.sf.freecol.common.util.LogBuilder log
INFO: Destroying: tileImprovement:4291
May 01, 2018 11:52:50 AM net.sf.freecol.common.util.LogBuilder log
INFO: Destroying: tileImprovement:4293
May 01, 2018 11:52:50 AM net.sf.freecol.common.util.LogBuilder log
INFO: Destroying: tileImprovement:4295
May 01, 2018 11:52:50 AM net.sf.freecol.common.util.LogBuilder log
INFO: Destroying: tileImprovement:4297
May 01, 2018 11:52:50 AM net.sf.freecol.common.util.LogBuilder log
INFO: Destroying: tileImprovement:4567
May 01, 2018 11:52:50 AM net.sf.freecol.common.util.LogBuilder log
INFO: Destroying: tileImprovement:4568
May 01, 2018 11:52:50 AM net.sf.freecol.common.util.LogBuilder log
INFO: Destroying: tileImprovement:4569
May 01, 2018 11:52:50 AM net.sf.freecol.common.util.LogBuilder log
INFO: Destroying: tileImprovement:4411
May 01, 2018 11:52:50 AM net.sf.freecol.common.util.LogBuilder log
INFO: Destroying: tileImprovement:4413
May 01, 2018 11:52:50 AM net.sf.freecol.common.util.LogBuilder log
INFO: Destroying: tileImprovement:4415
May 01, 2018 11:52:50 AM net.sf.freecol.common.util.LogBuilder log
INFO: Destroying: tileImprovement:4417
May 01, 2018 11:52:50 AM net.sf.freecol.common.util.LogBuilder log
INFO: Destroying: tileImprovement:4419
May 01, 2018 11:52:50 AM net.sf.freecol.common.util.LogBuilder log
INFO: Destroying: tileImprovement:4695
May 01, 2018 11:52:50 AM net.sf.freecol.common.util.LogBuilder log
INFO: Destroying: tileImprovement:4697
May 01, 2018 11:52:50 AM net.sf.freecol.common.util.LogBuilder log
INFO: Destroying: tileImprovement:4699
May 01, 2018 11:52:50 AM net.sf.freecol.common.util.LogBuilder log
INFO: Destroying: tileImprovement:4701
May 01, 2018 11:52:50 AM net.sf.freecol.common.util.LogBuilder log
INFO: Destroying: tileImprovement:4703
May 01, 2018 11:52:50 AM net.sf.freecol.common.util.LogBuilder log
INFO: Destroying: tileImprovement:4705
May 01, 2018 11:52:50 AM net.sf.freecol.common.util.LogBuilder log
INFO: Destroying: tileImprovement:4381
May 01, 2018 11:52:50 AM net.sf.freecol.common.util.LogBuilder log
INFO: Destroying: tileImprovement:4383
May 01, 2018 11:52:50 AM net.sf.freecol.common.util.LogBuilder log
INFO: Destroying: tileImprovement:4385
May 01, 2018 11:52:50 AM net.sf.freecol.common.util.LogBuilder log
INFO: Destroying: tileImprovement:4359
May 01, 2018 11:52:50 AM net.sf.freecol.common.util.LogBuilder log
INFO: Destroying: tileImprovement:4532
May 01, 2018 11:52:50 AM net.sf.freecol.common.util.LogBuilder log
INFO: Destroying: tileImprovement:4534
May 01, 2018 11:52:50 AM net.sf.freecol.common.util.LogBuilder log
INFO: Destroying: tileImprovement:4536
May 01, 2018 11:52:50 AM net.sf.freecol.common.util.LogBuilder log
INFO: Destroying: tileImprovement:4761
May 01, 2018 11:52:50 AM net.sf.freecol.common.util.LogBuilder log
INFO: Destroying: tileImprovement:4758
May 01, 2018 11:52:50 AM net.sf.freecol.common.util.LogBuilder log
INFO: Destroying: tileImprovement:4632
May 01, 2018 11:52:50 AM net.sf.freecol.common.util.LogBuilder log
INFO: Destroying: tileImprovement:4634
May 01, 2018 11:52:50 AM net.sf.freecol.common.util.LogBuilder log
INFO: Destroying: tileImprovement:4636
May 01, 2018 11:52:50 AM net.sf.freecol.common.util.LogBuilder log
INFO: Destroying: tileImprovement:4638
May 01, 2018 11:52:50 AM net.sf.freecol.common.util.LogBuilder log
INFO: Destroying: tileImprovement:4640
May 01, 2018 11:52:50 AM net.sf.freecol.common.util.LogBuilder log
INFO: Destroying: tileImprovement:4788
May 01, 2018 11:52:50 AM net.sf.freecol.common.util.LogBuilder log
INFO: Destroying: tileImprovement:4790
May 01, 2018 11:52:50 AM net.sf.freecol.common.util.LogBuilder log
INFO: Destroying: tileImprovement:4764
May 01, 2018 11:52:50 AM net.sf.freecol.common.util.LogBuilder log
INFO: Destroying: tileImprovement:4765
May 01, 2018 11:52:50 AM net.sf.freecol.common.util.LogBuilder log
INFO: Destroying: tileImprovement:4766
May 01, 2018 11:52:50 AM net.sf.freecol.common.util.LogBuilder log
INFO: Destroying: tileImprovement:4767
May 01, 2018 11:52:50 AM net.sf.freecol.common.util.LogBuilder log
INFO: Destroying: tileImprovement:4768
May 01, 2018 11:52:50 AM net.sf.freecol.common.util.LogBuilder log
INFO: Destroying: tileImprovement:4769
May 01, 2018 11:52:50 AM net.sf.freecol.common.util.LogBuilder log
INFO: Destroying: tileImprovement:4645
May 01, 2018 11:52:50 AM net.sf.freecol.common.util.LogBuilder log
INFO: Destroying: tileImprovement:4647
May 01, 2018 11:52:50 AM net.sf.freecol.common.util.LogBuilder log
INFO: Destroying: tileImprovement:4649
May 01, 2018 11:52:50 AM net.sf.freecol.common.util.LogBuilder log
INFO: Destroying: tileImprovement:4407
May 01, 2018 11:52:50 AM net.sf.freecol.common.util.LogBuilder log
INFO: Destroying: tileImprovement:4409
May 01, 2018 11:52:50 AM net.sf.freecol.common.util.LogBuilder log
INFO: Destroying: tileImprovement:4811
May 01, 2018 11:52:50 AM net.sf.freecol.common.util.LogBuilder log
INFO: Destroying: tileImprovement:4812
May 01, 2018 11:52:50 AM net.sf.freecol.common.util.LogBuilder log
INFO: Destroying: tileImprovement:4813
May 01, 2018 11:52:50 AM net.sf.freecol.common.util.LogBuilder log
INFO: Destroying: tileImprovement:4814
May 01, 2018 11:52:50 AM net.sf.freecol.common.util.LogBuilder log
INFO: Destroying: tileImprovement:4815
May 01, 2018 11:52:50 AM net.sf.freecol.server.networking.Server sendToAll
INFO: Reap dead connection: [DummyConnection Server connection - model.nation.apache]
May 01, 2018 11:52:50 AM net.sf.freecol.server.networking.Server sendToAll
INFO: Reap dead connection: [DummyConnection Server connection - model.nation.spanish]
May 01, 2018 11:52:50 AM net.sf.freecol.server.networking.Server sendToAll
INFO: Reap dead connection: [DummyConnection Server connection - model.nation.dutch]
May 01, 2018 11:52:50 AM net.sf.freecol.server.networking.Server sendToAll
INFO: Reap dead connection: [DummyConnection Server connection - model.nation.tupi]
May 01, 2018 11:52:50 AM net.sf.freecol.server.networking.Server sendToAll
INFO: Reap dead connection: [DummyConnection Server connection - model.nation.inca]
May 01, 2018 11:52:50 AM net.sf.freecol.server.networking.Server sendToAll
INFO: Reap dead connection: [DummyConnection Server connection - model.nation.french]
May 01, 2018 11:52:50 AM net.sf.freecol.server.networking.Server sendToAll
INFO: Reap dead connection: [DummyConnection Server connection - model.nation.arawak]
May 01, 2018 11:52:50 AM net.sf.freecol.server.networking.Server sendToAll
INFO: Reap dead connection: [DummyConnection Server connection - model.nation.cherokee]
May 01, 2018 11:52:50 AM net.sf.freecol.server.networking.Server sendToAll
INFO: Reap dead connection: [DummyConnection Server connection - model.nation.sioux]
May 01, 2018 11:52:50 AM net.sf.freecol.server.networking.Server sendToAll
INFO: Reap dead connection: [DummyConnection Server connection - model.nation.aztec]
May 01, 2018 11:52:50 AM net.sf.freecol.server.networking.Server sendToAll
INFO: Reap dead connection: [DummyConnection Server connection - model.nation.iroquois]
May 01, 2018 11:52:50 AM net.sf.freecol.server.networking.Server sendToAll
INFO: Reap dead connection: [DummyConnection Server connection - model.nation.english]
May 01, 2018 11:52:50 AM net.sf.freecol.common.FreeColSeed getFreeColSeed
INFO: Using seed: 2037636062216996343
May 01, 2018 11:52:50 AM net.sf.freecol.server.FreeColServer readGame
INFO: Found savegame version 13
May 01, 2018 11:52:50 AM net.sf.freecol.common.model.Game readChild
INFO: Loading specification.
May 01, 2018 11:52:50 AM net.sf.freecol.common.model.Specification checkDifficultyOptionGroup
INFO: Check group model.difficulty.immigration
May 01, 2018 11:52:50 AM net.sf.freecol.common.model.Specification checkDifficultyOptionGroup
INFO: Check group model.difficulty.natives
May 01, 2018 11:52:50 AM net.sf.freecol.common.model.Specification checkDifficultyOptionGroup
INFO: Check group model.difficulty.monarch
May 01, 2018 11:52:50 AM net.sf.freecol.common.model.Specification checkDifficultyOptionGroup
INFO: Check group model.difficulty.government
May 01, 2018 11:52:50 AM net.sf.freecol.common.model.Specification checkDifficultyOptionGroup
INFO: Check group model.difficulty.other
May 01, 2018 11:52:50 AM net.sf.freecol.common.model.Specification checkDifficultyOptionGroup
INFO: Check group model.difficulty.cheat
May 01, 2018 11:52:50 AM net.sf.freecol.common.model.Specification applyDifficultyLevel
INFO: Applying difficulty level model.difficulty.medium
May 01, 2018 11:52:50 AM net.sf.freecol.common.model.Specification clean
INFO: Specification clean following load from stream complete, starting year=1492, season year=1600, ages=[1,109,309], seasons=2, 253 FreeColGameObjectTypes, 79 Abilities, 41 BuildingTypes, 14 Disasters, 9 EuropeanNationTypes, 2 Events, 25 FoundingFathers, 21 GoodsTypes, 8 IndianNationTypes, 59 Modifiers, 25 Nations, 161 Options, 23 Option Groups, 12 ResourceTypes, 11 Roles, 23 TileTypes, 6 TileImprovementTypes, 42 UnitTypes read.
May 01, 2018 11:52:50 AM net.sf.freecol.server.FreeColServer loadGame
INFO: Game integrity test succeeded.
May 01, 2018 11:52:50 AM net.sf.freecol.server.FreeColServer loadGame
INFO: AI integrity test succeeded
May 01, 2018 11:52:50 AM net.sf.freecol.common.FreeColSeed getFreeColSeed
INFO: Using seed: 207485419253494970
May 01, 2018 11:52:50 AM net.sf.freecol.common.model.LandMap <init>
INFO: Using land generator model.option.landGeneratorType.classic
May 01, 2018 11:52:50 AM net.sf.freecol.common.util.LogBuilder log
INFO: Destroying: tileImprovement:4340
May 01, 2018 11:52:50 AM net.sf.freecol.common.util.LogBuilder log
INFO: Destroying: tileImprovement:4342
May 01, 2018 11:52:50 AM net.sf.freecol.common.util.LogBuilder log
INFO: Destroying: tileImprovement:4344
May 01, 2018 11:52:50 AM net.sf.freecol.common.util.LogBuilder log
INFO: Destroying: tileImprovement:4397
May 01, 2018 11:52:50 AM net.sf.freecol.common.util.LogBuilder log
INFO: Destroying: tileImprovement:4399
May 01, 2018 11:52:50 AM net.sf.freecol.common.util.LogBuilder log
INFO: Destroying: tileImprovement:4401
May 01, 2018 11:52:50 AM net.sf.freecol.common.util.LogBuilder log
INFO: Destroying: tileImprovement:4403
May 01, 2018 11:52:50 AM net.sf.freecol.common.util.LogBuilder log
INFO: Destroying: tileImprovement:4405
May 01, 2018 11:52:50 AM net.sf.freecol.common.util.LogBuilder log
INFO: Destroying: tileImprovement:4407
May 01, 2018 11:52:50 AM net.sf.freecol.common.util.LogBuilder log
INFO: Destroying: tileImprovement:4409
May 01, 2018 11:52:50 AM net.sf.freecol.common.util.LogBuilder log
INFO: Destroying: tileImprovement:4411
May 01, 2018 11:52:50 AM net.sf.freecol.common.util.LogBuilder log
INFO: Destroying: tileImprovement:4413
May 01, 2018 11:52:50 AM net.sf.freecol.common.util.LogBuilder log
INFO: Destroying: tileImprovement:4338
May 01, 2018 11:52:50 AM net.sf.freecol.common.util.LogBuilder log
INFO: Destroying: tileImprovement:4421
May 01, 2018 11:52:50 AM net.sf.freecol.common.util.LogBuilder log
INFO: Destroying: tileImprovement:4422
May 01, 2018 11:52:50 AM net.sf.freecol.common.util.LogBuilder log
INFO: Destroying: tileImprovement:4423
May 01, 2018 11:52:50 AM net.sf.freecol.common.util.LogBuilder log
INFO: Destroying: tileImprovement:4441
May 01, 2018 11:52:50 AM net.sf.freecol.common.util.LogBuilder log
INFO: Destroying: tileImprovement:4442
May 01, 2018 11:52:50 AM net.sf.freecol.common.util.LogBuilder log
INFO: Destroying: tileImprovement:4443
May 01, 2018 11:52:50 AM net.sf.freecol.common.util.LogBuilder log
INFO: Destroying: tileImprovement:4444
May 01, 2018 11:52:50 AM net.sf.freecol.common.util.LogBuilder log
INFO: Destroying: tileImprovement:4445
May 01, 2018 11:52:50 AM net.sf.freecol.common.util.LogBuilder log
INFO: Destroying: tileImprovement:4446
May 01, 2018 11:52:50 AM net.sf.freecol.common.util.LogBuilder log
INFO: Destroying: tileImprovement:4447
May 01, 2018 11:52:50 AM net.sf.freecol.common.util.LogBuilder log
INFO: Destroying: tileImprovement:4448
May 01, 2018 11:52:50 AM net.sf.freecol.common.util.LogBuilder log
INFO: Destroying: tileImprovement:4449
May 01, 2018 11:52:50 AM net.sf.freecol.common.util.LogBuilder log
INFO: Destroying: tileImprovement:4469
May 01, 2018 11:52:50 AM net.sf.freecol.common.util.LogBuilder log
INFO: Destroying: tileImprovement:4471
May 01, 2018 11:52:50 AM net.sf.freecol.common.util.LogBuilder log
INFO: Destroying: tileImprovement:4473
May 01, 2018 11:52:50 AM net.sf.freecol.common.util.LogBuilder log
INFO: Destroying: tileImprovement:4515
May 01, 2018 11:52:50 AM net.sf.freecol.common.util.LogBuilder log
INFO: Destroying: tileImprovement:4295
May 01, 2018 11:52:50 AM net.sf.freecol.common.util.LogBuilder log
INFO: Destroying: tileImprovement:4297
May 01, 2018 11:52:50 AM net.sf.freecol.common.util.LogBuilder log
INFO: Destroying: tileImprovement:4299
May 01, 2018 11:52:50 AM net.sf.freecol.common.util.LogBuilder log
INFO: Destroying: tileImprovement:4301
May 01, 2018 11:52:50 AM net.sf.freecol.common.util.LogBuilder log
INFO: Destroying: tileImprovement:4303
May 01, 2018 11:52:50 AM net.sf.freecol.common.util.LogBuilder log
INFO: Destroying: tileImprovement:4305
May 01, 2018 11:52:50 AM net.sf.freecol.common.util.LogBuilder log
INFO: Destroying: tileImprovement:4307
May 01, 2018 11:52:50 AM net.sf.freecol.common.util.LogBuilder log
INFO: Destroying: tileImprovement:4309
May 01, 2018 11:52:50 AM net.sf.freecol.common.util.LogBuilder log
INFO: Destroying: tileImprovement:4311
May 01, 2018 11:52:50 AM net.sf.freecol.common.util.LogBuilder log
INFO: Destroying: tileImprovement:4313
May 01, 2018 11:52:50 AM net.sf.freecol.common.util.LogBuilder log
INFO: Destroying: tileImprovement:4315
May 01, 2018 11:52:50 AM net.sf.freecol.common.util.LogBuilder log
INFO: Destroying: tileImprovement:4317
May 01, 2018 11:52:50 AM net.sf.freecol.common.util.LogBuilder log
INFO: Destroying: tileImprovement:4319
May 01, 2018 11:52:50 AM net.sf.freecol.common.util.LogBuilder log
INFO: Destroying: tileImprovement:4321
May 01, 2018 11:52:50 AM net.sf.freecol.common.util.LogBuilder log
INFO: Destroying: tileImprovement:4323
May 01, 2018 11:52:50 AM net.sf.freecol.common.util.LogBuilder log
INFO: Destroying: tileImprovement:4325
May 01, 2018 11:52:50 AM net.sf.freecol.common.util.LogBuilder log
INFO: Destroying: tileImprovement:4327
May 01, 2018 11:52:50 AM net.sf.freecol.common.util.LogBuilder log
INFO: Destroying: tileImprovement:4526
May 01, 2018 11:52:50 AM net.sf.freecol.common.util.LogBuilder log
INFO: Destroying: tileImprovement:4519
May 01, 2018 11:52:50 AM net.sf.freecol.common.util.LogBuilder log
INFO: Destroying: tileImprovement:4520
May 01, 2018 11:52:50 AM net.sf.freecol.common.util.LogBuilder log
INFO: Destroying: tileImprovement:4521
May 01, 2018 11:52:50 AM net.sf.freecol.common.util.LogBuilder log
INFO: Destroying: tileImprovement:4280
May 01, 2018 11:52:50 AM net.sf.freecol.common.util.LogBuilder log
INFO: Destroying: tileImprovement:4282
May 01, 2018 11:52:50 AM net.sf.freecol.common.util.LogBuilder log
INFO: Destroying: tileImprovement:4284
May 01, 2018 11:52:50 AM net.sf.freecol.common.util.LogBuilder log
INFO: Destroying: tileImprovement:4286
May 01, 2018 11:52:50 AM net.sf.freecol.common.util.LogBuilder log
INFO: Destroying: tileImprovement:4288
May 01, 2018 11:52:50 AM net.sf.freecol.common.util.LogBuilder log
INFO: Destroying: tileImprovement:4290
May 01, 2018 11:52:50 AM net.sf.freecol.common.util.LogBuilder log
INFO: Destroying: tileImprovement:4292
May 01, 2018 11:52:50 AM net.sf.freecol.common.util.LogBuilder log
INFO: Destroying: tileImprovement:4572
May 01, 2018 11:52:50 AM net.sf.freecol.common.util.LogBuilder log
INFO: Destroying: tileImprovement:4574
May 01, 2018 11:52:50 AM net.sf.freecol.common.util.LogBuilder log
INFO: Destroying: tileImprovement:4576
May 01, 2018 11:52:50 AM net.sf.freecol.common.util.LogBuilder log
INFO: Destroying: tileImprovement:4578
May 01, 2018 11:52:50 AM net.sf.freecol.common.util.LogBuilder log
INFO: Destroying: tileImprovement:4555
May 01, 2018 11:52:50 AM net.sf.freecol.common.util.LogBuilder log
INFO: Destroying: tileImprovement:4556
May 01, 2018 11:52:50 AM net.sf.freecol.common.util.LogBuilder log
INFO: Destroying: tileImprovement:4557
May 01, 2018 11:52:51 AM net.sf.freecol.common.util.LogBuilder log
INFO: Destroying: tileImprovement:4558
May 01, 2018 11:52:51 AM net.sf.freecol.common.util.LogBuilder log
INFO: Destroying: tileImprovement:4559
May 01, 2018 11:52:51 AM net.sf.freecol.common.util.LogBuilder log
INFO: Destroying: tileImprovement:4560
May 01, 2018 11:52:51 AM net.sf.freecol.common.util.LogBuilder log
INFO: Destroying: tileImprovement:4561
May 01, 2018 11:52:51 AM net.sf.freecol.common.util.LogBuilder log
INFO: Destroying: tileImprovement:4562
May 01, 2018 11:52:51 AM net.sf.freecol.common.util.LogBuilder log
INFO: Destroying: tileImprovement:4563
May 01, 2018 11:52:51 AM net.sf.freecol.common.util.LogBuilder log
INFO: Destroying: tileImprovement:4564
May 01, 2018 11:52:51 AM net.sf.freecol.common.util.LogBuilder log
INFO: Destroying: tileImprovement:4565
May 01, 2018 11:52:51 AM net.sf.freecol.common.util.LogBuilder log
INFO: Destroying: tileImprovement:4566
May 01, 2018 11:52:51 AM net.sf.freecol.common.util.LogBuilder log
INFO: Destroying: tileImprovement:4567
May 01, 2018 11:52:51 AM net.sf.freecol.common.util.LogBuilder log
INFO: Destroying: tileImprovement:4568
May 01, 2018 11:52:51 AM net.sf.freecol.common.util.LogBuilder log
INFO: Destroying: tileImprovement:4569
May 01, 2018 11:52:51 AM net.sf.freecol.common.util.LogBuilder log
INFO: Destroying: tileImprovement:4570
May 01, 2018 11:52:51 AM net.sf.freecol.common.util.LogBuilder log
INFO: Destroying: tileImprovement:4571
May 01, 2018 11:52:51 AM net.sf.freecol.common.util.LogBuilder log
INFO: Destroying: tileImprovement:4355
May 01, 2018 11:52:51 AM net.sf.freecol.common.util.LogBuilder log
INFO: Destroying: tileImprovement:4357
May 01, 2018 11:52:51 AM net.sf.freecol.common.util.LogBuilder log
INFO: Destroying: tileImprovement:4359
May 01, 2018 11:52:51 AM net.sf.freecol.common.util.LogBuilder log
INFO: Destroying: tileImprovement:4361
May 01, 2018 11:52:51 AM net.sf.freecol.common.util.LogBuilder log
INFO: Destroying: tileImprovement:4363
May 01, 2018 11:52:51 AM net.sf.freecol.common.util.LogBuilder log
INFO: Destroying: tileImprovement:4365
May 01, 2018 11:52:51 AM net.sf.freecol.common.util.LogBuilder log
INFO: Destroying: tileImprovement:4367
May 01, 2018 11:52:51 AM net.sf.freecol.common.util.LogBuilder log
INFO: Destroying: tileImprovement:4369
May 01, 2018 11:52:51 AM net.sf.freecol.common.util.LogBuilder log
INFO: Destroying: tileImprovement:4371
May 01, 2018 11:52:51 AM net.sf.freecol.common.util.LogBuilder log
INFO: Destroying: tileImprovement:4373
May 01, 2018 11:52:51 AM net.sf.freecol.common.util.LogBuilder log
INFO: Destroying: tileImprovement:4375
May 01, 2018 11:52:51 AM net.sf.freecol.common.util.LogBuilder log
INFO: Destroying: tileImprovement:4377
May 01, 2018 11:52:51 AM net.sf.freecol.common.util.LogBuilder log
INFO: Destroying: tileImprovement:4379
May 01, 2018 11:52:51 AM net.sf.freecol.common.util.LogBuilder log
INFO: Destroying: tileImprovement:4381
May 01, 2018 11:52:51 AM net.sf.freecol.common.util.LogBuilder log
INFO: Destroying: tileImprovement:4383
May 01, 2018 11:52:51 AM net.sf.freecol.common.util.LogBuilder log
INFO: Destroying: tileImprovement:4664
May 01, 2018 11:52:51 AM net.sf.freecol.common.util.LogBuilder log
INFO: Destroying: tileImprovement:4665
May 01, 2018 11:52:51 AM net.sf.freecol.common.util.LogBuilder log
INFO: Destroying: tileImprovement:4666
May 01, 2018 11:52:51 AM net.sf.freecol.common.util.LogBuilder log
INFO: Destroying: tileImprovement:4667
May 01, 2018 11:52:51 AM net.sf.freecol.common.util.LogBuilder log
INFO: Destroying: tileImprovement:4668
May 01, 2018 11:52:51 AM net.sf.freecol.common.util.LogBuilder log
INFO: Destroying: tileImprovement:4669
May 01, 2018 11:52:51 AM net.sf.freecol.common.util.LogBuilder log
INFO: Destroying: tileImprovement:4670
May 01, 2018 11:52:51 AM net.sf.freecol.common.util.LogBuilder log
INFO: Destroying: tileImprovement:4671
May 01, 2018 11:52:51 AM net.sf.freecol.common.util.LogBuilder log
INFO: Destroying: tileImprovement:4672
May 01, 2018 11:52:51 AM net.sf.freecol.common.util.LogBuilder log
INFO: Destroying: tileImprovement:4673
May 01, 2018 11:52:51 AM net.sf.freecol.common.util.LogBuilder log
INFO: Destroying: tileImprovement:4674
May 01, 2018 11:52:51 AM net.sf.freecol.common.util.LogBuilder log
INFO: Destroying: tileImprovement:4585
May 01, 2018 11:52:51 AM net.sf.freecol.common.util.LogBuilder log
INFO: Destroying: tileImprovement:4587
May 01, 2018 11:52:51 AM net.sf.freecol.common.util.LogBuilder log
INFO: Destroying: tileImprovement:4584
May 01, 2018 11:52:51 AM net.sf.freecol.common.util.LogBuilder log
INFO: Destroying: tileImprovement:4700
May 01, 2018 11:52:51 AM net.sf.freecol.common.util.LogBuilder log
INFO: Destroying: tileImprovement:4702
May 01, 2018 11:52:51 AM net.sf.freecol.common.util.LogBuilder log
INFO: Destroying: tileImprovement:4679
May 01, 2018 11:52:51 AM net.sf.freecol.common.util.LogBuilder log
INFO: Destroying: tileImprovement:4681
May 01, 2018 11:52:51 AM net.sf.freecol.common.util.LogBuilder log
INFO: Destroying: tileImprovement:4683
May 01, 2018 11:52:51 AM net.sf.freecol.common.util.LogBuilder log
INFO: Destroying: tileImprovement:4685
May 01, 2018 11:52:51 AM net.sf.freecol.common.util.LogBuilder log
INFO: Destroying: tileImprovement:4687
May 01, 2018 11:52:51 AM net.sf.freecol.common.util.LogBuilder log
INFO: Destroying: tileImprovement:4660
May 01, 2018 11:52:51 AM net.sf.freecol.common.util.LogBuilder log
INFO: Destroying: tileImprovement:4661
May 01, 2018 11:52:51 AM net.sf.freecol.common.util.LogBuilder log
INFO: Destroying: tileImprovement:4662
May 01, 2018 11:52:51 AM net.sf.freecol.common.util.LogBuilder log
INFO: Destroying: tileImprovement:4663
May 01, 2018 11:52:51 AM net.sf.freecol.common.util.LogBuilder log
INFO: Destroying: tileImprovement:4764
May 01, 2018 11:52:51 AM net.sf.freecol.common.util.LogBuilder log
INFO: Destroying: tileImprovement:4766
May 01, 2018 11:52:51 AM net.sf.freecol.common.util.LogBuilder log
INFO: Destroying: tileImprovement:4768
May 01, 2018 11:52:51 AM net.sf.freecol.common.util.LogBuilder log
INFO: Destroying: tileImprovement:4770
May 01, 2018 11:52:51 AM net.sf.freecol.common.util.LogBuilder log
INFO: Destroying: tileImprovement:4772
May 01, 2018 11:52:51 AM net.sf.freecol.common.util.LogBuilder log
INFO: Destroying: tileImprovement:4774
May 01, 2018 11:52:51 AM net.sf.freecol.common.util.LogBuilder log
INFO: Destroying: tileImprovement:4776
May 01, 2018 11:52:51 AM net.sf.freecol.common.util.LogBuilder log
INFO: Destroying: tileImprovement:4426
May 01, 2018 11:52:51 AM net.sf.freecol.common.util.LogBuilder log
INFO: Destroying: tileImprovement:4428
May 01, 2018 11:52:51 AM net.sf.freecol.common.util.LogBuilder log
INFO: Destroying: tileImprovement:4430
May 01, 2018 11:52:51 AM net.sf.freecol.common.util.LogBuilder log
INFO: Destroying: tileImprovement:4432
May 01, 2018 11:52:51 AM net.sf.freecol.common.util.LogBuilder log
INFO: Destroying: tileImprovement:4434
May 01, 2018 11:52:51 AM net.sf.freecol.common.util.LogBuilder log
INFO: Destroying: tileImprovement:4436
May 01, 2018 11:52:51 AM net.sf.freecol.common.util.LogBuilder log
INFO: Destroying: tileImprovement:4438
May 01, 2018 11:52:51 AM net.sf.freecol.common.util.LogBuilder log
INFO: Destroying: tileImprovement:4726
May 01, 2018 11:52:51 AM net.sf.freecol.common.util.LogBuilder log
INFO: Destroying: tileImprovement:4728
May 01, 2018 11:52:51 AM net.sf.freecol.common.util.LogBuilder log
INFO: Destroying: tileImprovement:4730
May 01, 2018 11:52:51 AM net.sf.freecol.common.util.LogBuilder log
INFO: Destroying: tileImprovement:4543
May 01, 2018 11:52:51 AM net.sf.freecol.common.util.LogBuilder log
INFO: Destroying: tileImprovement:4545
May 01, 2018 11:52:51 AM net.sf.freecol.common.util.LogBuilder log
INFO: Destroying: tileImprovement:4547
May 01, 2018 11:52:51 AM net.sf.freecol.common.util.LogBuilder log
INFO: Destroying: tileImprovement:4549
May 01, 2018 11:52:51 AM net.sf.freecol.common.util.LogBuilder log
INFO: Destroying: tileImprovement:4551
May 01, 2018 11:52:51 AM net.sf.freecol.common.util.LogBuilder log
INFO: Destroying: tileImprovement:4542
May 01, 2018 11:52:51 AM net.sf.freecol.common.util.LogBuilder log
INFO: Destroying: tileImprovement:4457
May 01, 2018 11:52:51 AM net.sf.freecol.common.util.LogBuilder log
INFO: Destroying: tileImprovement:4459
May 01, 2018 11:52:51 AM net.sf.freecol.common.util.LogBuilder log
INFO: Destroying: tileImprovement:4461
May 01, 2018 11:52:51 AM net.sf.freecol.common.util.LogBuilder log
INFO: Destroying: tileImprovement:4463
May 01, 2018 11:52:51 AM net.sf.freecol.common.util.LogBuilder log
INFO: Destroying: tileImprovement:4465
May 01, 2018 11:52:51 AM net.sf.freecol.common.util.LogBuilder log
INFO: Destroying: tileImprovement:4455
May 01, 2018 11:52:51 AM net.sf.freecol.common.util.LogBuilder log
INFO: Destroying: tileImprovement:4762
May 01, 2018 11:52:51 AM net.sf.freecol.common.util.LogBuilder log
INFO: Destroying: tileImprovement:4815
May 01, 2018 11:52:51 AM net.sf.freecol.common.util.LogBuilder log
INFO: Destroying: tileImprovement:4816
May 01, 2018 11:52:51 AM net.sf.freecol.common.util.LogBuilder log
INFO: Destroying: tileImprovement:4817
May 01, 2018 11:52:51 AM net.sf.freecol.common.util.LogBuilder log
INFO: Destroying: tileImprovement:4818
May 01, 2018 11:52:51 AM net.sf.freecol.common.util.LogBuilder log
INFO: Destroying: tileImprovement:4819
May 01, 2018 11:52:51 AM net.sf.freecol.common.util.LogBuilder log
INFO: Destroying: tileImprovement:4820
May 01, 2018 11:52:51 AM net.sf.freecol.common.util.LogBuilder log
INFO: Destroying: tileImprovement:4821
May 01, 2018 11:52:51 AM net.sf.freecol.server.networking.Server sendToAll
INFO: Reap dead connection: [DummyConnection Server connection - model.nation.inca]
May 01, 2018 11:52:51 AM net.sf.freecol.server.networking.Server sendToAll
INFO: Reap dead connection: [DummyConnection Server connection - model.nation.english]
May 01, 2018 11:52:51 AM net.sf.freecol.server.networking.Server sendToAll
INFO: Reap dead connection: [DummyConnection Server connection - model.nation.apache]
May 01, 2018 11:52:51 AM net.sf.freecol.server.networking.Server sendToAll
INFO: Reap dead connection: [DummyConnection Server connection - model.nation.spanish]
May 01, 2018 11:52:51 AM net.sf.freecol.server.networking.Server sendToAll
INFO: Reap dead connection: [DummyConnection Server connection - model.nation.dutch]
May 01, 2018 11:52:51 AM net.sf.freecol.server.networking.Server sendToAll
INFO: Reap dead connection: [DummyConnection Server connection - model.nation.aztec]
May 01, 2018 11:52:51 AM net.sf.freecol.server.networking.Server sendToAll
INFO: Reap dead connection: [DummyConnection Server connection - model.nation.french]
May 01, 2018 11:52:51 AM net.sf.freecol.server.networking.Server sendToAll
INFO: Reap dead connection: [DummyConnection Server connection - model.nation.iroquois]
May 01, 2018 11:52:51 AM net.sf.freecol.server.networking.Server sendToAll
INFO: Reap dead connection: [DummyConnection Server connection - model.nation.cherokee]
May 01, 2018 11:52:51 AM net.sf.freecol.server.networking.Server sendToAll
INFO: Reap dead connection: [DummyConnection Server connection - model.nation.tupi]
May 01, 2018 11:52:51 AM net.sf.freecol.server.networking.Server sendToAll
INFO: Reap dead connection: [DummyConnection Server connection - model.nation.sioux]
May 01, 2018 11:52:51 AM net.sf.freecol.server.networking.Server sendToAll
INFO: Reap dead connection: [DummyConnection Server connection - model.nation.arawak]
May 01, 2018 11:52:51 AM net.sf.freecol.server.FreeColServer readGame
INFO: Found savegame version 13
May 01, 2018 11:52:51 AM net.sf.freecol.common.model.Game readChild
INFO: Loading specification.
May 01, 2018 11:52:51 AM net.sf.freecol.common.model.Specification checkDifficultyOptionGroup
INFO: Check group model.difficulty.immigration
May 01, 2018 11:52:51 AM net.sf.freecol.common.model.Specification checkDifficultyOptionGroup
INFO: Check group model.difficulty.natives
May 01, 2018 11:52:51 AM net.sf.freecol.common.model.Specification checkDifficultyOptionGroup
INFO: Check group model.difficulty.monarch
May 01, 2018 11:52:51 AM net.sf.freecol.common.model.Specification checkDifficultyOptionGroup
INFO: Check group model.difficulty.government
May 01, 2018 11:52:51 AM net.sf.freecol.common.model.Specification checkDifficultyOptionGroup
INFO: Check group model.difficulty.other
May 01, 2018 11:52:51 AM net.sf.freecol.common.model.Specification checkDifficultyOptionGroup
INFO: Check group model.difficulty.cheat
May 01, 2018 11:52:51 AM net.sf.freecol.common.model.Specification applyDifficultyLevel
INFO: Applying difficulty level model.difficulty.medium
May 01, 2018 11:52:51 AM net.sf.freecol.common.model.Specification clean
INFO: Specification clean following load from stream complete, starting year=1492, season year=1600, ages=[1,109,309], seasons=2, 253 FreeColGameObjectTypes, 79 Abilities, 41 BuildingTypes, 14 Disasters, 9 EuropeanNationTypes, 2 Events, 25 FoundingFathers, 21 GoodsTypes, 8 IndianNationTypes, 59 Modifiers, 25 Nations, 161 Options, 23 Option Groups, 12 ResourceTypes, 11 Roles, 23 TileTypes, 6 TileImprovementTypes, 42 UnitTypes read.
May 01, 2018 11:52:51 AM net.sf.freecol.server.FreeColServer loadGame
INFO: Game integrity test succeeded.
May 01, 2018 11:52:51 AM net.sf.freecol.server.FreeColServer loadGame
INFO: AI integrity test succeeded
May 01, 2018 11:52:51 AM net.sf.freecol.common.FreeColSeed getFreeColSeed
INFO: Using seed: -449439302739810596
May 01, 2018 11:52:51 AM net.sf.freecol.common.model.LandMap <init>
INFO: Using land generator model.option.landGeneratorType.classic
May 01, 2018 11:52:51 AM net.sf.freecol.common.util.LogBuilder log
INFO: Destroying: tileImprovement:4280
May 01, 2018 11:52:51 AM net.sf.freecol.common.util.LogBuilder log
INFO: Destroying: tileImprovement:4282
May 01, 2018 11:52:51 AM net.sf.freecol.common.util.LogBuilder log
INFO: Destroying: tileImprovement:4284
May 01, 2018 11:52:51 AM net.sf.freecol.common.util.LogBuilder log
INFO: Destroying: tileImprovement:4286
May 01, 2018 11:52:51 AM net.sf.freecol.common.util.LogBuilder log
INFO: Destroying: tileImprovement:4288
May 01, 2018 11:52:51 AM net.sf.freecol.common.util.LogBuilder log
INFO: Destroying: tileImprovement:4290
May 01, 2018 11:52:51 AM net.sf.freecol.common.util.LogBuilder log
INFO: Destroying: tileImprovement:4292
May 01, 2018 11:52:51 AM net.sf.freecol.common.util.LogBuilder log
INFO: Destroying: tileImprovement:4412
May 01, 2018 11:52:51 AM net.sf.freecol.common.util.LogBuilder log
INFO: Destroying: tileImprovement:4414
May 01, 2018 11:52:51 AM net.sf.freecol.common.util.LogBuilder log
INFO: Destroying: tileImprovement:4416
May 01, 2018 11:52:51 AM net.sf.freecol.common.util.LogBuilder log
INFO: Destroying: tileImprovement:4418
May 01, 2018 11:52:51 AM net.sf.freecol.common.util.LogBuilder log
INFO: Destroying: tileImprovement:4420
May 01, 2018 11:52:51 AM net.sf.freecol.common.util.LogBuilder log
INFO: Destroying: tileImprovement:4422
May 01, 2018 11:52:51 AM net.sf.freecol.common.util.LogBuilder log
INFO: Destroying: tileImprovement:4424
May 01, 2018 11:52:51 AM net.sf.freecol.common.util.LogBuilder log
INFO: Destroying: tileImprovement:4426
May 01, 2018 11:52:51 AM net.sf.freecol.common.util.LogBuilder log
INFO: Destroying: tileImprovement:4428
May 01, 2018 11:52:51 AM net.sf.freecol.common.util.LogBuilder log
INFO: Destroying: tileImprovement:4389
May 01, 2018 11:52:51 AM net.sf.freecol.common.util.LogBuilder log
INFO: Destroying: tileImprovement:4391
May 01, 2018 11:52:51 AM net.sf.freecol.common.util.LogBuilder log
INFO: Destroying: tileImprovement:4393
May 01, 2018 11:52:51 AM net.sf.freecol.common.util.LogBuilder log
INFO: Destroying: tileImprovement:4395
May 01, 2018 11:52:51 AM net.sf.freecol.common.util.LogBuilder log
INFO: Destroying: tileImprovement:4397
May 01, 2018 11:52:51 AM net.sf.freecol.common.util.LogBuilder log
INFO: Destroying: tileImprovement:4399
May 01, 2018 11:52:51 AM net.sf.freecol.common.util.LogBuilder log
INFO: Destroying: tileImprovement:4401
May 01, 2018 11:52:51 AM net.sf.freecol.common.util.LogBuilder log
INFO: Destroying: tileImprovement:4403
May 01, 2018 11:52:51 AM net.sf.freecol.common.util.LogBuilder log
INFO: Destroying: tileImprovement:4405
May 01, 2018 11:52:51 AM net.sf.freecol.common.util.LogBuilder log
INFO: Destroying: tileImprovement:4278
May 01, 2018 11:52:51 AM net.sf.freecol.common.util.LogBuilder log
INFO: Destroying: tileImprovement:4299
May 01, 2018 11:52:51 AM net.sf.freecol.common.util.LogBuilder log
INFO: Destroying: tileImprovement:4300
May 01, 2018 11:52:51 AM net.sf.freecol.common.util.LogBuilder log
INFO: Destroying: tileImprovement:4301
May 01, 2018 11:52:51 AM net.sf.freecol.common.util.LogBuilder log
INFO: Destroying: tileImprovement:4302
May 01, 2018 11:52:51 AM net.sf.freecol.common.util.LogBuilder log
INFO: Destroying: tileImprovement:4303
May 01, 2018 11:52:51 AM net.sf.freecol.common.util.LogBuilder log
INFO: Destroying: tileImprovement:4304
May 01, 2018 11:52:51 AM net.sf.freecol.common.util.LogBuilder log
INFO: Destroying: tileImprovement:4305
May 01, 2018 11:52:51 AM net.sf.freecol.common.util.LogBuilder log
INFO: Destroying: tileImprovement:4435
May 01, 2018 11:52:51 AM net.sf.freecol.common.util.LogBuilder log
INFO: Destroying: tileImprovement:4436
May 01, 2018 11:52:51 AM net.sf.freecol.common.util.LogBuilder log
INFO: Destroying: tileImprovement:4437
May 01, 2018 11:52:51 AM net.sf.freecol.common.util.LogBuilder log
INFO: Destroying: tileImprovement:4438
May 01, 2018 11:52:51 AM net.sf.freecol.common.util.LogBuilder log
INFO: Destroying: tileImprovement:4439
May 01, 2018 11:52:51 AM net.sf.freecol.common.util.LogBuilder log
INFO: Destroying: tileImprovement:4440
May 01, 2018 11:52:51 AM net.sf.freecol.common.util.LogBuilder log
INFO: Destroying: tileImprovement:4441
May 01, 2018 11:52:51 AM net.sf.freecol.common.util.LogBuilder log
INFO: Destroying: tileImprovement:4581
May 01, 2018 11:52:51 AM net.sf.freecol.common.util.LogBuilder log
INFO: Destroying: tileImprovement:4583
May 01, 2018 11:52:51 AM net.sf.freecol.common.util.LogBuilder log
INFO: Destroying: tileImprovement:4571
May 01, 2018 11:52:51 AM net.sf.freecol.common.util.LogBuilder log
INFO: Destroying: tileImprovement:4535
May 01, 2018 11:52:51 AM net.sf.freecol.common.util.LogBuilder log
INFO: Destroying: tileImprovement:4537
May 01, 2018 11:52:51 AM net.sf.freecol.common.util.LogBuilder log
INFO: Destroying: tileImprovement:4539
May 01, 2018 11:52:51 AM net.sf.freecol.common.util.LogBuilder log
INFO: Destroying: tileImprovement:4541
May 01, 2018 11:52:51 AM net.sf.freecol.common.util.LogBuilder log
INFO: Destroying: tileImprovement:4543
May 01, 2018 11:52:51 AM net.sf.freecol.common.util.LogBuilder log
INFO: Destroying: tileImprovement:4545
May 01, 2018 11:52:51 AM net.sf.freecol.common.util.LogBuilder log
INFO: Destroying: tileImprovement:4547
May 01, 2018 11:52:51 AM net.sf.freecol.common.util.LogBuilder log
INFO: Destroying: tileImprovement:4549
May 01, 2018 11:52:51 AM net.sf.freecol.common.util.LogBuilder log
INFO: Destroying: tileImprovement:4534
May 01, 2018 11:52:51 AM net.sf.freecol.common.util.LogBuilder log
INFO: Destroying: tileImprovement:4502
May 01, 2018 11:52:51 AM net.sf.freecol.common.util.LogBuilder log
INFO: Destroying: tileImprovement:4503
May 01, 2018 11:52:51 AM net.sf.freecol.common.util.LogBuilder log
INFO: Destroying: tileImprovement:4504
May 01, 2018 11:52:51 AM net.sf.freecol.common.util.LogBuilder log
INFO: Destroying: tileImprovement:4505
May 01, 2018 11:52:51 AM net.sf.freecol.common.util.LogBuilder log
INFO: Destroying: tileImprovement:4306
May 01, 2018 11:52:51 AM net.sf.freecol.common.util.LogBuilder log
INFO: Destroying: tileImprovement:4308
May 01, 2018 11:52:51 AM net.sf.freecol.common.util.LogBuilder log
INFO: Destroying: tileImprovement:4310
May 01, 2018 11:52:51 AM net.sf.freecol.common.util.LogBuilder log
INFO: Destroying: tileImprovement:4312
May 01, 2018 11:52:51 AM net.sf.freecol.common.util.LogBuilder log
INFO: Destroying: tileImprovement:4314
May 01, 2018 11:52:51 AM net.sf.freecol.common.util.LogBuilder log
INFO: Destroying: tileImprovement:4526
May 01, 2018 11:52:51 AM net.sf.freecol.common.util.LogBuilder log
INFO: Destroying: tileImprovement:4528
May 01, 2018 11:52:51 AM net.sf.freecol.common.util.LogBuilder log
INFO: Destroying: tileImprovement:4518
May 01, 2018 11:52:51 AM net.sf.freecol.common.util.LogBuilder log
INFO: Destroying: tileImprovement:4520
May 01, 2018 11:52:51 AM net.sf.freecol.common.util.LogBuilder log
INFO: Destroying: tileImprovement:4522
May 01, 2018 11:52:51 AM net.sf.freecol.common.util.LogBuilder log
INFO: Destroying: tileImprovement:4524
May 01, 2018 11:52:51 AM net.sf.freecol.common.util.LogBuilder log
INFO: Destroying: tileImprovement:4782
May 01, 2018 11:52:51 AM net.sf.freecol.common.util.LogBuilder log
INFO: Destroying: tileImprovement:4783
May 01, 2018 11:52:51 AM net.sf.freecol.common.util.LogBuilder log
INFO: Destroying: tileImprovement:4559
May 01, 2018 11:52:51 AM net.sf.freecol.common.util.LogBuilder log
INFO: Destroying: tileImprovement:4561
May 01, 2018 11:52:51 AM net.sf.freecol.common.util.LogBuilder log
INFO: Destroying: tileImprovement:4563
May 01, 2018 11:52:51 AM net.sf.freecol.common.util.LogBuilder log
INFO: Destroying: tileImprovement:4565
May 01, 2018 11:52:51 AM net.sf.freecol.common.util.LogBuilder log
INFO: Destroying: tileImprovement:4567
May 01, 2018 11:52:51 AM net.sf.freecol.common.util.LogBuilder log
INFO: Destroying: tileImprovement:4738
May 01, 2018 11:52:51 AM net.sf.freecol.common.util.LogBuilder log
INFO: Destroying: tileImprovement:4740
May 01, 2018 11:52:51 AM net.sf.freecol.common.util.LogBuilder log
INFO: Destroying: tileImprovement:4742
May 01, 2018 11:52:51 AM net.sf.freecol.common.util.LogBuilder log
INFO: Destroying: tileImprovement:4744
May 01, 2018 11:52:51 AM net.sf.freecol.common.util.LogBuilder log
INFO: Destroying: tileImprovement:4746
May 01, 2018 11:52:51 AM net.sf.freecol.common.util.LogBuilder log
INFO: Destroying: tileImprovement:4727
May 01, 2018 11:52:51 AM net.sf.freecol.common.util.LogBuilder log
INFO: Destroying: tileImprovement:4728
May 01, 2018 11:52:51 AM net.sf.freecol.common.util.LogBuilder log
INFO: Destroying: tileImprovement:4729
May 01, 2018 11:52:51 AM net.sf.freecol.common.util.LogBuilder log
INFO: Destroying: tileImprovement:4730
May 01, 2018 11:52:51 AM net.sf.freecol.common.util.LogBuilder log
INFO: Destroying: tileImprovement:4731
May 01, 2018 11:52:51 AM net.sf.freecol.common.util.LogBuilder log
INFO: Destroying: tileImprovement:4573
May 01, 2018 11:52:51 AM net.sf.freecol.common.util.LogBuilder log
INFO: Destroying: tileImprovement:4575
May 01, 2018 11:52:51 AM net.sf.freecol.common.util.LogBuilder log
INFO: Destroying: tileImprovement:4577
May 01, 2018 11:52:51 AM net.sf.freecol.common.util.LogBuilder log
INFO: Destroying: tileImprovement:4579
May 01, 2018 11:52:51 AM net.sf.freecol.common.util.LogBuilder log
INFO: Destroying: tileImprovement:4607
May 01, 2018 11:52:51 AM net.sf.freecol.common.util.LogBuilder log
INFO: Destroying: tileImprovement:4608
May 01, 2018 11:52:51 AM net.sf.freecol.common.util.LogBuilder log
INFO: Destroying: tileImprovement:4609
May 01, 2018 11:52:51 AM net.sf.freecol.common.util.LogBuilder log
INFO: Destroying: tileImprovement:4790
May 01, 2018 11:52:51 AM net.sf.freecol.common.util.LogBuilder log
INFO: Destroying: tileImprovement:4792
May 01, 2018 11:52:51 AM net.sf.freecol.common.util.LogBuilder log
INFO: Destroying: tileImprovement:4794
May 01, 2018 11:52:51 AM net.sf.freecol.common.util.LogBuilder log
INFO: Destroying: tileImprovement:4840
May 01, 2018 11:52:51 AM net.sf.freecol.common.util.LogBuilder log
INFO: Destroying: tileImprovement:4842
May 01, 2018 11:52:51 AM net.sf.freecol.common.util.LogBuilder log
INFO: Destroying: tileImprovement:4833
May 01, 2018 11:52:51 AM net.sf.freecol.common.util.LogBuilder log
INFO: Destroying: tileImprovement:4834
May 01, 2018 11:52:51 AM net.sf.freecol.common.util.LogBuilder log
INFO: Destroying: tileImprovement:4835
May 01, 2018 11:52:51 AM net.sf.freecol.common.util.LogBuilder log
INFO: Destroying: tileImprovement:4836
May 01, 2018 11:52:51 AM net.sf.freecol.common.util.LogBuilder log
INFO: Destroying: tileImprovement:4837
May 01, 2018 11:52:51 AM net.sf.freecol.common.util.LogBuilder log
INFO: Destroying: tileImprovement:4499
May 01, 2018 11:52:51 AM net.sf.freecol.common.util.LogBuilder log
INFO: Destroying: tileImprovement:4500
May 01, 2018 11:52:51 AM net.sf.freecol.common.util.LogBuilder log
INFO: Destroying: tileImprovement:4501
May 01, 2018 11:52:51 AM net.sf.freecol.common.util.LogBuilder log
INFO: Destroying: tileImprovement:4589
May 01, 2018 11:52:51 AM net.sf.freecol.common.util.LogBuilder log
INFO: Destroying: tileImprovement:4591
May 01, 2018 11:52:51 AM net.sf.freecol.common.util.LogBuilder log
INFO: Destroying: tileImprovement:4593
May 01, 2018 11:52:51 AM net.sf.freecol.common.util.LogBuilder log
INFO: Destroying: tileImprovement:4595
May 01, 2018 11:52:51 AM net.sf.freecol.common.util.LogBuilder log
INFO: Destroying: tileImprovement:4597
May 01, 2018 11:52:51 AM net.sf.freecol.common.util.LogBuilder log
INFO: Destroying: tileImprovement:4599
May 01, 2018 11:52:51 AM net.sf.freecol.common.util.LogBuilder log
INFO: Destroying: tileImprovement:4587
May 01, 2018 11:52:51 AM net.sf.freecol.common.util.LogBuilder log
INFO: Destroying: tileImprovement:4853
May 01, 2018 11:52:51 AM net.sf.freecol.common.util.LogBuilder log
INFO: Destroying: tileImprovement:4855
May 01, 2018 11:52:51 AM net.sf.freecol.common.util.LogBuilder log
INFO: Destroying: tileImprovement:4857
May 01, 2018 11:52:51 AM net.sf.freecol.common.util.LogBuilder log
INFO: Destroying: tileImprovement:4859
May 01, 2018 11:52:51 AM net.sf.freecol.common.util.LogBuilder log
INFO: Destroying: tileImprovement:4861
May 01, 2018 11:52:51 AM net.sf.freecol.common.util.LogBuilder log
INFO: Destroying: tileImprovement:4863
May 01, 2018 11:52:51 AM net.sf.freecol.common.util.LogBuilder log
INFO: Destroying: tileImprovement:4865
May 01, 2018 11:52:51 AM net.sf.freecol.common.util.LogBuilder log
INFO: Destroying: tileImprovement:4845
May 01, 2018 11:52:51 AM net.sf.freecol.common.util.LogBuilder log
INFO: Destroying: tileImprovement:4846
May 01, 2018 11:52:51 AM net.sf.freecol.common.util.LogBuilder log
INFO: Destroying: tileImprovement:4847
May 01, 2018 11:52:51 AM net.sf.freecol.common.util.LogBuilder log
INFO: Destroying: tileImprovement:4848
May 01, 2018 11:52:51 AM net.sf.freecol.common.util.LogBuilder log
INFO: Destroying: tileImprovement:4924
May 01, 2018 11:52:51 AM net.sf.freecol.common.util.LogBuilder log
INFO: Destroying: tileImprovement:4926
May 01, 2018 11:52:51 AM net.sf.freecol.common.util.LogBuilder log
INFO: Destroying: tileImprovement:4918
May 01, 2018 11:52:51 AM net.sf.freecol.common.util.LogBuilder log
INFO: Destroying: tileImprovement:4919
May 01, 2018 11:52:51 AM net.sf.freecol.common.util.LogBuilder log
INFO: Destroying: tileImprovement:4408
May 01, 2018 11:52:51 AM net.sf.freecol.common.util.LogBuilder log
INFO: Destroying: tileImprovement:4410
May 01, 2018 11:52:51 AM net.sf.freecol.common.util.LogBuilder log
INFO: Destroying: tileImprovement:4433
May 01, 2018 11:52:51 AM net.sf.freecol.common.util.LogBuilder log
INFO: Destroying: tileImprovement:4434
May 01, 2018 11:52:51 AM net.sf.freecol.server.networking.Server sendToAll
INFO: Reap dead connection: [DummyConnection Server connection - model.nation.iroquois]
May 01, 2018 11:52:51 AM net.sf.freecol.server.networking.Server sendToAll
INFO: Reap dead connection: [DummyConnection Server connection - model.nation.dutch]
May 01, 2018 11:52:51 AM net.sf.freecol.server.networking.Server sendToAll
INFO: Reap dead connection: [DummyConnection Server connection - model.nation.spanish]
May 01, 2018 11:52:51 AM net.sf.freecol.server.networking.Server sendToAll
INFO: Reap dead connection: [DummyConnection Server connection - model.nation.english]
May 01, 2018 11:52:51 AM net.sf.freecol.server.networking.Server sendToAll
INFO: Reap dead connection: [DummyConnection Server connection - model.nation.tupi]
May 01, 2018 11:52:51 AM net.sf.freecol.server.networking.Server sendToAll
INFO: Reap dead connection: [DummyConnection Server connection - model.nation.arawak]
May 01, 2018 11:52:51 AM net.sf.freecol.server.networking.Server sendToAll
INFO: Reap dead connection: [DummyConnection Server connection - model.nation.sioux]
May 01, 2018 11:52:51 AM net.sf.freecol.server.networking.Server sendToAll
INFO: Reap dead connection: [DummyConnection Server connection - model.nation.french]
May 01, 2018 11:52:51 AM net.sf.freecol.server.networking.Server sendToAll
INFO: Reap dead connection: [DummyConnection Server connection - model.nation.cherokee]
May 01, 2018 11:52:51 AM net.sf.freecol.server.networking.Server sendToAll
INFO: Reap dead connection: [DummyConnection Server connection - model.nation.inca]
May 01, 2018 11:52:51 AM net.sf.freecol.server.networking.Server sendToAll
INFO: Reap dead connection: [DummyConnection Server connection - model.nation.aztec]
May 01, 2018 11:52:51 AM net.sf.freecol.server.networking.Server sendToAll
INFO: Reap dead connection: [DummyConnection Server connection - model.nation.apache]
May 01, 2018 11:52:51 AM net.sf.freecol.common.FreeColSeed getFreeColSeed
INFO: Using seed: 2257878273477190066
May 01, 2018 11:52:51 AM net.sf.freecol.server.FreeColServer readGame
INFO: Found savegame version 13
May 01, 2018 11:52:51 AM net.sf.freecol.common.model.Game readChild
INFO: Reloading specification.
May 01, 2018 11:52:51 AM net.sf.freecol.common.model.Specification checkDifficultyOptionGroup
INFO: Check group model.difficulty.immigration
May 01, 2018 11:52:51 AM net.sf.freecol.common.model.Specification checkDifficultyOptionGroup
INFO: Check group model.difficulty.natives
May 01, 2018 11:52:51 AM net.sf.freecol.common.model.Specification checkDifficultyOptionGroup
INFO: Check group model.difficulty.monarch
May 01, 2018 11:52:51 AM net.sf.freecol.common.model.Specification checkDifficultyOptionGroup
INFO: Check group model.difficulty.government
May 01, 2018 11:52:51 AM net.sf.freecol.common.model.Specification checkDifficultyOptionGroup
INFO: Check group model.difficulty.other
May 01, 2018 11:52:51 AM net.sf.freecol.common.model.Specification checkDifficultyOptionGroup
INFO: Check group model.difficulty.cheat
May 01, 2018 11:52:51 AM net.sf.freecol.common.model.Specification applyDifficultyLevel
INFO: Applying difficulty level model.difficulty.medium
May 01, 2018 11:52:51 AM net.sf.freecol.common.model.Specification clean
INFO: Specification clean following load from stream complete, starting year=1492, season year=1600, ages=[1,109,309], seasons=2, 253 FreeColGameObjectTypes, 79 Abilities, 41 BuildingTypes, 14 Disasters, 9 EuropeanNationTypes, 2 Events, 25 FoundingFathers, 21 GoodsTypes, 8 IndianNationTypes, 59 Modifiers, 25 Nations, 161 Options, 23 Option Groups, 12 ResourceTypes, 11 Roles, 23 TileTypes, 6 TileImprovementTypes, 42 UnitTypes read.
May 01, 2018 11:52:51 AM net.sf.freecol.server.FreeColServer readGame
INFO: Imported file test/data/test.fsg
May 01, 2018 11:52:52 AM net.sf.freecol.server.networking.Server sendToAll
INFO: Reap dead connection: [DummyConnection Server connection - model.nation.inca]
May 01, 2018 11:52:52 AM net.sf.freecol.server.networking.Server sendToAll
INFO: Reap dead connection: [DummyConnection Server connection - model.nation.english]
May 01, 2018 11:52:52 AM net.sf.freecol.server.networking.Server sendToAll
INFO: Reap dead connection: [DummyConnection Server connection - model.nation.apache]
May 01, 2018 11:52:52 AM net.sf.freecol.server.networking.Server sendToAll
INFO: Reap dead connection: [DummyConnection Server connection - model.nation.sioux]
May 01, 2018 11:52:52 AM net.sf.freecol.server.networking.Server sendToAll
INFO: Reap dead connection: [DummyConnection Server connection - model.nation.dutch]
May 01, 2018 11:52:52 AM net.sf.freecol.server.networking.Server sendToAll
INFO: Reap dead connection: [DummyConnection Server connection - model.nation.tupi]
May 01, 2018 11:52:52 AM net.sf.freecol.server.networking.Server sendToAll
INFO: Reap dead connection: [DummyConnection Server connection - model.nation.aztec]
May 01, 2018 11:52:52 AM net.sf.freecol.server.networking.Server sendToAll
INFO: Reap dead connection: [DummyConnection Server connection - model.nation.spanish]
May 01, 2018 11:52:52 AM net.sf.freecol.server.networking.Server sendToAll
INFO: Reap dead connection: [DummyConnection Server connection - model.nation.arawak]
May 01, 2018 11:52:52 AM net.sf.freecol.server.networking.Server sendToAll
INFO: Reap dead connection: [DummyConnection Server connection - model.nation.french]
May 01, 2018 11:52:52 AM net.sf.freecol.server.networking.Server sendToAll
INFO: Reap dead connection: [DummyConnection Server connection - model.nation.iroquois]
May 01, 2018 11:52:52 AM net.sf.freecol.server.networking.Server sendToAll
INFO: Reap dead connection: [DummyConnection Server connection - model.nation.cherokee]
May 01, 2018 11:52:52 AM net.sf.freecol.common.model.Specification applyDifficultyLevel
INFO: Applying difficulty level model.difficulty.medium
May 01, 2018 11:52:52 AM net.sf.freecol.common.FreeColSeed getFreeColSeed
INFO: Using seed: 2946545437873932810
May 01, 2018 11:52:52 AM net.sf.freecol.server.networking.Server sendToAll
INFO: Reap dead connection: [DummyConnection Server connection - model.nation.sioux]
May 01, 2018 11:52:52 AM net.sf.freecol.server.networking.Server sendToAll
INFO: Reap dead connection: [DummyConnection Server connection - model.nation.apache]
May 01, 2018 11:52:52 AM net.sf.freecol.server.networking.Server sendToAll
INFO: Reap dead connection: [DummyConnection Server connection - model.nation.aztec]
May 01, 2018 11:52:52 AM net.sf.freecol.server.networking.Server sendToAll
INFO: Reap dead connection: [DummyConnection Server connection - model.nation.tupi]
May 01, 2018 11:52:52 AM net.sf.freecol.server.networking.Server sendToAll
INFO: Reap dead connection: [DummyConnection Server connection - model.nation.arawak]
May 01, 2018 11:52:52 AM net.sf.freecol.server.networking.Server sendToAll
INFO: Reap dead connection: [DummyConnection Server connection - model.nation.cherokee]
May 01, 2018 11:52:52 AM net.sf.freecol.server.networking.Server sendToAll
INFO: Reap dead connection: [DummyConnection Server connection - model.nation.french]
May 01, 2018 11:52:52 AM net.sf.freecol.server.networking.Server sendToAll
INFO: Reap dead connection: [DummyConnection Server connection - model.nation.iroquois]
May 01, 2018 11:52:52 AM net.sf.freecol.server.networking.Server sendToAll
INFO: Reap dead connection: [DummyConnection Server connection - model.nation.spanish]
May 01, 2018 11:52:52 AM net.sf.freecol.server.networking.Server sendToAll
INFO: Reap dead connection: [DummyConnection Server connection - model.nation.inca]
May 01, 2018 11:52:52 AM net.sf.freecol.server.networking.Server sendToAll
INFO: Reap dead connection: [DummyConnection Server connection - model.nation.dutch]
May 01, 2018 11:52:52 AM net.sf.freecol.server.networking.Server sendToAll
INFO: Reap dead connection: [DummyConnection Server connection - model.nation.english]
May 01, 2018 11:52:52 AM net.sf.freecol.common.model.Specification applyDifficultyLevel
INFO: Applying difficulty level model.difficulty.medium
May 01, 2018 11:52:52 AM net.sf.freecol.common.FreeColSeed getFreeColSeed
INFO: Using seed: -7508223047937820220
May 01, 2018 11:52:52 AM net.sf.freecol.server.networking.Server sendToAll
INFO: Reap dead connection: [DummyConnection Server connection - model.nation.tupi]
May 01, 2018 11:52:52 AM net.sf.freecol.server.networking.Server sendToAll
INFO: Reap dead connection: [DummyConnection Server connection - model.nation.english]
May 01, 2018 11:52:52 AM net.sf.freecol.server.networking.Server sendToAll
INFO: Reap dead connection: [DummyConnection Server connection - model.nation.dutch]
May 01, 2018 11:52:52 AM net.sf.freecol.server.networking.Server sendToAll
INFO: Reap dead connection: [DummyConnection Server connection - model.nation.arawak]
May 01, 2018 11:52:52 AM net.sf.freecol.server.networking.Server sendToAll
INFO: Reap dead connection: [DummyConnection Server connection - model.nation.inca]
May 01, 2018 11:52:52 AM net.sf.freecol.server.networking.Server sendToAll
INFO: Reap dead connection: [DummyConnection Server connection - model.nation.iroquois]
May 01, 2018 11:52:52 AM net.sf.freecol.server.networking.Server sendToAll
INFO: Reap dead connection: [DummyConnection Server connection - model.nation.sioux]
May 01, 2018 11:52:52 AM net.sf.freecol.server.networking.Server sendToAll
INFO: Reap dead connection: [DummyConnection Server connection - model.nation.french]
May 01, 2018 11:52:52 AM net.sf.freecol.server.networking.Server sendToAll
INFO: Reap dead connection: [DummyConnection Server connection - model.nation.apache]
May 01, 2018 11:52:52 AM net.sf.freecol.server.networking.Server sendToAll
INFO: Reap dead connection: [DummyConnection Server connection - model.nation.aztec]
May 01, 2018 11:52:52 AM net.sf.freecol.server.networking.Server sendToAll
INFO: Reap dead connection: [DummyConnection Server connection - model.nation.spanish]
May 01, 2018 11:52:52 AM net.sf.freecol.server.networking.Server sendToAll
INFO: Reap dead connection: [DummyConnection Server connection - model.nation.cherokee]
May 01, 2018 11:52:52 AM net.sf.freecol.common.model.Specification applyDifficultyLevel
INFO: Applying difficulty level model.difficulty.medium
May 01, 2018 11:52:52 AM net.sf.freecol.common.FreeColSeed getFreeColSeed
INFO: Using seed: -1396420857075932102
May 01, 2018 11:52:52 AM net.sf.freecol.server.networking.Server sendToAll
INFO: Reap dead connection: [DummyConnection Server connection - model.nation.apache]
May 01, 2018 11:52:52 AM net.sf.freecol.server.networking.Server sendToAll
INFO: Reap dead connection: [DummyConnection Server connection - model.nation.aztec]
May 01, 2018 11:52:52 AM net.sf.freecol.server.networking.Server sendToAll
INFO: Reap dead connection: [DummyConnection Server connection - model.nation.arawak]
May 01, 2018 11:52:52 AM net.sf.freecol.server.networking.Server sendToAll
INFO: Reap dead connection: [DummyConnection Server connection - model.nation.english]
May 01, 2018 11:52:52 AM net.sf.freecol.server.networking.Server sendToAll
INFO: Reap dead connection: [DummyConnection Server connection - model.nation.cherokee]
May 01, 2018 11:52:52 AM net.sf.freecol.server.networking.Server sendToAll
INFO: Reap dead connection: [DummyConnection Server connection - model.nation.iroquois]
May 01, 2018 11:52:52 AM net.sf.freecol.server.networking.Server sendToAll
INFO: Reap dead connection: [DummyConnection Server connection - model.nation.sioux]
May 01, 2018 11:52:52 AM net.sf.freecol.server.networking.Server sendToAll
INFO: Reap dead connection: [DummyConnection Server connection - model.nation.tupi]
May 01, 2018 11:52:52 AM net.sf.freecol.server.networking.Server sendToAll
INFO: Reap dead connection: [DummyConnection Server connection - model.nation.spanish]
May 01, 2018 11:52:52 AM net.sf.freecol.server.networking.Server sendToAll
INFO: Reap dead connection: [DummyConnection Server connection - model.nation.dutch]
May 01, 2018 11:52:52 AM net.sf.freecol.server.networking.Server sendToAll
INFO: Reap dead connection: [DummyConnection Server connection - model.nation.french]
May 01, 2018 11:52:52 AM net.sf.freecol.server.networking.Server sendToAll
INFO: Reap dead connection: [DummyConnection Server connection - model.nation.inca]
May 01, 2018 11:52:52 AM net.sf.freecol.common.model.Specification applyDifficultyLevel
INFO: Applying difficulty level model.difficulty.medium
May 01, 2018 11:52:52 AM net.sf.freecol.common.FreeColSeed getFreeColSeed
INFO: Using seed: 8674448910668147119
May 01, 2018 11:52:52 AM net.sf.freecol.server.networking.Server sendToAll
INFO: Reap dead connection: [DummyConnection Server connection - model.nation.dutch]
May 01, 2018 11:52:52 AM net.sf.freecol.server.networking.Server sendToAll
INFO: Reap dead connection: [DummyConnection Server connection - model.nation.inca]
May 01, 2018 11:52:52 AM net.sf.freecol.server.networking.Server sendToAll
INFO: Reap dead connection: [DummyConnection Server connection - model.nation.tupi]
May 01, 2018 11:52:52 AM net.sf.freecol.server.networking.Server sendToAll
INFO: Reap dead connection: [DummyConnection Server connection - model.nation.sioux]
May 01, 2018 11:52:52 AM net.sf.freecol.server.networking.Server sendToAll
INFO: Reap dead connection: [DummyConnection Server connection - model.nation.french]
May 01, 2018 11:52:52 AM net.sf.freecol.server.networking.Server sendToAll
INFO: Reap dead connection: [DummyConnection Server connection - model.nation.apache]
May 01, 2018 11:52:52 AM net.sf.freecol.server.networking.Server sendToAll
INFO: Reap dead connection: [DummyConnection Server connection - model.nation.iroquois]
May 01, 2018 11:52:52 AM net.sf.freecol.server.networking.Server sendToAll
INFO: Reap dead connection: [DummyConnection Server connection - model.nation.cherokee]
May 01, 2018 11:52:52 AM net.sf.freecol.server.networking.Server sendToAll
INFO: Reap dead connection: [DummyConnection Server connection - model.nation.spanish]
May 01, 2018 11:52:52 AM net.sf.freecol.server.networking.Server sendToAll
INFO: Reap dead connection: [DummyConnection Server connection - model.nation.arawak]
May 01, 2018 11:52:52 AM net.sf.freecol.server.networking.Server sendToAll
INFO: Reap dead connection: [DummyConnection Server connection - model.nation.english]
May 01, 2018 11:52:52 AM net.sf.freecol.server.networking.Server sendToAll
INFO: Reap dead connection: [DummyConnection Server connection - model.nation.aztec]
May 01, 2018 11:52:52 AM net.sf.freecol.common.model.Specification applyDifficultyLevel
INFO: Applying difficulty level model.difficulty.medium
May 01, 2018 11:52:52 AM net.sf.freecol.common.FreeColSeed getFreeColSeed
INFO: Using seed: 2087529428244954441
May 01, 2018 11:52:52 AM net.sf.freecol.server.networking.Server sendToAll
INFO: Reap dead connection: [DummyConnection Server connection - model.nation.sioux]
May 01, 2018 11:52:52 AM net.sf.freecol.server.networking.Server sendToAll
INFO: Reap dead connection: [DummyConnection Server connection - model.nation.tupi]
May 01, 2018 11:52:52 AM net.sf.freecol.server.networking.Server sendToAll
INFO: Reap dead connection: [DummyConnection Server connection - model.nation.iroquois]
May 01, 2018 11:52:52 AM net.sf.freecol.server.networking.Server sendToAll
INFO: Reap dead connection: [DummyConnection Server connection - model.nation.dutch]
May 01, 2018 11:52:52 AM net.sf.freecol.server.networking.Server sendToAll
INFO: Reap dead connection: [DummyConnection Server connection - model.nation.inca]
May 01, 2018 11:52:52 AM net.sf.freecol.server.networking.Server sendToAll
INFO: Reap dead connection: [DummyConnection Server connection - model.nation.english]
May 01, 2018 11:52:52 AM net.sf.freecol.server.networking.Server sendToAll
INFO: Reap dead connection: [DummyConnection Server connection - model.nation.apache]
May 01, 2018 11:52:52 AM net.sf.freecol.server.networking.Server sendToAll
INFO: Reap dead connection: [DummyConnection Server connection - model.nation.french]
May 01, 2018 11:52:52 AM net.sf.freecol.server.networking.Server sendToAll
INFO: Reap dead connection: [DummyConnection Server connection - model.nation.aztec]
May 01, 2018 11:52:52 AM net.sf.freecol.server.networking.Server sendToAll
INFO: Reap dead connection: [DummyConnection Server connection - model.nation.arawak]
May 01, 2018 11:52:52 AM net.sf.freecol.server.networking.Server sendToAll
INFO: Reap dead connection: [DummyConnection Server connection - model.nation.spanish]
May 01, 2018 11:52:52 AM net.sf.freecol.server.networking.Server sendToAll
INFO: Reap dead connection: [DummyConnection Server connection - model.nation.cherokee]
May 01, 2018 11:52:52 AM net.sf.freecol.server.model.ServerPlayer csChangeStance
INFO: Stance modification Louis XIV UNCONTACTED -> PEACE wrt Geronimo
May 01, 2018 11:52:52 AM net.sf.freecol.server.model.ServerPlayer csChangeStance
INFO: Stance modification Geronimo UNCONTACTED -> PEACE wrt Louis XIV (symmetric)
May 01, 2018 11:52:52 AM net.sf.freecol.common.model.Specification applyDifficultyLevel
INFO: Applying difficulty level model.difficulty.medium
May 01, 2018 11:52:52 AM net.sf.freecol.common.FreeColSeed getFreeColSeed
INFO: Using seed: 136808140179054501
May 01, 2018 11:52:52 AM net.sf.freecol.server.networking.Server sendToAll
INFO: Reap dead connection: [DummyConnection Server connection - model.nation.cherokee]
May 01, 2018 11:52:52 AM net.sf.freecol.server.networking.Server sendToAll
INFO: Reap dead connection: [DummyConnection Server connection - model.nation.english]
May 01, 2018 11:52:52 AM net.sf.freecol.server.networking.Server sendToAll
INFO: Reap dead connection: [DummyConnection Server connection - model.nation.dutch]
May 01, 2018 11:52:52 AM net.sf.freecol.server.networking.Server sendToAll
INFO: Reap dead connection: [DummyConnection Server connection - model.nation.iroquois]
May 01, 2018 11:52:52 AM net.sf.freecol.server.networking.Server sendToAll
INFO: Reap dead connection: [DummyConnection Server connection - model.nation.french]
May 01, 2018 11:52:52 AM net.sf.freecol.server.networking.Server sendToAll
INFO: Reap dead connection: [DummyConnection Server connection - model.nation.apache]
May 01, 2018 11:52:52 AM net.sf.freecol.server.networking.Server sendToAll
INFO: Reap dead connection: [DummyConnection Server connection - model.nation.aztec]
May 01, 2018 11:52:52 AM net.sf.freecol.server.networking.Server sendToAll
INFO: Reap dead connection: [DummyConnection Server connection - model.nation.tupi]
May 01, 2018 11:52:52 AM net.sf.freecol.server.networking.Server sendToAll
INFO: Reap dead connection: [DummyConnection Server connection - model.nation.spanish]
May 01, 2018 11:52:52 AM net.sf.freecol.server.networking.Server sendToAll
INFO: Reap dead connection: [DummyConnection Server connection - model.nation.inca]
May 01, 2018 11:52:52 AM net.sf.freecol.server.networking.Server sendToAll
INFO: Reap dead connection: [DummyConnection Server connection - model.nation.sioux]
May 01, 2018 11:52:52 AM net.sf.freecol.server.networking.Server sendToAll
INFO: Reap dead connection: [DummyConnection Server connection - model.nation.arawak]
May 01, 2018 11:52:52 AM net.sf.freecol.server.model.ServerPlayer csChangeStance
INFO: Stance modification William I UNCONTACTED -> PEACE wrt Geronimo
May 01, 2018 11:52:52 AM net.sf.freecol.server.model.ServerPlayer csChangeStance
INFO: Stance modification Geronimo UNCONTACTED -> PEACE wrt William I (symmetric)
May 01, 2018 11:52:52 AM net.sf.freecol.common.model.Specification applyDifficultyLevel
INFO: Applying difficulty level model.difficulty.medium
May 01, 2018 11:52:52 AM net.sf.freecol.common.FreeColSeed getFreeColSeed
INFO: Using seed: 6958334431464502097
May 01, 2018 11:52:52 AM net.sf.freecol.server.networking.Server sendToAll
INFO: Reap dead connection: [DummyConnection Server connection - model.nation.french]
May 01, 2018 11:52:52 AM net.sf.freecol.server.networking.Server sendToAll
INFO: Reap dead connection: [DummyConnection Server connection - model.nation.arawak]
May 01, 2018 11:52:52 AM net.sf.freecol.server.networking.Server sendToAll
INFO: Reap dead connection: [DummyConnection Server connection - model.nation.iroquois]
May 01, 2018 11:52:52 AM net.sf.freecol.server.networking.Server sendToAll
INFO: Reap dead connection: [DummyConnection Server connection - model.nation.apache]
May 01, 2018 11:52:52 AM net.sf.freecol.server.networking.Server sendToAll
INFO: Reap dead connection: [DummyConnection Server connection - model.nation.spanish]
May 01, 2018 11:52:52 AM net.sf.freecol.server.networking.Server sendToAll
INFO: Reap dead connection: [DummyConnection Server connection - model.nation.sioux]
May 01, 2018 11:52:52 AM net.sf.freecol.server.networking.Server sendToAll
INFO: Reap dead connection: [DummyConnection Server connection - model.nation.tupi]
May 01, 2018 11:52:52 AM net.sf.freecol.server.networking.Server sendToAll
INFO: Reap dead connection: [DummyConnection Server connection - model.nation.inca]
May 01, 2018 11:52:52 AM net.sf.freecol.server.networking.Server sendToAll
INFO: Reap dead connection: [DummyConnection Server connection - model.nation.english]
May 01, 2018 11:52:52 AM net.sf.freecol.server.networking.Server sendToAll
INFO: Reap dead connection: [DummyConnection Server connection - model.nation.aztec]
May 01, 2018 11:52:52 AM net.sf.freecol.server.networking.Server sendToAll
INFO: Reap dead connection: [DummyConnection Server connection - model.nation.dutch]
May 01, 2018 11:52:52 AM net.sf.freecol.server.networking.Server sendToAll
INFO: Reap dead connection: [DummyConnection Server connection - model.nation.cherokee]
May 01, 2018 11:52:52 AM net.sf.freecol.common.model.Specification applyDifficultyLevel
INFO: Applying difficulty level model.difficulty.medium
May 01, 2018 11:52:52 AM net.sf.freecol.common.FreeColSeed getFreeColSeed
INFO: Using seed: 1292472367925826440
May 01, 2018 11:52:52 AM net.sf.freecol.server.networking.Server sendToAll
INFO: Reap dead connection: [DummyConnection Server connection - model.nation.tupi]
May 01, 2018 11:52:52 AM net.sf.freecol.server.networking.Server sendToAll
INFO: Reap dead connection: [DummyConnection Server connection - model.nation.apache]
May 01, 2018 11:52:52 AM net.sf.freecol.server.networking.Server sendToAll
INFO: Reap dead connection: [DummyConnection Server connection - model.nation.aztec]
May 01, 2018 11:52:52 AM net.sf.freecol.server.networking.Server sendToAll
INFO: Reap dead connection: [DummyConnection Server connection - model.nation.sioux]
May 01, 2018 11:52:52 AM net.sf.freecol.server.networking.Server sendToAll
INFO: Reap dead connection: [DummyConnection Server connection - model.nation.arawak]
May 01, 2018 11:52:52 AM net.sf.freecol.server.networking.Server sendToAll
INFO: Reap dead connection: [DummyConnection Server connection - model.nation.english]
May 01, 2018 11:52:52 AM net.sf.freecol.server.networking.Server sendToAll
INFO: Reap dead connection: [DummyConnection Server connection - model.nation.iroquois]
May 01, 2018 11:52:52 AM net.sf.freecol.server.networking.Server sendToAll
INFO: Reap dead connection: [DummyConnection Server connection - model.nation.dutch]
May 01, 2018 11:52:52 AM net.sf.freecol.server.networking.Server sendToAll
INFO: Reap dead connection: [DummyConnection Server connection - model.nation.inca]
May 01, 2018 11:52:52 AM net.sf.freecol.server.networking.Server sendToAll
INFO: Reap dead connection: [DummyConnection Server connection - model.nation.cherokee]
May 01, 2018 11:52:52 AM net.sf.freecol.server.networking.Server sendToAll
INFO: Reap dead connection: [DummyConnection Server connection - model.nation.spanish]
May 01, 2018 11:52:52 AM net.sf.freecol.server.networking.Server sendToAll
INFO: Reap dead connection: [DummyConnection Server connection - model.nation.french]
May 01, 2018 11:52:52 AM net.sf.freecol.common.model.Specification applyDifficultyLevel
INFO: Applying difficulty level model.difficulty.medium
May 01, 2018 11:52:52 AM net.sf.freecol.common.FreeColSeed getFreeColSeed
INFO: Using seed: 2712545242326719858
May 01, 2018 11:52:52 AM net.sf.freecol.server.networking.Server sendToAll
INFO: Reap dead connection: [DummyConnection Server connection - model.nation.sioux]
May 01, 2018 11:52:52 AM net.sf.freecol.server.networking.Server sendToAll
INFO: Reap dead connection: [DummyConnection Server connection - model.nation.dutch]
May 01, 2018 11:52:52 AM net.sf.freecol.server.networking.Server sendToAll
INFO: Reap dead connection: [DummyConnection Server connection - model.nation.inca]
May 01, 2018 11:52:52 AM net.sf.freecol.server.networking.Server sendToAll
INFO: Reap dead connection: [DummyConnection Server connection - model.nation.cherokee]
May 01, 2018 11:52:52 AM net.sf.freecol.server.networking.Server sendToAll
INFO: Reap dead connection: [DummyConnection Server connection - model.nation.arawak]
May 01, 2018 11:52:52 AM net.sf.freecol.server.networking.Server sendToAll
INFO: Reap dead connection: [DummyConnection Server connection - model.nation.spanish]
May 01, 2018 11:52:52 AM net.sf.freecol.server.networking.Server sendToAll
INFO: Reap dead connection: [DummyConnection Server connection - model.nation.english]
May 01, 2018 11:52:52 AM net.sf.freecol.server.networking.Server sendToAll
INFO: Reap dead connection: [DummyConnection Server connection - model.nation.aztec]
May 01, 2018 11:52:52 AM net.sf.freecol.server.networking.Server sendToAll
INFO: Reap dead connection: [DummyConnection Server connection - model.nation.french]
May 01, 2018 11:52:52 AM net.sf.freecol.server.networking.Server sendToAll
INFO: Reap dead connection: [DummyConnection Server connection - model.nation.iroquois]
May 01, 2018 11:52:52 AM net.sf.freecol.server.networking.Server sendToAll
INFO: Reap dead connection: [DummyConnection Server connection - model.nation.tupi]
May 01, 2018 11:52:52 AM net.sf.freecol.server.networking.Server sendToAll
INFO: Reap dead connection: [DummyConnection Server connection - model.nation.apache]
May 01, 2018 11:52:52 AM net.sf.freecol.common.model.Specification applyDifficultyLevel
INFO: Applying difficulty level model.difficulty.medium
May 01, 2018 11:52:52 AM net.sf.freecol.common.FreeColSeed getFreeColSeed
INFO: Using seed: -1606423973324723338
May 01, 2018 11:52:52 AM net.sf.freecol.server.networking.Server sendToAll
INFO: Reap dead connection: [DummyConnection Server connection - model.nation.cherokee]
May 01, 2018 11:52:52 AM net.sf.freecol.server.networking.Server sendToAll
INFO: Reap dead connection: [DummyConnection Server connection - model.nation.english]
May 01, 2018 11:52:52 AM net.sf.freecol.server.networking.Server sendToAll
INFO: Reap dead connection: [DummyConnection Server connection - model.nation.inca]
May 01, 2018 11:52:52 AM net.sf.freecol.server.networking.Server sendToAll
INFO: Reap dead connection: [DummyConnection Server connection - model.nation.french]
May 01, 2018 11:52:52 AM net.sf.freecol.server.networking.Server sendToAll
INFO: Reap dead connection: [DummyConnection Server connection - model.nation.dutch]
May 01, 2018 11:52:52 AM net.sf.freecol.server.networking.Server sendToAll
INFO: Reap dead connection: [DummyConnection Server connection - model.nation.apache]
May 01, 2018 11:52:52 AM net.sf.freecol.server.networking.Server sendToAll
INFO: Reap dead connection: [DummyConnection Server connection - model.nation.iroquois]
May 01, 2018 11:52:52 AM net.sf.freecol.server.networking.Server sendToAll
INFO: Reap dead connection: [DummyConnection Server connection - model.nation.tupi]
May 01, 2018 11:52:52 AM net.sf.freecol.server.networking.Server sendToAll
INFO: Reap dead connection: [DummyConnection Server connection - model.nation.spanish]
May 01, 2018 11:52:52 AM net.sf.freecol.server.networking.Server sendToAll
INFO: Reap dead connection: [DummyConnection Server connection - model.nation.arawak]
May 01, 2018 11:52:52 AM net.sf.freecol.server.networking.Server sendToAll
INFO: Reap dead connection: [DummyConnection Server connection - model.nation.sioux]
May 01, 2018 11:52:52 AM net.sf.freecol.server.networking.Server sendToAll
INFO: Reap dead connection: [DummyConnection Server connection - model.nation.aztec]
May 01, 2018 11:52:52 AM net.sf.freecol.server.model.ServerPlayer csChangeStance
INFO: Stance modification William I UNCONTACTED -> PEACE wrt Segoyewatha
May 01, 2018 11:52:52 AM net.sf.freecol.server.model.ServerPlayer csChangeStance
INFO: Stance modification Segoyewatha UNCONTACTED -> PEACE wrt William I (symmetric)
May 01, 2018 11:52:52 AM net.sf.freecol.common.model.Specification applyDifficultyLevel
INFO: Applying difficulty level model.difficulty.medium
May 01, 2018 11:52:52 AM net.sf.freecol.common.FreeColSeed getFreeColSeed
INFO: Using seed: -1646049226497863591
May 01, 2018 11:52:52 AM net.sf.freecol.server.networking.Server sendToAll
INFO: Reap dead connection: [DummyConnection Server connection - model.nation.spanish]
May 01, 2018 11:52:52 AM net.sf.freecol.server.networking.Server sendToAll
INFO: Reap dead connection: [DummyConnection Server connection - model.nation.sioux]
May 01, 2018 11:52:52 AM net.sf.freecol.server.networking.Server sendToAll
INFO: Reap dead connection: [DummyConnection Server connection - model.nation.dutch]
May 01, 2018 11:52:52 AM net.sf.freecol.server.networking.Server sendToAll
INFO: Reap dead connection: [DummyConnection Server connection - model.nation.iroquois]
May 01, 2018 11:52:52 AM net.sf.freecol.server.networking.Server sendToAll
INFO: Reap dead connection: [DummyConnection Server connection - model.nation.french]
May 01, 2018 11:52:52 AM net.sf.freecol.server.networking.Server sendToAll
INFO: Reap dead connection: [DummyConnection Server connection - model.nation.inca]
May 01, 2018 11:52:52 AM net.sf.freecol.server.networking.Server sendToAll
INFO: Reap dead connection: [DummyConnection Server connection - model.nation.english]
May 01, 2018 11:52:52 AM net.sf.freecol.server.networking.Server sendToAll
INFO: Reap dead connection: [DummyConnection Server connection - model.nation.apache]
May 01, 2018 11:52:52 AM net.sf.freecol.server.networking.Server sendToAll
INFO: Reap dead connection: [DummyConnection Server connection - model.nation.cherokee]
May 01, 2018 11:52:52 AM net.sf.freecol.server.networking.Server sendToAll
INFO: Reap dead connection: [DummyConnection Server connection - model.nation.tupi]
May 01, 2018 11:52:52 AM net.sf.freecol.server.networking.Server sendToAll
INFO: Reap dead connection: [DummyConnection Server connection - model.nation.arawak]
May 01, 2018 11:52:52 AM net.sf.freecol.server.networking.Server sendToAll
INFO: Reap dead connection: [DummyConnection Server connection - model.nation.aztec]
May 01, 2018 11:52:52 AM net.sf.freecol.server.model.ServerPlayer csChangeStance
INFO: Stance modification William I UNCONTACTED -> PEACE wrt Segoyewatha
May 01, 2018 11:52:52 AM net.sf.freecol.server.model.ServerPlayer csChangeStance
INFO: Stance modification Segoyewatha UNCONTACTED -> PEACE wrt William I (symmetric)
May 01, 2018 11:52:52 AM net.sf.freecol.common.model.Specification applyDifficultyLevel
INFO: Applying difficulty level model.difficulty.medium
May 01, 2018 11:52:52 AM net.sf.freecol.common.FreeColSeed getFreeColSeed
INFO: Using seed: 2358854525661651821
May 01, 2018 11:52:52 AM net.sf.freecol.server.networking.Server sendToAll
INFO: Reap dead connection: [DummyConnection Server connection - model.nation.sioux]
May 01, 2018 11:52:52 AM net.sf.freecol.server.networking.Server sendToAll
INFO: Reap dead connection: [DummyConnection Server connection - model.nation.aztec]
May 01, 2018 11:52:52 AM net.sf.freecol.server.networking.Server sendToAll
INFO: Reap dead connection: [DummyConnection Server connection - model.nation.dutch]
May 01, 2018 11:52:52 AM net.sf.freecol.server.networking.Server sendToAll
INFO: Reap dead connection: [DummyConnection Server connection - model.nation.french]
May 01, 2018 11:52:52 AM net.sf.freecol.server.networking.Server sendToAll
INFO: Reap dead connection: [DummyConnection Server connection - model.nation.inca]
May 01, 2018 11:52:52 AM net.sf.freecol.server.networking.Server sendToAll
INFO: Reap dead connection: [DummyConnection Server connection - model.nation.spanish]
May 01, 2018 11:52:52 AM net.sf.freecol.server.networking.Server sendToAll
INFO: Reap dead connection: [DummyConnection Server connection - model.nation.iroquois]
May 01, 2018 11:52:52 AM net.sf.freecol.server.networking.Server sendToAll
INFO: Reap dead connection: [DummyConnection Server connection - model.nation.apache]
May 01, 2018 11:52:52 AM net.sf.freecol.server.networking.Server sendToAll
INFO: Reap dead connection: [DummyConnection Server connection - model.nation.english]
May 01, 2018 11:52:52 AM net.sf.freecol.server.networking.Server sendToAll
INFO: Reap dead connection: [DummyConnection Server connection - model.nation.tupi]
May 01, 2018 11:52:52 AM net.sf.freecol.server.networking.Server sendToAll
INFO: Reap dead connection: [DummyConnection Server connection - model.nation.arawak]
May 01, 2018 11:52:52 AM net.sf.freecol.server.networking.Server sendToAll
INFO: Reap dead connection: [DummyConnection Server connection - model.nation.cherokee]
May 01, 2018 11:52:52 AM net.sf.freecol.common.model.Specification applyDifficultyLevel
INFO: Applying difficulty level model.difficulty.medium
May 01, 2018 11:52:52 AM net.sf.freecol.common.model.Specification applyDifficultyLevel
INFO: Applying difficulty level model.difficulty.medium
May 01, 2018 11:52:52 AM net.sf.freecol.common.model.Specification applyDifficultyLevel
INFO: Applying difficulty level model.difficulty.medium
May 01, 2018 11:52:52 AM net.sf.freecol.common.FreeColSeed getFreeColSeed
INFO: Using seed: 4847398479341476270
May 01, 2018 11:52:52 AM net.sf.freecol.server.networking.Server sendToAll
INFO: Reap dead connection: [DummyConnection Server connection - model.nation.iroquois]
May 01, 2018 11:52:52 AM net.sf.freecol.server.networking.Server sendToAll
INFO: Reap dead connection: [DummyConnection Server connection - model.nation.english]
May 01, 2018 11:52:52 AM net.sf.freecol.server.networking.Server sendToAll
INFO: Reap dead connection: [DummyConnection Server connection - model.nation.cherokee]
May 01, 2018 11:52:52 AM net.sf.freecol.server.networking.Server sendToAll
INFO: Reap dead connection: [DummyConnection Server connection - model.nation.inca]
May 01, 2018 11:52:52 AM net.sf.freecol.server.networking.Server sendToAll
INFO: Reap dead connection: [DummyConnection Server connection - model.nation.arawak]
May 01, 2018 11:52:52 AM net.sf.freecol.server.networking.Server sendToAll
INFO: Reap dead connection: [DummyConnection Server connection - model.nation.sioux]
May 01, 2018 11:52:52 AM net.sf.freecol.server.networking.Server sendToAll
INFO: Reap dead connection: [DummyConnection Server connection - model.nation.french]
May 01, 2018 11:52:52 AM net.sf.freecol.server.networking.Server sendToAll
INFO: Reap dead connection: [DummyConnection Server connection - model.nation.tupi]
May 01, 2018 11:52:52 AM net.sf.freecol.server.networking.Server sendToAll
INFO: Reap dead connection: [DummyConnection Server connection - model.nation.apache]
May 01, 2018 11:52:52 AM net.sf.freecol.server.networking.Server sendToAll
INFO: Reap dead connection: [DummyConnection Server connection - model.nation.aztec]
May 01, 2018 11:52:52 AM net.sf.freecol.server.networking.Server sendToAll
INFO: Reap dead connection: [DummyConnection Server connection - model.nation.dutch]
May 01, 2018 11:52:52 AM net.sf.freecol.server.networking.Server sendToAll
INFO: Reap dead connection: [DummyConnection Server connection - model.nation.spanish]
May 01, 2018 11:52:52 AM net.sf.freecol.common.model.Specification applyDifficultyLevel
INFO: Applying difficulty level model.difficulty.medium
May 01, 2018 11:52:52 AM net.sf.freecol.common.FreeColSeed getFreeColSeed
INFO: Using seed: -6609389426578738803
May 01, 2018 11:52:52 AM net.sf.freecol.server.networking.Server sendToAll
INFO: Reap dead connection: [DummyConnection Server connection - model.nation.english]
May 01, 2018 11:52:52 AM net.sf.freecol.server.networking.Server sendToAll
INFO: Reap dead connection: [DummyConnection Server connection - model.nation.apache]
May 01, 2018 11:52:52 AM net.sf.freecol.server.networking.Server sendToAll
INFO: Reap dead connection: [DummyConnection Server connection - model.nation.french]
May 01, 2018 11:52:52 AM net.sf.freecol.server.networking.Server sendToAll
INFO: Reap dead connection: [DummyConnection Server connection - model.nation.cherokee]
May 01, 2018 11:52:52 AM net.sf.freecol.server.networking.Server sendToAll
INFO: Reap dead connection: [DummyConnection Server connection - model.nation.tupi]
May 01, 2018 11:52:52 AM net.sf.freecol.server.networking.Server sendToAll
INFO: Reap dead connection: [DummyConnection Server connection - model.nation.dutch]
May 01, 2018 11:52:52 AM net.sf.freecol.server.networking.Server sendToAll
INFO: Reap dead connection: [DummyConnection Server connection - model.nation.aztec]
May 01, 2018 11:52:52 AM net.sf.freecol.server.networking.Server sendToAll
INFO: Reap dead connection: [DummyConnection Server connection - model.nation.spanish]
May 01, 2018 11:52:52 AM net.sf.freecol.server.networking.Server sendToAll
INFO: Reap dead connection: [DummyConnection Server connection - model.nation.arawak]
May 01, 2018 11:52:52 AM net.sf.freecol.server.networking.Server sendToAll
INFO: Reap dead connection: [DummyConnection Server connection - model.nation.sioux]
May 01, 2018 11:52:52 AM net.sf.freecol.server.networking.Server sendToAll
INFO: Reap dead connection: [DummyConnection Server connection - model.nation.iroquois]
May 01, 2018 11:52:52 AM net.sf.freecol.server.networking.Server sendToAll
INFO: Reap dead connection: [DummyConnection Server connection - model.nation.inca]
May 01, 2018 11:52:53 AM net.sf.freecol.common.model.Specification applyDifficultyLevel
INFO: Applying difficulty level model.difficulty.medium
May 01, 2018 11:52:53 AM net.sf.freecol.common.FreeColSeed getFreeColSeed
INFO: Using seed: -365835735360112225
May 01, 2018 11:52:53 AM net.sf.freecol.server.networking.Server sendToAll
INFO: Reap dead connection: [DummyConnection Server connection - model.nation.arawak]
May 01, 2018 11:52:53 AM net.sf.freecol.server.networking.Server sendToAll
INFO: Reap dead connection: [DummyConnection Server connection - model.nation.french]
May 01, 2018 11:52:53 AM net.sf.freecol.server.networking.Server sendToAll
INFO: Reap dead connection: [DummyConnection Server connection - model.nation.apache]
May 01, 2018 11:52:53 AM net.sf.freecol.server.networking.Server sendToAll
INFO: Reap dead connection: [DummyConnection Server connection - model.nation.tupi]
May 01, 2018 11:52:53 AM net.sf.freecol.server.networking.Server sendToAll
INFO: Reap dead connection: [DummyConnection Server connection - model.nation.sioux]
May 01, 2018 11:52:53 AM net.sf.freecol.server.networking.Server sendToAll
INFO: Reap dead connection: [DummyConnection Server connection - model.nation.dutch]
May 01, 2018 11:52:53 AM net.sf.freecol.server.networking.Server sendToAll
INFO: Reap dead connection: [DummyConnection Server connection - model.nation.aztec]
May 01, 2018 11:52:53 AM net.sf.freecol.server.networking.Server sendToAll
INFO: Reap dead connection: [DummyConnection Server connection - model.nation.cherokee]
May 01, 2018 11:52:53 AM net.sf.freecol.server.networking.Server sendToAll
INFO: Reap dead connection: [DummyConnection Server connection - model.nation.iroquois]
May 01, 2018 11:52:53 AM net.sf.freecol.server.networking.Server sendToAll
INFO: Reap dead connection: [DummyConnection Server connection - model.nation.english]
May 01, 2018 11:52:53 AM net.sf.freecol.server.networking.Server sendToAll
INFO: Reap dead connection: [DummyConnection Server connection - model.nation.inca]
May 01, 2018 11:52:53 AM net.sf.freecol.server.networking.Server sendToAll
INFO: Reap dead connection: [DummyConnection Server connection - model.nation.spanish]
May 01, 2018 11:52:53 AM net.sf.freecol.common.model.Specification applyDifficultyLevel
INFO: Applying difficulty level model.difficulty.medium
May 01, 2018 11:52:53 AM net.sf.freecol.common.FreeColSeed getFreeColSeed
INFO: Using seed: -5684155317660312910
May 01, 2018 11:52:53 AM net.sf.freecol.server.networking.Server sendToAll
INFO: Reap dead connection: [DummyConnection Server connection - model.nation.apache]
May 01, 2018 11:52:53 AM net.sf.freecol.server.networking.Server sendToAll
INFO: Reap dead connection: [DummyConnection Server connection - model.nation.inca]
May 01, 2018 11:52:53 AM net.sf.freecol.server.networking.Server sendToAll
INFO: Reap dead connection: [DummyConnection Server connection - model.nation.cherokee]
May 01, 2018 11:52:53 AM net.sf.freecol.server.networking.Server sendToAll
INFO: Reap dead connection: [DummyConnection Server connection - model.nation.spanish]
May 01, 2018 11:52:53 AM net.sf.freecol.server.networking.Server sendToAll
INFO: Reap dead connection: [DummyConnection Server connection - model.nation.french]
May 01, 2018 11:52:53 AM net.sf.freecol.server.networking.Server sendToAll
INFO: Reap dead connection: [DummyConnection Server connection - model.nation.english]
May 01, 2018 11:52:53 AM net.sf.freecol.server.networking.Server sendToAll
INFO: Reap dead connection: [DummyConnection Server connection - model.nation.iroquois]
May 01, 2018 11:52:53 AM net.sf.freecol.server.networking.Server sendToAll
INFO: Reap dead connection: [DummyConnection Server connection - model.nation.arawak]
May 01, 2018 11:52:53 AM net.sf.freecol.server.networking.Server sendToAll
INFO: Reap dead connection: [DummyConnection Server connection - model.nation.sioux]
May 01, 2018 11:52:53 AM net.sf.freecol.server.networking.Server sendToAll
INFO: Reap dead connection: [DummyConnection Server connection - model.nation.dutch]
May 01, 2018 11:52:53 AM net.sf.freecol.server.networking.Server sendToAll
INFO: Reap dead connection: [DummyConnection Server connection - model.nation.aztec]
May 01, 2018 11:52:53 AM net.sf.freecol.server.networking.Server sendToAll
INFO: Reap dead connection: [DummyConnection Server connection - model.nation.tupi]
May 01, 2018 11:52:53 AM net.sf.freecol.common.model.Specification applyDifficultyLevel
INFO: Applying difficulty level model.difficulty.medium
May 01, 2018 11:52:53 AM net.sf.freecol.common.FreeColSeed getFreeColSeed
INFO: Using seed: -2533713061379963651
May 01, 2018 11:52:53 AM net.sf.freecol.server.networking.Server sendToAll
INFO: Reap dead connection: [DummyConnection Server connection - model.nation.english]
May 01, 2018 11:52:53 AM net.sf.freecol.server.networking.Server sendToAll
INFO: Reap dead connection: [DummyConnection Server connection - model.nation.iroquois]
May 01, 2018 11:52:53 AM net.sf.freecol.server.networking.Server sendToAll
INFO: Reap dead connection: [DummyConnection Server connection - model.nation.tupi]
May 01, 2018 11:52:53 AM net.sf.freecol.server.networking.Server sendToAll
INFO: Reap dead connection: [DummyConnection Server connection - model.nation.apache]
May 01, 2018 11:52:53 AM net.sf.freecol.server.networking.Server sendToAll
INFO: Reap dead connection: [DummyConnection Server connection - model.nation.arawak]
May 01, 2018 11:52:53 AM net.sf.freecol.server.networking.Server sendToAll
INFO: Reap dead connection: [DummyConnection Server connection - model.nation.spanish]
May 01, 2018 11:52:53 AM net.sf.freecol.server.networking.Server sendToAll
INFO: Reap dead connection: [DummyConnection Server connection - model.nation.french]
May 01, 2018 11:52:53 AM net.sf.freecol.server.networking.Server sendToAll
INFO: Reap dead connection: [DummyConnection Server connection - model.nation.inca]
May 01, 2018 11:52:53 AM net.sf.freecol.server.networking.Server sendToAll
INFO: Reap dead connection: [DummyConnection Server connection - model.nation.dutch]
May 01, 2018 11:52:53 AM net.sf.freecol.server.networking.Server sendToAll
INFO: Reap dead connection: [DummyConnection Server connection - model.nation.cherokee]
May 01, 2018 11:52:53 AM net.sf.freecol.server.networking.Server sendToAll
INFO: Reap dead connection: [DummyConnection Server connection - model.nation.sioux]
May 01, 2018 11:52:53 AM net.sf.freecol.server.networking.Server sendToAll
INFO: Reap dead connection: [DummyConnection Server connection - model.nation.aztec]
May 01, 2018 11:52:53 AM net.sf.freecol.common.model.Specification applyDifficultyLevel
INFO: Applying difficulty level model.difficulty.medium
May 01, 2018 11:52:53 AM net.sf.freecol.common.FreeColSeed getFreeColSeed
INFO: Using seed: -7328678636376072738
May 01, 2018 11:52:53 AM net.sf.freecol.server.networking.Server sendToAll
INFO: Reap dead connection: [DummyConnection Server connection - model.nation.english]
May 01, 2018 11:52:53 AM net.sf.freecol.server.networking.Server sendToAll
INFO: Reap dead connection: [DummyConnection Server connection - model.nation.inca]
May 01, 2018 11:52:53 AM net.sf.freecol.server.networking.Server sendToAll
INFO: Reap dead connection: [DummyConnection Server connection - model.nation.french]
May 01, 2018 11:52:53 AM net.sf.freecol.server.networking.Server sendToAll
INFO: Reap dead connection: [DummyConnection Server connection - model.nation.iroquois]
May 01, 2018 11:52:53 AM net.sf.freecol.server.networking.Server sendToAll
INFO: Reap dead connection: [DummyConnection Server connection - model.nation.dutch]
May 01, 2018 11:52:53 AM net.sf.freecol.server.networking.Server sendToAll
INFO: Reap dead connection: [DummyConnection Server connection - model.nation.cherokee]
May 01, 2018 11:52:53 AM net.sf.freecol.server.networking.Server sendToAll
INFO: Reap dead connection: [DummyConnection Server connection - model.nation.tupi]
May 01, 2018 11:52:53 AM net.sf.freecol.server.networking.Server sendToAll
INFO: Reap dead connection: [DummyConnection Server connection - model.nation.spanish]
May 01, 2018 11:52:53 AM net.sf.freecol.server.networking.Server sendToAll
INFO: Reap dead connection: [DummyConnection Server connection - model.nation.arawak]
May 01, 2018 11:52:53 AM net.sf.freecol.server.networking.Server sendToAll
INFO: Reap dead connection: [DummyConnection Server connection - model.nation.sioux]
May 01, 2018 11:52:53 AM net.sf.freecol.server.networking.Server sendToAll
INFO: Reap dead connection: [DummyConnection Server connection - model.nation.aztec]
May 01, 2018 11:52:53 AM net.sf.freecol.server.networking.Server sendToAll
INFO: Reap dead connection: [DummyConnection Server connection - model.nation.apache]
May 01, 2018 11:52:53 AM net.sf.freecol.common.model.Specification applyDifficultyLevel
INFO: Applying difficulty level model.difficulty.medium
May 01, 2018 11:52:53 AM net.sf.freecol.common.FreeColSeed getFreeColSeed
INFO: Using seed: 7640523733613018955
May 01, 2018 11:52:53 AM net.sf.freecol.server.networking.Server sendToAll
INFO: Reap dead connection: [DummyConnection Server connection - model.nation.french]
May 01, 2018 11:52:53 AM net.sf.freecol.server.networking.Server sendToAll
INFO: Reap dead connection: [DummyConnection Server connection - model.nation.cherokee]
May 01, 2018 11:52:53 AM net.sf.freecol.server.networking.Server sendToAll
INFO: Reap dead connection: [DummyConnection Server connection - model.nation.sioux]
May 01, 2018 11:52:53 AM net.sf.freecol.server.networking.Server sendToAll
INFO: Reap dead connection: [DummyConnection Server connection - model.nation.apache]
May 01, 2018 11:52:53 AM net.sf.freecol.server.networking.Server sendToAll
INFO: Reap dead connection: [DummyConnection Server connection - model.nation.iroquois]
May 01, 2018 11:52:53 AM net.sf.freecol.server.networking.Server sendToAll
INFO: Reap dead connection: [DummyConnection Server connection - model.nation.inca]
May 01, 2018 11:52:53 AM net.sf.freecol.server.networking.Server sendToAll
INFO: Reap dead connection: [DummyConnection Server connection - model.nation.english]
May 01, 2018 11:52:53 AM net.sf.freecol.server.networking.Server sendToAll
INFO: Reap dead connection: [DummyConnection Server connection - model.nation.aztec]
May 01, 2018 11:52:53 AM net.sf.freecol.server.networking.Server sendToAll
INFO: Reap dead connection: [DummyConnection Server connection - model.nation.spanish]
May 01, 2018 11:52:53 AM net.sf.freecol.server.networking.Server sendToAll
INFO: Reap dead connection: [DummyConnection Server connection - model.nation.tupi]
May 01, 2018 11:52:53 AM net.sf.freecol.server.networking.Server sendToAll
INFO: Reap dead connection: [DummyConnection Server connection - model.nation.dutch]
May 01, 2018 11:52:53 AM net.sf.freecol.server.networking.Server sendToAll
INFO: Reap dead connection: [DummyConnection Server connection - model.nation.arawak]
May 01, 2018 11:52:53 AM net.sf.freecol.common.model.Specification applyDifficultyLevel
INFO: Applying difficulty level model.difficulty.medium
May 01, 2018 11:52:53 AM net.sf.freecol.common.FreeColSeed getFreeColSeed
INFO: Using seed: -7710548005822611927
May 01, 2018 11:52:53 AM net.sf.freecol.server.networking.Server sendToAll
INFO: Reap dead connection: [DummyConnection Server connection - model.nation.iroquois]
May 01, 2018 11:52:53 AM net.sf.freecol.server.networking.Server sendToAll
INFO: Reap dead connection: [DummyConnection Server connection - model.nation.tupi]
May 01, 2018 11:52:53 AM net.sf.freecol.server.networking.Server sendToAll
INFO: Reap dead connection: [DummyConnection Server connection - model.nation.spanish]
May 01, 2018 11:52:53 AM net.sf.freecol.server.networking.Server sendToAll
INFO: Reap dead connection: [DummyConnection Server connection - model.nation.dutch]
May 01, 2018 11:52:53 AM net.sf.freecol.server.networking.Server sendToAll
INFO: Reap dead connection: [DummyConnection Server connection - model.nation.french]
May 01, 2018 11:52:53 AM net.sf.freecol.server.networking.Server sendToAll
INFO: Reap dead connection: [DummyConnection Server connection - model.nation.arawak]
May 01, 2018 11:52:53 AM net.sf.freecol.server.networking.Server sendToAll
INFO: Reap dead connection: [DummyConnection Server connection - model.nation.sioux]
May 01, 2018 11:52:53 AM net.sf.freecol.server.networking.Server sendToAll
INFO: Reap dead connection: [DummyConnection Server connection - model.nation.inca]
May 01, 2018 11:52:53 AM net.sf.freecol.server.networking.Server sendToAll
INFO: Reap dead connection: [DummyConnection Server connection - model.nation.aztec]
May 01, 2018 11:52:53 AM net.sf.freecol.server.networking.Server sendToAll
INFO: Reap dead connection: [DummyConnection Server connection - model.nation.english]
May 01, 2018 11:52:53 AM net.sf.freecol.server.networking.Server sendToAll
INFO: Reap dead connection: [DummyConnection Server connection - model.nation.apache]
May 01, 2018 11:52:53 AM net.sf.freecol.server.networking.Server sendToAll
INFO: Reap dead connection: [DummyConnection Server connection - model.nation.cherokee]
May 01, 2018 11:52:53 AM net.sf.freecol.common.model.Specification applyDifficultyLevel
INFO: Applying difficulty level model.difficulty.medium
May 01, 2018 11:52:53 AM net.sf.freecol.common.FreeColSeed getFreeColSeed
INFO: Using seed: 2398107567677408837
May 01, 2018 11:52:53 AM net.sf.freecol.server.networking.Server sendToAll
INFO: Reap dead connection: [DummyConnection Server connection - model.nation.aztec]
May 01, 2018 11:52:53 AM net.sf.freecol.server.networking.Server sendToAll
INFO: Reap dead connection: [DummyConnection Server connection - model.nation.arawak]
May 01, 2018 11:52:53 AM net.sf.freecol.server.networking.Server sendToAll
INFO: Reap dead connection: [DummyConnection Server connection - model.nation.tupi]
May 01, 2018 11:52:53 AM net.sf.freecol.server.networking.Server sendToAll
INFO: Reap dead connection: [DummyConnection Server connection - model.nation.apache]
May 01, 2018 11:52:53 AM net.sf.freecol.server.networking.Server sendToAll
INFO: Reap dead connection: [DummyConnection Server connection - model.nation.dutch]
May 01, 2018 11:52:53 AM net.sf.freecol.server.networking.Server sendToAll
INFO: Reap dead connection: [DummyConnection Server connection - model.nation.french]
May 01, 2018 11:52:53 AM net.sf.freecol.server.networking.Server sendToAll
INFO: Reap dead connection: [DummyConnection Server connection - model.nation.iroquois]
May 01, 2018 11:52:53 AM net.sf.freecol.server.networking.Server sendToAll
INFO: Reap dead connection: [DummyConnection Server connection - model.nation.sioux]
May 01, 2018 11:52:53 AM net.sf.freecol.server.networking.Server sendToAll
INFO: Reap dead connection: [DummyConnection Server connection - model.nation.english]
May 01, 2018 11:52:53 AM net.sf.freecol.server.networking.Server sendToAll
INFO: Reap dead connection: [DummyConnection Server connection - model.nation.inca]
May 01, 2018 11:52:53 AM net.sf.freecol.server.networking.Server sendToAll
INFO: Reap dead connection: [DummyConnection Server connection - model.nation.cherokee]
May 01, 2018 11:52:53 AM net.sf.freecol.server.networking.Server sendToAll
INFO: Reap dead connection: [DummyConnection Server connection - model.nation.spanish]
May 01, 2018 11:52:53 AM net.sf.freecol.common.model.Specification applyDifficultyLevel
INFO: Applying difficulty level model.difficulty.medium
May 01, 2018 11:52:53 AM net.sf.freecol.common.FreeColSeed getFreeColSeed
INFO: Using seed: 132628457818989821
May 01, 2018 11:52:53 AM net.sf.freecol.server.networking.Server sendToAll
INFO: Reap dead connection: [DummyConnection Server connection - model.nation.iroquois]
May 01, 2018 11:52:53 AM net.sf.freecol.server.networking.Server sendToAll
INFO: Reap dead connection: [DummyConnection Server connection - model.nation.apache]
May 01, 2018 11:52:53 AM net.sf.freecol.server.networking.Server sendToAll
INFO: Reap dead connection: [DummyConnection Server connection - model.nation.english]
May 01, 2018 11:52:53 AM net.sf.freecol.server.networking.Server sendToAll
INFO: Reap dead connection: [DummyConnection Server connection - model.nation.inca]
May 01, 2018 11:52:53 AM net.sf.freecol.server.networking.Server sendToAll
INFO: Reap dead connection: [DummyConnection Server connection - model.nation.spanish]
May 01, 2018 11:52:53 AM net.sf.freecol.server.networking.Server sendToAll
INFO: Reap dead connection: [DummyConnection Server connection - model.nation.cherokee]
May 01, 2018 11:52:53 AM net.sf.freecol.server.networking.Server sendToAll
INFO: Reap dead connection: [DummyConnection Server connection - model.nation.arawak]
May 01, 2018 11:52:53 AM net.sf.freecol.server.networking.Server sendToAll
INFO: Reap dead connection: [DummyConnection Server connection - model.nation.sioux]
May 01, 2018 11:52:53 AM net.sf.freecol.server.networking.Server sendToAll
INFO: Reap dead connection: [DummyConnection Server connection - model.nation.dutch]
May 01, 2018 11:52:53 AM net.sf.freecol.server.networking.Server sendToAll
INFO: Reap dead connection: [DummyConnection Server connection - model.nation.french]
May 01, 2018 11:52:53 AM net.sf.freecol.server.networking.Server sendToAll
INFO: Reap dead connection: [DummyConnection Server connection - model.nation.tupi]
May 01, 2018 11:52:53 AM net.sf.freecol.server.networking.Server sendToAll
INFO: Reap dead connection: [DummyConnection Server connection - model.nation.aztec]
May 01, 2018 11:52:53 AM net.sf.freecol.common.model.Specification applyDifficultyLevel
INFO: Applying difficulty level model.difficulty.medium
May 01, 2018 11:52:53 AM net.sf.freecol.common.FreeColSeed getFreeColSeed
INFO: Using seed: 339887483169010388
May 01, 2018 11:52:53 AM net.sf.freecol.server.networking.Server sendToAll
INFO: Reap dead connection: [DummyConnection Server connection - model.nation.spanish]
May 01, 2018 11:52:53 AM net.sf.freecol.server.networking.Server sendToAll
INFO: Reap dead connection: [DummyConnection Server connection - model.nation.arawak]
May 01, 2018 11:52:53 AM net.sf.freecol.server.networking.Server sendToAll
INFO: Reap dead connection: [DummyConnection Server connection - model.nation.apache]
May 01, 2018 11:52:53 AM net.sf.freecol.server.networking.Server sendToAll
INFO: Reap dead connection: [DummyConnection Server connection - model.nation.iroquois]
May 01, 2018 11:52:53 AM net.sf.freecol.server.networking.Server sendToAll
INFO: Reap dead connection: [DummyConnection Server connection - model.nation.english]
May 01, 2018 11:52:53 AM net.sf.freecol.server.networking.Server sendToAll
INFO: Reap dead connection: [DummyConnection Server connection - model.nation.sioux]
May 01, 2018 11:52:53 AM net.sf.freecol.server.networking.Server sendToAll
INFO: Reap dead connection: [DummyConnection Server connection - model.nation.dutch]
May 01, 2018 11:52:53 AM net.sf.freecol.server.networking.Server sendToAll
INFO: Reap dead connection: [DummyConnection Server connection - model.nation.aztec]
May 01, 2018 11:52:53 AM net.sf.freecol.server.networking.Server sendToAll
INFO: Reap dead connection: [DummyConnection Server connection - model.nation.tupi]
May 01, 2018 11:52:53 AM net.sf.freecol.server.networking.Server sendToAll
INFO: Reap dead connection: [DummyConnection Server connection - model.nation.cherokee]
May 01, 2018 11:52:53 AM net.sf.freecol.server.networking.Server sendToAll
INFO: Reap dead connection: [DummyConnection Server connection - model.nation.french]
May 01, 2018 11:52:53 AM net.sf.freecol.server.networking.Server sendToAll
INFO: Reap dead connection: [DummyConnection Server connection - model.nation.inca]
May 01, 2018 11:52:53 AM net.sf.freecol.common.model.Specification applyDifficultyLevel
INFO: Applying difficulty level model.difficulty.medium
May 01, 2018 11:52:53 AM net.sf.freecol.common.FreeColSeed getFreeColSeed
INFO: Using seed: 4145713520540069139
May 01, 2018 11:52:53 AM net.sf.freecol.server.networking.Server sendToAll
INFO: Reap dead connection: [DummyConnection Server connection - model.nation.english]
May 01, 2018 11:52:53 AM net.sf.freecol.server.networking.Server sendToAll
INFO: Reap dead connection: [DummyConnection Server connection - model.nation.aztec]
May 01, 2018 11:52:53 AM net.sf.freecol.server.networking.Server sendToAll
INFO: Reap dead connection: [DummyConnection Server connection - model.nation.dutch]
May 01, 2018 11:52:53 AM net.sf.freecol.server.networking.Server sendToAll
INFO: Reap dead connection: [DummyConnection Server connection - model.nation.french]
May 01, 2018 11:52:53 AM net.sf.freecol.server.networking.Server sendToAll
INFO: Reap dead connection: [DummyConnection Server connection - model.nation.iroquois]
May 01, 2018 11:52:53 AM net.sf.freecol.server.networking.Server sendToAll
INFO: Reap dead connection: [DummyConnection Server connection - model.nation.spanish]
May 01, 2018 11:52:53 AM net.sf.freecol.server.networking.Server sendToAll
INFO: Reap dead connection: [DummyConnection Server connection - model.nation.cherokee]
May 01, 2018 11:52:53 AM net.sf.freecol.server.networking.Server sendToAll
INFO: Reap dead connection: [DummyConnection Server connection - model.nation.sioux]
May 01, 2018 11:52:53 AM net.sf.freecol.server.networking.Server sendToAll
INFO: Reap dead connection: [DummyConnection Server connection - model.nation.arawak]
May 01, 2018 11:52:53 AM net.sf.freecol.server.networking.Server sendToAll
INFO: Reap dead connection: [DummyConnection Server connection - model.nation.apache]
May 01, 2018 11:52:53 AM net.sf.freecol.server.networking.Server sendToAll
INFO: Reap dead connection: [DummyConnection Server connection - model.nation.inca]
May 01, 2018 11:52:53 AM net.sf.freecol.server.networking.Server sendToAll
INFO: Reap dead connection: [DummyConnection Server connection - model.nation.tupi]
May 01, 2018 11:52:53 AM net.sf.freecol.common.model.Specification applyDifficultyLevel
INFO: Applying difficulty level model.difficulty.medium
May 01, 2018 11:52:53 AM net.sf.freecol.common.FreeColSeed getFreeColSeed
INFO: Using seed: 5605897571573228668
May 01, 2018 11:52:53 AM net.sf.freecol.server.networking.Server sendToAll
INFO: Reap dead connection: [DummyConnection Server connection - model.nation.dutch]
May 01, 2018 11:52:53 AM net.sf.freecol.server.networking.Server sendToAll
INFO: Reap dead connection: [DummyConnection Server connection - model.nation.english]
May 01, 2018 11:52:53 AM net.sf.freecol.server.networking.Server sendToAll
INFO: Reap dead connection: [DummyConnection Server connection - model.nation.french]
May 01, 2018 11:52:53 AM net.sf.freecol.server.networking.Server sendToAll
INFO: Reap dead connection: [DummyConnection Server connection - model.nation.spanish]
May 01, 2018 11:52:53 AM net.sf.freecol.server.networking.Server sendToAll
INFO: Reap dead connection: [DummyConnection Server connection - model.nation.sioux]
May 01, 2018 11:52:53 AM net.sf.freecol.server.networking.Server sendToAll
INFO: Reap dead connection: [DummyConnection Server connection - model.nation.arawak]
May 01, 2018 11:52:53 AM net.sf.freecol.server.networking.Server sendToAll
INFO: Reap dead connection: [DummyConnection Server connection - model.nation.iroquois]
May 01, 2018 11:52:53 AM net.sf.freecol.server.networking.Server sendToAll
INFO: Reap dead connection: [DummyConnection Server connection - model.nation.apache]
May 01, 2018 11:52:53 AM net.sf.freecol.server.networking.Server sendToAll
INFO: Reap dead connection: [DummyConnection Server connection - model.nation.tupi]
May 01, 2018 11:52:53 AM net.sf.freecol.server.networking.Server sendToAll
INFO: Reap dead connection: [DummyConnection Server connection - model.nation.inca]
May 01, 2018 11:52:53 AM net.sf.freecol.server.networking.Server sendToAll
INFO: Reap dead connection: [DummyConnection Server connection - model.nation.aztec]
May 01, 2018 11:52:53 AM net.sf.freecol.server.networking.Server sendToAll
INFO: Reap dead connection: [DummyConnection Server connection - model.nation.cherokee]
May 01, 2018 11:52:53 AM net.sf.freecol.common.model.Specification applyDifficultyLevel
INFO: Applying difficulty level model.difficulty.medium
May 01, 2018 11:52:53 AM net.sf.freecol.common.FreeColSeed getFreeColSeed
INFO: Using seed: -5396006527858408395
May 01, 2018 11:52:53 AM net.sf.freecol.server.networking.Server sendToAll
INFO: Reap dead connection: [DummyConnection Server connection - model.nation.iroquois]
May 01, 2018 11:52:53 AM net.sf.freecol.server.networking.Server sendToAll
INFO: Reap dead connection: [DummyConnection Server connection - model.nation.english]
May 01, 2018 11:52:53 AM net.sf.freecol.server.networking.Server sendToAll
INFO: Reap dead connection: [DummyConnection Server connection - model.nation.sioux]
May 01, 2018 11:52:53 AM net.sf.freecol.server.networking.Server sendToAll
INFO: Reap dead connection: [DummyConnection Server connection - model.nation.arawak]
May 01, 2018 11:52:53 AM net.sf.freecol.server.networking.Server sendToAll
INFO: Reap dead connection: [DummyConnection Server connection - model.nation.apache]
May 01, 2018 11:52:53 AM net.sf.freecol.server.networking.Server sendToAll
INFO: Reap dead connection: [DummyConnection Server connection - model.nation.cherokee]
May 01, 2018 11:52:53 AM net.sf.freecol.server.networking.Server sendToAll
INFO: Reap dead connection: [DummyConnection Server connection - model.nation.aztec]
May 01, 2018 11:52:53 AM net.sf.freecol.server.networking.Server sendToAll
INFO: Reap dead connection: [DummyConnection Server connection - model.nation.spanish]
May 01, 2018 11:52:53 AM net.sf.freecol.server.networking.Server sendToAll
INFO: Reap dead connection: [DummyConnection Server connection - model.nation.tupi]
May 01, 2018 11:52:53 AM net.sf.freecol.server.networking.Server sendToAll
INFO: Reap dead connection: [DummyConnection Server connection - model.nation.french]
May 01, 2018 11:52:53 AM net.sf.freecol.server.networking.Server sendToAll
INFO: Reap dead connection: [DummyConnection Server connection - model.nation.inca]
May 01, 2018 11:52:53 AM net.sf.freecol.server.networking.Server sendToAll
INFO: Reap dead connection: [DummyConnection Server connection - model.nation.dutch]
May 01, 2018 11:52:53 AM net.sf.freecol.common.model.Specification applyDifficultyLevel
INFO: Applying difficulty level model.difficulty.medium
May 01, 2018 11:52:53 AM net.sf.freecol.common.FreeColSeed getFreeColSeed
INFO: Using seed: -3185615092505136613
May 01, 2018 11:52:53 AM net.sf.freecol.server.networking.Server sendToAll
INFO: Reap dead connection: [DummyConnection Server connection - model.nation.arawak]
May 01, 2018 11:52:53 AM net.sf.freecol.server.networking.Server sendToAll
INFO: Reap dead connection: [DummyConnection Server connection - model.nation.tupi]
May 01, 2018 11:52:53 AM net.sf.freecol.server.networking.Server sendToAll
INFO: Reap dead connection: [DummyConnection Server connection - model.nation.dutch]
May 01, 2018 11:52:53 AM net.sf.freecol.server.networking.Server sendToAll
INFO: Reap dead connection: [DummyConnection Server connection - model.nation.french]
May 01, 2018 11:52:53 AM net.sf.freecol.server.networking.Server sendToAll
INFO: Reap dead connection: [DummyConnection Server connection - model.nation.apache]
May 01, 2018 11:52:53 AM net.sf.freecol.server.networking.Server sendToAll
INFO: Reap dead connection: [DummyConnection Server connection - model.nation.inca]
May 01, 2018 11:52:53 AM net.sf.freecol.server.networking.Server sendToAll
INFO: Reap dead connection: [DummyConnection Server connection - model.nation.iroquois]
May 01, 2018 11:52:53 AM net.sf.freecol.server.networking.Server sendToAll
INFO: Reap dead connection: [DummyConnection Server connection - model.nation.sioux]
May 01, 2018 11:52:53 AM net.sf.freecol.server.networking.Server sendToAll
INFO: Reap dead connection: [DummyConnection Server connection - model.nation.aztec]
May 01, 2018 11:52:53 AM net.sf.freecol.server.networking.Server sendToAll
INFO: Reap dead connection: [DummyConnection Server connection - model.nation.english]
May 01, 2018 11:52:53 AM net.sf.freecol.server.networking.Server sendToAll
INFO: Reap dead connection: [DummyConnection Server connection - model.nation.spanish]
May 01, 2018 11:52:53 AM net.sf.freecol.server.networking.Server sendToAll
INFO: Reap dead connection: [DummyConnection Server connection - model.nation.cherokee]
May 01, 2018 11:52:53 AM net.sf.freecol.common.model.Specification applyDifficultyLevel
INFO: Applying difficulty level model.difficulty.medium
May 01, 2018 11:52:53 AM net.sf.freecol.common.FreeColSeed getFreeColSeed
INFO: Using seed: 6147285267355299998
May 01, 2018 11:52:53 AM net.sf.freecol.server.networking.Server sendToAll
INFO: Reap dead connection: [DummyConnection Server connection - model.nation.iroquois]
May 01, 2018 11:52:53 AM net.sf.freecol.server.networking.Server sendToAll
INFO: Reap dead connection: [DummyConnection Server connection - model.nation.spanish]
May 01, 2018 11:52:53 AM net.sf.freecol.server.networking.Server sendToAll
INFO: Reap dead connection: [DummyConnection Server connection - model.nation.tupi]
May 01, 2018 11:52:53 AM net.sf.freecol.server.networking.Server sendToAll
INFO: Reap dead connection: [DummyConnection Server connection - model.nation.arawak]
May 01, 2018 11:52:53 AM net.sf.freecol.server.networking.Server sendToAll
INFO: Reap dead connection: [DummyConnection Server connection - model.nation.sioux]
May 01, 2018 11:52:53 AM net.sf.freecol.server.networking.Server sendToAll
INFO: Reap dead connection: [DummyConnection Server connection - model.nation.french]
May 01, 2018 11:52:53 AM net.sf.freecol.server.networking.Server sendToAll
INFO: Reap dead connection: [DummyConnection Server connection - model.nation.english]
May 01, 2018 11:52:53 AM net.sf.freecol.server.networking.Server sendToAll
INFO: Reap dead connection: [DummyConnection Server connection - model.nation.apache]
May 01, 2018 11:52:53 AM net.sf.freecol.server.networking.Server sendToAll
INFO: Reap dead connection: [DummyConnection Server connection - model.nation.dutch]
May 01, 2018 11:52:53 AM net.sf.freecol.server.networking.Server sendToAll
INFO: Reap dead connection: [DummyConnection Server connection - model.nation.inca]
May 01, 2018 11:52:53 AM net.sf.freecol.server.networking.Server sendToAll
INFO: Reap dead connection: [DummyConnection Server connection - model.nation.cherokee]
May 01, 2018 11:52:53 AM net.sf.freecol.server.networking.Server sendToAll
INFO: Reap dead connection: [DummyConnection Server connection - model.nation.aztec]
May 01, 2018 11:52:53 AM net.sf.freecol.common.model.Specification applyDifficultyLevel
INFO: Applying difficulty level model.difficulty.medium
May 01, 2018 11:52:53 AM net.sf.freecol.common.FreeColSeed getFreeColSeed
INFO: Using seed: -2503186494286579170
May 01, 2018 11:52:53 AM net.sf.freecol.server.networking.Server sendToAll
INFO: Reap dead connection: [DummyConnection Server connection - model.nation.english]
May 01, 2018 11:52:53 AM net.sf.freecol.server.networking.Server sendToAll
INFO: Reap dead connection: [DummyConnection Server connection - model.nation.apache]
May 01, 2018 11:52:53 AM net.sf.freecol.server.networking.Server sendToAll
INFO: Reap dead connection: [DummyConnection Server connection - model.nation.inca]
May 01, 2018 11:52:53 AM net.sf.freecol.server.networking.Server sendToAll
INFO: Reap dead connection: [DummyConnection Server connection - model.nation.tupi]
May 01, 2018 11:52:53 AM net.sf.freecol.server.networking.Server sendToAll
INFO: Reap dead connection: [DummyConnection Server connection - model.nation.aztec]
May 01, 2018 11:52:53 AM net.sf.freecol.server.networking.Server sendToAll
INFO: Reap dead connection: [DummyConnection Server connection - model.nation.sioux]
May 01, 2018 11:52:53 AM net.sf.freecol.server.networking.Server sendToAll
INFO: Reap dead connection: [DummyConnection Server connection - model.nation.dutch]
May 01, 2018 11:52:53 AM net.sf.freecol.server.networking.Server sendToAll
INFO: Reap dead connection: [DummyConnection Server connection - model.nation.french]
May 01, 2018 11:52:53 AM net.sf.freecol.server.networking.Server sendToAll
INFO: Reap dead connection: [DummyConnection Server connection - model.nation.spanish]
May 01, 2018 11:52:53 AM net.sf.freecol.server.networking.Server sendToAll
INFO: Reap dead connection: [DummyConnection Server connection - model.nation.iroquois]
May 01, 2018 11:52:53 AM net.sf.freecol.server.networking.Server sendToAll
INFO: Reap dead connection: [DummyConnection Server connection - model.nation.arawak]
May 01, 2018 11:52:53 AM net.sf.freecol.server.networking.Server sendToAll
INFO: Reap dead connection: [DummyConnection Server connection - model.nation.cherokee]
May 01, 2018 11:52:53 AM net.sf.freecol.common.model.Specification applyDifficultyLevel
INFO: Applying difficulty level model.difficulty.medium
May 01, 2018 11:52:53 AM net.sf.freecol.common.FreeColSeed getFreeColSeed
INFO: Using seed: 1760478944909990292
May 01, 2018 11:52:53 AM net.sf.freecol.server.networking.Server sendToAll
INFO: Reap dead connection: [DummyConnection Server connection - model.nation.dutch]
May 01, 2018 11:52:53 AM net.sf.freecol.server.networking.Server sendToAll
INFO: Reap dead connection: [DummyConnection Server connection - model.nation.french]
May 01, 2018 11:52:53 AM net.sf.freecol.server.networking.Server sendToAll
INFO: Reap dead connection: [DummyConnection Server connection - model.nation.tupi]
May 01, 2018 11:52:53 AM net.sf.freecol.server.networking.Server sendToAll
INFO: Reap dead connection: [DummyConnection Server connection - model.nation.english]
May 01, 2018 11:52:53 AM net.sf.freecol.server.networking.Server sendToAll
INFO: Reap dead connection: [DummyConnection Server connection - model.nation.apache]
May 01, 2018 11:52:53 AM net.sf.freecol.server.networking.Server sendToAll
INFO: Reap dead connection: [DummyConnection Server connection - model.nation.sioux]
May 01, 2018 11:52:53 AM net.sf.freecol.server.networking.Server sendToAll
INFO: Reap dead connection: [DummyConnection Server connection - model.nation.spanish]
May 01, 2018 11:52:53 AM net.sf.freecol.server.networking.Server sendToAll
INFO: Reap dead connection: [DummyConnection Server connection - model.nation.inca]
May 01, 2018 11:52:53 AM net.sf.freecol.server.networking.Server sendToAll
INFO: Reap dead connection: [DummyConnection Server connection - model.nation.arawak]
May 01, 2018 11:52:53 AM net.sf.freecol.server.networking.Server sendToAll
INFO: Reap dead connection: [DummyConnection Server connection - model.nation.aztec]
May 01, 2018 11:52:53 AM net.sf.freecol.server.networking.Server sendToAll
INFO: Reap dead connection: [DummyConnection Server connection - model.nation.cherokee]
May 01, 2018 11:52:53 AM net.sf.freecol.server.networking.Server sendToAll
INFO: Reap dead connection: [DummyConnection Server connection - model.nation.iroquois]
May 01, 2018 11:52:53 AM net.sf.freecol.common.networking.DOMMessage clientError
WARNING: Received message: move out of turn from player: model.nation.dutch
May 01, 2018 11:52:53 AM net.sf.freecol.server.ai.AIMessage checkError
WARNING: AIMessage.move error, messageId: server.reject message: Received message: move out of turn from player: model.nation.dutch
May 01, 2018 11:52:53 AM net.sf.freecol.common.model.Specification applyDifficultyLevel
INFO: Applying difficulty level model.difficulty.medium
May 01, 2018 11:52:53 AM net.sf.freecol.common.FreeColSeed getFreeColSeed
INFO: Using seed: -7217031417944519444
May 01, 2018 11:52:53 AM net.sf.freecol.server.networking.Server sendToAll
INFO: Reap dead connection: [DummyConnection Server connection - model.nation.tupi]
May 01, 2018 11:52:53 AM net.sf.freecol.server.networking.Server sendToAll
INFO: Reap dead connection: [DummyConnection Server connection - model.nation.sioux]
May 01, 2018 11:52:53 AM net.sf.freecol.server.networking.Server sendToAll
INFO: Reap dead connection: [DummyConnection Server connection - model.nation.french]
May 01, 2018 11:52:53 AM net.sf.freecol.server.networking.Server sendToAll
INFO: Reap dead connection: [DummyConnection Server connection - model.nation.aztec]
May 01, 2018 11:52:53 AM net.sf.freecol.server.networking.Server sendToAll
INFO: Reap dead connection: [DummyConnection Server connection - model.nation.dutch]
May 01, 2018 11:52:53 AM net.sf.freecol.server.networking.Server sendToAll
INFO: Reap dead connection: [DummyConnection Server connection - model.nation.english]
May 01, 2018 11:52:53 AM net.sf.freecol.server.networking.Server sendToAll
INFO: Reap dead connection: [DummyConnection Server connection - model.nation.cherokee]
May 01, 2018 11:52:53 AM net.sf.freecol.server.networking.Server sendToAll
INFO: Reap dead connection: [DummyConnection Server connection - model.nation.iroquois]
May 01, 2018 11:52:53 AM net.sf.freecol.server.networking.Server sendToAll
INFO: Reap dead connection: [DummyConnection Server connection - model.nation.apache]
May 01, 2018 11:52:53 AM net.sf.freecol.server.networking.Server sendToAll
INFO: Reap dead connection: [DummyConnection Server connection - model.nation.spanish]
May 01, 2018 11:52:53 AM net.sf.freecol.server.networking.Server sendToAll
INFO: Reap dead connection: [DummyConnection Server connection - model.nation.arawak]
May 01, 2018 11:52:53 AM net.sf.freecol.server.networking.Server sendToAll
INFO: Reap dead connection: [DummyConnection Server connection - model.nation.inca]
May 01, 2018 11:52:53 AM net.sf.freecol.common.networking.DOMMessage clientError
WARNING: Received message: move out of turn from player: model.nation.dutch
May 01, 2018 11:52:53 AM net.sf.freecol.server.ai.AIMessage checkError
WARNING: AIMessage.move error, messageId: server.reject message: Received message: move out of turn from player: model.nation.dutch
May 01, 2018 11:52:53 AM net.sf.freecol.common.model.Specification applyDifficultyLevel
INFO: Applying difficulty level model.difficulty.medium
May 01, 2018 11:52:53 AM net.sf.freecol.common.FreeColSeed getFreeColSeed
INFO: Using seed: -1746844529333681876
May 01, 2018 11:52:53 AM net.sf.freecol.server.networking.Server sendToAll
INFO: Reap dead connection: [DummyConnection Server connection - model.nation.dutch]
May 01, 2018 11:52:53 AM net.sf.freecol.server.networking.Server sendToAll
INFO: Reap dead connection: [DummyConnection Server connection - model.nation.english]
May 01, 2018 11:52:53 AM net.sf.freecol.server.networking.Server sendToAll
INFO: Reap dead connection: [DummyConnection Server connection - model.nation.sioux]
May 01, 2018 11:52:53 AM net.sf.freecol.server.networking.Server sendToAll
INFO: Reap dead connection: [DummyConnection Server connection - model.nation.iroquois]
May 01, 2018 11:52:53 AM net.sf.freecol.server.networking.Server sendToAll
INFO: Reap dead connection: [DummyConnection Server connection - model.nation.tupi]
May 01, 2018 11:52:53 AM net.sf.freecol.server.networking.Server sendToAll
INFO: Reap dead connection: [DummyConnection Server connection - model.nation.apache]
May 01, 2018 11:52:53 AM net.sf.freecol.server.networking.Server sendToAll
INFO: Reap dead connection: [DummyConnection Server connection - model.nation.french]
May 01, 2018 11:52:53 AM net.sf.freecol.server.networking.Server sendToAll
INFO: Reap dead connection: [DummyConnection Server connection - model.nation.inca]
May 01, 2018 11:52:53 AM net.sf.freecol.server.networking.Server sendToAll
INFO: Reap dead connection: [DummyConnection Server connection - model.nation.cherokee]
May 01, 2018 11:52:53 AM net.sf.freecol.server.networking.Server sendToAll
INFO: Reap dead connection: [DummyConnection Server connection - model.nation.spanish]
May 01, 2018 11:52:53 AM net.sf.freecol.server.networking.Server sendToAll
INFO: Reap dead connection: [DummyConnection Server connection - model.nation.arawak]
May 01, 2018 11:52:53 AM net.sf.freecol.server.networking.Server sendToAll
INFO: Reap dead connection: [DummyConnection Server connection - model.nation.aztec]
May 01, 2018 11:52:53 AM net.sf.freecol.common.networking.DOMMessage clientError
WARNING: Received message: move out of turn from player: model.nation.dutch
May 01, 2018 11:52:53 AM net.sf.freecol.server.ai.AIMessage checkError
WARNING: AIMessage.move error, messageId: server.reject message: Received message: move out of turn from player: model.nation.dutch
May 01, 2018 11:52:53 AM net.sf.freecol.common.model.Specification applyDifficultyLevel
INFO: Applying difficulty level model.difficulty.medium
May 01, 2018 11:52:53 AM net.sf.freecol.common.FreeColSeed getFreeColSeed
INFO: Using seed: 5441579407704930574
May 01, 2018 11:52:54 AM net.sf.freecol.server.networking.Server sendToAll
INFO: Reap dead connection: [DummyConnection Server connection - model.nation.english]
May 01, 2018 11:52:54 AM net.sf.freecol.server.networking.Server sendToAll
INFO: Reap dead connection: [DummyConnection Server connection - model.nation.dutch]
May 01, 2018 11:52:54 AM net.sf.freecol.server.networking.Server sendToAll
INFO: Reap dead connection: [DummyConnection Server connection - model.nation.iroquois]
May 01, 2018 11:52:54 AM net.sf.freecol.server.networking.Server sendToAll
INFO: Reap dead connection: [DummyConnection Server connection - model.nation.cherokee]
May 01, 2018 11:52:54 AM net.sf.freecol.server.networking.Server sendToAll
INFO: Reap dead connection: [DummyConnection Server connection - model.nation.french]
May 01, 2018 11:52:54 AM net.sf.freecol.server.networking.Server sendToAll
INFO: Reap dead connection: [DummyConnection Server connection - model.nation.spanish]
May 01, 2018 11:52:54 AM net.sf.freecol.server.networking.Server sendToAll
INFO: Reap dead connection: [DummyConnection Server connection - model.nation.arawak]
May 01, 2018 11:52:54 AM net.sf.freecol.server.networking.Server sendToAll
INFO: Reap dead connection: [DummyConnection Server connection - model.nation.inca]
May 01, 2018 11:52:54 AM net.sf.freecol.server.networking.Server sendToAll
INFO: Reap dead connection: [DummyConnection Server connection - model.nation.tupi]
May 01, 2018 11:52:54 AM net.sf.freecol.server.networking.Server sendToAll
INFO: Reap dead connection: [DummyConnection Server connection - model.nation.sioux]
May 01, 2018 11:52:54 AM net.sf.freecol.server.networking.Server sendToAll
INFO: Reap dead connection: [DummyConnection Server connection - model.nation.apache]
May 01, 2018 11:52:54 AM net.sf.freecol.server.networking.Server sendToAll
INFO: Reap dead connection: [DummyConnection Server connection - model.nation.aztec]
May 01, 2018 11:52:54 AM net.sf.freecol.common.util.LogBuilder log
INFO: Combat attacker=unit:250-privateer [Modifier model.modifier.offence (model.source.baseOffence) ADDITIVE 8.0 index=10] [Modifier model.modifier.attackBonus (model.source.attackBonus) PERCENTAGE 50.0 index=50] = 12.0 defender=unit:247-galleon [Modifier model.modifier.defence (model.source.baseDefence) ADDITIVE 10.0 index=10] = 10.0 odds=0.5454545454545454 random(1.0)=0.5254545211791992 great=false Attack WIN DAMAGE_SHIP_ATTACK
May 01, 2018 11:52:54 AM net.sf.freecol.common.util.LogBuilder log
INFO: Destroying: unit:249
May 01, 2018 11:52:54 AM net.sf.freecol.common.model.Specification applyDifficultyLevel
INFO: Applying difficulty level model.difficulty.medium
May 01, 2018 11:52:54 AM net.sf.freecol.common.FreeColSeed getFreeColSeed
INFO: Using seed: 249204792791267350
May 01, 2018 11:52:54 AM net.sf.freecol.server.networking.Server sendToAll
INFO: Reap dead connection: [DummyConnection Server connection - model.nation.sioux]
May 01, 2018 11:52:54 AM net.sf.freecol.server.networking.Server sendToAll
INFO: Reap dead connection: [DummyConnection Server connection - model.nation.english]
May 01, 2018 11:52:54 AM net.sf.freecol.server.networking.Server sendToAll
INFO: Reap dead connection: [DummyConnection Server connection - model.nation.dutch]
May 01, 2018 11:52:54 AM net.sf.freecol.server.networking.Server sendToAll
INFO: Reap dead connection: [DummyConnection Server connection - model.nation.iroquois]
May 01, 2018 11:52:54 AM net.sf.freecol.server.networking.Server sendToAll
INFO: Reap dead connection: [DummyConnection Server connection - model.nation.tupi]
May 01, 2018 11:52:54 AM net.sf.freecol.server.networking.Server sendToAll
INFO: Reap dead connection: [DummyConnection Server connection - model.nation.aztec]
May 01, 2018 11:52:54 AM net.sf.freecol.server.networking.Server sendToAll
INFO: Reap dead connection: [DummyConnection Server connection - model.nation.cherokee]
May 01, 2018 11:52:54 AM net.sf.freecol.server.networking.Server sendToAll
INFO: Reap dead connection: [DummyConnection Server connection - model.nation.french]
May 01, 2018 11:52:54 AM net.sf.freecol.server.networking.Server sendToAll
INFO: Reap dead connection: [DummyConnection Server connection - model.nation.apache]
May 01, 2018 11:52:54 AM net.sf.freecol.server.networking.Server sendToAll
INFO: Reap dead connection: [DummyConnection Server connection - model.nation.inca]
May 01, 2018 11:52:54 AM net.sf.freecol.server.networking.Server sendToAll
INFO: Reap dead connection: [DummyConnection Server connection - model.nation.arawak]
May 01, 2018 11:52:54 AM net.sf.freecol.server.networking.Server sendToAll
INFO: Reap dead connection: [DummyConnection Server connection - model.nation.spanish]
May 01, 2018 11:52:54 AM net.sf.freecol.common.model.Specification applyDifficultyLevel
INFO: Applying difficulty level model.difficulty.medium
May 01, 2018 11:52:54 AM net.sf.freecol.common.FreeColSeed getFreeColSeed
INFO: Using seed: -1540589549126851646
May 01, 2018 11:52:54 AM net.sf.freecol.server.networking.Server sendToAll
INFO: Reap dead connection: [DummyConnection Server connection - model.nation.inca]
May 01, 2018 11:52:54 AM net.sf.freecol.server.networking.Server sendToAll
INFO: Reap dead connection: [DummyConnection Server connection - model.nation.english]
May 01, 2018 11:52:54 AM net.sf.freecol.server.networking.Server sendToAll
INFO: Reap dead connection: [DummyConnection Server connection - model.nation.spanish]
May 01, 2018 11:52:54 AM net.sf.freecol.server.networking.Server sendToAll
INFO: Reap dead connection: [DummyConnection Server connection - model.nation.tupi]
May 01, 2018 11:52:54 AM net.sf.freecol.server.networking.Server sendToAll
INFO: Reap dead connection: [DummyConnection Server connection - model.nation.french]
May 01, 2018 11:52:54 AM net.sf.freecol.server.networking.Server sendToAll
INFO: Reap dead connection: [DummyConnection Server connection - model.nation.arawak]
May 01, 2018 11:52:54 AM net.sf.freecol.server.networking.Server sendToAll
INFO: Reap dead connection: [DummyConnection Server connection - model.nation.dutch]
May 01, 2018 11:52:54 AM net.sf.freecol.server.networking.Server sendToAll
INFO: Reap dead connection: [DummyConnection Server connection - model.nation.cherokee]
May 01, 2018 11:52:54 AM net.sf.freecol.server.networking.Server sendToAll
INFO: Reap dead connection: [DummyConnection Server connection - model.nation.aztec]
May 01, 2018 11:52:54 AM net.sf.freecol.server.networking.Server sendToAll
INFO: Reap dead connection: [DummyConnection Server connection - model.nation.iroquois]
May 01, 2018 11:52:54 AM net.sf.freecol.server.networking.Server sendToAll
INFO: Reap dead connection: [DummyConnection Server connection - model.nation.apache]
May 01, 2018 11:52:54 AM net.sf.freecol.server.networking.Server sendToAll
INFO: Reap dead connection: [DummyConnection Server connection - model.nation.sioux]
May 01, 2018 11:52:54 AM net.sf.freecol.common.model.Specification applyDifficultyLevel
INFO: Applying difficulty level model.difficulty.medium
May 01, 2018 11:52:54 AM net.sf.freecol.common.FreeColSeed getFreeColSeed
INFO: Using seed: 1175374590032961879
May 01, 2018 11:52:54 AM net.sf.freecol.server.networking.Server sendToAll
INFO: Reap dead connection: [DummyConnection Server connection - model.nation.french]
May 01, 2018 11:52:54 AM net.sf.freecol.server.networking.Server sendToAll
INFO: Reap dead connection: [DummyConnection Server connection - model.nation.spanish]
May 01, 2018 11:52:54 AM net.sf.freecol.server.networking.Server sendToAll
INFO: Reap dead connection: [DummyConnection Server connection - model.nation.english]
May 01, 2018 11:52:54 AM net.sf.freecol.server.networking.Server sendToAll
INFO: Reap dead connection: [DummyConnection Server connection - model.nation.iroquois]
May 01, 2018 11:52:54 AM net.sf.freecol.server.networking.Server sendToAll
INFO: Reap dead connection: [DummyConnection Server connection - model.nation.arawak]
May 01, 2018 11:52:54 AM net.sf.freecol.server.networking.Server sendToAll
INFO: Reap dead connection: [DummyConnection Server connection - model.nation.sioux]
May 01, 2018 11:52:54 AM net.sf.freecol.server.networking.Server sendToAll
INFO: Reap dead connection: [DummyConnection Server connection - model.nation.aztec]
May 01, 2018 11:52:54 AM net.sf.freecol.server.networking.Server sendToAll
INFO: Reap dead connection: [DummyConnection Server connection - model.nation.cherokee]
May 01, 2018 11:52:54 AM net.sf.freecol.server.networking.Server sendToAll
INFO: Reap dead connection: [DummyConnection Server connection - model.nation.dutch]
May 01, 2018 11:52:54 AM net.sf.freecol.server.networking.Server sendToAll
INFO: Reap dead connection: [DummyConnection Server connection - model.nation.tupi]
May 01, 2018 11:52:54 AM net.sf.freecol.server.networking.Server sendToAll
INFO: Reap dead connection: [DummyConnection Server connection - model.nation.inca]
May 01, 2018 11:52:54 AM net.sf.freecol.server.networking.Server sendToAll
INFO: Reap dead connection: [DummyConnection Server connection - model.nation.apache]
May 01, 2018 11:52:54 AM net.sf.freecol.server.model.ServerPlayer csChangeStance
INFO: Stance modification William I PEACE -> WAR wrt Atahualpa
May 01, 2018 11:52:54 AM net.sf.freecol.server.model.ServerPlayer csChangeStance
INFO: Stance modification Atahualpa PEACE -> WAR wrt William I (symmetric)
May 01, 2018 11:52:54 AM net.sf.freecol.common.model.Specification applyDifficultyLevel
INFO: Applying difficulty level model.difficulty.medium
May 01, 2018 11:52:54 AM net.sf.freecol.common.FreeColSeed getFreeColSeed
INFO: Using seed: -554030907353776894
May 01, 2018 11:52:54 AM net.sf.freecol.server.networking.Server sendToAll
INFO: Reap dead connection: [DummyConnection Server connection - model.nation.tupi]
May 01, 2018 11:52:54 AM net.sf.freecol.server.networking.Server sendToAll
INFO: Reap dead connection: [DummyConnection Server connection - model.nation.inca]
May 01, 2018 11:52:54 AM net.sf.freecol.server.networking.Server sendToAll
INFO: Reap dead connection: [DummyConnection Server connection - model.nation.english]
May 01, 2018 11:52:54 AM net.sf.freecol.server.networking.Server sendToAll
INFO: Reap dead connection: [DummyConnection Server connection - model.nation.apache]
May 01, 2018 11:52:54 AM net.sf.freecol.server.networking.Server sendToAll
INFO: Reap dead connection: [DummyConnection Server connection - model.nation.iroquois]
May 01, 2018 11:52:54 AM net.sf.freecol.server.networking.Server sendToAll
INFO: Reap dead connection: [DummyConnection Server connection - model.nation.aztec]
May 01, 2018 11:52:54 AM net.sf.freecol.server.networking.Server sendToAll
INFO: Reap dead connection: [DummyConnection Server connection - model.nation.cherokee]
May 01, 2018 11:52:54 AM net.sf.freecol.server.networking.Server sendToAll
INFO: Reap dead connection: [DummyConnection Server connection - model.nation.dutch]
May 01, 2018 11:52:54 AM net.sf.freecol.server.networking.Server sendToAll
INFO: Reap dead connection: [DummyConnection Server connection - model.nation.sioux]
May 01, 2018 11:52:54 AM net.sf.freecol.server.networking.Server sendToAll
INFO: Reap dead connection: [DummyConnection Server connection - model.nation.french]
May 01, 2018 11:52:54 AM net.sf.freecol.server.networking.Server sendToAll
INFO: Reap dead connection: [DummyConnection Server connection - model.nation.arawak]
May 01, 2018 11:52:54 AM net.sf.freecol.server.networking.Server sendToAll
INFO: Reap dead connection: [DummyConnection Server connection - model.nation.spanish]
May 01, 2018 11:52:54 AM net.sf.freecol.server.model.ServerPlayer csChangeStance
INFO: Stance modification William I UNCONTACTED -> WAR wrt Louis XIV
May 01, 2018 11:52:54 AM net.sf.freecol.server.model.ServerPlayer csChangeStance
INFO: Stance modification Louis XIV UNCONTACTED -> WAR wrt William I (symmetric)
May 01, 2018 11:52:54 AM net.sf.freecol.common.util.LogBuilder log
INFO: Combat attacker=unit:247-artillery [Modifier model.modifier.offence (model.source.baseOffence) ADDITIVE 7.0 index=10] [Modifier model.modifier.artilleryInTheOpen (model.source.artilleryInTheOpen) PERCENTAGE -75.0 index=50] [Modifier model.modifier.attackBonus (model.source.attackBonus) PERCENTAGE 50.0 index=50] = 2.625 defender=unit:248-freeColonist-soldier [Modifier model.modifier.defence (model.source.baseDefence) ADDITIVE 1.0 index=10] [Modifier model.modifier.defence (model.role.soldier) ADDITIVE 1.0 index=30] = 2.0 odds=0.5675675675675675 random(1.0)=0.5875675678253174 great=false Attack LOSE DEMOTE_UNIT
May 01, 2018 11:52:54 AM net.sf.freecol.common.util.LogBuilder log
INFO: Combat attacker=unit:247-damagedArtillery [Modifier model.modifier.offence (model.source.baseOffence) ADDITIVE 5.0 index=10] [Modifier model.modifier.artilleryInTheOpen (model.source.artilleryInTheOpen) PERCENTAGE -75.0 index=50] [Modifier model.modifier.attackBonus (model.source.attackBonus) PERCENTAGE 50.0 index=50] = 1.875 defender=unit:248-freeColonist-soldier [Modifier model.modifier.defence (model.source.baseDefence) ADDITIVE 1.0 index=10] [Modifier model.modifier.defence (model.role.soldier) ADDITIVE 1.0 index=30] = 2.0 odds=0.4838709677419355 random(1.0)=0.503870964050293 great=false Attack LOSE SLAUGHTER_UNIT
May 01, 2018 11:52:54 AM net.sf.freecol.common.util.LogBuilder log
INFO: Destroying: unit:247
May 01, 2018 11:52:54 AM net.sf.freecol.common.model.Specification applyDifficultyLevel
INFO: Applying difficulty level model.difficulty.medium
May 01, 2018 11:52:54 AM net.sf.freecol.common.FreeColSeed getFreeColSeed
INFO: Using seed: 1517832716909154900
May 01, 2018 11:52:54 AM net.sf.freecol.server.networking.Server sendToAll
INFO: Reap dead connection: [DummyConnection Server connection - model.nation.arawak]
May 01, 2018 11:52:54 AM net.sf.freecol.server.networking.Server sendToAll
INFO: Reap dead connection: [DummyConnection Server connection - model.nation.apache]
May 01, 2018 11:52:54 AM net.sf.freecol.server.networking.Server sendToAll
INFO: Reap dead connection: [DummyConnection Server connection - model.nation.iroquois]
May 01, 2018 11:52:54 AM net.sf.freecol.server.networking.Server sendToAll
INFO: Reap dead connection: [DummyConnection Server connection - model.nation.spanish]
May 01, 2018 11:52:54 AM net.sf.freecol.server.networking.Server sendToAll
INFO: Reap dead connection: [DummyConnection Server connection - model.nation.sioux]
May 01, 2018 11:52:54 AM net.sf.freecol.server.networking.Server sendToAll
INFO: Reap dead connection: [DummyConnection Server connection - model.nation.inca]
May 01, 2018 11:52:54 AM net.sf.freecol.server.networking.Server sendToAll
INFO: Reap dead connection: [DummyConnection Server connection - model.nation.dutch]
May 01, 2018 11:52:54 AM net.sf.freecol.server.networking.Server sendToAll
INFO: Reap dead connection: [DummyConnection Server connection - model.nation.french]
May 01, 2018 11:52:54 AM net.sf.freecol.server.networking.Server sendToAll
INFO: Reap dead connection: [DummyConnection Server connection - model.nation.tupi]
May 01, 2018 11:52:54 AM net.sf.freecol.server.networking.Server sendToAll
INFO: Reap dead connection: [DummyConnection Server connection - model.nation.cherokee]
May 01, 2018 11:52:54 AM net.sf.freecol.server.networking.Server sendToAll
INFO: Reap dead connection: [DummyConnection Server connection - model.nation.english]
May 01, 2018 11:52:54 AM net.sf.freecol.server.networking.Server sendToAll
INFO: Reap dead connection: [DummyConnection Server connection - model.nation.aztec]
May 01, 2018 11:52:54 AM net.sf.freecol.server.model.ServerPlayer csChangeStance
INFO: Stance modification William I WAR -> PEACE wrt Louis XIV
May 01, 2018 11:52:54 AM net.sf.freecol.server.model.ServerPlayer csChangeStance
INFO: Stance modification Louis XIV WAR -> PEACE wrt William I (symmetric)
May 01, 2018 11:52:54 AM net.sf.freecol.common.model.Specification applyDifficultyLevel
INFO: Applying difficulty level model.difficulty.medium
May 01, 2018 11:52:54 AM net.sf.freecol.common.FreeColSeed getFreeColSeed
INFO: Using seed: 1960012143761445945
May 01, 2018 11:52:54 AM net.sf.freecol.server.networking.Server sendToAll
INFO: Reap dead connection: [DummyConnection Server connection - model.nation.tupi]
May 01, 2018 11:52:54 AM net.sf.freecol.server.networking.Server sendToAll
INFO: Reap dead connection: [DummyConnection Server connection - model.nation.sioux]
May 01, 2018 11:52:54 AM net.sf.freecol.server.networking.Server sendToAll
INFO: Reap dead connection: [DummyConnection Server connection - model.nation.french]
May 01, 2018 11:52:54 AM net.sf.freecol.server.networking.Server sendToAll
INFO: Reap dead connection: [DummyConnection Server connection - model.nation.apache]
May 01, 2018 11:52:54 AM net.sf.freecol.server.networking.Server sendToAll
INFO: Reap dead connection: [DummyConnection Server connection - model.nation.iroquois]
May 01, 2018 11:52:54 AM net.sf.freecol.server.networking.Server sendToAll
INFO: Reap dead connection: [DummyConnection Server connection - model.nation.dutch]
May 01, 2018 11:52:54 AM net.sf.freecol.server.networking.Server sendToAll
INFO: Reap dead connection: [DummyConnection Server connection - model.nation.spanish]
May 01, 2018 11:52:54 AM net.sf.freecol.server.networking.Server sendToAll
INFO: Reap dead connection: [DummyConnection Server connection - model.nation.cherokee]
May 01, 2018 11:52:54 AM net.sf.freecol.server.networking.Server sendToAll
INFO: Reap dead connection: [DummyConnection Server connection - model.nation.arawak]
May 01, 2018 11:52:54 AM net.sf.freecol.server.networking.Server sendToAll
INFO: Reap dead connection: [DummyConnection Server connection - model.nation.english]
May 01, 2018 11:52:54 AM net.sf.freecol.server.networking.Server sendToAll
INFO: Reap dead connection: [DummyConnection Server connection - model.nation.inca]
May 01, 2018 11:52:54 AM net.sf.freecol.server.networking.Server sendToAll
INFO: Reap dead connection: [DummyConnection Server connection - model.nation.aztec]
May 01, 2018 11:52:54 AM net.sf.freecol.server.model.ServerPlayer csChangeStance
INFO: Stance modification William I UNCONTACTED -> WAR wrt Louis XIV
May 01, 2018 11:52:54 AM net.sf.freecol.server.model.ServerPlayer csChangeStance
INFO: Stance modification Louis XIV UNCONTACTED -> WAR wrt William I (symmetric)
May 01, 2018 11:52:54 AM net.sf.freecol.common.util.LogBuilder log
INFO: Combat attacker=unit:248-veteranSoldier-soldier [Modifier model.modifier.offence (model.source.baseOffence) ADDITIVE 0.0 index=10] [Modifier model.modifier.offence (model.role.soldier) ADDITIVE 2.0 index=30] [Modifier model.modifier.offence (model.unit.veteranSoldier) PERCENTAGE 50.0 index=40] [Modifier model.modifier.attackBonus (model.source.attackBonus) PERCENTAGE 50.0 index=50] = 4.5 defender=unit:247-freeColonist-scout [Modifier model.modifier.defence (model.source.baseDefence) ADDITIVE 1.0 index=10] [Modifier model.modifier.defence (model.role.scout) ADDITIVE 1.0 index=30] = 2.0 odds=0.6923076923076923 random(1.0)=0.6723076701164246 great=false Attack WIN SLAUGHTER_UNIT
May 01, 2018 11:52:54 AM net.sf.freecol.common.util.LogBuilder log
INFO: Destroying: unit:247
May 01, 2018 11:52:54 AM net.sf.freecol.common.model.Specification applyDifficultyLevel
INFO: Applying difficulty level model.difficulty.medium
May 01, 2018 11:52:54 AM net.sf.freecol.common.FreeColSeed getFreeColSeed
INFO: Using seed: 2654195621636459622
May 01, 2018 11:52:54 AM net.sf.freecol.server.networking.Server sendToAll
INFO: Reap dead connection: [DummyConnection Server connection - model.nation.french]
May 01, 2018 11:52:54 AM net.sf.freecol.server.networking.Server sendToAll
INFO: Reap dead connection: [DummyConnection Server connection - model.nation.spanish]
May 01, 2018 11:52:54 AM net.sf.freecol.server.networking.Server sendToAll
INFO: Reap dead connection: [DummyConnection Server connection - model.nation.apache]
May 01, 2018 11:52:54 AM net.sf.freecol.server.networking.Server sendToAll
INFO: Reap dead connection: [DummyConnection Server connection - model.nation.inca]
May 01, 2018 11:52:54 AM net.sf.freecol.server.networking.Server sendToAll
INFO: Reap dead connection: [DummyConnection Server connection - model.nation.sioux]
May 01, 2018 11:52:54 AM net.sf.freecol.server.networking.Server sendToAll
INFO: Reap dead connection: [DummyConnection Server connection - model.nation.english]
May 01, 2018 11:52:54 AM net.sf.freecol.server.networking.Server sendToAll
INFO: Reap dead connection: [DummyConnection Server connection - model.nation.aztec]
May 01, 2018 11:52:54 AM net.sf.freecol.server.networking.Server sendToAll
INFO: Reap dead connection: [DummyConnection Server connection - model.nation.dutch]
May 01, 2018 11:52:54 AM net.sf.freecol.server.networking.Server sendToAll
INFO: Reap dead connection: [DummyConnection Server connection - model.nation.arawak]
May 01, 2018 11:52:54 AM net.sf.freecol.server.networking.Server sendToAll
INFO: Reap dead connection: [DummyConnection Server connection - model.nation.tupi]
May 01, 2018 11:52:54 AM net.sf.freecol.server.networking.Server sendToAll
INFO: Reap dead connection: [DummyConnection Server connection - model.nation.iroquois]
May 01, 2018 11:52:54 AM net.sf.freecol.server.networking.Server sendToAll
INFO: Reap dead connection: [DummyConnection Server connection - model.nation.cherokee]
May 01, 2018 11:52:54 AM net.sf.freecol.server.model.ServerPlayer csChangeStance
INFO: Stance modification William I UNCONTACTED -> WAR wrt Atahualpa
May 01, 2018 11:52:54 AM net.sf.freecol.server.model.ServerPlayer csChangeStance
INFO: Stance modification Atahualpa UNCONTACTED -> WAR wrt William I (symmetric)
May 01, 2018 11:52:54 AM net.sf.freecol.common.util.LogBuilder log
INFO: Combat attacker=unit:259-freeColonist-dragoon [Modifier model.modifier.offence (model.source.baseOffence) ADDITIVE 0.0 index=10] [Modifier model.modifier.offence (model.role.dragoon) ADDITIVE 3.0 index=30] [Modifier model.modifier.attackBonus (model.source.attackBonus) PERCENTAGE 50.0 index=50] = 4.5 defender=unit:260-brave [Modifier model.modifier.defence (model.source.baseDefence) ADDITIVE 1.0 index=10] = 1.0 odds=0.8181818181818182 random(1.0)=0.8381817936897278 great=false Attack LOSE CAPTURE_EQUIP
May 01, 2018 11:52:54 AM net.sf.freecol.common.util.LogBuilder log
INFO: Combat attacker=unit:259-freeColonist-soldier [Modifier model.modifier.offence (model.source.baseOffence) ADDITIVE 0.0 index=10] [Modifier model.modifier.offence (model.role.soldier) ADDITIVE 2.0 index=30] [Modifier model.modifier.attackBonus (model.source.attackBonus) PERCENTAGE 50.0 index=50] = 3.0 defender=unit:260-brave-mountedBrave [Modifier model.modifier.defence (model.source.baseDefence) ADDITIVE 1.0 index=10] [Modifier model.modifier.defence (model.role.mountedBrave) ADDITIVE 1.0 index=30] = 2.0 odds=0.6 random(1.0)=0.6200000047683716 great=false Attack LOSE CAPTURE_EQUIP
May 01, 2018 11:52:54 AM net.sf.freecol.common.util.LogBuilder log
INFO: Combat attacker=unit:259-freeColonist [Modifier model.modifier.offence (model.source.baseOffence) ADDITIVE 0.0 index=10] [Modifier model.modifier.attackBonus (model.source.attackBonus) PERCENTAGE 50.0 index=50] = 0.0 defender=unit:260-brave-nativeDragoon [Modifier model.modifier.defence (model.source.baseDefence) ADDITIVE 1.0 index=10] [Modifier model.modifier.defence (model.role.nativeDragoon) ADDITIVE 2.0 index=30] = 3.0 odds=0.0 random(1.0)=0.019999999552965164 great=false Attack LOSE SLAUGHTER_UNIT
May 01, 2018 11:52:54 AM net.sf.freecol.common.util.LogBuilder log
INFO: Destroying: unit:259
May 01, 2018 11:52:54 AM net.sf.freecol.common.model.Specification applyDifficultyLevel
INFO: Applying difficulty level model.difficulty.medium
May 01, 2018 11:52:54 AM net.sf.freecol.common.FreeColSeed getFreeColSeed
INFO: Using seed: 6761423715973697628
May 01, 2018 11:52:54 AM net.sf.freecol.server.networking.Server sendToAll
INFO: Reap dead connection: [DummyConnection Server connection - model.nation.dutch]
May 01, 2018 11:52:54 AM net.sf.freecol.server.networking.Server sendToAll
INFO: Reap dead connection: [DummyConnection Server connection - model.nation.cherokee]
May 01, 2018 11:52:54 AM net.sf.freecol.server.networking.Server sendToAll
INFO: Reap dead connection: [DummyConnection Server connection - model.nation.arawak]
May 01, 2018 11:52:54 AM net.sf.freecol.server.networking.Server sendToAll
INFO: Reap dead connection: [DummyConnection Server connection - model.nation.inca]
May 01, 2018 11:52:54 AM net.sf.freecol.server.networking.Server sendToAll
INFO: Reap dead connection: [DummyConnection Server connection - model.nation.english]
May 01, 2018 11:52:54 AM net.sf.freecol.server.networking.Server sendToAll
INFO: Reap dead connection: [DummyConnection Server connection - model.nation.spanish]
May 01, 2018 11:52:54 AM net.sf.freecol.server.networking.Server sendToAll
INFO: Reap dead connection: [DummyConnection Server connection - model.nation.tupi]
May 01, 2018 11:52:54 AM net.sf.freecol.server.networking.Server sendToAll
INFO: Reap dead connection: [DummyConnection Server connection - model.nation.sioux]
May 01, 2018 11:52:54 AM net.sf.freecol.server.networking.Server sendToAll
INFO: Reap dead connection: [DummyConnection Server connection - model.nation.aztec]
May 01, 2018 11:52:54 AM net.sf.freecol.server.networking.Server sendToAll
INFO: Reap dead connection: [DummyConnection Server connection - model.nation.french]
May 01, 2018 11:52:54 AM net.sf.freecol.server.networking.Server sendToAll
INFO: Reap dead connection: [DummyConnection Server connection - model.nation.apache]
May 01, 2018 11:52:54 AM net.sf.freecol.server.networking.Server sendToAll
INFO: Reap dead connection: [DummyConnection Server connection - model.nation.iroquois]
May 01, 2018 11:52:54 AM net.sf.freecol.server.model.ServerPlayer csChangeStance
INFO: Stance modification William I WAR -> CEASE_FIRE wrt Louis XIV
May 01, 2018 11:52:54 AM net.sf.freecol.server.model.ServerPlayer csChangeStance
INFO: Stance modification Louis XIV WAR -> CEASE_FIRE wrt William I (symmetric)
May 01, 2018 11:52:54 AM net.sf.freecol.common.model.Specification applyDifficultyLevel
INFO: Applying difficulty level model.difficulty.medium
May 01, 2018 11:52:54 AM net.sf.freecol.common.FreeColSeed getFreeColSeed
INFO: Using seed: 7489350497442010852
May 01, 2018 11:52:54 AM net.sf.freecol.server.networking.Server sendToAll
INFO: Reap dead connection: [DummyConnection Server connection - model.nation.spanish]
May 01, 2018 11:52:54 AM net.sf.freecol.server.networking.Server sendToAll
INFO: Reap dead connection: [DummyConnection Server connection - model.nation.english]
May 01, 2018 11:52:54 AM net.sf.freecol.server.networking.Server sendToAll
INFO: Reap dead connection: [DummyConnection Server connection - model.nation.arawak]
May 01, 2018 11:52:54 AM net.sf.freecol.server.networking.Server sendToAll
INFO: Reap dead connection: [DummyConnection Server connection - model.nation.iroquois]
May 01, 2018 11:52:54 AM net.sf.freecol.server.networking.Server sendToAll
INFO: Reap dead connection: [DummyConnection Server connection - model.nation.dutch]
May 01, 2018 11:52:54 AM net.sf.freecol.server.networking.Server sendToAll
INFO: Reap dead connection: [DummyConnection Server connection - model.nation.inca]
May 01, 2018 11:52:54 AM net.sf.freecol.server.networking.Server sendToAll
INFO: Reap dead connection: [DummyConnection Server connection - model.nation.tupi]
May 01, 2018 11:52:54 AM net.sf.freecol.server.networking.Server sendToAll
INFO: Reap dead connection: [DummyConnection Server connection - model.nation.apache]
May 01, 2018 11:52:54 AM net.sf.freecol.server.networking.Server sendToAll
INFO: Reap dead connection: [DummyConnection Server connection - model.nation.french]
May 01, 2018 11:52:54 AM net.sf.freecol.server.networking.Server sendToAll
INFO: Reap dead connection: [DummyConnection Server connection - model.nation.cherokee]
May 01, 2018 11:52:54 AM net.sf.freecol.server.networking.Server sendToAll
INFO: Reap dead connection: [DummyConnection Server connection - model.nation.sioux]
May 01, 2018 11:52:54 AM net.sf.freecol.server.networking.Server sendToAll
INFO: Reap dead connection: [DummyConnection Server connection - model.nation.aztec]
May 01, 2018 11:52:54 AM net.sf.freecol.server.model.ServerPlayer csChangeStance
INFO: Stance modification Louis XIV PEACE -> WAR wrt William I
May 01, 2018 11:52:54 AM net.sf.freecol.server.model.ServerPlayer csChangeStance
INFO: Stance modification William I PEACE -> WAR wrt Louis XIV (symmetric)
May 01, 2018 11:52:54 AM net.sf.freecol.common.model.Specification applyDifficultyLevel
INFO: Applying difficulty level model.difficulty.medium
May 01, 2018 11:52:54 AM net.sf.freecol.common.FreeColSeed getFreeColSeed
INFO: Using seed: -4172338099913715122
May 01, 2018 11:52:54 AM net.sf.freecol.server.networking.Server sendToAll
INFO: Reap dead connection: [DummyConnection Server connection - model.nation.inca]
May 01, 2018 11:52:54 AM net.sf.freecol.server.networking.Server sendToAll
INFO: Reap dead connection: [DummyConnection Server connection - model.nation.english]
May 01, 2018 11:52:54 AM net.sf.freecol.server.networking.Server sendToAll
INFO: Reap dead connection: [DummyConnection Server connection - model.nation.french]
May 01, 2018 11:52:54 AM net.sf.freecol.server.networking.Server sendToAll
INFO: Reap dead connection: [DummyConnection Server connection - model.nation.sioux]
May 01, 2018 11:52:54 AM net.sf.freecol.server.networking.Server sendToAll
INFO: Reap dead connection: [DummyConnection Server connection - model.nation.dutch]
May 01, 2018 11:52:54 AM net.sf.freecol.server.networking.Server sendToAll
INFO: Reap dead connection: [DummyConnection Server connection - model.nation.apache]
May 01, 2018 11:52:54 AM net.sf.freecol.server.networking.Server sendToAll
INFO: Reap dead connection: [DummyConnection Server connection - model.nation.aztec]
May 01, 2018 11:52:54 AM net.sf.freecol.server.networking.Server sendToAll
INFO: Reap dead connection: [DummyConnection Server connection - model.nation.tupi]
May 01, 2018 11:52:54 AM net.sf.freecol.server.networking.Server sendToAll
INFO: Reap dead connection: [DummyConnection Server connection - model.nation.cherokee]
May 01, 2018 11:52:54 AM net.sf.freecol.server.networking.Server sendToAll
INFO: Reap dead connection: [DummyConnection Server connection - model.nation.spanish]
May 01, 2018 11:52:54 AM net.sf.freecol.server.networking.Server sendToAll
INFO: Reap dead connection: [DummyConnection Server connection - model.nation.iroquois]
May 01, 2018 11:52:54 AM net.sf.freecol.server.networking.Server sendToAll
INFO: Reap dead connection: [DummyConnection Server connection - model.nation.arawak]
May 01, 2018 11:52:54 AM net.sf.freecol.server.model.ServerPlayer csChangeStance
INFO: Stance modification Louis XIV UNCONTACTED -> WAR wrt William I
May 01, 2018 11:52:54 AM net.sf.freecol.server.model.ServerPlayer csChangeStance
INFO: Stance modification William I UNCONTACTED -> WAR wrt Louis XIV (symmetric)
May 01, 2018 11:52:54 AM net.sf.freecol.common.util.LogBuilder log
INFO: Combat attacker=unit:272-veteranSoldier-dragoon [Modifier model.modifier.offence (model.source.baseOffence) ADDITIVE 0.0 index=10] [Modifier model.modifier.offence (model.role.dragoon) ADDITIVE 3.0 index=30] [Modifier model.modifier.offence (model.unit.veteranSoldier) PERCENTAGE 50.0 index=40] [Modifier model.modifier.attackBonus (model.source.attackBonus) PERCENTAGE 50.0 index=50] = 6.75 defender=unit:271-veteranSoldier-dragoon [Modifier model.modifier.defence (model.source.baseDefence) ADDITIVE 1.0 index=10] [Modifier model.modifier.defence (model.role.dragoon) ADDITIVE 2.0 index=30] [Modifier model.modifier.defence (model.unit.veteranSoldier) PERCENTAGE 50.0 index=40] [Modifier model.modifier.defence (model.settlement.colony) PERCENTAGE 50.0 index=50] = 6.75 odds=0.5 random(1.0)=0.47999998927116394 great=false Attack WIN LOSE_EQUIP
May 01, 2018 11:52:54 AM net.sf.freecol.common.util.LogBuilder log
INFO: Combat attacker=unit:272-veteranSoldier-dragoon [Modifier model.modifier.offence (model.source.baseOffence) ADDITIVE 0.0 index=10] [Modifier model.modifier.offence (model.role.dragoon) ADDITIVE 3.0 index=30] [Modifier model.modifier.offence (model.unit.veteranSoldier) PERCENTAGE 50.0 index=40] [Modifier model.modifier.attackBonus (model.source.attackBonus) PERCENTAGE 50.0 index=50] = 6.75 defender=unit:271-veteranSoldier-soldier [Modifier model.modifier.defence (model.source.baseDefence) ADDITIVE 1.0 index=10] [Modifier model.modifier.defence (model.role.soldier) ADDITIVE 1.0 index=30] [Modifier model.modifier.defence (model.unit.veteranSoldier) PERCENTAGE 50.0 index=40] [Modifier model.modifier.defence (model.settlement.colony) PERCENTAGE 50.0 index=50] = 4.5 odds=0.6 random(1.0)=0.6200000047683716 great=false Attack LOSE LOSE_EQUIP
May 01, 2018 11:52:54 AM net.sf.freecol.common.util.LogBuilder log
INFO: Combat attacker=unit:272-veteranSoldier-soldier [Modifier model.modifier.offence (model.source.baseOffence) ADDITIVE 0.0 index=10] [Modifier model.modifier.offence (model.role.soldier) ADDITIVE 2.0 index=30] [Modifier model.modifier.offence (model.unit.veteranSoldier) PERCENTAGE 50.0 index=40] [Modifier model.modifier.attackBonus (model.source.attackBonus) PERCENTAGE 50.0 index=50] = 4.5 defender=unit:271-veteranSoldier-soldier [Modifier model.modifier.defence (model.source.baseDefence) ADDITIVE 1.0 index=10] [Modifier model.modifier.defence (model.role.soldier) ADDITIVE 1.0 index=30] [Modifier model.modifier.defence (model.unit.veteranSoldier) PERCENTAGE 50.0 index=40] [Modifier model.modifier.defence (model.settlement.colony) PERCENTAGE 50.0 index=50] = 4.5 odds=0.5 random(1.0)=0.47999998927116394 great=false Attack WIN LOSE_EQUIP
May 01, 2018 11:52:54 AM net.sf.freecol.common.util.LogBuilder log
INFO: Combat attacker=unit:272-veteranSoldier-soldier [Modifier model.modifier.offence (model.source.baseOffence) ADDITIVE 0.0 index=10] [Modifier model.modifier.offence (model.role.soldier) ADDITIVE 2.0 index=30] [Modifier model.modifier.offence (model.unit.veteranSoldier) PERCENTAGE 50.0 index=40] [Modifier model.modifier.attackBonus (model.source.attackBonus) PERCENTAGE 50.0 index=50] = 4.5 defender=unit:271-veteranSoldier [Modifier model.modifier.defence (model.source.baseDefence) ADDITIVE 1.0 index=10] [Modifier model.modifier.defence (model.unit.veteranSoldier) PERCENTAGE 50.0 index=40] [Modifier model.modifier.defence (model.settlement.colony) PERCENTAGE 50.0 index=50] = 2.25 odds=0.6666666666666666 random(1.0)=0.6466666460037231 great=false Attack WIN CAPTURE_COLONY
May 01, 2018 11:52:54 AM net.sf.freecol.common.model.Specification applyDifficultyLevel
INFO: Applying difficulty level model.difficulty.medium
May 01, 2018 11:52:54 AM net.sf.freecol.common.FreeColSeed getFreeColSeed
INFO: Using seed: -5203584418886397140
May 01, 2018 11:52:54 AM net.sf.freecol.server.networking.Server sendToAll
INFO: Reap dead connection: [DummyConnection Server connection - model.nation.tupi]
May 01, 2018 11:52:54 AM net.sf.freecol.server.networking.Server sendToAll
INFO: Reap dead connection: [DummyConnection Server connection - model.nation.french]
May 01, 2018 11:52:54 AM net.sf.freecol.server.networking.Server sendToAll
INFO: Reap dead connection: [DummyConnection Server connection - model.nation.apache]
May 01, 2018 11:52:54 AM net.sf.freecol.server.networking.Server sendToAll
INFO: Reap dead connection: [DummyConnection Server connection - model.nation.inca]
May 01, 2018 11:52:54 AM net.sf.freecol.server.networking.Server sendToAll
INFO: Reap dead connection: [DummyConnection Server connection - model.nation.aztec]
May 01, 2018 11:52:54 AM net.sf.freecol.server.networking.Server sendToAll
INFO: Reap dead connection: [DummyConnection Server connection - model.nation.english]
May 01, 2018 11:52:54 AM net.sf.freecol.server.networking.Server sendToAll
INFO: Reap dead connection: [DummyConnection Server connection - model.nation.iroquois]
May 01, 2018 11:52:54 AM net.sf.freecol.server.networking.Server sendToAll
INFO: Reap dead connection: [DummyConnection Server connection - model.nation.dutch]
May 01, 2018 11:52:54 AM net.sf.freecol.server.networking.Server sendToAll
INFO: Reap dead connection: [DummyConnection Server connection - model.nation.arawak]
May 01, 2018 11:52:54 AM net.sf.freecol.server.networking.Server sendToAll
INFO: Reap dead connection: [DummyConnection Server connection - model.nation.cherokee]
May 01, 2018 11:52:54 AM net.sf.freecol.server.networking.Server sendToAll
INFO: Reap dead connection: [DummyConnection Server connection - model.nation.sioux]
May 01, 2018 11:52:54 AM net.sf.freecol.server.networking.Server sendToAll
INFO: Reap dead connection: [DummyConnection Server connection - model.nation.spanish]
May 01, 2018 11:52:54 AM net.sf.freecol.server.model.ServerPlayer csChangeStance
INFO: Stance modification William I UNCONTACTED -> WAR wrt Louis XIV
May 01, 2018 11:52:54 AM net.sf.freecol.server.model.ServerPlayer csChangeStance
INFO: Stance modification Louis XIV UNCONTACTED -> WAR wrt William I (symmetric)
May 01, 2018 11:52:54 AM net.sf.freecol.common.util.LogBuilder log
INFO: Combat attacker=unit:247-freeColonist-dragoon [Modifier model.modifier.offence (model.source.baseOffence) ADDITIVE 0.0 index=10] [Modifier model.modifier.offence (model.role.dragoon) ADDITIVE 3.0 index=30] [Modifier model.modifier.attackBonus (model.source.attackBonus) PERCENTAGE 50.0 index=50] = 4.5 defender=unit:248-freeColonist-soldier [Modifier model.modifier.defence (model.source.baseDefence) ADDITIVE 1.0 index=10] [Modifier model.modifier.defence (model.role.soldier) ADDITIVE 1.0 index=30] = 2.0 odds=0.6923076923076923 random(1.0)=0.7123076915740967 great=false Attack LOSE LOSE_EQUIP
May 01, 2018 11:52:54 AM net.sf.freecol.common.util.LogBuilder log
INFO: Combat attacker=unit:247-freeColonist-soldier [Modifier model.modifier.offence (model.source.baseOffence) ADDITIVE 0.0 index=10] [Modifier model.modifier.offence (model.role.soldier) ADDITIVE 2.0 index=30] [Modifier model.modifier.attackBonus (model.source.attackBonus) PERCENTAGE 50.0 index=50] = 3.0 defender=unit:248-freeColonist-soldier [Modifier model.modifier.defence (model.source.baseDefence) ADDITIVE 1.0 index=10] [Modifier model.modifier.defence (model.role.soldier) ADDITIVE 1.0 index=30] = 2.0 odds=0.6 random(1.0)=0.6200000047683716 great=false Attack LOSE LOSE_EQUIP
May 01, 2018 11:52:54 AM net.sf.freecol.common.util.LogBuilder log
INFO: Combat attacker=unit:248-freeColonist-soldier [Modifier model.modifier.offence (model.source.baseOffence) ADDITIVE 0.0 index=10] [Modifier model.modifier.offence (model.role.soldier) ADDITIVE 2.0 index=30] [Modifier model.modifier.attackBonus (model.source.attackBonus) PERCENTAGE 50.0 index=50] = 3.0 defender=unit:247-freeColonist [Modifier model.modifier.defence (model.source.baseDefence) ADDITIVE 1.0 index=10] = 1.0 odds=0.75 random(1.0)=0.7300000190734863 great=false Attack WIN CAPTURE_UNIT
May 01, 2018 11:52:54 AM net.sf.freecol.common.model.Specification applyDifficultyLevel
INFO: Applying difficulty level model.difficulty.medium
May 01, 2018 11:52:54 AM net.sf.freecol.common.FreeColSeed getFreeColSeed
INFO: Using seed: 3106913023111861513
May 01, 2018 11:52:54 AM net.sf.freecol.server.networking.Server sendToAll
INFO: Reap dead connection: [DummyConnection Server connection - model.nation.aztec]
May 01, 2018 11:52:54 AM net.sf.freecol.server.networking.Server sendToAll
INFO: Reap dead connection: [DummyConnection Server connection - model.nation.arawak]
May 01, 2018 11:52:54 AM net.sf.freecol.server.networking.Server sendToAll
INFO: Reap dead connection: [DummyConnection Server connection - model.nation.spanish]
May 01, 2018 11:52:54 AM net.sf.freecol.server.networking.Server sendToAll
INFO: Reap dead connection: [DummyConnection Server connection - model.nation.cherokee]
May 01, 2018 11:52:54 AM net.sf.freecol.server.networking.Server sendToAll
INFO: Reap dead connection: [DummyConnection Server connection - model.nation.tupi]
May 01, 2018 11:52:54 AM net.sf.freecol.server.networking.Server sendToAll
INFO: Reap dead connection: [DummyConnection Server connection - model.nation.dutch]
May 01, 2018 11:52:54 AM net.sf.freecol.server.networking.Server sendToAll
INFO: Reap dead connection: [DummyConnection Server connection - model.nation.french]
May 01, 2018 11:52:54 AM net.sf.freecol.server.networking.Server sendToAll
INFO: Reap dead connection: [DummyConnection Server connection - model.nation.inca]
May 01, 2018 11:52:54 AM net.sf.freecol.server.networking.Server sendToAll
INFO: Reap dead connection: [DummyConnection Server connection - model.nation.sioux]
May 01, 2018 11:52:54 AM net.sf.freecol.server.networking.Server sendToAll
INFO: Reap dead connection: [DummyConnection Server connection - model.nation.iroquois]
May 01, 2018 11:52:54 AM net.sf.freecol.server.networking.Server sendToAll
INFO: Reap dead connection: [DummyConnection Server connection - model.nation.english]
May 01, 2018 11:52:54 AM net.sf.freecol.server.networking.Server sendToAll
INFO: Reap dead connection: [DummyConnection Server connection - model.nation.apache]
May 01, 2018 11:52:54 AM net.sf.freecol.common.model.Specification applyDifficultyLevel
INFO: Applying difficulty level model.difficulty.medium
May 01, 2018 11:52:54 AM net.sf.freecol.common.FreeColSeed getFreeColSeed
INFO: Using seed: 1333032930944760502
May 01, 2018 11:52:54 AM net.sf.freecol.server.networking.Server sendToAll
INFO: Reap dead connection: [DummyConnection Server connection - model.nation.apache]
May 01, 2018 11:52:54 AM net.sf.freecol.server.networking.Server sendToAll
INFO: Reap dead connection: [DummyConnection Server connection - model.nation.iroquois]
May 01, 2018 11:52:54 AM net.sf.freecol.server.networking.Server sendToAll
INFO: Reap dead connection: [DummyConnection Server connection - model.nation.french]
May 01, 2018 11:52:54 AM net.sf.freecol.server.networking.Server sendToAll
INFO: Reap dead connection: [DummyConnection Server connection - model.nation.english]
May 01, 2018 11:52:54 AM net.sf.freecol.server.networking.Server sendToAll
INFO: Reap dead connection: [DummyConnection Server connection - model.nation.dutch]
May 01, 2018 11:52:54 AM net.sf.freecol.server.networking.Server sendToAll
INFO: Reap dead connection: [DummyConnection Server connection - model.nation.arawak]
May 01, 2018 11:52:54 AM net.sf.freecol.server.networking.Server sendToAll
INFO: Reap dead connection: [DummyConnection Server connection - model.nation.cherokee]
May 01, 2018 11:52:54 AM net.sf.freecol.server.networking.Server sendToAll
INFO: Reap dead connection: [DummyConnection Server connection - model.nation.inca]
May 01, 2018 11:52:54 AM net.sf.freecol.server.networking.Server sendToAll
INFO: Reap dead connection: [DummyConnection Server connection - model.nation.spanish]
May 01, 2018 11:52:54 AM net.sf.freecol.server.networking.Server sendToAll
INFO: Reap dead connection: [DummyConnection Server connection - model.nation.sioux]
May 01, 2018 11:52:54 AM net.sf.freecol.server.networking.Server sendToAll
INFO: Reap dead connection: [DummyConnection Server connection - model.nation.tupi]
May 01, 2018 11:52:54 AM net.sf.freecol.server.networking.Server sendToAll
INFO: Reap dead connection: [DummyConnection Server connection - model.nation.aztec]
May 01, 2018 11:52:54 AM net.sf.freecol.common.networking.DOMMessage clientError
WARNING: Too few goods
May 01, 2018 11:52:54 AM net.sf.freecol.common.model.Specification applyDifficultyLevel
INFO: Applying difficulty level model.difficulty.medium
May 01, 2018 11:52:54 AM net.sf.freecol.common.FreeColSeed getFreeColSeed
INFO: Using seed: 8630346768559985245
May 01, 2018 11:52:54 AM net.sf.freecol.server.networking.Server sendToAll
INFO: Reap dead connection: [DummyConnection Server connection - model.nation.apache]
May 01, 2018 11:52:54 AM net.sf.freecol.server.networking.Server sendToAll
INFO: Reap dead connection: [DummyConnection Server connection - model.nation.cherokee]
May 01, 2018 11:52:54 AM net.sf.freecol.server.networking.Server sendToAll
INFO: Reap dead connection: [DummyConnection Server connection - model.nation.dutch]
May 01, 2018 11:52:54 AM net.sf.freecol.server.networking.Server sendToAll
INFO: Reap dead connection: [DummyConnection Server connection - model.nation.arawak]
May 01, 2018 11:52:54 AM net.sf.freecol.server.networking.Server sendToAll
INFO: Reap dead connection: [DummyConnection Server connection - model.nation.sioux]
May 01, 2018 11:52:54 AM net.sf.freecol.server.networking.Server sendToAll
INFO: Reap dead connection: [DummyConnection Server connection - model.nation.iroquois]
May 01, 2018 11:52:54 AM net.sf.freecol.server.networking.Server sendToAll
INFO: Reap dead connection: [DummyConnection Server connection - model.nation.spanish]
May 01, 2018 11:52:54 AM net.sf.freecol.server.networking.Server sendToAll
INFO: Reap dead connection: [DummyConnection Server connection - model.nation.french]
May 01, 2018 11:52:54 AM net.sf.freecol.server.networking.Server sendToAll
INFO: Reap dead connection: [DummyConnection Server connection - model.nation.english]
May 01, 2018 11:52:54 AM net.sf.freecol.server.networking.Server sendToAll
INFO: Reap dead connection: [DummyConnection Server connection - model.nation.tupi]
May 01, 2018 11:52:54 AM net.sf.freecol.server.networking.Server sendToAll
INFO: Reap dead connection: [DummyConnection Server connection - model.nation.aztec]
May 01, 2018 11:52:54 AM net.sf.freecol.server.networking.Server sendToAll
INFO: Reap dead connection: [DummyConnection Server connection - model.nation.inca]
May 01, 2018 11:52:54 AM net.sf.freecol.server.model.ServerPlayer csChangeStance
INFO: Stance modification Louis XIV UNCONTACTED -> WAR wrt William I
May 01, 2018 11:52:54 AM net.sf.freecol.server.model.ServerPlayer csChangeStance
INFO: Stance modification William I UNCONTACTED -> WAR wrt Louis XIV (symmetric)
May 01, 2018 11:52:54 AM net.sf.freecol.common.util.LogBuilder log
INFO: Combat attacker=unit:249-privateer [Modifier model.modifier.offence (model.source.baseOffence) ADDITIVE 8.0 index=10] [Modifier model.modifier.attackBonus (model.source.attackBonus) PERCENTAGE 50.0 index=50] = 12.0 defender=unit:247-galleon [Modifier model.modifier.defence (model.source.baseDefence) ADDITIVE 10.0 index=10] [Modifier model.modifier.cargoPenalty (model.source.cargoPenalty) PERCENTAGE -12.5 index=50] = 8.75 odds=0.5783132530120482 random(1.0)=0.558313250541687 great=false Attack WIN LOOT_SHIP DAMAGE_SHIP_ATTACK
May 01, 2018 11:52:54 AM net.sf.freecol.common.networking.DOMMessage clientError
WARNING: Received message: lootCargo out of turn from player: model.nation.french
May 01, 2018 11:52:54 AM net.sf.freecol.server.ai.AIMessage checkError
WARNING: AIMessage.lootCargo error, messageId: server.reject message: Received message: lootCargo out of turn from player: model.nation.french
May 01, 2018 11:52:54 AM net.sf.freecol.common.model.Specification applyDifficultyLevel
INFO: Applying difficulty level model.difficulty.medium
May 01, 2018 11:52:54 AM net.sf.freecol.common.FreeColSeed getFreeColSeed
INFO: Using seed: -3072242026880074979
May 01, 2018 11:52:54 AM net.sf.freecol.server.networking.Server sendToAll
INFO: Reap dead connection: [DummyConnection Server connection - model.nation.cherokee]
May 01, 2018 11:52:54 AM net.sf.freecol.server.networking.Server sendToAll
INFO: Reap dead connection: [DummyConnection Server connection - model.nation.tupi]
May 01, 2018 11:52:54 AM net.sf.freecol.server.networking.Server sendToAll
INFO: Reap dead connection: [DummyConnection Server connection - model.nation.iroquois]
May 01, 2018 11:52:54 AM net.sf.freecol.server.networking.Server sendToAll
INFO: Reap dead connection: [DummyConnection Server connection - model.nation.english]
May 01, 2018 11:52:54 AM net.sf.freecol.server.networking.Server sendToAll
INFO: Reap dead connection: [DummyConnection Server connection - model.nation.spanish]
May 01, 2018 11:52:54 AM net.sf.freecol.server.networking.Server sendToAll
INFO: Reap dead connection: [DummyConnection Server connection - model.nation.apache]
May 01, 2018 11:52:54 AM net.sf.freecol.server.networking.Server sendToAll
INFO: Reap dead connection: [DummyConnection Server connection - model.nation.inca]
May 01, 2018 11:52:54 AM net.sf.freecol.server.networking.Server sendToAll
INFO: Reap dead connection: [DummyConnection Server connection - model.nation.sioux]
May 01, 2018 11:52:54 AM net.sf.freecol.server.networking.Server sendToAll
INFO: Reap dead connection: [DummyConnection Server connection - model.nation.arawak]
May 01, 2018 11:52:54 AM net.sf.freecol.server.networking.Server sendToAll
INFO: Reap dead connection: [DummyConnection Server connection - model.nation.dutch]
May 01, 2018 11:52:54 AM net.sf.freecol.server.networking.Server sendToAll
INFO: Reap dead connection: [DummyConnection Server connection - model.nation.french]
May 01, 2018 11:52:54 AM net.sf.freecol.server.networking.Server sendToAll
INFO: Reap dead connection: [DummyConnection Server connection - model.nation.aztec]
May 01, 2018 11:52:54 AM net.sf.freecol.common.model.Specification applyDifficultyLevel
INFO: Applying difficulty level model.difficulty.medium
May 01, 2018 11:52:54 AM net.sf.freecol.common.FreeColSeed getFreeColSeed
INFO: Using seed: 7768224929413918680
May 01, 2018 11:52:54 AM net.sf.freecol.server.networking.Server sendToAll
INFO: Reap dead connection: [DummyConnection Server connection - model.nation.arawak]
May 01, 2018 11:52:54 AM net.sf.freecol.server.networking.Server sendToAll
INFO: Reap dead connection: [DummyConnection Server connection - model.nation.inca]
May 01, 2018 11:52:54 AM net.sf.freecol.server.networking.Server sendToAll
INFO: Reap dead connection: [DummyConnection Server connection - model.nation.spanish]
May 01, 2018 11:52:54 AM net.sf.freecol.server.networking.Server sendToAll
INFO: Reap dead connection: [DummyConnection Server connection - model.nation.english]
May 01, 2018 11:52:54 AM net.sf.freecol.server.networking.Server sendToAll
INFO: Reap dead connection: [DummyConnection Server connection - model.nation.sioux]
May 01, 2018 11:52:54 AM net.sf.freecol.server.networking.Server sendToAll
INFO: Reap dead connection: [DummyConnection Server connection - model.nation.french]
May 01, 2018 11:52:54 AM net.sf.freecol.server.networking.Server sendToAll
INFO: Reap dead connection: [DummyConnection Server connection - model.nation.apache]
May 01, 2018 11:52:54 AM net.sf.freecol.server.networking.Server sendToAll
INFO: Reap dead connection: [DummyConnection Server connection - model.nation.aztec]
May 01, 2018 11:52:54 AM net.sf.freecol.server.networking.Server sendToAll
INFO: Reap dead connection: [DummyConnection Server connection - model.nation.iroquois]
May 01, 2018 11:52:54 AM net.sf.freecol.server.networking.Server sendToAll
INFO: Reap dead connection: [DummyConnection Server connection - model.nation.dutch]
May 01, 2018 11:52:54 AM net.sf.freecol.server.networking.Server sendToAll
INFO: Reap dead connection: [DummyConnection Server connection - model.nation.tupi]
May 01, 2018 11:52:54 AM net.sf.freecol.server.networking.Server sendToAll
INFO: Reap dead connection: [DummyConnection Server connection - model.nation.cherokee]
May 01, 2018 11:52:54 AM net.sf.freecol.server.model.ServerPlayer csChangeStance
INFO: Stance modification Guaira PEACE -> WAR wrt William I
May 01, 2018 11:52:54 AM net.sf.freecol.server.model.ServerPlayer csChangeStance
INFO: Stance modification William I PEACE -> WAR wrt Guaira (symmetric)
May 01, 2018 11:52:54 AM net.sf.freecol.server.model.ServerPlayer csChangeStance
INFO: Stance modification William I WAR -> PEACE wrt Guaira
May 01, 2018 11:52:54 AM net.sf.freecol.server.model.ServerPlayer csChangeStance
INFO: Stance modification Guaira WAR -> PEACE wrt William I (symmetric)
May 01, 2018 11:52:54 AM net.sf.freecol.common.model.Specification applyDifficultyLevel
INFO: Applying difficulty level model.difficulty.medium
May 01, 2018 11:52:54 AM net.sf.freecol.common.FreeColSeed getFreeColSeed
INFO: Using seed: -8955006237438481618
May 01, 2018 11:52:54 AM net.sf.freecol.server.networking.Server sendToAll
INFO: Reap dead connection: [DummyConnection Server connection - model.nation.sioux]
May 01, 2018 11:52:54 AM net.sf.freecol.server.networking.Server sendToAll
INFO: Reap dead connection: [DummyConnection Server connection - model.nation.iroquois]
May 01, 2018 11:52:54 AM net.sf.freecol.server.networking.Server sendToAll
INFO: Reap dead connection: [DummyConnection Server connection - model.nation.inca]
May 01, 2018 11:52:54 AM net.sf.freecol.server.networking.Server sendToAll
INFO: Reap dead connection: [DummyConnection Server connection - model.nation.dutch]
May 01, 2018 11:52:54 AM net.sf.freecol.server.networking.Server sendToAll
INFO: Reap dead connection: [DummyConnection Server connection - model.nation.aztec]
May 01, 2018 11:52:54 AM net.sf.freecol.server.networking.Server sendToAll
INFO: Reap dead connection: [DummyConnection Server connection - model.nation.arawak]
May 01, 2018 11:52:54 AM net.sf.freecol.server.networking.Server sendToAll
INFO: Reap dead connection: [DummyConnection Server connection - model.nation.english]
May 01, 2018 11:52:54 AM net.sf.freecol.server.networking.Server sendToAll
INFO: Reap dead connection: [DummyConnection Server connection - model.nation.cherokee]
May 01, 2018 11:52:54 AM net.sf.freecol.server.networking.Server sendToAll
INFO: Reap dead connection: [DummyConnection Server connection - model.nation.spanish]
May 01, 2018 11:52:54 AM net.sf.freecol.server.networking.Server sendToAll
INFO: Reap dead connection: [DummyConnection Server connection - model.nation.french]
May 01, 2018 11:52:54 AM net.sf.freecol.server.networking.Server sendToAll
INFO: Reap dead connection: [DummyConnection Server connection - model.nation.apache]
May 01, 2018 11:52:54 AM net.sf.freecol.server.networking.Server sendToAll
INFO: Reap dead connection: [DummyConnection Server connection - model.nation.tupi]
May 01, 2018 11:52:54 AM net.sf.freecol.common.util.LogBuilder log
INFO: Combat attacker=unit:248-veteranSoldier-dragoon [Modifier model.modifier.offence (model.source.baseOffence) ADDITIVE 0.0 index=10] [Modifier model.modifier.offence (model.role.dragoon) ADDITIVE 3.0 index=30] [Modifier model.modifier.offence (model.unit.veteranSoldier) PERCENTAGE 50.0 index=40] [Modifier model.modifier.attackBonus (model.source.attackBonus) PERCENTAGE 50.0 index=50] [Modifier model.modifier.bigMovementPenalty (model.source.movementPenalty) PERCENTAGE -66.0 index=50] = 2.2950000762939453 defender=unit:247-freeColonist-pioneer.5 [Modifier model.modifier.defence (model.source.baseDefence) ADDITIVE 1.0 index=10] = 1.0 odds=0.6965098704565885 random(1.0)=0.6765098571777344 great=false Attack WIN SLAUGHTER_UNIT
May 01, 2018 11:52:54 AM net.sf.freecol.common.util.LogBuilder log
INFO: Destroying: unit:247
May 01, 2018 11:52:54 AM net.sf.freecol.server.model.ServerPlayer csChangeStance
INFO: Stance modification Louis XIV UNCONTACTED -> WAR wrt William I
May 01, 2018 11:52:54 AM net.sf.freecol.server.model.ServerPlayer csChangeStance
INFO: Stance modification William I UNCONTACTED -> WAR wrt Louis XIV (symmetric)
May 01, 2018 11:52:54 AM net.sf.freecol.common.model.Specification applyDifficultyLevel
INFO: Applying difficulty level model.difficulty.medium
May 01, 2018 11:52:54 AM net.sf.freecol.common.FreeColSeed getFreeColSeed
INFO: Using seed: -1344806286811915331
May 01, 2018 11:52:54 AM net.sf.freecol.server.networking.Server sendToAll
INFO: Reap dead connection: [DummyConnection Server connection - model.nation.sioux]
May 01, 2018 11:52:54 AM net.sf.freecol.server.networking.Server sendToAll
INFO: Reap dead connection: [DummyConnection Server connection - model.nation.aztec]
May 01, 2018 11:52:54 AM net.sf.freecol.server.networking.Server sendToAll
INFO: Reap dead connection: [DummyConnection Server connection - model.nation.iroquois]
May 01, 2018 11:52:54 AM net.sf.freecol.server.networking.Server sendToAll
INFO: Reap dead connection: [DummyConnection Server connection - model.nation.dutch]
May 01, 2018 11:52:54 AM net.sf.freecol.server.networking.Server sendToAll
INFO: Reap dead connection: [DummyConnection Server connection - model.nation.french]
May 01, 2018 11:52:54 AM net.sf.freecol.server.networking.Server sendToAll
INFO: Reap dead connection: [DummyConnection Server connection - model.nation.inca]
May 01, 2018 11:52:54 AM net.sf.freecol.server.networking.Server sendToAll
INFO: Reap dead connection: [DummyConnection Server connection - model.nation.apache]
May 01, 2018 11:52:54 AM net.sf.freecol.server.networking.Server sendToAll
INFO: Reap dead connection: [DummyConnection Server connection - model.nation.spanish]
May 01, 2018 11:52:54 AM net.sf.freecol.server.networking.Server sendToAll
INFO: Reap dead connection: [DummyConnection Server connection - model.nation.cherokee]
May 01, 2018 11:52:54 AM net.sf.freecol.server.networking.Server sendToAll
INFO: Reap dead connection: [DummyConnection Server connection - model.nation.arawak]
May 01, 2018 11:52:54 AM net.sf.freecol.server.networking.Server sendToAll
INFO: Reap dead connection: [DummyConnection Server connection - model.nation.english]
May 01, 2018 11:52:54 AM net.sf.freecol.server.networking.Server sendToAll
INFO: Reap dead connection: [DummyConnection Server connection - model.nation.tupi]
May 01, 2018 11:52:54 AM net.sf.freecol.server.model.ServerPlayer csChangeStance
INFO: Stance modification William I UNCONTACTED -> WAR wrt Louis XIV
May 01, 2018 11:52:54 AM net.sf.freecol.server.model.ServerPlayer csChangeStance
INFO: Stance modification Louis XIV UNCONTACTED -> WAR wrt William I (symmetric)
May 01, 2018 11:52:54 AM net.sf.freecol.common.util.LogBuilder log
INFO: Combat attacker=unit:247-pettyCriminal-soldier [Modifier model.modifier.offence (model.source.baseOffence) ADDITIVE 0.0 index=10] [Modifier model.modifier.offence (model.role.soldier) ADDITIVE 2.0 index=30] [Modifier model.modifier.attackBonus (model.source.attackBonus) PERCENTAGE 50.0 index=50] = 3.0 defender=unit:248-freeColonist-soldier [Modifier model.modifier.defence (model.source.baseDefence) ADDITIVE 1.0 index=10] [Modifier model.modifier.defence (model.role.soldier) ADDITIVE 1.0 index=30] = 2.0 odds=0.6 random(1.0)=0.5799999833106995 great=false Attack WIN LOSE_EQUIP PROMOTE_UNIT
May 01, 2018 11:52:54 AM net.sf.freecol.common.util.LogBuilder log
INFO: Combat attacker=unit:247-indenturedServant-soldier [Modifier model.modifier.offence (model.source.baseOffence) ADDITIVE 0.0 index=10] [Modifier model.modifier.offence (model.role.soldier) ADDITIVE 2.0 index=30] [Modifier model.modifier.attackBonus (model.source.attackBonus) PERCENTAGE 50.0 index=50] = 3.0 defender=unit:248-freeColonist-soldier [Modifier model.modifier.defence (model.source.baseDefence) ADDITIVE 1.0 index=10] [Modifier model.modifier.defence (model.role.soldier) ADDITIVE 1.0 index=30] = 2.0 odds=0.6 random(1.0)=0.5799999833106995 great=false Attack WIN LOSE_EQUIP PROMOTE_UNIT
May 01, 2018 11:52:54 AM net.sf.freecol.common.util.LogBuilder log
INFO: Combat attacker=unit:247-freeColonist-soldier [Modifier model.modifier.offence (model.source.baseOffence) ADDITIVE 0.0 index=10] [Modifier model.modifier.offence (model.role.soldier) ADDITIVE 2.0 index=30] [Modifier model.modifier.attackBonus (model.source.attackBonus) PERCENTAGE 50.0 index=50] = 3.0 defender=unit:248-freeColonist-soldier [Modifier model.modifier.defence (model.source.baseDefence) ADDITIVE 1.0 index=10] [Modifier model.modifier.defence (model.role.soldier) ADDITIVE 1.0 index=30] = 2.0 odds=0.6 random(1.0)=0.5799999833106995 great=false Attack WIN LOSE_EQUIP PROMOTE_UNIT
May 01, 2018 11:52:54 AM net.sf.freecol.common.util.LogBuilder log
INFO: Combat attacker=unit:247-veteranSoldier-soldier [Modifier model.modifier.offence (model.source.baseOffence) ADDITIVE 0.0 index=10] [Modifier model.modifier.offence (model.role.soldier) ADDITIVE 2.0 index=30] [Modifier model.modifier.offence (model.unit.veteranSoldier) PERCENTAGE 50.0 index=40] [Modifier model.modifier.attackBonus (model.source.attackBonus) PERCENTAGE 50.0 index=50] = 4.5 defender=unit:248-freeColonist-soldier [Modifier model.modifier.defence (model.source.baseDefence) ADDITIVE 1.0 index=10] [Modifier model.modifier.defence (model.role.soldier) ADDITIVE 1.0 index=30] = 2.0 odds=0.6923076923076923 random(1.0)=0.6723076701164246 great=false Attack WIN LOSE_EQUIP PROMOTE_UNIT
May 01, 2018 11:52:54 AM net.sf.freecol.common.util.LogBuilder log
INFO: Combat attacker=unit:247-colonialRegular-soldier [Modifier model.modifier.offence (model.source.baseOffence) ADDITIVE 0.0 index=10] [Modifier model.modifier.offence (model.unit.colonialRegular) ADDITIVE 3.0 index=20] [Modifier model.modifier.offence (model.role.soldier) ADDITIVE 2.0 index=30] [Modifier model.modifier.attackBonus (model.source.attackBonus) PERCENTAGE 50.0 index=50] = 7.5 defender=unit:248-freeColonist-soldier [Modifier model.modifier.defence (model.source.baseDefence) ADDITIVE 1.0 index=10] [Modifier model.modifier.defence (model.role.soldier) ADDITIVE 1.0 index=30] = 2.0 odds=0.7894736842105263 random(1.0)=0.769473671913147 great=false Attack WIN LOSE_EQUIP
May 01, 2018 11:52:54 AM net.sf.freecol.common.model.Specification applyDifficultyLevel
INFO: Applying difficulty level model.difficulty.medium
May 01, 2018 11:52:54 AM net.sf.freecol.common.FreeColSeed getFreeColSeed
INFO: Using seed: 4486987247081341062
May 01, 2018 11:52:54 AM net.sf.freecol.server.networking.Server sendToAll
INFO: Reap dead connection: [DummyConnection Server connection - model.nation.english]
May 01, 2018 11:52:54 AM net.sf.freecol.server.networking.Server sendToAll
INFO: Reap dead connection: [DummyConnection Server connection - model.nation.cherokee]
May 01, 2018 11:52:54 AM net.sf.freecol.server.networking.Server sendToAll
INFO: Reap dead connection: [DummyConnection Server connection - model.nation.spanish]
May 01, 2018 11:52:54 AM net.sf.freecol.server.networking.Server sendToAll
INFO: Reap dead connection: [DummyConnection Server connection - model.nation.sioux]
May 01, 2018 11:52:54 AM net.sf.freecol.server.networking.Server sendToAll
INFO: Reap dead connection: [DummyConnection Server connection - model.nation.french]
May 01, 2018 11:52:54 AM net.sf.freecol.server.networking.Server sendToAll
INFO: Reap dead connection: [DummyConnection Server connection - model.nation.inca]
May 01, 2018 11:52:54 AM net.sf.freecol.server.networking.Server sendToAll
INFO: Reap dead connection: [DummyConnection Server connection - model.nation.apache]
May 01, 2018 11:52:54 AM net.sf.freecol.server.networking.Server sendToAll
INFO: Reap dead connection: [DummyConnection Server connection - model.nation.iroquois]
May 01, 2018 11:52:54 AM net.sf.freecol.server.networking.Server sendToAll
INFO: Reap dead connection: [DummyConnection Server connection - model.nation.dutch]
May 01, 2018 11:52:54 AM net.sf.freecol.server.networking.Server sendToAll
INFO: Reap dead connection: [DummyConnection Server connection - model.nation.tupi]
May 01, 2018 11:52:54 AM net.sf.freecol.server.networking.Server sendToAll
INFO: Reap dead connection: [DummyConnection Server connection - model.nation.aztec]
May 01, 2018 11:52:54 AM net.sf.freecol.server.networking.Server sendToAll
INFO: Reap dead connection: [DummyConnection Server connection - model.nation.arawak]
May 01, 2018 11:52:54 AM net.sf.freecol.common.networking.DOMMessage clientError
WARNING: Can not clear speciality of a teacher.
May 01, 2018 11:52:54 AM net.sf.freecol.common.model.Specification applyDifficultyLevel
INFO: Applying difficulty level model.difficulty.medium
May 01, 2018 11:52:54 AM net.sf.freecol.common.FreeColSeed getFreeColSeed
INFO: Using seed: 1730444800492571972
May 01, 2018 11:52:54 AM net.sf.freecol.server.networking.Server sendToAll
INFO: Reap dead connection: [DummyConnection Server connection - model.nation.tupi]
May 01, 2018 11:52:54 AM net.sf.freecol.server.networking.Server sendToAll
INFO: Reap dead connection: [DummyConnection Server connection - model.nation.spanish]
May 01, 2018 11:52:54 AM net.sf.freecol.server.networking.Server sendToAll
INFO: Reap dead connection: [DummyConnection Server connection - model.nation.english]
May 01, 2018 11:52:54 AM net.sf.freecol.server.networking.Server sendToAll
INFO: Reap dead connection: [DummyConnection Server connection - model.nation.aztec]
May 01, 2018 11:52:54 AM net.sf.freecol.server.networking.Server sendToAll
INFO: Reap dead connection: [DummyConnection Server connection - model.nation.sioux]
May 01, 2018 11:52:54 AM net.sf.freecol.server.networking.Server sendToAll
INFO: Reap dead connection: [DummyConnection Server connection - model.nation.arawak]
May 01, 2018 11:52:54 AM net.sf.freecol.server.networking.Server sendToAll
INFO: Reap dead connection: [DummyConnection Server connection - model.nation.apache]
May 01, 2018 11:52:54 AM net.sf.freecol.server.networking.Server sendToAll
INFO: Reap dead connection: [DummyConnection Server connection - model.nation.dutch]
May 01, 2018 11:52:54 AM net.sf.freecol.server.networking.Server sendToAll
INFO: Reap dead connection: [DummyConnection Server connection - model.nation.inca]
May 01, 2018 11:52:54 AM net.sf.freecol.server.networking.Server sendToAll
INFO: Reap dead connection: [DummyConnection Server connection - model.nation.iroquois]
May 01, 2018 11:52:54 AM net.sf.freecol.server.networking.Server sendToAll
INFO: Reap dead connection: [DummyConnection Server connection - model.nation.french]
May 01, 2018 11:52:54 AM net.sf.freecol.server.networking.Server sendToAll
INFO: Reap dead connection: [DummyConnection Server connection - model.nation.cherokee]
May 01, 2018 11:52:54 AM net.sf.freecol.server.model.ServerPlayer csChangeStance
INFO: Stance modification William I CEASE_FIRE -> PEACE wrt Louis XIV
May 01, 2018 11:52:54 AM net.sf.freecol.server.model.ServerPlayer csChangeStance
INFO: Stance modification Louis XIV CEASE_FIRE -> PEACE wrt William I (symmetric)
May 01, 2018 11:52:55 AM net.sf.freecol.common.model.Specification applyDifficultyLevel
INFO: Applying difficulty level model.difficulty.medium
May 01, 2018 11:52:55 AM net.sf.freecol.common.FreeColSeed getFreeColSeed
INFO: Using seed: 2963619703735335414
May 01, 2018 11:52:55 AM net.sf.freecol.server.networking.Server sendToAll
INFO: Reap dead connection: [DummyConnection Server connection - model.nation.cherokee]
May 01, 2018 11:52:55 AM net.sf.freecol.server.networking.Server sendToAll
INFO: Reap dead connection: [DummyConnection Server connection - model.nation.sioux]
May 01, 2018 11:52:55 AM net.sf.freecol.server.networking.Server sendToAll
INFO: Reap dead connection: [DummyConnection Server connection - model.nation.inca]
May 01, 2018 11:52:55 AM net.sf.freecol.server.networking.Server sendToAll
INFO: Reap dead connection: [DummyConnection Server connection - model.nation.french]
May 01, 2018 11:52:55 AM net.sf.freecol.server.networking.Server sendToAll
INFO: Reap dead connection: [DummyConnection Server connection - model.nation.english]
May 01, 2018 11:52:55 AM net.sf.freecol.server.networking.Server sendToAll
INFO: Reap dead connection: [DummyConnection Server connection - model.nation.apache]
May 01, 2018 11:52:55 AM net.sf.freecol.server.networking.Server sendToAll
INFO: Reap dead connection: [DummyConnection Server connection - model.nation.tupi]
May 01, 2018 11:52:55 AM net.sf.freecol.server.networking.Server sendToAll
INFO: Reap dead connection: [DummyConnection Server connection - model.nation.arawak]
May 01, 2018 11:52:55 AM net.sf.freecol.server.networking.Server sendToAll
INFO: Reap dead connection: [DummyConnection Server connection - model.nation.aztec]
May 01, 2018 11:52:55 AM net.sf.freecol.server.networking.Server sendToAll
INFO: Reap dead connection: [DummyConnection Server connection - model.nation.iroquois]
May 01, 2018 11:52:55 AM net.sf.freecol.server.networking.Server sendToAll
INFO: Reap dead connection: [DummyConnection Server connection - model.nation.dutch]
May 01, 2018 11:52:55 AM net.sf.freecol.server.networking.Server sendToAll
INFO: Reap dead connection: [DummyConnection Server connection - model.nation.spanish]
May 01, 2018 11:52:55 AM net.sf.freecol.common.model.Specification applyDifficultyLevel
INFO: Applying difficulty level model.difficulty.medium
May 01, 2018 11:52:55 AM net.sf.freecol.common.FreeColSeed getFreeColSeed
INFO: Using seed: 8007583206521304659
May 01, 2018 11:52:55 AM net.sf.freecol.server.networking.Server sendToAll
INFO: Reap dead connection: [DummyConnection Server connection - model.nation.iroquois]
May 01, 2018 11:52:55 AM net.sf.freecol.server.networking.Server sendToAll
INFO: Reap dead connection: [DummyConnection Server connection - model.nation.cherokee]
May 01, 2018 11:52:55 AM net.sf.freecol.server.networking.Server sendToAll
INFO: Reap dead connection: [DummyConnection Server connection - model.nation.apache]
May 01, 2018 11:52:55 AM net.sf.freecol.server.networking.Server sendToAll
INFO: Reap dead connection: [DummyConnection Server connection - model.nation.aztec]
May 01, 2018 11:52:55 AM net.sf.freecol.server.networking.Server sendToAll
INFO: Reap dead connection: [DummyConnection Server connection - model.nation.spanish]
May 01, 2018 11:52:55 AM net.sf.freecol.server.networking.Server sendToAll
INFO: Reap dead connection: [DummyConnection Server connection - model.nation.dutch]
May 01, 2018 11:52:55 AM net.sf.freecol.server.networking.Server sendToAll
INFO: Reap dead connection: [DummyConnection Server connection - model.nation.sioux]
May 01, 2018 11:52:55 AM net.sf.freecol.server.networking.Server sendToAll
INFO: Reap dead connection: [DummyConnection Server connection - model.nation.tupi]
May 01, 2018 11:52:55 AM net.sf.freecol.server.networking.Server sendToAll
INFO: Reap dead connection: [DummyConnection Server connection - model.nation.english]
May 01, 2018 11:52:55 AM net.sf.freecol.server.networking.Server sendToAll
INFO: Reap dead connection: [DummyConnection Server connection - model.nation.french]
May 01, 2018 11:52:55 AM net.sf.freecol.server.networking.Server sendToAll
INFO: Reap dead connection: [DummyConnection Server connection - model.nation.arawak]
May 01, 2018 11:52:55 AM net.sf.freecol.server.networking.Server sendToAll
INFO: Reap dead connection: [DummyConnection Server connection - model.nation.inca]
May 01, 2018 11:52:55 AM net.sf.freecol.common.model.Specification applyDifficultyLevel
INFO: Applying difficulty level model.difficulty.medium
May 01, 2018 11:52:55 AM net.sf.freecol.common.FreeColSeed getFreeColSeed
INFO: Using seed: -5115239447530178157
May 01, 2018 11:52:55 AM net.sf.freecol.server.networking.Server sendToAll
INFO: Reap dead connection: [DummyConnection Server connection - model.nation.apache]
May 01, 2018 11:52:55 AM net.sf.freecol.server.networking.Server sendToAll
INFO: Reap dead connection: [DummyConnection Server connection - model.nation.cherokee]
May 01, 2018 11:52:55 AM net.sf.freecol.server.networking.Server sendToAll
INFO: Reap dead connection: [DummyConnection Server connection - model.nation.sioux]
May 01, 2018 11:52:55 AM net.sf.freecol.server.networking.Server sendToAll
INFO: Reap dead connection: [DummyConnection Server connection - model.nation.aztec]
May 01, 2018 11:52:55 AM net.sf.freecol.server.networking.Server sendToAll
INFO: Reap dead connection: [DummyConnection Server connection - model.nation.tupi]
May 01, 2018 11:52:55 AM net.sf.freecol.server.networking.Server sendToAll
INFO: Reap dead connection: [DummyConnection Server connection - model.nation.french]
May 01, 2018 11:52:55 AM net.sf.freecol.server.networking.Server sendToAll
INFO: Reap dead connection: [DummyConnection Server connection - model.nation.spanish]
May 01, 2018 11:52:55 AM net.sf.freecol.server.networking.Server sendToAll
INFO: Reap dead connection: [DummyConnection Server connection - model.nation.iroquois]
May 01, 2018 11:52:55 AM net.sf.freecol.server.networking.Server sendToAll
INFO: Reap dead connection: [DummyConnection Server connection - model.nation.dutch]
May 01, 2018 11:52:55 AM net.sf.freecol.server.networking.Server sendToAll
INFO: Reap dead connection: [DummyConnection Server connection - model.nation.english]
May 01, 2018 11:52:55 AM net.sf.freecol.server.networking.Server sendToAll
INFO: Reap dead connection: [DummyConnection Server connection - model.nation.inca]
May 01, 2018 11:52:55 AM net.sf.freecol.server.networking.Server sendToAll
INFO: Reap dead connection: [DummyConnection Server connection - model.nation.arawak]
May 01, 2018 11:52:55 AM net.sf.freecol.common.model.Unit setLocation
WARNING: Can not add [unit:249 dutch treasureTrain 1/1] to tile:629
May 01, 2018 11:52:55 AM net.sf.freecol.common.util.LogBuilder log
INFO: Destroying: unit:249
May 01, 2018 11:52:55 AM net.sf.freecol.common.model.Unit setLocation
WARNING: Can not add [unit:250 dutch treasureTrain 1/1] to tile:629
May 01, 2018 11:52:55 AM net.sf.freecol.common.model.Specification applyDifficultyLevel
INFO: Applying difficulty level model.difficulty.medium
May 01, 2018 11:52:55 AM net.sf.freecol.common.FreeColSeed getFreeColSeed
INFO: Using seed: -6749867853647830717
May 01, 2018 11:52:55 AM net.sf.freecol.server.networking.Server sendToAll
INFO: Reap dead connection: [DummyConnection Server connection - model.nation.french]
May 01, 2018 11:52:55 AM net.sf.freecol.server.networking.Server sendToAll
INFO: Reap dead connection: [DummyConnection Server connection - model.nation.aztec]
May 01, 2018 11:52:55 AM net.sf.freecol.server.networking.Server sendToAll
INFO: Reap dead connection: [DummyConnection Server connection - model.nation.sioux]
May 01, 2018 11:52:55 AM net.sf.freecol.server.networking.Server sendToAll
INFO: Reap dead connection: [DummyConnection Server connection - model.nation.iroquois]
May 01, 2018 11:52:55 AM net.sf.freecol.server.networking.Server sendToAll
INFO: Reap dead connection: [DummyConnection Server connection - model.nation.arawak]
May 01, 2018 11:52:55 AM net.sf.freecol.server.networking.Server sendToAll
INFO: Reap dead connection: [DummyConnection Server connection - model.nation.apache]
May 01, 2018 11:52:55 AM net.sf.freecol.server.networking.Server sendToAll
INFO: Reap dead connection: [DummyConnection Server connection - model.nation.inca]
May 01, 2018 11:52:55 AM net.sf.freecol.server.networking.Server sendToAll
INFO: Reap dead connection: [DummyConnection Server connection - model.nation.cherokee]
May 01, 2018 11:52:55 AM net.sf.freecol.server.networking.Server sendToAll
INFO: Reap dead connection: [DummyConnection Server connection - model.nation.dutch]
May 01, 2018 11:52:55 AM net.sf.freecol.server.networking.Server sendToAll
INFO: Reap dead connection: [DummyConnection Server connection - model.nation.tupi]
May 01, 2018 11:52:55 AM net.sf.freecol.server.networking.Server sendToAll
INFO: Reap dead connection: [DummyConnection Server connection - model.nation.english]
May 01, 2018 11:52:55 AM net.sf.freecol.server.networking.Server sendToAll
INFO: Reap dead connection: [DummyConnection Server connection - model.nation.spanish]
May 01, 2018 11:52:55 AM net.sf.freecol.common.model.Specification applyDifficultyLevel
INFO: Applying difficulty level model.difficulty.medium
May 01, 2018 11:52:55 AM net.sf.freecol.common.FreeColSeed getFreeColSeed
INFO: Using seed: -1312960973540200002
May 01, 2018 11:52:55 AM net.sf.freecol.server.networking.Server sendToAll
INFO: Reap dead connection: [DummyConnection Server connection - model.nation.english]
May 01, 2018 11:52:55 AM net.sf.freecol.server.networking.Server sendToAll
INFO: Reap dead connection: [DummyConnection Server connection - model.nation.inca]
May 01, 2018 11:52:55 AM net.sf.freecol.server.networking.Server sendToAll
INFO: Reap dead connection: [DummyConnection Server connection - model.nation.iroquois]
May 01, 2018 11:52:55 AM net.sf.freecol.server.networking.Server sendToAll
INFO: Reap dead connection: [DummyConnection Server connection - model.nation.sioux]
May 01, 2018 11:52:55 AM net.sf.freecol.server.networking.Server sendToAll
INFO: Reap dead connection: [DummyConnection Server connection - model.nation.apache]
May 01, 2018 11:52:55 AM net.sf.freecol.server.networking.Server sendToAll
INFO: Reap dead connection: [DummyConnection Server connection - model.nation.spanish]
May 01, 2018 11:52:55 AM net.sf.freecol.server.networking.Server sendToAll
INFO: Reap dead connection: [DummyConnection Server connection - model.nation.cherokee]
May 01, 2018 11:52:55 AM net.sf.freecol.server.networking.Server sendToAll
INFO: Reap dead connection: [DummyConnection Server connection - model.nation.tupi]
May 01, 2018 11:52:55 AM net.sf.freecol.server.networking.Server sendToAll
INFO: Reap dead connection: [DummyConnection Server connection - model.nation.dutch]
May 01, 2018 11:52:55 AM net.sf.freecol.server.networking.Server sendToAll
INFO: Reap dead connection: [DummyConnection Server connection - model.nation.arawak]
May 01, 2018 11:52:55 AM net.sf.freecol.server.networking.Server sendToAll
INFO: Reap dead connection: [DummyConnection Server connection - model.nation.aztec]
May 01, 2018 11:52:55 AM net.sf.freecol.server.networking.Server sendToAll
INFO: Reap dead connection: [DummyConnection Server connection - model.nation.french]
May 01, 2018 11:52:55 AM net.sf.freecol.common.model.Specification applyDifficultyLevel
INFO: Applying difficulty level model.difficulty.medium
May 01, 2018 11:52:55 AM net.sf.freecol.common.FreeColSeed getFreeColSeed
INFO: Using seed: -3101307634444974498
May 01, 2018 11:52:55 AM net.sf.freecol.server.networking.Server sendToAll
INFO: Reap dead connection: [DummyConnection Server connection - model.nation.sioux]
May 01, 2018 11:52:55 AM net.sf.freecol.server.networking.Server sendToAll
INFO: Reap dead connection: [DummyConnection Server connection - model.nation.dutch]
May 01, 2018 11:52:55 AM net.sf.freecol.server.networking.Server sendToAll
INFO: Reap dead connection: [DummyConnection Server connection - model.nation.french]
May 01, 2018 11:52:55 AM net.sf.freecol.server.networking.Server sendToAll
INFO: Reap dead connection: [DummyConnection Server connection - model.nation.english]
May 01, 2018 11:52:55 AM net.sf.freecol.server.networking.Server sendToAll
INFO: Reap dead connection: [DummyConnection Server connection - model.nation.cherokee]
May 01, 2018 11:52:55 AM net.sf.freecol.server.networking.Server sendToAll
INFO: Reap dead connection: [DummyConnection Server connection - model.nation.tupi]
May 01, 2018 11:52:55 AM net.sf.freecol.server.networking.Server sendToAll
INFO: Reap dead connection: [DummyConnection Server connection - model.nation.apache]
May 01, 2018 11:52:55 AM net.sf.freecol.server.networking.Server sendToAll
INFO: Reap dead connection: [DummyConnection Server connection - model.nation.inca]
May 01, 2018 11:52:55 AM net.sf.freecol.server.networking.Server sendToAll
INFO: Reap dead connection: [DummyConnection Server connection - model.nation.spanish]
May 01, 2018 11:52:55 AM net.sf.freecol.server.networking.Server sendToAll
INFO: Reap dead connection: [DummyConnection Server connection - model.nation.arawak]
May 01, 2018 11:52:55 AM net.sf.freecol.server.networking.Server sendToAll
INFO: Reap dead connection: [DummyConnection Server connection - model.nation.aztec]
May 01, 2018 11:52:55 AM net.sf.freecol.server.networking.Server sendToAll
INFO: Reap dead connection: [DummyConnection Server connection - model.nation.iroquois]
May 01, 2018 11:52:55 AM net.sf.freecol.server.model.ServerPlayer csChangeStance
INFO: Stance modification William I UNCONTACTED -> WAR wrt Louis XIV
May 01, 2018 11:52:55 AM net.sf.freecol.server.model.ServerPlayer csChangeStance
INFO: Stance modification Louis XIV UNCONTACTED -> WAR wrt William I (symmetric)
May 01, 2018 11:52:55 AM net.sf.freecol.common.util.LogBuilder log
INFO: Combat attacker=unit:247-freeColonist-soldier [Modifier model.modifier.offence (model.source.baseOffence) ADDITIVE 0.0 index=10] [Modifier model.modifier.offence (model.role.soldier) ADDITIVE 2.0 index=30] [Modifier model.modifier.attackBonus (model.source.attackBonus) PERCENTAGE 50.0 index=50] = 3.0 defender=unit:248-freeColonist-soldier [Modifier model.modifier.defence (model.source.baseDefence) ADDITIVE 1.0 index=10] [Modifier model.modifier.defence (model.role.soldier) ADDITIVE 1.0 index=30] = 2.0 odds=0.6 random(1.0)=0.6200000047683716 great=false Attack LOSE LOSE_EQUIP
May 01, 2018 11:52:55 AM net.sf.freecol.common.util.LogBuilder log
INFO: Combat attacker=unit:247-freeColonist [Modifier model.modifier.offence (model.source.baseOffence) ADDITIVE 0.0 index=10] [Modifier model.modifier.attackBonus (model.source.attackBonus) PERCENTAGE 50.0 index=50] = 0.0 defender=unit:248-freeColonist-soldier [Modifier model.modifier.defence (model.source.baseDefence) ADDITIVE 1.0 index=10] [Modifier model.modifier.defence (model.role.soldier) ADDITIVE 1.0 index=30] = 2.0 odds=0.0 random(1.0)=0.019999999552965164 great=false Attack LOSE CAPTURE_UNIT
May 01, 2018 11:52:55 AM net.sf.freecol.common.model.Specification applyDifficultyLevel
INFO: Applying difficulty level model.difficulty.medium
May 01, 2018 11:52:55 AM net.sf.freecol.common.FreeColSeed getFreeColSeed
INFO: Using seed: 8679260703345717005
May 01, 2018 11:52:55 AM net.sf.freecol.server.networking.Server sendToAll
INFO: Reap dead connection: [DummyConnection Server connection - model.nation.arawak]
May 01, 2018 11:52:55 AM net.sf.freecol.server.networking.Server sendToAll
INFO: Reap dead connection: [DummyConnection Server connection - model.nation.french]
May 01, 2018 11:52:55 AM net.sf.freecol.server.networking.Server sendToAll
INFO: Reap dead connection: [DummyConnection Server connection - model.nation.english]
May 01, 2018 11:52:55 AM net.sf.freecol.server.networking.Server sendToAll
INFO: Reap dead connection: [DummyConnection Server connection - model.nation.iroquois]
May 01, 2018 11:52:55 AM net.sf.freecol.server.networking.Server sendToAll
INFO: Reap dead connection: [DummyConnection Server connection - model.nation.aztec]
May 01, 2018 11:52:55 AM net.sf.freecol.server.networking.Server sendToAll
INFO: Reap dead connection: [DummyConnection Server connection - model.nation.dutch]
May 01, 2018 11:52:55 AM net.sf.freecol.server.networking.Server sendToAll
INFO: Reap dead connection: [DummyConnection Server connection - model.nation.inca]
May 01, 2018 11:52:55 AM net.sf.freecol.server.networking.Server sendToAll
INFO: Reap dead connection: [DummyConnection Server connection - model.nation.spanish]
May 01, 2018 11:52:55 AM net.sf.freecol.server.networking.Server sendToAll
INFO: Reap dead connection: [DummyConnection Server connection - model.nation.tupi]
May 01, 2018 11:52:55 AM net.sf.freecol.server.networking.Server sendToAll
INFO: Reap dead connection: [DummyConnection Server connection - model.nation.sioux]
May 01, 2018 11:52:55 AM net.sf.freecol.server.networking.Server sendToAll
INFO: Reap dead connection: [DummyConnection Server connection - model.nation.cherokee]
May 01, 2018 11:52:55 AM net.sf.freecol.server.networking.Server sendToAll
INFO: Reap dead connection: [DummyConnection Server connection - model.nation.apache]
May 01, 2018 11:52:55 AM net.sf.freecol.server.model.ServerPlayer csChangeStance
INFO: Stance modification Louis XIV UNCONTACTED -> WAR wrt William I
May 01, 2018 11:52:55 AM net.sf.freecol.server.model.ServerPlayer csChangeStance
INFO: Stance modification William I UNCONTACTED -> WAR wrt Louis XIV (symmetric)
May 01, 2018 11:52:55 AM net.sf.freecol.common.util.LogBuilder log
INFO: Combat attacker=unit:248-veteranSoldier-soldier [Modifier model.modifier.offence (model.source.baseOffence) ADDITIVE 0.0 index=10] [Modifier model.modifier.offence (model.role.soldier) ADDITIVE 2.0 index=30] [Modifier model.modifier.offence (model.unit.veteranSoldier) PERCENTAGE 50.0 index=40] [Modifier model.modifier.attackBonus (model.source.attackBonus) PERCENTAGE 50.0 index=50] = 4.5 defender=unit:247-colonialRegular-soldier [Modifier model.modifier.defence (model.source.baseDefence) ADDITIVE 1.0 index=10] [Modifier model.modifier.defence (model.unit.colonialRegular) ADDITIVE 3.0 index=20] [Modifier model.modifier.defence (model.role.soldier) ADDITIVE 1.0 index=30] = 5.0 odds=0.47368421052631576 random(1.0)=0.4536842107772827 great=false Attack WIN LOSE_EQUIP DEMOTE_UNIT
May 01, 2018 11:52:55 AM net.sf.freecol.common.util.LogBuilder log
INFO: Combat attacker=unit:248-veteranSoldier-soldier [Modifier model.modifier.offence (model.source.baseOffence) ADDITIVE 0.0 index=10] [Modifier model.modifier.offence (model.role.soldier) ADDITIVE 2.0 index=30] [Modifier model.modifier.offence (model.unit.veteranSoldier) PERCENTAGE 50.0 index=40] [Modifier model.modifier.attackBonus (model.source.attackBonus) PERCENTAGE 50.0 index=50] = 4.5 defender=unit:247-veteranSoldier [Modifier model.modifier.defence (model.source.baseDefence) ADDITIVE 1.0 index=10] [Modifier model.modifier.defence (model.unit.veteranSoldier) PERCENTAGE 50.0 index=40] = 1.5 odds=0.75 random(1.0)=0.7300000190734863 great=false Attack WIN CAPTURE_UNIT
May 01, 2018 11:52:55 AM net.sf.freecol.common.model.Specification applyDifficultyLevel
INFO: Applying difficulty level model.difficulty.medium
May 01, 2018 11:52:55 AM net.sf.freecol.common.FreeColSeed getFreeColSeed
INFO: Using seed: -1352529913257758795
May 01, 2018 11:52:55 AM net.sf.freecol.server.networking.Server sendToAll
INFO: Reap dead connection: [DummyConnection Server connection - model.nation.arawak]
May 01, 2018 11:52:55 AM net.sf.freecol.server.networking.Server sendToAll
INFO: Reap dead connection: [DummyConnection Server connection - model.nation.iroquois]
May 01, 2018 11:52:55 AM net.sf.freecol.server.networking.Server sendToAll
INFO: Reap dead connection: [DummyConnection Server connection - model.nation.sioux]
May 01, 2018 11:52:55 AM net.sf.freecol.server.networking.Server sendToAll
INFO: Reap dead connection: [DummyConnection Server connection - model.nation.dutch]
May 01, 2018 11:52:55 AM net.sf.freecol.server.networking.Server sendToAll
INFO: Reap dead connection: [DummyConnection Server connection - model.nation.english]
May 01, 2018 11:52:55 AM net.sf.freecol.server.networking.Server sendToAll
INFO: Reap dead connection: [DummyConnection Server connection - model.nation.french]
May 01, 2018 11:52:55 AM net.sf.freecol.server.networking.Server sendToAll
INFO: Reap dead connection: [DummyConnection Server connection - model.nation.inca]
May 01, 2018 11:52:55 AM net.sf.freecol.server.networking.Server sendToAll
INFO: Reap dead connection: [DummyConnection Server connection - model.nation.aztec]
May 01, 2018 11:52:55 AM net.sf.freecol.server.networking.Server sendToAll
INFO: Reap dead connection: [DummyConnection Server connection - model.nation.cherokee]
May 01, 2018 11:52:55 AM net.sf.freecol.server.networking.Server sendToAll
INFO: Reap dead connection: [DummyConnection Server connection - model.nation.spanish]
May 01, 2018 11:52:55 AM net.sf.freecol.server.networking.Server sendToAll
INFO: Reap dead connection: [DummyConnection Server connection - model.nation.tupi]
May 01, 2018 11:52:55 AM net.sf.freecol.server.networking.Server sendToAll
INFO: Reap dead connection: [DummyConnection Server connection - model.nation.apache]
May 01, 2018 11:52:55 AM net.sf.freecol.server.ai.AIUnit dispose
WARNING: Disposing of unit:271 but owner is null!
May 01, 2018 11:52:55 AM net.sf.freecol.server.ai.AIUnit dispose
WARNING: Disposing of unit:270 but owner is null!
May 01, 2018 11:52:55 AM net.sf.freecol.common.model.Specification applyDifficultyLevel
INFO: Applying difficulty level model.difficulty.medium
May 01, 2018 11:52:55 AM net.sf.freecol.common.FreeColSeed getFreeColSeed
INFO: Using seed: 5781026867240170012
May 01, 2018 11:52:55 AM net.sf.freecol.server.networking.Server sendToAll
INFO: Reap dead connection: [DummyConnection Server connection - model.nation.inca]
May 01, 2018 11:52:55 AM net.sf.freecol.server.networking.Server sendToAll
INFO: Reap dead connection: [DummyConnection Server connection - model.nation.arawak]
May 01, 2018 11:52:55 AM net.sf.freecol.server.networking.Server sendToAll
INFO: Reap dead connection: [DummyConnection Server connection - model.nation.tupi]
May 01, 2018 11:52:55 AM net.sf.freecol.server.networking.Server sendToAll
INFO: Reap dead connection: [DummyConnection Server connection - model.nation.french]
May 01, 2018 11:52:55 AM net.sf.freecol.server.networking.Server sendToAll
INFO: Reap dead connection: [DummyConnection Server connection - model.nation.english]
May 01, 2018 11:52:55 AM net.sf.freecol.server.networking.Server sendToAll
INFO: Reap dead connection: [DummyConnection Server connection - model.nation.apache]
May 01, 2018 11:52:55 AM net.sf.freecol.server.networking.Server sendToAll
INFO: Reap dead connection: [DummyConnection Server connection - model.nation.cherokee]
May 01, 2018 11:52:55 AM net.sf.freecol.server.networking.Server sendToAll
INFO: Reap dead connection: [DummyConnection Server connection - model.nation.dutch]
May 01, 2018 11:52:55 AM net.sf.freecol.server.networking.Server sendToAll
INFO: Reap dead connection: [DummyConnection Server connection - model.nation.aztec]
May 01, 2018 11:52:55 AM net.sf.freecol.server.networking.Server sendToAll
INFO: Reap dead connection: [DummyConnection Server connection - model.nation.sioux]
May 01, 2018 11:52:55 AM net.sf.freecol.server.networking.Server sendToAll
INFO: Reap dead connection: [DummyConnection Server connection - model.nation.iroquois]
May 01, 2018 11:52:55 AM net.sf.freecol.server.networking.Server sendToAll
INFO: Reap dead connection: [DummyConnection Server connection - model.nation.spanish]
May 01, 2018 11:52:55 AM net.sf.freecol.server.model.ServerPlayer csChangeStance
INFO: Stance modification William I UNCONTACTED -> PEACE wrt Guaira
May 01, 2018 11:52:55 AM net.sf.freecol.server.model.ServerPlayer csChangeStance
INFO: Stance modification Guaira UNCONTACTED -> PEACE wrt William I (symmetric)
May 01, 2018 11:52:55 AM net.sf.freecol.common.util.LogBuilder log
INFO: Destroying: unit:253
May 01, 2018 11:52:55 AM net.sf.freecol.server.model.ServerPlayer csChangeStance
INFO: Stance modification Louis XIV UNCONTACTED -> PEACE wrt Guaira
May 01, 2018 11:52:55 AM net.sf.freecol.server.model.ServerPlayer csChangeStance
INFO: Stance modification Guaira UNCONTACTED -> PEACE wrt Louis XIV (symmetric)
May 01, 2018 11:52:55 AM net.sf.freecol.common.model.Specification applyDifficultyLevel
INFO: Applying difficulty level model.difficulty.medium
May 01, 2018 11:52:55 AM net.sf.freecol.common.FreeColSeed getFreeColSeed
INFO: Using seed: -5983417672562519114
May 01, 2018 11:52:55 AM net.sf.freecol.server.networking.Server sendToAll
INFO: Reap dead connection: [DummyConnection Server connection - model.nation.english]
May 01, 2018 11:52:55 AM net.sf.freecol.server.networking.Server sendToAll
INFO: Reap dead connection: [DummyConnection Server connection - model.nation.apache]
May 01, 2018 11:52:55 AM net.sf.freecol.server.networking.Server sendToAll
INFO: Reap dead connection: [DummyConnection Server connection - model.nation.sioux]
May 01, 2018 11:52:55 AM net.sf.freecol.server.networking.Server sendToAll
INFO: Reap dead connection: [DummyConnection Server connection - model.nation.arawak]
May 01, 2018 11:52:55 AM net.sf.freecol.server.networking.Server sendToAll
INFO: Reap dead connection: [DummyConnection Server connection - model.nation.iroquois]
May 01, 2018 11:52:55 AM net.sf.freecol.server.networking.Server sendToAll
INFO: Reap dead connection: [DummyConnection Server connection - model.nation.dutch]
May 01, 2018 11:52:55 AM net.sf.freecol.server.networking.Server sendToAll
INFO: Reap dead connection: [DummyConnection Server connection - model.nation.inca]
May 01, 2018 11:52:55 AM net.sf.freecol.server.networking.Server sendToAll
INFO: Reap dead connection: [DummyConnection Server connection - model.nation.spanish]
May 01, 2018 11:52:55 AM net.sf.freecol.server.networking.Server sendToAll
INFO: Reap dead connection: [DummyConnection Server connection - model.nation.french]
May 01, 2018 11:52:55 AM net.sf.freecol.server.networking.Server sendToAll
INFO: Reap dead connection: [DummyConnection Server connection - model.nation.aztec]
May 01, 2018 11:52:55 AM net.sf.freecol.server.networking.Server sendToAll
INFO: Reap dead connection: [DummyConnection Server connection - model.nation.cherokee]
May 01, 2018 11:52:55 AM net.sf.freecol.server.networking.Server sendToAll
INFO: Reap dead connection: [DummyConnection Server connection - model.nation.tupi]
May 01, 2018 11:52:55 AM net.sf.freecol.common.model.Specification applyDifficultyLevel
INFO: Applying difficulty level model.difficulty.medium
May 01, 2018 11:52:55 AM net.sf.freecol.common.FreeColSeed getFreeColSeed
INFO: Using seed: 4222847561840143663
May 01, 2018 11:52:55 AM net.sf.freecol.server.networking.Server sendToAll
INFO: Reap dead connection: [DummyConnection Server connection - model.nation.tupi]
May 01, 2018 11:52:55 AM net.sf.freecol.server.networking.Server sendToAll
INFO: Reap dead connection: [DummyConnection Server connection - model.nation.aztec]
May 01, 2018 11:52:55 AM net.sf.freecol.server.networking.Server sendToAll
INFO: Reap dead connection: [DummyConnection Server connection - model.nation.french]
May 01, 2018 11:52:55 AM net.sf.freecol.server.networking.Server sendToAll
INFO: Reap dead connection: [DummyConnection Server connection - model.nation.english]
May 01, 2018 11:52:55 AM net.sf.freecol.server.networking.Server sendToAll
INFO: Reap dead connection: [DummyConnection Server connection - model.nation.sioux]
May 01, 2018 11:52:55 AM net.sf.freecol.server.networking.Server sendToAll
INFO: Reap dead connection: [DummyConnection Server connection - model.nation.spanish]
May 01, 2018 11:52:55 AM net.sf.freecol.server.networking.Server sendToAll
INFO: Reap dead connection: [DummyConnection Server connection - model.nation.iroquois]
May 01, 2018 11:52:55 AM net.sf.freecol.server.networking.Server sendToAll
INFO: Reap dead connection: [DummyConnection Server connection - model.nation.apache]
May 01, 2018 11:52:55 AM net.sf.freecol.server.networking.Server sendToAll
INFO: Reap dead connection: [DummyConnection Server connection - model.nation.inca]
May 01, 2018 11:52:55 AM net.sf.freecol.server.networking.Server sendToAll
INFO: Reap dead connection: [DummyConnection Server connection - model.nation.cherokee]
May 01, 2018 11:52:55 AM net.sf.freecol.server.networking.Server sendToAll
INFO: Reap dead connection: [DummyConnection Server connection - model.nation.dutch]
May 01, 2018 11:52:55 AM net.sf.freecol.server.networking.Server sendToAll
INFO: Reap dead connection: [DummyConnection Server connection - model.nation.arawak]
May 01, 2018 11:52:55 AM net.sf.freecol.common.model.Specification applyDifficultyLevel
INFO: Applying difficulty level model.difficulty.medium
May 01, 2018 11:52:55 AM net.sf.freecol.common.FreeColSeed getFreeColSeed
INFO: Using seed: 7029433645436905609
May 01, 2018 11:52:55 AM net.sf.freecol.server.networking.Server sendToAll
INFO: Reap dead connection: [DummyConnection Server connection - model.nation.tupi]
May 01, 2018 11:52:55 AM net.sf.freecol.server.networking.Server sendToAll
INFO: Reap dead connection: [DummyConnection Server connection - model.nation.apache]
May 01, 2018 11:52:55 AM net.sf.freecol.server.networking.Server sendToAll
INFO: Reap dead connection: [DummyConnection Server connection - model.nation.iroquois]
May 01, 2018 11:52:55 AM net.sf.freecol.server.networking.Server sendToAll
INFO: Reap dead connection: [DummyConnection Server connection - model.nation.aztec]
May 01, 2018 11:52:55 AM net.sf.freecol.server.networking.Server sendToAll
INFO: Reap dead connection: [DummyConnection Server connection - model.nation.arawak]
May 01, 2018 11:52:55 AM net.sf.freecol.server.networking.Server sendToAll
INFO: Reap dead connection: [DummyConnection Server connection - model.nation.inca]
May 01, 2018 11:52:55 AM net.sf.freecol.server.networking.Server sendToAll
INFO: Reap dead connection: [DummyConnection Server connection - model.nation.french]
May 01, 2018 11:52:55 AM net.sf.freecol.server.networking.Server sendToAll
INFO: Reap dead connection: [DummyConnection Server connection - model.nation.english]
May 01, 2018 11:52:55 AM net.sf.freecol.server.networking.Server sendToAll
INFO: Reap dead connection: [DummyConnection Server connection - model.nation.sioux]
May 01, 2018 11:52:55 AM net.sf.freecol.server.networking.Server sendToAll
INFO: Reap dead connection: [DummyConnection Server connection - model.nation.spanish]
May 01, 2018 11:52:55 AM net.sf.freecol.server.networking.Server sendToAll
INFO: Reap dead connection: [DummyConnection Server connection - model.nation.cherokee]
May 01, 2018 11:52:55 AM net.sf.freecol.server.networking.Server sendToAll
INFO: Reap dead connection: [DummyConnection Server connection - model.nation.dutch]
May 01, 2018 11:52:55 AM net.sf.freecol.common.model.Specification applyDifficultyLevel
INFO: Applying difficulty level model.difficulty.medium
May 01, 2018 11:52:55 AM net.sf.freecol.common.FreeColSeed getFreeColSeed
INFO: Using seed: -1871767707565191413
May 01, 2018 11:52:55 AM net.sf.freecol.server.networking.Server sendToAll
INFO: Reap dead connection: [DummyConnection Server connection - model.nation.english]
May 01, 2018 11:52:55 AM net.sf.freecol.server.networking.Server sendToAll
INFO: Reap dead connection: [DummyConnection Server connection - model.nation.iroquois]
May 01, 2018 11:52:55 AM net.sf.freecol.server.networking.Server sendToAll
INFO: Reap dead connection: [DummyConnection Server connection - model.nation.spanish]
May 01, 2018 11:52:55 AM net.sf.freecol.server.networking.Server sendToAll
INFO: Reap dead connection: [DummyConnection Server connection - model.nation.aztec]
May 01, 2018 11:52:55 AM net.sf.freecol.server.networking.Server sendToAll
INFO: Reap dead connection: [DummyConnection Server connection - model.nation.dutch]
May 01, 2018 11:52:55 AM net.sf.freecol.server.networking.Server sendToAll
INFO: Reap dead connection: [DummyConnection Server connection - model.nation.tupi]
May 01, 2018 11:52:55 AM net.sf.freecol.server.networking.Server sendToAll
INFO: Reap dead connection: [DummyConnection Server connection - model.nation.french]
May 01, 2018 11:52:55 AM net.sf.freecol.server.networking.Server sendToAll
INFO: Reap dead connection: [DummyConnection Server connection - model.nation.apache]
May 01, 2018 11:52:55 AM net.sf.freecol.server.networking.Server sendToAll
INFO: Reap dead connection: [DummyConnection Server connection - model.nation.cherokee]
May 01, 2018 11:52:55 AM net.sf.freecol.server.networking.Server sendToAll
INFO: Reap dead connection: [DummyConnection Server connection - model.nation.inca]
May 01, 2018 11:52:55 AM net.sf.freecol.server.networking.Server sendToAll
INFO: Reap dead connection: [DummyConnection Server connection - model.nation.sioux]
May 01, 2018 11:52:55 AM net.sf.freecol.server.networking.Server sendToAll
INFO: Reap dead connection: [DummyConnection Server connection - model.nation.arawak]
May 01, 2018 11:52:55 AM net.sf.freecol.common.model.Specification applyDifficultyLevel
INFO: Applying difficulty level model.difficulty.medium
May 01, 2018 11:52:55 AM net.sf.freecol.common.FreeColSeed getFreeColSeed
INFO: Using seed: 7632306512712744231
May 01, 2018 11:52:55 AM net.sf.freecol.server.networking.Server sendToAll
INFO: Reap dead connection: [DummyConnection Server connection - model.nation.aztec]
May 01, 2018 11:52:55 AM net.sf.freecol.server.networking.Server sendToAll
INFO: Reap dead connection: [DummyConnection Server connection - model.nation.spanish]
May 01, 2018 11:52:55 AM net.sf.freecol.server.networking.Server sendToAll
INFO: Reap dead connection: [DummyConnection Server connection - model.nation.iroquois]
May 01, 2018 11:52:55 AM net.sf.freecol.server.networking.Server sendToAll
INFO: Reap dead connection: [DummyConnection Server connection - model.nation.sioux]
May 01, 2018 11:52:55 AM net.sf.freecol.server.networking.Server sendToAll
INFO: Reap dead connection: [DummyConnection Server connection - model.nation.apache]
May 01, 2018 11:52:55 AM net.sf.freecol.server.networking.Server sendToAll
INFO: Reap dead connection: [DummyConnection Server connection - model.nation.inca]
May 01, 2018 11:52:55 AM net.sf.freecol.server.networking.Server sendToAll
INFO: Reap dead connection: [DummyConnection Server connection - model.nation.tupi]
May 01, 2018 11:52:55 AM net.sf.freecol.server.networking.Server sendToAll
INFO: Reap dead connection: [DummyConnection Server connection - model.nation.french]
May 01, 2018 11:52:55 AM net.sf.freecol.server.networking.Server sendToAll
INFO: Reap dead connection: [DummyConnection Server connection - model.nation.arawak]
May 01, 2018 11:52:55 AM net.sf.freecol.server.networking.Server sendToAll
INFO: Reap dead connection: [DummyConnection Server connection - model.nation.english]
May 01, 2018 11:52:55 AM net.sf.freecol.server.networking.Server sendToAll
INFO: Reap dead connection: [DummyConnection Server connection - model.nation.dutch]
May 01, 2018 11:52:55 AM net.sf.freecol.server.networking.Server sendToAll
INFO: Reap dead connection: [DummyConnection Server connection - model.nation.cherokee]
May 01, 2018 11:52:55 AM net.sf.freecol.common.model.Specification applyDifficultyLevel
INFO: Applying difficulty level model.difficulty.medium
May 01, 2018 11:52:55 AM net.sf.freecol.common.FreeColSeed getFreeColSeed
INFO: Using seed: -6111897211053183920
May 01, 2018 11:52:55 AM net.sf.freecol.server.networking.Server sendToAll
INFO: Reap dead connection: [DummyConnection Server connection - model.nation.sioux]
May 01, 2018 11:52:55 AM net.sf.freecol.server.networking.Server sendToAll
INFO: Reap dead connection: [DummyConnection Server connection - model.nation.arawak]
May 01, 2018 11:52:55 AM net.sf.freecol.server.networking.Server sendToAll
INFO: Reap dead connection: [DummyConnection Server connection - model.nation.inca]
May 01, 2018 11:52:55 AM net.sf.freecol.server.networking.Server sendToAll
INFO: Reap dead connection: [DummyConnection Server connection - model.nation.iroquois]
May 01, 2018 11:52:55 AM net.sf.freecol.server.networking.Server sendToAll
INFO: Reap dead connection: [DummyConnection Server connection - model.nation.english]
May 01, 2018 11:52:55 AM net.sf.freecol.server.networking.Server sendToAll
INFO: Reap dead connection: [DummyConnection Server connection - model.nation.tupi]
May 01, 2018 11:52:55 AM net.sf.freecol.server.networking.Server sendToAll
INFO: Reap dead connection: [DummyConnection Server connection - model.nation.dutch]
May 01, 2018 11:52:55 AM net.sf.freecol.server.networking.Server sendToAll
INFO: Reap dead connection: [DummyConnection Server connection - model.nation.spanish]
May 01, 2018 11:52:55 AM net.sf.freecol.server.networking.Server sendToAll
INFO: Reap dead connection: [DummyConnection Server connection - model.nation.french]
May 01, 2018 11:52:55 AM net.sf.freecol.server.networking.Server sendToAll
INFO: Reap dead connection: [DummyConnection Server connection - model.nation.aztec]
May 01, 2018 11:52:55 AM net.sf.freecol.server.networking.Server sendToAll
INFO: Reap dead connection: [DummyConnection Server connection - model.nation.apache]
May 01, 2018 11:52:55 AM net.sf.freecol.server.networking.Server sendToAll
INFO: Reap dead connection: [DummyConnection Server connection - model.nation.cherokee]
May 01, 2018 11:52:55 AM net.sf.freecol.common.model.Specification applyDifficultyLevel
INFO: Applying difficulty level model.difficulty.medium
May 01, 2018 11:52:55 AM net.sf.freecol.common.FreeColSeed getFreeColSeed
INFO: Using seed: 6418038026233634946
May 01, 2018 11:52:55 AM net.sf.freecol.server.networking.Server sendToAll
INFO: Reap dead connection: [DummyConnection Server connection - model.nation.tupi]
May 01, 2018 11:52:55 AM net.sf.freecol.server.networking.Server sendToAll
INFO: Reap dead connection: [DummyConnection Server connection - model.nation.aztec]
May 01, 2018 11:52:55 AM net.sf.freecol.server.networking.Server sendToAll
INFO: Reap dead connection: [DummyConnection Server connection - model.nation.english]
May 01, 2018 11:52:55 AM net.sf.freecol.server.networking.Server sendToAll
INFO: Reap dead connection: [DummyConnection Server connection - model.nation.arawak]
May 01, 2018 11:52:55 AM net.sf.freecol.server.networking.Server sendToAll
INFO: Reap dead connection: [DummyConnection Server connection - model.nation.apache]
May 01, 2018 11:52:55 AM net.sf.freecol.server.networking.Server sendToAll
INFO: Reap dead connection: [DummyConnection Server connection - model.nation.inca]
May 01, 2018 11:52:55 AM net.sf.freecol.server.networking.Server sendToAll
INFO: Reap dead connection: [DummyConnection Server connection - model.nation.french]
May 01, 2018 11:52:55 AM net.sf.freecol.server.networking.Server sendToAll
INFO: Reap dead connection: [DummyConnection Server connection - model.nation.iroquois]
May 01, 2018 11:52:55 AM net.sf.freecol.server.networking.Server sendToAll
INFO: Reap dead connection: [DummyConnection Server connection - model.nation.dutch]
May 01, 2018 11:52:55 AM net.sf.freecol.server.networking.Server sendToAll
INFO: Reap dead connection: [DummyConnection Server connection - model.nation.sioux]
May 01, 2018 11:52:55 AM net.sf.freecol.server.networking.Server sendToAll
INFO: Reap dead connection: [DummyConnection Server connection - model.nation.spanish]
May 01, 2018 11:52:55 AM net.sf.freecol.server.networking.Server sendToAll
INFO: Reap dead connection: [DummyConnection Server connection - model.nation.cherokee]
May 01, 2018 11:52:55 AM net.sf.freecol.common.model.Specification applyDifficultyLevel
INFO: Applying difficulty level model.difficulty.medium
May 01, 2018 11:52:55 AM net.sf.freecol.common.FreeColSeed getFreeColSeed
INFO: Using seed: -6386238254982617884
May 01, 2018 11:52:55 AM net.sf.freecol.server.networking.Server sendToAll
INFO: Reap dead connection: [DummyConnection Server connection - model.nation.apache]
May 01, 2018 11:52:55 AM net.sf.freecol.server.networking.Server sendToAll
INFO: Reap dead connection: [DummyConnection Server connection - model.nation.inca]
May 01, 2018 11:52:55 AM net.sf.freecol.server.networking.Server sendToAll
INFO: Reap dead connection: [DummyConnection Server connection - model.nation.aztec]
May 01, 2018 11:52:55 AM net.sf.freecol.server.networking.Server sendToAll
INFO: Reap dead connection: [DummyConnection Server connection - model.nation.iroquois]
May 01, 2018 11:52:55 AM net.sf.freecol.server.networking.Server sendToAll
INFO: Reap dead connection: [DummyConnection Server connection - model.nation.sioux]
May 01, 2018 11:52:55 AM net.sf.freecol.server.networking.Server sendToAll
INFO: Reap dead connection: [DummyConnection Server connection - model.nation.spanish]
May 01, 2018 11:52:55 AM net.sf.freecol.server.networking.Server sendToAll
INFO: Reap dead connection: [DummyConnection Server connection - model.nation.english]
May 01, 2018 11:52:55 AM net.sf.freecol.server.networking.Server sendToAll
INFO: Reap dead connection: [DummyConnection Server connection - model.nation.arawak]
May 01, 2018 11:52:55 AM net.sf.freecol.server.networking.Server sendToAll
INFO: Reap dead connection: [DummyConnection Server connection - model.nation.cherokee]
May 01, 2018 11:52:55 AM net.sf.freecol.server.networking.Server sendToAll
INFO: Reap dead connection: [DummyConnection Server connection - model.nation.french]
May 01, 2018 11:52:55 AM net.sf.freecol.server.networking.Server sendToAll
INFO: Reap dead connection: [DummyConnection Server connection - model.nation.tupi]
May 01, 2018 11:52:55 AM net.sf.freecol.server.networking.Server sendToAll
INFO: Reap dead connection: [DummyConnection Server connection - model.nation.dutch]
May 01, 2018 11:52:55 AM net.sf.freecol.common.model.Specification applyDifficultyLevel
INFO: Applying difficulty level model.difficulty.medium
May 01, 2018 11:52:55 AM net.sf.freecol.common.FreeColSeed getFreeColSeed
INFO: Using seed: 2613563675942909193
May 01, 2018 11:52:55 AM net.sf.freecol.server.networking.Server sendToAll
INFO: Reap dead connection: [DummyConnection Server connection - model.nation.sioux]
May 01, 2018 11:52:55 AM net.sf.freecol.server.networking.Server sendToAll
INFO: Reap dead connection: [DummyConnection Server connection - model.nation.apache]
May 01, 2018 11:52:55 AM net.sf.freecol.server.networking.Server sendToAll
INFO: Reap dead connection: [DummyConnection Server connection - model.nation.aztec]
May 01, 2018 11:52:55 AM net.sf.freecol.server.networking.Server sendToAll
INFO: Reap dead connection: [DummyConnection Server connection - model.nation.inca]
May 01, 2018 11:52:55 AM net.sf.freecol.server.networking.Server sendToAll
INFO: Reap dead connection: [DummyConnection Server connection - model.nation.tupi]
May 01, 2018 11:52:55 AM net.sf.freecol.server.networking.Server sendToAll
INFO: Reap dead connection: [DummyConnection Server connection - model.nation.dutch]
May 01, 2018 11:52:55 AM net.sf.freecol.server.networking.Server sendToAll
INFO: Reap dead connection: [DummyConnection Server connection - model.nation.arawak]
May 01, 2018 11:52:55 AM net.sf.freecol.server.networking.Server sendToAll
INFO: Reap dead connection: [DummyConnection Server connection - model.nation.english]
May 01, 2018 11:52:55 AM net.sf.freecol.server.networking.Server sendToAll
INFO: Reap dead connection: [DummyConnection Server connection - model.nation.french]
May 01, 2018 11:52:55 AM net.sf.freecol.server.networking.Server sendToAll
INFO: Reap dead connection: [DummyConnection Server connection - model.nation.cherokee]
May 01, 2018 11:52:55 AM net.sf.freecol.server.networking.Server sendToAll
INFO: Reap dead connection: [DummyConnection Server connection - model.nation.iroquois]
May 01, 2018 11:52:55 AM net.sf.freecol.server.networking.Server sendToAll
INFO: Reap dead connection: [DummyConnection Server connection - model.nation.spanish]
May 01, 2018 11:52:55 AM net.sf.freecol.common.model.Specification applyDifficultyLevel
INFO: Applying difficulty level model.difficulty.medium
May 01, 2018 11:52:55 AM net.sf.freecol.common.FreeColSeed getFreeColSeed
INFO: Using seed: -6742758144141302323
May 01, 2018 11:52:55 AM net.sf.freecol.server.networking.Server sendToAll
INFO: Reap dead connection: [DummyConnection Server connection - model.nation.apache]
May 01, 2018 11:52:55 AM net.sf.freecol.server.networking.Server sendToAll
INFO: Reap dead connection: [DummyConnection Server connection - model.nation.tupi]
May 01, 2018 11:52:55 AM net.sf.freecol.server.networking.Server sendToAll
INFO: Reap dead connection: [DummyConnection Server connection - model.nation.inca]
May 01, 2018 11:52:55 AM net.sf.freecol.server.networking.Server sendToAll
INFO: Reap dead connection: [DummyConnection Server connection - model.nation.cherokee]
May 01, 2018 11:52:55 AM net.sf.freecol.server.networking.Server sendToAll
INFO: Reap dead connection: [DummyConnection Server connection - model.nation.iroquois]
May 01, 2018 11:52:55 AM net.sf.freecol.server.networking.Server sendToAll
INFO: Reap dead connection: [DummyConnection Server connection - model.nation.english]
May 01, 2018 11:52:55 AM net.sf.freecol.server.networking.Server sendToAll
INFO: Reap dead connection: [DummyConnection Server connection - model.nation.aztec]
May 01, 2018 11:52:55 AM net.sf.freecol.server.networking.Server sendToAll
INFO: Reap dead connection: [DummyConnection Server connection - model.nation.arawak]
May 01, 2018 11:52:55 AM net.sf.freecol.server.networking.Server sendToAll
INFO: Reap dead connection: [DummyConnection Server connection - model.nation.sioux]
May 01, 2018 11:52:55 AM net.sf.freecol.server.networking.Server sendToAll
INFO: Reap dead connection: [DummyConnection Server connection - model.nation.dutch]
May 01, 2018 11:52:55 AM net.sf.freecol.server.networking.Server sendToAll
INFO: Reap dead connection: [DummyConnection Server connection - model.nation.spanish]
May 01, 2018 11:52:55 AM net.sf.freecol.server.networking.Server sendToAll
INFO: Reap dead connection: [DummyConnection Server connection - model.nation.french]
May 01, 2018 11:52:55 AM net.sf.freecol.common.model.Specification applyDifficultyLevel
INFO: Applying difficulty level model.difficulty.medium
May 01, 2018 11:52:55 AM net.sf.freecol.common.FreeColSeed getFreeColSeed
INFO: Using seed: 7997215041640316561
May 01, 2018 11:52:55 AM net.sf.freecol.server.networking.Server sendToAll
INFO: Reap dead connection: [DummyConnection Server connection - model.nation.dutch]
May 01, 2018 11:52:55 AM net.sf.freecol.server.networking.Server sendToAll
INFO: Reap dead connection: [DummyConnection Server connection - model.nation.aztec]
May 01, 2018 11:52:55 AM net.sf.freecol.server.networking.Server sendToAll
INFO: Reap dead connection: [DummyConnection Server connection - model.nation.tupi]
May 01, 2018 11:52:55 AM net.sf.freecol.server.networking.Server sendToAll
INFO: Reap dead connection: [DummyConnection Server connection - model.nation.french]
May 01, 2018 11:52:55 AM net.sf.freecol.server.networking.Server sendToAll
INFO: Reap dead connection: [DummyConnection Server connection - model.nation.apache]
May 01, 2018 11:52:55 AM net.sf.freecol.server.networking.Server sendToAll
INFO: Reap dead connection: [DummyConnection Server connection - model.nation.english]
May 01, 2018 11:52:55 AM net.sf.freecol.server.networking.Server sendToAll
INFO: Reap dead connection: [DummyConnection Server connection - model.nation.sioux]
May 01, 2018 11:52:55 AM net.sf.freecol.server.networking.Server sendToAll
INFO: Reap dead connection: [DummyConnection Server connection - model.nation.spanish]
May 01, 2018 11:52:55 AM net.sf.freecol.server.networking.Server sendToAll
INFO: Reap dead connection: [DummyConnection Server connection - model.nation.cherokee]
May 01, 2018 11:52:55 AM net.sf.freecol.server.networking.Server sendToAll
INFO: Reap dead connection: [DummyConnection Server connection - model.nation.iroquois]
May 01, 2018 11:52:55 AM net.sf.freecol.server.networking.Server sendToAll
INFO: Reap dead connection: [DummyConnection Server connection - model.nation.arawak]
May 01, 2018 11:52:55 AM net.sf.freecol.server.networking.Server sendToAll
INFO: Reap dead connection: [DummyConnection Server connection - model.nation.inca]
May 01, 2018 11:52:55 AM net.sf.freecol.common.model.Specification applyDifficultyLevel
INFO: Applying difficulty level model.difficulty.medium
May 01, 2018 11:52:55 AM net.sf.freecol.common.FreeColSeed getFreeColSeed
INFO: Using seed: -2316760968658420314
May 01, 2018 11:52:55 AM net.sf.freecol.server.networking.Server sendToAll
INFO: Reap dead connection: [DummyConnection Server connection - model.nation.french]
May 01, 2018 11:52:55 AM net.sf.freecol.server.networking.Server sendToAll
INFO: Reap dead connection: [DummyConnection Server connection - model.nation.arawak]
May 01, 2018 11:52:55 AM net.sf.freecol.server.networking.Server sendToAll
INFO: Reap dead connection: [DummyConnection Server connection - model.nation.sioux]
May 01, 2018 11:52:55 AM net.sf.freecol.server.networking.Server sendToAll
INFO: Reap dead connection: [DummyConnection Server connection - model.nation.iroquois]
May 01, 2018 11:52:55 AM net.sf.freecol.server.networking.Server sendToAll
INFO: Reap dead connection: [DummyConnection Server connection - model.nation.dutch]
May 01, 2018 11:52:55 AM net.sf.freecol.server.networking.Server sendToAll
INFO: Reap dead connection: [DummyConnection Server connection - model.nation.spanish]
May 01, 2018 11:52:55 AM net.sf.freecol.server.networking.Server sendToAll
INFO: Reap dead connection: [DummyConnection Server connection - model.nation.tupi]
May 01, 2018 11:52:55 AM net.sf.freecol.server.networking.Server sendToAll
INFO: Reap dead connection: [DummyConnection Server connection - model.nation.english]
May 01, 2018 11:52:55 AM net.sf.freecol.server.networking.Server sendToAll
INFO: Reap dead connection: [DummyConnection Server connection - model.nation.inca]
May 01, 2018 11:52:55 AM net.sf.freecol.server.networking.Server sendToAll
INFO: Reap dead connection: [DummyConnection Server connection - model.nation.apache]
May 01, 2018 11:52:55 AM net.sf.freecol.server.networking.Server sendToAll
INFO: Reap dead connection: [DummyConnection Server connection - model.nation.aztec]
May 01, 2018 11:52:55 AM net.sf.freecol.server.networking.Server sendToAll
INFO: Reap dead connection: [DummyConnection Server connection - model.nation.cherokee]
May 01, 2018 11:52:55 AM net.sf.freecol.common.model.Specification applyDifficultyLevel
INFO: Applying difficulty level model.difficulty.medium
May 01, 2018 11:52:55 AM net.sf.freecol.common.FreeColSeed getFreeColSeed
INFO: Using seed: 8539918937929500296
May 01, 2018 11:52:55 AM net.sf.freecol.server.networking.Server sendToAll
INFO: Reap dead connection: [DummyConnection Server connection - model.nation.sioux]
May 01, 2018 11:52:55 AM net.sf.freecol.server.networking.Server sendToAll
INFO: Reap dead connection: [DummyConnection Server connection - model.nation.iroquois]
May 01, 2018 11:52:55 AM net.sf.freecol.server.networking.Server sendToAll
INFO: Reap dead connection: [DummyConnection Server connection - model.nation.dutch]
May 01, 2018 11:52:55 AM net.sf.freecol.server.networking.Server sendToAll
INFO: Reap dead connection: [DummyConnection Server connection - model.nation.french]
May 01, 2018 11:52:55 AM net.sf.freecol.server.networking.Server sendToAll
INFO: Reap dead connection: [DummyConnection Server connection - model.nation.english]
May 01, 2018 11:52:55 AM net.sf.freecol.server.networking.Server sendToAll
INFO: Reap dead connection: [DummyConnection Server connection - model.nation.inca]
May 01, 2018 11:52:55 AM net.sf.freecol.server.networking.Server sendToAll
INFO: Reap dead connection: [DummyConnection Server connection - model.nation.tupi]
May 01, 2018 11:52:55 AM net.sf.freecol.server.networking.Server sendToAll
INFO: Reap dead connection: [DummyConnection Server connection - model.nation.spanish]
May 01, 2018 11:52:55 AM net.sf.freecol.server.networking.Server sendToAll
INFO: Reap dead connection: [DummyConnection Server connection - model.nation.apache]
May 01, 2018 11:52:55 AM net.sf.freecol.server.networking.Server sendToAll
INFO: Reap dead connection: [DummyConnection Server connection - model.nation.aztec]
May 01, 2018 11:52:55 AM net.sf.freecol.server.networking.Server sendToAll
INFO: Reap dead connection: [DummyConnection Server connection - model.nation.arawak]
May 01, 2018 11:52:55 AM net.sf.freecol.server.networking.Server sendToAll
INFO: Reap dead connection: [DummyConnection Server connection - model.nation.cherokee]
May 01, 2018 11:52:55 AM net.sf.freecol.common.model.Specification applyDifficultyLevel
INFO: Applying difficulty level model.difficulty.medium
May 01, 2018 11:52:55 AM net.sf.freecol.common.FreeColSeed getFreeColSeed
INFO: Using seed: 88332128729462537
May 01, 2018 11:52:55 AM net.sf.freecol.server.networking.Server sendToAll
INFO: Reap dead connection: [DummyConnection Server connection - model.nation.tupi]
May 01, 2018 11:52:55 AM net.sf.freecol.server.networking.Server sendToAll
INFO: Reap dead connection: [DummyConnection Server connection - model.nation.sioux]
May 01, 2018 11:52:55 AM net.sf.freecol.server.networking.Server sendToAll
INFO: Reap dead connection: [DummyConnection Server connection - model.nation.arawak]
May 01, 2018 11:52:55 AM net.sf.freecol.server.networking.Server sendToAll
INFO: Reap dead connection: [DummyConnection Server connection - model.nation.french]
May 01, 2018 11:52:55 AM net.sf.freecol.server.networking.Server sendToAll
INFO: Reap dead connection: [DummyConnection Server connection - model.nation.cherokee]
May 01, 2018 11:52:55 AM net.sf.freecol.server.networking.Server sendToAll
INFO: Reap dead connection: [DummyConnection Server connection - model.nation.dutch]
May 01, 2018 11:52:55 AM net.sf.freecol.server.networking.Server sendToAll
INFO: Reap dead connection: [DummyConnection Server connection - model.nation.english]
May 01, 2018 11:52:55 AM net.sf.freecol.server.networking.Server sendToAll
INFO: Reap dead connection: [DummyConnection Server connection - model.nation.iroquois]
May 01, 2018 11:52:55 AM net.sf.freecol.server.networking.Server sendToAll
INFO: Reap dead connection: [DummyConnection Server connection - model.nation.aztec]
May 01, 2018 11:52:55 AM net.sf.freecol.server.networking.Server sendToAll
INFO: Reap dead connection: [DummyConnection Server connection - model.nation.apache]
May 01, 2018 11:52:55 AM net.sf.freecol.server.networking.Server sendToAll
INFO: Reap dead connection: [DummyConnection Server connection - model.nation.inca]
May 01, 2018 11:52:55 AM net.sf.freecol.server.networking.Server sendToAll
INFO: Reap dead connection: [DummyConnection Server connection - model.nation.spanish]
May 01, 2018 11:52:55 AM net.sf.freecol.common.model.Specification applyDifficultyLevel
INFO: Applying difficulty level model.difficulty.medium
May 01, 2018 11:52:55 AM net.sf.freecol.common.FreeColSeed getFreeColSeed
INFO: Using seed: -8227061514787886144
May 01, 2018 11:52:55 AM net.sf.freecol.server.networking.Server sendToAll
INFO: Reap dead connection: [DummyConnection Server connection - model.nation.apache]
May 01, 2018 11:52:55 AM net.sf.freecol.server.networking.Server sendToAll
INFO: Reap dead connection: [DummyConnection Server connection - model.nation.spanish]
May 01, 2018 11:52:55 AM net.sf.freecol.server.networking.Server sendToAll
INFO: Reap dead connection: [DummyConnection Server connection - model.nation.sioux]
May 01, 2018 11:52:55 AM net.sf.freecol.server.networking.Server sendToAll
INFO: Reap dead connection: [DummyConnection Server connection - model.nation.french]
May 01, 2018 11:52:55 AM net.sf.freecol.server.networking.Server sendToAll
INFO: Reap dead connection: [DummyConnection Server connection - model.nation.english]
May 01, 2018 11:52:55 AM net.sf.freecol.server.networking.Server sendToAll
INFO: Reap dead connection: [DummyConnection Server connection - model.nation.iroquois]
May 01, 2018 11:52:55 AM net.sf.freecol.server.networking.Server sendToAll
INFO: Reap dead connection: [DummyConnection Server connection - model.nation.dutch]
May 01, 2018 11:52:55 AM net.sf.freecol.server.networking.Server sendToAll
INFO: Reap dead connection: [DummyConnection Server connection - model.nation.inca]
May 01, 2018 11:52:55 AM net.sf.freecol.server.networking.Server sendToAll
INFO: Reap dead connection: [DummyConnection Server connection - model.nation.cherokee]
May 01, 2018 11:52:55 AM net.sf.freecol.server.networking.Server sendToAll
INFO: Reap dead connection: [DummyConnection Server connection - model.nation.tupi]
May 01, 2018 11:52:55 AM net.sf.freecol.server.networking.Server sendToAll
INFO: Reap dead connection: [DummyConnection Server connection - model.nation.arawak]
May 01, 2018 11:52:55 AM net.sf.freecol.server.networking.Server sendToAll
INFO: Reap dead connection: [DummyConnection Server connection - model.nation.aztec]
May 01, 2018 11:52:55 AM net.sf.freecol.common.model.Specification applyDifficultyLevel
INFO: Applying difficulty level model.difficulty.medium
May 01, 2018 11:52:55 AM net.sf.freecol.common.FreeColSeed getFreeColSeed
INFO: Using seed: 3854838885792306406
May 01, 2018 11:52:55 AM net.sf.freecol.server.networking.Server sendToAll
INFO: Reap dead connection: [DummyConnection Server connection - model.nation.arawak]
May 01, 2018 11:52:55 AM net.sf.freecol.server.networking.Server sendToAll
INFO: Reap dead connection: [DummyConnection Server connection - model.nation.english]
May 01, 2018 11:52:55 AM net.sf.freecol.server.networking.Server sendToAll
INFO: Reap dead connection: [DummyConnection Server connection - model.nation.iroquois]
May 01, 2018 11:52:55 AM net.sf.freecol.server.networking.Server sendToAll
INFO: Reap dead connection: [DummyConnection Server connection - model.nation.sioux]
May 01, 2018 11:52:55 AM net.sf.freecol.server.networking.Server sendToAll
INFO: Reap dead connection: [DummyConnection Server connection - model.nation.cherokee]
May 01, 2018 11:52:55 AM net.sf.freecol.server.networking.Server sendToAll
INFO: Reap dead connection: [DummyConnection Server connection - model.nation.tupi]
May 01, 2018 11:52:55 AM net.sf.freecol.server.networking.Server sendToAll
INFO: Reap dead connection: [DummyConnection Server connection - model.nation.french]
May 01, 2018 11:52:55 AM net.sf.freecol.server.networking.Server sendToAll
INFO: Reap dead connection: [DummyConnection Server connection - model.nation.aztec]
May 01, 2018 11:52:55 AM net.sf.freecol.server.networking.Server sendToAll
INFO: Reap dead connection: [DummyConnection Server connection - model.nation.dutch]
May 01, 2018 11:52:55 AM net.sf.freecol.server.networking.Server sendToAll
INFO: Reap dead connection: [DummyConnection Server connection - model.nation.inca]
May 01, 2018 11:52:55 AM net.sf.freecol.server.networking.Server sendToAll
INFO: Reap dead connection: [DummyConnection Server connection - model.nation.apache]
May 01, 2018 11:52:55 AM net.sf.freecol.server.networking.Server sendToAll
INFO: Reap dead connection: [DummyConnection Server connection - model.nation.spanish]
May 01, 2018 11:52:55 AM net.sf.freecol.common.model.Specification applyDifficultyLevel
INFO: Applying difficulty level model.difficulty.medium
May 01, 2018 11:52:55 AM net.sf.freecol.common.FreeColSeed getFreeColSeed
INFO: Using seed: 7498094954798093340
May 01, 2018 11:52:55 AM net.sf.freecol.server.networking.Server sendToAll
INFO: Reap dead connection: [DummyConnection Server connection - model.nation.aztec]
May 01, 2018 11:52:55 AM net.sf.freecol.server.networking.Server sendToAll
INFO: Reap dead connection: [DummyConnection Server connection - model.nation.french]
May 01, 2018 11:52:55 AM net.sf.freecol.server.networking.Server sendToAll
INFO: Reap dead connection: [DummyConnection Server connection - model.nation.arawak]
May 01, 2018 11:52:55 AM net.sf.freecol.server.networking.Server sendToAll
INFO: Reap dead connection: [DummyConnection Server connection - model.nation.iroquois]
May 01, 2018 11:52:55 AM net.sf.freecol.server.networking.Server sendToAll
INFO: Reap dead connection: [DummyConnection Server connection - model.nation.apache]
May 01, 2018 11:52:55 AM net.sf.freecol.server.networking.Server sendToAll
INFO: Reap dead connection: [DummyConnection Server connection - model.nation.cherokee]
May 01, 2018 11:52:55 AM net.sf.freecol.server.networking.Server sendToAll
INFO: Reap dead connection: [DummyConnection Server connection - model.nation.tupi]
May 01, 2018 11:52:55 AM net.sf.freecol.server.networking.Server sendToAll
INFO: Reap dead connection: [DummyConnection Server connection - model.nation.sioux]
May 01, 2018 11:52:55 AM net.sf.freecol.server.networking.Server sendToAll
INFO: Reap dead connection: [DummyConnection Server connection - model.nation.dutch]
May 01, 2018 11:52:55 AM net.sf.freecol.server.networking.Server sendToAll
INFO: Reap dead connection: [DummyConnection Server connection - model.nation.spanish]
May 01, 2018 11:52:55 AM net.sf.freecol.server.networking.Server sendToAll
INFO: Reap dead connection: [DummyConnection Server connection - model.nation.inca]
May 01, 2018 11:52:55 AM net.sf.freecol.server.networking.Server sendToAll
INFO: Reap dead connection: [DummyConnection Server connection - model.nation.english]
May 01, 2018 11:52:55 AM net.sf.freecol.common.model.Specification applyDifficultyLevel
INFO: Applying difficulty level model.difficulty.medium
May 01, 2018 11:52:55 AM net.sf.freecol.common.FreeColSeed getFreeColSeed
INFO: Using seed: 1470131669819470255
May 01, 2018 11:52:56 AM net.sf.freecol.server.networking.Server sendToAll
INFO: Reap dead connection: [DummyConnection Server connection - model.nation.tupi]
May 01, 2018 11:52:56 AM net.sf.freecol.server.networking.Server sendToAll
INFO: Reap dead connection: [DummyConnection Server connection - model.nation.sioux]
May 01, 2018 11:52:56 AM net.sf.freecol.server.networking.Server sendToAll
INFO: Reap dead connection: [DummyConnection Server connection - model.nation.cherokee]
May 01, 2018 11:52:56 AM net.sf.freecol.server.networking.Server sendToAll
INFO: Reap dead connection: [DummyConnection Server connection - model.nation.french]
May 01, 2018 11:52:56 AM net.sf.freecol.server.networking.Server sendToAll
INFO: Reap dead connection: [DummyConnection Server connection - model.nation.aztec]
May 01, 2018 11:52:56 AM net.sf.freecol.server.networking.Server sendToAll
INFO: Reap dead connection: [DummyConnection Server connection - model.nation.apache]
May 01, 2018 11:52:56 AM net.sf.freecol.server.networking.Server sendToAll
INFO: Reap dead connection: [DummyConnection Server connection - model.nation.arawak]
May 01, 2018 11:52:56 AM net.sf.freecol.server.networking.Server sendToAll
INFO: Reap dead connection: [DummyConnection Server connection - model.nation.inca]
May 01, 2018 11:52:56 AM net.sf.freecol.server.networking.Server sendToAll
INFO: Reap dead connection: [DummyConnection Server connection - model.nation.spanish]
May 01, 2018 11:52:56 AM net.sf.freecol.server.networking.Server sendToAll
INFO: Reap dead connection: [DummyConnection Server connection - model.nation.english]
May 01, 2018 11:52:56 AM net.sf.freecol.server.networking.Server sendToAll
INFO: Reap dead connection: [DummyConnection Server connection - model.nation.iroquois]
May 01, 2018 11:52:56 AM net.sf.freecol.server.networking.Server sendToAll
INFO: Reap dead connection: [DummyConnection Server connection - model.nation.dutch]
May 01, 2018 11:52:56 AM net.sf.freecol.common.model.Specification applyDifficultyLevel
INFO: Applying difficulty level model.difficulty.medium
May 01, 2018 11:52:56 AM net.sf.freecol.common.FreeColSeed getFreeColSeed
INFO: Using seed: 6256065256500390131
May 01, 2018 11:52:56 AM net.sf.freecol.server.networking.Server sendToAll
INFO: Reap dead connection: [DummyConnection Server connection - model.nation.aztec]
May 01, 2018 11:52:56 AM net.sf.freecol.server.networking.Server sendToAll
INFO: Reap dead connection: [DummyConnection Server connection - model.nation.french]
May 01, 2018 11:52:56 AM net.sf.freecol.server.networking.Server sendToAll
INFO: Reap dead connection: [DummyConnection Server connection - model.nation.arawak]
May 01, 2018 11:52:56 AM net.sf.freecol.server.networking.Server sendToAll
INFO: Reap dead connection: [DummyConnection Server connection - model.nation.apache]
May 01, 2018 11:52:56 AM net.sf.freecol.server.networking.Server sendToAll
INFO: Reap dead connection: [DummyConnection Server connection - model.nation.tupi]
May 01, 2018 11:52:56 AM net.sf.freecol.server.networking.Server sendToAll
INFO: Reap dead connection: [DummyConnection Server connection - model.nation.english]
May 01, 2018 11:52:56 AM net.sf.freecol.server.networking.Server sendToAll
INFO: Reap dead connection: [DummyConnection Server connection - model.nation.iroquois]
May 01, 2018 11:52:56 AM net.sf.freecol.server.networking.Server sendToAll
INFO: Reap dead connection: [DummyConnection Server connection - model.nation.spanish]
May 01, 2018 11:52:56 AM net.sf.freecol.server.networking.Server sendToAll
INFO: Reap dead connection: [DummyConnection Server connection - model.nation.sioux]
May 01, 2018 11:52:56 AM net.sf.freecol.server.networking.Server sendToAll
INFO: Reap dead connection: [DummyConnection Server connection - model.nation.dutch]
May 01, 2018 11:52:56 AM net.sf.freecol.server.networking.Server sendToAll
INFO: Reap dead connection: [DummyConnection Server connection - model.nation.inca]
May 01, 2018 11:52:56 AM net.sf.freecol.server.networking.Server sendToAll
INFO: Reap dead connection: [DummyConnection Server connection - model.nation.cherokee]
May 01, 2018 11:52:56 AM net.sf.freecol.common.model.Specification applyDifficultyLevel
INFO: Applying difficulty level model.difficulty.medium
May 01, 2018 11:52:56 AM net.sf.freecol.common.FreeColSeed getFreeColSeed
INFO: Using seed: -3537262836881242541
May 01, 2018 11:52:56 AM net.sf.freecol.server.networking.Server sendToAll
INFO: Reap dead connection: [DummyConnection Server connection - model.nation.english]
May 01, 2018 11:52:56 AM net.sf.freecol.server.networking.Server sendToAll
INFO: Reap dead connection: [DummyConnection Server connection - model.nation.iroquois]
May 01, 2018 11:52:56 AM net.sf.freecol.server.networking.Server sendToAll
INFO: Reap dead connection: [DummyConnection Server connection - model.nation.arawak]
May 01, 2018 11:52:56 AM net.sf.freecol.server.networking.Server sendToAll
INFO: Reap dead connection: [DummyConnection Server connection - model.nation.apache]
May 01, 2018 11:52:56 AM net.sf.freecol.server.networking.Server sendToAll
INFO: Reap dead connection: [DummyConnection Server connection - model.nation.cherokee]
May 01, 2018 11:52:56 AM net.sf.freecol.server.networking.Server sendToAll
INFO: Reap dead connection: [DummyConnection Server connection - model.nation.sioux]
May 01, 2018 11:52:56 AM net.sf.freecol.server.networking.Server sendToAll
INFO: Reap dead connection: [DummyConnection Server connection - model.nation.dutch]
May 01, 2018 11:52:56 AM net.sf.freecol.server.networking.Server sendToAll
INFO: Reap dead connection: [DummyConnection Server connection - model.nation.tupi]
May 01, 2018 11:52:56 AM net.sf.freecol.server.networking.Server sendToAll
INFO: Reap dead connection: [DummyConnection Server connection - model.nation.spanish]
May 01, 2018 11:52:56 AM net.sf.freecol.server.networking.Server sendToAll
INFO: Reap dead connection: [DummyConnection Server connection - model.nation.french]
May 01, 2018 11:52:56 AM net.sf.freecol.server.networking.Server sendToAll
INFO: Reap dead connection: [DummyConnection Server connection - model.nation.inca]
May 01, 2018 11:52:56 AM net.sf.freecol.server.networking.Server sendToAll
INFO: Reap dead connection: [DummyConnection Server connection - model.nation.aztec]
May 01, 2018 11:52:56 AM net.sf.freecol.common.model.Specification applyDifficultyLevel
INFO: Applying difficulty level model.difficulty.medium
May 01, 2018 11:52:56 AM net.sf.freecol.common.FreeColSeed getFreeColSeed
INFO: Using seed: -9168448439382112553
May 01, 2018 11:52:56 AM net.sf.freecol.server.networking.Server sendToAll
INFO: Reap dead connection: [DummyConnection Server connection - model.nation.apache]
May 01, 2018 11:52:56 AM net.sf.freecol.server.networking.Server sendToAll
INFO: Reap dead connection: [DummyConnection Server connection - model.nation.iroquois]
May 01, 2018 11:52:56 AM net.sf.freecol.server.networking.Server sendToAll
INFO: Reap dead connection: [DummyConnection Server connection - model.nation.english]
May 01, 2018 11:52:56 AM net.sf.freecol.server.networking.Server sendToAll
INFO: Reap dead connection: [DummyConnection Server connection - model.nation.sioux]
May 01, 2018 11:52:56 AM net.sf.freecol.server.networking.Server sendToAll
INFO: Reap dead connection: [DummyConnection Server connection - model.nation.inca]
May 01, 2018 11:52:56 AM net.sf.freecol.server.networking.Server sendToAll
INFO: Reap dead connection: [DummyConnection Server connection - model.nation.dutch]
May 01, 2018 11:52:56 AM net.sf.freecol.server.networking.Server sendToAll
INFO: Reap dead connection: [DummyConnection Server connection - model.nation.cherokee]
May 01, 2018 11:52:56 AM net.sf.freecol.server.networking.Server sendToAll
INFO: Reap dead connection: [DummyConnection Server connection - model.nation.tupi]
May 01, 2018 11:52:56 AM net.sf.freecol.server.networking.Server sendToAll
INFO: Reap dead connection: [DummyConnection Server connection - model.nation.spanish]
May 01, 2018 11:52:56 AM net.sf.freecol.server.networking.Server sendToAll
INFO: Reap dead connection: [DummyConnection Server connection - model.nation.french]
May 01, 2018 11:52:56 AM net.sf.freecol.server.networking.Server sendToAll
INFO: Reap dead connection: [DummyConnection Server connection - model.nation.aztec]
May 01, 2018 11:52:56 AM net.sf.freecol.server.networking.Server sendToAll
INFO: Reap dead connection: [DummyConnection Server connection - model.nation.arawak]
May 01, 2018 11:52:56 AM net.sf.freecol.common.model.Specification applyDifficultyLevel
INFO: Applying difficulty level model.difficulty.medium
May 01, 2018 11:52:56 AM net.sf.freecol.common.FreeColSeed getFreeColSeed
INFO: Using seed: -9041454856569739733
May 01, 2018 11:52:56 AM net.sf.freecol.server.networking.Server sendToAll
INFO: Reap dead connection: [DummyConnection Server connection - model.nation.arawak]
May 01, 2018 11:52:56 AM net.sf.freecol.server.networking.Server sendToAll
INFO: Reap dead connection: [DummyConnection Server connection - model.nation.inca]
May 01, 2018 11:52:56 AM net.sf.freecol.server.networking.Server sendToAll
INFO: Reap dead connection: [DummyConnection Server connection - model.nation.dutch]
May 01, 2018 11:52:56 AM net.sf.freecol.server.networking.Server sendToAll
INFO: Reap dead connection: [DummyConnection Server connection - model.nation.apache]
May 01, 2018 11:52:56 AM net.sf.freecol.server.networking.Server sendToAll
INFO: Reap dead connection: [DummyConnection Server connection - model.nation.iroquois]
May 01, 2018 11:52:56 AM net.sf.freecol.server.networking.Server sendToAll
INFO: Reap dead connection: [DummyConnection Server connection - model.nation.french]
May 01, 2018 11:52:56 AM net.sf.freecol.server.networking.Server sendToAll
INFO: Reap dead connection: [DummyConnection Server connection - model.nation.english]
May 01, 2018 11:52:56 AM net.sf.freecol.server.networking.Server sendToAll
INFO: Reap dead connection: [DummyConnection Server connection - model.nation.spanish]
May 01, 2018 11:52:56 AM net.sf.freecol.server.networking.Server sendToAll
INFO: Reap dead connection: [DummyConnection Server connection - model.nation.sioux]
May 01, 2018 11:52:56 AM net.sf.freecol.server.networking.Server sendToAll
INFO: Reap dead connection: [DummyConnection Server connection - model.nation.aztec]
May 01, 2018 11:52:56 AM net.sf.freecol.server.networking.Server sendToAll
INFO: Reap dead connection: [DummyConnection Server connection - model.nation.cherokee]
May 01, 2018 11:52:56 AM net.sf.freecol.server.networking.Server sendToAll
INFO: Reap dead connection: [DummyConnection Server connection - model.nation.tupi]
May 01, 2018 11:52:56 AM net.sf.freecol.common.model.Specification applyDifficultyLevel
INFO: Applying difficulty level model.difficulty.medium
May 01, 2018 11:52:56 AM net.sf.freecol.common.FreeColSeed getFreeColSeed
INFO: Using seed: -2722250547213828344
May 01, 2018 11:52:56 AM net.sf.freecol.server.networking.Server sendToAll
INFO: Reap dead connection: [DummyConnection Server connection - model.nation.tupi]
May 01, 2018 11:52:56 AM net.sf.freecol.server.networking.Server sendToAll
INFO: Reap dead connection: [DummyConnection Server connection - model.nation.apache]
May 01, 2018 11:52:56 AM net.sf.freecol.server.networking.Server sendToAll
INFO: Reap dead connection: [DummyConnection Server connection - model.nation.cherokee]
May 01, 2018 11:52:56 AM net.sf.freecol.server.networking.Server sendToAll
INFO: Reap dead connection: [DummyConnection Server connection - model.nation.english]
May 01, 2018 11:52:56 AM net.sf.freecol.server.networking.Server sendToAll
INFO: Reap dead connection: [DummyConnection Server connection - model.nation.french]
May 01, 2018 11:52:56 AM net.sf.freecol.server.networking.Server sendToAll
INFO: Reap dead connection: [DummyConnection Server connection - model.nation.spanish]
May 01, 2018 11:52:56 AM net.sf.freecol.server.networking.Server sendToAll
INFO: Reap dead connection: [DummyConnection Server connection - model.nation.iroquois]
May 01, 2018 11:52:56 AM net.sf.freecol.server.networking.Server sendToAll
INFO: Reap dead connection: [DummyConnection Server connection - model.nation.sioux]
May 01, 2018 11:52:56 AM net.sf.freecol.server.networking.Server sendToAll
INFO: Reap dead connection: [DummyConnection Server connection - model.nation.dutch]
May 01, 2018 11:52:56 AM net.sf.freecol.server.networking.Server sendToAll
INFO: Reap dead connection: [DummyConnection Server connection - model.nation.arawak]
May 01, 2018 11:52:56 AM net.sf.freecol.server.networking.Server sendToAll
INFO: Reap dead connection: [DummyConnection Server connection - model.nation.inca]
May 01, 2018 11:52:56 AM net.sf.freecol.server.networking.Server sendToAll
INFO: Reap dead connection: [DummyConnection Server connection - model.nation.aztec]
May 01, 2018 11:52:56 AM net.sf.freecol.common.model.Specification applyDifficultyLevel
INFO: Applying difficulty level model.difficulty.medium
May 01, 2018 11:52:56 AM net.sf.freecol.common.FreeColSeed getFreeColSeed
INFO: Using seed: -7492423922924792187
May 01, 2018 11:52:56 AM net.sf.freecol.server.networking.Server sendToAll
INFO: Reap dead connection: [DummyConnection Server connection - model.nation.english]
May 01, 2018 11:52:56 AM net.sf.freecol.server.networking.Server sendToAll
INFO: Reap dead connection: [DummyConnection Server connection - model.nation.arawak]
May 01, 2018 11:52:56 AM net.sf.freecol.server.networking.Server sendToAll
INFO: Reap dead connection: [DummyConnection Server connection - model.nation.aztec]
May 01, 2018 11:52:56 AM net.sf.freecol.server.networking.Server sendToAll
INFO: Reap dead connection: [DummyConnection Server connection - model.nation.iroquois]
May 01, 2018 11:52:56 AM net.sf.freecol.server.networking.Server sendToAll
INFO: Reap dead connection: [DummyConnection Server connection - model.nation.sioux]
May 01, 2018 11:52:56 AM net.sf.freecol.server.networking.Server sendToAll
INFO: Reap dead connection: [DummyConnection Server connection - model.nation.apache]
May 01, 2018 11:52:56 AM net.sf.freecol.server.networking.Server sendToAll
INFO: Reap dead connection: [DummyConnection Server connection - model.nation.inca]
May 01, 2018 11:52:56 AM net.sf.freecol.server.networking.Server sendToAll
INFO: Reap dead connection: [DummyConnection Server connection - model.nation.french]
May 01, 2018 11:52:56 AM net.sf.freecol.server.networking.Server sendToAll
INFO: Reap dead connection: [DummyConnection Server connection - model.nation.spanish]
May 01, 2018 11:52:56 AM net.sf.freecol.server.networking.Server sendToAll
INFO: Reap dead connection: [DummyConnection Server connection - model.nation.tupi]
May 01, 2018 11:52:56 AM net.sf.freecol.server.networking.Server sendToAll
INFO: Reap dead connection: [DummyConnection Server connection - model.nation.dutch]
May 01, 2018 11:52:56 AM net.sf.freecol.server.networking.Server sendToAll
INFO: Reap dead connection: [DummyConnection Server connection - model.nation.cherokee]
May 01, 2018 11:52:56 AM net.sf.freecol.common.model.Specification applyDifficultyLevel
INFO: Applying difficulty level model.difficulty.medium
May 01, 2018 11:52:56 AM net.sf.freecol.common.FreeColSeed getFreeColSeed
INFO: Using seed: -6984341107723529063
May 01, 2018 11:52:56 AM net.sf.freecol.server.networking.Server sendToAll
INFO: Reap dead connection: [DummyConnection Server connection - model.nation.arawak]
May 01, 2018 11:52:56 AM net.sf.freecol.server.networking.Server sendToAll
INFO: Reap dead connection: [DummyConnection Server connection - model.nation.aztec]
May 01, 2018 11:52:56 AM net.sf.freecol.server.networking.Server sendToAll
INFO: Reap dead connection: [DummyConnection Server connection - model.nation.cherokee]
May 01, 2018 11:52:56 AM net.sf.freecol.server.networking.Server sendToAll
INFO: Reap dead connection: [DummyConnection Server connection - model.nation.french]
May 01, 2018 11:52:56 AM net.sf.freecol.server.networking.Server sendToAll
INFO: Reap dead connection: [DummyConnection Server connection - model.nation.apache]
May 01, 2018 11:52:56 AM net.sf.freecol.server.networking.Server sendToAll
INFO: Reap dead connection: [DummyConnection Server connection - model.nation.english]
May 01, 2018 11:52:56 AM net.sf.freecol.server.networking.Server sendToAll
INFO: Reap dead connection: [DummyConnection Server connection - model.nation.inca]
May 01, 2018 11:52:56 AM net.sf.freecol.server.networking.Server sendToAll
INFO: Reap dead connection: [DummyConnection Server connection - model.nation.tupi]
May 01, 2018 11:52:56 AM net.sf.freecol.server.networking.Server sendToAll
INFO: Reap dead connection: [DummyConnection Server connection - model.nation.dutch]
May 01, 2018 11:52:56 AM net.sf.freecol.server.networking.Server sendToAll
INFO: Reap dead connection: [DummyConnection Server connection - model.nation.iroquois]
May 01, 2018 11:52:56 AM net.sf.freecol.server.networking.Server sendToAll
INFO: Reap dead connection: [DummyConnection Server connection - model.nation.sioux]
May 01, 2018 11:52:56 AM net.sf.freecol.server.networking.Server sendToAll
INFO: Reap dead connection: [DummyConnection Server connection - model.nation.spanish]
May 01, 2018 11:52:56 AM net.sf.freecol.common.model.Specification applyDifficultyLevel
INFO: Applying difficulty level model.difficulty.medium
May 01, 2018 11:52:56 AM net.sf.freecol.common.FreeColSeed getFreeColSeed
INFO: Using seed: 1960239716811839181
May 01, 2018 11:52:56 AM net.sf.freecol.server.networking.Server sendToAll
INFO: Reap dead connection: [DummyConnection Server connection - model.nation.apache]
May 01, 2018 11:52:56 AM net.sf.freecol.server.networking.Server sendToAll
INFO: Reap dead connection: [DummyConnection Server connection - model.nation.sioux]
May 01, 2018 11:52:56 AM net.sf.freecol.server.networking.Server sendToAll
INFO: Reap dead connection: [DummyConnection Server connection - model.nation.french]
May 01, 2018 11:52:56 AM net.sf.freecol.server.networking.Server sendToAll
INFO: Reap dead connection: [DummyConnection Server connection - model.nation.spanish]
May 01, 2018 11:52:56 AM net.sf.freecol.server.networking.Server sendToAll
INFO: Reap dead connection: [DummyConnection Server connection - model.nation.tupi]
May 01, 2018 11:52:56 AM net.sf.freecol.server.networking.Server sendToAll
INFO: Reap dead connection: [DummyConnection Server connection - model.nation.iroquois]
May 01, 2018 11:52:56 AM net.sf.freecol.server.networking.Server sendToAll
INFO: Reap dead connection: [DummyConnection Server connection - model.nation.cherokee]
May 01, 2018 11:52:56 AM net.sf.freecol.server.networking.Server sendToAll
INFO: Reap dead connection: [DummyConnection Server connection - model.nation.dutch]
May 01, 2018 11:52:56 AM net.sf.freecol.server.networking.Server sendToAll
INFO: Reap dead connection: [DummyConnection Server connection - model.nation.arawak]
May 01, 2018 11:52:56 AM net.sf.freecol.server.networking.Server sendToAll
INFO: Reap dead connection: [DummyConnection Server connection - model.nation.inca]
May 01, 2018 11:52:56 AM net.sf.freecol.server.networking.Server sendToAll
INFO: Reap dead connection: [DummyConnection Server connection - model.nation.aztec]
May 01, 2018 11:52:56 AM net.sf.freecol.server.networking.Server sendToAll
INFO: Reap dead connection: [DummyConnection Server connection - model.nation.english]
May 01, 2018 11:52:56 AM net.sf.freecol.common.model.Specification applyDifficultyLevel
INFO: Applying difficulty level model.difficulty.medium
May 01, 2018 11:52:56 AM net.sf.freecol.common.FreeColSeed getFreeColSeed
INFO: Using seed: 8890560649682056832
May 01, 2018 11:52:56 AM net.sf.freecol.server.networking.Server sendToAll
INFO: Reap dead connection: [DummyConnection Server connection - model.nation.dutch]
May 01, 2018 11:52:56 AM net.sf.freecol.server.networking.Server sendToAll
INFO: Reap dead connection: [DummyConnection Server connection - model.nation.tupi]
May 01, 2018 11:52:56 AM net.sf.freecol.server.networking.Server sendToAll
INFO: Reap dead connection: [DummyConnection Server connection - model.nation.arawak]
May 01, 2018 11:52:56 AM net.sf.freecol.server.networking.Server sendToAll
INFO: Reap dead connection: [DummyConnection Server connection - model.nation.iroquois]
May 01, 2018 11:52:56 AM net.sf.freecol.server.networking.Server sendToAll
INFO: Reap dead connection: [DummyConnection Server connection - model.nation.inca]
May 01, 2018 11:52:56 AM net.sf.freecol.server.networking.Server sendToAll
INFO: Reap dead connection: [DummyConnection Server connection - model.nation.french]
May 01, 2018 11:52:56 AM net.sf.freecol.server.networking.Server sendToAll
INFO: Reap dead connection: [DummyConnection Server connection - model.nation.sioux]
May 01, 2018 11:52:56 AM net.sf.freecol.server.networking.Server sendToAll
INFO: Reap dead connection: [DummyConnection Server connection - model.nation.apache]
May 01, 2018 11:52:56 AM net.sf.freecol.server.networking.Server sendToAll
INFO: Reap dead connection: [DummyConnection Server connection - model.nation.aztec]
May 01, 2018 11:52:56 AM net.sf.freecol.server.networking.Server sendToAll
INFO: Reap dead connection: [DummyConnection Server connection - model.nation.cherokee]
May 01, 2018 11:52:56 AM net.sf.freecol.server.networking.Server sendToAll
INFO: Reap dead connection: [DummyConnection Server connection - model.nation.english]
May 01, 2018 11:52:56 AM net.sf.freecol.server.networking.Server sendToAll
INFO: Reap dead connection: [DummyConnection Server connection - model.nation.spanish]
May 01, 2018 11:52:56 AM net.sf.freecol.common.model.Specification applyDifficultyLevel
INFO: Applying difficulty level model.difficulty.medium
May 01, 2018 11:52:56 AM net.sf.freecol.common.FreeColSeed getFreeColSeed
INFO: Using seed: -9183059475192399633
May 01, 2018 11:52:56 AM net.sf.freecol.server.networking.Server sendToAll
INFO: Reap dead connection: [DummyConnection Server connection - model.nation.tupi]
May 01, 2018 11:52:56 AM net.sf.freecol.server.networking.Server sendToAll
INFO: Reap dead connection: [DummyConnection Server connection - model.nation.sioux]
May 01, 2018 11:52:56 AM net.sf.freecol.server.networking.Server sendToAll
INFO: Reap dead connection: [DummyConnection Server connection - model.nation.dutch]
May 01, 2018 11:52:56 AM net.sf.freecol.server.networking.Server sendToAll
INFO: Reap dead connection: [DummyConnection Server connection - model.nation.arawak]
May 01, 2018 11:52:56 AM net.sf.freecol.server.networking.Server sendToAll
INFO: Reap dead connection: [DummyConnection Server connection - model.nation.apache]
May 01, 2018 11:52:56 AM net.sf.freecol.server.networking.Server sendToAll
INFO: Reap dead connection: [DummyConnection Server connection - model.nation.inca]
May 01, 2018 11:52:56 AM net.sf.freecol.server.networking.Server sendToAll
INFO: Reap dead connection: [DummyConnection Server connection - model.nation.iroquois]
May 01, 2018 11:52:56 AM net.sf.freecol.server.networking.Server sendToAll
INFO: Reap dead connection: [DummyConnection Server connection - model.nation.english]
May 01, 2018 11:52:56 AM net.sf.freecol.server.networking.Server sendToAll
INFO: Reap dead connection: [DummyConnection Server connection - model.nation.french]
May 01, 2018 11:52:56 AM net.sf.freecol.server.networking.Server sendToAll
INFO: Reap dead connection: [DummyConnection Server connection - model.nation.spanish]
May 01, 2018 11:52:56 AM net.sf.freecol.server.networking.Server sendToAll
INFO: Reap dead connection: [DummyConnection Server connection - model.nation.cherokee]
May 01, 2018 11:52:56 AM net.sf.freecol.server.networking.Server sendToAll
INFO: Reap dead connection: [DummyConnection Server connection - model.nation.aztec]
May 01, 2018 11:52:56 AM net.sf.freecol.common.model.Specification applyDifficultyLevel
INFO: Applying difficulty level model.difficulty.medium
May 01, 2018 11:52:56 AM net.sf.freecol.common.FreeColSeed getFreeColSeed
INFO: Using seed: -8149627305151024708
May 01, 2018 11:52:56 AM net.sf.freecol.server.networking.Server sendToAll
INFO: Reap dead connection: [DummyConnection Server connection - model.nation.cherokee]
May 01, 2018 11:52:56 AM net.sf.freecol.server.networking.Server sendToAll
INFO: Reap dead connection: [DummyConnection Server connection - model.nation.apache]
May 01, 2018 11:52:56 AM net.sf.freecol.server.networking.Server sendToAll
INFO: Reap dead connection: [DummyConnection Server connection - model.nation.inca]
May 01, 2018 11:52:56 AM net.sf.freecol.server.networking.Server sendToAll
INFO: Reap dead connection: [DummyConnection Server connection - model.nation.spanish]
May 01, 2018 11:52:56 AM net.sf.freecol.server.networking.Server sendToAll
INFO: Reap dead connection: [DummyConnection Server connection - model.nation.aztec]
May 01, 2018 11:52:56 AM net.sf.freecol.server.networking.Server sendToAll
INFO: Reap dead connection: [DummyConnection Server connection - model.nation.tupi]
May 01, 2018 11:52:56 AM net.sf.freecol.server.networking.Server sendToAll
INFO: Reap dead connection: [DummyConnection Server connection - model.nation.iroquois]
May 01, 2018 11:52:56 AM net.sf.freecol.server.networking.Server sendToAll
INFO: Reap dead connection: [DummyConnection Server connection - model.nation.dutch]
May 01, 2018 11:52:56 AM net.sf.freecol.server.networking.Server sendToAll
INFO: Reap dead connection: [DummyConnection Server connection - model.nation.sioux]
May 01, 2018 11:52:56 AM net.sf.freecol.server.networking.Server sendToAll
INFO: Reap dead connection: [DummyConnection Server connection - model.nation.english]
May 01, 2018 11:52:56 AM net.sf.freecol.server.networking.Server sendToAll
INFO: Reap dead connection: [DummyConnection Server connection - model.nation.arawak]
May 01, 2018 11:52:56 AM net.sf.freecol.server.networking.Server sendToAll
INFO: Reap dead connection: [DummyConnection Server connection - model.nation.french]
May 01, 2018 11:52:56 AM net.sf.freecol.common.model.Specification applyDifficultyLevel
INFO: Applying difficulty level model.difficulty.medium
May 01, 2018 11:52:56 AM net.sf.freecol.common.FreeColSeed getFreeColSeed
INFO: Using seed: 5534787243072792655
May 01, 2018 11:52:56 AM net.sf.freecol.server.networking.Server sendToAll
INFO: Reap dead connection: [DummyConnection Server connection - model.nation.sioux]
May 01, 2018 11:52:56 AM net.sf.freecol.server.networking.Server sendToAll
INFO: Reap dead connection: [DummyConnection Server connection - model.nation.arawak]
May 01, 2018 11:52:56 AM net.sf.freecol.server.networking.Server sendToAll
INFO: Reap dead connection: [DummyConnection Server connection - model.nation.tupi]
May 01, 2018 11:52:56 AM net.sf.freecol.server.networking.Server sendToAll
INFO: Reap dead connection: [DummyConnection Server connection - model.nation.iroquois]
May 01, 2018 11:52:56 AM net.sf.freecol.server.networking.Server sendToAll
INFO: Reap dead connection: [DummyConnection Server connection - model.nation.french]
May 01, 2018 11:52:56 AM net.sf.freecol.server.networking.Server sendToAll
INFO: Reap dead connection: [DummyConnection Server connection - model.nation.cherokee]
May 01, 2018 11:52:56 AM net.sf.freecol.server.networking.Server sendToAll
INFO: Reap dead connection: [DummyConnection Server connection - model.nation.spanish]
May 01, 2018 11:52:56 AM net.sf.freecol.server.networking.Server sendToAll
INFO: Reap dead connection: [DummyConnection Server connection - model.nation.inca]
May 01, 2018 11:52:56 AM net.sf.freecol.server.networking.Server sendToAll
INFO: Reap dead connection: [DummyConnection Server connection - model.nation.english]
May 01, 2018 11:52:56 AM net.sf.freecol.server.networking.Server sendToAll
INFO: Reap dead connection: [DummyConnection Server connection - model.nation.dutch]
May 01, 2018 11:52:56 AM net.sf.freecol.server.networking.Server sendToAll
INFO: Reap dead connection: [DummyConnection Server connection - model.nation.apache]
May 01, 2018 11:52:56 AM net.sf.freecol.server.networking.Server sendToAll
INFO: Reap dead connection: [DummyConnection Server connection - model.nation.aztec]
May 01, 2018 11:52:56 AM net.sf.freecol.common.model.Specification applyDifficultyLevel
INFO: Applying difficulty level model.difficulty.medium
May 01, 2018 11:52:56 AM net.sf.freecol.common.FreeColSeed getFreeColSeed
INFO: Using seed: 5757164440551389476
May 01, 2018 11:52:56 AM net.sf.freecol.server.networking.Server sendToAll
INFO: Reap dead connection: [DummyConnection Server connection - model.nation.tupi]
May 01, 2018 11:52:56 AM net.sf.freecol.server.networking.Server sendToAll
INFO: Reap dead connection: [DummyConnection Server connection - model.nation.apache]
May 01, 2018 11:52:56 AM net.sf.freecol.server.networking.Server sendToAll
INFO: Reap dead connection: [DummyConnection Server connection - model.nation.aztec]
May 01, 2018 11:52:56 AM net.sf.freecol.server.networking.Server sendToAll
INFO: Reap dead connection: [DummyConnection Server connection - model.nation.arawak]
May 01, 2018 11:52:56 AM net.sf.freecol.server.networking.Server sendToAll
INFO: Reap dead connection: [DummyConnection Server connection - model.nation.spanish]
May 01, 2018 11:52:56 AM net.sf.freecol.server.networking.Server sendToAll
INFO: Reap dead connection: [DummyConnection Server connection - model.nation.cherokee]
May 01, 2018 11:52:56 AM net.sf.freecol.server.networking.Server sendToAll
INFO: Reap dead connection: [DummyConnection Server connection - model.nation.french]
May 01, 2018 11:52:56 AM net.sf.freecol.server.networking.Server sendToAll
INFO: Reap dead connection: [DummyConnection Server connection - model.nation.inca]
May 01, 2018 11:52:56 AM net.sf.freecol.server.networking.Server sendToAll
INFO: Reap dead connection: [DummyConnection Server connection - model.nation.iroquois]
May 01, 2018 11:52:56 AM net.sf.freecol.server.networking.Server sendToAll
INFO: Reap dead connection: [DummyConnection Server connection - model.nation.english]
May 01, 2018 11:52:56 AM net.sf.freecol.server.networking.Server sendToAll
INFO: Reap dead connection: [DummyConnection Server connection - model.nation.dutch]
May 01, 2018 11:52:56 AM net.sf.freecol.server.networking.Server sendToAll
INFO: Reap dead connection: [DummyConnection Server connection - model.nation.sioux]
May 01, 2018 11:52:56 AM net.sf.freecol.common.model.Specification applyDifficultyLevel
INFO: Applying difficulty level model.difficulty.medium
May 01, 2018 11:52:56 AM net.sf.freecol.common.FreeColSeed getFreeColSeed
INFO: Using seed: 1264700976049050257
May 01, 2018 11:52:56 AM net.sf.freecol.server.networking.Server sendToAll
INFO: Reap dead connection: [DummyConnection Server connection - model.nation.cherokee]
May 01, 2018 11:52:56 AM net.sf.freecol.server.networking.Server sendToAll
INFO: Reap dead connection: [DummyConnection Server connection - model.nation.arawak]
May 01, 2018 11:52:56 AM net.sf.freecol.server.networking.Server sendToAll
INFO: Reap dead connection: [DummyConnection Server connection - model.nation.apache]
May 01, 2018 11:52:56 AM net.sf.freecol.server.networking.Server sendToAll
INFO: Reap dead connection: [DummyConnection Server connection - model.nation.iroquois]
May 01, 2018 11:52:56 AM net.sf.freecol.server.networking.Server sendToAll
INFO: Reap dead connection: [DummyConnection Server connection - model.nation.english]
May 01, 2018 11:52:56 AM net.sf.freecol.server.networking.Server sendToAll
INFO: Reap dead connection: [DummyConnection Server connection - model.nation.french]
May 01, 2018 11:52:56 AM net.sf.freecol.server.networking.Server sendToAll
INFO: Reap dead connection: [DummyConnection Server connection - model.nation.inca]
May 01, 2018 11:52:56 AM net.sf.freecol.server.networking.Server sendToAll
INFO: Reap dead connection: [DummyConnection Server connection - model.nation.aztec]
May 01, 2018 11:52:56 AM net.sf.freecol.server.networking.Server sendToAll
INFO: Reap dead connection: [DummyConnection Server connection - model.nation.spanish]
May 01, 2018 11:52:56 AM net.sf.freecol.server.networking.Server sendToAll
INFO: Reap dead connection: [DummyConnection Server connection - model.nation.dutch]
May 01, 2018 11:52:56 AM net.sf.freecol.server.networking.Server sendToAll
INFO: Reap dead connection: [DummyConnection Server connection - model.nation.sioux]
May 01, 2018 11:52:56 AM net.sf.freecol.server.networking.Server sendToAll
INFO: Reap dead connection: [DummyConnection Server connection - model.nation.tupi]
May 01, 2018 11:52:56 AM net.sf.freecol.common.model.Specification applyDifficultyLevel
INFO: Applying difficulty level model.difficulty.medium
May 01, 2018 11:52:56 AM net.sf.freecol.common.FreeColSeed getFreeColSeed
INFO: Using seed: 1672098867859763386
May 01, 2018 11:52:56 AM net.sf.freecol.server.networking.Server sendToAll
INFO: Reap dead connection: [DummyConnection Server connection - model.nation.iroquois]
May 01, 2018 11:52:56 AM net.sf.freecol.server.networking.Server sendToAll
INFO: Reap dead connection: [DummyConnection Server connection - model.nation.cherokee]
May 01, 2018 11:52:56 AM net.sf.freecol.server.networking.Server sendToAll
INFO: Reap dead connection: [DummyConnection Server connection - model.nation.spanish]
May 01, 2018 11:52:56 AM net.sf.freecol.server.networking.Server sendToAll
INFO: Reap dead connection: [DummyConnection Server connection - model.nation.sioux]
May 01, 2018 11:52:56 AM net.sf.freecol.server.networking.Server sendToAll
INFO: Reap dead connection: [DummyConnection Server connection - model.nation.aztec]
May 01, 2018 11:52:56 AM net.sf.freecol.server.networking.Server sendToAll
INFO: Reap dead connection: [DummyConnection Server connection - model.nation.apache]
May 01, 2018 11:52:56 AM net.sf.freecol.server.networking.Server sendToAll
INFO: Reap dead connection: [DummyConnection Server connection - model.nation.inca]
May 01, 2018 11:52:56 AM net.sf.freecol.server.networking.Server sendToAll
INFO: Reap dead connection: [DummyConnection Server connection - model.nation.french]
May 01, 2018 11:52:56 AM net.sf.freecol.server.networking.Server sendToAll
INFO: Reap dead connection: [DummyConnection Server connection - model.nation.dutch]
May 01, 2018 11:52:56 AM net.sf.freecol.server.networking.Server sendToAll
INFO: Reap dead connection: [DummyConnection Server connection - model.nation.arawak]
May 01, 2018 11:52:56 AM net.sf.freecol.server.networking.Server sendToAll
INFO: Reap dead connection: [DummyConnection Server connection - model.nation.tupi]
May 01, 2018 11:52:56 AM net.sf.freecol.server.networking.Server sendToAll
INFO: Reap dead connection: [DummyConnection Server connection - model.nation.english]
May 01, 2018 11:52:56 AM net.sf.freecol.common.model.Specification applyDifficultyLevel
INFO: Applying difficulty level model.difficulty.medium
May 01, 2018 11:52:56 AM net.sf.freecol.common.FreeColSeed getFreeColSeed
INFO: Using seed: 3172114884716028380
May 01, 2018 11:52:56 AM net.sf.freecol.server.networking.Server sendToAll
INFO: Reap dead connection: [DummyConnection Server connection - model.nation.arawak]
May 01, 2018 11:52:56 AM net.sf.freecol.server.networking.Server sendToAll
INFO: Reap dead connection: [DummyConnection Server connection - model.nation.english]
May 01, 2018 11:52:56 AM net.sf.freecol.server.networking.Server sendToAll
INFO: Reap dead connection: [DummyConnection Server connection - model.nation.iroquois]
May 01, 2018 11:52:56 AM net.sf.freecol.server.networking.Server sendToAll
INFO: Reap dead connection: [DummyConnection Server connection - model.nation.apache]
May 01, 2018 11:52:56 AM net.sf.freecol.server.networking.Server sendToAll
INFO: Reap dead connection: [DummyConnection Server connection - model.nation.spanish]
May 01, 2018 11:52:56 AM net.sf.freecol.server.networking.Server sendToAll
INFO: Reap dead connection: [DummyConnection Server connection - model.nation.tupi]
May 01, 2018 11:52:56 AM net.sf.freecol.server.networking.Server sendToAll
INFO: Reap dead connection: [DummyConnection Server connection - model.nation.sioux]
May 01, 2018 11:52:56 AM net.sf.freecol.server.networking.Server sendToAll
INFO: Reap dead connection: [DummyConnection Server connection - model.nation.french]
May 01, 2018 11:52:56 AM net.sf.freecol.server.networking.Server sendToAll
INFO: Reap dead connection: [DummyConnection Server connection - model.nation.dutch]
May 01, 2018 11:52:56 AM net.sf.freecol.server.networking.Server sendToAll
INFO: Reap dead connection: [DummyConnection Server connection - model.nation.aztec]
May 01, 2018 11:52:56 AM net.sf.freecol.server.networking.Server sendToAll
INFO: Reap dead connection: [DummyConnection Server connection - model.nation.cherokee]
May 01, 2018 11:52:56 AM net.sf.freecol.server.networking.Server sendToAll
INFO: Reap dead connection: [DummyConnection Server connection - model.nation.inca]
May 01, 2018 11:52:56 AM net.sf.freecol.common.model.Specification applyDifficultyLevel
INFO: Applying difficulty level model.difficulty.medium
May 01, 2018 11:52:56 AM net.sf.freecol.common.FreeColSeed getFreeColSeed
INFO: Using seed: -5189904011193451824
May 01, 2018 11:52:56 AM net.sf.freecol.server.networking.Server sendToAll
INFO: Reap dead connection: [DummyConnection Server connection - model.nation.sioux]
May 01, 2018 11:52:56 AM net.sf.freecol.server.networking.Server sendToAll
INFO: Reap dead connection: [DummyConnection Server connection - model.nation.dutch]
May 01, 2018 11:52:56 AM net.sf.freecol.server.networking.Server sendToAll
INFO: Reap dead connection: [DummyConnection Server connection - model.nation.arawak]
May 01, 2018 11:52:56 AM net.sf.freecol.server.networking.Server sendToAll
INFO: Reap dead connection: [DummyConnection Server connection - model.nation.apache]
May 01, 2018 11:52:56 AM net.sf.freecol.server.networking.Server sendToAll
INFO: Reap dead connection: [DummyConnection Server connection - model.nation.english]
May 01, 2018 11:52:56 AM net.sf.freecol.server.networking.Server sendToAll
INFO: Reap dead connection: [DummyConnection Server connection - model.nation.spanish]
May 01, 2018 11:52:56 AM net.sf.freecol.server.networking.Server sendToAll
INFO: Reap dead connection: [DummyConnection Server connection - model.nation.french]
May 01, 2018 11:52:56 AM net.sf.freecol.server.networking.Server sendToAll
INFO: Reap dead connection: [DummyConnection Server connection - model.nation.tupi]
May 01, 2018 11:52:56 AM net.sf.freecol.server.networking.Server sendToAll
INFO: Reap dead connection: [DummyConnection Server connection - model.nation.aztec]
May 01, 2018 11:52:56 AM net.sf.freecol.server.networking.Server sendToAll
INFO: Reap dead connection: [DummyConnection Server connection - model.nation.cherokee]
May 01, 2018 11:52:56 AM net.sf.freecol.server.networking.Server sendToAll
INFO: Reap dead connection: [DummyConnection Server connection - model.nation.inca]
May 01, 2018 11:52:56 AM net.sf.freecol.server.networking.Server sendToAll
INFO: Reap dead connection: [DummyConnection Server connection - model.nation.iroquois]
May 01, 2018 11:52:56 AM net.sf.freecol.common.model.Specification applyDifficultyLevel
INFO: Applying difficulty level model.difficulty.medium
May 01, 2018 11:52:56 AM net.sf.freecol.common.FreeColSeed getFreeColSeed
INFO: Using seed: 4956044800300971666
May 01, 2018 11:52:56 AM net.sf.freecol.server.networking.Server sendToAll
INFO: Reap dead connection: [DummyConnection Server connection - model.nation.sioux]
May 01, 2018 11:52:56 AM net.sf.freecol.server.networking.Server sendToAll
INFO: Reap dead connection: [DummyConnection Server connection - model.nation.apache]
May 01, 2018 11:52:56 AM net.sf.freecol.server.networking.Server sendToAll
INFO: Reap dead connection: [DummyConnection Server connection - model.nation.iroquois]
May 01, 2018 11:52:56 AM net.sf.freecol.server.networking.Server sendToAll
INFO: Reap dead connection: [DummyConnection Server connection - model.nation.aztec]
May 01, 2018 11:52:56 AM net.sf.freecol.server.networking.Server sendToAll
INFO: Reap dead connection: [DummyConnection Server connection - model.nation.cherokee]
May 01, 2018 11:52:56 AM net.sf.freecol.server.networking.Server sendToAll
INFO: Reap dead connection: [DummyConnection Server connection - model.nation.tupi]
May 01, 2018 11:52:56 AM net.sf.freecol.server.networking.Server sendToAll
INFO: Reap dead connection: [DummyConnection Server connection - model.nation.arawak]
May 01, 2018 11:52:56 AM net.sf.freecol.server.networking.Server sendToAll
INFO: Reap dead connection: [DummyConnection Server connection - model.nation.inca]
May 01, 2018 11:52:56 AM net.sf.freecol.server.networking.Server sendToAll
INFO: Reap dead connection: [DummyConnection Server connection - model.nation.english]
May 01, 2018 11:52:56 AM net.sf.freecol.server.networking.Server sendToAll
INFO: Reap dead connection: [DummyConnection Server connection - model.nation.dutch]
May 01, 2018 11:52:56 AM net.sf.freecol.server.networking.Server sendToAll
INFO: Reap dead connection: [DummyConnection Server connection - model.nation.french]
May 01, 2018 11:52:56 AM net.sf.freecol.server.networking.Server sendToAll
INFO: Reap dead connection: [DummyConnection Server connection - model.nation.spanish]
May 01, 2018 11:52:56 AM net.sf.freecol.common.model.Specification applyDifficultyLevel
INFO: Applying difficulty level model.difficulty.medium
May 01, 2018 11:52:56 AM net.sf.freecol.common.FreeColSeed getFreeColSeed
INFO: Using seed: 5587231633508529449
May 01, 2018 11:52:56 AM net.sf.freecol.server.networking.Server sendToAll
INFO: Reap dead connection: [DummyConnection Server connection - model.nation.french]
May 01, 2018 11:52:56 AM net.sf.freecol.server.networking.Server sendToAll
INFO: Reap dead connection: [DummyConnection Server connection - model.nation.apache]
May 01, 2018 11:52:56 AM net.sf.freecol.server.networking.Server sendToAll
INFO: Reap dead connection: [DummyConnection Server connection - model.nation.english]
May 01, 2018 11:52:56 AM net.sf.freecol.server.networking.Server sendToAll
INFO: Reap dead connection: [DummyConnection Server connection - model.nation.sioux]
May 01, 2018 11:52:56 AM net.sf.freecol.server.networking.Server sendToAll
INFO: Reap dead connection: [DummyConnection Server connection - model.nation.iroquois]
May 01, 2018 11:52:56 AM net.sf.freecol.server.networking.Server sendToAll
INFO: Reap dead connection: [DummyConnection Server connection - model.nation.dutch]
May 01, 2018 11:52:56 AM net.sf.freecol.server.networking.Server sendToAll
INFO: Reap dead connection: [DummyConnection Server connection - model.nation.arawak]
May 01, 2018 11:52:56 AM net.sf.freecol.server.networking.Server sendToAll
INFO: Reap dead connection: [DummyConnection Server connection - model.nation.aztec]
May 01, 2018 11:52:56 AM net.sf.freecol.server.networking.Server sendToAll
INFO: Reap dead connection: [DummyConnection Server connection - model.nation.inca]
May 01, 2018 11:52:56 AM net.sf.freecol.server.networking.Server sendToAll
INFO: Reap dead connection: [DummyConnection Server connection - model.nation.spanish]
May 01, 2018 11:52:56 AM net.sf.freecol.server.networking.Server sendToAll
INFO: Reap dead connection: [DummyConnection Server connection - model.nation.tupi]
May 01, 2018 11:52:56 AM net.sf.freecol.server.networking.Server sendToAll
INFO: Reap dead connection: [DummyConnection Server connection - model.nation.cherokee]
May 01, 2018 11:52:56 AM net.sf.freecol.common.model.Specification applyDifficultyLevel
INFO: Applying difficulty level model.difficulty.medium
May 01, 2018 11:52:56 AM net.sf.freecol.common.FreeColSeed getFreeColSeed
INFO: Using seed: -1160672218509491208
May 01, 2018 11:52:56 AM net.sf.freecol.server.networking.Server sendToAll
INFO: Reap dead connection: [DummyConnection Server connection - model.nation.inca]
May 01, 2018 11:52:56 AM net.sf.freecol.server.networking.Server sendToAll
INFO: Reap dead connection: [DummyConnection Server connection - model.nation.arawak]
May 01, 2018 11:52:56 AM net.sf.freecol.server.networking.Server sendToAll
INFO: Reap dead connection: [DummyConnection Server connection - model.nation.cherokee]
May 01, 2018 11:52:56 AM net.sf.freecol.server.networking.Server sendToAll
INFO: Reap dead connection: [DummyConnection Server connection - model.nation.english]
May 01, 2018 11:52:56 AM net.sf.freecol.server.networking.Server sendToAll
INFO: Reap dead connection: [DummyConnection Server connection - model.nation.apache]
May 01, 2018 11:52:56 AM net.sf.freecol.server.networking.Server sendToAll
INFO: Reap dead connection: [DummyConnection Server connection - model.nation.aztec]
May 01, 2018 11:52:56 AM net.sf.freecol.server.networking.Server sendToAll
INFO: Reap dead connection: [DummyConnection Server connection - model.nation.dutch]
May 01, 2018 11:52:56 AM net.sf.freecol.server.networking.Server sendToAll
INFO: Reap dead connection: [DummyConnection Server connection - model.nation.sioux]
May 01, 2018 11:52:56 AM net.sf.freecol.server.networking.Server sendToAll
INFO: Reap dead connection: [DummyConnection Server connection - model.nation.spanish]
May 01, 2018 11:52:56 AM net.sf.freecol.server.networking.Server sendToAll
INFO: Reap dead connection: [DummyConnection Server connection - model.nation.tupi]
May 01, 2018 11:52:56 AM net.sf.freecol.server.networking.Server sendToAll
INFO: Reap dead connection: [DummyConnection Server connection - model.nation.iroquois]
May 01, 2018 11:52:56 AM net.sf.freecol.server.networking.Server sendToAll
INFO: Reap dead connection: [DummyConnection Server connection - model.nation.french]
May 01, 2018 11:52:56 AM net.sf.freecol.common.model.Specification applyDifficultyLevel
INFO: Applying difficulty level model.difficulty.medium
May 01, 2018 11:52:56 AM net.sf.freecol.common.FreeColSeed getFreeColSeed
INFO: Using seed: 604701956081517140
May 01, 2018 11:52:56 AM net.sf.freecol.server.networking.Server sendToAll
INFO: Reap dead connection: [DummyConnection Server connection - model.nation.apache]
May 01, 2018 11:52:56 AM net.sf.freecol.server.networking.Server sendToAll
INFO: Reap dead connection: [DummyConnection Server connection - model.nation.inca]
May 01, 2018 11:52:56 AM net.sf.freecol.server.networking.Server sendToAll
INFO: Reap dead connection: [DummyConnection Server connection - model.nation.aztec]
May 01, 2018 11:52:56 AM net.sf.freecol.server.networking.Server sendToAll
INFO: Reap dead connection: [DummyConnection Server connection - model.nation.english]
May 01, 2018 11:52:56 AM net.sf.freecol.server.networking.Server sendToAll
INFO: Reap dead connection: [DummyConnection Server connection - model.nation.iroquois]
May 01, 2018 11:52:56 AM net.sf.freecol.server.networking.Server sendToAll
INFO: Reap dead connection: [DummyConnection Server connection - model.nation.tupi]
May 01, 2018 11:52:56 AM net.sf.freecol.server.networking.Server sendToAll
INFO: Reap dead connection: [DummyConnection Server connection - model.nation.cherokee]
May 01, 2018 11:52:56 AM net.sf.freecol.server.networking.Server sendToAll
INFO: Reap dead connection: [DummyConnection Server connection - model.nation.french]
May 01, 2018 11:52:56 AM net.sf.freecol.server.networking.Server sendToAll
INFO: Reap dead connection: [DummyConnection Server connection - model.nation.spanish]
May 01, 2018 11:52:56 AM net.sf.freecol.server.networking.Server sendToAll
INFO: Reap dead connection: [DummyConnection Server connection - model.nation.dutch]
May 01, 2018 11:52:56 AM net.sf.freecol.server.networking.Server sendToAll
INFO: Reap dead connection: [DummyConnection Server connection - model.nation.sioux]
May 01, 2018 11:52:56 AM net.sf.freecol.server.networking.Server sendToAll
INFO: Reap dead connection: [DummyConnection Server connection - model.nation.arawak]
May 01, 2018 11:52:56 AM net.sf.freecol.common.model.Specification applyDifficultyLevel
INFO: Applying difficulty level model.difficulty.medium
May 01, 2018 11:52:56 AM net.sf.freecol.common.FreeColSeed getFreeColSeed
INFO: Using seed: 3133931321146229297
May 01, 2018 11:52:56 AM net.sf.freecol.server.networking.Server sendToAll
INFO: Reap dead connection: [DummyConnection Server connection - model.nation.arawak]
May 01, 2018 11:52:56 AM net.sf.freecol.server.networking.Server sendToAll
INFO: Reap dead connection: [DummyConnection Server connection - model.nation.sioux]
May 01, 2018 11:52:56 AM net.sf.freecol.server.networking.Server sendToAll
INFO: Reap dead connection: [DummyConnection Server connection - model.nation.french]
May 01, 2018 11:52:56 AM net.sf.freecol.server.networking.Server sendToAll
INFO: Reap dead connection: [DummyConnection Server connection - model.nation.tupi]
May 01, 2018 11:52:56 AM net.sf.freecol.server.networking.Server sendToAll
INFO: Reap dead connection: [DummyConnection Server connection - model.nation.inca]
May 01, 2018 11:52:56 AM net.sf.freecol.server.networking.Server sendToAll
INFO: Reap dead connection: [DummyConnection Server connection - model.nation.dutch]
May 01, 2018 11:52:56 AM net.sf.freecol.server.networking.Server sendToAll
INFO: Reap dead connection: [DummyConnection Server connection - model.nation.spanish]
May 01, 2018 11:52:56 AM net.sf.freecol.server.networking.Server sendToAll
INFO: Reap dead connection: [DummyConnection Server connection - model.nation.iroquois]
May 01, 2018 11:52:56 AM net.sf.freecol.server.networking.Server sendToAll
INFO: Reap dead connection: [DummyConnection Server connection - model.nation.apache]
May 01, 2018 11:52:56 AM net.sf.freecol.server.networking.Server sendToAll
INFO: Reap dead connection: [DummyConnection Server connection - model.nation.aztec]
May 01, 2018 11:52:56 AM net.sf.freecol.server.networking.Server sendToAll
INFO: Reap dead connection: [DummyConnection Server connection - model.nation.cherokee]
May 01, 2018 11:52:56 AM net.sf.freecol.server.networking.Server sendToAll
INFO: Reap dead connection: [DummyConnection Server connection - model.nation.english]
May 01, 2018 11:52:56 AM net.sf.freecol.common.model.Specification applyDifficultyLevel
INFO: Applying difficulty level model.difficulty.medium
May 01, 2018 11:52:56 AM net.sf.freecol.common.FreeColSeed getFreeColSeed
INFO: Using seed: 9061615260632714082
May 01, 2018 11:52:56 AM net.sf.freecol.server.networking.Server sendToAll
INFO: Reap dead connection: [DummyConnection Server connection - model.nation.spanish]
May 01, 2018 11:52:56 AM net.sf.freecol.server.networking.Server sendToAll
INFO: Reap dead connection: [DummyConnection Server connection - model.nation.aztec]
May 01, 2018 11:52:56 AM net.sf.freecol.server.networking.Server sendToAll
INFO: Reap dead connection: [DummyConnection Server connection - model.nation.sioux]
May 01, 2018 11:52:56 AM net.sf.freecol.server.networking.Server sendToAll
INFO: Reap dead connection: [DummyConnection Server connection - model.nation.english]
May 01, 2018 11:52:56 AM net.sf.freecol.server.networking.Server sendToAll
INFO: Reap dead connection: [DummyConnection Server connection - model.nation.arawak]
May 01, 2018 11:52:56 AM net.sf.freecol.server.networking.Server sendToAll
INFO: Reap dead connection: [DummyConnection Server connection - model.nation.dutch]
May 01, 2018 11:52:56 AM net.sf.freecol.server.networking.Server sendToAll
INFO: Reap dead connection: [DummyConnection Server connection - model.nation.iroquois]
May 01, 2018 11:52:56 AM net.sf.freecol.server.networking.Server sendToAll
INFO: Reap dead connection: [DummyConnection Server connection - model.nation.apache]
May 01, 2018 11:52:56 AM net.sf.freecol.server.networking.Server sendToAll
INFO: Reap dead connection: [DummyConnection Server connection - model.nation.inca]
May 01, 2018 11:52:56 AM net.sf.freecol.server.networking.Server sendToAll
INFO: Reap dead connection: [DummyConnection Server connection - model.nation.tupi]
May 01, 2018 11:52:56 AM net.sf.freecol.server.networking.Server sendToAll
INFO: Reap dead connection: [DummyConnection Server connection - model.nation.french]
May 01, 2018 11:52:56 AM net.sf.freecol.server.networking.Server sendToAll
INFO: Reap dead connection: [DummyConnection Server connection - model.nation.cherokee]
May 01, 2018 11:52:56 AM net.sf.freecol.common.model.Specification applyDifficultyLevel
INFO: Applying difficulty level model.difficulty.medium
May 01, 2018 11:52:56 AM net.sf.freecol.common.FreeColSeed getFreeColSeed
INFO: Using seed: 3468433065123451187
May 01, 2018 11:52:56 AM net.sf.freecol.server.networking.Server sendToAll
INFO: Reap dead connection: [DummyConnection Server connection - model.nation.french]
May 01, 2018 11:52:56 AM net.sf.freecol.server.networking.Server sendToAll
INFO: Reap dead connection: [DummyConnection Server connection - model.nation.arawak]
May 01, 2018 11:52:56 AM net.sf.freecol.server.networking.Server sendToAll
INFO: Reap dead connection: [DummyConnection Server connection - model.nation.aztec]
May 01, 2018 11:52:56 AM net.sf.freecol.server.networking.Server sendToAll
INFO: Reap dead connection: [DummyConnection Server connection - model.nation.inca]
May 01, 2018 11:52:56 AM net.sf.freecol.server.networking.Server sendToAll
INFO: Reap dead connection: [DummyConnection Server connection - model.nation.dutch]
May 01, 2018 11:52:56 AM net.sf.freecol.server.networking.Server sendToAll
INFO: Reap dead connection: [DummyConnection Server connection - model.nation.english]
May 01, 2018 11:52:56 AM net.sf.freecol.server.networking.Server sendToAll
INFO: Reap dead connection: [DummyConnection Server connection - model.nation.spanish]
May 01, 2018 11:52:56 AM net.sf.freecol.server.networking.Server sendToAll
INFO: Reap dead connection: [DummyConnection Server connection - model.nation.cherokee]
May 01, 2018 11:52:56 AM net.sf.freecol.server.networking.Server sendToAll
INFO: Reap dead connection: [DummyConnection Server connection - model.nation.apache]
May 01, 2018 11:52:56 AM net.sf.freecol.server.networking.Server sendToAll
INFO: Reap dead connection: [DummyConnection Server connection - model.nation.tupi]
May 01, 2018 11:52:56 AM net.sf.freecol.server.networking.Server sendToAll
INFO: Reap dead connection: [DummyConnection Server connection - model.nation.sioux]
May 01, 2018 11:52:56 AM net.sf.freecol.server.networking.Server sendToAll
INFO: Reap dead connection: [DummyConnection Server connection - model.nation.iroquois]
May 01, 2018 11:52:56 AM net.sf.freecol.common.model.Specification applyDifficultyLevel
INFO: Applying difficulty level model.difficulty.medium
May 01, 2018 11:52:56 AM net.sf.freecol.common.FreeColSeed getFreeColSeed
INFO: Using seed: -2342402926403287042
May 01, 2018 11:52:56 AM net.sf.freecol.server.networking.Server sendToAll
INFO: Reap dead connection: [DummyConnection Server connection - model.nation.french]
May 01, 2018 11:52:56 AM net.sf.freecol.server.networking.Server sendToAll
INFO: Reap dead connection: [DummyConnection Server connection - model.nation.english]
May 01, 2018 11:52:56 AM net.sf.freecol.server.networking.Server sendToAll
INFO: Reap dead connection: [DummyConnection Server connection - model.nation.dutch]
May 01, 2018 11:52:56 AM net.sf.freecol.server.networking.Server sendToAll
INFO: Reap dead connection: [DummyConnection Server connection - model.nation.aztec]
May 01, 2018 11:52:56 AM net.sf.freecol.server.networking.Server sendToAll
INFO: Reap dead connection: [DummyConnection Server connection - model.nation.arawak]
May 01, 2018 11:52:56 AM net.sf.freecol.server.networking.Server sendToAll
INFO: Reap dead connection: [DummyConnection Server connection - model.nation.inca]
May 01, 2018 11:52:56 AM net.sf.freecol.server.networking.Server sendToAll
INFO: Reap dead connection: [DummyConnection Server connection - model.nation.spanish]
May 01, 2018 11:52:56 AM net.sf.freecol.server.networking.Server sendToAll
INFO: Reap dead connection: [DummyConnection Server connection - model.nation.tupi]
May 01, 2018 11:52:56 AM net.sf.freecol.server.networking.Server sendToAll
INFO: Reap dead connection: [DummyConnection Server connection - model.nation.cherokee]
May 01, 2018 11:52:56 AM net.sf.freecol.server.networking.Server sendToAll
INFO: Reap dead connection: [DummyConnection Server connection - model.nation.apache]
May 01, 2018 11:52:56 AM net.sf.freecol.server.networking.Server sendToAll
INFO: Reap dead connection: [DummyConnection Server connection - model.nation.sioux]
May 01, 2018 11:52:56 AM net.sf.freecol.server.networking.Server sendToAll
INFO: Reap dead connection: [DummyConnection Server connection - model.nation.iroquois]
May 01, 2018 11:52:56 AM net.sf.freecol.common.model.Specification applyDifficultyLevel
INFO: Applying difficulty level model.difficulty.medium
May 01, 2018 11:52:56 AM net.sf.freecol.common.FreeColSeed getFreeColSeed
INFO: Using seed: -3659785833757517102
May 01, 2018 11:52:56 AM net.sf.freecol.server.networking.Server sendToAll
INFO: Reap dead connection: [DummyConnection Server connection - model.nation.apache]
May 01, 2018 11:52:56 AM net.sf.freecol.server.networking.Server sendToAll
INFO: Reap dead connection: [DummyConnection Server connection - model.nation.iroquois]
May 01, 2018 11:52:56 AM net.sf.freecol.server.networking.Server sendToAll
INFO: Reap dead connection: [DummyConnection Server connection - model.nation.arawak]
May 01, 2018 11:52:56 AM net.sf.freecol.server.networking.Server sendToAll
INFO: Reap dead connection: [DummyConnection Server connection - model.nation.english]
May 01, 2018 11:52:56 AM net.sf.freecol.server.networking.Server sendToAll
INFO: Reap dead connection: [DummyConnection Server connection - model.nation.cherokee]
May 01, 2018 11:52:56 AM net.sf.freecol.server.networking.Server sendToAll
INFO: Reap dead connection: [DummyConnection Server connection - model.nation.french]
May 01, 2018 11:52:56 AM net.sf.freecol.server.networking.Server sendToAll
INFO: Reap dead connection: [DummyConnection Server connection - model.nation.aztec]
May 01, 2018 11:52:56 AM net.sf.freecol.server.networking.Server sendToAll
INFO: Reap dead connection: [DummyConnection Server connection - model.nation.inca]
May 01, 2018 11:52:56 AM net.sf.freecol.server.networking.Server sendToAll
INFO: Reap dead connection: [DummyConnection Server connection - model.nation.tupi]
May 01, 2018 11:52:56 AM net.sf.freecol.server.networking.Server sendToAll
INFO: Reap dead connection: [DummyConnection Server connection - model.nation.spanish]
May 01, 2018 11:52:56 AM net.sf.freecol.server.networking.Server sendToAll
INFO: Reap dead connection: [DummyConnection Server connection - model.nation.sioux]
May 01, 2018 11:52:56 AM net.sf.freecol.server.networking.Server sendToAll
INFO: Reap dead connection: [DummyConnection Server connection - model.nation.dutch]
May 01, 2018 11:52:56 AM net.sf.freecol.common.model.Specification applyDifficultyLevel
INFO: Applying difficulty level model.difficulty.medium
May 01, 2018 11:52:56 AM net.sf.freecol.common.FreeColSeed getFreeColSeed
INFO: Using seed: 6268739901072078623
May 01, 2018 11:52:56 AM net.sf.freecol.server.networking.Server sendToAll
INFO: Reap dead connection: [DummyConnection Server connection - model.nation.french]
May 01, 2018 11:52:56 AM net.sf.freecol.server.networking.Server sendToAll
INFO: Reap dead connection: [DummyConnection Server connection - model.nation.apache]
May 01, 2018 11:52:56 AM net.sf.freecol.server.networking.Server sendToAll
INFO: Reap dead connection: [DummyConnection Server connection - model.nation.spanish]
May 01, 2018 11:52:56 AM net.sf.freecol.server.networking.Server sendToAll
INFO: Reap dead connection: [DummyConnection Server connection - model.nation.cherokee]
May 01, 2018 11:52:56 AM net.sf.freecol.server.networking.Server sendToAll
INFO: Reap dead connection: [DummyConnection Server connection - model.nation.inca]
May 01, 2018 11:52:56 AM net.sf.freecol.server.networking.Server sendToAll
INFO: Reap dead connection: [DummyConnection Server connection - model.nation.tupi]
May 01, 2018 11:52:56 AM net.sf.freecol.server.networking.Server sendToAll
INFO: Reap dead connection: [DummyConnection Server connection - model.nation.sioux]
May 01, 2018 11:52:56 AM net.sf.freecol.server.networking.Server sendToAll
INFO: Reap dead connection: [DummyConnection Server connection - model.nation.aztec]
May 01, 2018 11:52:56 AM net.sf.freecol.server.networking.Server sendToAll
INFO: Reap dead connection: [DummyConnection Server connection - model.nation.english]
May 01, 2018 11:52:56 AM net.sf.freecol.server.networking.Server sendToAll
INFO: Reap dead connection: [DummyConnection Server connection - model.nation.iroquois]
May 01, 2018 11:52:56 AM net.sf.freecol.server.networking.Server sendToAll
INFO: Reap dead connection: [DummyConnection Server connection - model.nation.dutch]
May 01, 2018 11:52:56 AM net.sf.freecol.server.networking.Server sendToAll
INFO: Reap dead connection: [DummyConnection Server connection - model.nation.arawak]
May 01, 2018 11:52:56 AM net.sf.freecol.common.model.Specification applyDifficultyLevel
INFO: Applying difficulty level model.difficulty.medium
May 01, 2018 11:52:56 AM net.sf.freecol.common.FreeColSeed getFreeColSeed
INFO: Using seed: -2347105549586594132
May 01, 2018 11:52:56 AM net.sf.freecol.server.networking.Server sendToAll
INFO: Reap dead connection: [DummyConnection Server connection - model.nation.french]
May 01, 2018 11:52:56 AM net.sf.freecol.server.networking.Server sendToAll
INFO: Reap dead connection: [DummyConnection Server connection - model.nation.aztec]
May 01, 2018 11:52:56 AM net.sf.freecol.server.networking.Server sendToAll
INFO: Reap dead connection: [DummyConnection Server connection - model.nation.dutch]
May 01, 2018 11:52:56 AM net.sf.freecol.server.networking.Server sendToAll
INFO: Reap dead connection: [DummyConnection Server connection - model.nation.iroquois]
May 01, 2018 11:52:56 AM net.sf.freecol.server.networking.Server sendToAll
INFO: Reap dead connection: [DummyConnection Server connection - model.nation.apache]
May 01, 2018 11:52:56 AM net.sf.freecol.server.networking.Server sendToAll
INFO: Reap dead connection: [DummyConnection Server connection - model.nation.cherokee]
May 01, 2018 11:52:56 AM net.sf.freecol.server.networking.Server sendToAll
INFO: Reap dead connection: [DummyConnection Server connection - model.nation.tupi]
May 01, 2018 11:52:56 AM net.sf.freecol.server.networking.Server sendToAll
INFO: Reap dead connection: [DummyConnection Server connection - model.nation.english]
May 01, 2018 11:52:56 AM net.sf.freecol.server.networking.Server sendToAll
INFO: Reap dead connection: [DummyConnection Server connection - model.nation.spanish]
May 01, 2018 11:52:56 AM net.sf.freecol.server.networking.Server sendToAll
INFO: Reap dead connection: [DummyConnection Server connection - model.nation.inca]
May 01, 2018 11:52:56 AM net.sf.freecol.server.networking.Server sendToAll
INFO: Reap dead connection: [DummyConnection Server connection - model.nation.sioux]
May 01, 2018 11:52:56 AM net.sf.freecol.server.networking.Server sendToAll
INFO: Reap dead connection: [DummyConnection Server connection - model.nation.arawak]
May 01, 2018 11:52:56 AM net.sf.freecol.common.model.Specification applyDifficultyLevel
INFO: Applying difficulty level model.difficulty.medium
May 01, 2018 11:52:56 AM net.sf.freecol.common.FreeColSeed getFreeColSeed
INFO: Using seed: 7851259487729494695
May 01, 2018 11:52:56 AM net.sf.freecol.server.networking.Server sendToAll
INFO: Reap dead connection: [DummyConnection Server connection - model.nation.english]
May 01, 2018 11:52:56 AM net.sf.freecol.server.networking.Server sendToAll
INFO: Reap dead connection: [DummyConnection Server connection - model.nation.arawak]
May 01, 2018 11:52:56 AM net.sf.freecol.server.networking.Server sendToAll
INFO: Reap dead connection: [DummyConnection Server connection - model.nation.iroquois]
May 01, 2018 11:52:56 AM net.sf.freecol.server.networking.Server sendToAll
INFO: Reap dead connection: [DummyConnection Server connection - model.nation.tupi]
May 01, 2018 11:52:56 AM net.sf.freecol.server.networking.Server sendToAll
INFO: Reap dead connection: [DummyConnection Server connection - model.nation.dutch]
May 01, 2018 11:52:56 AM net.sf.freecol.server.networking.Server sendToAll
INFO: Reap dead connection: [DummyConnection Server connection - model.nation.inca]
May 01, 2018 11:52:56 AM net.sf.freecol.server.networking.Server sendToAll
INFO: Reap dead connection: [DummyConnection Server connection - model.nation.apache]
May 01, 2018 11:52:56 AM net.sf.freecol.server.networking.Server sendToAll
INFO: Reap dead connection: [DummyConnection Server connection - model.nation.cherokee]
May 01, 2018 11:52:56 AM net.sf.freecol.server.networking.Server sendToAll
INFO: Reap dead connection: [DummyConnection Server connection - model.nation.aztec]
May 01, 2018 11:52:56 AM net.sf.freecol.server.networking.Server sendToAll
INFO: Reap dead connection: [DummyConnection Server connection - model.nation.spanish]
May 01, 2018 11:52:56 AM net.sf.freecol.server.networking.Server sendToAll
INFO: Reap dead connection: [DummyConnection Server connection - model.nation.sioux]
May 01, 2018 11:52:56 AM net.sf.freecol.server.networking.Server sendToAll
INFO: Reap dead connection: [DummyConnection Server connection - model.nation.french]
May 01, 2018 11:52:56 AM net.sf.freecol.common.model.Specification applyDifficultyLevel
INFO: Applying difficulty level model.difficulty.medium
May 01, 2018 11:52:56 AM net.sf.freecol.common.FreeColSeed getFreeColSeed
INFO: Using seed: 2196563646533241647
May 01, 2018 11:52:56 AM net.sf.freecol.server.networking.Server sendToAll
INFO: Reap dead connection: [DummyConnection Server connection - model.nation.english]
May 01, 2018 11:52:56 AM net.sf.freecol.server.networking.Server sendToAll
INFO: Reap dead connection: [DummyConnection Server connection - model.nation.cherokee]
May 01, 2018 11:52:56 AM net.sf.freecol.server.networking.Server sendToAll
INFO: Reap dead connection: [DummyConnection Server connection - model.nation.french]
May 01, 2018 11:52:56 AM net.sf.freecol.server.networking.Server sendToAll
INFO: Reap dead connection: [DummyConnection Server connection - model.nation.sioux]
May 01, 2018 11:52:56 AM net.sf.freecol.server.networking.Server sendToAll
INFO: Reap dead connection: [DummyConnection Server connection - model.nation.tupi]
May 01, 2018 11:52:56 AM net.sf.freecol.server.networking.Server sendToAll
INFO: Reap dead connection: [DummyConnection Server connection - model.nation.arawak]
May 01, 2018 11:52:56 AM net.sf.freecol.server.networking.Server sendToAll
INFO: Reap dead connection: [DummyConnection Server connection - model.nation.inca]
May 01, 2018 11:52:56 AM net.sf.freecol.server.networking.Server sendToAll
INFO: Reap dead connection: [DummyConnection Server connection - model.nation.apache]
May 01, 2018 11:52:56 AM net.sf.freecol.server.networking.Server sendToAll
INFO: Reap dead connection: [DummyConnection Server connection - model.nation.iroquois]
May 01, 2018 11:52:56 AM net.sf.freecol.server.networking.Server sendToAll
INFO: Reap dead connection: [DummyConnection Server connection - model.nation.dutch]
May 01, 2018 11:52:56 AM net.sf.freecol.server.networking.Server sendToAll
INFO: Reap dead connection: [DummyConnection Server connection - model.nation.aztec]
May 01, 2018 11:52:56 AM net.sf.freecol.server.networking.Server sendToAll
INFO: Reap dead connection: [DummyConnection Server connection - model.nation.spanish]
May 01, 2018 11:52:56 AM net.sf.freecol.common.model.Specification applyDifficultyLevel
INFO: Applying difficulty level model.difficulty.medium
May 01, 2018 11:52:56 AM net.sf.freecol.common.FreeColSeed getFreeColSeed
INFO: Using seed: 2472917260048967032
May 01, 2018 11:52:56 AM net.sf.freecol.server.networking.Server sendToAll
INFO: Reap dead connection: [DummyConnection Server connection - model.nation.apache]
May 01, 2018 11:52:56 AM net.sf.freecol.server.networking.Server sendToAll
INFO: Reap dead connection: [DummyConnection Server connection - model.nation.tupi]
May 01, 2018 11:52:56 AM net.sf.freecol.server.networking.Server sendToAll
INFO: Reap dead connection: [DummyConnection Server connection - model.nation.inca]
May 01, 2018 11:52:56 AM net.sf.freecol.server.networking.Server sendToAll
INFO: Reap dead connection: [DummyConnection Server connection - model.nation.french]
May 01, 2018 11:52:56 AM net.sf.freecol.server.networking.Server sendToAll
INFO: Reap dead connection: [DummyConnection Server connection - model.nation.spanish]
May 01, 2018 11:52:56 AM net.sf.freecol.server.networking.Server sendToAll
INFO: Reap dead connection: [DummyConnection Server connection - model.nation.english]
May 01, 2018 11:52:56 AM net.sf.freecol.server.networking.Server sendToAll
INFO: Reap dead connection: [DummyConnection Server connection - model.nation.iroquois]
May 01, 2018 11:52:56 AM net.sf.freecol.server.networking.Server sendToAll
INFO: Reap dead connection: [DummyConnection Server connection - model.nation.arawak]
May 01, 2018 11:52:56 AM net.sf.freecol.server.networking.Server sendToAll
INFO: Reap dead connection: [DummyConnection Server connection - model.nation.aztec]
May 01, 2018 11:52:56 AM net.sf.freecol.server.networking.Server sendToAll
INFO: Reap dead connection: [DummyConnection Server connection - model.nation.sioux]
May 01, 2018 11:52:56 AM net.sf.freecol.server.networking.Server sendToAll
INFO: Reap dead connection: [DummyConnection Server connection - model.nation.dutch]
May 01, 2018 11:52:56 AM net.sf.freecol.server.networking.Server sendToAll
INFO: Reap dead connection: [DummyConnection Server connection - model.nation.cherokee]
May 01, 2018 11:52:56 AM net.sf.freecol.common.model.Specification applyDifficultyLevel
INFO: Applying difficulty level model.difficulty.medium
May 01, 2018 11:52:56 AM net.sf.freecol.common.FreeColSeed getFreeColSeed
INFO: Using seed: -5004443806919019073
May 01, 2018 11:52:56 AM net.sf.freecol.server.networking.Server sendToAll
INFO: Reap dead connection: [DummyConnection Server connection - model.nation.tupi]
May 01, 2018 11:52:56 AM net.sf.freecol.server.networking.Server sendToAll
INFO: Reap dead connection: [DummyConnection Server connection - model.nation.iroquois]
May 01, 2018 11:52:56 AM net.sf.freecol.server.networking.Server sendToAll
INFO: Reap dead connection: [DummyConnection Server connection - model.nation.aztec]
May 01, 2018 11:52:56 AM net.sf.freecol.server.networking.Server sendToAll
INFO: Reap dead connection: [DummyConnection Server connection - model.nation.cherokee]
May 01, 2018 11:52:56 AM net.sf.freecol.server.networking.Server sendToAll
INFO: Reap dead connection: [DummyConnection Server connection - model.nation.dutch]
May 01, 2018 11:52:56 AM net.sf.freecol.server.networking.Server sendToAll
INFO: Reap dead connection: [DummyConnection Server connection - model.nation.sioux]
May 01, 2018 11:52:56 AM net.sf.freecol.server.networking.Server sendToAll
INFO: Reap dead connection: [DummyConnection Server connection - model.nation.apache]
May 01, 2018 11:52:56 AM net.sf.freecol.server.networking.Server sendToAll
INFO: Reap dead connection: [DummyConnection Server connection - model.nation.french]
May 01, 2018 11:52:56 AM net.sf.freecol.server.networking.Server sendToAll
INFO: Reap dead connection: [DummyConnection Server connection - model.nation.arawak]
May 01, 2018 11:52:56 AM net.sf.freecol.server.networking.Server sendToAll
INFO: Reap dead connection: [DummyConnection Server connection - model.nation.inca]
May 01, 2018 11:52:56 AM net.sf.freecol.server.networking.Server sendToAll
INFO: Reap dead connection: [DummyConnection Server connection - model.nation.english]
May 01, 2018 11:52:56 AM net.sf.freecol.server.networking.Server sendToAll
INFO: Reap dead connection: [DummyConnection Server connection - model.nation.spanish]
May 01, 2018 11:52:56 AM net.sf.freecol.common.model.Specification applyDifficultyLevel
INFO: Applying difficulty level model.difficulty.medium
May 01, 2018 11:52:56 AM net.sf.freecol.common.FreeColSeed getFreeColSeed
INFO: Using seed: -4444309517194272410
May 01, 2018 11:52:56 AM net.sf.freecol.server.networking.Server sendToAll
INFO: Reap dead connection: [DummyConnection Server connection - model.nation.english]
May 01, 2018 11:52:56 AM net.sf.freecol.server.networking.Server sendToAll
INFO: Reap dead connection: [DummyConnection Server connection - model.nation.apache]
May 01, 2018 11:52:56 AM net.sf.freecol.server.networking.Server sendToAll
INFO: Reap dead connection: [DummyConnection Server connection - model.nation.cherokee]
May 01, 2018 11:52:56 AM net.sf.freecol.server.networking.Server sendToAll
INFO: Reap dead connection: [DummyConnection Server connection - model.nation.aztec]
May 01, 2018 11:52:56 AM net.sf.freecol.server.networking.Server sendToAll
INFO: Reap dead connection: [DummyConnection Server connection - model.nation.arawak]
May 01, 2018 11:52:56 AM net.sf.freecol.server.networking.Server sendToAll
INFO: Reap dead connection: [DummyConnection Server connection - model.nation.tupi]
May 01, 2018 11:52:56 AM net.sf.freecol.server.networking.Server sendToAll
INFO: Reap dead connection: [DummyConnection Server connection - model.nation.french]
May 01, 2018 11:52:56 AM net.sf.freecol.server.networking.Server sendToAll
INFO: Reap dead connection: [DummyConnection Server connection - model.nation.sioux]
May 01, 2018 11:52:56 AM net.sf.freecol.server.networking.Server sendToAll
INFO: Reap dead connection: [DummyConnection Server connection - model.nation.inca]
May 01, 2018 11:52:56 AM net.sf.freecol.server.networking.Server sendToAll
INFO: Reap dead connection: [DummyConnection Server connection - model.nation.spanish]
May 01, 2018 11:52:56 AM net.sf.freecol.server.networking.Server sendToAll
INFO: Reap dead connection: [DummyConnection Server connection - model.nation.iroquois]
May 01, 2018 11:52:56 AM net.sf.freecol.server.networking.Server sendToAll
INFO: Reap dead connection: [DummyConnection Server connection - model.nation.dutch]
May 01, 2018 11:52:56 AM net.sf.freecol.common.model.Specification applyDifficultyLevel
INFO: Applying difficulty level model.difficulty.medium
May 01, 2018 11:52:56 AM net.sf.freecol.common.FreeColSeed getFreeColSeed
INFO: Using seed: -2551482265716721301
May 01, 2018 11:52:56 AM net.sf.freecol.server.networking.Server sendToAll
INFO: Reap dead connection: [DummyConnection Server connection - model.nation.dutch]
May 01, 2018 11:52:56 AM net.sf.freecol.server.networking.Server sendToAll
INFO: Reap dead connection: [DummyConnection Server connection - model.nation.tupi]
May 01, 2018 11:52:56 AM net.sf.freecol.server.networking.Server sendToAll
INFO: Reap dead connection: [DummyConnection Server connection - model.nation.cherokee]
May 01, 2018 11:52:56 AM net.sf.freecol.server.networking.Server sendToAll
INFO: Reap dead connection: [DummyConnection Server connection - model.nation.iroquois]
May 01, 2018 11:52:56 AM net.sf.freecol.server.networking.Server sendToAll
INFO: Reap dead connection: [DummyConnection Server connection - model.nation.spanish]
May 01, 2018 11:52:56 AM net.sf.freecol.server.networking.Server sendToAll
INFO: Reap dead connection: [DummyConnection Server connection - model.nation.sioux]
May 01, 2018 11:52:56 AM net.sf.freecol.server.networking.Server sendToAll
INFO: Reap dead connection: [DummyConnection Server connection - model.nation.french]
May 01, 2018 11:52:56 AM net.sf.freecol.server.networking.Server sendToAll
INFO: Reap dead connection: [DummyConnection Server connection - model.nation.arawak]
May 01, 2018 11:52:56 AM net.sf.freecol.server.networking.Server sendToAll
INFO: Reap dead connection: [DummyConnection Server connection - model.nation.apache]
May 01, 2018 11:52:56 AM net.sf.freecol.server.networking.Server sendToAll
INFO: Reap dead connection: [DummyConnection Server connection - model.nation.inca]
May 01, 2018 11:52:56 AM net.sf.freecol.server.networking.Server sendToAll
INFO: Reap dead connection: [DummyConnection Server connection - model.nation.english]
May 01, 2018 11:52:56 AM net.sf.freecol.server.networking.Server sendToAll
INFO: Reap dead connection: [DummyConnection Server connection - model.nation.aztec]
May 01, 2018 11:52:56 AM net.sf.freecol.common.model.Specification applyDifficultyLevel
INFO: Applying difficulty level model.difficulty.medium
May 01, 2018 11:52:56 AM net.sf.freecol.common.FreeColSeed getFreeColSeed
INFO: Using seed: 3419397407113911827
May 01, 2018 11:52:56 AM net.sf.freecol.server.networking.Server sendToAll
INFO: Reap dead connection: [DummyConnection Server connection - model.nation.sioux]
May 01, 2018 11:52:56 AM net.sf.freecol.server.networking.Server sendToAll
INFO: Reap dead connection: [DummyConnection Server connection - model.nation.inca]
May 01, 2018 11:52:56 AM net.sf.freecol.server.networking.Server sendToAll
INFO: Reap dead connection: [DummyConnection Server connection - model.nation.english]
May 01, 2018 11:52:56 AM net.sf.freecol.server.networking.Server sendToAll
INFO: Reap dead connection: [DummyConnection Server connection - model.nation.dutch]
May 01, 2018 11:52:56 AM net.sf.freecol.server.networking.Server sendToAll
INFO: Reap dead connection: [DummyConnection Server connection - model.nation.iroquois]
May 01, 2018 11:52:56 AM net.sf.freecol.server.networking.Server sendToAll
INFO: Reap dead connection: [DummyConnection Server connection - model.nation.aztec]
May 01, 2018 11:52:56 AM net.sf.freecol.server.networking.Server sendToAll
INFO: Reap dead connection: [DummyConnection Server connection - model.nation.apache]
May 01, 2018 11:52:56 AM net.sf.freecol.server.networking.Server sendToAll
INFO: Reap dead connection: [DummyConnection Server connection - model.nation.spanish]
May 01, 2018 11:52:56 AM net.sf.freecol.server.networking.Server sendToAll
INFO: Reap dead connection: [DummyConnection Server connection - model.nation.cherokee]
May 01, 2018 11:52:56 AM net.sf.freecol.server.networking.Server sendToAll
INFO: Reap dead connection: [DummyConnection Server connection - model.nation.french]
May 01, 2018 11:52:56 AM net.sf.freecol.server.networking.Server sendToAll
INFO: Reap dead connection: [DummyConnection Server connection - model.nation.tupi]
May 01, 2018 11:52:56 AM net.sf.freecol.server.networking.Server sendToAll
INFO: Reap dead connection: [DummyConnection Server connection - model.nation.arawak]
May 01, 2018 11:52:56 AM net.sf.freecol.common.networking.DOMMessage clientError
WARNING: Naval unit unit:250 can not embark.
May 01, 2018 11:52:56 AM net.sf.freecol.common.networking.DOMMessage clientError
WARNING: Carrier: unit:248 can not carry unit:252: CAPACITY_EXCEEDED
May 01, 2018 11:52:56 AM net.sf.freecol.common.model.Specification applyDifficultyLevel
INFO: Applying difficulty level model.difficulty.medium
May 01, 2018 11:52:56 AM net.sf.freecol.common.FreeColSeed getFreeColSeed
INFO: Using seed: -7987121837344389326
May 01, 2018 11:52:56 AM net.sf.freecol.server.networking.Server sendToAll
INFO: Reap dead connection: [DummyConnection Server connection - model.nation.french]
May 01, 2018 11:52:56 AM net.sf.freecol.server.networking.Server sendToAll
INFO: Reap dead connection: [DummyConnection Server connection - model.nation.iroquois]
May 01, 2018 11:52:56 AM net.sf.freecol.server.networking.Server sendToAll
INFO: Reap dead connection: [DummyConnection Server connection - model.nation.english]
May 01, 2018 11:52:56 AM net.sf.freecol.server.networking.Server sendToAll
INFO: Reap dead connection: [DummyConnection Server connection - model.nation.aztec]
May 01, 2018 11:52:56 AM net.sf.freecol.server.networking.Server sendToAll
INFO: Reap dead connection: [DummyConnection Server connection - model.nation.spanish]
May 01, 2018 11:52:56 AM net.sf.freecol.server.networking.Server sendToAll
INFO: Reap dead connection: [DummyConnection Server connection - model.nation.apache]
May 01, 2018 11:52:56 AM net.sf.freecol.server.networking.Server sendToAll
INFO: Reap dead connection: [DummyConnection Server connection - model.nation.inca]
May 01, 2018 11:52:56 AM net.sf.freecol.server.networking.Server sendToAll
INFO: Reap dead connection: [DummyConnection Server connection - model.nation.sioux]
May 01, 2018 11:52:56 AM net.sf.freecol.server.networking.Server sendToAll
INFO: Reap dead connection: [DummyConnection Server connection - model.nation.cherokee]
May 01, 2018 11:52:56 AM net.sf.freecol.server.networking.Server sendToAll
INFO: Reap dead connection: [DummyConnection Server connection - model.nation.dutch]
May 01, 2018 11:52:56 AM net.sf.freecol.server.networking.Server sendToAll
INFO: Reap dead connection: [DummyConnection Server connection - model.nation.tupi]
May 01, 2018 11:52:56 AM net.sf.freecol.server.networking.Server sendToAll
INFO: Reap dead connection: [DummyConnection Server connection - model.nation.arawak]
May 01, 2018 11:52:56 AM net.sf.freecol.server.model.ServerPlayer csChangeStance
INFO: Stance modification William I UNCONTACTED -> WAR wrt Louis XIV
May 01, 2018 11:52:56 AM net.sf.freecol.server.model.ServerPlayer csChangeStance
INFO: Stance modification Louis XIV UNCONTACTED -> WAR wrt William I (symmetric)
May 01, 2018 11:52:56 AM net.sf.freecol.common.util.LogBuilder log
INFO: Combat attacker=unit:247-veteranSoldier-soldier [Modifier model.modifier.offence (model.source.baseOffence) ADDITIVE 0.0 index=10] [Modifier model.modifier.offence (model.role.soldier) ADDITIVE 2.0 index=30] [Modifier model.modifier.offence (model.unit.veteranSoldier) PERCENTAGE 50.0 index=40] [Modifier model.modifier.attackBonus (model.source.attackBonus) PERCENTAGE 50.0 index=50] = 4.5 defender=unit:248-freeColonist-soldier [Modifier model.modifier.defence (model.source.baseDefence) ADDITIVE 1.0 index=10] [Modifier model.modifier.defence (model.role.soldier) ADDITIVE 1.0 index=30] = 2.0 odds=0.6923076923076923 random(1.0)=0.7123076915740967 great=false Attack LOSE LOSE_EQUIP
May 01, 2018 11:52:57 AM net.sf.freecol.common.util.LogBuilder log
INFO: Combat attacker=unit:247-veteranSoldier [Modifier model.modifier.offence (model.source.baseOffence) ADDITIVE 0.0 index=10] [Modifier model.modifier.offence (model.unit.veteranSoldier) PERCENTAGE 50.0 index=40] [Modifier model.modifier.attackBonus (model.source.attackBonus) PERCENTAGE 50.0 index=50] = 0.0 defender=unit:248-freeColonist-soldier [Modifier model.modifier.defence (model.source.baseDefence) ADDITIVE 1.0 index=10] [Modifier model.modifier.defence (model.role.soldier) ADDITIVE 1.0 index=30] = 2.0 odds=0.0 random(1.0)=0.019999999552965164 great=false Attack LOSE CAPTURE_UNIT
May 01, 2018 11:52:57 AM net.sf.freecol.common.model.Specification applyDifficultyLevel
INFO: Applying difficulty level model.difficulty.medium
May 01, 2018 11:52:57 AM net.sf.freecol.common.FreeColSeed getFreeColSeed
INFO: Using seed: 4980442638694335976
May 01, 2018 11:52:57 AM net.sf.freecol.server.networking.Server sendToAll
INFO: Reap dead connection: [DummyConnection Server connection - model.nation.cherokee]
May 01, 2018 11:52:57 AM net.sf.freecol.server.networking.Server sendToAll
INFO: Reap dead connection: [DummyConnection Server connection - model.nation.sioux]
May 01, 2018 11:52:57 AM net.sf.freecol.server.networking.Server sendToAll
INFO: Reap dead connection: [DummyConnection Server connection - model.nation.aztec]
May 01, 2018 11:52:57 AM net.sf.freecol.server.networking.Server sendToAll
INFO: Reap dead connection: [DummyConnection Server connection - model.nation.apache]
May 01, 2018 11:52:57 AM net.sf.freecol.server.networking.Server sendToAll
INFO: Reap dead connection: [DummyConnection Server connection - model.nation.spanish]
May 01, 2018 11:52:57 AM net.sf.freecol.server.networking.Server sendToAll
INFO: Reap dead connection: [DummyConnection Server connection - model.nation.english]
May 01, 2018 11:52:57 AM net.sf.freecol.server.networking.Server sendToAll
INFO: Reap dead connection: [DummyConnection Server connection - model.nation.dutch]
May 01, 2018 11:52:57 AM net.sf.freecol.server.networking.Server sendToAll
INFO: Reap dead connection: [DummyConnection Server connection - model.nation.inca]
May 01, 2018 11:52:57 AM net.sf.freecol.server.networking.Server sendToAll
INFO: Reap dead connection: [DummyConnection Server connection - model.nation.iroquois]
May 01, 2018 11:52:57 AM net.sf.freecol.server.networking.Server sendToAll
INFO: Reap dead connection: [DummyConnection Server connection - model.nation.tupi]
May 01, 2018 11:52:57 AM net.sf.freecol.server.networking.Server sendToAll
INFO: Reap dead connection: [DummyConnection Server connection - model.nation.french]
May 01, 2018 11:52:57 AM net.sf.freecol.server.networking.Server sendToAll
INFO: Reap dead connection: [DummyConnection Server connection - model.nation.arawak]
May 01, 2018 11:52:57 AM net.sf.freecol.server.model.ServerPlayer csChangeStance
INFO: Stance modification William I UNCONTACTED -> WAR wrt Atahualpa
May 01, 2018 11:52:57 AM net.sf.freecol.server.model.ServerPlayer csChangeStance
INFO: Stance modification Atahualpa UNCONTACTED -> WAR wrt William I (symmetric)
May 01, 2018 11:52:57 AM net.sf.freecol.common.util.LogBuilder log
INFO: Combat attacker=unit:271-brave-nativeDragoon [Modifier model.modifier.offence (model.source.baseOffence) ADDITIVE 1.0 index=10] [Modifier model.modifier.offence (model.role.nativeDragoon) ADDITIVE 3.0 index=30] [Modifier model.modifier.attackBonus (model.source.attackBonus) PERCENTAGE 50.0 index=50] = 6.0 defender=unit:270-freeColonist [Modifier model.modifier.defence (model.source.baseDefence) ADDITIVE 1.0 index=10] [Modifier model.modifier.defence (model.role.soldier) ADDITIVE 1.0 index=30] [Modifier model.modifier.defence (model.settlement.colony) PERCENTAGE 50.0 index=50] = 3.0 odds=0.6666666666666666 random(1.0)=0.6466666460037231 great=false Attack WIN AUTOEQUIP_UNIT LOSE_AUTOEQUIP
May 01, 2018 11:52:57 AM net.sf.freecol.common.model.Specification applyDifficultyLevel
INFO: Applying difficulty level model.difficulty.medium
May 01, 2018 11:52:57 AM net.sf.freecol.common.FreeColSeed getFreeColSeed
INFO: Using seed: -8497063995254678245
May 01, 2018 11:52:57 AM net.sf.freecol.server.networking.Server sendToAll
INFO: Reap dead connection: [DummyConnection Server connection - model.nation.aztec]
May 01, 2018 11:52:57 AM net.sf.freecol.server.networking.Server sendToAll
INFO: Reap dead connection: [DummyConnection Server connection - model.nation.french]
May 01, 2018 11:52:57 AM net.sf.freecol.server.networking.Server sendToAll
INFO: Reap dead connection: [DummyConnection Server connection - model.nation.arawak]
May 01, 2018 11:52:57 AM net.sf.freecol.server.networking.Server sendToAll
INFO: Reap dead connection: [DummyConnection Server connection - model.nation.iroquois]
May 01, 2018 11:52:57 AM net.sf.freecol.server.networking.Server sendToAll
INFO: Reap dead connection: [DummyConnection Server connection - model.nation.apache]
May 01, 2018 11:52:57 AM net.sf.freecol.server.networking.Server sendToAll
INFO: Reap dead connection: [DummyConnection Server connection - model.nation.sioux]
May 01, 2018 11:52:57 AM net.sf.freecol.server.networking.Server sendToAll
INFO: Reap dead connection: [DummyConnection Server connection - model.nation.dutch]
May 01, 2018 11:52:57 AM net.sf.freecol.server.networking.Server sendToAll
INFO: Reap dead connection: [DummyConnection Server connection - model.nation.spanish]
May 01, 2018 11:52:57 AM net.sf.freecol.server.networking.Server sendToAll
INFO: Reap dead connection: [DummyConnection Server connection - model.nation.tupi]
May 01, 2018 11:52:57 AM net.sf.freecol.server.networking.Server sendToAll
INFO: Reap dead connection: [DummyConnection Server connection - model.nation.cherokee]
May 01, 2018 11:52:57 AM net.sf.freecol.server.networking.Server sendToAll
INFO: Reap dead connection: [DummyConnection Server connection - model.nation.english]
May 01, 2018 11:52:57 AM net.sf.freecol.server.networking.Server sendToAll
INFO: Reap dead connection: [DummyConnection Server connection - model.nation.inca]
May 01, 2018 11:52:57 AM net.sf.freecol.common.model.Specification applyDifficultyLevel
INFO: Applying difficulty level model.difficulty.medium
May 01, 2018 11:52:57 AM net.sf.freecol.common.FreeColSeed getFreeColSeed
INFO: Using seed: 4676227288993594273
May 01, 2018 11:52:57 AM net.sf.freecol.server.networking.Server sendToAll
INFO: Reap dead connection: [DummyConnection Server connection - model.nation.iroquois]
May 01, 2018 11:52:57 AM net.sf.freecol.server.networking.Server sendToAll
INFO: Reap dead connection: [DummyConnection Server connection - model.nation.english]
May 01, 2018 11:52:57 AM net.sf.freecol.server.networking.Server sendToAll
INFO: Reap dead connection: [DummyConnection Server connection - model.nation.tupi]
May 01, 2018 11:52:57 AM net.sf.freecol.server.networking.Server sendToAll
INFO: Reap dead connection: [DummyConnection Server connection - model.nation.spanish]
May 01, 2018 11:52:57 AM net.sf.freecol.server.networking.Server sendToAll
INFO: Reap dead connection: [DummyConnection Server connection - model.nation.dutch]
May 01, 2018 11:52:57 AM net.sf.freecol.server.networking.Server sendToAll
INFO: Reap dead connection: [DummyConnection Server connection - model.nation.sioux]
May 01, 2018 11:52:57 AM net.sf.freecol.server.networking.Server sendToAll
INFO: Reap dead connection: [DummyConnection Server connection - model.nation.apache]
May 01, 2018 11:52:57 AM net.sf.freecol.server.networking.Server sendToAll
INFO: Reap dead connection: [DummyConnection Server connection - model.nation.aztec]
May 01, 2018 11:52:57 AM net.sf.freecol.server.networking.Server sendToAll
INFO: Reap dead connection: [DummyConnection Server connection - model.nation.french]
May 01, 2018 11:52:57 AM net.sf.freecol.server.networking.Server sendToAll
INFO: Reap dead connection: [DummyConnection Server connection - model.nation.inca]
May 01, 2018 11:52:57 AM net.sf.freecol.server.networking.Server sendToAll
INFO: Reap dead connection: [DummyConnection Server connection - model.nation.arawak]
May 01, 2018 11:52:57 AM net.sf.freecol.server.networking.Server sendToAll
INFO: Reap dead connection: [DummyConnection Server connection - model.nation.cherokee]
May 01, 2018 11:52:57 AM net.sf.freecol.server.model.ServerPlayer csChangeStance
INFO: Stance modification William I UNCONTACTED -> WAR wrt Louis XIV
May 01, 2018 11:52:57 AM net.sf.freecol.server.model.ServerPlayer csChangeStance
INFO: Stance modification Louis XIV UNCONTACTED -> WAR wrt William I (symmetric)
May 01, 2018 11:52:57 AM net.sf.freecol.common.util.LogBuilder log
INFO: Combat attacker=unit:247-freeColonist [Modifier model.modifier.offence (model.source.baseOffence) ADDITIVE 0.0 index=10] [Modifier model.modifier.attackBonus (model.source.attackBonus) PERCENTAGE 50.0 index=50] = 0.0 defender=unit:248-freeColonist-soldier [Modifier model.modifier.defence (model.source.baseDefence) ADDITIVE 1.0 index=10] [Modifier model.modifier.defence (model.role.soldier) ADDITIVE 1.0 index=30] = 2.0 odds=0.0 random(1.0)=0.019999999552965164 great=false Attack LOSE CAPTURE_UNIT
May 01, 2018 11:52:57 AM net.sf.freecol.common.model.Specification applyDifficultyLevel
INFO: Applying difficulty level model.difficulty.medium
May 01, 2018 11:52:57 AM net.sf.freecol.common.FreeColSeed getFreeColSeed
INFO: Using seed: -1505280454848911735
May 01, 2018 11:52:57 AM net.sf.freecol.server.networking.Server sendToAll
INFO: Reap dead connection: [DummyConnection Server connection - model.nation.apache]
May 01, 2018 11:52:57 AM net.sf.freecol.server.networking.Server sendToAll
INFO: Reap dead connection: [DummyConnection Server connection - model.nation.dutch]
May 01, 2018 11:52:57 AM net.sf.freecol.server.networking.Server sendToAll
INFO: Reap dead connection: [DummyConnection Server connection - model.nation.inca]
May 01, 2018 11:52:57 AM net.sf.freecol.server.networking.Server sendToAll
INFO: Reap dead connection: [DummyConnection Server connection - model.nation.iroquois]
May 01, 2018 11:52:57 AM net.sf.freecol.server.networking.Server sendToAll
INFO: Reap dead connection: [DummyConnection Server connection - model.nation.french]
May 01, 2018 11:52:57 AM net.sf.freecol.server.networking.Server sendToAll
INFO: Reap dead connection: [DummyConnection Server connection - model.nation.cherokee]
May 01, 2018 11:52:57 AM net.sf.freecol.server.networking.Server sendToAll
INFO: Reap dead connection: [DummyConnection Server connection - model.nation.spanish]
May 01, 2018 11:52:57 AM net.sf.freecol.server.networking.Server sendToAll
INFO: Reap dead connection: [DummyConnection Server connection - model.nation.english]
May 01, 2018 11:52:57 AM net.sf.freecol.server.networking.Server sendToAll
INFO: Reap dead connection: [DummyConnection Server connection - model.nation.aztec]
May 01, 2018 11:52:57 AM net.sf.freecol.server.networking.Server sendToAll
INFO: Reap dead connection: [DummyConnection Server connection - model.nation.tupi]
May 01, 2018 11:52:57 AM net.sf.freecol.server.networking.Server sendToAll
INFO: Reap dead connection: [DummyConnection Server connection - model.nation.sioux]
May 01, 2018 11:52:57 AM net.sf.freecol.server.networking.Server sendToAll
INFO: Reap dead connection: [DummyConnection Server connection - model.nation.arawak]
May 01, 2018 11:52:57 AM net.sf.freecol.server.model.ServerPlayer csChangeStance
INFO: Stance modification William I UNCONTACTED -> WAR wrt Louis XIV
May 01, 2018 11:52:57 AM net.sf.freecol.server.model.ServerPlayer csChangeStance
INFO: Stance modification Louis XIV UNCONTACTED -> WAR wrt William I (symmetric)
May 01, 2018 11:52:57 AM net.sf.freecol.common.util.LogBuilder log
INFO: Combat attacker=unit:247-freeColonist-scout [Modifier model.modifier.offence (model.source.baseOffence) ADDITIVE 0.0 index=10] [Modifier model.modifier.offence (model.role.scout) ADDITIVE 1.0 index=30] [Modifier model.modifier.attackBonus (model.source.attackBonus) PERCENTAGE 50.0 index=50] = 1.5 defender=unit:248-freeColonist-soldier [Modifier model.modifier.defence (model.source.baseDefence) ADDITIVE 1.0 index=10] [Modifier model.modifier.defence (model.role.soldier) ADDITIVE 1.0 index=30] = 2.0 odds=0.42857142857142855 random(1.0)=0.44857141375541687 great=false Attack LOSE SLAUGHTER_UNIT
May 01, 2018 11:52:57 AM net.sf.freecol.common.util.LogBuilder log
INFO: Destroying: unit:247
May 01, 2018 11:52:57 AM net.sf.freecol.common.model.Specification applyDifficultyLevel
INFO: Applying difficulty level model.difficulty.medium
May 01, 2018 11:52:57 AM net.sf.freecol.common.FreeColSeed getFreeColSeed
INFO: Using seed: 3261823630556600505
May 01, 2018 11:52:57 AM net.sf.freecol.server.networking.Server sendToAll
INFO: Reap dead connection: [DummyConnection Server connection - model.nation.sioux]
May 01, 2018 11:52:57 AM net.sf.freecol.server.networking.Server sendToAll
INFO: Reap dead connection: [DummyConnection Server connection - model.nation.spanish]
May 01, 2018 11:52:57 AM net.sf.freecol.server.networking.Server sendToAll
INFO: Reap dead connection: [DummyConnection Server connection - model.nation.english]
May 01, 2018 11:52:57 AM net.sf.freecol.server.networking.Server sendToAll
INFO: Reap dead connection: [DummyConnection Server connection - model.nation.iroquois]
May 01, 2018 11:52:57 AM net.sf.freecol.server.networking.Server sendToAll
INFO: Reap dead connection: [DummyConnection Server connection - model.nation.cherokee]
May 01, 2018 11:52:57 AM net.sf.freecol.server.networking.Server sendToAll
INFO: Reap dead connection: [DummyConnection Server connection - model.nation.apache]
May 01, 2018 11:52:57 AM net.sf.freecol.server.networking.Server sendToAll
INFO: Reap dead connection: [DummyConnection Server connection - model.nation.inca]
May 01, 2018 11:52:57 AM net.sf.freecol.server.networking.Server sendToAll
INFO: Reap dead connection: [DummyConnection Server connection - model.nation.french]
May 01, 2018 11:52:57 AM net.sf.freecol.server.networking.Server sendToAll
INFO: Reap dead connection: [DummyConnection Server connection - model.nation.arawak]
May 01, 2018 11:52:57 AM net.sf.freecol.server.networking.Server sendToAll
INFO: Reap dead connection: [DummyConnection Server connection - model.nation.aztec]
May 01, 2018 11:52:57 AM net.sf.freecol.server.networking.Server sendToAll
INFO: Reap dead connection: [DummyConnection Server connection - model.nation.dutch]
May 01, 2018 11:52:57 AM net.sf.freecol.server.networking.Server sendToAll
INFO: Reap dead connection: [DummyConnection Server connection - model.nation.tupi]
May 01, 2018 11:52:57 AM net.sf.freecol.common.model.Specification applyDifficultyLevel
INFO: Applying difficulty level model.difficulty.medium
May 01, 2018 11:52:57 AM net.sf.freecol.common.FreeColSeed getFreeColSeed
INFO: Using seed: -7713931963875344354
May 01, 2018 11:52:57 AM net.sf.freecol.server.networking.Server sendToAll
INFO: Reap dead connection: [DummyConnection Server connection - model.nation.sioux]
May 01, 2018 11:52:57 AM net.sf.freecol.server.networking.Server sendToAll
INFO: Reap dead connection: [DummyConnection Server connection - model.nation.dutch]
May 01, 2018 11:52:57 AM net.sf.freecol.server.networking.Server sendToAll
INFO: Reap dead connection: [DummyConnection Server connection - model.nation.cherokee]
May 01, 2018 11:52:57 AM net.sf.freecol.server.networking.Server sendToAll
INFO: Reap dead connection: [DummyConnection Server connection - model.nation.tupi]
May 01, 2018 11:52:57 AM net.sf.freecol.server.networking.Server sendToAll
INFO: Reap dead connection: [DummyConnection Server connection - model.nation.spanish]
May 01, 2018 11:52:57 AM net.sf.freecol.server.networking.Server sendToAll
INFO: Reap dead connection: [DummyConnection Server connection - model.nation.arawak]
May 01, 2018 11:52:57 AM net.sf.freecol.server.networking.Server sendToAll
INFO: Reap dead connection: [DummyConnection Server connection - model.nation.french]
May 01, 2018 11:52:57 AM net.sf.freecol.server.networking.Server sendToAll
INFO: Reap dead connection: [DummyConnection Server connection - model.nation.inca]
May 01, 2018 11:52:57 AM net.sf.freecol.server.networking.Server sendToAll
INFO: Reap dead connection: [DummyConnection Server connection - model.nation.english]
May 01, 2018 11:52:57 AM net.sf.freecol.server.networking.Server sendToAll
INFO: Reap dead connection: [DummyConnection Server connection - model.nation.aztec]
May 01, 2018 11:52:57 AM net.sf.freecol.server.networking.Server sendToAll
INFO: Reap dead connection: [DummyConnection Server connection - model.nation.iroquois]
May 01, 2018 11:52:57 AM net.sf.freecol.server.networking.Server sendToAll
INFO: Reap dead connection: [DummyConnection Server connection - model.nation.apache]
May 01, 2018 11:52:57 AM net.sf.freecol.server.model.ServerPlayer csChangeStance
INFO: Stance modification William I UNCONTACTED -> WAR wrt Atahualpa
May 01, 2018 11:52:57 AM net.sf.freecol.server.model.ServerPlayer csChangeStance
INFO: Stance modification Atahualpa UNCONTACTED -> WAR wrt William I (symmetric)
May 01, 2018 11:52:57 AM net.sf.freecol.common.util.LogBuilder log
INFO: Combat attacker=unit:272-brave-nativeDragoon [Modifier model.modifier.offence (model.source.baseOffence) ADDITIVE 1.0 index=10] [Modifier model.modifier.offence (model.role.nativeDragoon) ADDITIVE 3.0 index=30] [Modifier model.modifier.attackBonus (model.source.attackBonus) PERCENTAGE 50.0 index=50] = 6.0 defender=unit:271-veteranSoldier-dragoon [Modifier model.modifier.defence (model.source.baseDefence) ADDITIVE 1.0 index=10] [Modifier model.modifier.defence (model.role.dragoon) ADDITIVE 2.0 index=30] [Modifier model.modifier.defence (model.unit.veteranSoldier) PERCENTAGE 50.0 index=40] [Modifier model.modifier.defence (model.settlement.colony) PERCENTAGE 50.0 index=50] = 6.75 odds=0.47058823529411764 random(1.0)=0.4505882263183594 great=false Attack WIN LOSE_EQUIP
May 01, 2018 11:52:57 AM net.sf.freecol.common.util.LogBuilder log
INFO: Combat attacker=unit:272-brave-nativeDragoon [Modifier model.modifier.offence (model.source.baseOffence) ADDITIVE 1.0 index=10] [Modifier model.modifier.offence (model.role.nativeDragoon) ADDITIVE 3.0 index=30] [Modifier model.modifier.attackBonus (model.source.attackBonus) PERCENTAGE 50.0 index=50] = 6.0 defender=unit:271-veteranSoldier-soldier [Modifier model.modifier.defence (model.source.baseDefence) ADDITIVE 1.0 index=10] [Modifier model.modifier.defence (model.role.soldier) ADDITIVE 1.0 index=30] [Modifier model.modifier.defence (model.unit.veteranSoldier) PERCENTAGE 50.0 index=40] [Modifier model.modifier.defence (model.settlement.colony) PERCENTAGE 50.0 index=50] = 4.5 odds=0.5714285714285714 random(1.0)=0.5514285564422607 great=false Attack WIN LOSE_EQUIP
May 01, 2018 11:52:57 AM net.sf.freecol.common.util.LogBuilder log
INFO: Combat attacker=unit:272-brave-nativeDragoon [Modifier model.modifier.offence (model.source.baseOffence) ADDITIVE 1.0 index=10] [Modifier model.modifier.offence (model.role.nativeDragoon) ADDITIVE 3.0 index=30] [Modifier model.modifier.attackBonus (model.source.attackBonus) PERCENTAGE 50.0 index=50] = 6.0 defender=unit:271-veteranSoldier [Modifier model.modifier.defence (model.source.baseDefence) ADDITIVE 1.0 index=10] [Modifier model.modifier.defence (model.unit.veteranSoldier) PERCENTAGE 50.0 index=40] [Modifier model.modifier.defence (model.settlement.colony) PERCENTAGE 50.0 index=50] = 2.25 odds=0.7272727272727273 random(1.0)=0.7072727084159851 great=false Attack WIN SLAUGHTER_UNIT
May 01, 2018 11:52:57 AM net.sf.freecol.common.util.LogBuilder log
INFO: Destroying: unit:271
May 01, 2018 11:52:57 AM net.sf.freecol.common.util.LogBuilder log
INFO: Combat attacker=unit:272-brave-nativeDragoon [Modifier model.modifier.offence (model.source.baseOffence) ADDITIVE 1.0 index=10] [Modifier model.modifier.offence (model.role.nativeDragoon) ADDITIVE 3.0 index=30] [Modifier model.modifier.attackBonus (model.source.attackBonus) PERCENTAGE 50.0 index=50] = 6.0 defender=unit:270-freeColonist [Modifier model.modifier.defence (model.source.baseDefence) ADDITIVE 1.0 index=10] [Modifier model.modifier.defence (model.settlement.colony) PERCENTAGE 50.0 index=50] = 1.5 odds=0.8 random(1.0)=0.7799999713897705 great=false Attack WIN PILLAGE_COLONY
May 01, 2018 11:52:57 AM net.sf.freecol.common.util.LogBuilder log
INFO: Destroying: building:274
May 01, 2018 11:52:57 AM net.sf.freecol.common.util.LogBuilder log
INFO: Combat attacker=unit:272-brave-nativeDragoon [Modifier model.modifier.offence (model.source.baseOffence) ADDITIVE 1.0 index=10] [Modifier model.modifier.offence (model.role.nativeDragoon) ADDITIVE 3.0 index=30] [Modifier model.modifier.attackBonus (model.source.attackBonus) PERCENTAGE 50.0 index=50] = 6.0 defender=unit:270-freeColonist [Modifier model.modifier.defence (model.source.baseDefence) ADDITIVE 1.0 index=10] [Modifier model.modifier.defence (model.settlement.colony) PERCENTAGE 50.0 index=50] = 1.5 odds=0.8 random(1.0)=0.7799999713897705 great=false Attack WIN PILLAGE_COLONY
May 01, 2018 11:52:57 AM net.sf.freecol.common.util.LogBuilder log
INFO: Combat attacker=unit:272-brave-nativeDragoon [Modifier model.modifier.offence (model.source.baseOffence) ADDITIVE 1.0 index=10] [Modifier model.modifier.offence (model.role.nativeDragoon) ADDITIVE 3.0 index=30] [Modifier model.modifier.attackBonus (model.source.attackBonus) PERCENTAGE 50.0 index=50] = 6.0 defender=unit:270-freeColonist [Modifier model.modifier.defence (model.source.baseDefence) ADDITIVE 1.0 index=10] [Modifier model.modifier.defence (model.settlement.colony) PERCENTAGE 50.0 index=50] = 1.5 odds=0.8 random(1.0)=0.7799999713897705 great=false Attack WIN PILLAGE_COLONY
May 01, 2018 11:52:57 AM net.sf.freecol.common.util.LogBuilder log
INFO: Combat attacker=unit:272-brave-nativeDragoon [Modifier model.modifier.offence (model.source.baseOffence) ADDITIVE 1.0 index=10] [Modifier model.modifier.offence (model.role.nativeDragoon) ADDITIVE 3.0 index=30] [Modifier model.modifier.attackBonus (model.source.attackBonus) PERCENTAGE 50.0 index=50] = 6.0 defender=unit:270-freeColonist [Modifier model.modifier.defence (model.source.baseDefence) ADDITIVE 1.0 index=10] [Modifier model.modifier.defence (model.settlement.colony) PERCENTAGE 50.0 index=50] = 1.5 odds=0.8 random(1.0)=0.7799999713897705 great=false Attack WIN PILLAGE_COLONY
May 01, 2018 11:52:57 AM net.sf.freecol.common.util.LogBuilder log
INFO: Combat attacker=unit:272-brave-nativeDragoon [Modifier model.modifier.offence (model.source.baseOffence) ADDITIVE 1.0 index=10] [Modifier model.modifier.offence (model.role.nativeDragoon) ADDITIVE 3.0 index=30] [Modifier model.modifier.attackBonus (model.source.attackBonus) PERCENTAGE 50.0 index=50] = 6.0 defender=unit:270-freeColonist [Modifier model.modifier.defence (model.source.baseDefence) ADDITIVE 1.0 index=10] [Modifier model.modifier.defence (model.settlement.colony) PERCENTAGE 50.0 index=50] = 1.5 odds=0.8 random(1.0)=0.7799999713897705 great=false Attack WIN SLAUGHTER_UNIT DESTROY_COLONY
May 01, 2018 11:52:57 AM net.sf.freecol.common.util.LogBuilder log
INFO: Destroying: unit:270
May 01, 2018 11:52:57 AM net.sf.freecol.common.util.LogBuilder log
INFO: Destroying: colonyTile:249 colonyTile:250 colonyTile:251 colonyTile:252 colonyTile:253 colonyTile:254 colonyTile:255 colonyTile:256 colonyTile:257 building:258 building:260 building:259 building:262 building:266 building:267 building:261 building:263 building:264 building:265 goodsContainer:248 colony:247
May 01, 2018 11:52:57 AM net.sf.freecol.common.model.Specification applyDifficultyLevel
INFO: Applying difficulty level model.difficulty.medium
May 01, 2018 11:52:57 AM net.sf.freecol.common.FreeColSeed getFreeColSeed
INFO: Using seed: -348751765910837328
May 01, 2018 11:52:57 AM net.sf.freecol.server.networking.Server sendToAll
INFO: Reap dead connection: [DummyConnection Server connection - model.nation.english]
May 01, 2018 11:52:57 AM net.sf.freecol.server.networking.Server sendToAll
INFO: Reap dead connection: [DummyConnection Server connection - model.nation.inca]
May 01, 2018 11:52:57 AM net.sf.freecol.server.networking.Server sendToAll
INFO: Reap dead connection: [DummyConnection Server connection - model.nation.iroquois]
May 01, 2018 11:52:57 AM net.sf.freecol.server.networking.Server sendToAll
INFO: Reap dead connection: [DummyConnection Server connection - model.nation.apache]
May 01, 2018 11:52:57 AM net.sf.freecol.server.networking.Server sendToAll
INFO: Reap dead connection: [DummyConnection Server connection - model.nation.sioux]
May 01, 2018 11:52:57 AM net.sf.freecol.server.networking.Server sendToAll
INFO: Reap dead connection: [DummyConnection Server connection - model.nation.aztec]
May 01, 2018 11:52:57 AM net.sf.freecol.server.networking.Server sendToAll
INFO: Reap dead connection: [DummyConnection Server connection - model.nation.tupi]
May 01, 2018 11:52:57 AM net.sf.freecol.server.networking.Server sendToAll
INFO: Reap dead connection: [DummyConnection Server connection - model.nation.cherokee]
May 01, 2018 11:52:57 AM net.sf.freecol.server.networking.Server sendToAll
INFO: Reap dead connection: [DummyConnection Server connection - model.nation.dutch]
May 01, 2018 11:52:57 AM net.sf.freecol.server.networking.Server sendToAll
INFO: Reap dead connection: [DummyConnection Server connection - model.nation.arawak]
May 01, 2018 11:52:57 AM net.sf.freecol.server.networking.Server sendToAll
INFO: Reap dead connection: [DummyConnection Server connection - model.nation.spanish]
May 01, 2018 11:52:57 AM net.sf.freecol.server.networking.Server sendToAll
INFO: Reap dead connection: [DummyConnection Server connection - model.nation.french]
May 01, 2018 11:52:57 AM net.sf.freecol.common.model.Specification applyDifficultyLevel
INFO: Applying difficulty level model.difficulty.medium
May 01, 2018 11:52:57 AM net.sf.freecol.common.FreeColSeed getFreeColSeed
INFO: Using seed: -7023203496981451019
May 01, 2018 11:52:57 AM net.sf.freecol.server.networking.Server sendToAll
INFO: Reap dead connection: [DummyConnection Server connection - model.nation.iroquois]
May 01, 2018 11:52:57 AM net.sf.freecol.server.networking.Server sendToAll
INFO: Reap dead connection: [DummyConnection Server connection - model.nation.tupi]
May 01, 2018 11:52:57 AM net.sf.freecol.server.networking.Server sendToAll
INFO: Reap dead connection: [DummyConnection Server connection - model.nation.arawak]
May 01, 2018 11:52:57 AM net.sf.freecol.server.networking.Server sendToAll
INFO: Reap dead connection: [DummyConnection Server connection - model.nation.french]
May 01, 2018 11:52:57 AM net.sf.freecol.server.networking.Server sendToAll
INFO: Reap dead connection: [DummyConnection Server connection - model.nation.apache]
May 01, 2018 11:52:57 AM net.sf.freecol.server.networking.Server sendToAll
INFO: Reap dead connection: [DummyConnection Server connection - model.nation.sioux]
May 01, 2018 11:52:57 AM net.sf.freecol.server.networking.Server sendToAll
INFO: Reap dead connection: [DummyConnection Server connection - model.nation.cherokee]
May 01, 2018 11:52:57 AM net.sf.freecol.server.networking.Server sendToAll
INFO: Reap dead connection: [DummyConnection Server connection - model.nation.spanish]
May 01, 2018 11:52:57 AM net.sf.freecol.server.networking.Server sendToAll
INFO: Reap dead connection: [DummyConnection Server connection - model.nation.dutch]
May 01, 2018 11:52:57 AM net.sf.freecol.server.networking.Server sendToAll
INFO: Reap dead connection: [DummyConnection Server connection - model.nation.english]
May 01, 2018 11:52:57 AM net.sf.freecol.server.networking.Server sendToAll
INFO: Reap dead connection: [DummyConnection Server connection - model.nation.inca]
May 01, 2018 11:52:57 AM net.sf.freecol.server.networking.Server sendToAll
INFO: Reap dead connection: [DummyConnection Server connection - model.nation.aztec]
May 01, 2018 11:52:57 AM net.sf.freecol.common.model.Specification applyDifficultyLevel
INFO: Applying difficulty level model.difficulty.medium
May 01, 2018 11:52:57 AM net.sf.freecol.common.FreeColSeed getFreeColSeed
INFO: Using seed: -6992147579316480760
May 01, 2018 11:52:57 AM net.sf.freecol.server.networking.Server sendToAll
INFO: Reap dead connection: [DummyConnection Server connection - model.nation.iroquois]
May 01, 2018 11:52:57 AM net.sf.freecol.server.networking.Server sendToAll
INFO: Reap dead connection: [DummyConnection Server connection - model.nation.spanish]
May 01, 2018 11:52:57 AM net.sf.freecol.server.networking.Server sendToAll
INFO: Reap dead connection: [DummyConnection Server connection - model.nation.inca]
May 01, 2018 11:52:57 AM net.sf.freecol.server.networking.Server sendToAll
INFO: Reap dead connection: [DummyConnection Server connection - model.nation.tupi]
May 01, 2018 11:52:57 AM net.sf.freecol.server.networking.Server sendToAll
INFO: Reap dead connection: [DummyConnection Server connection - model.nation.dutch]
May 01, 2018 11:52:57 AM net.sf.freecol.server.networking.Server sendToAll
INFO: Reap dead connection: [DummyConnection Server connection - model.nation.apache]
May 01, 2018 11:52:57 AM net.sf.freecol.server.networking.Server sendToAll
INFO: Reap dead connection: [DummyConnection Server connection - model.nation.aztec]
May 01, 2018 11:52:57 AM net.sf.freecol.server.networking.Server sendToAll
INFO: Reap dead connection: [DummyConnection Server connection - model.nation.sioux]
May 01, 2018 11:52:57 AM net.sf.freecol.server.networking.Server sendToAll
INFO: Reap dead connection: [DummyConnection Server connection - model.nation.english]
May 01, 2018 11:52:57 AM net.sf.freecol.server.networking.Server sendToAll
INFO: Reap dead connection: [DummyConnection Server connection - model.nation.french]
May 01, 2018 11:52:57 AM net.sf.freecol.server.networking.Server sendToAll
INFO: Reap dead connection: [DummyConnection Server connection - model.nation.cherokee]
May 01, 2018 11:52:57 AM net.sf.freecol.server.networking.Server sendToAll
INFO: Reap dead connection: [DummyConnection Server connection - model.nation.arawak]
May 01, 2018 11:52:57 AM net.sf.freecol.common.model.Specification applyDifficultyLevel
INFO: Applying difficulty level model.difficulty.medium
May 01, 2018 11:52:57 AM net.sf.freecol.common.FreeColSeed getFreeColSeed
INFO: Using seed: 7941327250907946719
May 01, 2018 11:52:57 AM net.sf.freecol.server.networking.Server sendToAll
INFO: Reap dead connection: [DummyConnection Server connection - model.nation.aztec]
May 01, 2018 11:52:57 AM net.sf.freecol.server.networking.Server sendToAll
INFO: Reap dead connection: [DummyConnection Server connection - model.nation.cherokee]
May 01, 2018 11:52:57 AM net.sf.freecol.server.networking.Server sendToAll
INFO: Reap dead connection: [DummyConnection Server connection - model.nation.tupi]
May 01, 2018 11:52:57 AM net.sf.freecol.server.networking.Server sendToAll
INFO: Reap dead connection: [DummyConnection Server connection - model.nation.iroquois]
May 01, 2018 11:52:57 AM net.sf.freecol.server.networking.Server sendToAll
INFO: Reap dead connection: [DummyConnection Server connection - model.nation.english]
May 01, 2018 11:52:57 AM net.sf.freecol.server.networking.Server sendToAll
INFO: Reap dead connection: [DummyConnection Server connection - model.nation.apache]
May 01, 2018 11:52:57 AM net.sf.freecol.server.networking.Server sendToAll
INFO: Reap dead connection: [DummyConnection Server connection - model.nation.dutch]
May 01, 2018 11:52:57 AM net.sf.freecol.server.networking.Server sendToAll
INFO: Reap dead connection: [DummyConnection Server connection - model.nation.arawak]
May 01, 2018 11:52:57 AM net.sf.freecol.server.networking.Server sendToAll
INFO: Reap dead connection: [DummyConnection Server connection - model.nation.sioux]
May 01, 2018 11:52:57 AM net.sf.freecol.server.networking.Server sendToAll
INFO: Reap dead connection: [DummyConnection Server connection - model.nation.inca]
May 01, 2018 11:52:57 AM net.sf.freecol.server.networking.Server sendToAll
INFO: Reap dead connection: [DummyConnection Server connection - model.nation.french]
May 01, 2018 11:52:57 AM net.sf.freecol.server.networking.Server sendToAll
INFO: Reap dead connection: [DummyConnection Server connection - model.nation.spanish]
May 01, 2018 11:52:57 AM net.sf.freecol.common.model.Specification applyDifficultyLevel
INFO: Applying difficulty level model.difficulty.medium
May 01, 2018 11:52:57 AM net.sf.freecol.common.FreeColSeed getFreeColSeed
INFO: Using seed: 8083617010668434585
May 01, 2018 11:52:57 AM net.sf.freecol.server.networking.Server sendToAll
INFO: Reap dead connection: [DummyConnection Server connection - model.nation.sioux]
May 01, 2018 11:52:57 AM net.sf.freecol.server.networking.Server sendToAll
INFO: Reap dead connection: [DummyConnection Server connection - model.nation.french]
May 01, 2018 11:52:57 AM net.sf.freecol.server.networking.Server sendToAll
INFO: Reap dead connection: [DummyConnection Server connection - model.nation.dutch]
May 01, 2018 11:52:57 AM net.sf.freecol.server.networking.Server sendToAll
INFO: Reap dead connection: [DummyConnection Server connection - model.nation.spanish]
May 01, 2018 11:52:57 AM net.sf.freecol.server.networking.Server sendToAll
INFO: Reap dead connection: [DummyConnection Server connection - model.nation.arawak]
May 01, 2018 11:52:57 AM net.sf.freecol.server.networking.Server sendToAll
INFO: Reap dead connection: [DummyConnection Server connection - model.nation.apache]
May 01, 2018 11:52:57 AM net.sf.freecol.server.networking.Server sendToAll
INFO: Reap dead connection: [DummyConnection Server connection - model.nation.inca]
May 01, 2018 11:52:57 AM net.sf.freecol.server.networking.Server sendToAll
INFO: Reap dead connection: [DummyConnection Server connection - model.nation.english]
May 01, 2018 11:52:57 AM net.sf.freecol.server.networking.Server sendToAll
INFO: Reap dead connection: [DummyConnection Server connection - model.nation.cherokee]
May 01, 2018 11:52:57 AM net.sf.freecol.server.networking.Server sendToAll
INFO: Reap dead connection: [DummyConnection Server connection - model.nation.aztec]
May 01, 2018 11:52:57 AM net.sf.freecol.server.networking.Server sendToAll
INFO: Reap dead connection: [DummyConnection Server connection - model.nation.iroquois]
May 01, 2018 11:52:57 AM net.sf.freecol.server.networking.Server sendToAll
INFO: Reap dead connection: [DummyConnection Server connection - model.nation.tupi]
May 01, 2018 11:52:57 AM net.sf.freecol.common.model.Specification applyDifficultyLevel
INFO: Applying difficulty level model.difficulty.medium
May 01, 2018 11:52:57 AM net.sf.freecol.common.FreeColSeed getFreeColSeed
INFO: Using seed: 151817129903813354
May 01, 2018 11:52:57 AM net.sf.freecol.server.networking.Server sendToAll
INFO: Reap dead connection: [DummyConnection Server connection - model.nation.cherokee]
May 01, 2018 11:52:57 AM net.sf.freecol.server.networking.Server sendToAll
INFO: Reap dead connection: [DummyConnection Server connection - model.nation.inca]
May 01, 2018 11:52:57 AM net.sf.freecol.server.networking.Server sendToAll
INFO: Reap dead connection: [DummyConnection Server connection - model.nation.english]
May 01, 2018 11:52:57 AM net.sf.freecol.server.networking.Server sendToAll
INFO: Reap dead connection: [DummyConnection Server connection - model.nation.tupi]
May 01, 2018 11:52:57 AM net.sf.freecol.server.networking.Server sendToAll
INFO: Reap dead connection: [DummyConnection Server connection - model.nation.apache]
May 01, 2018 11:52:57 AM net.sf.freecol.server.networking.Server sendToAll
INFO: Reap dead connection: [DummyConnection Server connection - model.nation.aztec]
May 01, 2018 11:52:57 AM net.sf.freecol.server.networking.Server sendToAll
INFO: Reap dead connection: [DummyConnection Server connection - model.nation.iroquois]
May 01, 2018 11:52:57 AM net.sf.freecol.server.networking.Server sendToAll
INFO: Reap dead connection: [DummyConnection Server connection - model.nation.dutch]
May 01, 2018 11:52:57 AM net.sf.freecol.server.networking.Server sendToAll
INFO: Reap dead connection: [DummyConnection Server connection - model.nation.arawak]
May 01, 2018 11:52:57 AM net.sf.freecol.server.networking.Server sendToAll
INFO: Reap dead connection: [DummyConnection Server connection - model.nation.spanish]
May 01, 2018 11:52:57 AM net.sf.freecol.server.networking.Server sendToAll
INFO: Reap dead connection: [DummyConnection Server connection - model.nation.sioux]
May 01, 2018 11:52:57 AM net.sf.freecol.server.networking.Server sendToAll
INFO: Reap dead connection: [DummyConnection Server connection - model.nation.french]
May 01, 2018 11:52:57 AM net.sf.freecol.common.model.Specification applyDifficultyLevel
INFO: Applying difficulty level model.difficulty.medium
May 01, 2018 11:52:57 AM net.sf.freecol.common.FreeColSeed getFreeColSeed
INFO: Using seed: 5487766125514968202
May 01, 2018 11:52:57 AM net.sf.freecol.server.networking.Server sendToAll
INFO: Reap dead connection: [DummyConnection Server connection - model.nation.cherokee]
May 01, 2018 11:52:57 AM net.sf.freecol.server.networking.Server sendToAll
INFO: Reap dead connection: [DummyConnection Server connection - model.nation.tupi]
May 01, 2018 11:52:57 AM net.sf.freecol.server.networking.Server sendToAll
INFO: Reap dead connection: [DummyConnection Server connection - model.nation.apache]
May 01, 2018 11:52:57 AM net.sf.freecol.server.networking.Server sendToAll
INFO: Reap dead connection: [DummyConnection Server connection - model.nation.iroquois]
May 01, 2018 11:52:57 AM net.sf.freecol.server.networking.Server sendToAll
INFO: Reap dead connection: [DummyConnection Server connection - model.nation.inca]
May 01, 2018 11:52:57 AM net.sf.freecol.server.networking.Server sendToAll
INFO: Reap dead connection: [DummyConnection Server connection - model.nation.spanish]
May 01, 2018 11:52:57 AM net.sf.freecol.server.networking.Server sendToAll
INFO: Reap dead connection: [DummyConnection Server connection - model.nation.french]
May 01, 2018 11:52:57 AM net.sf.freecol.server.networking.Server sendToAll
INFO: Reap dead connection: [DummyConnection Server connection - model.nation.english]
May 01, 2018 11:52:57 AM net.sf.freecol.server.networking.Server sendToAll
INFO: Reap dead connection: [DummyConnection Server connection - model.nation.aztec]
May 01, 2018 11:52:57 AM net.sf.freecol.server.networking.Server sendToAll
INFO: Reap dead connection: [DummyConnection Server connection - model.nation.arawak]
May 01, 2018 11:52:57 AM net.sf.freecol.server.networking.Server sendToAll
INFO: Reap dead connection: [DummyConnection Server connection - model.nation.dutch]
May 01, 2018 11:52:57 AM net.sf.freecol.server.networking.Server sendToAll
INFO: Reap dead connection: [DummyConnection Server connection - model.nation.sioux]
May 01, 2018 11:52:57 AM net.sf.freecol.common.model.Unit setLocation
WARNING: Can not add [unit:272 dutch pettyCriminal 0/1] to building:258
May 01, 2018 11:52:57 AM net.sf.freecol.common.model.Specification applyDifficultyLevel
INFO: Applying difficulty level model.difficulty.medium
May 01, 2018 11:52:57 AM net.sf.freecol.common.FreeColSeed getFreeColSeed
INFO: Using seed: -1642620338969791910
May 01, 2018 11:52:57 AM net.sf.freecol.server.networking.Server sendToAll
INFO: Reap dead connection: [DummyConnection Server connection - model.nation.iroquois]
May 01, 2018 11:52:57 AM net.sf.freecol.server.networking.Server sendToAll
INFO: Reap dead connection: [DummyConnection Server connection - model.nation.english]
May 01, 2018 11:52:57 AM net.sf.freecol.server.networking.Server sendToAll
INFO: Reap dead connection: [DummyConnection Server connection - model.nation.arawak]
May 01, 2018 11:52:57 AM net.sf.freecol.server.networking.Server sendToAll
INFO: Reap dead connection: [DummyConnection Server connection - model.nation.tupi]
May 01, 2018 11:52:57 AM net.sf.freecol.server.networking.Server sendToAll
INFO: Reap dead connection: [DummyConnection Server connection - model.nation.french]
May 01, 2018 11:52:57 AM net.sf.freecol.server.networking.Server sendToAll
INFO: Reap dead connection: [DummyConnection Server connection - model.nation.spanish]
May 01, 2018 11:52:57 AM net.sf.freecol.server.networking.Server sendToAll
INFO: Reap dead connection: [DummyConnection Server connection - model.nation.dutch]
May 01, 2018 11:52:57 AM net.sf.freecol.server.networking.Server sendToAll
INFO: Reap dead connection: [DummyConnection Server connection - model.nation.aztec]
May 01, 2018 11:52:57 AM net.sf.freecol.server.networking.Server sendToAll
INFO: Reap dead connection: [DummyConnection Server connection - model.nation.apache]
May 01, 2018 11:52:57 AM net.sf.freecol.server.networking.Server sendToAll
INFO: Reap dead connection: [DummyConnection Server connection - model.nation.inca]
May 01, 2018 11:52:57 AM net.sf.freecol.server.networking.Server sendToAll
INFO: Reap dead connection: [DummyConnection Server connection - model.nation.cherokee]
May 01, 2018 11:52:57 AM net.sf.freecol.server.networking.Server sendToAll
INFO: Reap dead connection: [DummyConnection Server connection - model.nation.sioux]
May 01, 2018 11:52:57 AM net.sf.freecol.common.model.Specification applyDifficultyLevel
INFO: Applying difficulty level model.difficulty.medium
May 01, 2018 11:52:57 AM net.sf.freecol.common.FreeColSeed getFreeColSeed
INFO: Using seed: 1004071239307752902
May 01, 2018 11:52:57 AM net.sf.freecol.server.networking.Server sendToAll
INFO: Reap dead connection: [DummyConnection Server connection - model.nation.sioux]
May 01, 2018 11:52:57 AM net.sf.freecol.server.networking.Server sendToAll
INFO: Reap dead connection: [DummyConnection Server connection - model.nation.cherokee]
May 01, 2018 11:52:57 AM net.sf.freecol.server.networking.Server sendToAll
INFO: Reap dead connection: [DummyConnection Server connection - model.nation.apache]
May 01, 2018 11:52:57 AM net.sf.freecol.server.networking.Server sendToAll
INFO: Reap dead connection: [DummyConnection Server connection - model.nation.arawak]
May 01, 2018 11:52:57 AM net.sf.freecol.server.networking.Server sendToAll
INFO: Reap dead connection: [DummyConnection Server connection - model.nation.english]
May 01, 2018 11:52:57 AM net.sf.freecol.server.networking.Server sendToAll
INFO: Reap dead connection: [DummyConnection Server connection - model.nation.spanish]
May 01, 2018 11:52:57 AM net.sf.freecol.server.networking.Server sendToAll
INFO: Reap dead connection: [DummyConnection Server connection - model.nation.iroquois]
May 01, 2018 11:52:57 AM net.sf.freecol.server.networking.Server sendToAll
INFO: Reap dead connection: [DummyConnection Server connection - model.nation.french]
May 01, 2018 11:52:57 AM net.sf.freecol.server.networking.Server sendToAll
INFO: Reap dead connection: [DummyConnection Server connection - model.nation.inca]
May 01, 2018 11:52:57 AM net.sf.freecol.server.networking.Server sendToAll
INFO: Reap dead connection: [DummyConnection Server connection - model.nation.dutch]
May 01, 2018 11:52:57 AM net.sf.freecol.server.networking.Server sendToAll
INFO: Reap dead connection: [DummyConnection Server connection - model.nation.tupi]
May 01, 2018 11:52:57 AM net.sf.freecol.server.networking.Server sendToAll
INFO: Reap dead connection: [DummyConnection Server connection - model.nation.aztec]
May 01, 2018 11:52:57 AM net.sf.freecol.common.model.Specification applyDifficultyLevel
INFO: Applying difficulty level model.difficulty.medium
May 01, 2018 11:52:57 AM net.sf.freecol.common.FreeColSeed getFreeColSeed
INFO: Using seed: -4800690157478364035
May 01, 2018 11:52:57 AM net.sf.freecol.server.networking.Server sendToAll
INFO: Reap dead connection: [DummyConnection Server connection - model.nation.tupi]
May 01, 2018 11:52:57 AM net.sf.freecol.server.networking.Server sendToAll
INFO: Reap dead connection: [DummyConnection Server connection - model.nation.arawak]
May 01, 2018 11:52:57 AM net.sf.freecol.server.networking.Server sendToAll
INFO: Reap dead connection: [DummyConnection Server connection - model.nation.french]
May 01, 2018 11:52:57 AM net.sf.freecol.server.networking.Server sendToAll
INFO: Reap dead connection: [DummyConnection Server connection - model.nation.apache]
May 01, 2018 11:52:57 AM net.sf.freecol.server.networking.Server sendToAll
INFO: Reap dead connection: [DummyConnection Server connection - model.nation.iroquois]
May 01, 2018 11:52:57 AM net.sf.freecol.server.networking.Server sendToAll
INFO: Reap dead connection: [DummyConnection Server connection - model.nation.sioux]
May 01, 2018 11:52:57 AM net.sf.freecol.server.networking.Server sendToAll
INFO: Reap dead connection: [DummyConnection Server connection - model.nation.dutch]
May 01, 2018 11:52:57 AM net.sf.freecol.server.networking.Server sendToAll
INFO: Reap dead connection: [DummyConnection Server connection - model.nation.cherokee]
May 01, 2018 11:52:57 AM net.sf.freecol.server.networking.Server sendToAll
INFO: Reap dead connection: [DummyConnection Server connection - model.nation.english]
May 01, 2018 11:52:57 AM net.sf.freecol.server.networking.Server sendToAll
INFO: Reap dead connection: [DummyConnection Server connection - model.nation.inca]
May 01, 2018 11:52:57 AM net.sf.freecol.server.networking.Server sendToAll
INFO: Reap dead connection: [DummyConnection Server connection - model.nation.aztec]
May 01, 2018 11:52:57 AM net.sf.freecol.server.networking.Server sendToAll
INFO: Reap dead connection: [DummyConnection Server connection - model.nation.spanish]
May 01, 2018 11:52:57 AM net.sf.freecol.common.model.Specification applyDifficultyLevel
INFO: Applying difficulty level model.difficulty.medium
May 01, 2018 11:52:57 AM net.sf.freecol.common.FreeColSeed getFreeColSeed
INFO: Using seed: 6962258508487247209
May 01, 2018 11:52:57 AM net.sf.freecol.server.networking.Server sendToAll
INFO: Reap dead connection: [DummyConnection Server connection - model.nation.sioux]
May 01, 2018 11:52:57 AM net.sf.freecol.server.networking.Server sendToAll
INFO: Reap dead connection: [DummyConnection Server connection - model.nation.french]
May 01, 2018 11:52:57 AM net.sf.freecol.server.networking.Server sendToAll
INFO: Reap dead connection: [DummyConnection Server connection - model.nation.tupi]
May 01, 2018 11:52:57 AM net.sf.freecol.server.networking.Server sendToAll
INFO: Reap dead connection: [DummyConnection Server connection - model.nation.arawak]
May 01, 2018 11:52:57 AM net.sf.freecol.server.networking.Server sendToAll
INFO: Reap dead connection: [DummyConnection Server connection - model.nation.english]
May 01, 2018 11:52:57 AM net.sf.freecol.server.networking.Server sendToAll
INFO: Reap dead connection: [DummyConnection Server connection - model.nation.iroquois]
May 01, 2018 11:52:57 AM net.sf.freecol.server.networking.Server sendToAll
INFO: Reap dead connection: [DummyConnection Server connection - model.nation.dutch]
May 01, 2018 11:52:57 AM net.sf.freecol.server.networking.Server sendToAll
INFO: Reap dead connection: [DummyConnection Server connection - model.nation.inca]
May 01, 2018 11:52:57 AM net.sf.freecol.server.networking.Server sendToAll
INFO: Reap dead connection: [DummyConnection Server connection - model.nation.cherokee]
May 01, 2018 11:52:57 AM net.sf.freecol.server.networking.Server sendToAll
INFO: Reap dead connection: [DummyConnection Server connection - model.nation.aztec]
May 01, 2018 11:52:57 AM net.sf.freecol.server.networking.Server sendToAll
INFO: Reap dead connection: [DummyConnection Server connection - model.nation.spanish]
May 01, 2018 11:52:57 AM net.sf.freecol.server.networking.Server sendToAll
INFO: Reap dead connection: [DummyConnection Server connection - model.nation.apache]
May 01, 2018 11:52:57 AM net.sf.freecol.common.model.Specification applyDifficultyLevel
INFO: Applying difficulty level model.difficulty.medium
May 01, 2018 11:52:57 AM net.sf.freecol.common.FreeColSeed getFreeColSeed
INFO: Using seed: -4527316210737316296
May 01, 2018 11:52:57 AM net.sf.freecol.server.networking.Server sendToAll
INFO: Reap dead connection: [DummyConnection Server connection - model.nation.apache]
May 01, 2018 11:52:57 AM net.sf.freecol.server.networking.Server sendToAll
INFO: Reap dead connection: [DummyConnection Server connection - model.nation.inca]
May 01, 2018 11:52:57 AM net.sf.freecol.server.networking.Server sendToAll
INFO: Reap dead connection: [DummyConnection Server connection - model.nation.sioux]
May 01, 2018 11:52:57 AM net.sf.freecol.server.networking.Server sendToAll
INFO: Reap dead connection: [DummyConnection Server connection - model.nation.iroquois]
May 01, 2018 11:52:57 AM net.sf.freecol.server.networking.Server sendToAll
INFO: Reap dead connection: [DummyConnection Server connection - model.nation.aztec]
May 01, 2018 11:52:57 AM net.sf.freecol.server.networking.Server sendToAll
INFO: Reap dead connection: [DummyConnection Server connection - model.nation.tupi]
May 01, 2018 11:52:57 AM net.sf.freecol.server.networking.Server sendToAll
INFO: Reap dead connection: [DummyConnection Server connection - model.nation.dutch]
May 01, 2018 11:52:57 AM net.sf.freecol.server.networking.Server sendToAll
INFO: Reap dead connection: [DummyConnection Server connection - model.nation.arawak]
May 01, 2018 11:52:57 AM net.sf.freecol.server.networking.Server sendToAll
INFO: Reap dead connection: [DummyConnection Server connection - model.nation.cherokee]
May 01, 2018 11:52:57 AM net.sf.freecol.server.networking.Server sendToAll
INFO: Reap dead connection: [DummyConnection Server connection - model.nation.french]
May 01, 2018 11:52:57 AM net.sf.freecol.server.networking.Server sendToAll
INFO: Reap dead connection: [DummyConnection Server connection - model.nation.english]
May 01, 2018 11:52:57 AM net.sf.freecol.server.networking.Server sendToAll
INFO: Reap dead connection: [DummyConnection Server connection - model.nation.spanish]
May 01, 2018 11:52:57 AM net.sf.freecol.common.model.Specification applyDifficultyLevel
INFO: Applying difficulty level model.difficulty.medium
May 01, 2018 11:52:57 AM net.sf.freecol.common.FreeColSeed getFreeColSeed
INFO: Using seed: 2094251603195735413
May 01, 2018 11:52:57 AM net.sf.freecol.server.networking.Server sendToAll
INFO: Reap dead connection: [DummyConnection Server connection - model.nation.cherokee]
May 01, 2018 11:52:57 AM net.sf.freecol.server.networking.Server sendToAll
INFO: Reap dead connection: [DummyConnection Server connection - model.nation.iroquois]
May 01, 2018 11:52:57 AM net.sf.freecol.server.networking.Server sendToAll
INFO: Reap dead connection: [DummyConnection Server connection - model.nation.dutch]
May 01, 2018 11:52:57 AM net.sf.freecol.server.networking.Server sendToAll
INFO: Reap dead connection: [DummyConnection Server connection - model.nation.inca]
May 01, 2018 11:52:57 AM net.sf.freecol.server.networking.Server sendToAll
INFO: Reap dead connection: [DummyConnection Server connection - model.nation.sioux]
May 01, 2018 11:52:57 AM net.sf.freecol.server.networking.Server sendToAll
INFO: Reap dead connection: [DummyConnection Server connection - model.nation.arawak]
May 01, 2018 11:52:57 AM net.sf.freecol.server.networking.Server sendToAll
INFO: Reap dead connection: [DummyConnection Server connection - model.nation.spanish]
May 01, 2018 11:52:57 AM net.sf.freecol.server.networking.Server sendToAll
INFO: Reap dead connection: [DummyConnection Server connection - model.nation.french]
May 01, 2018 11:52:57 AM net.sf.freecol.server.networking.Server sendToAll
INFO: Reap dead connection: [DummyConnection Server connection - model.nation.tupi]
May 01, 2018 11:52:57 AM net.sf.freecol.server.networking.Server sendToAll
INFO: Reap dead connection: [DummyConnection Server connection - model.nation.apache]
May 01, 2018 11:52:57 AM net.sf.freecol.server.networking.Server sendToAll
INFO: Reap dead connection: [DummyConnection Server connection - model.nation.aztec]
May 01, 2018 11:52:57 AM net.sf.freecol.server.networking.Server sendToAll
INFO: Reap dead connection: [DummyConnection Server connection - model.nation.english]
May 01, 2018 11:52:57 AM net.sf.freecol.common.model.Specification applyDifficultyLevel
INFO: Applying difficulty level model.difficulty.medium
May 01, 2018 11:52:57 AM net.sf.freecol.common.FreeColSeed getFreeColSeed
INFO: Using seed: -3997125994884112809
May 01, 2018 11:52:57 AM net.sf.freecol.server.networking.Server sendToAll
INFO: Reap dead connection: [DummyConnection Server connection - model.nation.french]
May 01, 2018 11:52:57 AM net.sf.freecol.server.networking.Server sendToAll
INFO: Reap dead connection: [DummyConnection Server connection - model.nation.iroquois]
May 01, 2018 11:52:57 AM net.sf.freecol.server.networking.Server sendToAll
INFO: Reap dead connection: [DummyConnection Server connection - model.nation.cherokee]
May 01, 2018 11:52:57 AM net.sf.freecol.server.networking.Server sendToAll
INFO: Reap dead connection: [DummyConnection Server connection - model.nation.sioux]
May 01, 2018 11:52:57 AM net.sf.freecol.server.networking.Server sendToAll
INFO: Reap dead connection: [DummyConnection Server connection - model.nation.english]
May 01, 2018 11:52:57 AM net.sf.freecol.server.networking.Server sendToAll
INFO: Reap dead connection: [DummyConnection Server connection - model.nation.apache]
May 01, 2018 11:52:57 AM net.sf.freecol.server.networking.Server sendToAll
INFO: Reap dead connection: [DummyConnection Server connection - model.nation.inca]
May 01, 2018 11:52:57 AM net.sf.freecol.server.networking.Server sendToAll
INFO: Reap dead connection: [DummyConnection Server connection - model.nation.dutch]
May 01, 2018 11:52:57 AM net.sf.freecol.server.networking.Server sendToAll
INFO: Reap dead connection: [DummyConnection Server connection - model.nation.arawak]
May 01, 2018 11:52:57 AM net.sf.freecol.server.networking.Server sendToAll
INFO: Reap dead connection: [DummyConnection Server connection - model.nation.tupi]
May 01, 2018 11:52:57 AM net.sf.freecol.server.networking.Server sendToAll
INFO: Reap dead connection: [DummyConnection Server connection - model.nation.spanish]
May 01, 2018 11:52:57 AM net.sf.freecol.server.networking.Server sendToAll
INFO: Reap dead connection: [DummyConnection Server connection - model.nation.aztec]
May 01, 2018 11:52:57 AM net.sf.freecol.common.model.Specification applyDifficultyLevel
INFO: Applying difficulty level model.difficulty.medium
May 01, 2018 11:52:57 AM net.sf.freecol.common.FreeColSeed getFreeColSeed
INFO: Using seed: 7839657985441496573
May 01, 2018 11:52:57 AM net.sf.freecol.server.networking.Server sendToAll
INFO: Reap dead connection: [DummyConnection Server connection - model.nation.aztec]
May 01, 2018 11:52:57 AM net.sf.freecol.server.networking.Server sendToAll
INFO: Reap dead connection: [DummyConnection Server connection - model.nation.tupi]
May 01, 2018 11:52:57 AM net.sf.freecol.server.networking.Server sendToAll
INFO: Reap dead connection: [DummyConnection Server connection - model.nation.cherokee]
May 01, 2018 11:52:57 AM net.sf.freecol.server.networking.Server sendToAll
INFO: Reap dead connection: [DummyConnection Server connection - model.nation.iroquois]
May 01, 2018 11:52:57 AM net.sf.freecol.server.networking.Server sendToAll
INFO: Reap dead connection: [DummyConnection Server connection - model.nation.dutch]
May 01, 2018 11:52:57 AM net.sf.freecol.server.networking.Server sendToAll
INFO: Reap dead connection: [DummyConnection Server connection - model.nation.arawak]
May 01, 2018 11:52:57 AM net.sf.freecol.server.networking.Server sendToAll
INFO: Reap dead connection: [DummyConnection Server connection - model.nation.sioux]
May 01, 2018 11:52:57 AM net.sf.freecol.server.networking.Server sendToAll
INFO: Reap dead connection: [DummyConnection Server connection - model.nation.english]
May 01, 2018 11:52:57 AM net.sf.freecol.server.networking.Server sendToAll
INFO: Reap dead connection: [DummyConnection Server connection - model.nation.inca]
May 01, 2018 11:52:57 AM net.sf.freecol.server.networking.Server sendToAll
INFO: Reap dead connection: [DummyConnection Server connection - model.nation.french]
May 01, 2018 11:52:57 AM net.sf.freecol.server.networking.Server sendToAll
INFO: Reap dead connection: [DummyConnection Server connection - model.nation.apache]
May 01, 2018 11:52:57 AM net.sf.freecol.server.networking.Server sendToAll
INFO: Reap dead connection: [DummyConnection Server connection - model.nation.spanish]
May 01, 2018 11:52:57 AM net.sf.freecol.common.model.Specification applyDifficultyLevel
INFO: Applying difficulty level model.difficulty.medium
May 01, 2018 11:52:57 AM net.sf.freecol.common.FreeColSeed getFreeColSeed
INFO: Using seed: -4137282842466628328
May 01, 2018 11:52:57 AM net.sf.freecol.server.networking.Server sendToAll
INFO: Reap dead connection: [DummyConnection Server connection - model.nation.french]
May 01, 2018 11:52:57 AM net.sf.freecol.server.networking.Server sendToAll
INFO: Reap dead connection: [DummyConnection Server connection - model.nation.apache]
May 01, 2018 11:52:57 AM net.sf.freecol.server.networking.Server sendToAll
INFO: Reap dead connection: [DummyConnection Server connection - model.nation.cherokee]
May 01, 2018 11:52:57 AM net.sf.freecol.server.networking.Server sendToAll
INFO: Reap dead connection: [DummyConnection Server connection - model.nation.sioux]
May 01, 2018 11:52:57 AM net.sf.freecol.server.networking.Server sendToAll
INFO: Reap dead connection: [DummyConnection Server connection - model.nation.dutch]
May 01, 2018 11:52:57 AM net.sf.freecol.server.networking.Server sendToAll
INFO: Reap dead connection: [DummyConnection Server connection - model.nation.iroquois]
May 01, 2018 11:52:57 AM net.sf.freecol.server.networking.Server sendToAll
INFO: Reap dead connection: [DummyConnection Server connection - model.nation.spanish]
May 01, 2018 11:52:57 AM net.sf.freecol.server.networking.Server sendToAll
INFO: Reap dead connection: [DummyConnection Server connection - model.nation.inca]
May 01, 2018 11:52:57 AM net.sf.freecol.server.networking.Server sendToAll
INFO: Reap dead connection: [DummyConnection Server connection - model.nation.aztec]
May 01, 2018 11:52:57 AM net.sf.freecol.server.networking.Server sendToAll
INFO: Reap dead connection: [DummyConnection Server connection - model.nation.english]
May 01, 2018 11:52:57 AM net.sf.freecol.server.networking.Server sendToAll
INFO: Reap dead connection: [DummyConnection Server connection - model.nation.tupi]
May 01, 2018 11:52:57 AM net.sf.freecol.server.networking.Server sendToAll
INFO: Reap dead connection: [DummyConnection Server connection - model.nation.arawak]
May 01, 2018 11:52:57 AM net.sf.freecol.common.model.Specification applyDifficultyLevel
INFO: Applying difficulty level model.difficulty.medium
May 01, 2018 11:52:57 AM net.sf.freecol.common.FreeColSeed getFreeColSeed
INFO: Using seed: 6412168891477273352
May 01, 2018 11:52:57 AM net.sf.freecol.server.networking.Server sendToAll
INFO: Reap dead connection: [DummyConnection Server connection - model.nation.apache]
May 01, 2018 11:52:57 AM net.sf.freecol.server.networking.Server sendToAll
INFO: Reap dead connection: [DummyConnection Server connection - model.nation.french]
May 01, 2018 11:52:57 AM net.sf.freecol.server.networking.Server sendToAll
INFO: Reap dead connection: [DummyConnection Server connection - model.nation.english]
May 01, 2018 11:52:57 AM net.sf.freecol.server.networking.Server sendToAll
INFO: Reap dead connection: [DummyConnection Server connection - model.nation.dutch]
May 01, 2018 11:52:57 AM net.sf.freecol.server.networking.Server sendToAll
INFO: Reap dead connection: [DummyConnection Server connection - model.nation.aztec]
May 01, 2018 11:52:57 AM net.sf.freecol.server.networking.Server sendToAll
INFO: Reap dead connection: [DummyConnection Server connection - model.nation.iroquois]
May 01, 2018 11:52:57 AM net.sf.freecol.server.networking.Server sendToAll
INFO: Reap dead connection: [DummyConnection Server connection - model.nation.cherokee]
May 01, 2018 11:52:57 AM net.sf.freecol.server.networking.Server sendToAll
INFO: Reap dead connection: [DummyConnection Server connection - model.nation.sioux]
May 01, 2018 11:52:57 AM net.sf.freecol.server.networking.Server sendToAll
INFO: Reap dead connection: [DummyConnection Server connection - model.nation.arawak]
May 01, 2018 11:52:57 AM net.sf.freecol.server.networking.Server sendToAll
INFO: Reap dead connection: [DummyConnection Server connection - model.nation.spanish]
May 01, 2018 11:52:57 AM net.sf.freecol.server.networking.Server sendToAll
INFO: Reap dead connection: [DummyConnection Server connection - model.nation.tupi]
May 01, 2018 11:52:57 AM net.sf.freecol.server.networking.Server sendToAll
INFO: Reap dead connection: [DummyConnection Server connection - model.nation.inca]
May 01, 2018 11:52:57 AM net.sf.freecol.common.model.Specification applyDifficultyLevel
INFO: Applying difficulty level model.difficulty.medium
May 01, 2018 11:52:58 AM net.sf.freecol.common.FreeColSeed getFreeColSeed
INFO: Using seed: 5240795772127516107
May 01, 2018 11:52:58 AM net.sf.freecol.server.networking.Server sendToAll
INFO: Reap dead connection: [DummyConnection Server connection - model.nation.aztec]
May 01, 2018 11:52:58 AM net.sf.freecol.server.networking.Server sendToAll
INFO: Reap dead connection: [DummyConnection Server connection - model.nation.apache]
May 01, 2018 11:52:58 AM net.sf.freecol.server.networking.Server sendToAll
INFO: Reap dead connection: [DummyConnection Server connection - model.nation.cherokee]
May 01, 2018 11:52:58 AM net.sf.freecol.server.networking.Server sendToAll
INFO: Reap dead connection: [DummyConnection Server connection - model.nation.spanish]
May 01, 2018 11:52:58 AM net.sf.freecol.server.networking.Server sendToAll
INFO: Reap dead connection: [DummyConnection Server connection - model.nation.french]
May 01, 2018 11:52:58 AM net.sf.freecol.server.networking.Server sendToAll
INFO: Reap dead connection: [DummyConnection Server connection - model.nation.iroquois]
May 01, 2018 11:52:58 AM net.sf.freecol.server.networking.Server sendToAll
INFO: Reap dead connection: [DummyConnection Server connection - model.nation.inca]
May 01, 2018 11:52:58 AM net.sf.freecol.server.networking.Server sendToAll
INFO: Reap dead connection: [DummyConnection Server connection - model.nation.tupi]
May 01, 2018 11:52:58 AM net.sf.freecol.server.networking.Server sendToAll
INFO: Reap dead connection: [DummyConnection Server connection - model.nation.sioux]
May 01, 2018 11:52:58 AM net.sf.freecol.server.networking.Server sendToAll
INFO: Reap dead connection: [DummyConnection Server connection - model.nation.dutch]
May 01, 2018 11:52:58 AM net.sf.freecol.server.networking.Server sendToAll
INFO: Reap dead connection: [DummyConnection Server connection - model.nation.english]
May 01, 2018 11:52:58 AM net.sf.freecol.server.networking.Server sendToAll
INFO: Reap dead connection: [DummyConnection Server connection - model.nation.arawak]
May 01, 2018 11:52:58 AM net.sf.freecol.common.model.Specification applyDifficultyLevel
INFO: Applying difficulty level model.difficulty.medium
May 01, 2018 11:52:58 AM net.sf.freecol.common.FreeColSeed getFreeColSeed
INFO: Using seed: -158090885452677788
May 01, 2018 11:52:58 AM net.sf.freecol.server.networking.Server sendToAll
INFO: Reap dead connection: [DummyConnection Server connection - model.nation.aztec]
May 01, 2018 11:52:58 AM net.sf.freecol.server.networking.Server sendToAll
INFO: Reap dead connection: [DummyConnection Server connection - model.nation.french]
May 01, 2018 11:52:58 AM net.sf.freecol.server.networking.Server sendToAll
INFO: Reap dead connection: [DummyConnection Server connection - model.nation.dutch]
May 01, 2018 11:52:58 AM net.sf.freecol.server.networking.Server sendToAll
INFO: Reap dead connection: [DummyConnection Server connection - model.nation.spanish]
May 01, 2018 11:52:58 AM net.sf.freecol.server.networking.Server sendToAll
INFO: Reap dead connection: [DummyConnection Server connection - model.nation.cherokee]
May 01, 2018 11:52:58 AM net.sf.freecol.server.networking.Server sendToAll
INFO: Reap dead connection: [DummyConnection Server connection - model.nation.sioux]
May 01, 2018 11:52:58 AM net.sf.freecol.server.networking.Server sendToAll
INFO: Reap dead connection: [DummyConnection Server connection - model.nation.inca]
May 01, 2018 11:52:58 AM net.sf.freecol.server.networking.Server sendToAll
INFO: Reap dead connection: [DummyConnection Server connection - model.nation.english]
May 01, 2018 11:52:58 AM net.sf.freecol.server.networking.Server sendToAll
INFO: Reap dead connection: [DummyConnection Server connection - model.nation.iroquois]
May 01, 2018 11:52:58 AM net.sf.freecol.server.networking.Server sendToAll
INFO: Reap dead connection: [DummyConnection Server connection - model.nation.apache]
May 01, 2018 11:52:58 AM net.sf.freecol.server.networking.Server sendToAll
INFO: Reap dead connection: [DummyConnection Server connection - model.nation.arawak]
May 01, 2018 11:52:58 AM net.sf.freecol.server.networking.Server sendToAll
INFO: Reap dead connection: [DummyConnection Server connection - model.nation.tupi]
May 01, 2018 11:52:58 AM net.sf.freecol.common.model.Specification applyDifficultyLevel
INFO: Applying difficulty level model.difficulty.medium
May 01, 2018 11:52:58 AM net.sf.freecol.common.FreeColSeed getFreeColSeed
INFO: Using seed: 8048837703205144884
May 01, 2018 11:52:58 AM net.sf.freecol.server.networking.Server sendToAll
INFO: Reap dead connection: [DummyConnection Server connection - model.nation.inca]
May 01, 2018 11:52:58 AM net.sf.freecol.server.networking.Server sendToAll
INFO: Reap dead connection: [DummyConnection Server connection - model.nation.apache]
May 01, 2018 11:52:58 AM net.sf.freecol.server.networking.Server sendToAll
INFO: Reap dead connection: [DummyConnection Server connection - model.nation.sioux]
May 01, 2018 11:52:58 AM net.sf.freecol.server.networking.Server sendToAll
INFO: Reap dead connection: [DummyConnection Server connection - model.nation.aztec]
May 01, 2018 11:52:58 AM net.sf.freecol.server.networking.Server sendToAll
INFO: Reap dead connection: [DummyConnection Server connection - model.nation.iroquois]
May 01, 2018 11:52:58 AM net.sf.freecol.server.networking.Server sendToAll
INFO: Reap dead connection: [DummyConnection Server connection - model.nation.dutch]
May 01, 2018 11:52:58 AM net.sf.freecol.server.networking.Server sendToAll
INFO: Reap dead connection: [DummyConnection Server connection - model.nation.english]
May 01, 2018 11:52:58 AM net.sf.freecol.server.networking.Server sendToAll
INFO: Reap dead connection: [DummyConnection Server connection - model.nation.cherokee]
May 01, 2018 11:52:58 AM net.sf.freecol.server.networking.Server sendToAll
INFO: Reap dead connection: [DummyConnection Server connection - model.nation.tupi]
May 01, 2018 11:52:58 AM net.sf.freecol.server.networking.Server sendToAll
INFO: Reap dead connection: [DummyConnection Server connection - model.nation.spanish]
May 01, 2018 11:52:58 AM net.sf.freecol.server.networking.Server sendToAll
INFO: Reap dead connection: [DummyConnection Server connection - model.nation.french]
May 01, 2018 11:52:58 AM net.sf.freecol.server.networking.Server sendToAll
INFO: Reap dead connection: [DummyConnection Server connection - model.nation.arawak]
May 01, 2018 11:52:58 AM net.sf.freecol.common.model.Specification applyDifficultyLevel
INFO: Applying difficulty level model.difficulty.medium
May 01, 2018 11:52:58 AM net.sf.freecol.common.FreeColSeed getFreeColSeed
INFO: Using seed: -5640551286687493745
May 01, 2018 11:52:58 AM net.sf.freecol.server.networking.Server sendToAll
INFO: Reap dead connection: [DummyConnection Server connection - model.nation.cherokee]
May 01, 2018 11:52:58 AM net.sf.freecol.server.networking.Server sendToAll
INFO: Reap dead connection: [DummyConnection Server connection - model.nation.arawak]
May 01, 2018 11:52:58 AM net.sf.freecol.server.networking.Server sendToAll
INFO: Reap dead connection: [DummyConnection Server connection - model.nation.dutch]
May 01, 2018 11:52:58 AM net.sf.freecol.server.networking.Server sendToAll
INFO: Reap dead connection: [DummyConnection Server connection - model.nation.iroquois]
May 01, 2018 11:52:58 AM net.sf.freecol.server.networking.Server sendToAll
INFO: Reap dead connection: [DummyConnection Server connection - model.nation.english]
May 01, 2018 11:52:58 AM net.sf.freecol.server.networking.Server sendToAll
INFO: Reap dead connection: [DummyConnection Server connection - model.nation.aztec]
May 01, 2018 11:52:58 AM net.sf.freecol.server.networking.Server sendToAll
INFO: Reap dead connection: [DummyConnection Server connection - model.nation.tupi]
May 01, 2018 11:52:58 AM net.sf.freecol.server.networking.Server sendToAll
INFO: Reap dead connection: [DummyConnection Server connection - model.nation.apache]
May 01, 2018 11:52:58 AM net.sf.freecol.server.networking.Server sendToAll
INFO: Reap dead connection: [DummyConnection Server connection - model.nation.spanish]
May 01, 2018 11:52:58 AM net.sf.freecol.server.networking.Server sendToAll
INFO: Reap dead connection: [DummyConnection Server connection - model.nation.french]
May 01, 2018 11:52:58 AM net.sf.freecol.server.networking.Server sendToAll
INFO: Reap dead connection: [DummyConnection Server connection - model.nation.sioux]
May 01, 2018 11:52:58 AM net.sf.freecol.server.networking.Server sendToAll
INFO: Reap dead connection: [DummyConnection Server connection - model.nation.inca]
May 01, 2018 11:52:58 AM net.sf.freecol.common.model.Specification applyDifficultyLevel
INFO: Applying difficulty level model.difficulty.medium
May 01, 2018 11:52:58 AM net.sf.freecol.common.FreeColSeed getFreeColSeed
INFO: Using seed: 6997175846183233772
May 01, 2018 11:52:58 AM net.sf.freecol.server.networking.Server sendToAll
INFO: Reap dead connection: [DummyConnection Server connection - model.nation.tupi]
May 01, 2018 11:52:58 AM net.sf.freecol.server.networking.Server sendToAll
INFO: Reap dead connection: [DummyConnection Server connection - model.nation.french]
May 01, 2018 11:52:58 AM net.sf.freecol.server.networking.Server sendToAll
INFO: Reap dead connection: [DummyConnection Server connection - model.nation.inca]
May 01, 2018 11:52:58 AM net.sf.freecol.server.networking.Server sendToAll
INFO: Reap dead connection: [DummyConnection Server connection - model.nation.spanish]
May 01, 2018 11:52:58 AM net.sf.freecol.server.networking.Server sendToAll
INFO: Reap dead connection: [DummyConnection Server connection - model.nation.cherokee]
May 01, 2018 11:52:58 AM net.sf.freecol.server.networking.Server sendToAll
INFO: Reap dead connection: [DummyConnection Server connection - model.nation.dutch]
May 01, 2018 11:52:58 AM net.sf.freecol.server.networking.Server sendToAll
INFO: Reap dead connection: [DummyConnection Server connection - model.nation.apache]
May 01, 2018 11:52:58 AM net.sf.freecol.server.networking.Server sendToAll
INFO: Reap dead connection: [DummyConnection Server connection - model.nation.aztec]
May 01, 2018 11:52:58 AM net.sf.freecol.server.networking.Server sendToAll
INFO: Reap dead connection: [DummyConnection Server connection - model.nation.arawak]
May 01, 2018 11:52:58 AM net.sf.freecol.server.networking.Server sendToAll
INFO: Reap dead connection: [DummyConnection Server connection - model.nation.sioux]
May 01, 2018 11:52:58 AM net.sf.freecol.server.networking.Server sendToAll
INFO: Reap dead connection: [DummyConnection Server connection - model.nation.iroquois]
May 01, 2018 11:52:58 AM net.sf.freecol.server.networking.Server sendToAll
INFO: Reap dead connection: [DummyConnection Server connection - model.nation.english]
May 01, 2018 11:52:58 AM net.sf.freecol.common.model.Specification applyDifficultyLevel
INFO: Applying difficulty level model.difficulty.medium
May 01, 2018 11:52:58 AM net.sf.freecol.common.FreeColSeed getFreeColSeed
INFO: Using seed: -2789489693256095872
May 01, 2018 11:52:58 AM net.sf.freecol.server.networking.Server sendToAll
INFO: Reap dead connection: [DummyConnection Server connection - model.nation.spanish]
May 01, 2018 11:52:58 AM net.sf.freecol.server.networking.Server sendToAll
INFO: Reap dead connection: [DummyConnection Server connection - model.nation.cherokee]
May 01, 2018 11:52:58 AM net.sf.freecol.server.networking.Server sendToAll
INFO: Reap dead connection: [DummyConnection Server connection - model.nation.tupi]
May 01, 2018 11:52:58 AM net.sf.freecol.server.networking.Server sendToAll
INFO: Reap dead connection: [DummyConnection Server connection - model.nation.aztec]
May 01, 2018 11:52:58 AM net.sf.freecol.server.networking.Server sendToAll
INFO: Reap dead connection: [DummyConnection Server connection - model.nation.english]
May 01, 2018 11:52:58 AM net.sf.freecol.server.networking.Server sendToAll
INFO: Reap dead connection: [DummyConnection Server connection - model.nation.dutch]
May 01, 2018 11:52:58 AM net.sf.freecol.server.networking.Server sendToAll
INFO: Reap dead connection: [DummyConnection Server connection - model.nation.arawak]
May 01, 2018 11:52:58 AM net.sf.freecol.server.networking.Server sendToAll
INFO: Reap dead connection: [DummyConnection Server connection - model.nation.french]
May 01, 2018 11:52:58 AM net.sf.freecol.server.networking.Server sendToAll
INFO: Reap dead connection: [DummyConnection Server connection - model.nation.sioux]
May 01, 2018 11:52:58 AM net.sf.freecol.server.networking.Server sendToAll
INFO: Reap dead connection: [DummyConnection Server connection - model.nation.apache]
May 01, 2018 11:52:58 AM net.sf.freecol.server.networking.Server sendToAll
INFO: Reap dead connection: [DummyConnection Server connection - model.nation.iroquois]
May 01, 2018 11:52:58 AM net.sf.freecol.server.networking.Server sendToAll
INFO: Reap dead connection: [DummyConnection Server connection - model.nation.inca]
May 01, 2018 11:52:58 AM net.sf.freecol.common.model.Specification applyDifficultyLevel
INFO: Applying difficulty level model.difficulty.medium
May 01, 2018 11:52:58 AM net.sf.freecol.common.FreeColSeed getFreeColSeed
INFO: Using seed: 1853534775066151414
May 01, 2018 11:52:58 AM net.sf.freecol.server.networking.Server sendToAll
INFO: Reap dead connection: [DummyConnection Server connection - model.nation.iroquois]
May 01, 2018 11:52:58 AM net.sf.freecol.server.networking.Server sendToAll
INFO: Reap dead connection: [DummyConnection Server connection - model.nation.cherokee]
May 01, 2018 11:52:58 AM net.sf.freecol.server.networking.Server sendToAll
INFO: Reap dead connection: [DummyConnection Server connection - model.nation.english]
May 01, 2018 11:52:58 AM net.sf.freecol.server.networking.Server sendToAll
INFO: Reap dead connection: [DummyConnection Server connection - model.nation.spanish]
May 01, 2018 11:52:58 AM net.sf.freecol.server.networking.Server sendToAll
INFO: Reap dead connection: [DummyConnection Server connection - model.nation.apache]
May 01, 2018 11:52:58 AM net.sf.freecol.server.networking.Server sendToAll
INFO: Reap dead connection: [DummyConnection Server connection - model.nation.inca]
May 01, 2018 11:52:58 AM net.sf.freecol.server.networking.Server sendToAll
INFO: Reap dead connection: [DummyConnection Server connection - model.nation.dutch]
May 01, 2018 11:52:58 AM net.sf.freecol.server.networking.Server sendToAll
INFO: Reap dead connection: [DummyConnection Server connection - model.nation.french]
May 01, 2018 11:52:58 AM net.sf.freecol.server.networking.Server sendToAll
INFO: Reap dead connection: [DummyConnection Server connection - model.nation.tupi]
May 01, 2018 11:52:58 AM net.sf.freecol.server.networking.Server sendToAll
INFO: Reap dead connection: [DummyConnection Server connection - model.nation.arawak]
May 01, 2018 11:52:58 AM net.sf.freecol.server.networking.Server sendToAll
INFO: Reap dead connection: [DummyConnection Server connection - model.nation.sioux]
May 01, 2018 11:52:58 AM net.sf.freecol.server.networking.Server sendToAll
INFO: Reap dead connection: [DummyConnection Server connection - model.nation.aztec]
May 01, 2018 11:52:58 AM net.sf.freecol.common.model.Specification applyDifficultyLevel
INFO: Applying difficulty level model.difficulty.medium
May 01, 2018 11:52:58 AM net.sf.freecol.common.FreeColSeed getFreeColSeed
INFO: Using seed: 7132213678895700551
May 01, 2018 11:52:58 AM net.sf.freecol.server.networking.Server sendToAll
INFO: Reap dead connection: [DummyConnection Server connection - model.nation.cherokee]
May 01, 2018 11:52:58 AM net.sf.freecol.server.networking.Server sendToAll
INFO: Reap dead connection: [DummyConnection Server connection - model.nation.arawak]
May 01, 2018 11:52:58 AM net.sf.freecol.server.networking.Server sendToAll
INFO: Reap dead connection: [DummyConnection Server connection - model.nation.sioux]
May 01, 2018 11:52:58 AM net.sf.freecol.server.networking.Server sendToAll
INFO: Reap dead connection: [DummyConnection Server connection - model.nation.dutch]
May 01, 2018 11:52:58 AM net.sf.freecol.server.networking.Server sendToAll
INFO: Reap dead connection: [DummyConnection Server connection - model.nation.spanish]
May 01, 2018 11:52:58 AM net.sf.freecol.server.networking.Server sendToAll
INFO: Reap dead connection: [DummyConnection Server connection - model.nation.aztec]
May 01, 2018 11:52:58 AM net.sf.freecol.server.networking.Server sendToAll
INFO: Reap dead connection: [DummyConnection Server connection - model.nation.iroquois]
May 01, 2018 11:52:58 AM net.sf.freecol.server.networking.Server sendToAll
INFO: Reap dead connection: [DummyConnection Server connection - model.nation.english]
May 01, 2018 11:52:58 AM net.sf.freecol.server.networking.Server sendToAll
INFO: Reap dead connection: [DummyConnection Server connection - model.nation.inca]
May 01, 2018 11:52:58 AM net.sf.freecol.server.networking.Server sendToAll
INFO: Reap dead connection: [DummyConnection Server connection - model.nation.french]
May 01, 2018 11:52:58 AM net.sf.freecol.server.networking.Server sendToAll
INFO: Reap dead connection: [DummyConnection Server connection - model.nation.tupi]
May 01, 2018 11:52:58 AM net.sf.freecol.server.networking.Server sendToAll
INFO: Reap dead connection: [DummyConnection Server connection - model.nation.apache]
May 01, 2018 11:52:58 AM net.sf.freecol.common.util.LogBuilder log
INFO: Destroying: unit:272
May 01, 2018 11:52:58 AM net.sf.freecol.common.model.Specification applyDifficultyLevel
INFO: Applying difficulty level model.difficulty.medium
May 01, 2018 11:52:58 AM net.sf.freecol.common.FreeColSeed getFreeColSeed
INFO: Using seed: 7457861882927163483
May 01, 2018 11:52:58 AM net.sf.freecol.server.networking.Server sendToAll
INFO: Reap dead connection: [DummyConnection Server connection - model.nation.dutch]
May 01, 2018 11:52:58 AM net.sf.freecol.server.networking.Server sendToAll
INFO: Reap dead connection: [DummyConnection Server connection - model.nation.cherokee]
May 01, 2018 11:52:58 AM net.sf.freecol.server.networking.Server sendToAll
INFO: Reap dead connection: [DummyConnection Server connection - model.nation.iroquois]
May 01, 2018 11:52:58 AM net.sf.freecol.server.networking.Server sendToAll
INFO: Reap dead connection: [DummyConnection Server connection - model.nation.english]
May 01, 2018 11:52:58 AM net.sf.freecol.server.networking.Server sendToAll
INFO: Reap dead connection: [DummyConnection Server connection - model.nation.apache]
May 01, 2018 11:52:58 AM net.sf.freecol.server.networking.Server sendToAll
INFO: Reap dead connection: [DummyConnection Server connection - model.nation.sioux]
May 01, 2018 11:52:58 AM net.sf.freecol.server.networking.Server sendToAll
INFO: Reap dead connection: [DummyConnection Server connection - model.nation.spanish]
May 01, 2018 11:52:58 AM net.sf.freecol.server.networking.Server sendToAll
INFO: Reap dead connection: [DummyConnection Server connection - model.nation.aztec]
May 01, 2018 11:52:58 AM net.sf.freecol.server.networking.Server sendToAll
INFO: Reap dead connection: [DummyConnection Server connection - model.nation.arawak]
May 01, 2018 11:52:58 AM net.sf.freecol.server.networking.Server sendToAll
INFO: Reap dead connection: [DummyConnection Server connection - model.nation.inca]
May 01, 2018 11:52:58 AM net.sf.freecol.server.networking.Server sendToAll
INFO: Reap dead connection: [DummyConnection Server connection - model.nation.tupi]
May 01, 2018 11:52:58 AM net.sf.freecol.server.networking.Server sendToAll
INFO: Reap dead connection: [DummyConnection Server connection - model.nation.french]
May 01, 2018 11:52:58 AM net.sf.freecol.server.model.ServerColony csBuildBuilding
INFO: New building in New Amsterdam: warehouse
May 01, 2018 11:52:58 AM net.sf.freecol.common.model.Specification applyDifficultyLevel
INFO: Applying difficulty level model.difficulty.medium
May 01, 2018 11:52:58 AM net.sf.freecol.common.FreeColSeed getFreeColSeed
INFO: Using seed: -3765834394832638121
May 01, 2018 11:52:58 AM net.sf.freecol.server.networking.Server sendToAll
INFO: Reap dead connection: [DummyConnection Server connection - model.nation.french]
May 01, 2018 11:52:58 AM net.sf.freecol.server.networking.Server sendToAll
INFO: Reap dead connection: [DummyConnection Server connection - model.nation.sioux]
May 01, 2018 11:52:58 AM net.sf.freecol.server.networking.Server sendToAll
INFO: Reap dead connection: [DummyConnection Server connection - model.nation.cherokee]
May 01, 2018 11:52:58 AM net.sf.freecol.server.networking.Server sendToAll
INFO: Reap dead connection: [DummyConnection Server connection - model.nation.iroquois]
May 01, 2018 11:52:58 AM net.sf.freecol.server.networking.Server sendToAll
INFO: Reap dead connection: [DummyConnection Server connection - model.nation.arawak]
May 01, 2018 11:52:58 AM net.sf.freecol.server.networking.Server sendToAll
INFO: Reap dead connection: [DummyConnection Server connection - model.nation.inca]
May 01, 2018 11:52:58 AM net.sf.freecol.server.networking.Server sendToAll
INFO: Reap dead connection: [DummyConnection Server connection - model.nation.dutch]
May 01, 2018 11:52:58 AM net.sf.freecol.server.networking.Server sendToAll
INFO: Reap dead connection: [DummyConnection Server connection - model.nation.aztec]
May 01, 2018 11:52:58 AM net.sf.freecol.server.networking.Server sendToAll
INFO: Reap dead connection: [DummyConnection Server connection - model.nation.spanish]
May 01, 2018 11:52:58 AM net.sf.freecol.server.networking.Server sendToAll
INFO: Reap dead connection: [DummyConnection Server connection - model.nation.apache]
May 01, 2018 11:52:58 AM net.sf.freecol.server.networking.Server sendToAll
INFO: Reap dead connection: [DummyConnection Server connection - model.nation.tupi]
May 01, 2018 11:52:58 AM net.sf.freecol.server.networking.Server sendToAll
INFO: Reap dead connection: [DummyConnection Server connection - model.nation.english]
May 01, 2018 11:52:58 AM net.sf.freecol.server.model.ServerColony csBuildBuilding
INFO: New building in New Amsterdam: lumberMill
May 01, 2018 11:52:58 AM net.sf.freecol.common.model.Specification applyDifficultyLevel
INFO: Applying difficulty level model.difficulty.medium
May 01, 2018 11:52:58 AM net.sf.freecol.common.FreeColSeed getFreeColSeed
INFO: Using seed: 551668477888406417
May 01, 2018 11:52:58 AM net.sf.freecol.server.networking.Server sendToAll
INFO: Reap dead connection: [DummyConnection Server connection - model.nation.dutch]
May 01, 2018 11:52:58 AM net.sf.freecol.server.networking.Server sendToAll
INFO: Reap dead connection: [DummyConnection Server connection - model.nation.french]
May 01, 2018 11:52:58 AM net.sf.freecol.server.networking.Server sendToAll
INFO: Reap dead connection: [DummyConnection Server connection - model.nation.spanish]
May 01, 2018 11:52:58 AM net.sf.freecol.server.networking.Server sendToAll
INFO: Reap dead connection: [DummyConnection Server connection - model.nation.sioux]
May 01, 2018 11:52:58 AM net.sf.freecol.server.networking.Server sendToAll
INFO: Reap dead connection: [DummyConnection Server connection - model.nation.arawak]
May 01, 2018 11:52:58 AM net.sf.freecol.server.networking.Server sendToAll
INFO: Reap dead connection: [DummyConnection Server connection - model.nation.tupi]
May 01, 2018 11:52:58 AM net.sf.freecol.server.networking.Server sendToAll
INFO: Reap dead connection: [DummyConnection Server connection - model.nation.english]
May 01, 2018 11:52:58 AM net.sf.freecol.server.networking.Server sendToAll
INFO: Reap dead connection: [DummyConnection Server connection - model.nation.cherokee]
May 01, 2018 11:52:58 AM net.sf.freecol.server.networking.Server sendToAll
INFO: Reap dead connection: [DummyConnection Server connection - model.nation.aztec]
May 01, 2018 11:52:58 AM net.sf.freecol.server.networking.Server sendToAll
INFO: Reap dead connection: [DummyConnection Server connection - model.nation.inca]
May 01, 2018 11:52:58 AM net.sf.freecol.server.networking.Server sendToAll
INFO: Reap dead connection: [DummyConnection Server connection - model.nation.apache]
May 01, 2018 11:52:58 AM net.sf.freecol.server.networking.Server sendToAll
INFO: Reap dead connection: [DummyConnection Server connection - model.nation.iroquois]
May 01, 2018 11:52:58 AM net.sf.freecol.server.model.ServerColony csBuildUnit
INFO: New unit in New Amsterdam: freeColonist
May 01, 2018 11:52:58 AM net.sf.freecol.common.model.Specification applyDifficultyLevel
INFO: Applying difficulty level model.difficulty.medium
May 01, 2018 11:52:58 AM net.sf.freecol.common.model.Specification applyDifficultyLevel
INFO: Applying difficulty level model.difficulty.medium
May 01, 2018 11:52:58 AM net.sf.freecol.common.FreeColSeed getFreeColSeed
INFO: Using seed: 3717659782431726784
May 01, 2018 11:52:58 AM net.sf.freecol.server.networking.Server sendToAll
INFO: Reap dead connection: [DummyConnection Server connection - model.nation.dutch]
May 01, 2018 11:52:58 AM net.sf.freecol.server.networking.Server sendToAll
INFO: Reap dead connection: [DummyConnection Server connection - model.nation.aztec]
May 01, 2018 11:52:58 AM net.sf.freecol.server.networking.Server sendToAll
INFO: Reap dead connection: [DummyConnection Server connection - model.nation.inca]
May 01, 2018 11:52:58 AM net.sf.freecol.server.networking.Server sendToAll
INFO: Reap dead connection: [DummyConnection Server connection - model.nation.spanish]
May 01, 2018 11:52:58 AM net.sf.freecol.server.networking.Server sendToAll
INFO: Reap dead connection: [DummyConnection Server connection - model.nation.sioux]
May 01, 2018 11:52:58 AM net.sf.freecol.server.networking.Server sendToAll
INFO: Reap dead connection: [DummyConnection Server connection - model.nation.tupi]
May 01, 2018 11:52:58 AM net.sf.freecol.server.networking.Server sendToAll
INFO: Reap dead connection: [DummyConnection Server connection - model.nation.iroquois]
May 01, 2018 11:52:58 AM net.sf.freecol.server.networking.Server sendToAll
INFO: Reap dead connection: [DummyConnection Server connection - model.nation.french]
May 01, 2018 11:52:58 AM net.sf.freecol.server.networking.Server sendToAll
INFO: Reap dead connection: [DummyConnection Server connection - model.nation.english]
May 01, 2018 11:52:58 AM net.sf.freecol.server.networking.Server sendToAll
INFO: Reap dead connection: [DummyConnection Server connection - model.nation.arawak]
May 01, 2018 11:52:58 AM net.sf.freecol.server.networking.Server sendToAll
INFO: Reap dead connection: [DummyConnection Server connection - model.nation.cherokee]
May 01, 2018 11:52:58 AM net.sf.freecol.server.networking.Server sendToAll
INFO: Reap dead connection: [DummyConnection Server connection - model.nation.apache]
May 01, 2018 11:52:58 AM net.sf.freecol.common.model.Specification applyDifficultyLevel
INFO: Applying difficulty level model.difficulty.medium
May 01, 2018 11:52:58 AM net.sf.freecol.common.FreeColSeed getFreeColSeed
INFO: Using seed: 5777219764772380868
May 01, 2018 11:52:58 AM net.sf.freecol.server.networking.Server sendToAll
INFO: Reap dead connection: [DummyConnection Server connection - model.nation.french]
May 01, 2018 11:52:58 AM net.sf.freecol.server.networking.Server sendToAll
INFO: Reap dead connection: [DummyConnection Server connection - model.nation.inca]
May 01, 2018 11:52:58 AM net.sf.freecol.server.networking.Server sendToAll
INFO: Reap dead connection: [DummyConnection Server connection - model.nation.dutch]
May 01, 2018 11:52:58 AM net.sf.freecol.server.networking.Server sendToAll
INFO: Reap dead connection: [DummyConnection Server connection - model.nation.arawak]
May 01, 2018 11:52:58 AM net.sf.freecol.server.networking.Server sendToAll
INFO: Reap dead connection: [DummyConnection Server connection - model.nation.iroquois]
May 01, 2018 11:52:58 AM net.sf.freecol.server.networking.Server sendToAll
INFO: Reap dead connection: [DummyConnection Server connection - model.nation.aztec]
May 01, 2018 11:52:58 AM net.sf.freecol.server.networking.Server sendToAll
INFO: Reap dead connection: [DummyConnection Server connection - model.nation.cherokee]
May 01, 2018 11:52:58 AM net.sf.freecol.server.networking.Server sendToAll
INFO: Reap dead connection: [DummyConnection Server connection - model.nation.apache]
May 01, 2018 11:52:58 AM net.sf.freecol.server.networking.Server sendToAll
INFO: Reap dead connection: [DummyConnection Server connection - model.nation.sioux]
May 01, 2018 11:52:58 AM net.sf.freecol.server.networking.Server sendToAll
INFO: Reap dead connection: [DummyConnection Server connection - model.nation.english]
May 01, 2018 11:52:58 AM net.sf.freecol.server.networking.Server sendToAll
INFO: Reap dead connection: [DummyConnection Server connection - model.nation.tupi]
May 01, 2018 11:52:58 AM net.sf.freecol.server.networking.Server sendToAll
INFO: Reap dead connection: [DummyConnection Server connection - model.nation.spanish]
May 01, 2018 11:52:58 AM net.sf.freecol.common.model.Specification applyDifficultyLevel
INFO: Applying difficulty level model.difficulty.medium
May 01, 2018 11:52:58 AM net.sf.freecol.common.FreeColSeed getFreeColSeed
INFO: Using seed: 4550541516263899672
May 01, 2018 11:52:58 AM net.sf.freecol.server.networking.Server sendToAll
INFO: Reap dead connection: [DummyConnection Server connection - model.nation.tupi]
May 01, 2018 11:52:58 AM net.sf.freecol.server.networking.Server sendToAll
INFO: Reap dead connection: [DummyConnection Server connection - model.nation.french]
May 01, 2018 11:52:58 AM net.sf.freecol.server.networking.Server sendToAll
INFO: Reap dead connection: [DummyConnection Server connection - model.nation.cherokee]
May 01, 2018 11:52:58 AM net.sf.freecol.server.networking.Server sendToAll
INFO: Reap dead connection: [DummyConnection Server connection - model.nation.sioux]
May 01, 2018 11:52:58 AM net.sf.freecol.server.networking.Server sendToAll
INFO: Reap dead connection: [DummyConnection Server connection - model.nation.inca]
May 01, 2018 11:52:58 AM net.sf.freecol.server.networking.Server sendToAll
INFO: Reap dead connection: [DummyConnection Server connection - model.nation.iroquois]
May 01, 2018 11:52:58 AM net.sf.freecol.server.networking.Server sendToAll
INFO: Reap dead connection: [DummyConnection Server connection - model.nation.apache]
May 01, 2018 11:52:58 AM net.sf.freecol.server.networking.Server sendToAll
INFO: Reap dead connection: [DummyConnection Server connection - model.nation.arawak]
May 01, 2018 11:52:58 AM net.sf.freecol.server.networking.Server sendToAll
INFO: Reap dead connection: [DummyConnection Server connection - model.nation.english]
May 01, 2018 11:52:58 AM net.sf.freecol.server.networking.Server sendToAll
INFO: Reap dead connection: [DummyConnection Server connection - model.nation.aztec]
May 01, 2018 11:52:58 AM net.sf.freecol.server.networking.Server sendToAll
INFO: Reap dead connection: [DummyConnection Server connection - model.nation.dutch]
May 01, 2018 11:52:58 AM net.sf.freecol.server.networking.Server sendToAll
INFO: Reap dead connection: [DummyConnection Server connection - model.nation.spanish]
May 01, 2018 11:52:58 AM net.sf.freecol.common.util.LogBuilder log
INFO: Destroying: goodsContainer:252 unit:251
May 01, 2018 11:52:58 AM net.sf.freecol.common.model.Specification applyDifficultyLevel
INFO: Applying difficulty level model.difficulty.medium
May 01, 2018 11:52:58 AM net.sf.freecol.common.FreeColSeed getFreeColSeed
INFO: Using seed: -5824121935571068090
May 01, 2018 11:52:58 AM net.sf.freecol.server.networking.Server sendToAll
INFO: Reap dead connection: [DummyConnection Server connection - model.nation.apache]
May 01, 2018 11:52:58 AM net.sf.freecol.server.networking.Server sendToAll
INFO: Reap dead connection: [DummyConnection Server connection - model.nation.dutch]
May 01, 2018 11:52:58 AM net.sf.freecol.server.networking.Server sendToAll
INFO: Reap dead connection: [DummyConnection Server connection - model.nation.iroquois]
May 01, 2018 11:52:58 AM net.sf.freecol.server.networking.Server sendToAll
INFO: Reap dead connection: [DummyConnection Server connection - model.nation.english]
May 01, 2018 11:52:58 AM net.sf.freecol.server.networking.Server sendToAll
INFO: Reap dead connection: [DummyConnection Server connection - model.nation.cherokee]
May 01, 2018 11:52:58 AM net.sf.freecol.server.networking.Server sendToAll
INFO: Reap dead connection: [DummyConnection Server connection - model.nation.inca]
May 01, 2018 11:52:58 AM net.sf.freecol.server.networking.Server sendToAll
INFO: Reap dead connection: [DummyConnection Server connection - model.nation.aztec]
May 01, 2018 11:52:58 AM net.sf.freecol.server.networking.Server sendToAll
INFO: Reap dead connection: [DummyConnection Server connection - model.nation.french]
May 01, 2018 11:52:58 AM net.sf.freecol.server.networking.Server sendToAll
INFO: Reap dead connection: [DummyConnection Server connection - model.nation.spanish]
May 01, 2018 11:52:58 AM net.sf.freecol.server.networking.Server sendToAll
INFO: Reap dead connection: [DummyConnection Server connection - model.nation.tupi]
May 01, 2018 11:52:58 AM net.sf.freecol.server.networking.Server sendToAll
INFO: Reap dead connection: [DummyConnection Server connection - model.nation.sioux]
May 01, 2018 11:52:58 AM net.sf.freecol.server.networking.Server sendToAll
INFO: Reap dead connection: [DummyConnection Server connection - model.nation.arawak]
May 01, 2018 11:52:58 AM net.sf.freecol.common.model.Specification applyDifficultyLevel
INFO: Applying difficulty level model.difficulty.medium
May 01, 2018 11:52:58 AM net.sf.freecol.common.FreeColSeed getFreeColSeed
INFO: Using seed: -7160810318328274441
May 01, 2018 11:52:58 AM net.sf.freecol.server.networking.Server sendToAll
INFO: Reap dead connection: [DummyConnection Server connection - model.nation.tupi]
May 01, 2018 11:52:58 AM net.sf.freecol.server.networking.Server sendToAll
INFO: Reap dead connection: [DummyConnection Server connection - model.nation.english]
May 01, 2018 11:52:58 AM net.sf.freecol.server.networking.Server sendToAll
INFO: Reap dead connection: [DummyConnection Server connection - model.nation.apache]
May 01, 2018 11:52:58 AM net.sf.freecol.server.networking.Server sendToAll
INFO: Reap dead connection: [DummyConnection Server connection - model.nation.cherokee]
May 01, 2018 11:52:58 AM net.sf.freecol.server.networking.Server sendToAll
INFO: Reap dead connection: [DummyConnection Server connection - model.nation.french]
May 01, 2018 11:52:58 AM net.sf.freecol.server.networking.Server sendToAll
INFO: Reap dead connection: [DummyConnection Server connection - model.nation.spanish]
May 01, 2018 11:52:58 AM net.sf.freecol.server.networking.Server sendToAll
INFO: Reap dead connection: [DummyConnection Server connection - model.nation.dutch]
May 01, 2018 11:52:58 AM net.sf.freecol.server.networking.Server sendToAll
INFO: Reap dead connection: [DummyConnection Server connection - model.nation.inca]
May 01, 2018 11:52:58 AM net.sf.freecol.server.networking.Server sendToAll
INFO: Reap dead connection: [DummyConnection Server connection - model.nation.aztec]
May 01, 2018 11:52:58 AM net.sf.freecol.server.networking.Server sendToAll
INFO: Reap dead connection: [DummyConnection Server connection - model.nation.sioux]
May 01, 2018 11:52:58 AM net.sf.freecol.server.networking.Server sendToAll
INFO: Reap dead connection: [DummyConnection Server connection - model.nation.arawak]
May 01, 2018 11:52:58 AM net.sf.freecol.server.networking.Server sendToAll
INFO: Reap dead connection: [DummyConnection Server connection - model.nation.iroquois]
May 01, 2018 11:52:58 AM net.sf.freecol.common.model.Specification applyDifficultyLevel
INFO: Applying difficulty level model.difficulty.medium
May 01, 2018 11:52:58 AM net.sf.freecol.common.FreeColSeed getFreeColSeed
INFO: Using seed: -8946857550786848876
May 01, 2018 11:52:58 AM net.sf.freecol.server.networking.Server sendToAll
INFO: Reap dead connection: [DummyConnection Server connection - model.nation.sioux]
May 01, 2018 11:52:58 AM net.sf.freecol.server.networking.Server sendToAll
INFO: Reap dead connection: [DummyConnection Server connection - model.nation.dutch]
May 01, 2018 11:52:58 AM net.sf.freecol.server.networking.Server sendToAll
INFO: Reap dead connection: [DummyConnection Server connection - model.nation.english]
May 01, 2018 11:52:58 AM net.sf.freecol.server.networking.Server sendToAll
INFO: Reap dead connection: [DummyConnection Server connection - model.nation.tupi]
May 01, 2018 11:52:58 AM net.sf.freecol.server.networking.Server sendToAll
INFO: Reap dead connection: [DummyConnection Server connection - model.nation.spanish]
May 01, 2018 11:52:58 AM net.sf.freecol.server.networking.Server sendToAll
INFO: Reap dead connection: [DummyConnection Server connection - model.nation.inca]
May 01, 2018 11:52:58 AM net.sf.freecol.server.networking.Server sendToAll
INFO: Reap dead connection: [DummyConnection Server connection - model.nation.apache]
May 01, 2018 11:52:58 AM net.sf.freecol.server.networking.Server sendToAll
INFO: Reap dead connection: [DummyConnection Server connection - model.nation.cherokee]
May 01, 2018 11:52:58 AM net.sf.freecol.server.networking.Server sendToAll
INFO: Reap dead connection: [DummyConnection Server connection - model.nation.arawak]
May 01, 2018 11:52:58 AM net.sf.freecol.server.networking.Server sendToAll
INFO: Reap dead connection: [DummyConnection Server connection - model.nation.iroquois]
May 01, 2018 11:52:58 AM net.sf.freecol.server.networking.Server sendToAll
INFO: Reap dead connection: [DummyConnection Server connection - model.nation.aztec]
May 01, 2018 11:52:58 AM net.sf.freecol.server.networking.Server sendToAll
INFO: Reap dead connection: [DummyConnection Server connection - model.nation.french]
May 01, 2018 11:52:58 AM net.sf.freecol.common.model.Specification applyDifficultyLevel
INFO: Applying difficulty level model.difficulty.medium
May 01, 2018 11:52:58 AM net.sf.freecol.common.FreeColSeed getFreeColSeed
INFO: Using seed: -9160455721195701074
May 01, 2018 11:52:58 AM net.sf.freecol.server.networking.Server sendToAll
INFO: Reap dead connection: [DummyConnection Server connection - model.nation.dutch]
May 01, 2018 11:52:58 AM net.sf.freecol.server.networking.Server sendToAll
INFO: Reap dead connection: [DummyConnection Server connection - model.nation.tupi]
May 01, 2018 11:52:58 AM net.sf.freecol.server.networking.Server sendToAll
INFO: Reap dead connection: [DummyConnection Server connection - model.nation.arawak]
May 01, 2018 11:52:58 AM net.sf.freecol.server.networking.Server sendToAll
INFO: Reap dead connection: [DummyConnection Server connection - model.nation.inca]
May 01, 2018 11:52:58 AM net.sf.freecol.server.networking.Server sendToAll
INFO: Reap dead connection: [DummyConnection Server connection - model.nation.aztec]
May 01, 2018 11:52:58 AM net.sf.freecol.server.networking.Server sendToAll
INFO: Reap dead connection: [DummyConnection Server connection - model.nation.iroquois]
May 01, 2018 11:52:58 AM net.sf.freecol.server.networking.Server sendToAll
INFO: Reap dead connection: [DummyConnection Server connection - model.nation.sioux]
May 01, 2018 11:52:58 AM net.sf.freecol.server.networking.Server sendToAll
INFO: Reap dead connection: [DummyConnection Server connection - model.nation.english]
May 01, 2018 11:52:58 AM net.sf.freecol.server.networking.Server sendToAll
INFO: Reap dead connection: [DummyConnection Server connection - model.nation.apache]
May 01, 2018 11:52:58 AM net.sf.freecol.server.networking.Server sendToAll
INFO: Reap dead connection: [DummyConnection Server connection - model.nation.cherokee]
May 01, 2018 11:52:58 AM net.sf.freecol.server.networking.Server sendToAll
INFO: Reap dead connection: [DummyConnection Server connection - model.nation.french]
May 01, 2018 11:52:58 AM net.sf.freecol.server.networking.Server sendToAll
INFO: Reap dead connection: [DummyConnection Server connection - model.nation.spanish]
May 01, 2018 11:52:58 AM net.sf.freecol.server.model.ServerPlayer checkForDeath
INFO: William I alive, can buy colonist.
May 01, 2018 11:52:58 AM net.sf.freecol.common.model.Specification applyDifficultyLevel
INFO: Applying difficulty level model.difficulty.medium
May 01, 2018 11:52:58 AM net.sf.freecol.common.FreeColSeed getFreeColSeed
INFO: Using seed: 3055219432190547457
May 01, 2018 11:52:58 AM net.sf.freecol.server.networking.Server sendToAll
INFO: Reap dead connection: [DummyConnection Server connection - model.nation.dutch]
May 01, 2018 11:52:58 AM net.sf.freecol.server.networking.Server sendToAll
INFO: Reap dead connection: [DummyConnection Server connection - model.nation.apache]
May 01, 2018 11:52:58 AM net.sf.freecol.server.networking.Server sendToAll
INFO: Reap dead connection: [DummyConnection Server connection - model.nation.inca]
May 01, 2018 11:52:58 AM net.sf.freecol.server.networking.Server sendToAll
INFO: Reap dead connection: [DummyConnection Server connection - model.nation.tupi]
May 01, 2018 11:52:58 AM net.sf.freecol.server.networking.Server sendToAll
INFO: Reap dead connection: [DummyConnection Server connection - model.nation.iroquois]
May 01, 2018 11:52:58 AM net.sf.freecol.server.networking.Server sendToAll
INFO: Reap dead connection: [DummyConnection Server connection - model.nation.aztec]
May 01, 2018 11:52:58 AM net.sf.freecol.server.networking.Server sendToAll
INFO: Reap dead connection: [DummyConnection Server connection - model.nation.french]
May 01, 2018 11:52:58 AM net.sf.freecol.server.networking.Server sendToAll
INFO: Reap dead connection: [DummyConnection Server connection - model.nation.sioux]
May 01, 2018 11:52:58 AM net.sf.freecol.server.networking.Server sendToAll
INFO: Reap dead connection: [DummyConnection Server connection - model.nation.arawak]
May 01, 2018 11:52:58 AM net.sf.freecol.server.networking.Server sendToAll
INFO: Reap dead connection: [DummyConnection Server connection - model.nation.spanish]
May 01, 2018 11:52:58 AM net.sf.freecol.server.networking.Server sendToAll
INFO: Reap dead connection: [DummyConnection Server connection - model.nation.english]
May 01, 2018 11:52:58 AM net.sf.freecol.server.networking.Server sendToAll
INFO: Reap dead connection: [DummyConnection Server connection - model.nation.cherokee]
May 01, 2018 11:52:58 AM net.sf.freecol.server.model.ServerPlayer checkForDeath
INFO: William I survives by autorecruit.
May 01, 2018 11:52:58 AM net.sf.freecol.server.model.ServerPlayer checkForDeath
INFO: William I alive, has waiting colonist.
May 01, 2018 11:52:58 AM net.sf.freecol.server.model.ServerPlayer checkForDeath
INFO: William I dead, no presence >= 1600
May 01, 2018 11:52:58 AM net.sf.freecol.common.model.Specification applyDifficultyLevel
INFO: Applying difficulty level model.difficulty.medium
May 01, 2018 11:52:58 AM net.sf.freecol.common.FreeColSeed getFreeColSeed
INFO: Using seed: 588799074999601566
May 01, 2018 11:52:58 AM net.sf.freecol.server.networking.Server sendToAll
INFO: Reap dead connection: [DummyConnection Server connection - model.nation.french]
May 01, 2018 11:52:58 AM net.sf.freecol.server.networking.Server sendToAll
INFO: Reap dead connection: [DummyConnection Server connection - model.nation.inca]
May 01, 2018 11:52:58 AM net.sf.freecol.server.networking.Server sendToAll
INFO: Reap dead connection: [DummyConnection Server connection - model.nation.dutch]
May 01, 2018 11:52:58 AM net.sf.freecol.server.networking.Server sendToAll
INFO: Reap dead connection: [DummyConnection Server connection - model.nation.aztec]
May 01, 2018 11:52:58 AM net.sf.freecol.server.networking.Server sendToAll
INFO: Reap dead connection: [DummyConnection Server connection - model.nation.tupi]
May 01, 2018 11:52:58 AM net.sf.freecol.server.networking.Server sendToAll
INFO: Reap dead connection: [DummyConnection Server connection - model.nation.sioux]
May 01, 2018 11:52:58 AM net.sf.freecol.server.networking.Server sendToAll
INFO: Reap dead connection: [DummyConnection Server connection - model.nation.arawak]
May 01, 2018 11:52:58 AM net.sf.freecol.server.networking.Server sendToAll
INFO: Reap dead connection: [DummyConnection Server connection - model.nation.cherokee]
May 01, 2018 11:52:58 AM net.sf.freecol.server.networking.Server sendToAll
INFO: Reap dead connection: [DummyConnection Server connection - model.nation.apache]
May 01, 2018 11:52:58 AM net.sf.freecol.server.networking.Server sendToAll
INFO: Reap dead connection: [DummyConnection Server connection - model.nation.iroquois]
May 01, 2018 11:52:58 AM net.sf.freecol.server.networking.Server sendToAll
INFO: Reap dead connection: [DummyConnection Server connection - model.nation.spanish]
May 01, 2018 11:52:58 AM net.sf.freecol.server.networking.Server sendToAll
INFO: Reap dead connection: [DummyConnection Server connection - model.nation.english]
May 01, 2018 11:52:58 AM net.sf.freecol.server.model.ServerPlayer checkForDeath
INFO: William I alive, unit unit:247 on map.
May 01, 2018 11:52:58 AM net.sf.freecol.common.model.Specification applyDifficultyLevel
INFO: Applying difficulty level model.difficulty.medium
May 01, 2018 11:52:58 AM net.sf.freecol.common.FreeColSeed getFreeColSeed
INFO: Using seed: 5178236774533090115
May 01, 2018 11:52:58 AM net.sf.freecol.server.networking.Server sendToAll
INFO: Reap dead connection: [DummyConnection Server connection - model.nation.inca]
May 01, 2018 11:52:58 AM net.sf.freecol.server.networking.Server sendToAll
INFO: Reap dead connection: [DummyConnection Server connection - model.nation.cherokee]
May 01, 2018 11:52:58 AM net.sf.freecol.server.networking.Server sendToAll
INFO: Reap dead connection: [DummyConnection Server connection - model.nation.spanish]
May 01, 2018 11:52:58 AM net.sf.freecol.server.networking.Server sendToAll
INFO: Reap dead connection: [DummyConnection Server connection - model.nation.arawak]
May 01, 2018 11:52:58 AM net.sf.freecol.server.networking.Server sendToAll
INFO: Reap dead connection: [DummyConnection Server connection - model.nation.sioux]
May 01, 2018 11:52:58 AM net.sf.freecol.server.networking.Server sendToAll
INFO: Reap dead connection: [DummyConnection Server connection - model.nation.french]
May 01, 2018 11:52:58 AM net.sf.freecol.server.networking.Server sendToAll
INFO: Reap dead connection: [DummyConnection Server connection - model.nation.aztec]
May 01, 2018 11:52:58 AM net.sf.freecol.server.networking.Server sendToAll
INFO: Reap dead connection: [DummyConnection Server connection - model.nation.english]
May 01, 2018 11:52:58 AM net.sf.freecol.server.networking.Server sendToAll
INFO: Reap dead connection: [DummyConnection Server connection - model.nation.tupi]
May 01, 2018 11:52:58 AM net.sf.freecol.server.networking.Server sendToAll
INFO: Reap dead connection: [DummyConnection Server connection - model.nation.dutch]
May 01, 2018 11:52:58 AM net.sf.freecol.server.networking.Server sendToAll
INFO: Reap dead connection: [DummyConnection Server connection - model.nation.apache]
May 01, 2018 11:52:58 AM net.sf.freecol.server.networking.Server sendToAll
INFO: Reap dead connection: [DummyConnection Server connection - model.nation.iroquois]
May 01, 2018 11:52:58 AM net.sf.freecol.common.model.Specification applyDifficultyLevel
INFO: Applying difficulty level model.difficulty.medium
May 01, 2018 11:52:58 AM net.sf.freecol.common.FreeColSeed getFreeColSeed
INFO: Using seed: -6561466796431013561
May 01, 2018 11:52:58 AM net.sf.freecol.server.networking.Server sendToAll
INFO: Reap dead connection: [DummyConnection Server connection - model.nation.dutch]
May 01, 2018 11:52:58 AM net.sf.freecol.server.networking.Server sendToAll
INFO: Reap dead connection: [DummyConnection Server connection - model.nation.english]
May 01, 2018 11:52:58 AM net.sf.freecol.server.networking.Server sendToAll
INFO: Reap dead connection: [DummyConnection Server connection - model.nation.sioux]
May 01, 2018 11:52:58 AM net.sf.freecol.server.networking.Server sendToAll
INFO: Reap dead connection: [DummyConnection Server connection - model.nation.spanish]
May 01, 2018 11:52:58 AM net.sf.freecol.server.networking.Server sendToAll
INFO: Reap dead connection: [DummyConnection Server connection - model.nation.iroquois]
May 01, 2018 11:52:58 AM net.sf.freecol.server.networking.Server sendToAll
INFO: Reap dead connection: [DummyConnection Server connection - model.nation.tupi]
May 01, 2018 11:52:58 AM net.sf.freecol.server.networking.Server sendToAll
INFO: Reap dead connection: [DummyConnection Server connection - model.nation.aztec]
May 01, 2018 11:52:58 AM net.sf.freecol.server.networking.Server sendToAll
INFO: Reap dead connection: [DummyConnection Server connection - model.nation.french]
May 01, 2018 11:52:58 AM net.sf.freecol.server.networking.Server sendToAll
INFO: Reap dead connection: [DummyConnection Server connection - model.nation.inca]
May 01, 2018 11:52:58 AM net.sf.freecol.server.networking.Server sendToAll
INFO: Reap dead connection: [DummyConnection Server connection - model.nation.arawak]
May 01, 2018 11:52:58 AM net.sf.freecol.server.networking.Server sendToAll
INFO: Reap dead connection: [DummyConnection Server connection - model.nation.cherokee]
May 01, 2018 11:52:58 AM net.sf.freecol.server.networking.Server sendToAll
INFO: Reap dead connection: [DummyConnection Server connection - model.nation.apache]
May 01, 2018 11:52:58 AM net.sf.freecol.common.model.Specification applyDifficultyLevel
INFO: Applying difficulty level model.difficulty.medium
May 01, 2018 11:52:58 AM net.sf.freecol.common.FreeColSeed getFreeColSeed
INFO: Using seed: 8912461911542259919
May 01, 2018 11:52:58 AM net.sf.freecol.server.networking.Server sendToAll
INFO: Reap dead connection: [DummyConnection Server connection - model.nation.apache]
May 01, 2018 11:52:58 AM net.sf.freecol.server.networking.Server sendToAll
INFO: Reap dead connection: [DummyConnection Server connection - model.nation.tupi]
May 01, 2018 11:52:58 AM net.sf.freecol.server.networking.Server sendToAll
INFO: Reap dead connection: [DummyConnection Server connection - model.nation.dutch]
May 01, 2018 11:52:58 AM net.sf.freecol.server.networking.Server sendToAll
INFO: Reap dead connection: [DummyConnection Server connection - model.nation.inca]
May 01, 2018 11:52:58 AM net.sf.freecol.server.networking.Server sendToAll
INFO: Reap dead connection: [DummyConnection Server connection - model.nation.english]
May 01, 2018 11:52:58 AM net.sf.freecol.server.networking.Server sendToAll
INFO: Reap dead connection: [DummyConnection Server connection - model.nation.aztec]
May 01, 2018 11:52:58 AM net.sf.freecol.server.networking.Server sendToAll
INFO: Reap dead connection: [DummyConnection Server connection - model.nation.french]
May 01, 2018 11:52:58 AM net.sf.freecol.server.networking.Server sendToAll
INFO: Reap dead connection: [DummyConnection Server connection - model.nation.cherokee]
May 01, 2018 11:52:58 AM net.sf.freecol.server.networking.Server sendToAll
INFO: Reap dead connection: [DummyConnection Server connection - model.nation.arawak]
May 01, 2018 11:52:58 AM net.sf.freecol.server.networking.Server sendToAll
INFO: Reap dead connection: [DummyConnection Server connection - model.nation.spanish]
May 01, 2018 11:52:58 AM net.sf.freecol.server.networking.Server sendToAll
INFO: Reap dead connection: [DummyConnection Server connection - model.nation.iroquois]
May 01, 2018 11:52:58 AM net.sf.freecol.server.networking.Server sendToAll
INFO: Reap dead connection: [DummyConnection Server connection - model.nation.sioux]
May 01, 2018 11:52:58 AM net.sf.freecol.server.model.ServerPlayer checkForDeath
INFO: William I alive, has embarked unit.
May 01, 2018 11:52:58 AM net.sf.freecol.server.model.ServerPlayer checkForDeath
INFO: William I dead, no presence >= 1600
May 01, 2018 11:52:58 AM net.sf.freecol.common.model.Specification applyDifficultyLevel
INFO: Applying difficulty level model.difficulty.medium
May 01, 2018 11:52:58 AM net.sf.freecol.common.model.Specification applyDifficultyLevel
INFO: Applying difficulty level model.difficulty.medium
May 01, 2018 11:52:58 AM net.sf.freecol.common.model.Specification applyDifficultyLevel
INFO: Applying difficulty level model.difficulty.medium
May 01, 2018 11:52:58 AM net.sf.freecol.common.FreeColSeed getFreeColSeed
INFO: Using seed: -8932150123305917461
May 01, 2018 11:52:58 AM net.sf.freecol.server.networking.Server sendToAll
INFO: Reap dead connection: [DummyConnection Server connection - model.nation.inca]
May 01, 2018 11:52:58 AM net.sf.freecol.server.networking.Server sendToAll
INFO: Reap dead connection: [DummyConnection Server connection - model.nation.aztec]
May 01, 2018 11:52:58 AM net.sf.freecol.server.networking.Server sendToAll
INFO: Reap dead connection: [DummyConnection Server connection - model.nation.spanish]
May 01, 2018 11:52:58 AM net.sf.freecol.server.networking.Server sendToAll
INFO: Reap dead connection: [DummyConnection Server connection - model.nation.english]
May 01, 2018 11:52:58 AM net.sf.freecol.server.networking.Server sendToAll
INFO: Reap dead connection: [DummyConnection Server connection - model.nation.apache]
May 01, 2018 11:52:58 AM net.sf.freecol.server.networking.Server sendToAll
INFO: Reap dead connection: [DummyConnection Server connection - model.nation.sioux]
May 01, 2018 11:52:58 AM net.sf.freecol.server.networking.Server sendToAll
INFO: Reap dead connection: [DummyConnection Server connection - model.nation.dutch]
May 01, 2018 11:52:58 AM net.sf.freecol.server.networking.Server sendToAll
INFO: Reap dead connection: [DummyConnection Server connection - model.nation.french]
May 01, 2018 11:52:58 AM net.sf.freecol.server.networking.Server sendToAll
INFO: Reap dead connection: [DummyConnection Server connection - model.nation.cherokee]
May 01, 2018 11:52:58 AM net.sf.freecol.server.networking.Server sendToAll
INFO: Reap dead connection: [DummyConnection Server connection - model.nation.iroquois]
May 01, 2018 11:52:58 AM net.sf.freecol.server.networking.Server sendToAll
INFO: Reap dead connection: [DummyConnection Server connection - model.nation.tupi]
May 01, 2018 11:52:58 AM net.sf.freecol.server.networking.Server sendToAll
INFO: Reap dead connection: [DummyConnection Server connection - model.nation.arawak]
May 01, 2018 11:52:58 AM net.sf.freecol.common.model.Specification applyDifficultyLevel
INFO: Applying difficulty level model.difficulty.medium
May 01, 2018 11:52:58 AM net.sf.freecol.common.FreeColSeed getFreeColSeed
INFO: Using seed: -2003543432436811862
May 01, 2018 11:52:58 AM net.sf.freecol.server.networking.Server sendToAll
INFO: Reap dead connection: [DummyConnection Server connection - model.nation.tupi]
May 01, 2018 11:52:58 AM net.sf.freecol.server.networking.Server sendToAll
INFO: Reap dead connection: [DummyConnection Server connection - model.nation.cherokee]
May 01, 2018 11:52:58 AM net.sf.freecol.server.networking.Server sendToAll
INFO: Reap dead connection: [DummyConnection Server connection - model.nation.iroquois]
May 01, 2018 11:52:58 AM net.sf.freecol.server.networking.Server sendToAll
INFO: Reap dead connection: [DummyConnection Server connection - model.nation.english]
May 01, 2018 11:52:58 AM net.sf.freecol.server.networking.Server sendToAll
INFO: Reap dead connection: [DummyConnection Server connection - model.nation.inca]
May 01, 2018 11:52:58 AM net.sf.freecol.server.networking.Server sendToAll
INFO: Reap dead connection: [DummyConnection Server connection - model.nation.spanish]
May 01, 2018 11:52:58 AM net.sf.freecol.server.networking.Server sendToAll
INFO: Reap dead connection: [DummyConnection Server connection - model.nation.aztec]
May 01, 2018 11:52:58 AM net.sf.freecol.server.networking.Server sendToAll
INFO: Reap dead connection: [DummyConnection Server connection - model.nation.french]
May 01, 2018 11:52:58 AM net.sf.freecol.server.networking.Server sendToAll
INFO: Reap dead connection: [DummyConnection Server connection - model.nation.sioux]
May 01, 2018 11:52:58 AM net.sf.freecol.server.networking.Server sendToAll
INFO: Reap dead connection: [DummyConnection Server connection - model.nation.dutch]
May 01, 2018 11:52:58 AM net.sf.freecol.server.networking.Server sendToAll
INFO: Reap dead connection: [DummyConnection Server connection - model.nation.arawak]
May 01, 2018 11:52:58 AM net.sf.freecol.server.networking.Server sendToAll
INFO: Reap dead connection: [DummyConnection Server connection - model.nation.apache]
May 01, 2018 11:52:58 AM net.sf.freecol.common.model.Specification applyDifficultyLevel
INFO: Applying difficulty level model.difficulty.medium
May 01, 2018 11:52:58 AM net.sf.freecol.common.FreeColSeed getFreeColSeed
INFO: Using seed: -6435666973720535359
May 01, 2018 11:52:58 AM net.sf.freecol.server.networking.Server sendToAll
INFO: Reap dead connection: [DummyConnection Server connection - model.nation.aztec]
May 01, 2018 11:52:58 AM net.sf.freecol.server.networking.Server sendToAll
INFO: Reap dead connection: [DummyConnection Server connection - model.nation.sioux]
May 01, 2018 11:52:58 AM net.sf.freecol.server.networking.Server sendToAll
INFO: Reap dead connection: [DummyConnection Server connection - model.nation.spanish]
May 01, 2018 11:52:58 AM net.sf.freecol.server.networking.Server sendToAll
INFO: Reap dead connection: [DummyConnection Server connection - model.nation.tupi]
May 01, 2018 11:52:58 AM net.sf.freecol.server.networking.Server sendToAll
INFO: Reap dead connection: [DummyConnection Server connection - model.nation.arawak]
May 01, 2018 11:52:58 AM net.sf.freecol.server.networking.Server sendToAll
INFO: Reap dead connection: [DummyConnection Server connection - model.nation.iroquois]
May 01, 2018 11:52:58 AM net.sf.freecol.server.networking.Server sendToAll
INFO: Reap dead connection: [DummyConnection Server connection - model.nation.french]
May 01, 2018 11:52:58 AM net.sf.freecol.server.networking.Server sendToAll
INFO: Reap dead connection: [DummyConnection Server connection - model.nation.english]
May 01, 2018 11:52:58 AM net.sf.freecol.server.networking.Server sendToAll
INFO: Reap dead connection: [DummyConnection Server connection - model.nation.dutch]
May 01, 2018 11:52:58 AM net.sf.freecol.server.networking.Server sendToAll
INFO: Reap dead connection: [DummyConnection Server connection - model.nation.apache]
May 01, 2018 11:52:58 AM net.sf.freecol.server.networking.Server sendToAll
INFO: Reap dead connection: [DummyConnection Server connection - model.nation.cherokee]
May 01, 2018 11:52:58 AM net.sf.freecol.server.networking.Server sendToAll
INFO: Reap dead connection: [DummyConnection Server connection - model.nation.inca]
May 01, 2018 11:52:58 AM net.sf.freecol.server.model.ServerPlayer checkForDeath
INFO: William I dead, can not buy carrier.
May 01, 2018 11:52:58 AM net.sf.freecol.common.model.Specification applyDifficultyLevel
INFO: Applying difficulty level model.difficulty.medium
May 01, 2018 11:52:58 AM net.sf.freecol.common.FreeColSeed getFreeColSeed
INFO: Using seed: -8776987677971353548
May 01, 2018 11:52:58 AM net.sf.freecol.server.networking.Server sendToAll
INFO: Reap dead connection: [DummyConnection Server connection - model.nation.tupi]
May 01, 2018 11:52:58 AM net.sf.freecol.server.networking.Server sendToAll
INFO: Reap dead connection: [DummyConnection Server connection - model.nation.spanish]
May 01, 2018 11:52:58 AM net.sf.freecol.server.networking.Server sendToAll
INFO: Reap dead connection: [DummyConnection Server connection - model.nation.cherokee]
May 01, 2018 11:52:58 AM net.sf.freecol.server.networking.Server sendToAll
INFO: Reap dead connection: [DummyConnection Server connection - model.nation.dutch]
May 01, 2018 11:52:58 AM net.sf.freecol.server.networking.Server sendToAll
INFO: Reap dead connection: [DummyConnection Server connection - model.nation.english]
May 01, 2018 11:52:58 AM net.sf.freecol.server.networking.Server sendToAll
INFO: Reap dead connection: [DummyConnection Server connection - model.nation.iroquois]
May 01, 2018 11:52:58 AM net.sf.freecol.server.networking.Server sendToAll
INFO: Reap dead connection: [DummyConnection Server connection - model.nation.arawak]
May 01, 2018 11:52:58 AM net.sf.freecol.server.networking.Server sendToAll
INFO: Reap dead connection: [DummyConnection Server connection - model.nation.sioux]
May 01, 2018 11:52:58 AM net.sf.freecol.server.networking.Server sendToAll
INFO: Reap dead connection: [DummyConnection Server connection - model.nation.inca]
May 01, 2018 11:52:58 AM net.sf.freecol.server.networking.Server sendToAll
INFO: Reap dead connection: [DummyConnection Server connection - model.nation.french]
May 01, 2018 11:52:58 AM net.sf.freecol.server.networking.Server sendToAll
INFO: Reap dead connection: [DummyConnection Server connection - model.nation.apache]
May 01, 2018 11:52:58 AM net.sf.freecol.server.networking.Server sendToAll
INFO: Reap dead connection: [DummyConnection Server connection - model.nation.aztec]
May 01, 2018 11:52:58 AM net.sf.freecol.server.model.ServerPlayer checkForDeath
INFO: William I alive, has embarked unit.
May 01, 2018 11:52:58 AM net.sf.freecol.server.model.ServerPlayer checkForDeath
INFO: William I dead, no presence >= 1600
May 01, 2018 11:52:58 AM net.sf.freecol.common.model.Specification applyDifficultyLevel
INFO: Applying difficulty level model.difficulty.medium
May 01, 2018 11:52:58 AM net.sf.freecol.common.FreeColSeed getFreeColSeed
INFO: Using seed: 248316483379109137
May 01, 2018 11:52:58 AM net.sf.freecol.server.networking.Server sendToAll
INFO: Reap dead connection: [DummyConnection Server connection - model.nation.tupi]
May 01, 2018 11:52:58 AM net.sf.freecol.server.networking.Server sendToAll
INFO: Reap dead connection: [DummyConnection Server connection - model.nation.dutch]
May 01, 2018 11:52:58 AM net.sf.freecol.server.networking.Server sendToAll
INFO: Reap dead connection: [DummyConnection Server connection - model.nation.spanish]
May 01, 2018 11:52:58 AM net.sf.freecol.server.networking.Server sendToAll
INFO: Reap dead connection: [DummyConnection Server connection - model.nation.english]
May 01, 2018 11:52:58 AM net.sf.freecol.server.networking.Server sendToAll
INFO: Reap dead connection: [DummyConnection Server connection - model.nation.sioux]
May 01, 2018 11:52:58 AM net.sf.freecol.server.networking.Server sendToAll
INFO: Reap dead connection: [DummyConnection Server connection - model.nation.cherokee]
May 01, 2018 11:52:58 AM net.sf.freecol.server.networking.Server sendToAll
INFO: Reap dead connection: [DummyConnection Server connection - model.nation.iroquois]
May 01, 2018 11:52:58 AM net.sf.freecol.server.networking.Server sendToAll
INFO: Reap dead connection: [DummyConnection Server connection - model.nation.arawak]
May 01, 2018 11:52:58 AM net.sf.freecol.server.networking.Server sendToAll
INFO: Reap dead connection: [DummyConnection Server connection - model.nation.french]
May 01, 2018 11:52:58 AM net.sf.freecol.server.networking.Server sendToAll
INFO: Reap dead connection: [DummyConnection Server connection - model.nation.aztec]
May 01, 2018 11:52:58 AM net.sf.freecol.server.networking.Server sendToAll
INFO: Reap dead connection: [DummyConnection Server connection - model.nation.inca]
May 01, 2018 11:52:58 AM net.sf.freecol.server.networking.Server sendToAll
INFO: Reap dead connection: [DummyConnection Server connection - model.nation.apache]
May 01, 2018 11:52:58 AM net.sf.freecol.common.model.MarketData price
INFO: Clamped price fall for marketData:67 from 10 to 16
May 01, 2018 11:52:58 AM net.sf.freecol.common.model.Specification applyDifficultyLevel
INFO: Applying difficulty level model.difficulty.medium
May 01, 2018 11:52:58 AM net.sf.freecol.common.FreeColSeed getFreeColSeed
INFO: Using seed: 5764165565859567910
May 01, 2018 11:52:58 AM net.sf.freecol.server.networking.Server sendToAll
INFO: Reap dead connection: [DummyConnection Server connection - model.nation.spanish]
May 01, 2018 11:52:58 AM net.sf.freecol.server.networking.Server sendToAll
INFO: Reap dead connection: [DummyConnection Server connection - model.nation.french]
May 01, 2018 11:52:58 AM net.sf.freecol.server.networking.Server sendToAll
INFO: Reap dead connection: [DummyConnection Server connection - model.nation.cherokee]
May 01, 2018 11:52:58 AM net.sf.freecol.server.networking.Server sendToAll
INFO: Reap dead connection: [DummyConnection Server connection - model.nation.inca]
May 01, 2018 11:52:58 AM net.sf.freecol.server.networking.Server sendToAll
INFO: Reap dead connection: [DummyConnection Server connection - model.nation.english]
May 01, 2018 11:52:58 AM net.sf.freecol.server.networking.Server sendToAll
INFO: Reap dead connection: [DummyConnection Server connection - model.nation.tupi]
May 01, 2018 11:52:58 AM net.sf.freecol.server.networking.Server sendToAll
INFO: Reap dead connection: [DummyConnection Server connection - model.nation.apache]
May 01, 2018 11:52:58 AM net.sf.freecol.server.networking.Server sendToAll
INFO: Reap dead connection: [DummyConnection Server connection - model.nation.iroquois]
May 01, 2018 11:52:58 AM net.sf.freecol.server.networking.Server sendToAll
INFO: Reap dead connection: [DummyConnection Server connection - model.nation.arawak]
May 01, 2018 11:52:58 AM net.sf.freecol.server.networking.Server sendToAll
INFO: Reap dead connection: [DummyConnection Server connection - model.nation.aztec]
May 01, 2018 11:52:58 AM net.sf.freecol.server.networking.Server sendToAll
INFO: Reap dead connection: [DummyConnection Server connection - model.nation.sioux]
May 01, 2018 11:52:58 AM net.sf.freecol.server.networking.Server sendToAll
INFO: Reap dead connection: [DummyConnection Server connection - model.nation.dutch]
May 01, 2018 11:52:58 AM net.sf.freecol.common.model.MarketData price
INFO: Clamped price fall for marketData:88 from 13 to 16
May 01, 2018 11:52:58 AM net.sf.freecol.common.model.Specification applyDifficultyLevel
INFO: Applying difficulty level model.difficulty.medium
May 01, 2018 11:52:58 AM net.sf.freecol.common.FreeColSeed getFreeColSeed
INFO: Using seed: -5270376699748410540
May 01, 2018 11:52:58 AM net.sf.freecol.server.networking.Server sendToAll
INFO: Reap dead connection: [DummyConnection Server connection - model.nation.sioux]
May 01, 2018 11:52:58 AM net.sf.freecol.server.networking.Server sendToAll
INFO: Reap dead connection: [DummyConnection Server connection - model.nation.inca]
May 01, 2018 11:52:58 AM net.sf.freecol.server.networking.Server sendToAll
INFO: Reap dead connection: [DummyConnection Server connection - model.nation.french]
May 01, 2018 11:52:58 AM net.sf.freecol.server.networking.Server sendToAll
INFO: Reap dead connection: [DummyConnection Server connection - model.nation.arawak]
May 01, 2018 11:52:58 AM net.sf.freecol.server.networking.Server sendToAll
INFO: Reap dead connection: [DummyConnection Server connection - model.nation.spanish]
May 01, 2018 11:52:58 AM net.sf.freecol.server.networking.Server sendToAll
INFO: Reap dead connection: [DummyConnection Server connection - model.nation.english]
May 01, 2018 11:52:58 AM net.sf.freecol.server.networking.Server sendToAll
INFO: Reap dead connection: [DummyConnection Server connection - model.nation.iroquois]
May 01, 2018 11:52:58 AM net.sf.freecol.server.networking.Server sendToAll
INFO: Reap dead connection: [DummyConnection Server connection - model.nation.tupi]
May 01, 2018 11:52:58 AM net.sf.freecol.server.networking.Server sendToAll
INFO: Reap dead connection: [DummyConnection Server connection - model.nation.aztec]
May 01, 2018 11:52:58 AM net.sf.freecol.server.networking.Server sendToAll
INFO: Reap dead connection: [DummyConnection Server connection - model.nation.apache]
May 01, 2018 11:52:58 AM net.sf.freecol.server.networking.Server sendToAll
INFO: Reap dead connection: [DummyConnection Server connection - model.nation.cherokee]
May 01, 2018 11:52:58 AM net.sf.freecol.server.networking.Server sendToAll
INFO: Reap dead connection: [DummyConnection Server connection - model.nation.dutch]
May 01, 2018 11:52:58 AM net.sf.freecol.common.networking.DOMMessage clientError
WARNING: Carrier not at location: New Amsterdam
May 01, 2018 11:52:58 AM net.sf.freecol.common.networking.DOMMessage clientError
WARNING: Too much goods
May 01, 2018 11:52:58 AM net.sf.freecol.common.networking.DOMMessage clientError
WARNING: Too much goods
May 01, 2018 11:52:58 AM net.sf.freecol.common.model.Specification applyDifficultyLevel
INFO: Applying difficulty level model.difficulty.medium
May 01, 2018 11:52:58 AM net.sf.freecol.common.FreeColSeed getFreeColSeed
INFO: Using seed: 4458769630048181013
May 01, 2018 11:52:58 AM net.sf.freecol.server.networking.Server sendToAll
INFO: Reap dead connection: [DummyConnection Server connection - model.nation.inca]
May 01, 2018 11:52:58 AM net.sf.freecol.server.networking.Server sendToAll
INFO: Reap dead connection: [DummyConnection Server connection - model.nation.english]
May 01, 2018 11:52:58 AM net.sf.freecol.server.networking.Server sendToAll
INFO: Reap dead connection: [DummyConnection Server connection - model.nation.spanish]
May 01, 2018 11:52:58 AM net.sf.freecol.server.networking.Server sendToAll
INFO: Reap dead connection: [DummyConnection Server connection - model.nation.arawak]
May 01, 2018 11:52:58 AM net.sf.freecol.server.networking.Server sendToAll
INFO: Reap dead connection: [DummyConnection Server connection - model.nation.cherokee]
May 01, 2018 11:52:58 AM net.sf.freecol.server.networking.Server sendToAll
INFO: Reap dead connection: [DummyConnection Server connection - model.nation.iroquois]
May 01, 2018 11:52:58 AM net.sf.freecol.server.networking.Server sendToAll
INFO: Reap dead connection: [DummyConnection Server connection - model.nation.aztec]
May 01, 2018 11:52:58 AM net.sf.freecol.server.networking.Server sendToAll
INFO: Reap dead connection: [DummyConnection Server connection - model.nation.dutch]
May 01, 2018 11:52:58 AM net.sf.freecol.server.networking.Server sendToAll
INFO: Reap dead connection: [DummyConnection Server connection - model.nation.sioux]
May 01, 2018 11:52:58 AM net.sf.freecol.server.networking.Server sendToAll
INFO: Reap dead connection: [DummyConnection Server connection - model.nation.french]
May 01, 2018 11:52:58 AM net.sf.freecol.server.networking.Server sendToAll
INFO: Reap dead connection: [DummyConnection Server connection - model.nation.tupi]
May 01, 2018 11:52:58 AM net.sf.freecol.server.networking.Server sendToAll
INFO: Reap dead connection: [DummyConnection Server connection - model.nation.apache]
May 01, 2018 11:52:58 AM net.sf.freecol.common.model.Unit setLocation
WARNING: Can not add [unit:249 dutch privateer 8/8] to tile:491
May 01, 2018 11:52:58 AM net.sf.freecol.common.networking.DOMMessage clientError
WARNING: Player William I tried to buy 10 cotton
May 01, 2018 11:52:58 AM net.sf.freecol.common.networking.DOMMessage clientError
WARNING: Carrier not in Europe: Europe
May 01, 2018 11:52:58 AM net.sf.freecol.common.networking.DOMMessage clientError
WARNING: Can not trade boycotted goods
May 01, 2018 11:52:58 AM net.sf.freecol.common.model.Specification applyDifficultyLevel
INFO: Applying difficulty level model.difficulty.medium
May 01, 2018 11:52:58 AM net.sf.freecol.common.FreeColSeed getFreeColSeed
INFO: Using seed: -9031439194378954052
May 01, 2018 11:52:59 AM net.sf.freecol.server.networking.Server sendToAll
INFO: Reap dead connection: [DummyConnection Server connection - model.nation.dutch]
May 01, 2018 11:52:59 AM net.sf.freecol.server.networking.Server sendToAll
INFO: Reap dead connection: [DummyConnection Server connection - model.nation.french]
May 01, 2018 11:52:59 AM net.sf.freecol.server.networking.Server sendToAll
INFO: Reap dead connection: [DummyConnection Server connection - model.nation.tupi]
May 01, 2018 11:52:59 AM net.sf.freecol.server.networking.Server sendToAll
INFO: Reap dead connection: [DummyConnection Server connection - model.nation.cherokee]
May 01, 2018 11:52:59 AM net.sf.freecol.server.networking.Server sendToAll
INFO: Reap dead connection: [DummyConnection Server connection - model.nation.arawak]
May 01, 2018 11:52:59 AM net.sf.freecol.server.networking.Server sendToAll
INFO: Reap dead connection: [DummyConnection Server connection - model.nation.english]
May 01, 2018 11:52:59 AM net.sf.freecol.server.networking.Server sendToAll
INFO: Reap dead connection: [DummyConnection Server connection - model.nation.inca]
May 01, 2018 11:52:59 AM net.sf.freecol.server.networking.Server sendToAll
INFO: Reap dead connection: [DummyConnection Server connection - model.nation.apache]
May 01, 2018 11:52:59 AM net.sf.freecol.server.networking.Server sendToAll
INFO: Reap dead connection: [DummyConnection Server connection - model.nation.aztec]
May 01, 2018 11:52:59 AM net.sf.freecol.server.networking.Server sendToAll
INFO: Reap dead connection: [DummyConnection Server connection - model.nation.iroquois]
May 01, 2018 11:52:59 AM net.sf.freecol.server.networking.Server sendToAll
INFO: Reap dead connection: [DummyConnection Server connection - model.nation.sioux]
May 01, 2018 11:52:59 AM net.sf.freecol.server.networking.Server sendToAll
INFO: Reap dead connection: [DummyConnection Server connection - model.nation.spanish]
May 01, 2018 11:52:59 AM net.sf.freecol.common.model.Specification applyDifficultyLevel
INFO: Applying difficulty level model.difficulty.medium
May 01, 2018 11:52:59 AM net.sf.freecol.common.FreeColSeed getFreeColSeed
INFO: Using seed: 8611033557391538460
May 01, 2018 11:52:59 AM net.sf.freecol.server.networking.Server sendToAll
INFO: Reap dead connection: [DummyConnection Server connection - model.nation.english]
May 01, 2018 11:52:59 AM net.sf.freecol.server.networking.Server sendToAll
INFO: Reap dead connection: [DummyConnection Server connection - model.nation.apache]
May 01, 2018 11:52:59 AM net.sf.freecol.server.networking.Server sendToAll
INFO: Reap dead connection: [DummyConnection Server connection - model.nation.tupi]
May 01, 2018 11:52:59 AM net.sf.freecol.server.networking.Server sendToAll
INFO: Reap dead connection: [DummyConnection Server connection - model.nation.inca]
May 01, 2018 11:52:59 AM net.sf.freecol.server.networking.Server sendToAll
INFO: Reap dead connection: [DummyConnection Server connection - model.nation.cherokee]
May 01, 2018 11:52:59 AM net.sf.freecol.server.networking.Server sendToAll
INFO: Reap dead connection: [DummyConnection Server connection - model.nation.arawak]
May 01, 2018 11:52:59 AM net.sf.freecol.server.networking.Server sendToAll
INFO: Reap dead connection: [DummyConnection Server connection - model.nation.aztec]
May 01, 2018 11:52:59 AM net.sf.freecol.server.networking.Server sendToAll
INFO: Reap dead connection: [DummyConnection Server connection - model.nation.iroquois]
May 01, 2018 11:52:59 AM net.sf.freecol.server.networking.Server sendToAll
INFO: Reap dead connection: [DummyConnection Server connection - model.nation.sioux]
May 01, 2018 11:52:59 AM net.sf.freecol.server.networking.Server sendToAll
INFO: Reap dead connection: [DummyConnection Server connection - model.nation.spanish]
May 01, 2018 11:52:59 AM net.sf.freecol.server.networking.Server sendToAll
INFO: Reap dead connection: [DummyConnection Server connection - model.nation.dutch]
May 01, 2018 11:52:59 AM net.sf.freecol.server.networking.Server sendToAll
INFO: Reap dead connection: [DummyConnection Server connection - model.nation.french]
May 01, 2018 11:52:59 AM net.sf.freecol.common.model.Specification applyDifficultyLevel
INFO: Applying difficulty level model.difficulty.medium
May 01, 2018 11:52:59 AM net.sf.freecol.common.FreeColSeed getFreeColSeed
INFO: Using seed: -7136864856577596156
May 01, 2018 11:52:59 AM net.sf.freecol.server.networking.Server sendToAll
INFO: Reap dead connection: [DummyConnection Server connection - model.nation.arawak]
May 01, 2018 11:52:59 AM net.sf.freecol.server.networking.Server sendToAll
INFO: Reap dead connection: [DummyConnection Server connection - model.nation.aztec]
May 01, 2018 11:52:59 AM net.sf.freecol.server.networking.Server sendToAll
INFO: Reap dead connection: [DummyConnection Server connection - model.nation.inca]
May 01, 2018 11:52:59 AM net.sf.freecol.server.networking.Server sendToAll
INFO: Reap dead connection: [DummyConnection Server connection - model.nation.apache]
May 01, 2018 11:52:59 AM net.sf.freecol.server.networking.Server sendToAll
INFO: Reap dead connection: [DummyConnection Server connection - model.nation.french]
May 01, 2018 11:52:59 AM net.sf.freecol.server.networking.Server sendToAll
INFO: Reap dead connection: [DummyConnection Server connection - model.nation.english]
May 01, 2018 11:52:59 AM net.sf.freecol.server.networking.Server sendToAll
INFO: Reap dead connection: [DummyConnection Server connection - model.nation.spanish]
May 01, 2018 11:52:59 AM net.sf.freecol.server.networking.Server sendToAll
INFO: Reap dead connection: [DummyConnection Server connection - model.nation.dutch]
May 01, 2018 11:52:59 AM net.sf.freecol.server.networking.Server sendToAll
INFO: Reap dead connection: [DummyConnection Server connection - model.nation.cherokee]
May 01, 2018 11:52:59 AM net.sf.freecol.server.networking.Server sendToAll
INFO: Reap dead connection: [DummyConnection Server connection - model.nation.iroquois]
May 01, 2018 11:52:59 AM net.sf.freecol.server.networking.Server sendToAll
INFO: Reap dead connection: [DummyConnection Server connection - model.nation.tupi]
May 01, 2018 11:52:59 AM net.sf.freecol.server.networking.Server sendToAll
INFO: Reap dead connection: [DummyConnection Server connection - model.nation.sioux]
May 01, 2018 11:52:59 AM net.sf.freecol.common.util.LogBuilder log
INFO: Destroying: tileImprovement:248
May 01, 2018 11:52:59 AM net.sf.freecol.common.model.Specification applyDifficultyLevel
INFO: Applying difficulty level model.difficulty.medium
May 01, 2018 11:52:59 AM net.sf.freecol.common.FreeColSeed getFreeColSeed
INFO: Using seed: 6384176573103168189
May 01, 2018 11:52:59 AM net.sf.freecol.server.networking.Server sendToAll
INFO: Reap dead connection: [DummyConnection Server connection - model.nation.spanish]
May 01, 2018 11:52:59 AM net.sf.freecol.server.networking.Server sendToAll
INFO: Reap dead connection: [DummyConnection Server connection - model.nation.arawak]
May 01, 2018 11:52:59 AM net.sf.freecol.server.networking.Server sendToAll
INFO: Reap dead connection: [DummyConnection Server connection - model.nation.cherokee]
May 01, 2018 11:52:59 AM net.sf.freecol.server.networking.Server sendToAll
INFO: Reap dead connection: [DummyConnection Server connection - model.nation.iroquois]
May 01, 2018 11:52:59 AM net.sf.freecol.server.networking.Server sendToAll
INFO: Reap dead connection: [DummyConnection Server connection - model.nation.dutch]
May 01, 2018 11:52:59 AM net.sf.freecol.server.networking.Server sendToAll
INFO: Reap dead connection: [DummyConnection Server connection - model.nation.aztec]
May 01, 2018 11:52:59 AM net.sf.freecol.server.networking.Server sendToAll
INFO: Reap dead connection: [DummyConnection Server connection - model.nation.english]
May 01, 2018 11:52:59 AM net.sf.freecol.server.networking.Server sendToAll
INFO: Reap dead connection: [DummyConnection Server connection - model.nation.french]
May 01, 2018 11:52:59 AM net.sf.freecol.server.networking.Server sendToAll
INFO: Reap dead connection: [DummyConnection Server connection - model.nation.inca]
May 01, 2018 11:52:59 AM net.sf.freecol.server.networking.Server sendToAll
INFO: Reap dead connection: [DummyConnection Server connection - model.nation.sioux]
May 01, 2018 11:52:59 AM net.sf.freecol.server.networking.Server sendToAll
INFO: Reap dead connection: [DummyConnection Server connection - model.nation.tupi]
May 01, 2018 11:52:59 AM net.sf.freecol.server.networking.Server sendToAll
INFO: Reap dead connection: [DummyConnection Server connection - model.nation.apache]
May 01, 2018 11:52:59 AM net.sf.freecol.common.util.LogBuilder log
INFO: Destroying: tileImprovement:252
May 01, 2018 11:52:59 AM net.sf.freecol.common.model.Specification applyDifficultyLevel
INFO: Applying difficulty level model.difficulty.medium
May 01, 2018 11:52:59 AM net.sf.freecol.common.FreeColSeed getFreeColSeed
INFO: Using seed: -5426963770040478581
May 01, 2018 11:52:59 AM net.sf.freecol.server.networking.Server sendToAll
INFO: Reap dead connection: [DummyConnection Server connection - model.nation.inca]
May 01, 2018 11:52:59 AM net.sf.freecol.server.networking.Server sendToAll
INFO: Reap dead connection: [DummyConnection Server connection - model.nation.english]
May 01, 2018 11:52:59 AM net.sf.freecol.server.networking.Server sendToAll
INFO: Reap dead connection: [DummyConnection Server connection - model.nation.sioux]
May 01, 2018 11:52:59 AM net.sf.freecol.server.networking.Server sendToAll
INFO: Reap dead connection: [DummyConnection Server connection - model.nation.apache]
May 01, 2018 11:52:59 AM net.sf.freecol.server.networking.Server sendToAll
INFO: Reap dead connection: [DummyConnection Server connection - model.nation.aztec]
May 01, 2018 11:52:59 AM net.sf.freecol.server.networking.Server sendToAll
INFO: Reap dead connection: [DummyConnection Server connection - model.nation.iroquois]
May 01, 2018 11:52:59 AM net.sf.freecol.server.networking.Server sendToAll
INFO: Reap dead connection: [DummyConnection Server connection - model.nation.french]
May 01, 2018 11:52:59 AM net.sf.freecol.server.networking.Server sendToAll
INFO: Reap dead connection: [DummyConnection Server connection - model.nation.spanish]
May 01, 2018 11:52:59 AM net.sf.freecol.server.networking.Server sendToAll
INFO: Reap dead connection: [DummyConnection Server connection - model.nation.cherokee]
May 01, 2018 11:52:59 AM net.sf.freecol.server.networking.Server sendToAll
INFO: Reap dead connection: [DummyConnection Server connection - model.nation.tupi]
May 01, 2018 11:52:59 AM net.sf.freecol.server.networking.Server sendToAll
INFO: Reap dead connection: [DummyConnection Server connection - model.nation.dutch]
May 01, 2018 11:52:59 AM net.sf.freecol.server.networking.Server sendToAll
INFO: Reap dead connection: [DummyConnection Server connection - model.nation.arawak]
May 01, 2018 11:52:59 AM net.sf.freecol.common.model.Specification applyDifficultyLevel
INFO: Applying difficulty level model.difficulty.medium
May 01, 2018 11:52:59 AM net.sf.freecol.common.FreeColSeed getFreeColSeed
INFO: Using seed: -5343733707722365834
May 01, 2018 11:52:59 AM net.sf.freecol.server.networking.Server sendToAll
INFO: Reap dead connection: [DummyConnection Server connection - model.nation.arawak]
May 01, 2018 11:52:59 AM net.sf.freecol.server.networking.Server sendToAll
INFO: Reap dead connection: [DummyConnection Server connection - model.nation.english]
May 01, 2018 11:52:59 AM net.sf.freecol.server.networking.Server sendToAll
INFO: Reap dead connection: [DummyConnection Server connection - model.nation.aztec]
May 01, 2018 11:52:59 AM net.sf.freecol.server.networking.Server sendToAll
INFO: Reap dead connection: [DummyConnection Server connection - model.nation.tupi]
May 01, 2018 11:52:59 AM net.sf.freecol.server.networking.Server sendToAll
INFO: Reap dead connection: [DummyConnection Server connection - model.nation.inca]
May 01, 2018 11:52:59 AM net.sf.freecol.server.networking.Server sendToAll
INFO: Reap dead connection: [DummyConnection Server connection - model.nation.dutch]
May 01, 2018 11:52:59 AM net.sf.freecol.server.networking.Server sendToAll
INFO: Reap dead connection: [DummyConnection Server connection - model.nation.cherokee]
May 01, 2018 11:52:59 AM net.sf.freecol.server.networking.Server sendToAll
INFO: Reap dead connection: [DummyConnection Server connection - model.nation.apache]
May 01, 2018 11:52:59 AM net.sf.freecol.server.networking.Server sendToAll
INFO: Reap dead connection: [DummyConnection Server connection - model.nation.spanish]
May 01, 2018 11:52:59 AM net.sf.freecol.server.networking.Server sendToAll
INFO: Reap dead connection: [DummyConnection Server connection - model.nation.sioux]
May 01, 2018 11:52:59 AM net.sf.freecol.server.networking.Server sendToAll
INFO: Reap dead connection: [DummyConnection Server connection - model.nation.iroquois]
May 01, 2018 11:52:59 AM net.sf.freecol.server.networking.Server sendToAll
INFO: Reap dead connection: [DummyConnection Server connection - model.nation.french]
May 01, 2018 11:52:59 AM net.sf.freecol.common.model.Specification applyDifficultyLevel
INFO: Applying difficulty level model.difficulty.medium
May 01, 2018 11:52:59 AM net.sf.freecol.common.FreeColSeed getFreeColSeed
INFO: Using seed: 5850671682116310971
May 01, 2018 11:52:59 AM net.sf.freecol.server.networking.Server sendToAll
INFO: Reap dead connection: [DummyConnection Server connection - model.nation.french]
May 01, 2018 11:52:59 AM net.sf.freecol.server.networking.Server sendToAll
INFO: Reap dead connection: [DummyConnection Server connection - model.nation.apache]
May 01, 2018 11:52:59 AM net.sf.freecol.server.networking.Server sendToAll
INFO: Reap dead connection: [DummyConnection Server connection - model.nation.iroquois]
May 01, 2018 11:52:59 AM net.sf.freecol.server.networking.Server sendToAll
INFO: Reap dead connection: [DummyConnection Server connection - model.nation.cherokee]
May 01, 2018 11:52:59 AM net.sf.freecol.server.networking.Server sendToAll
INFO: Reap dead connection: [DummyConnection Server connection - model.nation.dutch]
May 01, 2018 11:52:59 AM net.sf.freecol.server.networking.Server sendToAll
INFO: Reap dead connection: [DummyConnection Server connection - model.nation.spanish]
May 01, 2018 11:52:59 AM net.sf.freecol.server.networking.Server sendToAll
INFO: Reap dead connection: [DummyConnection Server connection - model.nation.arawak]
May 01, 2018 11:52:59 AM net.sf.freecol.server.networking.Server sendToAll
INFO: Reap dead connection: [DummyConnection Server connection - model.nation.english]
May 01, 2018 11:52:59 AM net.sf.freecol.server.networking.Server sendToAll
INFO: Reap dead connection: [DummyConnection Server connection - model.nation.inca]
May 01, 2018 11:52:59 AM net.sf.freecol.server.networking.Server sendToAll
INFO: Reap dead connection: [DummyConnection Server connection - model.nation.tupi]
May 01, 2018 11:52:59 AM net.sf.freecol.server.networking.Server sendToAll
INFO: Reap dead connection: [DummyConnection Server connection - model.nation.sioux]
May 01, 2018 11:52:59 AM net.sf.freecol.server.networking.Server sendToAll
INFO: Reap dead connection: [DummyConnection Server connection - model.nation.aztec]
May 01, 2018 11:52:59 AM net.sf.freecol.common.util.LogBuilder log
INFO: Destroying: tileImprovement:274
May 01, 2018 11:52:59 AM net.sf.freecol.common.util.LogBuilder log
INFO: Destroying: tileImprovement:276
May 01, 2018 11:52:59 AM net.sf.freecol.common.model.Specification applyDifficultyLevel
INFO: Applying difficulty level model.difficulty.medium
May 01, 2018 11:52:59 AM net.sf.freecol.common.FreeColSeed getFreeColSeed
INFO: Using seed: -4384442271937087713
May 01, 2018 11:52:59 AM net.sf.freecol.server.networking.Server sendToAll
INFO: Reap dead connection: [DummyConnection Server connection - model.nation.inca]
May 01, 2018 11:52:59 AM net.sf.freecol.server.networking.Server sendToAll
INFO: Reap dead connection: [DummyConnection Server connection - model.nation.aztec]
May 01, 2018 11:52:59 AM net.sf.freecol.server.networking.Server sendToAll
INFO: Reap dead connection: [DummyConnection Server connection - model.nation.arawak]
May 01, 2018 11:52:59 AM net.sf.freecol.server.networking.Server sendToAll
INFO: Reap dead connection: [DummyConnection Server connection - model.nation.french]
May 01, 2018 11:52:59 AM net.sf.freecol.server.networking.Server sendToAll
INFO: Reap dead connection: [DummyConnection Server connection - model.nation.dutch]
May 01, 2018 11:52:59 AM net.sf.freecol.server.networking.Server sendToAll
INFO: Reap dead connection: [DummyConnection Server connection - model.nation.apache]
May 01, 2018 11:52:59 AM net.sf.freecol.server.networking.Server sendToAll
INFO: Reap dead connection: [DummyConnection Server connection - model.nation.spanish]
May 01, 2018 11:52:59 AM net.sf.freecol.server.networking.Server sendToAll
INFO: Reap dead connection: [DummyConnection Server connection - model.nation.english]
May 01, 2018 11:52:59 AM net.sf.freecol.server.networking.Server sendToAll
INFO: Reap dead connection: [DummyConnection Server connection - model.nation.iroquois]
May 01, 2018 11:52:59 AM net.sf.freecol.server.networking.Server sendToAll
INFO: Reap dead connection: [DummyConnection Server connection - model.nation.tupi]
May 01, 2018 11:52:59 AM net.sf.freecol.server.networking.Server sendToAll
INFO: Reap dead connection: [DummyConnection Server connection - model.nation.cherokee]
May 01, 2018 11:52:59 AM net.sf.freecol.server.networking.Server sendToAll
INFO: Reap dead connection: [DummyConnection Server connection - model.nation.sioux]
May 01, 2018 11:52:59 AM net.sf.freecol.common.model.LandMap <init>
INFO: Using land generator model.option.landGeneratorType.classic
May 01, 2018 11:52:59 AM net.sf.freecol.common.util.LogBuilder log
INFO: Destroying: tileImprovement:4066
May 01, 2018 11:52:59 AM net.sf.freecol.common.util.LogBuilder log
INFO: Destroying: tileImprovement:4068
May 01, 2018 11:52:59 AM net.sf.freecol.common.util.LogBuilder log
INFO: Destroying: tileImprovement:4070
May 01, 2018 11:52:59 AM net.sf.freecol.common.util.LogBuilder log
INFO: Destroying: tileImprovement:4047
May 01, 2018 11:52:59 AM net.sf.freecol.common.util.LogBuilder log
INFO: Destroying: tileImprovement:4049
May 01, 2018 11:52:59 AM net.sf.freecol.common.util.LogBuilder log
INFO: Destroying: tileImprovement:4051
May 01, 2018 11:52:59 AM net.sf.freecol.common.util.LogBuilder log
INFO: Destroying: tileImprovement:4053
May 01, 2018 11:52:59 AM net.sf.freecol.common.util.LogBuilder log
INFO: Destroying: tileImprovement:4055
May 01, 2018 11:52:59 AM net.sf.freecol.common.util.LogBuilder log
INFO: Destroying: tileImprovement:4057
May 01, 2018 11:52:59 AM net.sf.freecol.common.util.LogBuilder log
INFO: Destroying: tileImprovement:4059
May 01, 2018 11:52:59 AM net.sf.freecol.common.util.LogBuilder log
INFO: Destroying: tileImprovement:4202
May 01, 2018 11:52:59 AM net.sf.freecol.common.util.LogBuilder log
INFO: Destroying: tileImprovement:4204
May 01, 2018 11:52:59 AM net.sf.freecol.common.util.LogBuilder log
INFO: Destroying: tileImprovement:4206
May 01, 2018 11:52:59 AM net.sf.freecol.common.util.LogBuilder log
INFO: Destroying: tileImprovement:4208
May 01, 2018 11:52:59 AM net.sf.freecol.common.util.LogBuilder log
INFO: Destroying: tileImprovement:4210
May 01, 2018 11:52:59 AM net.sf.freecol.common.util.LogBuilder log
INFO: Destroying: tileImprovement:4212
May 01, 2018 11:52:59 AM net.sf.freecol.common.util.LogBuilder log
INFO: Destroying: tileImprovement:4236
May 01, 2018 11:52:59 AM net.sf.freecol.common.util.LogBuilder log
INFO: Destroying: tileImprovement:4237
May 01, 2018 11:52:59 AM net.sf.freecol.common.util.LogBuilder log
INFO: Destroying: tileImprovement:4238
May 01, 2018 11:52:59 AM net.sf.freecol.common.util.LogBuilder log
INFO: Destroying: tileImprovement:4239
May 01, 2018 11:52:59 AM net.sf.freecol.common.util.LogBuilder log
INFO: Destroying: tileImprovement:4240
May 01, 2018 11:52:59 AM net.sf.freecol.common.util.LogBuilder log
INFO: Destroying: tileImprovement:4241
May 01, 2018 11:52:59 AM net.sf.freecol.common.util.LogBuilder log
INFO: Destroying: tileImprovement:4242
May 01, 2018 11:52:59 AM net.sf.freecol.common.util.LogBuilder log
INFO: Destroying: tileImprovement:4260
May 01, 2018 11:52:59 AM net.sf.freecol.common.util.LogBuilder log
INFO: Destroying: tileImprovement:4262
May 01, 2018 11:52:59 AM net.sf.freecol.common.util.LogBuilder log
INFO: Destroying: tileImprovement:4264
May 01, 2018 11:52:59 AM net.sf.freecol.common.util.LogBuilder log
INFO: Destroying: tileImprovement:4254
May 01, 2018 11:52:59 AM net.sf.freecol.common.util.LogBuilder log
INFO: Destroying: tileImprovement:4255
May 01, 2018 11:52:59 AM net.sf.freecol.common.util.LogBuilder log
INFO: Destroying: tileImprovement:4256
May 01, 2018 11:52:59 AM net.sf.freecol.common.util.LogBuilder log
INFO: Destroying: tileImprovement:4257
May 01, 2018 11:52:59 AM net.sf.freecol.common.util.LogBuilder log
INFO: Destroying: tileImprovement:4258
May 01, 2018 11:52:59 AM net.sf.freecol.common.util.LogBuilder log
INFO: Destroying: tileImprovement:4259
May 01, 2018 11:52:59 AM net.sf.freecol.common.util.LogBuilder log
INFO: Destroying: tileImprovement:4183
May 01, 2018 11:52:59 AM net.sf.freecol.common.util.LogBuilder log
INFO: Destroying: tileImprovement:4185
May 01, 2018 11:52:59 AM net.sf.freecol.common.util.LogBuilder log
INFO: Destroying: tileImprovement:4187
May 01, 2018 11:52:59 AM net.sf.freecol.common.util.LogBuilder log
INFO: Destroying: tileImprovement:4189
May 01, 2018 11:52:59 AM net.sf.freecol.common.util.LogBuilder log
INFO: Destroying: tileImprovement:4062
May 01, 2018 11:52:59 AM net.sf.freecol.common.util.LogBuilder log
INFO: Destroying: tileImprovement:4064
May 01, 2018 11:52:59 AM net.sf.freecol.common.util.LogBuilder log
INFO: Destroying: tileImprovement:4217
May 01, 2018 11:52:59 AM net.sf.freecol.common.util.LogBuilder log
INFO: Destroying: tileImprovement:4218
May 01, 2018 11:52:59 AM net.sf.freecol.common.util.LogBuilder log
INFO: Destroying: tileImprovement:4219
May 01, 2018 11:52:59 AM net.sf.freecol.common.util.LogBuilder log
INFO: Destroying: tileImprovement:4192
May 01, 2018 11:52:59 AM net.sf.freecol.common.util.LogBuilder log
INFO: Destroying: tileImprovement:4194
May 01, 2018 11:52:59 AM net.sf.freecol.common.util.LogBuilder log
INFO: Destroying: tileImprovement:4196
May 01, 2018 11:52:59 AM net.sf.freecol.common.util.LogBuilder log
INFO: Destroying: tileImprovement:4157
May 01, 2018 11:52:59 AM net.sf.freecol.common.util.LogBuilder log
INFO: Destroying: tileImprovement:4159
May 01, 2018 11:52:59 AM net.sf.freecol.common.util.LogBuilder log
INFO: Destroying: tileImprovement:4161
May 01, 2018 11:52:59 AM net.sf.freecol.common.util.LogBuilder log
INFO: Destroying: tileImprovement:4163
May 01, 2018 11:52:59 AM net.sf.freecol.common.util.LogBuilder log
INFO: Destroying: tileImprovement:4165
May 01, 2018 11:52:59 AM net.sf.freecol.common.util.LogBuilder log
INFO: Destroying: tileImprovement:4167
May 01, 2018 11:52:59 AM net.sf.freecol.common.util.LogBuilder log
INFO: Destroying: tileImprovement:4169
May 01, 2018 11:52:59 AM net.sf.freecol.common.util.LogBuilder log
INFO: Destroying: tileImprovement:4171
May 01, 2018 11:52:59 AM net.sf.freecol.common.util.LogBuilder log
INFO: Destroying: tileImprovement:4173
May 01, 2018 11:52:59 AM net.sf.freecol.common.util.LogBuilder log
INFO: Destroying: tileImprovement:4175
May 01, 2018 11:52:59 AM net.sf.freecol.common.util.LogBuilder log
INFO: Destroying: tileImprovement:4177
May 01, 2018 11:52:59 AM net.sf.freecol.common.util.LogBuilder log
INFO: Destroying: tileImprovement:4179
May 01, 2018 11:52:59 AM net.sf.freecol.common.util.LogBuilder log
INFO: Destroying: tileImprovement:4181
May 01, 2018 11:52:59 AM net.sf.freecol.common.util.LogBuilder log
INFO: Destroying: tileImprovement:4363
May 01, 2018 11:52:59 AM net.sf.freecol.common.util.LogBuilder log
INFO: Destroying: tileImprovement:4364
May 01, 2018 11:52:59 AM net.sf.freecol.common.util.LogBuilder log
INFO: Destroying: tileImprovement:4365
May 01, 2018 11:52:59 AM net.sf.freecol.common.util.LogBuilder log
INFO: Destroying: tileImprovement:4366
May 01, 2018 11:52:59 AM net.sf.freecol.common.util.LogBuilder log
INFO: Destroying: tileImprovement:4514
May 01, 2018 11:52:59 AM net.sf.freecol.common.util.LogBuilder log
INFO: Destroying: tileImprovement:4516
May 01, 2018 11:52:59 AM net.sf.freecol.common.util.LogBuilder log
INFO: Destroying: tileImprovement:4518
May 01, 2018 11:52:59 AM net.sf.freecol.common.util.LogBuilder log
INFO: Destroying: tileImprovement:4520
May 01, 2018 11:52:59 AM net.sf.freecol.common.util.LogBuilder log
INFO: Destroying: tileImprovement:4522
May 01, 2018 11:52:59 AM net.sf.freecol.common.util.LogBuilder log
INFO: Destroying: tileImprovement:4524
May 01, 2018 11:52:59 AM net.sf.freecol.common.util.LogBuilder log
INFO: Destroying: tileImprovement:4526
May 01, 2018 11:52:59 AM net.sf.freecol.common.util.LogBuilder log
INFO: Destroying: tileImprovement:4528
May 01, 2018 11:52:59 AM net.sf.freecol.common.util.LogBuilder log
INFO: Destroying: tileImprovement:4506
May 01, 2018 11:52:59 AM net.sf.freecol.common.util.LogBuilder log
INFO: Destroying: tileImprovement:4508
May 01, 2018 11:52:59 AM net.sf.freecol.common.util.LogBuilder log
INFO: Destroying: tileImprovement:4510
May 01, 2018 11:52:59 AM net.sf.freecol.common.util.LogBuilder log
INFO: Destroying: tileImprovement:4512
May 01, 2018 11:52:59 AM net.sf.freecol.common.util.LogBuilder log
INFO: Destroying: tileImprovement:4550
May 01, 2018 11:52:59 AM net.sf.freecol.common.util.LogBuilder log
INFO: Destroying: tileImprovement:4551
May 01, 2018 11:52:59 AM net.sf.freecol.common.util.LogBuilder log
INFO: Destroying: tileImprovement:4552
May 01, 2018 11:52:59 AM net.sf.freecol.common.util.LogBuilder log
INFO: Destroying: tileImprovement:4553
May 01, 2018 11:52:59 AM net.sf.freecol.common.util.LogBuilder log
INFO: Destroying: tileImprovement:4554
May 01, 2018 11:52:59 AM net.sf.freecol.common.util.LogBuilder log
INFO: Destroying: tileImprovement:4555
May 01, 2018 11:52:59 AM net.sf.freecol.common.util.LogBuilder log
INFO: Destroying: tileImprovement:4556
May 01, 2018 11:52:59 AM net.sf.freecol.common.util.LogBuilder log
INFO: Destroying: tileImprovement:4557
May 01, 2018 11:52:59 AM net.sf.freecol.common.util.LogBuilder log
INFO: Destroying: tileImprovement:4376
May 01, 2018 11:52:59 AM net.sf.freecol.common.util.LogBuilder log
INFO: Destroying: tileImprovement:4377
May 01, 2018 11:52:59 AM net.sf.freecol.common.util.LogBuilder log
INFO: Destroying: tileImprovement:4486
May 01, 2018 11:52:59 AM net.sf.freecol.common.util.LogBuilder log
INFO: Destroying: tileImprovement:4488
May 01, 2018 11:52:59 AM net.sf.freecol.common.util.LogBuilder log
INFO: Destroying: tileImprovement:4490
May 01, 2018 11:52:59 AM net.sf.freecol.common.util.LogBuilder log
INFO: Destroying: tileImprovement:4492
May 01, 2018 11:52:59 AM net.sf.freecol.common.util.LogBuilder log
INFO: Destroying: tileImprovement:4494
May 01, 2018 11:52:59 AM net.sf.freecol.common.util.LogBuilder log
INFO: Destroying: tileImprovement:4496
May 01, 2018 11:52:59 AM net.sf.freecol.common.util.LogBuilder log
INFO: Destroying: tileImprovement:4473
May 01, 2018 11:52:59 AM net.sf.freecol.common.util.LogBuilder log
INFO: Destroying: tileImprovement:4474
May 01, 2018 11:52:59 AM net.sf.freecol.common.util.LogBuilder log
INFO: Destroying: tileImprovement:4475
May 01, 2018 11:52:59 AM net.sf.freecol.common.util.LogBuilder log
INFO: Destroying: tileImprovement:4476
May 01, 2018 11:52:59 AM net.sf.freecol.common.util.LogBuilder log
INFO: Destroying: tileImprovement:4477
May 01, 2018 11:52:59 AM net.sf.freecol.common.util.LogBuilder log
INFO: Destroying: tileImprovement:4478
May 01, 2018 11:52:59 AM net.sf.freecol.common.util.LogBuilder log
INFO: Destroying: tileImprovement:4479
May 01, 2018 11:52:59 AM net.sf.freecol.common.util.LogBuilder log
INFO: Destroying: tileImprovement:4480
May 01, 2018 11:52:59 AM net.sf.freecol.common.util.LogBuilder log
INFO: Destroying: tileImprovement:4481
May 01, 2018 11:52:59 AM net.sf.freecol.common.util.LogBuilder log
INFO: Destroying: tileImprovement:4482
May 01, 2018 11:52:59 AM net.sf.freecol.common.util.LogBuilder log
INFO: Destroying: tileImprovement:4483
May 01, 2018 11:52:59 AM net.sf.freecol.common.util.LogBuilder log
INFO: Destroying: tileImprovement:4484
May 01, 2018 11:52:59 AM net.sf.freecol.common.util.LogBuilder log
INFO: Destroying: tileImprovement:4485
May 01, 2018 11:52:59 AM net.sf.freecol.common.util.LogBuilder log
INFO: Destroying: tileImprovement:4301
May 01, 2018 11:52:59 AM net.sf.freecol.common.util.LogBuilder log
INFO: Destroying: tileImprovement:4303
May 01, 2018 11:52:59 AM net.sf.freecol.common.util.LogBuilder log
INFO: Destroying: tileImprovement:4305
May 01, 2018 11:52:59 AM net.sf.freecol.common.util.LogBuilder log
INFO: Destroying: tileImprovement:4594
May 01, 2018 11:52:59 AM net.sf.freecol.common.util.LogBuilder log
INFO: Destroying: tileImprovement:4596
May 01, 2018 11:52:59 AM net.sf.freecol.common.util.LogBuilder log
INFO: Destroying: tileImprovement:4598
May 01, 2018 11:52:59 AM net.sf.freecol.common.util.LogBuilder log
INFO: Destroying: tileImprovement:4289
May 01, 2018 11:52:59 AM net.sf.freecol.common.util.LogBuilder log
INFO: Destroying: tileImprovement:4291
May 01, 2018 11:52:59 AM net.sf.freecol.common.util.LogBuilder log
INFO: Destroying: tileImprovement:4293
May 01, 2018 11:52:59 AM net.sf.freecol.common.util.LogBuilder log
INFO: Destroying: tileImprovement:4736
May 01, 2018 11:52:59 AM net.sf.freecol.common.util.LogBuilder log
INFO: Destroying: tileImprovement:4737
May 01, 2018 11:52:59 AM net.sf.freecol.common.util.LogBuilder log
INFO: Destroying: tileImprovement:4738
May 01, 2018 11:52:59 AM net.sf.freecol.common.util.LogBuilder log
INFO: Destroying: tileImprovement:4720
May 01, 2018 11:52:59 AM net.sf.freecol.common.util.LogBuilder log
INFO: Destroying: tileImprovement:4722
May 01, 2018 11:52:59 AM net.sf.freecol.common.util.LogBuilder log
INFO: Destroying: tileImprovement:4717
May 01, 2018 11:52:59 AM net.sf.freecol.common.util.LogBuilder log
INFO: Destroying: tileImprovement:4718
May 01, 2018 11:52:59 AM net.sf.freecol.common.util.LogBuilder log
INFO: Destroying: tileImprovement:4719
May 01, 2018 11:52:59 AM net.sf.freecol.common.util.LogBuilder log
INFO: Destroying: tileImprovement:4243
May 01, 2018 11:52:59 AM net.sf.freecol.common.util.LogBuilder log
INFO: Destroying: tileImprovement:4245
May 01, 2018 11:52:59 AM net.sf.freecol.common.util.LogBuilder log
INFO: Destroying: tileImprovement:4247
May 01, 2018 11:52:59 AM net.sf.freecol.common.util.LogBuilder log
INFO: Destroying: tileImprovement:4249
May 01, 2018 11:52:59 AM net.sf.freecol.common.util.LogBuilder log
INFO: Destroying: tileImprovement:4251
May 01, 2018 11:52:59 AM net.sf.freecol.common.util.LogBuilder log
INFO: Destroying: tileImprovement:4590
May 01, 2018 11:52:59 AM net.sf.freecol.common.util.LogBuilder log
INFO: Destroying: tileImprovement:4592
May 01, 2018 11:52:59 AM net.sf.freecol.server.FreeColServer readGame
INFO: Found savegame version 11
May 01, 2018 11:52:59 AM net.sf.freecol.server.FreeColServer readGame
INFO: Imported file data/maps/Africa.fsg
May 01, 2018 11:52:59 AM net.sf.freecol.server.FreeColServer readGame
INFO: Found savegame version 13
May 01, 2018 11:52:59 AM net.sf.freecol.server.FreeColServer readGame
INFO: Imported file data/maps/America_large.fsg
May 01, 2018 11:52:59 AM net.sf.freecol.server.FreeColServer readGame
INFO: Found savegame version 11
May 01, 2018 11:52:59 AM net.sf.freecol.server.FreeColServer readGame
INFO: Imported file data/maps/Australia.fsg
May 01, 2018 11:52:59 AM net.sf.freecol.server.FreeColServer readGame
INFO: Found savegame version 11
May 01, 2018 11:52:59 AM net.sf.freecol.server.FreeColServer readGame
INFO: Imported file data/maps/Caribbean_basin.fsg
May 01, 2018 11:52:59 AM net.sf.freecol.common.model.LandMap <init>
INFO: Using land generator model.option.landGeneratorType.classic
May 01, 2018 11:52:59 AM net.sf.freecol.common.util.LogBuilder log
INFO: Destroying: tileImprovement:4045
May 01, 2018 11:52:59 AM net.sf.freecol.common.util.LogBuilder log
INFO: Destroying: tileImprovement:4047
May 01, 2018 11:52:59 AM net.sf.freecol.common.util.LogBuilder log
INFO: Destroying: tileImprovement:4049
May 01, 2018 11:52:59 AM net.sf.freecol.common.util.LogBuilder log
INFO: Destroying: tileImprovement:4026
May 01, 2018 11:52:59 AM net.sf.freecol.common.util.LogBuilder log
INFO: Destroying: tileImprovement:4028
May 01, 2018 11:52:59 AM net.sf.freecol.common.util.LogBuilder log
INFO: Destroying: tileImprovement:4030
May 01, 2018 11:52:59 AM net.sf.freecol.common.util.LogBuilder log
INFO: Destroying: tileImprovement:4032
May 01, 2018 11:52:59 AM net.sf.freecol.common.util.LogBuilder log
INFO: Destroying: tileImprovement:4034
May 01, 2018 11:52:59 AM net.sf.freecol.common.util.LogBuilder log
INFO: Destroying: tileImprovement:4036
May 01, 2018 11:52:59 AM net.sf.freecol.common.util.LogBuilder log
INFO: Destroying: tileImprovement:4038
May 01, 2018 11:52:59 AM net.sf.freecol.common.util.LogBuilder log
INFO: Destroying: tileImprovement:4181
May 01, 2018 11:52:59 AM net.sf.freecol.common.util.LogBuilder log
INFO: Destroying: tileImprovement:4183
May 01, 2018 11:52:59 AM net.sf.freecol.common.util.LogBuilder log
INFO: Destroying: tileImprovement:4185
May 01, 2018 11:52:59 AM net.sf.freecol.common.util.LogBuilder log
INFO: Destroying: tileImprovement:4187
May 01, 2018 11:52:59 AM net.sf.freecol.common.util.LogBuilder log
INFO: Destroying: tileImprovement:4189
May 01, 2018 11:52:59 AM net.sf.freecol.common.util.LogBuilder log
INFO: Destroying: tileImprovement:4191
May 01, 2018 11:52:59 AM net.sf.freecol.common.util.LogBuilder log
INFO: Destroying: tileImprovement:4215
May 01, 2018 11:52:59 AM net.sf.freecol.common.util.LogBuilder log
INFO: Destroying: tileImprovement:4216
May 01, 2018 11:52:59 AM net.sf.freecol.common.util.LogBuilder log
INFO: Destroying: tileImprovement:4217
May 01, 2018 11:52:59 AM net.sf.freecol.common.util.LogBuilder log
INFO: Destroying: tileImprovement:4218
May 01, 2018 11:52:59 AM net.sf.freecol.common.util.LogBuilder log
INFO: Destroying: tileImprovement:4219
May 01, 2018 11:52:59 AM net.sf.freecol.common.util.LogBuilder log
INFO: Destroying: tileImprovement:4220
May 01, 2018 11:52:59 AM net.sf.freecol.common.util.LogBuilder log
INFO: Destroying: tileImprovement:4221
May 01, 2018 11:52:59 AM net.sf.freecol.common.util.LogBuilder log
INFO: Destroying: tileImprovement:4239
May 01, 2018 11:52:59 AM net.sf.freecol.common.util.LogBuilder log
INFO: Destroying: tileImprovement:4241
May 01, 2018 11:52:59 AM net.sf.freecol.common.util.LogBuilder log
INFO: Destroying: tileImprovement:4243
May 01, 2018 11:52:59 AM net.sf.freecol.common.util.LogBuilder log
INFO: Destroying: tileImprovement:4233
May 01, 2018 11:52:59 AM net.sf.freecol.common.util.LogBuilder log
INFO: Destroying: tileImprovement:4234
May 01, 2018 11:52:59 AM net.sf.freecol.common.util.LogBuilder log
INFO: Destroying: tileImprovement:4235
May 01, 2018 11:52:59 AM net.sf.freecol.common.util.LogBuilder log
INFO: Destroying: tileImprovement:4236
May 01, 2018 11:52:59 AM net.sf.freecol.common.util.LogBuilder log
INFO: Destroying: tileImprovement:4237
May 01, 2018 11:52:59 AM net.sf.freecol.common.util.LogBuilder log
INFO: Destroying: tileImprovement:4238
May 01, 2018 11:52:59 AM net.sf.freecol.common.util.LogBuilder log
INFO: Destroying: tileImprovement:4162
May 01, 2018 11:52:59 AM net.sf.freecol.common.util.LogBuilder log
INFO: Destroying: tileImprovement:4164
May 01, 2018 11:52:59 AM net.sf.freecol.common.util.LogBuilder log
INFO: Destroying: tileImprovement:4166
May 01, 2018 11:52:59 AM net.sf.freecol.common.util.LogBuilder log
INFO: Destroying: tileImprovement:4168
May 01, 2018 11:52:59 AM net.sf.freecol.common.util.LogBuilder log
INFO: Destroying: tileImprovement:4041
May 01, 2018 11:52:59 AM net.sf.freecol.common.util.LogBuilder log
INFO: Destroying: tileImprovement:4043
May 01, 2018 11:52:59 AM net.sf.freecol.common.util.LogBuilder log
INFO: Destroying: tileImprovement:4196
May 01, 2018 11:52:59 AM net.sf.freecol.common.util.LogBuilder log
INFO: Destroying: tileImprovement:4197
May 01, 2018 11:52:59 AM net.sf.freecol.common.util.LogBuilder log
INFO: Destroying: tileImprovement:4198
May 01, 2018 11:52:59 AM net.sf.freecol.common.util.LogBuilder log
INFO: Destroying: tileImprovement:4171
May 01, 2018 11:52:59 AM net.sf.freecol.common.util.LogBuilder log
INFO: Destroying: tileImprovement:4173
May 01, 2018 11:52:59 AM net.sf.freecol.common.util.LogBuilder log
INFO: Destroying: tileImprovement:4175
May 01, 2018 11:52:59 AM net.sf.freecol.common.util.LogBuilder log
INFO: Destroying: tileImprovement:4136
May 01, 2018 11:52:59 AM net.sf.freecol.common.util.LogBuilder log
INFO: Destroying: tileImprovement:4138
May 01, 2018 11:52:59 AM net.sf.freecol.common.util.LogBuilder log
INFO: Destroying: tileImprovement:4140
May 01, 2018 11:52:59 AM net.sf.freecol.common.util.LogBuilder log
INFO: Destroying: tileImprovement:4142
May 01, 2018 11:52:59 AM net.sf.freecol.common.util.LogBuilder log
INFO: Destroying: tileImprovement:4144
May 01, 2018 11:52:59 AM net.sf.freecol.common.util.LogBuilder log
INFO: Destroying: tileImprovement:4146
May 01, 2018 11:52:59 AM net.sf.freecol.common.util.LogBuilder log
INFO: Destroying: tileImprovement:4148
May 01, 2018 11:52:59 AM net.sf.freecol.common.util.LogBuilder log
INFO: Destroying: tileImprovement:4150
May 01, 2018 11:52:59 AM net.sf.freecol.common.util.LogBuilder log
INFO: Destroying: tileImprovement:4152
May 01, 2018 11:52:59 AM net.sf.freecol.common.util.LogBuilder log
INFO: Destroying: tileImprovement:4154
May 01, 2018 11:52:59 AM net.sf.freecol.common.util.LogBuilder log
INFO: Destroying: tileImprovement:4156
May 01, 2018 11:52:59 AM net.sf.freecol.common.util.LogBuilder log
INFO: Destroying: tileImprovement:4158
May 01, 2018 11:52:59 AM net.sf.freecol.common.util.LogBuilder log
INFO: Destroying: tileImprovement:4160
May 01, 2018 11:52:59 AM net.sf.freecol.common.util.LogBuilder log
INFO: Destroying: tileImprovement:4342
May 01, 2018 11:52:59 AM net.sf.freecol.common.util.LogBuilder log
INFO: Destroying: tileImprovement:4343
May 01, 2018 11:52:59 AM net.sf.freecol.common.util.LogBuilder log
INFO: Destroying: tileImprovement:4344
May 01, 2018 11:52:59 AM net.sf.freecol.common.util.LogBuilder log
INFO: Destroying: tileImprovement:4345
May 01, 2018 11:52:59 AM net.sf.freecol.common.util.LogBuilder log
INFO: Destroying: tileImprovement:4493
May 01, 2018 11:52:59 AM net.sf.freecol.common.util.LogBuilder log
INFO: Destroying: tileImprovement:4495
May 01, 2018 11:52:59 AM net.sf.freecol.common.util.LogBuilder log
INFO: Destroying: tileImprovement:4497
May 01, 2018 11:52:59 AM net.sf.freecol.common.util.LogBuilder log
INFO: Destroying: tileImprovement:4499
May 01, 2018 11:52:59 AM net.sf.freecol.common.util.LogBuilder log
INFO: Destroying: tileImprovement:4501
May 01, 2018 11:52:59 AM net.sf.freecol.common.util.LogBuilder log
INFO: Destroying: tileImprovement:4503
May 01, 2018 11:52:59 AM net.sf.freecol.common.util.LogBuilder log
INFO: Destroying: tileImprovement:4505
May 01, 2018 11:52:59 AM net.sf.freecol.common.util.LogBuilder log
INFO: Destroying: tileImprovement:4507
May 01, 2018 11:52:59 AM net.sf.freecol.common.util.LogBuilder log
INFO: Destroying: tileImprovement:4485
May 01, 2018 11:52:59 AM net.sf.freecol.common.util.LogBuilder log
INFO: Destroying: tileImprovement:4487
May 01, 2018 11:52:59 AM net.sf.freecol.common.util.LogBuilder log
INFO: Destroying: tileImprovement:4489
May 01, 2018 11:52:59 AM net.sf.freecol.common.util.LogBuilder log
INFO: Destroying: tileImprovement:4491
May 01, 2018 11:52:59 AM net.sf.freecol.common.util.LogBuilder log
INFO: Destroying: tileImprovement:4529
May 01, 2018 11:52:59 AM net.sf.freecol.common.util.LogBuilder log
INFO: Destroying: tileImprovement:4530
May 01, 2018 11:52:59 AM net.sf.freecol.common.util.LogBuilder log
INFO: Destroying: tileImprovement:4531
May 01, 2018 11:52:59 AM net.sf.freecol.common.util.LogBuilder log
INFO: Destroying: tileImprovement:4532
May 01, 2018 11:52:59 AM net.sf.freecol.common.util.LogBuilder log
INFO: Destroying: tileImprovement:4533
May 01, 2018 11:52:59 AM net.sf.freecol.common.util.LogBuilder log
INFO: Destroying: tileImprovement:4534
May 01, 2018 11:52:59 AM net.sf.freecol.common.util.LogBuilder log
INFO: Destroying: tileImprovement:4535
May 01, 2018 11:52:59 AM net.sf.freecol.common.util.LogBuilder log
INFO: Destroying: tileImprovement:4536
May 01, 2018 11:52:59 AM net.sf.freecol.common.util.LogBuilder log
INFO: Destroying: tileImprovement:4355
May 01, 2018 11:52:59 AM net.sf.freecol.common.util.LogBuilder log
INFO: Destroying: tileImprovement:4356
May 01, 2018 11:52:59 AM net.sf.freecol.common.util.LogBuilder log
INFO: Destroying: tileImprovement:4465
May 01, 2018 11:52:59 AM net.sf.freecol.common.util.LogBuilder log
INFO: Destroying: tileImprovement:4467
May 01, 2018 11:52:59 AM net.sf.freecol.common.util.LogBuilder log
INFO: Destroying: tileImprovement:4469
May 01, 2018 11:52:59 AM net.sf.freecol.common.util.LogBuilder log
INFO: Destroying: tileImprovement:4471
May 01, 2018 11:52:59 AM net.sf.freecol.common.util.LogBuilder log
INFO: Destroying: tileImprovement:4473
May 01, 2018 11:52:59 AM net.sf.freecol.common.util.LogBuilder log
INFO: Destroying: tileImprovement:4475
May 01, 2018 11:52:59 AM net.sf.freecol.common.util.LogBuilder log
INFO: Destroying: tileImprovement:4452
May 01, 2018 11:52:59 AM net.sf.freecol.common.util.LogBuilder log
INFO: Destroying: tileImprovement:4453
May 01, 2018 11:52:59 AM net.sf.freecol.common.util.LogBuilder log
INFO: Destroying: tileImprovement:4454
May 01, 2018 11:52:59 AM net.sf.freecol.common.util.LogBuilder log
INFO: Destroying: tileImprovement:4455
May 01, 2018 11:52:59 AM net.sf.freecol.common.util.LogBuilder log
INFO: Destroying: tileImprovement:4456
May 01, 2018 11:52:59 AM net.sf.freecol.common.util.LogBuilder log
INFO: Destroying: tileImprovement:4457
May 01, 2018 11:52:59 AM net.sf.freecol.common.util.LogBuilder log
INFO: Destroying: tileImprovement:4458
May 01, 2018 11:52:59 AM net.sf.freecol.common.util.LogBuilder log
INFO: Destroying: tileImprovement:4459
May 01, 2018 11:52:59 AM net.sf.freecol.common.util.LogBuilder log
INFO: Destroying: tileImprovement:4460
May 01, 2018 11:52:59 AM net.sf.freecol.common.util.LogBuilder log
INFO: Destroying: tileImprovement:4461
May 01, 2018 11:52:59 AM net.sf.freecol.common.util.LogBuilder log
INFO: Destroying: tileImprovement:4462
May 01, 2018 11:52:59 AM net.sf.freecol.common.util.LogBuilder log
INFO: Destroying: tileImprovement:4463
May 01, 2018 11:52:59 AM net.sf.freecol.common.util.LogBuilder log
INFO: Destroying: tileImprovement:4464
May 01, 2018 11:52:59 AM net.sf.freecol.common.util.LogBuilder log
INFO: Destroying: tileImprovement:4280
May 01, 2018 11:52:59 AM net.sf.freecol.common.util.LogBuilder log
INFO: Destroying: tileImprovement:4282
May 01, 2018 11:52:59 AM net.sf.freecol.common.util.LogBuilder log
INFO: Destroying: tileImprovement:4284
May 01, 2018 11:52:59 AM net.sf.freecol.common.util.LogBuilder log
INFO: Destroying: tileImprovement:4573
May 01, 2018 11:52:59 AM net.sf.freecol.common.util.LogBuilder log
INFO: Destroying: tileImprovement:4575
May 01, 2018 11:52:59 AM net.sf.freecol.common.util.LogBuilder log
INFO: Destroying: tileImprovement:4577
May 01, 2018 11:52:59 AM net.sf.freecol.common.util.LogBuilder log
INFO: Destroying: tileImprovement:4268
May 01, 2018 11:52:59 AM net.sf.freecol.common.util.LogBuilder log
INFO: Destroying: tileImprovement:4270
May 01, 2018 11:52:59 AM net.sf.freecol.common.util.LogBuilder log
INFO: Destroying: tileImprovement:4272
May 01, 2018 11:52:59 AM net.sf.freecol.common.util.LogBuilder log
INFO: Destroying: tileImprovement:4715
May 01, 2018 11:52:59 AM net.sf.freecol.common.util.LogBuilder log
INFO: Destroying: tileImprovement:4716
May 01, 2018 11:52:59 AM net.sf.freecol.common.util.LogBuilder log
INFO: Destroying: tileImprovement:4717
May 01, 2018 11:52:59 AM net.sf.freecol.common.util.LogBuilder log
INFO: Destroying: tileImprovement:4699
May 01, 2018 11:52:59 AM net.sf.freecol.common.util.LogBuilder log
INFO: Destroying: tileImprovement:4701
May 01, 2018 11:52:59 AM net.sf.freecol.common.util.LogBuilder log
INFO: Destroying: tileImprovement:4696
May 01, 2018 11:52:59 AM net.sf.freecol.common.util.LogBuilder log
INFO: Destroying: tileImprovement:4697
May 01, 2018 11:52:59 AM net.sf.freecol.common.util.LogBuilder log
INFO: Destroying: tileImprovement:4698
May 01, 2018 11:52:59 AM net.sf.freecol.common.util.LogBuilder log
INFO: Destroying: tileImprovement:4222
May 01, 2018 11:52:59 AM net.sf.freecol.common.util.LogBuilder log
INFO: Destroying: tileImprovement:4224
May 01, 2018 11:52:59 AM net.sf.freecol.common.util.LogBuilder log
INFO: Destroying: tileImprovement:4226
May 01, 2018 11:52:59 AM net.sf.freecol.common.util.LogBuilder log
INFO: Destroying: tileImprovement:4228
May 01, 2018 11:52:59 AM net.sf.freecol.common.util.LogBuilder log
INFO: Destroying: tileImprovement:4230
May 01, 2018 11:52:59 AM net.sf.freecol.common.util.LogBuilder log
INFO: Destroying: tileImprovement:4569
May 01, 2018 11:52:59 AM net.sf.freecol.common.util.LogBuilder log
INFO: Destroying: tileImprovement:4571
May 01, 2018 11:52:59 AM net.sf.freecol.common.model.Game addPlayer
WARNING: Game already full, but tried to add: Dom Manuel I
May 01, 2018 11:52:59 AM net.sf.freecol.common.model.Game addPlayer
WARNING: Game already full, but tried to add: Charles XI
May 01, 2018 11:52:59 AM net.sf.freecol.common.model.Game addPlayer
WARNING: Game already full, but tried to add: Frederick II
May 01, 2018 11:52:59 AM net.sf.freecol.common.model.Game addPlayer
WARNING: Game already full, but tried to add: Peter I
May 01, 2018 11:52:59 AM net.sf.freecol.common.model.LandMap <init>
INFO: Using land generator model.option.landGeneratorType.classic
May 01, 2018 11:53:00 AM net.sf.freecol.common.util.LogBuilder log
INFO: Destroying: tileImprovement:4213
May 01, 2018 11:53:00 AM net.sf.freecol.common.util.LogBuilder log
INFO: Destroying: tileImprovement:4215
May 01, 2018 11:53:00 AM net.sf.freecol.common.util.LogBuilder log
INFO: Destroying: tileImprovement:4217
May 01, 2018 11:53:00 AM net.sf.freecol.common.util.LogBuilder log
INFO: Destroying: tileImprovement:4194
May 01, 2018 11:53:00 AM net.sf.freecol.common.util.LogBuilder log
INFO: Destroying: tileImprovement:4196
May 01, 2018 11:53:00 AM net.sf.freecol.common.util.LogBuilder log
INFO: Destroying: tileImprovement:4198
May 01, 2018 11:53:00 AM net.sf.freecol.common.util.LogBuilder log
INFO: Destroying: tileImprovement:4200
May 01, 2018 11:53:00 AM net.sf.freecol.common.util.LogBuilder log
INFO: Destroying: tileImprovement:4202
May 01, 2018 11:53:00 AM net.sf.freecol.common.util.LogBuilder log
INFO: Destroying: tileImprovement:4204
May 01, 2018 11:53:00 AM net.sf.freecol.common.util.LogBuilder log
INFO: Destroying: tileImprovement:4206
May 01, 2018 11:53:00 AM net.sf.freecol.common.util.LogBuilder log
INFO: Destroying: tileImprovement:4349
May 01, 2018 11:53:00 AM net.sf.freecol.common.util.LogBuilder log
INFO: Destroying: tileImprovement:4351
May 01, 2018 11:53:00 AM net.sf.freecol.common.util.LogBuilder log
INFO: Destroying: tileImprovement:4353
May 01, 2018 11:53:00 AM net.sf.freecol.common.util.LogBuilder log
INFO: Destroying: tileImprovement:4355
May 01, 2018 11:53:00 AM net.sf.freecol.common.util.LogBuilder log
INFO: Destroying: tileImprovement:4357
May 01, 2018 11:53:00 AM net.sf.freecol.common.util.LogBuilder log
INFO: Destroying: tileImprovement:4359
May 01, 2018 11:53:00 AM net.sf.freecol.common.util.LogBuilder log
INFO: Destroying: tileImprovement:4383
May 01, 2018 11:53:00 AM net.sf.freecol.common.util.LogBuilder log
INFO: Destroying: tileImprovement:4384
May 01, 2018 11:53:00 AM net.sf.freecol.common.util.LogBuilder log
INFO: Destroying: tileImprovement:4385
May 01, 2018 11:53:00 AM net.sf.freecol.common.util.LogBuilder log
INFO: Destroying: tileImprovement:4386
May 01, 2018 11:53:00 AM net.sf.freecol.common.util.LogBuilder log
INFO: Destroying: tileImprovement:4387
May 01, 2018 11:53:00 AM net.sf.freecol.common.util.LogBuilder log
INFO: Destroying: tileImprovement:4388
May 01, 2018 11:53:00 AM net.sf.freecol.common.util.LogBuilder log
INFO: Destroying: tileImprovement:4389
May 01, 2018 11:53:00 AM net.sf.freecol.common.util.LogBuilder log
INFO: Destroying: tileImprovement:4407
May 01, 2018 11:53:00 AM net.sf.freecol.common.util.LogBuilder log
INFO: Destroying: tileImprovement:4409
May 01, 2018 11:53:00 AM net.sf.freecol.common.util.LogBuilder log
INFO: Destroying: tileImprovement:4411
May 01, 2018 11:53:00 AM net.sf.freecol.common.util.LogBuilder log
INFO: Destroying: tileImprovement:4401
May 01, 2018 11:53:00 AM net.sf.freecol.common.util.LogBuilder log
INFO: Destroying: tileImprovement:4402
May 01, 2018 11:53:00 AM net.sf.freecol.common.util.LogBuilder log
INFO: Destroying: tileImprovement:4403
May 01, 2018 11:53:00 AM net.sf.freecol.common.util.LogBuilder log
INFO: Destroying: tileImprovement:4404
May 01, 2018 11:53:00 AM net.sf.freecol.common.util.LogBuilder log
INFO: Destroying: tileImprovement:4405
May 01, 2018 11:53:00 AM net.sf.freecol.common.util.LogBuilder log
INFO: Destroying: tileImprovement:4406
May 01, 2018 11:53:00 AM net.sf.freecol.common.util.LogBuilder log
INFO: Destroying: tileImprovement:4330
May 01, 2018 11:53:00 AM net.sf.freecol.common.util.LogBuilder log
INFO: Destroying: tileImprovement:4332
May 01, 2018 11:53:00 AM net.sf.freecol.common.util.LogBuilder log
INFO: Destroying: tileImprovement:4334
May 01, 2018 11:53:00 AM net.sf.freecol.common.util.LogBuilder log
INFO: Destroying: tileImprovement:4336
May 01, 2018 11:53:00 AM net.sf.freecol.common.util.LogBuilder log
INFO: Destroying: tileImprovement:4209
May 01, 2018 11:53:00 AM net.sf.freecol.common.util.LogBuilder log
INFO: Destroying: tileImprovement:4211
May 01, 2018 11:53:00 AM net.sf.freecol.common.util.LogBuilder log
INFO: Destroying: tileImprovement:4364
May 01, 2018 11:53:00 AM net.sf.freecol.common.util.LogBuilder log
INFO: Destroying: tileImprovement:4365
May 01, 2018 11:53:00 AM net.sf.freecol.common.util.LogBuilder log
INFO: Destroying: tileImprovement:4366
May 01, 2018 11:53:00 AM net.sf.freecol.common.util.LogBuilder log
INFO: Destroying: tileImprovement:4339
May 01, 2018 11:53:00 AM net.sf.freecol.common.util.LogBuilder log
INFO: Destroying: tileImprovement:4341
May 01, 2018 11:53:00 AM net.sf.freecol.common.util.LogBuilder log
INFO: Destroying: tileImprovement:4343
May 01, 2018 11:53:00 AM net.sf.freecol.common.util.LogBuilder log
INFO: Destroying: tileImprovement:4304
May 01, 2018 11:53:00 AM net.sf.freecol.common.util.LogBuilder log
INFO: Destroying: tileImprovement:4306
May 01, 2018 11:53:00 AM net.sf.freecol.common.util.LogBuilder log
INFO: Destroying: tileImprovement:4308
May 01, 2018 11:53:00 AM net.sf.freecol.common.util.LogBuilder log
INFO: Destroying: tileImprovement:4310
May 01, 2018 11:53:00 AM net.sf.freecol.common.util.LogBuilder log
INFO: Destroying: tileImprovement:4312
May 01, 2018 11:53:00 AM net.sf.freecol.common.util.LogBuilder log
INFO: Destroying: tileImprovement:4314
May 01, 2018 11:53:00 AM net.sf.freecol.common.util.LogBuilder log
INFO: Destroying: tileImprovement:4316
May 01, 2018 11:53:00 AM net.sf.freecol.common.util.LogBuilder log
INFO: Destroying: tileImprovement:4318
May 01, 2018 11:53:00 AM net.sf.freecol.common.util.LogBuilder log
INFO: Destroying: tileImprovement:4320
May 01, 2018 11:53:00 AM net.sf.freecol.common.util.LogBuilder log
INFO: Destroying: tileImprovement:4322
May 01, 2018 11:53:00 AM net.sf.freecol.common.util.LogBuilder log
INFO: Destroying: tileImprovement:4324
May 01, 2018 11:53:00 AM net.sf.freecol.common.util.LogBuilder log
INFO: Destroying: tileImprovement:4326
May 01, 2018 11:53:00 AM net.sf.freecol.common.util.LogBuilder log
INFO: Destroying: tileImprovement:4328
May 01, 2018 11:53:00 AM net.sf.freecol.common.util.LogBuilder log
INFO: Destroying: tileImprovement:4510
May 01, 2018 11:53:00 AM net.sf.freecol.common.util.LogBuilder log
INFO: Destroying: tileImprovement:4511
May 01, 2018 11:53:00 AM net.sf.freecol.common.util.LogBuilder log
INFO: Destroying: tileImprovement:4512
May 01, 2018 11:53:00 AM net.sf.freecol.common.util.LogBuilder log
INFO: Destroying: tileImprovement:4513
May 01, 2018 11:53:00 AM net.sf.freecol.common.util.LogBuilder log
INFO: Destroying: tileImprovement:4661
May 01, 2018 11:53:00 AM net.sf.freecol.common.util.LogBuilder log
INFO: Destroying: tileImprovement:4663
May 01, 2018 11:53:00 AM net.sf.freecol.common.util.LogBuilder log
INFO: Destroying: tileImprovement:4665
May 01, 2018 11:53:00 AM net.sf.freecol.common.util.LogBuilder log
INFO: Destroying: tileImprovement:4667
May 01, 2018 11:53:00 AM net.sf.freecol.common.util.LogBuilder log
INFO: Destroying: tileImprovement:4669
May 01, 2018 11:53:00 AM net.sf.freecol.common.util.LogBuilder log
INFO: Destroying: tileImprovement:4671
May 01, 2018 11:53:00 AM net.sf.freecol.common.util.LogBuilder log
INFO: Destroying: tileImprovement:4673
May 01, 2018 11:53:00 AM net.sf.freecol.common.util.LogBuilder log
INFO: Destroying: tileImprovement:4675
May 01, 2018 11:53:00 AM net.sf.freecol.common.util.LogBuilder log
INFO: Destroying: tileImprovement:4653
May 01, 2018 11:53:00 AM net.sf.freecol.common.util.LogBuilder log
INFO: Destroying: tileImprovement:4655
May 01, 2018 11:53:00 AM net.sf.freecol.common.util.LogBuilder log
INFO: Destroying: tileImprovement:4657
May 01, 2018 11:53:00 AM net.sf.freecol.common.util.LogBuilder log
INFO: Destroying: tileImprovement:4659
May 01, 2018 11:53:00 AM net.sf.freecol.common.util.LogBuilder log
INFO: Destroying: tileImprovement:4697
May 01, 2018 11:53:00 AM net.sf.freecol.common.util.LogBuilder log
INFO: Destroying: tileImprovement:4698
May 01, 2018 11:53:00 AM net.sf.freecol.common.util.LogBuilder log
INFO: Destroying: tileImprovement:4699
May 01, 2018 11:53:00 AM net.sf.freecol.common.util.LogBuilder log
INFO: Destroying: tileImprovement:4700
May 01, 2018 11:53:00 AM net.sf.freecol.common.util.LogBuilder log
INFO: Destroying: tileImprovement:4701
May 01, 2018 11:53:00 AM net.sf.freecol.common.util.LogBuilder log
INFO: Destroying: tileImprovement:4702
May 01, 2018 11:53:00 AM net.sf.freecol.common.util.LogBuilder log
INFO: Destroying: tileImprovement:4703
May 01, 2018 11:53:00 AM net.sf.freecol.common.util.LogBuilder log
INFO: Destroying: tileImprovement:4704
May 01, 2018 11:53:00 AM net.sf.freecol.common.util.LogBuilder log
INFO: Destroying: tileImprovement:4523
May 01, 2018 11:53:00 AM net.sf.freecol.common.util.LogBuilder log
INFO: Destroying: tileImprovement:4524
May 01, 2018 11:53:00 AM net.sf.freecol.common.util.LogBuilder log
INFO: Destroying: tileImprovement:4633
May 01, 2018 11:53:00 AM net.sf.freecol.common.util.LogBuilder log
INFO: Destroying: tileImprovement:4635
May 01, 2018 11:53:00 AM net.sf.freecol.common.util.LogBuilder log
INFO: Destroying: tileImprovement:4637
May 01, 2018 11:53:00 AM net.sf.freecol.common.util.LogBuilder log
INFO: Destroying: tileImprovement:4639
May 01, 2018 11:53:00 AM net.sf.freecol.common.util.LogBuilder log
INFO: Destroying: tileImprovement:4641
May 01, 2018 11:53:00 AM net.sf.freecol.common.util.LogBuilder log
INFO: Destroying: tileImprovement:4643
May 01, 2018 11:53:00 AM net.sf.freecol.common.util.LogBuilder log
INFO: Destroying: tileImprovement:4620
May 01, 2018 11:53:00 AM net.sf.freecol.common.util.LogBuilder log
INFO: Destroying: tileImprovement:4621
May 01, 2018 11:53:00 AM net.sf.freecol.common.util.LogBuilder log
INFO: Destroying: tileImprovement:4622
May 01, 2018 11:53:00 AM net.sf.freecol.common.util.LogBuilder log
INFO: Destroying: tileImprovement:4623
May 01, 2018 11:53:00 AM net.sf.freecol.common.util.LogBuilder log
INFO: Destroying: tileImprovement:4624
May 01, 2018 11:53:00 AM net.sf.freecol.common.util.LogBuilder log
INFO: Destroying: tileImprovement:4625
May 01, 2018 11:53:00 AM net.sf.freecol.common.util.LogBuilder log
INFO: Destroying: tileImprovement:4626
May 01, 2018 11:53:00 AM net.sf.freecol.common.util.LogBuilder log
INFO: Destroying: tileImprovement:4627
May 01, 2018 11:53:00 AM net.sf.freecol.common.util.LogBuilder log
INFO: Destroying: tileImprovement:4628
May 01, 2018 11:53:00 AM net.sf.freecol.common.util.LogBuilder log
INFO: Destroying: tileImprovement:4629
May 01, 2018 11:53:00 AM net.sf.freecol.common.util.LogBuilder log
INFO: Destroying: tileImprovement:4630
May 01, 2018 11:53:00 AM net.sf.freecol.common.util.LogBuilder log
INFO: Destroying: tileImprovement:4631
May 01, 2018 11:53:00 AM net.sf.freecol.common.util.LogBuilder log
INFO: Destroying: tileImprovement:4632
May 01, 2018 11:53:00 AM net.sf.freecol.common.util.LogBuilder log
INFO: Destroying: tileImprovement:4448
May 01, 2018 11:53:00 AM net.sf.freecol.common.util.LogBuilder log
INFO: Destroying: tileImprovement:4450
May 01, 2018 11:53:00 AM net.sf.freecol.common.util.LogBuilder log
INFO: Destroying: tileImprovement:4452
May 01, 2018 11:53:00 AM net.sf.freecol.common.util.LogBuilder log
INFO: Destroying: tileImprovement:4741
May 01, 2018 11:53:00 AM net.sf.freecol.common.util.LogBuilder log
INFO: Destroying: tileImprovement:4743
May 01, 2018 11:53:00 AM net.sf.freecol.common.util.LogBuilder log
INFO: Destroying: tileImprovement:4745
May 01, 2018 11:53:00 AM net.sf.freecol.common.util.LogBuilder log
INFO: Destroying: tileImprovement:4436
May 01, 2018 11:53:00 AM net.sf.freecol.common.util.LogBuilder log
INFO: Destroying: tileImprovement:4438
May 01, 2018 11:53:00 AM net.sf.freecol.common.util.LogBuilder log
INFO: Destroying: tileImprovement:4440
May 01, 2018 11:53:00 AM net.sf.freecol.common.util.LogBuilder log
INFO: Destroying: tileImprovement:4883
May 01, 2018 11:53:00 AM net.sf.freecol.common.util.LogBuilder log
INFO: Destroying: tileImprovement:4884
May 01, 2018 11:53:00 AM net.sf.freecol.common.util.LogBuilder log
INFO: Destroying: tileImprovement:4885
May 01, 2018 11:53:00 AM net.sf.freecol.common.util.LogBuilder log
INFO: Destroying: tileImprovement:4867
May 01, 2018 11:53:00 AM net.sf.freecol.common.util.LogBuilder log
INFO: Destroying: tileImprovement:4869
May 01, 2018 11:53:00 AM net.sf.freecol.common.util.LogBuilder log
INFO: Destroying: tileImprovement:4864
May 01, 2018 11:53:00 AM net.sf.freecol.common.util.LogBuilder log
INFO: Destroying: tileImprovement:4865
May 01, 2018 11:53:00 AM net.sf.freecol.common.util.LogBuilder log
INFO: Destroying: tileImprovement:4866
May 01, 2018 11:53:00 AM net.sf.freecol.common.util.LogBuilder log
INFO: Destroying: tileImprovement:4390
May 01, 2018 11:53:00 AM net.sf.freecol.common.util.LogBuilder log
INFO: Destroying: tileImprovement:4392
May 01, 2018 11:53:00 AM net.sf.freecol.common.util.LogBuilder log
INFO: Destroying: tileImprovement:4394
May 01, 2018 11:53:00 AM net.sf.freecol.common.util.LogBuilder log
INFO: Destroying: tileImprovement:4396
May 01, 2018 11:53:00 AM net.sf.freecol.common.util.LogBuilder log
INFO: Destroying: tileImprovement:4398
May 01, 2018 11:53:00 AM net.sf.freecol.common.util.LogBuilder log
INFO: Destroying: tileImprovement:4737
May 01, 2018 11:53:00 AM net.sf.freecol.common.util.LogBuilder log
INFO: Destroying: tileImprovement:4739
May 01, 2018 11:53:00 AM net.sf.freecol.common.model.Game addPlayer
WARNING: Game already full, but tried to add: Dom Manuel I
May 01, 2018 11:53:00 AM net.sf.freecol.common.model.Game addPlayer
WARNING: Game already full, but tried to add: Charles XI
May 01, 2018 11:53:00 AM net.sf.freecol.common.model.Game addPlayer
WARNING: Game already full, but tried to add: Frederick II
May 01, 2018 11:53:00 AM net.sf.freecol.common.model.Game addPlayer
WARNING: Game already full, but tried to add: Peter I
May 01, 2018 11:53:00 AM net.sf.freecol.common.model.LandMap <init>
INFO: Using land generator model.option.landGeneratorType.classic
May 01, 2018 11:53:00 AM net.sf.freecol.common.util.LogBuilder log
INFO: Destroying: tileImprovement:4517
May 01, 2018 11:53:00 AM net.sf.freecol.common.util.LogBuilder log
INFO: Destroying: tileImprovement:4519
May 01, 2018 11:53:00 AM net.sf.freecol.common.util.LogBuilder log
INFO: Destroying: tileImprovement:4521
May 01, 2018 11:53:00 AM net.sf.freecol.common.util.LogBuilder log
INFO: Destroying: tileImprovement:4498
May 01, 2018 11:53:00 AM net.sf.freecol.common.util.LogBuilder log
INFO: Destroying: tileImprovement:4500
May 01, 2018 11:53:00 AM net.sf.freecol.common.util.LogBuilder log
INFO: Destroying: tileImprovement:4502
May 01, 2018 11:53:00 AM net.sf.freecol.common.util.LogBuilder log
INFO: Destroying: tileImprovement:4504
May 01, 2018 11:53:00 AM net.sf.freecol.common.util.LogBuilder log
INFO: Destroying: tileImprovement:4506
May 01, 2018 11:53:00 AM net.sf.freecol.common.util.LogBuilder log
INFO: Destroying: tileImprovement:4508
May 01, 2018 11:53:00 AM net.sf.freecol.common.util.LogBuilder log
INFO: Destroying: tileImprovement:4510
May 01, 2018 11:53:00 AM net.sf.freecol.common.util.LogBuilder log
INFO: Destroying: tileImprovement:4653
May 01, 2018 11:53:00 AM net.sf.freecol.common.util.LogBuilder log
INFO: Destroying: tileImprovement:4655
May 01, 2018 11:53:00 AM net.sf.freecol.common.util.LogBuilder log
INFO: Destroying: tileImprovement:4657
May 01, 2018 11:53:00 AM net.sf.freecol.common.util.LogBuilder log
INFO: Destroying: tileImprovement:4659
May 01, 2018 11:53:00 AM net.sf.freecol.common.util.LogBuilder log
INFO: Destroying: tileImprovement:4661
May 01, 2018 11:53:00 AM net.sf.freecol.common.util.LogBuilder log
INFO: Destroying: tileImprovement:4663
May 01, 2018 11:53:00 AM net.sf.freecol.common.util.LogBuilder log
INFO: Destroying: tileImprovement:4687
May 01, 2018 11:53:00 AM net.sf.freecol.common.util.LogBuilder log
INFO: Destroying: tileImprovement:4688
May 01, 2018 11:53:00 AM net.sf.freecol.common.util.LogBuilder log
INFO: Destroying: tileImprovement:4689
May 01, 2018 11:53:00 AM net.sf.freecol.common.util.LogBuilder log
INFO: Destroying: tileImprovement:4690
May 01, 2018 11:53:00 AM net.sf.freecol.common.util.LogBuilder log
INFO: Destroying: tileImprovement:4691
May 01, 2018 11:53:00 AM net.sf.freecol.common.util.LogBuilder log
INFO: Destroying: tileImprovement:4692
May 01, 2018 11:53:00 AM net.sf.freecol.common.util.LogBuilder log
INFO: Destroying: tileImprovement:4693
May 01, 2018 11:53:00 AM net.sf.freecol.common.util.LogBuilder log
INFO: Destroying: tileImprovement:4711
May 01, 2018 11:53:00 AM net.sf.freecol.common.util.LogBuilder log
INFO: Destroying: tileImprovement:4713
May 01, 2018 11:53:00 AM net.sf.freecol.common.util.LogBuilder log
INFO: Destroying: tileImprovement:4715
May 01, 2018 11:53:00 AM net.sf.freecol.common.util.LogBuilder log
INFO: Destroying: tileImprovement:4705
May 01, 2018 11:53:00 AM net.sf.freecol.common.util.LogBuilder log
INFO: Destroying: tileImprovement:4706
May 01, 2018 11:53:00 AM net.sf.freecol.common.util.LogBuilder log
INFO: Destroying: tileImprovement:4707
May 01, 2018 11:53:00 AM net.sf.freecol.common.util.LogBuilder log
INFO: Destroying: tileImprovement:4708
May 01, 2018 11:53:00 AM net.sf.freecol.common.util.LogBuilder log
INFO: Destroying: tileImprovement:4709
May 01, 2018 11:53:00 AM net.sf.freecol.common.util.LogBuilder log
INFO: Destroying: tileImprovement:4710
May 01, 2018 11:53:00 AM net.sf.freecol.common.util.LogBuilder log
INFO: Destroying: tileImprovement:4634
May 01, 2018 11:53:00 AM net.sf.freecol.common.util.LogBuilder log
INFO: Destroying: tileImprovement:4636
May 01, 2018 11:53:00 AM net.sf.freecol.common.util.LogBuilder log
INFO: Destroying: tileImprovement:4638
May 01, 2018 11:53:00 AM net.sf.freecol.common.util.LogBuilder log
INFO: Destroying: tileImprovement:4640
May 01, 2018 11:53:00 AM net.sf.freecol.common.util.LogBuilder log
INFO: Destroying: tileImprovement:4513
May 01, 2018 11:53:00 AM net.sf.freecol.common.util.LogBuilder log
INFO: Destroying: tileImprovement:4515
May 01, 2018 11:53:00 AM net.sf.freecol.common.util.LogBuilder log
INFO: Destroying: tileImprovement:4668
May 01, 2018 11:53:00 AM net.sf.freecol.common.util.LogBuilder log
INFO: Destroying: tileImprovement:4669
May 01, 2018 11:53:00 AM net.sf.freecol.common.util.LogBuilder log
INFO: Destroying: tileImprovement:4670
May 01, 2018 11:53:00 AM net.sf.freecol.common.util.LogBuilder log
INFO: Destroying: tileImprovement:4643
May 01, 2018 11:53:00 AM net.sf.freecol.common.util.LogBuilder log
INFO: Destroying: tileImprovement:4645
May 01, 2018 11:53:00 AM net.sf.freecol.common.util.LogBuilder log
INFO: Destroying: tileImprovement:4647
May 01, 2018 11:53:00 AM net.sf.freecol.common.util.LogBuilder log
INFO: Destroying: tileImprovement:4608
May 01, 2018 11:53:00 AM net.sf.freecol.common.util.LogBuilder log
INFO: Destroying: tileImprovement:4610
May 01, 2018 11:53:00 AM net.sf.freecol.common.util.LogBuilder log
INFO: Destroying: tileImprovement:4612
May 01, 2018 11:53:00 AM net.sf.freecol.common.util.LogBuilder log
INFO: Destroying: tileImprovement:4614
May 01, 2018 11:53:00 AM net.sf.freecol.common.util.LogBuilder log
INFO: Destroying: tileImprovement:4616
May 01, 2018 11:53:00 AM net.sf.freecol.common.util.LogBuilder log
INFO: Destroying: tileImprovement:4618
May 01, 2018 11:53:00 AM net.sf.freecol.common.util.LogBuilder log
INFO: Destroying: tileImprovement:4620
May 01, 2018 11:53:00 AM net.sf.freecol.common.util.LogBuilder log
INFO: Destroying: tileImprovement:4622
May 01, 2018 11:53:00 AM net.sf.freecol.common.util.LogBuilder log
INFO: Destroying: tileImprovement:4624
May 01, 2018 11:53:00 AM net.sf.freecol.common.util.LogBuilder log
INFO: Destroying: tileImprovement:4626
May 01, 2018 11:53:00 AM net.sf.freecol.common.util.LogBuilder log
INFO: Destroying: tileImprovement:4628
May 01, 2018 11:53:00 AM net.sf.freecol.common.util.LogBuilder log
INFO: Destroying: tileImprovement:4630
May 01, 2018 11:53:00 AM net.sf.freecol.common.util.LogBuilder log
INFO: Destroying: tileImprovement:4632
May 01, 2018 11:53:00 AM net.sf.freecol.common.util.LogBuilder log
INFO: Destroying: tileImprovement:4814
May 01, 2018 11:53:00 AM net.sf.freecol.common.util.LogBuilder log
INFO: Destroying: tileImprovement:4815
May 01, 2018 11:53:00 AM net.sf.freecol.common.util.LogBuilder log
INFO: Destroying: tileImprovement:4816
May 01, 2018 11:53:00 AM net.sf.freecol.common.util.LogBuilder log
INFO: Destroying: tileImprovement:4817
May 01, 2018 11:53:00 AM net.sf.freecol.common.util.LogBuilder log
INFO: Destroying: tileImprovement:4965
May 01, 2018 11:53:00 AM net.sf.freecol.common.util.LogBuilder log
INFO: Destroying: tileImprovement:4967
May 01, 2018 11:53:00 AM net.sf.freecol.common.util.LogBuilder log
INFO: Destroying: tileImprovement:4969
May 01, 2018 11:53:00 AM net.sf.freecol.common.util.LogBuilder log
INFO: Destroying: tileImprovement:4971
May 01, 2018 11:53:00 AM net.sf.freecol.common.util.LogBuilder log
INFO: Destroying: tileImprovement:4973
May 01, 2018 11:53:00 AM net.sf.freecol.common.util.LogBuilder log
INFO: Destroying: tileImprovement:4975
May 01, 2018 11:53:00 AM net.sf.freecol.common.util.LogBuilder log
INFO: Destroying: tileImprovement:4977
May 01, 2018 11:53:00 AM net.sf.freecol.common.util.LogBuilder log
INFO: Destroying: tileImprovement:4979
May 01, 2018 11:53:00 AM net.sf.freecol.common.util.LogBuilder log
INFO: Destroying: tileImprovement:4957
May 01, 2018 11:53:00 AM net.sf.freecol.common.util.LogBuilder log
INFO: Destroying: tileImprovement:4959
May 01, 2018 11:53:00 AM net.sf.freecol.common.util.LogBuilder log
INFO: Destroying: tileImprovement:4961
May 01, 2018 11:53:00 AM net.sf.freecol.common.util.LogBuilder log
INFO: Destroying: tileImprovement:4963
May 01, 2018 11:53:00 AM net.sf.freecol.common.util.LogBuilder log
INFO: Destroying: tileImprovement:5001
May 01, 2018 11:53:00 AM net.sf.freecol.common.util.LogBuilder log
INFO: Destroying: tileImprovement:5002
May 01, 2018 11:53:00 AM net.sf.freecol.common.util.LogBuilder log
INFO: Destroying: tileImprovement:5003
May 01, 2018 11:53:00 AM net.sf.freecol.common.util.LogBuilder log
INFO: Destroying: tileImprovement:5004
May 01, 2018 11:53:00 AM net.sf.freecol.common.util.LogBuilder log
INFO: Destroying: tileImprovement:5005
May 01, 2018 11:53:00 AM net.sf.freecol.common.util.LogBuilder log
INFO: Destroying: tileImprovement:5006
May 01, 2018 11:53:00 AM net.sf.freecol.common.util.LogBuilder log
INFO: Destroying: tileImprovement:5007
May 01, 2018 11:53:00 AM net.sf.freecol.common.util.LogBuilder log
INFO: Destroying: tileImprovement:5008
May 01, 2018 11:53:00 AM net.sf.freecol.common.util.LogBuilder log
INFO: Destroying: tileImprovement:4827
May 01, 2018 11:53:00 AM net.sf.freecol.common.util.LogBuilder log
INFO: Destroying: tileImprovement:4828
May 01, 2018 11:53:00 AM net.sf.freecol.common.util.LogBuilder log
INFO: Destroying: tileImprovement:4937
May 01, 2018 11:53:00 AM net.sf.freecol.common.util.LogBuilder log
INFO: Destroying: tileImprovement:4939
May 01, 2018 11:53:00 AM net.sf.freecol.common.util.LogBuilder log
INFO: Destroying: tileImprovement:4941
May 01, 2018 11:53:00 AM net.sf.freecol.common.util.LogBuilder log
INFO: Destroying: tileImprovement:4943
May 01, 2018 11:53:00 AM net.sf.freecol.common.util.LogBuilder log
INFO: Destroying: tileImprovement:4945
May 01, 2018 11:53:00 AM net.sf.freecol.common.util.LogBuilder log
INFO: Destroying: tileImprovement:4947
May 01, 2018 11:53:00 AM net.sf.freecol.common.util.LogBuilder log
INFO: Destroying: tileImprovement:4924
May 01, 2018 11:53:00 AM net.sf.freecol.common.util.LogBuilder log
INFO: Destroying: tileImprovement:4925
May 01, 2018 11:53:00 AM net.sf.freecol.common.util.LogBuilder log
INFO: Destroying: tileImprovement:4926
May 01, 2018 11:53:00 AM net.sf.freecol.common.util.LogBuilder log
INFO: Destroying: tileImprovement:4927
May 01, 2018 11:53:00 AM net.sf.freecol.common.util.LogBuilder log
INFO: Destroying: tileImprovement:4928
May 01, 2018 11:53:00 AM net.sf.freecol.common.util.LogBuilder log
INFO: Destroying: tileImprovement:4929
May 01, 2018 11:53:00 AM net.sf.freecol.common.util.LogBuilder log
INFO: Destroying: tileImprovement:4930
May 01, 2018 11:53:00 AM net.sf.freecol.common.util.LogBuilder log
INFO: Destroying: tileImprovement:4931
May 01, 2018 11:53:00 AM net.sf.freecol.common.util.LogBuilder log
INFO: Destroying: tileImprovement:4932
May 01, 2018 11:53:00 AM net.sf.freecol.common.util.LogBuilder log
INFO: Destroying: tileImprovement:4933
May 01, 2018 11:53:00 AM net.sf.freecol.common.util.LogBuilder log
INFO: Destroying: tileImprovement:4934
May 01, 2018 11:53:00 AM net.sf.freecol.common.util.LogBuilder log
INFO: Destroying: tileImprovement:4935
May 01, 2018 11:53:00 AM net.sf.freecol.common.util.LogBuilder log
INFO: Destroying: tileImprovement:4936
May 01, 2018 11:53:00 AM net.sf.freecol.common.util.LogBuilder log
INFO: Destroying: tileImprovement:4752
May 01, 2018 11:53:00 AM net.sf.freecol.common.util.LogBuilder log
INFO: Destroying: tileImprovement:4754
May 01, 2018 11:53:00 AM net.sf.freecol.common.util.LogBuilder log
INFO: Destroying: tileImprovement:4756
May 01, 2018 11:53:00 AM net.sf.freecol.common.util.LogBuilder log
INFO: Destroying: tileImprovement:5045
May 01, 2018 11:53:00 AM net.sf.freecol.common.util.LogBuilder log
INFO: Destroying: tileImprovement:5047
May 01, 2018 11:53:00 AM net.sf.freecol.common.util.LogBuilder log
INFO: Destroying: tileImprovement:5049
May 01, 2018 11:53:00 AM net.sf.freecol.common.util.LogBuilder log
INFO: Destroying: tileImprovement:4740
May 01, 2018 11:53:00 AM net.sf.freecol.common.util.LogBuilder log
INFO: Destroying: tileImprovement:4742
May 01, 2018 11:53:00 AM net.sf.freecol.common.util.LogBuilder log
INFO: Destroying: tileImprovement:4744
May 01, 2018 11:53:00 AM net.sf.freecol.common.util.LogBuilder log
INFO: Destroying: tileImprovement:5187
May 01, 2018 11:53:00 AM net.sf.freecol.common.util.LogBuilder log
INFO: Destroying: tileImprovement:5188
May 01, 2018 11:53:00 AM net.sf.freecol.common.util.LogBuilder log
INFO: Destroying: tileImprovement:5189
May 01, 2018 11:53:00 AM net.sf.freecol.common.util.LogBuilder log
INFO: Destroying: tileImprovement:5171
May 01, 2018 11:53:00 AM net.sf.freecol.common.util.LogBuilder log
INFO: Destroying: tileImprovement:5173
May 01, 2018 11:53:00 AM net.sf.freecol.common.util.LogBuilder log
INFO: Destroying: tileImprovement:5168
May 01, 2018 11:53:00 AM net.sf.freecol.common.util.LogBuilder log
INFO: Destroying: tileImprovement:5169
May 01, 2018 11:53:00 AM net.sf.freecol.common.util.LogBuilder log
INFO: Destroying: tileImprovement:5170
May 01, 2018 11:53:00 AM net.sf.freecol.common.util.LogBuilder log
INFO: Destroying: tileImprovement:4694
May 01, 2018 11:53:00 AM net.sf.freecol.common.util.LogBuilder log
INFO: Destroying: tileImprovement:4696
May 01, 2018 11:53:00 AM net.sf.freecol.common.util.LogBuilder log
INFO: Destroying: tileImprovement:4698
May 01, 2018 11:53:00 AM net.sf.freecol.common.util.LogBuilder log
INFO: Destroying: tileImprovement:4700
May 01, 2018 11:53:00 AM net.sf.freecol.common.util.LogBuilder log
INFO: Destroying: tileImprovement:4702
May 01, 2018 11:53:00 AM net.sf.freecol.common.util.LogBuilder log
INFO: Destroying: tileImprovement:5041
May 01, 2018 11:53:00 AM net.sf.freecol.common.util.LogBuilder log
INFO: Destroying: tileImprovement:5043
May 01, 2018 11:53:00 AM net.sf.freecol.common.model.Game addPlayer
WARNING: Game already full, but tried to add: Dom Manuel I
May 01, 2018 11:53:00 AM net.sf.freecol.common.model.Game addPlayer
WARNING: Game already full, but tried to add: Charles XI
May 01, 2018 11:53:00 AM net.sf.freecol.common.model.Game addPlayer
WARNING: Game already full, but tried to add: Frederick II
May 01, 2018 11:53:00 AM net.sf.freecol.common.model.Game addPlayer
WARNING: Game already full, but tried to add: Peter I
May 01, 2018 11:53:00 AM net.sf.freecol.common.model.LandMap <init>
INFO: Using land generator model.option.landGeneratorType.classic
May 01, 2018 11:53:00 AM net.sf.freecol.common.util.LogBuilder log
INFO: Destroying: tileImprovement:4517
May 01, 2018 11:53:00 AM net.sf.freecol.common.util.LogBuilder log
INFO: Destroying: tileImprovement:4519
May 01, 2018 11:53:00 AM net.sf.freecol.common.util.LogBuilder log
INFO: Destroying: tileImprovement:4521
May 01, 2018 11:53:00 AM net.sf.freecol.common.util.LogBuilder log
INFO: Destroying: tileImprovement:4498
May 01, 2018 11:53:00 AM net.sf.freecol.common.util.LogBuilder log
INFO: Destroying: tileImprovement:4500
May 01, 2018 11:53:00 AM net.sf.freecol.common.util.LogBuilder log
INFO: Destroying: tileImprovement:4502
May 01, 2018 11:53:00 AM net.sf.freecol.common.util.LogBuilder log
INFO: Destroying: tileImprovement:4504
May 01, 2018 11:53:00 AM net.sf.freecol.common.util.LogBuilder log
INFO: Destroying: tileImprovement:4506
May 01, 2018 11:53:00 AM net.sf.freecol.common.util.LogBuilder log
INFO: Destroying: tileImprovement:4508
May 01, 2018 11:53:00 AM net.sf.freecol.common.util.LogBuilder log
INFO: Destroying: tileImprovement:4510
May 01, 2018 11:53:00 AM net.sf.freecol.common.util.LogBuilder log
INFO: Destroying: tileImprovement:4653
May 01, 2018 11:53:00 AM net.sf.freecol.common.util.LogBuilder log
INFO: Destroying: tileImprovement:4655
May 01, 2018 11:53:00 AM net.sf.freecol.common.util.LogBuilder log
INFO: Destroying: tileImprovement:4657
May 01, 2018 11:53:00 AM net.sf.freecol.common.util.LogBuilder log
INFO: Destroying: tileImprovement:4659
May 01, 2018 11:53:00 AM net.sf.freecol.common.util.LogBuilder log
INFO: Destroying: tileImprovement:4661
May 01, 2018 11:53:00 AM net.sf.freecol.common.util.LogBuilder log
INFO: Destroying: tileImprovement:4663
May 01, 2018 11:53:00 AM net.sf.freecol.common.util.LogBuilder log
INFO: Destroying: tileImprovement:4687
May 01, 2018 11:53:00 AM net.sf.freecol.common.util.LogBuilder log
INFO: Destroying: tileImprovement:4688
May 01, 2018 11:53:00 AM net.sf.freecol.common.util.LogBuilder log
INFO: Destroying: tileImprovement:4689
May 01, 2018 11:53:00 AM net.sf.freecol.common.util.LogBuilder log
INFO: Destroying: tileImprovement:4690
May 01, 2018 11:53:00 AM net.sf.freecol.common.util.LogBuilder log
INFO: Destroying: tileImprovement:4691
May 01, 2018 11:53:00 AM net.sf.freecol.common.util.LogBuilder log
INFO: Destroying: tileImprovement:4692
May 01, 2018 11:53:00 AM net.sf.freecol.common.util.LogBuilder log
INFO: Destroying: tileImprovement:4693
May 01, 2018 11:53:00 AM net.sf.freecol.common.util.LogBuilder log
INFO: Destroying: tileImprovement:4711
May 01, 2018 11:53:00 AM net.sf.freecol.common.util.LogBuilder log
INFO: Destroying: tileImprovement:4713
May 01, 2018 11:53:00 AM net.sf.freecol.common.util.LogBuilder log
INFO: Destroying: tileImprovement:4715
May 01, 2018 11:53:00 AM net.sf.freecol.common.util.LogBuilder log
INFO: Destroying: tileImprovement:4705
May 01, 2018 11:53:00 AM net.sf.freecol.common.util.LogBuilder log
INFO: Destroying: tileImprovement:4706
May 01, 2018 11:53:00 AM net.sf.freecol.common.util.LogBuilder log
INFO: Destroying: tileImprovement:4707
May 01, 2018 11:53:00 AM net.sf.freecol.common.util.LogBuilder log
INFO: Destroying: tileImprovement:4708
May 01, 2018 11:53:00 AM net.sf.freecol.common.util.LogBuilder log
INFO: Destroying: tileImprovement:4709
May 01, 2018 11:53:00 AM net.sf.freecol.common.util.LogBuilder log
INFO: Destroying: tileImprovement:4710
May 01, 2018 11:53:00 AM net.sf.freecol.common.util.LogBuilder log
INFO: Destroying: tileImprovement:4634
May 01, 2018 11:53:00 AM net.sf.freecol.common.util.LogBuilder log
INFO: Destroying: tileImprovement:4636
May 01, 2018 11:53:00 AM net.sf.freecol.common.util.LogBuilder log
INFO: Destroying: tileImprovement:4638
May 01, 2018 11:53:00 AM net.sf.freecol.common.util.LogBuilder log
INFO: Destroying: tileImprovement:4640
May 01, 2018 11:53:00 AM net.sf.freecol.common.util.LogBuilder log
INFO: Destroying: tileImprovement:4513
May 01, 2018 11:53:00 AM net.sf.freecol.common.util.LogBuilder log
INFO: Destroying: tileImprovement:4515
May 01, 2018 11:53:00 AM net.sf.freecol.common.util.LogBuilder log
INFO: Destroying: tileImprovement:4668
May 01, 2018 11:53:00 AM net.sf.freecol.common.util.LogBuilder log
INFO: Destroying: tileImprovement:4669
May 01, 2018 11:53:00 AM net.sf.freecol.common.util.LogBuilder log
INFO: Destroying: tileImprovement:4670
May 01, 2018 11:53:00 AM net.sf.freecol.common.util.LogBuilder log
INFO: Destroying: tileImprovement:4643
May 01, 2018 11:53:00 AM net.sf.freecol.common.util.LogBuilder log
INFO: Destroying: tileImprovement:4645
May 01, 2018 11:53:00 AM net.sf.freecol.common.util.LogBuilder log
INFO: Destroying: tileImprovement:4647
May 01, 2018 11:53:00 AM net.sf.freecol.common.util.LogBuilder log
INFO: Destroying: tileImprovement:4608
May 01, 2018 11:53:00 AM net.sf.freecol.common.util.LogBuilder log
INFO: Destroying: tileImprovement:4610
May 01, 2018 11:53:00 AM net.sf.freecol.common.util.LogBuilder log
INFO: Destroying: tileImprovement:4612
May 01, 2018 11:53:00 AM net.sf.freecol.common.util.LogBuilder log
INFO: Destroying: tileImprovement:4614
May 01, 2018 11:53:00 AM net.sf.freecol.common.util.LogBuilder log
INFO: Destroying: tileImprovement:4616
May 01, 2018 11:53:00 AM net.sf.freecol.common.util.LogBuilder log
INFO: Destroying: tileImprovement:4618
May 01, 2018 11:53:00 AM net.sf.freecol.common.util.LogBuilder log
INFO: Destroying: tileImprovement:4620
May 01, 2018 11:53:00 AM net.sf.freecol.common.util.LogBuilder log
INFO: Destroying: tileImprovement:4622
May 01, 2018 11:53:00 AM net.sf.freecol.common.util.LogBuilder log
INFO: Destroying: tileImprovement:4624
May 01, 2018 11:53:00 AM net.sf.freecol.common.util.LogBuilder log
INFO: Destroying: tileImprovement:4626
May 01, 2018 11:53:00 AM net.sf.freecol.common.util.LogBuilder log
INFO: Destroying: tileImprovement:4628
May 01, 2018 11:53:00 AM net.sf.freecol.common.util.LogBuilder log
INFO: Destroying: tileImprovement:4630
May 01, 2018 11:53:00 AM net.sf.freecol.common.util.LogBuilder log
INFO: Destroying: tileImprovement:4632
May 01, 2018 11:53:00 AM net.sf.freecol.common.util.LogBuilder log
INFO: Destroying: tileImprovement:4814
May 01, 2018 11:53:00 AM net.sf.freecol.common.util.LogBuilder log
INFO: Destroying: tileImprovement:4815
May 01, 2018 11:53:00 AM net.sf.freecol.common.util.LogBuilder log
INFO: Destroying: tileImprovement:4816
May 01, 2018 11:53:00 AM net.sf.freecol.common.util.LogBuilder log
INFO: Destroying: tileImprovement:4817
May 01, 2018 11:53:00 AM net.sf.freecol.common.util.LogBuilder log
INFO: Destroying: tileImprovement:4965
May 01, 2018 11:53:00 AM net.sf.freecol.common.util.LogBuilder log
INFO: Destroying: tileImprovement:4967
May 01, 2018 11:53:00 AM net.sf.freecol.common.util.LogBuilder log
INFO: Destroying: tileImprovement:4969
May 01, 2018 11:53:00 AM net.sf.freecol.common.util.LogBuilder log
INFO: Destroying: tileImprovement:4971
May 01, 2018 11:53:00 AM net.sf.freecol.common.util.LogBuilder log
INFO: Destroying: tileImprovement:4973
May 01, 2018 11:53:00 AM net.sf.freecol.common.util.LogBuilder log
INFO: Destroying: tileImprovement:4975
May 01, 2018 11:53:00 AM net.sf.freecol.common.util.LogBuilder log
INFO: Destroying: tileImprovement:4977
May 01, 2018 11:53:00 AM net.sf.freecol.common.util.LogBuilder log
INFO: Destroying: tileImprovement:4979
May 01, 2018 11:53:00 AM net.sf.freecol.common.util.LogBuilder log
INFO: Destroying: tileImprovement:4957
May 01, 2018 11:53:00 AM net.sf.freecol.common.util.LogBuilder log
INFO: Destroying: tileImprovement:4959
May 01, 2018 11:53:00 AM net.sf.freecol.common.util.LogBuilder log
INFO: Destroying: tileImprovement:4961
May 01, 2018 11:53:00 AM net.sf.freecol.common.util.LogBuilder log
INFO: Destroying: tileImprovement:4963
May 01, 2018 11:53:00 AM net.sf.freecol.common.util.LogBuilder log
INFO: Destroying: tileImprovement:5001
May 01, 2018 11:53:00 AM net.sf.freecol.common.util.LogBuilder log
INFO: Destroying: tileImprovement:5002
May 01, 2018 11:53:00 AM net.sf.freecol.common.util.LogBuilder log
INFO: Destroying: tileImprovement:5003
May 01, 2018 11:53:00 AM net.sf.freecol.common.util.LogBuilder log
INFO: Destroying: tileImprovement:5004
May 01, 2018 11:53:00 AM net.sf.freecol.common.util.LogBuilder log
INFO: Destroying: tileImprovement:5005
May 01, 2018 11:53:00 AM net.sf.freecol.common.util.LogBuilder log
INFO: Destroying: tileImprovement:5006
May 01, 2018 11:53:00 AM net.sf.freecol.common.util.LogBuilder log
INFO: Destroying: tileImprovement:5007
May 01, 2018 11:53:00 AM net.sf.freecol.common.util.LogBuilder log
INFO: Destroying: tileImprovement:5008
May 01, 2018 11:53:00 AM net.sf.freecol.common.util.LogBuilder log
INFO: Destroying: tileImprovement:4827
May 01, 2018 11:53:00 AM net.sf.freecol.common.util.LogBuilder log
INFO: Destroying: tileImprovement:4828
May 01, 2018 11:53:00 AM net.sf.freecol.common.util.LogBuilder log
INFO: Destroying: tileImprovement:4937
May 01, 2018 11:53:00 AM net.sf.freecol.common.util.LogBuilder log
INFO: Destroying: tileImprovement:4939
May 01, 2018 11:53:00 AM net.sf.freecol.common.util.LogBuilder log
INFO: Destroying: tileImprovement:4941
May 01, 2018 11:53:00 AM net.sf.freecol.common.util.LogBuilder log
INFO: Destroying: tileImprovement:4943
May 01, 2018 11:53:00 AM net.sf.freecol.common.util.LogBuilder log
INFO: Destroying: tileImprovement:4945
May 01, 2018 11:53:00 AM net.sf.freecol.common.util.LogBuilder log
INFO: Destroying: tileImprovement:4947
May 01, 2018 11:53:00 AM net.sf.freecol.common.util.LogBuilder log
INFO: Destroying: tileImprovement:4924
May 01, 2018 11:53:00 AM net.sf.freecol.common.util.LogBuilder log
INFO: Destroying: tileImprovement:4925
May 01, 2018 11:53:00 AM net.sf.freecol.common.util.LogBuilder log
INFO: Destroying: tileImprovement:4926
May 01, 2018 11:53:00 AM net.sf.freecol.common.util.LogBuilder log
INFO: Destroying: tileImprovement:4927
May 01, 2018 11:53:00 AM net.sf.freecol.common.util.LogBuilder log
INFO: Destroying: tileImprovement:4928
May 01, 2018 11:53:00 AM net.sf.freecol.common.util.LogBuilder log
INFO: Destroying: tileImprovement:4929
May 01, 2018 11:53:00 AM net.sf.freecol.common.util.LogBuilder log
INFO: Destroying: tileImprovement:4930
May 01, 2018 11:53:00 AM net.sf.freecol.common.util.LogBuilder log
INFO: Destroying: tileImprovement:4931
May 01, 2018 11:53:00 AM net.sf.freecol.common.util.LogBuilder log
INFO: Destroying: tileImprovement:4932
May 01, 2018 11:53:00 AM net.sf.freecol.common.util.LogBuilder log
INFO: Destroying: tileImprovement:4933
May 01, 2018 11:53:00 AM net.sf.freecol.common.util.LogBuilder log
INFO: Destroying: tileImprovement:4934
May 01, 2018 11:53:00 AM net.sf.freecol.common.util.LogBuilder log
INFO: Destroying: tileImprovement:4935
May 01, 2018 11:53:00 AM net.sf.freecol.common.util.LogBuilder log
INFO: Destroying: tileImprovement:4936
May 01, 2018 11:53:00 AM net.sf.freecol.common.util.LogBuilder log
INFO: Destroying: tileImprovement:4752
May 01, 2018 11:53:00 AM net.sf.freecol.common.util.LogBuilder log
INFO: Destroying: tileImprovement:4754
May 01, 2018 11:53:00 AM net.sf.freecol.common.util.LogBuilder log
INFO: Destroying: tileImprovement:4756
May 01, 2018 11:53:00 AM net.sf.freecol.common.util.LogBuilder log
INFO: Destroying: tileImprovement:5045
May 01, 2018 11:53:00 AM net.sf.freecol.common.util.LogBuilder log
INFO: Destroying: tileImprovement:5047
May 01, 2018 11:53:00 AM net.sf.freecol.common.util.LogBuilder log
INFO: Destroying: tileImprovement:5049
May 01, 2018 11:53:00 AM net.sf.freecol.common.util.LogBuilder log
INFO: Destroying: tileImprovement:4740
May 01, 2018 11:53:00 AM net.sf.freecol.common.util.LogBuilder log
INFO: Destroying: tileImprovement:4742
May 01, 2018 11:53:00 AM net.sf.freecol.common.util.LogBuilder log
INFO: Destroying: tileImprovement:4744
May 01, 2018 11:53:00 AM net.sf.freecol.common.util.LogBuilder log
INFO: Destroying: tileImprovement:5187
May 01, 2018 11:53:00 AM net.sf.freecol.common.util.LogBuilder log
INFO: Destroying: tileImprovement:5188
May 01, 2018 11:53:00 AM net.sf.freecol.common.util.LogBuilder log
INFO: Destroying: tileImprovement:5189
May 01, 2018 11:53:00 AM net.sf.freecol.common.util.LogBuilder log
INFO: Destroying: tileImprovement:5171
May 01, 2018 11:53:00 AM net.sf.freecol.common.util.LogBuilder log
INFO: Destroying: tileImprovement:5173
May 01, 2018 11:53:00 AM net.sf.freecol.common.util.LogBuilder log
INFO: Destroying: tileImprovement:5168
May 01, 2018 11:53:00 AM net.sf.freecol.common.util.LogBuilder log
INFO: Destroying: tileImprovement:5169
May 01, 2018 11:53:00 AM net.sf.freecol.common.util.LogBuilder log
INFO: Destroying: tileImprovement:5170
May 01, 2018 11:53:00 AM net.sf.freecol.common.util.LogBuilder log
INFO: Destroying: tileImprovement:4694
May 01, 2018 11:53:00 AM net.sf.freecol.common.util.LogBuilder log
INFO: Destroying: tileImprovement:4696
May 01, 2018 11:53:00 AM net.sf.freecol.common.util.LogBuilder log
INFO: Destroying: tileImprovement:4698
May 01, 2018 11:53:00 AM net.sf.freecol.common.util.LogBuilder log
INFO: Destroying: tileImprovement:4700
May 01, 2018 11:53:00 AM net.sf.freecol.common.util.LogBuilder log
INFO: Destroying: tileImprovement:4702
May 01, 2018 11:53:00 AM net.sf.freecol.common.util.LogBuilder log
INFO: Destroying: tileImprovement:5041
May 01, 2018 11:53:00 AM net.sf.freecol.common.util.LogBuilder log
INFO: Destroying: tileImprovement:5043
]]></system-err>
</testsuite>
